Verifying sbp2port_irqldispatch_1.bpl.bpl
Corral program verifier version 1.0.0.0
http://localhost:5002/
1 => changing to UW
1 => 3 iterations changed to => 2
1 => Popped From Local Stack
1 => 3 2
1 => changing to OR
1 => changing to UW
1 => changing to OR
1 => changing to UW
1 => changing to OR
1 => changing to UW
1 => changing to OR
1 => changing to UW
1 => changing to OR
1 => changing to UW
1 => changing to OR
1 => changing to UW
1 => changing to OR
1 => 34 iterations changed to => 33
1 => Popped From Local Stack
1 => 45 33
1 => changing to UW
1 => changing to OR
1 => 39 iterations changed to => 38
1 => Popped From Local Stack
1 => 56 38
1 => changing to UW
1 => changing to OR
1 => changing to UW
1 => changing to OR
1 => changing to UW
1 => changing to OR
1 => changing to UW
1 => changing to OR
1 => 63 iterations changed to => 59
1 => Popped From Local Stack
1 => 100 62
1 => 64 iterations changed to => 63
1 => Popped From Local Stack
1 => 110 66
1 => 64 iterations changed to => 56
1 => Popped From Local Stack
1 => 112 66
1 => 57 iterations changed to => 50
1 => Popped From Local Stack
1 => 114 66
1 => 53 iterations changed to => 46
1 => Popped From Local Stack
1 => 120 68
1 => changing to UW
1 => changing to OR
1 => 98 iterations changed to => 96
1 => Popped From Local Stack
1 => 223 119
1 => 101 iterations changed to => 100
1 => Popped From Local Stack
1 => 233 123
1 => 106 iterations changed to => 105
1 => Popped From Local Stack
1 => 245 128
1 => 107 iterations changed to => 91
1 => Popped From Local Stack
1 => 249 129
1 => 92 iterations changed to => 86
1 => Popped From Local Stack
1 => 251 129
1 => 87 iterations changed to => 81
1 => Popped From Local Stack
1 => 253 129
1 => 82 iterations changed to => 76
1 => Popped From Local Stack
1 => 255 129
1 => 114 iterations changed to => 113
1 => Popped From Local Stack
1 => 331 166
1 => 129 iterations changed to => 128
1 => Popped From Local Stack
1 => 363 181
1 => 130 iterations changed to => 123
1 => Popped From Local Stack
1 => 367 182
1 => 124 iterations changed to => 118
1 => Popped From Local Stack
1 => 369 182
1 => 119 iterations changed to => 107
1 => Popped From Local Stack
1 => 371 182
1 => 108 iterations changed to => 101
1 => Popped From Local Stack
1 => 373 182
1 => 104 iterations changed to => 103
1 => Popped From Local Stack
1 => 379 184
1 => 133 iterations changed to => 132
1 => Popped From Local Stack
1 => 439 213
1 => 157 iterations changed to => 156
1 => Popped From Local Stack
1 => 489 237
1 => 158 iterations changed to => 151
1 => Popped From Local Stack
1 => 493 238
1 => 152 iterations changed to => 146
1 => Popped From Local Stack
1 => 495 238
1 => 147 iterations changed to => 141
1 => Popped From Local Stack
1 => 497 238
1 => 142 iterations changed to => 136
1 => Popped From Local Stack
1 => 499 238
1 => 146 iterations changed to => 145
1 => Popped From Local Stack
1 => 519 247
1 => 157 iterations changed to => 154
1 => Popped From Local Stack
1 => 543 258
1 => 155 iterations changed to => 150
1 => Popped From Local Stack
1 => 545 258
1 => 157 iterations changed to => 155
1 => Popped From Local Stack
1 => 559 264
1 => 156 iterations changed to => 151
1 => Popped From Local Stack
1 => 561 264
1 => 152 iterations changed to => 142
1 => Popped From Local Stack
1 => 563 264
1 => 143 iterations changed to => 138
1 => Popped From Local Stack
1 => 565 264
1 => 140 iterations changed to => 139
1 => Popped From Local Stack
1 => 569 265
1 => 141 iterations changed to => 128
1 => Popped From Local Stack
1 => 573 266
1 => 131 iterations changed to => 130
1 => Popped From Local Stack
1 => 579 268
1 => 135 iterations changed to => 134
1 => Popped From Local Stack
1 => 589 272
1 => 138 iterations changed to => 137
1 => Popped From Local Stack
1 => 597 275
1 => 140 iterations changed to => 139
1 => Popped From Local Stack
1 => 603 277
1 => 141 iterations changed to => 124
1 => Popped From Local Stack
1 => 607 278
1 => 126 iterations changed to => 125
1 => Popped From Local Stack
1 => 611 279
1 => 130 iterations changed to => 129
1 => Popped From Local Stack
1 => 621 283
1 => 133 iterations changed to => 132
1 => Popped From Local Stack
1 => 629 286
1 => 136 iterations changed to => 135
1 => Popped From Local Stack
1 => 637 289
1 => 137 iterations changed to => 120
1 => Popped From Local Stack
1 => 641 290
1 => 122 iterations changed to => 121
1 => Popped From Local Stack
1 => 645 291
1 => 126 iterations changed to => 125
1 => Popped From Local Stack
1 => 655 295
1 => 129 iterations changed to => 128
1 => Popped From Local Stack
1 => 663 298
1 => 133 iterations changed to => 131
1 => Popped From Local Stack
1 => 673 302
1 => 132 iterations changed to => 115
1 => Popped From Local Stack
1 => 675 302
1 => 116 iterations changed to => 109
1 => Popped From Local Stack
1 => 677 302
1 => 112 iterations changed to => 111
1 => Popped From Local Stack
1 => 683 304
1 => 155 iterations changed to => 154
1 => Popped From Local Stack
1 => 771 347
1 => 157 iterations changed to => 150
1 => Popped From Local Stack
1 => 777 349
1 => 153 iterations changed to => 152
1 => Popped From Local Stack
1 => 783 351
1 => 157 iterations changed to => 156
1 => Popped From Local Stack
1 => 793 355
1 => 157 iterations changed to => 145
1 => Popped From Local Stack
1 => 795 355
1 => 146 iterations changed to => 140
1 => Popped From Local Stack
1 => 797 355
1 => 141 iterations changed to => 135
1 => Popped From Local Stack
1 => 799 355
1 => 155 iterations changed to => 154
1 => Popped From Local Stack
1 => 839 374
1 => 157 iterations changed to => 150
1 => Popped From Local Stack
1 => 845 376
1 => 151 iterations changed to => 145
1 => Popped From Local Stack
1 => 847 376
1 => 146 iterations changed to => 143
1 => Popped From Local Stack
1 => 849 376
1 => 152 iterations changed to => 151
1 => Popped From Local Stack
1 => 867 384
1 => 157 iterations changed to => 154
1 => Popped From Local Stack
1 => 879 389
1 => 155 iterations changed to => 147
1 => Popped From Local Stack
1 => 881 389
1 => 148 iterations changed to => 144
1 => Popped From Local Stack
1 => 883 389
1 => 145 iterations changed to => 139
1 => Popped From Local Stack
1 => 885 389
1 => 145 iterations changed to => 144
1 => Popped From Local Stack
1 => 897 394
1 => 151 iterations changed to => 150
1 => Popped From Local Stack
1 => 911 400
1 => 151 iterations changed to => 146
1 => Popped From Local Stack
1 => 913 400
1 => 147 iterations changed to => 140
1 => Popped From Local Stack
1 => 915 400
1 => 145 iterations changed to => 141
1 => Popped From Local Stack
1 => 925 404
1 => 148 iterations changed to => 146
1 => Popped From Local Stack
1 => 939 410
1 => 147 iterations changed to => 142
1 => Popped From Local Stack
1 => 941 410
1 => 143 iterations changed to => 136
1 => Popped From Local Stack
1 => 943 410
1 => 137 iterations changed to => 131
1 => Popped From Local Stack
1 => 945 410
1 => 132 iterations changed to => 127
1 => Popped From Local Stack
1 => 947 410
1 => 128 iterations changed to => 123
1 => Popped From Local Stack
1 => 949 410
1 => 125 iterations changed to => 124
1 => Popped From Local Stack
1 => 953 411
1 => 126 iterations changed to => 119
1 => Popped From Local Stack
1 => 957 412
1 => 121 iterations changed to => 120
1 => Popped From Local Stack
1 => 961 413
1 => 125 iterations changed to => 124
1 => Popped From Local Stack
1 => 971 417
1 => 131 iterations changed to => 130
1 => Popped From Local Stack
1 => 985 423
1 => 132 iterations changed to => 127
1 => Popped From Local Stack
1 => 989 424
1 => 129 iterations changed to => 128
1 => Popped From Local Stack
1 => 993 425
1 => 131 iterations changed to => 130
1 => Popped From Local Stack
1 => 999 427
1 => 132 iterations changed to => 115
1 => Popped From Local Stack
1 => 1003 428
1 => 117 iterations changed to => 116
1 => Popped From Local Stack
1 => 1007 429
1 => 125 iterations changed to => 124
1 => Popped From Local Stack
1 => 1025 437
1 => 128 iterations changed to => 126
1 => Popped From Local Stack
1 => 1033 440
1 => 127 iterations changed to => 120
1 => Popped From Local Stack
1 => 1035 440
1 => 121 iterations changed to => 95
1 => Popped From Local Stack
1 => 1037 440
1 => 96 iterations changed to => 89
1 => Popped From Local Stack
1 => 1039 440
1 => 90 iterations changed to => 84
1 => Popped From Local Stack
1 => 1041 440
1 => 85 iterations changed to => 79
1 => Popped From Local Stack
1 => 1043 440
1 => 80 iterations changed to => 71
1 => Popped From Local Stack
1 => 1045 440
1 => 72 iterations changed to => 67
1 => Popped From Local Stack
1 => 1047 440
1 => 68 iterations changed to => 63
1 => Popped From Local Stack
1 => 1049 440
1 => 64 iterations changed to => 59
1 => Popped From Local Stack
1 => 1051 440
1 => changing to UW
1 => changing to OR
1 => 77 iterations changed to => 76
1 => Popped From Local Stack
1 => 1086 457
1 => 111 iterations changed to => 110
1 => Popped From Local Stack
1 => 1156 491
1 => 151 iterations changed to => 150
1 => Popped From Local Stack
1 => 1238 531
1 => 159 iterations changed to => 158
1 => Popped From Local Stack
1 => 1256 539
1 => 162 iterations changed to => 161
1 => Popped From Local Stack
1 => 1264 542
1 => 164 iterations changed to => 154
1 => Popped From Local Stack
1 => 1270 544
1 => 155 iterations changed to => 145
1 => Popped From Local Stack
1 => 1272 544
1 => 146 iterations changed to => 140
1 => Popped From Local Stack
1 => 1274 544
1 => 141 iterations changed to => 135
1 => Popped From Local Stack
1 => 1276 544
1 => 137 iterations changed to => 136
1 => Popped From Local Stack
1 => 1280 545
1 => 163 iterations changed to => 162
1 => Popped From Local Stack
1 => 1334 571
1 => 190 iterations changed to => 189
1 => Popped From Local Stack
1 => 1390 598
1 => 191 iterations changed to => 184
1 => Popped From Local Stack
1 => 1394 599
1 => 185 iterations changed to => 179
1 => Popped From Local Stack
1 => 1396 599
1 => 180 iterations changed to => 174
1 => Popped From Local Stack
1 => 1398 599
1 => 175 iterations changed to => 169
1 => Popped From Local Stack
1 => 1400 599
1 => 179 iterations changed to => 178
1 => Popped From Local Stack
1 => 1420 608
1 => 179 iterations changed to => 174
1 => Popped From Local Stack
1 => 1422 608
1 => 175 iterations changed to => 170
1 => Popped From Local Stack
1 => 1424 608
1 => 171 iterations changed to => 165
1 => Popped From Local Stack
1 => 1426 608
1 => 167 iterations changed to => 166
1 => Popped From Local Stack
1 => 1430 609
1 => 178 iterations changed to => 175
1 => Popped From Local Stack
1 => 1454 620
1 => 176 iterations changed to => 171
1 => Popped From Local Stack
1 => 1456 620
1 => 173 iterations changed to => 172
1 => Popped From Local Stack
1 => 1460 621
1 => 174 iterations changed to => 158
1 => Popped From Local Stack
1 => 1464 622
1 => 160 iterations changed to => 159
1 => Popped From Local Stack
1 => 1468 623
1 => 164 iterations changed to => 163
1 => Popped From Local Stack
1 => 1478 627
1 => 167 iterations changed to => 166
1 => Popped From Local Stack
1 => 1486 630
1 => 170 iterations changed to => 169
1 => Popped From Local Stack
1 => 1494 633
1 => 171 iterations changed to => 154
1 => Popped From Local Stack
1 => 1498 634
1 => 156 iterations changed to => 155
1 => Popped From Local Stack
1 => 1502 635
1 => 164 iterations changed to => 163
1 => Popped From Local Stack
1 => 1520 643
1 => 167 iterations changed to => 166
1 => Popped From Local Stack
1 => 1528 646
1 => 167 iterations changed to => 159
1 => Popped From Local Stack
1 => 1530 646
1 => 160 iterations changed to => 150
1 => Popped From Local Stack
1 => 1532 646
1 => 152 iterations changed to => 151
1 => Popped From Local Stack
1 => 1536 647
1 => 156 iterations changed to => 155
1 => Popped From Local Stack
1 => 1546 651
1 => 162 iterations changed to => 161
1 => Popped From Local Stack
1 => 1560 657
1 => 163 iterations changed to => 158
1 => Popped From Local Stack
1 => 1564 658
1 => 159 iterations changed to => 146
1 => Popped From Local Stack
1 => 1566 658
1 => 147 iterations changed to => 141
1 => Popped From Local Stack
1 => 1568 658
1 => 143 iterations changed to => 142
1 => Popped From Local Stack
1 => 1572 659
1 => 191 iterations changed to => 190
1 => Popped From Local Stack
1 => 1670 707
1 => 196 iterations changed to => 194
1 => Popped From Local Stack
1 => 1682 712
1 => 196 iterations changed to => 195
1 => Popped From Local Stack
1 => 1686 713
1 => 196 iterations changed to => 186
1 => Popped From Local Stack
1 => 1688 713
1 => 187 iterations changed to => 182
1 => Popped From Local Stack
1 => 1690 713
1 => 183 iterations changed to => 178
1 => Popped From Local Stack
1 => 1692 713
1 => 179 iterations changed to => 174
1 => Popped From Local Stack
1 => 1694 713
1 => 185 iterations changed to => 184
1 => Popped From Local Stack
1 => 1716 723
1 => 191 iterations changed to => 190
1 => Popped From Local Stack
1 => 1730 729
1 => 191 iterations changed to => 187
1 => Popped From Local Stack
1 => 1732 729
1 => 191 iterations changed to => 189
1 => Popped From Local Stack
1 => 1740 732
1 => 190 iterations changed to => 180
1 => Popped From Local Stack
1 => 1742 732
1 => 181 iterations changed to => 178
1 => Popped From Local Stack
1 => 1744 732
1 => 179 iterations changed to => 175
1 => Popped From Local Stack
1 => 1746 732
1 => 176 iterations changed to => 171
1 => Popped From Local Stack
1 => 1748 732
1 => 173 iterations changed to => 172
1 => Popped From Local Stack
1 => 1752 733
1 => 184 iterations changed to => 183
1 => Popped From Local Stack
1 => 1776 744
1 => 185 iterations changed to => 180
1 => Popped From Local Stack
1 => 1780 745
1 => 181 iterations changed to => 178
1 => Popped From Local Stack
1 => 1782 745
1 => 179 iterations changed to => 175
1 => Popped From Local Stack
1 => 1784 745
1 => 176 iterations changed to => 168
1 => Popped From Local Stack
1 => 1786 745
1 => 191 iterations changed to => 189
1 => Popped From Local Stack
1 => 1832 767
1 => 190 iterations changed to => 185
1 => Popped From Local Stack
1 => 1834 767
1 => 186 iterations changed to => 181
1 => Popped From Local Stack
1 => 1836 767
1 => 182 iterations changed to => 177
1 => Popped From Local Stack
1 => 1838 767
1 => 178 iterations changed to => 173
1 => Popped From Local Stack
1 => 1840 767
1 => 174 iterations changed to => 169
1 => Popped From Local Stack
1 => 1842 767
1 => 179 iterations changed to => 176
1 => Popped From Local Stack
1 => 1862 776
1 => 186 iterations changed to => 185
1 => Popped From Local Stack
1 => 1882 785
1 => 189 iterations changed to => 188
1 => Popped From Local Stack
1 => 1890 788
1 => 189 iterations changed to => 181
1 => Popped From Local Stack
1 => 1892 788
1 => 182 iterations changed to => 177
1 => Popped From Local Stack
1 => 1894 788
1 => 182 iterations changed to => 181
1 => Popped From Local Stack
1 => 1904 792
1 => 184 iterations changed to => 178
1 => Popped From Local Stack
1 => 1910 794
1 => 179 iterations changed to => 173
1 => Popped From Local Stack
1 => 1912 794
1 => 174 iterations changed to => 170
1 => Popped From Local Stack
1 => 1914 794
1 => 171 iterations changed to => 164
1 => Popped From Local Stack
1 => 1916 794
1 => 165 iterations changed to => 161
1 => Popped From Local Stack
1 => 1918 794
1 => 162 iterations changed to => 157
1 => Popped From Local Stack
1 => 1920 794
1 => 158 iterations changed to => 153
1 => Popped From Local Stack
1 => 1922 794
1 => 156 iterations changed to => 154
1 => Popped From Local Stack
1 => 1928 796
1 => 156 iterations changed to => 149
1 => Popped From Local Stack
1 => 1932 797
1 => 151 iterations changed to => 150
1 => Popped From Local Stack
1 => 1936 798
1 => 158 iterations changed to => 157
1 => Popped From Local Stack
1 => 1952 805
1 => 162 iterations changed to => 160
1 => Popped From Local Stack
1 => 1962 809
1 => 161 iterations changed to => 154
1 => Popped From Local Stack
1 => 1964 809
1 => 156 iterations changed to => 155
1 => Popped From Local Stack
1 => 1968 810
1 => 162 iterations changed to => 161
1 => Popped From Local Stack
1 => 1982 816
1 => 162 iterations changed to => 158
1 => Popped From Local Stack
1 => 1984 816
1 => 159 iterations changed to => 145
1 => Popped From Local Stack
1 => 1986 816
1 => 151 iterations changed to => 150
1 => Popped From Local Stack
1 => 1998 821
1 => 156 iterations changed to => 155
1 => Popped From Local Stack
1 => 2010 826
1 => 158 iterations changed to => 157
1 => Popped From Local Stack
1 => 2016 828
1 => 158 iterations changed to => 152
1 => Popped From Local Stack
1 => 2018 828
1 => 153 iterations changed to => 146
1 => Popped From Local Stack
1 => 2020 828
1 => 147 iterations changed to => 130
1 => Popped From Local Stack
1 => 2022 828
1 => 131 iterations changed to => 125
1 => Popped From Local Stack
1 => 2024 828
1 => 126 iterations changed to => 120
1 => Popped From Local Stack
1 => 2026 828
1 => 121 iterations changed to => 115
1 => Popped From Local Stack
1 => 2028 828
1 => 116 iterations changed to => 105
1 => Popped From Local Stack
1 => 2030 828
1 => 106 iterations changed to => 98
1 => Popped From Local Stack
1 => 2032 828
1 => 99 iterations changed to => 92
1 => Popped From Local Stack
1 => 2034 828
1 => 112 iterations changed to => 111
1 => Popped From Local Stack
1 => 2074 847
1 => 112 iterations changed to => 105
1 => Popped From Local Stack
1 => 2076 847
1 => 106 iterations changed to => 99
1 => Popped From Local Stack
1 => 2078 847
1 => 100 iterations changed to => 93
1 => Popped From Local Stack
1 => 2080 847
1 => 94 iterations changed to => 86
1 => Popped From Local Stack
1 => 2082 847
1 => 87 iterations changed to => 81
1 => Popped From Local Stack
1 => 2084 847
1 => 82 iterations changed to => 69
1 => Popped From Local Stack
1 => 2086 847
1 => 77 iterations changed to => 76
1 => Popped From Local Stack
1 => 2102 854
1 => 79 iterations changed to => 78
1 => Popped From Local Stack
1 => 2108 856
1 => 96 iterations changed to => 95
1 => Popped From Local Stack
1 => 2144 873
1 => 99 iterations changed to => 98
1 => Popped From Local Stack
1 => 2152 876
1 => 104 iterations changed to => 101
1 => Popped From Local Stack
1 => 2164 881
1 => 112 iterations changed to => 111
1 => Popped From Local Stack
1 => 2186 891
1 => 120 iterations changed to => 119
1 => Popped From Local Stack
1 => 2204 899
1 => 121 iterations changed to => 115
1 => Popped From Local Stack
1 => 2208 900
1 => 116 iterations changed to => 107
1 => Popped From Local Stack
1 => 2210 900
1 => 113 iterations changed to => 112
1 => Popped From Local Stack
1 => 2222 905
1 => 116 iterations changed to => 115
1 => Popped From Local Stack
1 => 2230 908
1 => 121 iterations changed to => 119
1 => Popped From Local Stack
1 => 2242 913
1 => 120 iterations changed to => 108
1 => Popped From Local Stack
1 => 2244 913
1 => 109 iterations changed to => 103
1 => Popped From Local Stack
1 => 2246 913
1 => 104 iterations changed to => 96
1 => Popped From Local Stack
1 => 2248 913
1 => 97 iterations changed to => 91
1 => Popped From Local Stack
1 => 2250 913
1 => 92 iterations changed to => 88
1 => Popped From Local Stack
1 => 2252 913
1 => 89 iterations changed to => 84
1 => Popped From Local Stack
1 => 2254 913
1 => 85 iterations changed to => 81
1 => Popped From Local Stack
1 => 2256 913
1 => 82 iterations changed to => 71
1 => Popped From Local Stack
1 => 2258 913
1 => 72 iterations changed to => 65
1 => Popped From Local Stack
1 => 2260 913
1 => 66 iterations changed to => 60
1 => Popped From Local Stack
1 => 2262 913
1 => 61 iterations changed to => 55
1 => Popped From Local Stack
1 => 2264 913
1 => 78 iterations changed to => 77
1 => Popped From Local Stack
1 => 2310 935
1 => changing to UW
1 => changing to OR
1 => 84 iterations changed to => 81
1 => Popped From Local Stack
1 => 2323 941
1 => 82 iterations changed to => 72
1 => Popped From Local Stack
1 => 2325 941
1 => 73 iterations changed to => 68
1 => Popped From Local Stack
1 => 2327 941
1 => 69 iterations changed to => 64
1 => Popped From Local Stack
1 => 2329 941
1 => 65 iterations changed to => 60
1 => Popped From Local Stack
1 => 2331 941
1 => 61 iterations changed to => 56
1 => Popped From Local Stack
1 => 2333 941
1 => 57 iterations changed to => 52
1 => Popped From Local Stack
1 => 2335 941
1 => changing to UW
1 => changing to OR
1 => changing to UW
1 => changing to OR
1 => changing to UW
1 => changing to OR
1 => changing to UW
1 => changing to OR
1 => 72 iterations changed to => 71
1 => Popped From Local Stack
1 => 2371 960
1 => 75 iterations changed to => 73
1 => Popped From Local Stack
1 => 2379 963
1 => 74 iterations changed to => 68
1 => Popped From Local Stack
1 => 2381 963
1 => 69 iterations changed to => 64
1 => Popped From Local Stack
1 => 2383 963
1 => 65 iterations changed to => 61
1 => Popped From Local Stack
1 => 2385 963
1 => 62 iterations changed to => 59
1 => Popped From Local Stack
1 => 2387 963
1 => 60 iterations changed to => 56
1 => Popped From Local Stack
1 => 2389 963
1 => 57 iterations changed to => 53
1 => Popped From Local Stack
1 => 2391 963
1 => 54 iterations changed to => 49
1 => Popped From Local Stack
1 => 2393 963
1 => 50 iterations changed to => 47
1 => Popped From Local Stack
1 => 2395 963
1 => 48 iterations changed to => 42
1 => Popped From Local Stack
1 => 2397 963
1 => changing to UW
1 => changing to OR
1 => 44 iterations changed to => 43
1 => Popped From Local Stack
1 => 2400 964
1 => changing to UW
1 => Outcome : ReachedBound
1 =>: 41 <= UW iterations OR => 1180
1 => 2401 964
1 => new call tree total iteration : 44
1 => changing to UW
Verification Outcome : OK
Time Taken : 3531.957157
Verifying flpydisk_irqlexapclte1_1.bpl.bpl
Corral program verifier version 1.0.0.0
http://localhost:5002/
1 => changing to UW
1 => 3 iterations changed to => 2
1 => Popped From Local Stack
1 => 3 2
1 => changing to OR
1 => changing to UW
1 => changing to OR
1 => changing to UW
1 => changing to OR
1 => changing to UW
1 => changing to OR
1 => changing to UW
1 => changing to OR
1 => 36 iterations changed to => 35
1 => Popped From Local Stack
1 => 53 35
1 => 39 iterations changed to => 38
1 => Popped From Local Stack
1 => 61 38
1 => changing to UW
1 => changing to OR
1 => changing to UW
1 => changing to OR
1 => 53 iterations changed to => 52
1 => Popped From Local Stack
1 => 89 52
1 => 53 iterations changed to => 49
1 => Popped From Local Stack
1 => 91 52
1 => 50 iterations changed to => 44
1 => Popped From Local Stack
1 => 93 52
1 => changing to UW
1 => changing to OR
1 => changing to UW
1 => changing to OR
1 => changing to UW
1 => changing to OR
1 => 76 iterations changed to => 73
1 => Popped From Local Stack
1 => 153 83
1 => 74 iterations changed to => 67
1 => Popped From Local Stack
1 => 155 83
1 => 68 iterations changed to => 60
1 => Popped From Local Stack
1 => 157 83
1 => 61 iterations changed to => 58
1 => Popped From Local Stack
1 => 159 83
1 => 59 iterations changed to => 55
1 => Popped From Local Stack
1 => 161 83
1 => 56 iterations changed to => 50
1 => Popped From Local Stack
1 => 163 83
1 => 51 iterations changed to => 46
1 => Popped From Local Stack
1 => 165 83
1 => Outcome : ReachedBound
1 =>: 27 <= UW iterations OR => 70
1 => 167 83
Verification Outcome : OK
Time Taken : 2266.800824
1 => new call tree total iteration : 47
1 => changing to OR
Verifying ppa3x_nsremovelockmnremove_0.bpl.bpl
Corral program verifier version 1.0.0.0
http://localhost:5002/
1 => changing to UW
1 => 3 iterations changed to => 2
1 => Popped From Local Stack
1 => 3 2
1 => changing to OR
1 => changing to UW
1 => changing to OR
1 => changing to UW
1 => changing to OR
1 => changing to UW
1 => changing to OR
1 => changing to UW
1 => 50 iterations changed to => 49
1 => Popped From Local Stack
1 => 74 50
1 => changing to OR
1 => changing to UW
1 => changing to OR
1 => changing to UW
1 => changing to OR
1 => 61 iterations changed to => 60
1 => Popped From Local Stack
1 => 96 61
1 => 69 iterations changed to => 68
1 => Popped From Local Stack
1 => 114 69
1 => 106 iterations changed to => 105
1 => Popped From Local Stack
1 => 190 106
1 => 133 iterations changed to => 132
1 => Popped From Local Stack
1 => 246 133
1 => 181 iterations changed to => 180
1 => Popped From Local Stack
1 => 344 181
1 => 215 iterations changed to => 214
1 => Popped From Local Stack
1 => 414 215
1 => 241 iterations changed to => 240
1 => Popped From Local Stack
1 => 468 241
1 => 267 iterations changed to => 266
1 => Popped From Local Stack
1 => 522 267
1 => 278 iterations changed to => 277
1 => Popped From Local Stack
1 => 546 278
1 => 285 iterations changed to => 284
1 => Popped From Local Stack
1 => 562 285
1 => 321 iterations changed to => 318
1 => Popped From Local Stack
1 => 636 321
1 => 319 iterations changed to => 313
1 => Popped From Local Stack
1 => 638 321
1 => 314 iterations changed to => 306
1 => Popped From Local Stack
1 => 640 321
1 => 307 iterations changed to => 302
1 => Popped From Local Stack
1 => 642 321
1 => 303 iterations changed to => 297
1 => Popped From Local Stack
1 => 644 321
1 => 298 iterations changed to => 289
1 => Popped From Local Stack
1 => 646 321
1 => 290 iterations changed to => 271
1 => Popped From Local Stack
1 => 648 321
1 => 272 iterations changed to => 259
1 => Popped From Local Stack
1 => 650 321
1 => 260 iterations changed to => 251
1 => Popped From Local Stack
1 => 652 321
1 => 258 iterations changed to => 257
1 => Popped From Local Stack
1 => 666 327
1 => 285 iterations changed to => 284
1 => Popped From Local Stack
1 => 722 354
1 => 289 iterations changed to => 288
1 => Popped From Local Stack
1 => 732 358
1 => 289 iterations changed to => 279
1 => Popped From Local Stack
1 => 734 358
1 => 280 iterations changed to => 273
1 => Popped From Local Stack
1 => 736 358
1 => 274 iterations changed to => 269
1 => Popped From Local Stack
1 => 738 358
1 => 270 iterations changed to => 264
1 => Popped From Local Stack
1 => 740 358
1 => 265 iterations changed to => 252
1 => Popped From Local Stack
1 => 742 358
1 => 253 iterations changed to => 245
1 => Popped From Local Stack
1 => 744 358
1 => 246 iterations changed to => 234
1 => Popped From Local Stack
1 => 746 358
1 => 235 iterations changed to => 227
1 => Popped From Local Stack
1 => 748 358
1 => 228 iterations changed to => 219
1 => Popped From Local Stack
1 => 750 358
1 => 221 iterations changed to => 220
1 => Popped From Local Stack
1 => 754 359
1 => 225 iterations changed to => 224
1 => Popped From Local Stack
1 => 764 363
1 => 255 iterations changed to => 251
1 => Popped From Local Stack
1 => 826 393
1 => 252 iterations changed to => 246
1 => Popped From Local Stack
1 => 828 393
1 => 247 iterations changed to => 239
1 => Popped From Local Stack
1 => 830 393
1 => 240 iterations changed to => 235
1 => Popped From Local Stack
1 => 832 393
1 => 236 iterations changed to => 230
1 => Popped From Local Stack
1 => 834 393
1 => 231 iterations changed to => 207
1 => Popped From Local Stack
1 => 836 393
1 => 208 iterations changed to => 202
1 => Popped From Local Stack
1 => 838 393
1 => 203 iterations changed to => 194
1 => Popped From Local Stack
1 => 840 393
1 => 195 iterations changed to => 185
1 => Popped From Local Stack
1 => 842 393
1 => 188 iterations changed to => 187
1 => Popped From Local Stack
1 => 848 395
1 => 195 iterations changed to => 194
1 => Popped From Local Stack
1 => 864 402
1 => 200 iterations changed to => 199
1 => Popped From Local Stack
1 => 876 407
1 => 218 iterations changed to => 214
1 => Popped From Local Stack
1 => 914 425
1 => 215 iterations changed to => 208
1 => Popped From Local Stack
1 => 916 425
1 => 209 iterations changed to => 202
1 => Popped From Local Stack
1 => 918 425
1 => 203 iterations changed to => 173
1 => Popped From Local Stack
1 => 920 425
1 => 174 iterations changed to => 167
1 => Popped From Local Stack
1 => 922 425
1 => 170 iterations changed to => 169
1 => Popped From Local Stack
1 => 928 427
1 => 180 iterations changed to => 179
1 => Popped From Local Stack
1 => 950 437
1 => 188 iterations changed to => 187
1 => Popped From Local Stack
1 => 968 445
1 => 219 iterations changed to => 218
1 => Popped From Local Stack
1 => 1032 476
1 => 230 iterations changed to => 229
1 => Popped From Local Stack
1 => 1056 487
1 => 274 iterations changed to => 272
1 => Popped From Local Stack
1 => 1146 531
1 => 273 iterations changed to => 267
1 => Popped From Local Stack
1 => 1148 531
1 => 268 iterations changed to => 260
1 => Popped From Local Stack
1 => 1150 531
1 => 261 iterations changed to => 256
1 => Popped From Local Stack
1 => 1152 531
1 => 257 iterations changed to => 251
1 => Popped From Local Stack
1 => 1154 531
1 => 252 iterations changed to => 245
1 => Popped From Local Stack
1 => 1156 531
1 => 246 iterations changed to => 240
1 => Popped From Local Stack
1 => 1158 531
1 => 241 iterations changed to => 235
1 => Popped From Local Stack
1 => 1160 531
1 => 236 iterations changed to => 224
1 => Popped From Local Stack
1 => 1162 531
1 => 225 iterations changed to => 210
1 => Popped From Local Stack
1 => 1164 531
1 => 212 iterations changed to => 211
1 => Popped From Local Stack
1 => 1168 532
1 => 225 iterations changed to => 224
1 => Popped From Local Stack
1 => 1196 545
1 => 240 iterations changed to => 239
1 => Popped From Local Stack
1 => 1228 560
1 => 245 iterations changed to => 244
1 => Popped From Local Stack
1 => 1240 565
1 => 249 iterations changed to => 248
1 => Popped From Local Stack
1 => 1250 569
1 => 276 iterations changed to => 275
1 => Popped From Local Stack
1 => 1306 596
1 => 280 iterations changed to => 278
1 => Popped From Local Stack
1 => 1316 600
1 => 279 iterations changed to => 270
1 => Popped From Local Stack
1 => 1318 600
1 => 271 iterations changed to => 265
1 => Popped From Local Stack
1 => 1320 600
1 => 266 iterations changed to => 262
1 => Popped From Local Stack
1 => 1322 600
1 => 263 iterations changed to => 258
1 => Popped From Local Stack
1 => 1324 600
1 => 259 iterations changed to => 253
1 => Popped From Local Stack
1 => 1326 600
1 => 254 iterations changed to => 233
1 => Popped From Local Stack
1 => 1328 600
1 => 234 iterations changed to => 229
1 => Popped From Local Stack
1 => 1330 600
1 => 230 iterations changed to => 216
1 => Popped From Local Stack
1 => 1332 600
1 => 218 iterations changed to => 217
1 => Popped From Local Stack
1 => 1336 601
1 => 222 iterations changed to => 221
1 => Popped From Local Stack
1 => 1346 605
1 => 227 iterations changed to => 226
1 => Popped From Local Stack
1 => 1358 610
1 => 231 iterations changed to => 230
1 => Popped From Local Stack
1 => 1368 614
1 => 235 iterations changed to => 234
1 => Popped From Local Stack
1 => 1378 618
1 => 240 iterations changed to => 239
1 => Popped From Local Stack
1 => 1390 623
1 => 250 iterations changed to => 249
1 => Popped From Local Stack
1 => 1412 633
1 => 250 iterations changed to => 244
1 => Popped From Local Stack
1 => 1414 633
1 => 245 iterations changed to => 204
1 => Popped From Local Stack
1 => 1416 633
1 => 205 iterations changed to => 200
1 => Popped From Local Stack
1 => 1418 633
1 => 201 iterations changed to => 195
1 => Popped From Local Stack
1 => 1420 633
1 => 196 iterations changed to => 158
1 => Popped From Local Stack
1 => 1422 633
1 => 159 iterations changed to => 148
1 => Popped From Local Stack
1 => 1424 633
1 => 151 iterations changed to => 150
1 => Popped From Local Stack
1 => 1430 635
1 => 156 iterations changed to => 155
1 => Popped From Local Stack
1 => 1442 640
1 => 164 iterations changed to => 163
1 => Popped From Local Stack
1 => 1460 648
1 => 176 iterations changed to => 175
1 => Popped From Local Stack
1 => 1486 660
1 => 182 iterations changed to => 181
1 => Popped From Local Stack
1 => 1500 666
1 => 185 iterations changed to => 169
1 => Popped From Local Stack
1 => 1508 669
1 => 170 iterations changed to => 139
1 => Popped From Local Stack
1 => 1510 669
1 => 140 iterations changed to => 123
1 => Popped From Local Stack
1 => 1512 669
1 => 124 iterations changed to => 113
1 => Popped From Local Stack
1 => 1514 669
1 => 116 iterations changed to => 115
1 => Popped From Local Stack
1 => 1520 671
1 => 124 iterations changed to => 123
1 => Popped From Local Stack
1 => 1538 679
1 => 130 iterations changed to => 129
1 => Popped From Local Stack
1 => 1552 685
1 => 136 iterations changed to => 135
1 => Popped From Local Stack
1 => 1566 691
1 => 143 iterations changed to => 142
1 => Popped From Local Stack
1 => 1582 698
1 => 146 iterations changed to => 97
1 => Popped From Local Stack
1 => 1590 701
1 => 98 iterations changed to => 89
1 => Popped From Local Stack
1 => 1592 701
1 => 90 iterations changed to => 77
1 => Popped From Local Stack
1 => 1594 701
1 => 79 iterations changed to => 78
1 => Popped From Local Stack
1 => 1598 702
1 => 87 iterations changed to => 86
1 => Popped From Local Stack
1 => 1616 710
1 => changing to UW
1 => changing to OR
1 => 94 iterations changed to => 93
1 => Popped From Local Stack
1 => 1631 717
1 => 100 iterations changed to => 99
1 => Popped From Local Stack
1 => 1645 723
1 => 108 iterations changed to => 107
1 => Popped From Local Stack
1 => 1663 731
1 => 113 iterations changed to => 112
1 => Popped From Local Stack
1 => 1675 736
1 => 127 iterations changed to => 126
1 => Popped From Local Stack
1 => 1705 750
1 => 139 iterations changed to => 138
1 => Popped From Local Stack
1 => 1731 762
1 => 144 iterations changed to => 143
1 => Popped From Local Stack
1 => 1743 767
1 => 160 iterations changed to => 159
1 => Popped From Local Stack
1 => 1777 783
1 => 160 iterations changed to => 154
1 => Popped From Local Stack
1 => 1779 783
1 => 160 iterations changed to => 155
1 => Popped From Local Stack
1 => 1791 788
1 => 156 iterations changed to => 148
1 => Popped From Local Stack
1 => 1793 788
1 => 160 iterations changed to => 155
1 => Popped From Local Stack
1 => 1817 799
1 => 160 iterations changed to => 156
1 => Popped From Local Stack
1 => 1827 803
1 => 157 iterations changed to => 150
1 => Popped From Local Stack
1 => 1829 803
1 => 151 iterations changed to => 132
1 => Popped From Local Stack
1 => 1831 803
1 => 133 iterations changed to => 119
1 => Popped From Local Stack
1 => 1833 803
1 => Outcome : Correct
1 =>: 31 <= UW iterations OR => 902
1 => 1835 803
Verification Outcome : OK
Time Taken : 1589.137666
1 => new call tree total iteration : 120
1 => changing to OR
Verifying 61883_ioallocatecomplete_1.bpl.bpl
Corral program verifier version 1.0.0.0
http://localhost:5002/
1 => changing to UW
1 => 3 iterations changed to => 2
1 => Popped From Local Stack
1 => 3 2
1 => changing to OR
1 => changing to UW
1 => changing to OR
1 => changing to UW
1 => changing to OR
1 => changing to UW
1 => changing to OR
1 => 25 iterations changed to => 24
1 => Popped From Local Stack
1 => 31 24
1 => changing to UW
1 => changing to OR
1 => 27 iterations changed to => 26
1 => Popped From Local Stack
1 => 35 26
1 => changing to UW
1 => changing to OR
1 => changing to UW
1 => changing to OR
1 => changing to UW
1 => changing to OR
1 => changing to UW
1 => changing to OR
1 => 41 iterations changed to => 40
1 => Popped From Local Stack
1 => 59 40
1 => 44 iterations changed to => 43
1 => Popped From Local Stack
1 => 67 43
1 => 47 iterations changed to => 46
1 => Popped From Local Stack
1 => 75 46
1 => changing to UW
1 => changing to OR
1 => changing to UW
1 => changing to OR
1 => changing to UW
1 => 64 iterations changed to => 63
1 => Popped From Local Stack
1 => 108 64
1 => changing to OR
1 => 67 iterations changed to => 66
1 => Popped From Local Stack
1 => 116 67
1 => 67 iterations changed to => 58
1 => Popped From Local Stack
1 => 118 67
1 => 65 iterations changed to => 61
1 => Popped From Local Stack
1 => 132 73
1 => 62 iterations changed to => 54
1 => Popped From Local Stack
1 => 134 73
1 => 60 iterations changed to => 58
1 => Popped From Local Stack
1 => 146 78
1 => 59 iterations changed to => 55
1 => Popped From Local Stack
1 => 148 78
1 => 56 iterations changed to => 50
1 => Popped From Local Stack
1 => 150 78
1 => 51 iterations changed to => 36
1 => Popped From Local Stack
1 => 152 78
1 => changing to UW
1 => changing to OR
1 => 52 iterations changed to => 51
1 => Popped From Local Stack
1 => 183 93
1 => 65 iterations changed to => 64
1 => Popped From Local Stack
1 => 211 106
1 => changing to UW
1 => changing to OR
1 => 97 iterations changed to => 96
1 => Popped From Local Stack
1 => 276 138
1 => 97 iterations changed to => 92
1 => Popped From Local Stack
1 => 278 138
1 => 93 iterations changed to => 87
1 => Popped From Local Stack
1 => 280 138
1 => 88 iterations changed to => 82
1 => Popped From Local Stack
1 => 282 138
1 => 83 iterations changed to => 78
1 => Popped From Local Stack
1 => 284 138
1 => 79 iterations changed to => 73
1 => Popped From Local Stack
1 => 286 138
1 => 74 iterations changed to => 69
1 => Popped From Local Stack
1 => 288 138
1 => 70 iterations changed to => 59
1 => Popped From Local Stack
1 => 290 138
1 => changing to UW
1 => changing to OR
1 => changing to UW
1 => changing to OR
1 => 102 iterations changed to => 101
1 => Popped From Local Stack
1 => 374 180
1 => 105 iterations changed to => 104
1 => Popped From Local Stack
1 => 382 183
1 => 105 iterations changed to => 97
1 => Popped From Local Stack
1 => 384 183
1 => 98 iterations changed to => 93
1 => Popped From Local Stack
1 => 386 183
1 => 94 iterations changed to => 89
1 => Popped From Local Stack
1 => 388 183
1 => 90 iterations changed to => 85
1 => Popped From Local Stack
1 => 390 183
1 => 86 iterations changed to => 82
1 => Popped From Local Stack
1 => 392 183
1 => 83 iterations changed to => 78
1 => Popped From Local Stack
1 => 394 183
1 => 79 iterations changed to => 74
1 => Popped From Local Stack
1 => 396 183
1 => 75 iterations changed to => 71
1 => Popped From Local Stack
1 => 398 183
1 => 72 iterations changed to => 67
1 => Popped From Local Stack
1 => 400 183
1 => 68 iterations changed to => 62
1 => Popped From Local Stack
1 => 402 183
1 => 63 iterations changed to => 55
1 => Popped From Local Stack
1 => 404 183
1 => 56 iterations changed to => 47
1 => Popped From Local Stack
1 => 406 183
1 => changing to UW
1 => changing to OR
1 => 63 iterations changed to => 62
1 => Popped From Local Stack
1 => 436 198
1 => changing to UW
1 => changing to OR
1 => 78 iterations changed to => 75
1 => Popped From Local Stack
1 => 467 213
1 => 76 iterations changed to => 70
1 => Popped From Local Stack
1 => 469 213
1 => 71 iterations changed to => 66
1 => Popped From Local Stack
1 => 471 213
1 => 67 iterations changed to => 57
1 => Popped From Local Stack
1 => 473 213
1 => 58 iterations changed to => 54
1 => Popped From Local Stack
1 => 475 213
1 => 55 iterations changed to => 48
1 => Popped From Local Stack
1 => 477 213
1 => 49 iterations changed to => 43
1 => Popped From Local Stack
1 => 479 213
1 => 44 iterations changed to => 40
1 => Popped From Local Stack
1 => 481 213
1 => changing to UW
1 => 41 iterations changed to => 37
1 => Popped From Local Stack
1 => 482 213
1 => changing to OR
1 => 38 iterations changed to => 33
1 => Popped From Local Stack
1 => 484 213
1 => 34 iterations changed to => 30
1 => Popped From Local Stack
1 => 486 213
1 => changing to UW
1 => changing to OR
1 => changing to UW
1 => changing to OR
1 => changing to UW
1 => changing to OR
1 => 55 iterations changed to => 54
1 => Popped From Local Stack
1 => 533 237
1 => changing to UW
1 => changing to OR
1 => 90 iterations changed to => 89
1 => Popped From Local Stack
1 => 603 272
1 => 132 iterations changed to => 131
1 => Popped From Local Stack
1 => 689 314
1 => 135 iterations changed to => 134
1 => Popped From Local Stack
1 => 697 317
1 => 139 iterations changed to => 138
1 => Popped From Local Stack
1 => 707 321
1 => 166 iterations changed to => 165
1 => Popped From Local Stack
1 => 763 348
1 => 191 iterations changed to => 190
1 => Popped From Local Stack
1 => 815 373
1 => 202 iterations changed to => 201
1 => Popped From Local Stack
1 => 839 384
1 => 202 iterations changed to => 197
1 => Popped From Local Stack
1 => 841 384
1 => 201 iterations changed to => 200
1 => Popped From Local Stack
1 => 849 387
1 => 204 iterations changed to => 203
1 => Popped From Local Stack
1 => 857 390
1 => 219 iterations changed to => 218
1 => Popped From Local Stack
1 => 889 405
1 => 219 iterations changed to => 215
1 => Popped From Local Stack
1 => 891 405
1 => 216 iterations changed to => 212
1 => Popped From Local Stack
1 => 893 405
1 => 214 iterations changed to => 213
1 => Popped From Local Stack
1 => 897 406
1 => 216 iterations changed to => 209
1 => Popped From Local Stack
1 => 903 408
1 => 210 iterations changed to => 206
1 => Popped From Local Stack
1 => 905 408
1 => 214 iterations changed to => 211
1 => Popped From Local Stack
1 => 921 415
1 => 212 iterations changed to => 207
1 => Popped From Local Stack
1 => 923 415
1 => 208 iterations changed to => 193
1 => Popped From Local Stack
1 => 925 415
1 => 194 iterations changed to => 186
1 => Popped From Local Stack
1 => 927 415
1 => 188 iterations changed to => 187
1 => Popped From Local Stack
1 => 931 416
1 => 195 iterations changed to => 194
1 => Popped From Local Stack
1 => 947 423
1 => 198 iterations changed to => 197
1 => Popped From Local Stack
1 => 955 426
1 => 198 iterations changed to => 190
1 => Popped From Local Stack
1 => 957 426
1 => 196 iterations changed to => 195
1 => Popped From Local Stack
1 => 969 431
1 => 200 iterations changed to => 199
1 => Popped From Local Stack
1 => 979 435
1 => 220 iterations changed to => 219
1 => Popped From Local Stack
1 => 1021 455
1 => 222 iterations changed to => 216
1 => Popped From Local Stack
1 => 1027 457
1 => 217 iterations changed to => 213
1 => Popped From Local Stack
1 => 1029 457
1 => 214 iterations changed to => 210
1 => Popped From Local Stack
1 => 1031 457
1 => 211 iterations changed to => 206
1 => Popped From Local Stack
1 => 1033 457
1 => 207 iterations changed to => 202
1 => Popped From Local Stack
1 => 1035 457
1 => 207 iterations changed to => 206
1 => Popped From Local Stack
1 => 1045 461
1 => 209 iterations changed to => 208
1 => Popped From Local Stack
1 => 1051 463
1 => 210 iterations changed to => 203
1 => Popped From Local Stack
1 => 1055 464
1 => 204 iterations changed to => 191
1 => Popped From Local Stack
1 => 1057 464
1 => 193 iterations changed to => 192
1 => Popped From Local Stack
1 => 1061 465
1 => 195 iterations changed to => 194
1 => Popped From Local Stack
1 => 1067 467
1 => 217 iterations changed to => 216
1 => Popped From Local Stack
1 => 1113 489
1 => 220 iterations changed to => 219
1 => Popped From Local Stack
1 => 1121 492
1 => 222 iterations changed to => 214
1 => Popped From Local Stack
1 => 1127 494
1 => 215 iterations changed to => 211
1 => Popped From Local Stack
1 => 1129 494
1 => 212 iterations changed to => 208
1 => Popped From Local Stack
1 => 1131 494
1 => 209 iterations changed to => 205
1 => Popped From Local Stack
1 => 1133 494
1 => 206 iterations changed to => 202
1 => Popped From Local Stack
1 => 1135 494
1 => 203 iterations changed to => 199
1 => Popped From Local Stack
1 => 1137 494
1 => 207 iterations changed to => 206
1 => Popped From Local Stack
1 => 1153 501
1 => 207 iterations changed to => 203
1 => Popped From Local Stack
1 => 1155 501
1 => 207 iterations changed to => 206
1 => Popped From Local Stack
1 => 1163 504
1 => 209 iterations changed to => 208
1 => Popped From Local Stack
1 => 1169 506
1 => 210 iterations changed to => 204
1 => Popped From Local Stack
1 => 1173 507
1 => 205 iterations changed to => 200
1 => Popped From Local Stack
1 => 1175 507
1 => 201 iterations changed to => 196
1 => Popped From Local Stack
1 => 1177 507
1 => 207 iterations changed to => 206
1 => Popped From Local Stack
1 => 1199 517
1 => 207 iterations changed to => 203
1 => Popped From Local Stack
1 => 1201 517
1 => 207 iterations changed to => 204
1 => Popped From Local Stack
1 => 1209 520
1 => 205 iterations changed to => 200
1 => Popped From Local Stack
1 => 1211 520
1 => 201 iterations changed to => 197
1 => Popped From Local Stack
1 => 1213 520
1 => 198 iterations changed to => 183
1 => Popped From Local Stack
1 => 1215 520
1 => 184 iterations changed to => 179
1 => Popped From Local Stack
1 => 1217 520
1 => 180 iterations changed to => 175
1 => Popped From Local Stack
1 => 1219 520
1 => 176 iterations changed to => 172
1 => Popped From Local Stack
1 => 1221 520
1 => 173 iterations changed to => 168
1 => Popped From Local Stack
1 => 1223 520
1 => 170 iterations changed to => 169
1 => Popped From Local Stack
1 => 1227 521
1 => 177 iterations changed to => 176
1 => Popped From Local Stack
1 => 1243 528
1 => 180 iterations changed to => 179
1 => Popped From Local Stack
1 => 1251 531
1 => 183 iterations changed to => 182
1 => Popped From Local Stack
1 => 1259 534
1 => 211 iterations changed to => 209
1 => Popped From Local Stack
1 => 1317 562
1 => 210 iterations changed to => 206
1 => Popped From Local Stack
1 => 1319 562
1 => 211 iterations changed to => 210
1 => Popped From Local Stack
1 => 1329 566
1 => 211 iterations changed to => 207
1 => Popped From Local Stack
1 => 1331 566
1 => 208 iterations changed to => 203
1 => Popped From Local Stack
1 => 1333 566
1 => 218 iterations changed to => 217
1 => Popped From Local Stack
1 => 1363 580
1 => 220 iterations changed to => 219
1 => Popped From Local Stack
1 => 1369 582
1 => 232 iterations changed to => 229
1 => Popped From Local Stack
1 => 1395 594
1 => 230 iterations changed to => 227
1 => Popped From Local Stack
1 => 1397 594
1 => 228 iterations changed to => 225
1 => Popped From Local Stack
1 => 1399 594
1 => 226 iterations changed to => 223
1 => Popped From Local Stack
1 => 1401 594
1 => 224 iterations changed to => 221
1 => Popped From Local Stack
1 => 1403 594
1 => 222 iterations changed to => 214
1 => Popped From Local Stack
1 => 1405 594
1 => 215 iterations changed to => 211
1 => Popped From Local Stack
1 => 1407 594
1 => 213 iterations changed to => 212
1 => Popped From Local Stack
1 => 1411 595
1 => 215 iterations changed to => 214
1 => Popped From Local Stack
1 => 1417 597
1 => 232 iterations changed to => 230
1 => Popped From Local Stack
1 => 1453 614
1 => 231 iterations changed to => 228
1 => Popped From Local Stack
1 => 1455 614
1 => 229 iterations changed to => 226
1 => Popped From Local Stack
1 => 1457 614
1 => 227 iterations changed to => 223
1 => Popped From Local Stack
1 => 1459 614
1 => 224 iterations changed to => 221
1 => Popped From Local Stack
1 => 1461 614
1 => 222 iterations changed to => 219
1 => Popped From Local Stack
1 => 1463 614
1 => 220 iterations changed to => 216
1 => Popped From Local Stack
1 => 1465 614
1 => 222 iterations changed to => 221
1 => Popped From Local Stack
1 => 1477 619
1 => 232 iterations changed to => 229
1 => Popped From Local Stack
1 => 1499 629
1 => 230 iterations changed to => 227
1 => Popped From Local Stack
1 => 1501 629
1 => 235 iterations changed to => 232
1 => Popped From Local Stack
1 => 1517 636
1 => 233 iterations changed to => 230
1 => Popped From Local Stack
1 => 1519 636
1 => 234 iterations changed to => 231
1 => Popped From Local Stack
1 => 1527 639
1 => 232 iterations changed to => 228
1 => Popped From Local Stack
1 => 1529 639
1 => 232 iterations changed to => 229
1 => Popped From Local Stack
1 => 1537 642
1 => 230 iterations changed to => 225
1 => Popped From Local Stack
1 => 1539 642
1 => 226 iterations changed to => 223
1 => Popped From Local Stack
1 => 1541 642
1 => 224 iterations changed to => 219
1 => Popped From Local Stack
1 => 1543 642
1 => 220 iterations changed to => 217
1 => Popped From Local Stack
1 => 1545 642
1 => 218 iterations changed to => 208
1 => Popped From Local Stack
1 => 1547 642
1 => 209 iterations changed to => 205
1 => Popped From Local Stack
1 => 1549 642
1 => 207 iterations changed to => 206
1 => Popped From Local Stack
1 => 1553 643
1 => 209 iterations changed to => 208
1 => Popped From Local Stack
1 => 1559 645
1 => 232 iterations changed to => 230
1 => Popped From Local Stack
1 => 1607 668
1 => 231 iterations changed to => 228
1 => Popped From Local Stack
1 => 1609 668
1 => 229 iterations changed to => 226
1 => Popped From Local Stack
1 => 1611 668
1 => 227 iterations changed to => 223
1 => Popped From Local Stack
1 => 1613 668
1 => 224 iterations changed to => 221
1 => Popped From Local Stack
1 => 1615 668
1 => 222 iterations changed to => 219
1 => Popped From Local Stack
1 => 1617 668
1 => 220 iterations changed to => 216
1 => Popped From Local Stack
1 => 1619 668
1 => 220 iterations changed to => 219
1 => Popped From Local Stack
1 => 1627 671
1 => 233 iterations changed to => 232
1 => Popped From Local Stack
1 => 1655 684
1 => 235 iterations changed to => 234
1 => Popped From Local Stack
1 => 1661 686
1 => 235 iterations changed to => 229
1 => Popped From Local Stack
1 => 1663 686
1 => 230 iterations changed to => 226
1 => Popped From Local Stack
1 => 1665 686
1 => 228 iterations changed to => 227
1 => Popped From Local Stack
1 => 1669 687
1 => 230 iterations changed to => 223
1 => Popped From Local Stack
1 => 1675 689
1 => 227 iterations changed to => 224
1 => Popped From Local Stack
1 => 1683 692
1 => 225 iterations changed to => 221
1 => Popped From Local Stack
1 => 1685 692
1 => 222 iterations changed to => 217
1 => Popped From Local Stack
1 => 1687 692
1 => 218 iterations changed to => 213
1 => Popped From Local Stack
1 => 1689 692
1 => 214 iterations changed to => 210
1 => Popped From Local Stack
1 => 1691 692
1 => 211 iterations changed to => 200
1 => Popped From Local Stack
1 => 1693 692
1 => 201 iterations changed to => 197
1 => Popped From Local Stack
1 => 1695 692
1 => 198 iterations changed to => 194
1 => Popped From Local Stack
1 => 1697 692
1 => 204 iterations changed to => 203
1 => Popped From Local Stack
1 => 1717 701
1 => 204 iterations changed to => 200
1 => Popped From Local Stack
1 => 1719 701
1 => 201 iterations changed to => 196
1 => Popped From Local Stack
1 => 1721 701
1 => 199 iterations changed to => 198
1 => Popped From Local Stack
1 => 1727 703
1 => 202 iterations changed to => 201
1 => Popped From Local Stack
1 => 1735 706
1 => 232 iterations changed to => 229
1 => Popped From Local Stack
1 => 1797 736
1 => 230 iterations changed to => 227
1 => Popped From Local Stack
1 => 1799 736
1 => 228 iterations changed to => 225
1 => Popped From Local Stack
1 => 1801 736
1 => 226 iterations changed to => 223
1 => Popped From Local Stack
1 => 1803 736
1 => 224 iterations changed to => 221
1 => Popped From Local Stack
1 => 1805 736
1 => 222 iterations changed to => 219
1 => Popped From Local Stack
1 => 1807 736
1 => 220 iterations changed to => 216
1 => Popped From Local Stack
1 => 1809 736
1 => 217 iterations changed to => 213
1 => Popped From Local Stack
1 => 1811 736
1 => 220 iterations changed to => 219
1 => Popped From Local Stack
1 => 1825 742
1 => 232 iterations changed to => 229
1 => Popped From Local Stack
1 => 1851 754
1 => 230 iterations changed to => 227
1 => Popped From Local Stack
1 => 1853 754
1 => 228 iterations changed to => 225
1 => Popped From Local Stack
1 => 1855 754
1 => 235 iterations changed to => 232
1 => Popped From Local Stack
1 => 1875 763
1 => 233 iterations changed to => 229
1 => Popped From Local Stack
1 => 1877 763
1 => 230 iterations changed to => 226
1 => Popped From Local Stack
1 => 1879 763
1 => 227 iterations changed to => 223
1 => Popped From Local Stack
1 => 1881 763
1 => 225 iterations changed to => 224
1 => Popped From Local Stack
1 => 1885 764
1 => 227 iterations changed to => 226
1 => Popped From Local Stack
1 => 1891 766
1 => 227 iterations changed to => 221
1 => Popped From Local Stack
1 => 1893 766
1 => 222 iterations changed to => 217
1 => Popped From Local Stack
1 => 1895 766
1 => 218 iterations changed to => 214
1 => Popped From Local Stack
1 => 1897 766
1 => 215 iterations changed to => 210
1 => Popped From Local Stack
1 => 1899 766
1 => 211 iterations changed to => 207
1 => Popped From Local Stack
1 => 1901 766
1 => 208 iterations changed to => 204
1 => Popped From Local Stack
1 => 1903 766
1 => 205 iterations changed to => 191
1 => Popped From Local Stack
1 => 1905 766
1 => 192 iterations changed to => 188
1 => Popped From Local Stack
1 => 1907 766
1 => 189 iterations changed to => 185
1 => Popped From Local Stack
1 => 1909 766
1 => 227 iterations changed to => 226
1 => Popped From Local Stack
1 => 1993 807
1 => 232 iterations changed to => 230
1 => Popped From Local Stack
1 => 2005 812
1 => 231 iterations changed to => 228
1 => Popped From Local Stack
1 => 2007 812
1 => 229 iterations changed to => 224
1 => Popped From Local Stack
1 => 2009 812
1 => 225 iterations changed to => 222
1 => Popped From Local Stack
1 => 2011 812
1 => 223 iterations changed to => 220
1 => Popped From Local Stack
1 => 2013 812
1 => 221 iterations changed to => 217
1 => Popped From Local Stack
1 => 2015 812
1 => 218 iterations changed to => 214
1 => Popped From Local Stack
1 => 2017 812
1 => 215 iterations changed to => 210
1 => Popped From Local Stack
1 => 2019 812
1 => 211 iterations changed to => 207
1 => Popped From Local Stack
1 => 2021 812
1 => 208 iterations changed to => 204
1 => Popped From Local Stack
1 => 2023 812
1 => 213 iterations changed to => 212
1 => Popped From Local Stack
1 => 2041 820
1 => 223 iterations changed to => 221
1 => Popped From Local Stack
1 => 2063 830
1 => 222 iterations changed to => 218
1 => Popped From Local Stack
1 => 2065 830
1 => 219 iterations changed to => 215
1 => Popped From Local Stack
1 => 2067 830
1 => 224 iterations changed to => 223
1 => Popped From Local Stack
1 => 2085 838
1 => 228 iterations changed to => 227
1 => Popped From Local Stack
1 => 2095 842
1 => 232 iterations changed to => 229
1 => Popped From Local Stack
1 => 2105 846
1 => 230 iterations changed to => 225
1 => Popped From Local Stack
1 => 2107 846
1 => 227 iterations changed to => 226
1 => Popped From Local Stack
1 => 2111 847
1 => 233 iterations changed to => 232
1 => Popped From Local Stack
1 => 2125 853
1 => 235 iterations changed to => 234
1 => Popped From Local Stack
1 => 2131 855
1 => 235 iterations changed to => 230
1 => Popped From Local Stack
1 => 2133 855
1 => 231 iterations changed to => 228
1 => Popped From Local Stack
1 => 2135 855
1 => 229 iterations changed to => 221
1 => Popped From Local Stack
1 => 2137 855
1 => 222 iterations changed to => 219
1 => Popped From Local Stack
1 => 2139 855
1 => 220 iterations changed to => 216
1 => Popped From Local Stack
1 => 2141 855
1 => 217 iterations changed to => 208
1 => Popped From Local Stack
1 => 2143 855
1 => 209 iterations changed to => 205
1 => Popped From Local Stack
1 => 2145 855
1 => 206 iterations changed to => 201
1 => Popped From Local Stack
1 => 2147 855
1 => 202 iterations changed to => 198
1 => Popped From Local Stack
1 => 2149 855
1 => 199 iterations changed to => 195
1 => Popped From Local Stack
1 => 2151 855
1 => 196 iterations changed to => 192
1 => Popped From Local Stack
1 => 2153 855
1 => 193 iterations changed to => 188
1 => Popped From Local Stack
1 => 2155 855
1 => 189 iterations changed to => 172
1 => Popped From Local Stack
1 => 2157 855
1 => 174 iterations changed to => 173
1 => Popped From Local Stack
1 => 2161 856
1 => 177 iterations changed to => 176
1 => Popped From Local Stack
1 => 2169 859
1 => 216 iterations changed to => 215
1 => Popped From Local Stack
1 => 2249 898
1 => 222 iterations changed to => 221
1 => Popped From Local Stack
1 => 2263 904
1 => 234 iterations changed to => 233
1 => Popped From Local Stack
1 => 2289 916
1 => 234 iterations changed to => 230
1 => Popped From Local Stack
1 => 2291 916
1 => 231 iterations changed to => 227
1 => Popped From Local Stack
1 => 2293 916
1 => 237 iterations changed to => 236
1 => Popped From Local Stack
1 => 2313 925
1 => 239 iterations changed to => 238
1 => Popped From Local Stack
1 => 2319 927
1 => 249 iterations changed to => 247
1 => Popped From Local Stack
1 => 2341 937
1 => 248 iterations changed to => 244
1 => Popped From Local Stack
1 => 2343 937
1 => 245 iterations changed to => 242
1 => Popped From Local Stack
1 => 2345 937
1 => 243 iterations changed to => 240
1 => Popped From Local Stack
1 => 2347 937
1 => 241 iterations changed to => 234
1 => Popped From Local Stack
1 => 2349 937
1 => 235 iterations changed to => 231
1 => Popped From Local Stack
1 => 2351 937
1 => 232 iterations changed to => 228
1 => Popped From Local Stack
1 => 2353 937
1 => 229 iterations changed to => 224
1 => Popped From Local Stack
1 => 2355 937
1 => 225 iterations changed to => 217
1 => Popped From Local Stack
1 => 2357 937
1 => 225 iterations changed to => 224
1 => Popped From Local Stack
1 => 2373 944
1 => 225 iterations changed to => 221
1 => Popped From Local Stack
1 => 2375 944
1 => 225 iterations changed to => 222
1 => Popped From Local Stack
1 => 2383 947
1 => 223 iterations changed to => 218
1 => Popped From Local Stack
1 => 2385 947
1 => 224 iterations changed to => 223
1 => Popped From Local Stack
1 => 2397 952
1 => 226 iterations changed to => 225
1 => Popped From Local Stack
1 => 2403 954
1 => 235 iterations changed to => 234
1 => Popped From Local Stack
1 => 2423 963
1 => 249 iterations changed to => 247
1 => Popped From Local Stack
1 => 2453 977
1 => 248 iterations changed to => 245
1 => Popped From Local Stack
1 => 2455 977
1 => 248 iterations changed to => 246
1 => Popped From Local Stack
1 => 2461 979
1 => 248 iterations changed to => 247
1 => Popped From Local Stack
1 => 2465 980
1 => 248 iterations changed to => 243
1 => Popped From Local Stack
1 => 2467 980
1 => 244 iterations changed to => 241
1 => Popped From Local Stack
1 => 2469 980
1 => 244 iterations changed to => 242
1 => Popped From Local Stack
1 => 2475 982
1 => 243 iterations changed to => 238
1 => Popped From Local Stack
1 => 2477 982
1 => 239 iterations changed to => 236
1 => Popped From Local Stack
1 => 2479 982
1 => 237 iterations changed to => 231
1 => Popped From Local Stack
1 => 2481 982
1 => 232 iterations changed to => 228
1 => Popped From Local Stack
1 => 2483 982
1 => 229 iterations changed to => 220
1 => Popped From Local Stack
1 => 2485 982
1 => 222 iterations changed to => 221
1 => Popped From Local Stack
1 => 2489 983
1 => 225 iterations changed to => 224
1 => Popped From Local Stack
1 => 2497 986
1 => 227 iterations changed to => 226
1 => Popped From Local Stack
1 => 2503 988
1 => 232 iterations changed to => 231
1 => Popped From Local Stack
1 => 2515 993
1 => 244 iterations changed to => 242
1 => Popped From Local Stack
1 => 2541 1005
1 => 243 iterations changed to => 240
1 => Popped From Local Stack
1 => 2543 1005
1 => 241 iterations changed to => 238
1 => Popped From Local Stack
1 => 2545 1005
1 => 239 iterations changed to => 235
1 => Popped From Local Stack
1 => 2547 1005
1 => 240 iterations changed to => 238
1 => Popped From Local Stack
1 => 2557 1009
1 => 240 iterations changed to => 239
1 => Popped From Local Stack
1 => 2561 1010
1 => 240 iterations changed to => 236
1 => Popped From Local Stack
1 => 2563 1010
1 => 237 iterations changed to => 233
1 => Popped From Local Stack
1 => 2565 1010
1 => 240 iterations changed to => 238
1 => Popped From Local Stack
1 => 2579 1016
1 => 240 iterations changed to => 239
1 => Popped From Local Stack
1 => 2583 1017
1 => 240 iterations changed to => 236
1 => Popped From Local Stack
1 => 2585 1017
1 => 237 iterations changed to => 234
1 => Popped From Local Stack
1 => 2587 1017
1 => 235 iterations changed to => 228
1 => Popped From Local Stack
1 => 2589 1017
1 => 239 iterations changed to => 238
1 => Popped From Local Stack
1 => 2611 1027
1 => 243 iterations changed to => 242
1 => Popped From Local Stack
1 => 2621 1031
1 => 243 iterations changed to => 240
1 => Popped From Local Stack
1 => 2623 1031
1 => 241 iterations changed to => 236
1 => Popped From Local Stack
1 => 2625 1031
1 => 237 iterations changed to => 234
1 => Popped From Local Stack
1 => 2627 1031
1 => 235 iterations changed to => 232
1 => Popped From Local Stack
1 => 2629 1031
1 => 237 iterations changed to => 236
1 => Popped From Local Stack
1 => 2639 1035
1 => 237 iterations changed to => 233
1 => Popped From Local Stack
1 => 2641 1035
1 => 235 iterations changed to => 234
1 => Popped From Local Stack
1 => 2645 1036
1 => 237 iterations changed to => 236
1 => Popped From Local Stack
1 => 2651 1038
1 => 240 iterations changed to => 238
1 => Popped From Local Stack
1 => 2659 1041
1 => 240 iterations changed to => 239
1 => Popped From Local Stack
1 => 2663 1042
1 => 240 iterations changed to => 229
1 => Popped From Local Stack
1 => 2665 1042
1 => 239 iterations changed to => 238
1 => Popped From Local Stack
1 => 2685 1051
1 => 239 iterations changed to => 236
1 => Popped From Local Stack
1 => 2687 1051
1 => 237 iterations changed to => 234
1 => Popped From Local Stack
1 => 2689 1051
1 => 235 iterations changed to => 231
1 => Popped From Local Stack
1 => 2691 1051
1 => 232 iterations changed to => 212
1 => Popped From Local Stack
1 => 2693 1051
1 => 213 iterations changed to => 209
1 => Popped From Local Stack
1 => 2695 1051
1 => 210 iterations changed to => 206
1 => Popped From Local Stack
1 => 2697 1051
1 => 207 iterations changed to => 203
1 => Popped From Local Stack
1 => 2699 1051
1 => 204 iterations changed to => 200
1 => Popped From Local Stack
1 => 2701 1051
1 => 201 iterations changed to => 197
1 => Popped From Local Stack
1 => 2703 1051
1 => 198 iterations changed to => 194
1 => Popped From Local Stack
1 => 2705 1051
1 => 195 iterations changed to => 191
1 => Popped From Local Stack
1 => 2707 1051
1 => 192 iterations changed to => 188
1 => Popped From Local Stack
1 => 2709 1051
1 => 189 iterations changed to => 184
1 => Popped From Local Stack
1 => 2711 1051
1 => 214 iterations changed to => 213
1 => Popped From Local Stack
1 => 2771 1080
1 => 217 iterations changed to => 216
1 => Popped From Local Stack
1 => 2779 1083
1 => 220 iterations changed to => 219
1 => Popped From Local Stack
1 => 2787 1086
Verification Outcome : TIMEDOUT
Time Taken : 3E-06
Verifying mp_iobuildfsdirpsignaleventincompletiontimeout_0.bpl.bpl
Corral program verifier version 1.0.0.0
http://localhost:5002/
1 => changing to UW
1 => 3 iterations changed to => 2
1 => Popped From Local Stack
1 => 3 2
1 => changing to OR
1 => changing to UW
1 => changing to OR
1 => changing to UW
1 => changing to OR
1 => changing to UW
1 => changing to OR
1 => changing to UW
1 => changing to OR
1 => changing to UW
1 => changing to OR
1 => changing to UW
1 => changing to OR
1 => 42 iterations changed to => 41
1 => Popped From Local Stack
1 => 59 41
1 => 57 iterations changed to => 56
1 => Popped From Local Stack
1 => 91 56
1 => 117 iterations changed to => 113
1 => Popped From Local Stack
1 => 213 116
1 => 114 iterations changed to => 101
1 => Popped From Local Stack
1 => 215 116
1 => 107 iterations changed to => 106
1 => Popped From Local Stack
1 => 227 121
1 => 115 iterations changed to => 114
1 => Popped From Local Stack
1 => 245 129
1 => 124 iterations changed to => 123
1 => Popped From Local Stack
1 => 265 138
1 => 150 iterations changed to => 147
1 => Popped From Local Stack
1 => 319 164
1 => 148 iterations changed to => 139
1 => Popped From Local Stack
1 => 321 164
1 => 140 iterations changed to => 131
1 => Popped From Local Stack
1 => 323 164
1 => 144 iterations changed to => 143
1 => Popped From Local Stack
1 => 349 176
1 => 150 iterations changed to => 149
1 => Popped From Local Stack
1 => 363 182
1 => 150 iterations changed to => 135
1 => Popped From Local Stack
1 => 365 182
1 => 142 iterations changed to => 141
1 => Popped From Local Stack
1 => 379 188
1 => 148 iterations changed to => 147
1 => Popped From Local Stack
1 => 393 194
1 => 150 iterations changed to => 93
1 => Popped From Local Stack
1 => 399 196
1 => 94 iterations changed to => 83
1 => Popped From Local Stack
1 => 401 196
1 => 84 iterations changed to => 68
1 => Popped From Local Stack
1 => 403 196
1 => 76 iterations changed to => 75
1 => Popped From Local Stack
1 => 419 203
1 => 117 iterations changed to => 116
1 => Popped From Local Stack
1 => 503 244
1 => 152 iterations changed to => 151
1 => Popped From Local Stack
1 => 575 279
1 => 154 iterations changed to => 143
1 => Popped From Local Stack
1 => 581 281
1 => 144 iterations changed to => 135
1 => Popped From Local Stack
1 => 583 281
1 => 136 iterations changed to => 126
1 => Popped From Local Stack
1 => 585 281
1 => 140 iterations changed to => 139
1 => Popped From Local Stack
1 => 613 294
1 => 152 iterations changed to => 146
1 => Popped From Local Stack
1 => 639 306
1 => 154 iterations changed to => 149
1 => Popped From Local Stack
1 => 655 313
1 => 150 iterations changed to => 130
1 => Popped From Local Stack
1 => 657 313
1 => 133 iterations changed to => 132
1 => Popped From Local Stack
1 => 663 315
1 => 145 iterations changed to => 139
1 => Popped From Local Stack
1 => 689 327
1 => 154 iterations changed to => 150
1 => Popped From Local Stack
1 => 719 341
1 => 154 iterations changed to => 152
1 => Popped From Local Stack
1 => 727 344
1 => 153 iterations changed to => 142
1 => Popped From Local Stack
1 => 729 344
1 => 143 iterations changed to => 106
1 => Popped From Local Stack
1 => 731 344
1 => 107 iterations changed to => 97
1 => Popped From Local Stack
1 => 733 344
1 => 98 iterations changed to => 87
1 => Popped From Local Stack
1 => 735 344
1 => 102 iterations changed to => 101
1 => Popped From Local Stack
1 => 765 358
1 => 149 iterations changed to => 148
1 => Popped From Local Stack
1 => 861 405
1 => 155 iterations changed to => 154
1 => Popped From Local Stack
1 => 875 411
1 => 156 iterations changed to => 142
1 => Popped From Local Stack
1 => 879 412
1 => 143 iterations changed to => 136
1 => Popped From Local Stack
1 => 881 412
1 => 137 iterations changed to => 130
1 => Popped From Local Stack
1 => 883 412
1 => 131 iterations changed to => 124
1 => Popped From Local Stack
1 => 885 412
1 => 125 iterations changed to => 116
1 => Popped From Local Stack
1 => 887 412
1 => 117 iterations changed to => 108
1 => Popped From Local Stack
1 => 889 412
1 => 150 iterations changed to => 149
1 => Popped From Local Stack
1 => 973 453
1 => 154 iterations changed to => 142
1 => Popped From Local Stack
1 => 983 457
1 => 145 iterations changed to => 144
1 => Popped From Local Stack
1 => 989 459
1 => 156 iterations changed to => 150
1 => Popped From Local Stack
1 => 1013 470
1 => 151 iterations changed to => 136
1 => Popped From Local Stack
1 => 1015 470
1 => 137 iterations changed to => 130
1 => Popped From Local Stack
1 => 1017 470
1 => 131 iterations changed to => 124
1 => Popped From Local Stack
1 => 1019 470
1 => 125 iterations changed to => 117
1 => Popped From Local Stack
1 => 1021 470
1 => 142 iterations changed to => 141
1 => Popped From Local Stack
1 => 1071 494
1 => 154 iterations changed to => 153
1 => Popped From Local Stack
1 => 1097 506
1 => 154 iterations changed to => 147
1 => Popped From Local Stack
1 => 1099 506
1 => 148 iterations changed to => 134
1 => Popped From Local Stack
1 => 1101 506
1 => 139 iterations changed to => 138
1 => Popped From Local Stack
1 => 1111 510
1 => 151 iterations changed to => 150
1 => Popped From Local Stack
1 => 1137 522
1 => 156 iterations changed to => 155
1 => Popped From Local Stack
1 => 1149 527
1 => 156 iterations changed to => 144
1 => Popped From Local Stack
1 => 1151 527
1 => 145 iterations changed to => 129
1 => Popped From Local Stack
1 => 1153 527
1 => 130 iterations changed to => 124
1 => Popped From Local Stack
1 => 1155 527
1 => 125 iterations changed to => 118
1 => Popped From Local Stack
1 => 1157 527
1 => 119 iterations changed to => 110
1 => Popped From Local Stack
1 => 1159 527
1 => 111 iterations changed to => 92
1 => Popped From Local Stack
1 => 1161 527
1 => 97 iterations changed to => 96
1 => Popped From Local Stack
1 => 1171 531
1 => 127 iterations changed to => 126
1 => Popped From Local Stack
1 => 1233 561
1 => 132 iterations changed to => 131
1 => Popped From Local Stack
1 => 1245 566
1 => 148 iterations changed to => 147
1 => Popped From Local Stack
1 => 1279 582
1 => 150 iterations changed to => 142
1 => Popped From Local Stack
1 => 1285 584
1 => 143 iterations changed to => 136
1 => Popped From Local Stack
1 => 1287 584
1 => 137 iterations changed to => 121
1 => Popped From Local Stack
1 => 1289 584
1 => 129 iterations changed to => 128
1 => Popped From Local Stack
1 => 1305 591
1 => 134 iterations changed to => 133
1 => Popped From Local Stack
1 => 1317 596
1 => 144 iterations changed to => 143
1 => Popped From Local Stack
1 => 1339 606
1 => 148 iterations changed to => 147
1 => Popped From Local Stack
1 => 1349 610
1 => 150 iterations changed to => 138
1 => Popped From Local Stack
1 => 1355 612
1 => 139 iterations changed to => 123
1 => Popped From Local Stack
1 => 1357 612
1 => 124 iterations changed to => 116
1 => Popped From Local Stack
1 => 1359 612
1 => 130 iterations changed to => 129
1 => Popped From Local Stack
1 => 1387 625
1 => 135 iterations changed to => 134
1 => Popped From Local Stack
1 => 1399 630
1 => 140 iterations changed to => 139
1 => Popped From Local Stack
1 => 1411 635
1 => 149 iterations changed to => 148
1 => Popped From Local Stack
1 => 1431 644
1 => 150 iterations changed to => 144
1 => Popped From Local Stack
1 => 1435 645
1 => 145 iterations changed to => 124
1 => Popped From Local Stack
1 => 1437 645
1 => 125 iterations changed to => 119
1 => Popped From Local Stack
1 => 1439 645
1 => 120 iterations changed to => 109
1 => Popped From Local Stack
1 => 1441 645
1 => 110 iterations changed to => 102
1 => Popped From Local Stack
1 => 1443 645
1 => 125 iterations changed to => 124
1 => Popped From Local Stack
1 => 1489 667
1 => 130 iterations changed to => 129
1 => Popped From Local Stack
1 => 1501 672
1 => 147 iterations changed to => 146
1 => Popped From Local Stack
1 => 1537 689
1 => 152 iterations changed to => 151
1 => Popped From Local Stack
1 => 1549 694
1 => 156 iterations changed to => 140
1 => Popped From Local Stack
1 => 1559 698
1 => 141 iterations changed to => 134
1 => Popped From Local Stack
1 => 1561 698
1 => 135 iterations changed to => 117
1 => Popped From Local Stack
1 => 1563 698
1 => 119 iterations changed to => 118
1 => Popped From Local Stack
1 => 1567 699
1 => 124 iterations changed to => 123
1 => Popped From Local Stack
1 => 1579 704
1 => 139 iterations changed to => 138
1 => Popped From Local Stack
1 => 1611 719
1 => 144 iterations changed to => 143
1 => Popped From Local Stack
1 => 1623 724
1 => 149 iterations changed to => 148
1 => Popped From Local Stack
1 => 1635 729
1 => 156 iterations changed to => 152
1 => Popped From Local Stack
1 => 1651 736
1 => 153 iterations changed to => 133
1 => Popped From Local Stack
1 => 1653 736
1 => 134 iterations changed to => 128
1 => Popped From Local Stack
1 => 1655 736
1 => 129 iterations changed to => 112
1 => Popped From Local Stack
1 => 1657 736
1 => 126 iterations changed to => 125
1 => Popped From Local Stack
1 => 1685 749
1 => 136 iterations changed to => 135
1 => Popped From Local Stack
1 => 1707 759
1 => 141 iterations changed to => 140
1 => Popped From Local Stack
1 => 1719 764
1 => 151 iterations changed to => 150
1 => Popped From Local Stack
1 => 1741 774
1 => 156 iterations changed to => 154
1 => Popped From Local Stack
1 => 1753 779
1 => 155 iterations changed to => 145
1 => Popped From Local Stack
1 => 1755 779
1 => 146 iterations changed to => 130
1 => Popped From Local Stack
1 => 1757 779
1 => 131 iterations changed to => 119
1 => Popped From Local Stack
1 => 1759 779
1 => 120 iterations changed to => 113
1 => Popped From Local Stack
1 => 1761 779
1 => 122 iterations changed to => 121
1 => Popped From Local Stack
1 => 1779 787
1 => 132 iterations changed to => 131
1 => Popped From Local Stack
1 => 1801 797
1 => 137 iterations changed to => 136
1 => Popped From Local Stack
1 => 1813 802
1 => 147 iterations changed to => 146
1 => Popped From Local Stack
1 => 1835 812
1 => 156 iterations changed to => 151
1 => Popped From Local Stack
1 => 1855 821
1 => 152 iterations changed to => 141
1 => Popped From Local Stack
1 => 1857 821
1 => 142 iterations changed to => 126
1 => Popped From Local Stack
1 => 1859 821
1 => 127 iterations changed to => 116
1 => Popped From Local Stack
1 => 1861 821
1 => 117 iterations changed to => 105
1 => Popped From Local Stack
1 => 1863 821
1 => 125 iterations changed to => 124
1 => Popped From Local Stack
1 => 1903 840
1 => 130 iterations changed to => 129
1 => Popped From Local Stack
1 => 1915 845
1 => 144 iterations changed to => 143
1 => Popped From Local Stack
1 => 1945 859
1 => 148 iterations changed to => 147
1 => Popped From Local Stack
1 => 1955 863
1 => 156 iterations changed to => 155
1 => Popped From Local Stack
1 => 1973 871
1 => 156 iterations changed to => 151
1 => Popped From Local Stack
1 => 1975 871
1 => 152 iterations changed to => 138
1 => Popped From Local Stack
1 => 1977 871
1 => 139 iterations changed to => 133
1 => Popped From Local Stack
1 => 1979 871
1 => 134 iterations changed to => 118
1 => Popped From Local Stack
1 => 1981 871
1 => 119 iterations changed to => 113
1 => Popped From Local Stack
1 => 1983 871
1 => 114 iterations changed to => 107
1 => Popped From Local Stack
1 => 1985 871
1 => 121 iterations changed to => 120
1 => Popped From Local Stack
1 => 2013 884
1 => 126 iterations changed to => 125
1 => Popped From Local Stack
1 => 2025 889
1 => 141 iterations changed to => 140
1 => Popped From Local Stack
1 => 2057 904
1 => 145 iterations changed to => 144
1 => Popped From Local Stack
1 => 2067 908
1 => 156 iterations changed to => 153
1 => Popped From Local Stack
1 => 2091 919
1 => 155 iterations changed to => 154
1 => Popped From Local Stack
1 => 2095 920
1 => 156 iterations changed to => 149
1 => Popped From Local Stack
1 => 2099 921
1 => 150 iterations changed to => 135
1 => Popped From Local Stack
1 => 2101 921
1 => 136 iterations changed to => 130
1 => Popped From Local Stack
1 => 2103 921
1 => 131 iterations changed to => 115
1 => Popped From Local Stack
1 => 2105 921
1 => 116 iterations changed to => 110
1 => Popped From Local Stack
1 => 2107 921
1 => Outcome : ReachedBound
1 =>: 27 <= UW iterations OR => 1041
1 => 2109 921
1 => new call tree total iteration : 111
1 => changing to OR
Verification Outcome : OK
Time Taken : 1672.740312
