Verifying filter_ioallocateirpsignaleventincompletion_0.bpl.bpl
Corral program verifier version 1.0.0.0
http://localhost:5002/
1 => changing to OR
1 => changing to UW
1 => Popped From Local Stack
1 => 4 2
1 => changing to OR
1 => changing to UW
1 => changing to OR
1 => changing to UW
1 => changing to OR
1 => changing to UW
1 => changing to OR
1 => Popped From Local Stack
1 => 135 68
1 => changing to UW
1 => changing to OR
1 => changing to UW
1 => changing to OR
1 => Popped From Local Stack
1 => 194 98
1 => changing to UW
1 => changing to OR
1 => changing to UW
1 => changing to OR
1 => changing to UW
1 => changing to OR
1 => changing to UW
1 => changing to OR
1 => changing to UW
1 => changing to OR
1 => changing to UW
1 => changing to OR
1 => changing to UW
1 => changing to OR
1 => changing to UW
1 => changing to OR
1 => Popped From Local Stack
1 => 355 182
1 => changing to UW
1 => changing to OR
1 => changing to UW
1 => changing to OR
1 => changing to UW
1 => changing to OR
1 => changing to UW
1 => changing to OR
1 => changing to UW
1 => changing to OR
1 => changing to UW
1 => changing to OR
1 => changing to UW
1 => changing to OR
1 => Popped From Local Stack
1 => 498 256
1 => Popped From Local Stack
1 => 502 257
1 => changing to UW
1 => changing to OR
1 => changing to UW
1 => changing to OR
1 => Popped From Local Stack
1 => 526 269
1 => Popped From Local Stack
1 => 528 269
1 => changing to UW
1 => changing to OR
1 => Popped From Local Stack
1 => 532 271
1 => Popped From Local Stack
1 => 534 271
1 => Popped From Local Stack
1 => 536 271
1 => Popped From Local Stack
1 => 538 271
1 => Popped From Local Stack
1 => 540 271
1 => Popped From Local Stack
1 => 542 271
1 => Popped From Local Stack
1 => 564 281
1 => changing to UW
1 => changing to OR
1 => changing to UW
1 => changing to OR
1 => changing to UW
1 => changing to OR
1 => changing to UW
1 => changing to OR
1 => changing to UW
1 => changing to OR
1 => changing to UW
1 => changing to OR
1 => changing to UW
1 => changing to OR
1 => Popped From Local Stack
1 => 692 348
1 => changing to UW
1 => changing to OR
1 => changing to UW
1 => changing to OR
1 => Popped From Local Stack
1 => 724 364
1 => Popped From Local Stack
1 => 728 365
1 => Popped From Local Stack
1 => 730 365
1 => Popped From Local Stack
1 => 732 365
1 => Popped From Local Stack
1 => 734 365
1 => changing to UW
1 => changing to OR
1 => changing to UW
1 => changing to OR
1 => changing to UW
1 => changing to OR
1 => changing to UW
1 => changing to OR
1 => changing to UW
1 => changing to OR
1 => changing to UW
1 => changing to OR
1 => Popped From Local Stack
1 => 864 432
1 => Popped From Local Stack
1 => 880 439
1 => Popped From Local Stack
1 => 882 439
1 => changing to UW
1 => Popped From Local Stack
1 => 883 440
1 => changing to OR
1 => Popped From Local Stack
1 => 885 440
1 => Popped From Local Stack
1 => 887 440
1 => Popped From Local Stack
1 => 889 440
1 => Outcome : ReachedBound
1 =>: 45 <= UW iterations OR => 423
1 => 891 440
1 => new call tree total iteration : 0
1 => changing to OR
Verification Outcome : OK
Time Taken : 447.606183
Verifying flpydisk_irqlexapclte1_1.bpl.bpl
Corral program verifier version 1.0.0.0
http://localhost:5002/
1 => changing to OR
1 => Popped From Local Stack
1 => 6 2
1 => changing to UW
1 => changing to OR
1 => changing to UW
1 => changing to OR
1 => Popped From Local Stack
1 => 46 22
1 => changing to UW
1 => changing to OR
1 => Popped From Local Stack
1 => 55 26
1 => changing to UW
1 => changing to OR
1 => Popped From Local Stack
1 => 92 44
1 => Popped From Local Stack
1 => 94 44
1 => changing to UW
1 => changing to OR
1 => Popped From Local Stack
1 => 139 66
1 => Popped From Local Stack
1 => 141 66
1 => Popped From Local Stack
1 => 143 66
1 => Outcome : ReachedBound
1 =>: 5 <= UW iterations OR => 70
1 => 145 66
Verification Outcome : OK
Time Taken : 638.198228
Verifying sys_zwregistrycreate_0.bpl.bpl
Corral program verifier version 1.0.0.0
http://localhost:5002/
1 => changing to OR
1 => Popped From Local Stack
1 => 6 2
1 => changing to UW
1 => changing to OR
1 => changing to UW
1 => changing to OR
1 => Popped From Local Stack
1 => 52 25
1 => Outcome : Correct
1 =>: 2 <= UW iterations OR => 26
1 => 54 25
Verification Outcome : OK
Time Taken : 1011.642449
Verifying driver_irqlkedispatchlte_1.bpl.bpl
Corral program verifier version 1.0.0.0
http://localhost:5002/
1 => changing to OR
1 => changing to UW
1 => Popped From Local Stack
1 => 4 2
1 => changing to OR
1 => changing to UW
1 => changing to OR
1 => changing to UW
1 => changing to OR
1 => changing to UW
1 => changing to OR
1 => changing to UW
1 => changing to OR
1 => Popped From Local Stack
1 => 90 47
1 => changing to UW
1 => changing to OR
1 => Popped From Local Stack
1 => 125 64
1 => Popped From Local Stack
1 => 157 79
1 => changing to UW
1 => changing to OR
1 => changing to UW
1 => changing to OR
1 => changing to UW
1 => changing to OR
1 => changing to UW
1 => changing to OR
1 => changing to UW
1 => changing to OR
1 => changing to UW
1 => changing to OR
1 => changing to UW
1 => changing to OR
1 => changing to UW
1 => changing to OR
1 => changing to UW
1 => changing to OR
1 => changing to UW
1 => changing to OR
1 => changing to UW
1 => changing to OR
1 => changing to UW
1 => changing to OR
1 => changing to UW
1 => changing to OR
1 => changing to UW
1 => changing to OR
1 => changing to UW
1 => changing to OR
1 => changing to UW
1 => changing to OR
1 => changing to UW
1 => changing to OR
1 => Popped From Local Stack
1 => 464 240
1 => Popped From Local Stack
1 => 480 247
1 => Popped From Local Stack
1 => 496 254
1 => changing to UW
1 => changing to OR
1 => changing to UW
1 => changing to OR
1 => changing to UW
1 => changing to OR
1 => changing to UW
1 => changing to OR
1 => changing to UW
1 => changing to OR
1 => changing to UW
1 => changing to OR
1 => changing to UW
1 => changing to OR
1 => changing to UW
1 => changing to OR
1 => changing to UW
1 => changing to OR
1 => changing to UW
1 => changing to OR
1 => changing to UW
1 => changing to OR
1 => changing to UW
1 => changing to OR
1 => changing to UW
1 => changing to OR
1 => changing to UW
1 => changing to OR
1 => changing to UW
1 => changing to OR
1 => changing to UW
1 => changing to OR
1 => changing to UW
1 => changing to OR
1 => changing to UW
1 => changing to OR
1 => changing to UW
1 => changing to OR
1 => Popped From Local Stack
1 => 808 419
1 => Popped From Local Stack
1 => 818 423
1 => changing to UW
1 => changing to OR
1 => Popped From Local Stack
1 => 827 427
1 => changing to UW
1 => changing to OR
1 => Popped From Local Stack
1 => 838 432
1 => Popped From Local Stack
1 => 848 436
1 => Popped From Local Stack
1 => 858 440
1 => changing to UW
1 => changing to OR
1 => changing to UW
1 => changing to OR
1 => changing to UW
1 => changing to OR
1 => changing to UW
1 => changing to OR
1 => changing to UW
1 => changing to OR
1 => Popped From Local Stack
1 => 979 502
1 => Popped From Local Stack
1 => 989 506
1 => Popped From Local Stack
1 => 999 510
1 => Popped From Local Stack
1 => 1007 513
1 => Popped From Local Stack
1 => 1013 515
1 => Popped From Local Stack
1 => 1015 515
1 => Popped From Local Stack
1 => 1017 515
1 => Popped From Local Stack
1 => 1019 515
1 => Popped From Local Stack
1 => 1021 515
1 => changing to UW
1 => Popped From Local Stack
1 => 1022 516
1 => changing to OR
1 => Popped From Local Stack
1 => 1025 517
1 => Popped From Local Stack
1 => 1027 517
1 => Popped From Local Stack
1 => 1029 517
1 => Popped From Local Stack
1 => 1031 517
1 => Popped From Local Stack
1 => 1033 517
1 => Popped From Local Stack
1 => 1035 517
1 => Popped From Local Stack
1 => 1037 517
1 => Popped From Local Stack
1 => 1039 517
1 => changing to UW
1 => changing to OR
1 => changing to UW
1 => changing to OR
1 => changing to UW
1 => changing to OR
1 => changing to UW
1 => changing to OR
1 => changing to UW
1 => changing to OR
1 => Popped From Local Stack
1 => 1128 563
1 => Popped From Local Stack
1 => 1138 567
1 => changing to UW
1 => Popped From Local Stack
1 => 1143 570
1 => changing to OR
1 => changing to UW
1 => changing to OR
1 => Popped From Local Stack
1 => 1174 585
1 => Popped From Local Stack
1 => 1176 585
1 => Popped From Local Stack
1 => 1178 585
1 => Popped From Local Stack
1 => 1180 585
1 => Popped From Local Stack
1 => 1182 585
1 => Popped From Local Stack
1 => 1184 585
1 => changing to UW
1 => changing to OR
1 => Popped From Local Stack
1 => 1187 586
1 => Popped From Local Stack
1 => 1189 586
1 => Popped From Local Stack
1 => 1191 586
1 => Popped From Local Stack
1 => 1193 586
1 => Popped From Local Stack
1 => 1195 586
1 => Popped From Local Stack
1 => 1197 586
1 => Popped From Local Stack
1 => 1199 586
1 => Popped From Local Stack
1 => 1201 586
1 => Popped From Local Stack
1 => 1203 586
1 => changing to UW
1 => changing to OR
1 => Popped From Local Stack
1 => 1209 589
1 => changing to UW
1 => changing to OR
1 => Popped From Local Stack
1 => 1216 592
1 => Popped From Local Stack
1 => 1234 600
1 => Popped From Local Stack
1 => 1236 600
1 => Popped From Local Stack
1 => 1238 600
1 => Popped From Local Stack
1 => 1240 600
1 => Popped From Local Stack
1 => 1242 600
1 => Popped From Local Stack
1 => 1244 600
1 => Popped From Local Stack
1 => 1246 600
1 => Popped From Local Stack
1 => 1248 600
1 => Popped From Local Stack
1 => 1250 600
1 => changing to UW
1 => changing to OR
1 => changing to UW
1 => changing to OR
1 => changing to UW
1 => changing to OR
1 => Popped From Local Stack
1 => 1281 616
1 => changing to UW
1 => changing to OR
1 => Popped From Local Stack
1 => 1290 620
1 => Popped From Local Stack
1 => 1298 623
1 => changing to UW
1 => changing to OR
1 => Popped From Local Stack
1 => 1305 626
1 => Popped From Local Stack
1 => 1315 630
1 => changing to UW
1 => changing to OR
1 => changing to UW
1 => changing to OR
1 => changing to UW
1 => changing to OR
1 => changing to UW
1 => changing to OR
1 => changing to UW
1 => changing to OR
1 => changing to UW
1 => changing to OR
1 => changing to UW
1 => changing to OR
1 => changing to UW
1 => changing to OR
1 => changing to UW
1 => Popped From Local Stack
1 => 1438 696
1 => changing to OR
1 => changing to UW
1 => changing to OR
1 => Popped From Local Stack
1 => 1449 701
1 => Popped From Local Stack
1 => 1457 704
1 => Popped From Local Stack
1 => 1463 706
1 => Popped From Local Stack
1 => 1465 706
1 => Popped From Local Stack
1 => 1467 706
1 => Popped From Local Stack
1 => 1469 706
1 => Popped From Local Stack
1 => 1471 706
1 => Popped From Local Stack
1 => 1473 706
1 => Popped From Local Stack
1 => 1475 706
1 => Popped From Local Stack
1 => 1477 706
1 => Popped From Local Stack
1 => 1479 706
1 => Popped From Local Stack
1 => 1481 706
1 => Popped From Local Stack
1 => 1483 706
1 => Popped From Local Stack
1 => 1485 706
1 => Popped From Local Stack
1 => 1487 706
1 => changing to UW
1 => changing to OR
1 => changing to UW
1 => changing to OR
1 => changing to UW
1 => changing to OR
1 => changing to UW
1 => changing to OR
1 => Popped From Local Stack
1 => 1576 752
1 => changing to UW
1 => changing to OR
1 => Popped From Local Stack
1 => 1587 757
1 => Popped From Local Stack
1 => 1593 759
1 => changing to UW
1 => changing to OR
1 => Popped From Local Stack
1 => 1604 764
1 => Popped From Local Stack
1 => 1606 764
1 => Popped From Local Stack
1 => 1608 764
1 => Popped From Local Stack
1 => 1610 764
1 => Popped From Local Stack
1 => 1612 764
1 => Popped From Local Stack
1 => 1614 764
1 => Popped From Local Stack
1 => 1616 764
1 => Popped From Local Stack
1 => 1618 764
1 => Popped From Local Stack
1 => 1620 764
1 => Popped From Local Stack
1 => 1622 764
1 => Popped From Local Stack
1 => 1624 764
1 => Popped From Local Stack
1 => 1626 764
1 => Popped From Local Stack
1 => 1628 764
1 => Popped From Local Stack
1 => 1630 764
1 => Popped From Local Stack
1 => 1632 764
1 => Popped From Local Stack
1 => 1634 764
1 => Popped From Local Stack
1 => 1636 764
1 => Popped From Local Stack
1 => 1638 764
1 => Popped From Local Stack
1 => 1640 764
1 => Popped From Local Stack
1 => 1642 764
1 => Popped From Local Stack
1 => 1644 764
1 => Popped From Local Stack
1 => 1646 764
1 => Popped From Local Stack
1 => 1648 764
1 => Popped From Local Stack
1 => 1650 764
1 => changing to UW
1 => changing to OR
1 => Popped From Local Stack
1 => 1685 781
1 => Popped From Local Stack
1 => 1697 786
1 => changing to UW
1 => changing to OR
1 => changing to UW
1 => changing to OR
1 => Popped From Local Stack
1 => 1707 791
1 => changing to UW
1 => changing to OR
1 => Popped From Local Stack
1 => 1718 796
1 => Popped From Local Stack
1 => 1728 800
1 => changing to UW
1 => changing to OR
1 => changing to UW
1 => changing to OR
1 => changing to UW
1 => changing to OR
1 => changing to UW
1 => Popped From Local Stack
1 => 1790 833
1 => changing to OR
1 => changing to UW
1 => changing to OR
1 => changing to UW
1 => changing to OR
1 => changing to UW
1 => changing to OR
1 => changing to UW
1 => changing to OR
1 => changing to UW
1 => changing to OR
1 => changing to UW
1 => changing to OR
1 => changing to UW
1 => changing to OR
1 => Popped From Local Stack
1 => 1891 887
1 => changing to UW
1 => changing to OR
1 => Popped From Local Stack
1 => 1898 890
1 => Popped From Local Stack
1 => 1904 892
1 => Popped From Local Stack
1 => 1908 893
1 => Popped From Local Stack
1 => 1910 893
1 => changing to UW
1 => Popped From Local Stack
1 => 1911 893
1 => changing to OR
1 => Popped From Local Stack
1 => 1913 893
1 => Popped From Local Stack
1 => 1915 893
1 => Popped From Local Stack
1 => 1917 893
1 => Popped From Local Stack
1 => 1919 893
1 => Popped From Local Stack
1 => 1921 893
1 => Popped From Local Stack
1 => 1923 893
1 => Popped From Local Stack
1 => 1925 893
1 => Popped From Local Stack
1 => 1927 893
1 => Popped From Local Stack
1 => 1929 893
1 => Popped From Local Stack
1 => 1931 893
1 => Popped From Local Stack
1 => 1933 893
1 => Popped From Local Stack
1 => 1935 893
1 => Popped From Local Stack
1 => 1937 893
1 => Popped From Local Stack
1 => 1939 893
1 => Popped From Local Stack
1 => 1941 893
1 => Popped From Local Stack
1 => 1943 893
1 => Popped From Local Stack
1 => 1945 893
1 => Popped From Local Stack
1 => 1947 893
1 => Popped From Local Stack
1 => 1949 893
1 => Popped From Local Stack
1 => 1951 893
1 => Popped From Local Stack
1 => 1953 893
1 => Popped From Local Stack
1 => 1955 893
1 => changing to UW
1 => Popped From Local Stack
1 => 1956 893
1 => changing to OR
1 => Popped From Local Stack
1 => 1958 893
1 => Popped From Local Stack
1 => 1960 893
1 => Popped From Local Stack
1 => 1962 893
1 => Popped From Local Stack
1 => 1964 893
1 => Popped From Local Stack
1 => 1966 893
1 => Popped From Local Stack
1 => 1968 893
1 => Popped From Local Stack
1 => 1970 893
1 => Popped From Local Stack
1 => 1972 893
1 => Popped From Local Stack
1 => 1974 893
1 => Popped From Local Stack
1 => 1980 895
1 => changing to UW
1 => changing to OR
1 => changing to UW
1 => changing to OR
1 => Popped From Local Stack
1 => 1995 903
1 => changing to UW
1 => changing to OR
1 => Popped From Local Stack
1 => 2007 909
1 => Popped From Local Stack
1 => 2017 913
1 => changing to UW
1 => changing to OR
1 => changing to UW
1 => changing to OR
1 => Popped From Local Stack
1 => 2029 919
1 => changing to UW
1 => changing to OR
1 => changing to UW
1 => changing to OR
1 => changing to UW
1 => changing to OR
1 => Popped From Local Stack
1 => 2086 948
1 => changing to UW
1 => changing to OR
1 => changing to UW
1 => changing to OR
1 => changing to UW
1 => changing to OR
1 => changing to UW
1 => changing to OR
1 => changing to UW
1 => changing to OR
1 => Popped From Local Stack
1 => 2192 1003
1 => Popped From Local Stack
1 => 2202 1007
1 => changing to UW
1 => changing to OR
1 => Popped From Local Stack
1 => 2207 1009
1 => changing to UW
1 => changing to OR
1 => Popped From Local Stack
1 => 2230 1020
1 => Popped From Local Stack
1 => 2232 1020
1 => Popped From Local Stack
1 => 2234 1020
1 => Popped From Local Stack
1 => 2236 1020
1 => changing to UW
1 => Popped From Local Stack
1 => 2237 1020
1 => changing to OR
1 => Popped From Local Stack
1 => 2239 1020
1 => Popped From Local Stack
1 => 2241 1020
1 => changing to UW
1 => Popped From Local Stack
1 => 2242 1020
1 => changing to OR
1 => Popped From Local Stack
1 => 2244 1020
1 => Popped From Local Stack
1 => 2246 1020
1 => Popped From Local Stack
1 => 2248 1020
1 => changing to UW
1 => Popped From Local Stack
1 => 2249 1020
1 => changing to OR
1 => Popped From Local Stack
1 => 2251 1020
1 => Popped From Local Stack
1 => 2253 1020
1 => Popped From Local Stack
1 => 2255 1020
1 => Popped From Local Stack
1 => 2257 1020
1 => Popped From Local Stack
1 => 2259 1020
1 => Popped From Local Stack
1 => 2261 1020
1 => Popped From Local Stack
1 => 2263 1020
1 => Popped From Local Stack
1 => 2265 1020
1 => Popped From Local Stack
1 => 2267 1020
1 => Popped From Local Stack
1 => 2269 1020
1 => Popped From Local Stack
1 => 2271 1020
1 => changing to UW
1 => changing to OR
1 => Popped From Local Stack
1 => 2274 1021
1 => Popped From Local Stack
1 => 2276 1021
1 => Popped From Local Stack
1 => 2278 1021
1 => Popped From Local Stack
1 => 2280 1021
1 => Popped From Local Stack
1 => 2282 1021
1 => Popped From Local Stack
1 => 2284 1021
1 => Popped From Local Stack
1 => 2286 1021
1 => changing to UW
1 => changing to OR
1 => Popped From Local Stack
1 => 2299 1027
1 => Popped From Local Stack
1 => 2313 1033
1 => changing to UW
1 => changing to OR
1 => changing to UW
1 => changing to OR
1 => changing to UW
1 => changing to OR
1 => changing to UW
1 => changing to OR
1 => changing to UW
1 => changing to OR
1 => changing to UW
1 => changing to OR
1 => changing to UW
1 => changing to OR
1 => changing to UW
1 => changing to OR
1 => changing to UW
1 => changing to OR
1 => changing to UW
1 => changing to OR
1 => changing to UW
1 => changing to OR
1 => Popped From Local Stack
1 => 2644 1204
1 => Popped From Local Stack
1 => 2656 1209
1 => changing to UW
1 => Popped From Local Stack
1 => 2667 1215
1 => changing to OR
1 => Popped From Local Stack
1 => 2679 1220
1 => Popped From Local Stack
1 => 2689 1224
1 => Popped From Local Stack
1 => 2701 1229
1 => changing to UW
1 => changing to OR
1 => changing to UW
1 => changing to OR
1 => changing to UW
1 => changing to OR
1 => changing to UW
1 => changing to OR
1 => changing to UW
1 => changing to OR
1 => Popped From Local Stack
1 => 2792 1276
1 => changing to UW
1 => changing to OR
1 => changing to UW
1 => changing to OR
1 => changing to UW
1 => changing to OR
1 => changing to UW
1 => changing to OR
1 => Popped From Local Stack
1 => 2876 1319
1 => Popped From Local Stack
1 => 2886 1323
1 => Popped From Local Stack
1 => 2892 1325
1 => changing to UW
1 => changing to OR
1 => changing to UW
1 => changing to OR
1 => Popped From Local Stack
1 => 2943 1351
1 => Popped From Local Stack
1 => 2945 1351
1 => changing to UW
1 => changing to OR
1 => Popped From Local Stack
1 => 2948 1352
1 => Popped From Local Stack
1 => 2950 1352
1 => Popped From Local Stack
1 => 2952 1352
1 => Popped From Local Stack
1 => 2954 1352
1 => Popped From Local Stack
1 => 2956 1352
1 => Popped From Local Stack
1 => 2958 1352
1 => Popped From Local Stack
1 => 2960 1352
1 => Popped From Local Stack
1 => 2962 1352
1 => Popped From Local Stack
1 => 2964 1352
1 => Popped From Local Stack
1 => 2966 1352
1 => Popped From Local Stack
1 => 2968 1352
1 => Popped From Local Stack
1 => 2976 1355
1 => Popped From Local Stack
1 => 2982 1357
1 => Popped From Local Stack
1 => 3004 1367
1 => Popped From Local Stack
1 => 3006 1367
1 => changing to UW
1 => changing to OR
1 => Popped From Local Stack
1 => 3009 1368
1 => Popped From Local Stack
1 => 3011 1368
1 => Popped From Local Stack
1 => 3013 1368
1 => Popped From Local Stack
1 => 3015 1368
1 => Popped From Local Stack
1 => 3017 1368
1 => Popped From Local Stack
1 => 3019 1368
1 => Popped From Local Stack
1 => 3021 1368
1 => Popped From Local Stack
1 => 3023 1368
1 => changing to UW
1 => changing to OR
1 => Popped From Local Stack
1 => 3026 1369
1 => Popped From Local Stack
1 => 3028 1369
1 => Popped From Local Stack
1 => 3030 1369
1 => Popped From Local Stack
1 => 3032 1369
1 => Popped From Local Stack
1 => 3034 1369
1 => Popped From Local Stack
1 => 3036 1369
1 => changing to UW
1 => changing to OR
1 => Popped From Local Stack
1 => 3039 1370
1 => changing to UW
1 => changing to OR
1 => Popped From Local Stack
1 => 3052 1376
1 => Popped From Local Stack
1 => 3054 1376
1 => Popped From Local Stack
1 => 3056 1376
1 => Popped From Local Stack
1 => 3058 1376
1 => Popped From Local Stack
1 => 3060 1376
1 => changing to UW
1 => changing to OR
1 => Popped From Local Stack
1 => 3063 1377
1 => Popped From Local Stack
1 => 3065 1377
1 => changing to UW
1 => changing to OR
1 => Popped From Local Stack
1 => 3068 1378
1 => Popped From Local Stack
1 => 3070 1378
1 => changing to UW
1 => changing to OR
1 => changing to UW
1 => changing to OR
1 => changing to UW
1 => changing to OR
1 => changing to UW
1 => changing to OR
1 => Popped From Local Stack
1 => 3114 1401
1 => changing to UW
1 => Popped From Local Stack
1 => 3123 1406
1 => changing to OR
1 => changing to UW
1 => changing to OR
1 => changing to UW
1 => Popped From Local Stack
1 => 3132 1412
1 => changing to OR
1 => Popped From Local Stack
1 => 3143 1417
1 => changing to UW
1 => changing to OR
1 => Popped From Local Stack
1 => 3152 1421
1 => changing to UW
1 => changing to OR
1 => changing to UW
1 => changing to OR
1 => changing to UW
1 => changing to OR
1 => changing to UW
1 => changing to OR
1 => changing to UW
1 => changing to OR
1 => Popped From Local Stack
1 => 3207 1450
1 => changing to UW
1 => changing to OR
1 => changing to UW
1 => changing to OR
1 => changing to UW
1 => changing to OR
1 => changing to UW
1 => changing to OR
1 => Popped From Local Stack
1 => 3297 1496
1 => changing to UW
1 => changing to OR
1 => Popped From Local Stack
1 => 3304 1499
1 => Popped From Local Stack
1 => 3310 1501
1 => Popped From Local Stack
1 => 3324 1507
1 => Popped From Local Stack
1 => 3326 1507
1 => Popped From Local Stack
1 => 3328 1507
1 => Popped From Local Stack
1 => 3330 1507
1 => Popped From Local Stack
1 => 3332 1507
1 => Popped From Local Stack
1 => 3334 1507
1 => Popped From Local Stack
1 => 3336 1507
1 => changing to UW
1 => changing to OR
1 => Popped From Local Stack
1 => 3339 1508
1 => Popped From Local Stack
1 => 3341 1508
1 => Popped From Local Stack
1 => 3343 1508
1 => changing to UW
1 => changing to OR
1 => Popped From Local Stack
1 => 3346 1509
1 => Popped From Local Stack
1 => 3348 1509
1 => changing to UW
1 => changing to OR
1 => Popped From Local Stack
1 => 3352 1511
1 => Popped From Local Stack
1 => 3354 1511
1 => Popped From Local Stack
1 => 3356 1511
1 => Popped From Local Stack
1 => 3358 1511
1 => Popped From Local Stack
1 => 3360 1511
1 => Popped From Local Stack
1 => 3362 1511
1 => Popped From Local Stack
1 => 3364 1511
1 => Popped From Local Stack
1 => 3366 1511
1 => Popped From Local Stack
1 => 3368 1511
1 => Popped From Local Stack
1 => 3370 1511
1 => Popped From Local Stack
1 => 3372 1511
1 => Popped From Local Stack
1 => 3374 1511
1 => Popped From Local Stack
1 => 3376 1511
1 => Popped From Local Stack
1 => 3378 1511
1 => Popped From Local Stack
1 => 3380 1511
1 => changing to UW
1 => changing to OR
1 => Popped From Local Stack
1 => 3383 1512
1 => Popped From Local Stack
1 => 3385 1512
1 => Popped From Local Stack
1 => 3387 1512
1 => Popped From Local Stack
1 => 3389 1512
1 => Popped From Local Stack
1 => 3391 1512
1 => Popped From Local Stack
1 => 3393 1512
1 => Popped From Local Stack
1 => 3395 1512
1 => Popped From Local Stack
1 => 3397 1512
1 => Popped From Local Stack
1 => 3399 1512
1 => changing to UW
1 => changing to OR
1 => Popped From Local Stack
1 => 3403 1514
1 => Popped From Local Stack
1 => 3405 1514
1 => changing to UW
1 => changing to OR
1 => changing to UW
1 => changing to OR
1 => Popped From Local Stack
1 => 3437 1530
1 => changing to UW
1 => changing to OR
1 => changing to UW
1 => changing to OR
1 => Popped From Local Stack
1 => 3449 1536
1 => Popped From Local Stack
1 => 3459 1540
1 => changing to UW
1 => changing to OR
1 => Popped From Local Stack
1 => 3470 1545
1 => Popped From Local Stack
1 => 3480 1549
1 => changing to UW
1 => changing to OR
1 => changing to UW
1 => changing to OR
1 => changing to UW
1 => changing to OR
1 => Popped From Local Stack
1 => 3569 1594
1 => changing to UW
1 => changing to OR
1 => changing to UW
1 => changing to OR
1 => changing to UW
1 => changing to OR
1 => changing to UW
1 => changing to OR
1 => changing to UW
1 => changing to OR
1 => changing to UW
1 => changing to OR
1 => changing to UW
1 => changing to OR
1 => changing to UW
1 => Popped From Local Stack
1 => 3660 1644
1 => changing to OR
1 => Popped From Local Stack
1 => 3668 1647
1 => changing to UW
1 => changing to OR
1 => Popped From Local Stack
1 => 3675 1650
1 => Popped From Local Stack
1 => 3677 1650
1 => Popped From Local Stack
1 => 3679 1650
1 => changing to UW
1 => changing to OR
1 => Popped From Local Stack
1 => 3682 1651
1 => Popped From Local Stack
1 => 3684 1651
1 => Popped From Local Stack
1 => 3686 1651
1 => Popped From Local Stack
1 => 3688 1651
1 => Popped From Local Stack
1 => 3690 1651
1 => Popped From Local Stack
1 => 3692 1651
1 => Popped From Local Stack
1 => 3694 1651
1 => changing to UW
1 => changing to OR
1 => Popped From Local Stack
1 => 3697 1652
1 => Popped From Local Stack
1 => 3699 1652
1 => Popped From Local Stack
1 => 3701 1652
1 => Popped From Local Stack
1 => 3703 1652
1 => Popped From Local Stack
1 => 3705 1652
1 => Popped From Local Stack
1 => 3707 1652
1 => Popped From Local Stack
1 => 3709 1652
1 => Popped From Local Stack
1 => 3711 1652
1 => Popped From Local Stack
1 => 3713 1652
1 => Popped From Local Stack
1 => 3715 1652
1 => Popped From Local Stack
1 => 3717 1652
1 => Popped From Local Stack
1 => 3719 1652
1 => Popped From Local Stack
1 => 3721 1652
1 => Popped From Local Stack
1 => 3723 1652
1 => changing to UW
1 => changing to OR
1 => Popped From Local Stack
1 => 3726 1653
1 => Popped From Local Stack
1 => 3728 1653
1 => Popped From Local Stack
1 => 3730 1653
1 => Popped From Local Stack
1 => 3732 1653
1 => changing to UW
1 => changing to OR
1 => Popped From Local Stack
1 => 3736 1655
1 => Popped From Local Stack
1 => 3738 1655
1 => Popped From Local Stack
1 => 3740 1655
1 => changing to UW
1 => Popped From Local Stack
1 => 3741 1655
1 => changing to OR
1 => Popped From Local Stack
1 => 3743 1655
1 => Popped From Local Stack
1 => 3745 1655
1 => Popped From Local Stack
1 => 3747 1655
1 => Popped From Local Stack
1 => 3749 1655
1 => Popped From Local Stack
1 => 3751 1655
1 => Popped From Local Stack
1 => 3753 1655
1 => Popped From Local Stack
1 => 3759 1657
1 => Popped From Local Stack
1 => 3773 1663
1 => changing to UW
1 => changing to OR
1 => changing to UW
1 => changing to OR
1 => Popped From Local Stack
1 => 3785 1669
1 => Popped From Local Stack
1 => 3797 1674
1 => changing to UW
1 => changing to OR
1 => Popped From Local Stack
1 => 3808 1679
1 => changing to UW
1 => changing to OR
1 => changing to UW
1 => changing to OR
1 => Popped From Local Stack
1 => 3874 1712
1 => changing to UW
1 => changing to OR
1 => changing to UW
1 => changing to OR
1 => changing to UW
1 => changing to OR
1 => changing to UW
1 => changing to OR
1 => changing to UW
1 => changing to OR
1 => changing to UW
1 => changing to OR
1 => Popped From Local Stack
1 => 3985 1770
1 => Popped From Local Stack
1 => 3995 1774
1 => Popped From Local Stack
1 => 4001 1776
1 => changing to UW
1 => changing to OR
1 => Popped From Local Stack
1 => 4016 1783
1 => Popped From Local Stack
1 => 4018 1783
1 => changing to UW
1 => changing to OR
1 => Popped From Local Stack
1 => 4021 1784
1 => Popped From Local Stack
1 => 4023 1784
1 => Popped From Local Stack
1 => 4025 1784
1 => Popped From Local Stack
1 => 4027 1784
1 => Popped From Local Stack
1 => 4029 1784
1 => Popped From Local Stack
1 => 4031 1784
1 => Popped From Local Stack
1 => 4033 1784
1 => Popped From Local Stack
1 => 4035 1784
1 => Popped From Local Stack
1 => 4037 1784
1 => Popped From Local Stack
1 => 4039 1784
1 => Popped From Local Stack
1 => 4041 1784
1 => Popped From Local Stack
1 => 4043 1784
1 => Popped From Local Stack
1 => 4047 1785
1 => changing to UW
1 => changing to OR
1 => Popped From Local Stack
1 => 4050 1786
1 => Popped From Local Stack
1 => 4052 1786
1 => Popped From Local Stack
1 => 4054 1786
1 => Popped From Local Stack
1 => 4056 1786
1 => Popped From Local Stack
1 => 4058 1786
1 => Popped From Local Stack
1 => 4060 1786
1 => Popped From Local Stack
1 => 4062 1786
1 => Popped From Local Stack
1 => 4064 1786
1 => Popped From Local Stack
1 => 4066 1786
1 => Popped From Local Stack
1 => 4068 1786
1 => Popped From Local Stack
1 => 4070 1786
1 => Popped From Local Stack
1 => 4072 1786
1 => Popped From Local Stack
1 => 4074 1786
1 => Popped From Local Stack
1 => 4076 1786
1 => Popped From Local Stack
1 => 4082 1788
1 => changing to UW
1 => changing to OR
1 => changing to UW
1 => changing to OR
1 => Popped From Local Stack
1 => 4104 1799
1 => changing to UW
1 => changing to OR
1 => changing to UW
1 => changing to OR
1 => changing to UW
1 => changing to OR
1 => changing to UW
1 => changing to OR
1 => changing to UW
1 => changing to OR
1 => changing to UW
1 => changing to OR
1 => changing to UW
1 => changing to OR
1 => changing to UW
1 => changing to OR
1 => changing to UW
1 => changing to OR
1 => changing to UW
1 => changing to OR
1 => changing to UW
1 => changing to OR
1 => changing to UW
1 => changing to OR
1 => changing to UW
1 => changing to OR
1 => changing to UW
1 => changing to OR
1 => changing to UW
1 => changing to OR
1 => changing to UW
1 => changing to OR
1 => changing to UW
1 => changing to OR
1 => changing to UW
1 => changing to OR
1 => changing to UW
1 => Popped From Local Stack
1 => 4422 1969
1 => changing to OR
1 => Popped From Local Stack
1 => 4432 1973
1 => changing to UW
1 => changing to OR
1 => Popped From Local Stack
1 => 4440 1977
1 => Popped From Local Stack
1 => 4448 1980
1 => Popped From Local Stack
1 => 4456 1983
1 => Popped From Local Stack
1 => 4464 1986
1 => changing to UW
1 => changing to OR
1 => changing to UW
1 => changing to OR
1 => Popped From Local Stack
1 => 4494 2001
1 => Popped From Local Stack
1 => 4504 2005
1 => Popped From Local Stack
1 => 4508 2006
1 => changing to UW
1 => changing to OR
1 => changing to UW
1 => changing to OR
1 => changing to UW
1 => changing to OR
1 => changing to UW
1 => changing to OR
1 => changing to UW
1 => changing to OR
1 => changing to UW
1 => changing to OR
1 => Popped From Local Stack
1 => 4600 2054
1 => Popped From Local Stack
1 => 4608 2057
1 => changing to UW
1 => changing to OR
1 => changing to UW
1 => changing to OR
1 => Popped From Local Stack
1 => 4614 2060
1 => changing to UW
1 => changing to OR
1 => Popped From Local Stack
1 => 4621 2063
1 => Popped From Local Stack
1 => 4629 2066
1 => changing to UW
1 => changing to OR
1 => Popped From Local Stack
1 => 4650 2076
1 => Popped From Local Stack
1 => 4652 2076
1 => changing to UW
1 => changing to OR
1 => Popped From Local Stack
1 => 4655 2077
1 => Popped From Local Stack
1 => 4657 2077
1 => Popped From Local Stack
1 => 4659 2077
1 => Popped From Local Stack
1 => 4661 2077
1 => Popped From Local Stack
1 => 4663 2077
1 => changing to UW
1 => changing to OR
1 => Popped From Local Stack
1 => 4676 2083
1 => Popped From Local Stack
1 => 4684 2086
1 => changing to UW
1 => changing to OR
1 => changing to UW
1 => changing to OR
1 => Popped From Local Stack
1 => 4707 2098
1 => Popped From Local Stack
1 => 4711 2099
1 => Popped From Local Stack
1 => 4713 2099
1 => Popped From Local Stack
1 => 4715 2099
1 => Popped From Local Stack
1 => 4717 2099
1 => Popped From Local Stack
1 => 4719 2099
1 => Popped From Local Stack
1 => 4721 2099
1 => Popped From Local Stack
1 => 4723 2099
1 => Popped From Local Stack
1 => 4725 2099
1 => Popped From Local Stack
1 => 4727 2099
1 => Popped From Local Stack
1 => 4729 2099
1 => Popped From Local Stack
1 => 4731 2099
1 => Popped From Local Stack
1 => 4733 2099
1 => Popped From Local Stack
1 => 4735 2099
1 => Popped From Local Stack
1 => 4737 2099
1 => Popped From Local Stack
1 => 4739 2099
1 => Popped From Local Stack
1 => 4741 2099
1 => Popped From Local Stack
1 => 4743 2099
1 => Popped From Local Stack
1 => 4745 2099
1 => Popped From Local Stack
1 => 4747 2099
1 => Popped From Local Stack
1 => 4749 2099
1 => changing to UW
1 => changing to OR
1 => changing to UW
1 => Popped From Local Stack
1 => 4791 2121
1 => changing to OR
1 => Popped From Local Stack
1 => 4801 2125
1 => changing to UW
1 => changing to OR
1 => Popped From Local Stack
1 => 4810 2129
Verification Outcome : TIMEDOUT
Time Taken : 2E-06
Verifying serial_markingqueuedirps_1.bpl.bpl
Corral program verifier version 1.0.0.0
http://localhost:5002/
1 => changing to OR
1 => Popped From Local Stack
1 => 6 2
1 => changing to UW
1 => changing to OR
1 => changing to UW
1 => changing to OR
1 => changing to UW
1 => changing to OR
1 => changing to UW
1 => changing to OR
1 => Popped From Local Stack
1 => 78 39
1 => changing to UW
1 => changing to OR
1 => changing to UW
1 => changing to OR
1 => changing to UW
1 => changing to OR
1 => changing to UW
1 => changing to OR
1 => Popped From Local Stack
1 => 210 106
1 => changing to UW
1 => changing to OR
1 => changing to UW
1 => changing to OR
1 => changing to UW
1 => changing to OR
1 => changing to UW
1 => changing to OR
1 => changing to UW
1 => changing to OR
1 => changing to UW
1 => changing to OR
1 => changing to UW
1 => changing to OR
1 => Popped From Local Stack
1 => 377 193
1 => changing to UW
1 => changing to OR
1 => Popped From Local Stack
1 => 395 202
1 => changing to UW
1 => changing to OR
1 => changing to UW
1 => changing to OR
1 => Popped From Local Stack
1 => 439 224
1 => Popped From Local Stack
1 => 441 224
1 => Popped From Local Stack
1 => 443 224
1 => Popped From Local Stack
1 => 445 224
1 => changing to UW
1 => Popped From Local Stack
1 => 446 225
1 => changing to OR
1 => Popped From Local Stack
1 => 448 225
1 => Popped From Local Stack
1 => 450 225
1 => Popped From Local Stack
1 => 452 225
1 => Popped From Local Stack
1 => 454 225
1 => Popped From Local Stack
1 => 456 225
1 => changing to UW
1 => changing to OR
1 => changing to UW
1 => changing to OR
1 => Popped From Local Stack
1 => 495 245
1 => changing to UW
1 => changing to OR
1 => changing to UW
1 => changing to OR
1 => changing to UW
1 => changing to OR
1 => Popped From Local Stack
1 => 518 257
1 => Popped From Local Stack
1 => 528 261
1 => Outcome : ReachedBound
1 =>: 28 <= UW iterations OR => 251
1 => 530 261
Verification Outcome : OK
Time Taken : 199.332608
