starting script
config => /myDir:/home/jaydeep/Thesis/Programs/sdv/unsafe /si /oldCorralFlags /useProverEvaluate /recursionBound:3 /alphaInterleaving:0 /killAfter:10
sleep start
Saturday 12 June 2021 02:40:00 PM IST
11
sleep complete
Saturday 12 June 2021 02:40:11 PM IST
killing z3 process
killing completed


Batch 2 started
config => /myDir:/home/jaydeep/Thesis/Programs/sdv/unsafe /si /oldCorralFlags /useProverEvaluate /recursionBound:10 /alphaInterleaving:100 /killAfter:10
sleep start
Saturday 12 June 2021 02:40:12 PM IST
11
sleep complete
Saturday 12 June 2021 02:40:23 PM IST
killing z3 process
killing completed


Batch 3 started
config => /myDir:/home/jaydeep/Thesis/Programs/sdv/unsafe /si /oldCorralFlags /useProverEvaluate /recursionBound:5 /alphaInterleaving:50 /killAfter:10
sleep start
Saturday 12 June 2021 02:40:24 PM IST
11
sleep complete
Saturday 12 June 2021 02:40:35 PM IST
killing z3 process
killing completed


