Verifying filter_ioallocateirpsignaleventincompletion_0.bpl.bpl
Corral program verifier version 1.0.0.0
http://localhost:5002/
1 => changing to UW
1 => Popped From Local Stack
1 => 3 2
1 => changing to OR
1 => changing to UW
1 => changing to OR
1 => changing to UW
1 => changing to OR
1 => changing to UW
1 => changing to OR
1 => changing to UW
1 => changing to OR
1 => changing to UW
1 => changing to OR
1 => changing to UW
1 => changing to OR
1 => changing to UW
1 => changing to OR
1 => changing to UW
1 => changing to OR
1 => changing to UW
1 => Popped From Local Stack
1 => 51 36
1 => changing to OR
1 => changing to UW
1 => changing to OR
1 => Popped From Local Stack
1 => 61 42
1 => changing to UW
1 => changing to OR
1 => changing to UW
1 => changing to OR
1 => changing to UW
1 => changing to OR
1 => changing to UW
1 => changing to OR
1 => changing to UW
1 => changing to OR
1 => changing to UW
1 => changing to OR
1 => changing to UW
1 => changing to OR
1 => changing to UW
1 => changing to OR
1 => changing to UW
1 => Popped From Local Stack
1 => 115 80
1 => changing to OR
1 => changing to UW
1 => changing to OR
1 => changing to UW
1 => changing to OR
1 => changing to UW
1 => changing to OR
1 => changing to UW
1 => changing to OR
1 => changing to UW
1 => changing to OR
1 => changing to UW
1 => changing to OR
1 => changing to UW
1 => changing to OR
1 => changing to UW
1 => changing to OR
1 => changing to UW
1 => changing to OR
1 => changing to UW
1 => changing to OR
1 => changing to UW
1 => changing to OR
1 => changing to UW
1 => changing to OR
1 => Popped From Local Stack
1 => 181 122
1 => Popped From Local Stack
1 => 183 122
1 => changing to UW
1 => changing to OR
1 => changing to UW
1 => changing to OR
1 => Popped From Local Stack
1 => 191 126
1 => changing to UW
1 => changing to OR
1 => Popped From Local Stack
1 => 204 132
1 => Popped From Local Stack
1 => 206 132
1 => Popped From Local Stack
1 => 208 132
1 => Popped From Local Stack
1 => 210 132
1 => changing to UW
1 => Popped From Local Stack
1 => 211 133
1 => changing to OR
1 => Popped From Local Stack
1 => 213 133
1 => changing to UW
1 => changing to OR
1 => changing to UW
1 => changing to OR
1 => changing to UW
1 => changing to OR
1 => changing to UW
1 => changing to OR
1 => changing to UW
1 => changing to OR
1 => changing to UW
1 => changing to OR
1 => changing to UW
1 => Popped From Local Stack
1 => 245 157
1 => changing to OR
1 => changing to UW
1 => changing to OR
1 => changing to UW
1 => changing to OR
1 => changing to UW
1 => changing to OR
1 => changing to UW
1 => changing to OR
1 => changing to UW
1 => changing to OR
1 => changing to UW
1 => Popped From Local Stack
1 => 290 187
1 => changing to OR
1 => changing to UW
1 => changing to OR
1 => changing to UW
1 => changing to OR
1 => changing to UW
1 => changing to OR
1 => changing to UW
1 => changing to OR
1 => changing to UW
1 => changing to OR
1 => changing to UW
1 => changing to OR
1 => changing to UW
1 => changing to OR
1 => changing to UW
1 => changing to OR
1 => changing to UW
1 => Popped From Local Stack
1 => 347 224
1 => changing to OR
1 => changing to UW
1 => changing to OR
1 => Popped From Local Stack
1 => 356 229
1 => changing to UW
1 => changing to OR
1 => changing to UW
1 => changing to OR
1 => changing to UW
1 => changing to OR
1 => changing to UW
1 => changing to OR
1 => changing to UW
1 => changing to OR
1 => changing to UW
1 => changing to OR
1 => changing to UW
1 => changing to OR
1 => changing to UW
1 => changing to OR
1 => Popped From Local Stack
1 => 400 256
1 => changing to UW
1 => changing to OR
1 => Popped From Local Stack
1 => 404 258
1 => changing to UW
1 => changing to OR
1 => Popped From Local Stack
1 => 407 259
1 => changing to UW
1 => changing to OR
1 => Popped From Local Stack
1 => 414 262
1 => Popped From Local Stack
1 => 420 264
1 => Popped From Local Stack
1 => 422 264
1 => changing to UW
1 => Popped From Local Stack
1 => 423 264
1 => changing to OR
1 => changing to UW
1 => changing to OR
1 => changing to UW
1 => changing to OR
1 => Popped From Local Stack
1 => 443 274
1 => changing to UW
1 => changing to OR
1 => changing to UW
1 => changing to OR
1 => Popped From Local Stack
1 => 452 279
1 => changing to UW
1 => changing to OR
1 => Popped From Local Stack
1 => 461 283
1 => changing to UW
1 => changing to OR
1 => Popped From Local Stack
1 => 466 286
1 => Popped From Local Stack
1 => 468 286
1 => Popped From Local Stack
1 => 472 287
1 => changing to UW
1 => changing to OR
1 => changing to UW
1 => changing to OR
1 => changing to UW
1 => changing to OR
1 => changing to UW
1 => changing to OR
1 => changing to UW
1 => changing to OR
1 => changing to UW
1 => Popped From Local Stack
1 => 497 306
1 => changing to OR
1 => Popped From Local Stack
1 => 501 307
1 => Popped From Local Stack
1 => 503 307
1 => Popped From Local Stack
1 => 505 307
1 => changing to UW
1 => Popped From Local Stack
1 => 506 307
1 => Popped From Local Stack
1 => 507 307
1 => changing to OR
1 => Popped From Local Stack
1 => 509 307
1 => changing to UW
1 => changing to OR
1 => changing to UW
1 => changing to OR
1 => changing to UW
1 => changing to OR
1 => Popped From Local Stack
1 => 526 317
1 => Popped From Local Stack
1 => 528 317
1 => changing to UW
1 => Popped From Local Stack
1 => 529 317
1 => changing to OR
1 => Popped From Local Stack
1 => 531 317
1 => Popped From Local Stack
1 => 533 317
1 => Popped From Local Stack
1 => 535 317
1 => changing to UW
1 => changing to OR
1 => changing to UW
1 => changing to OR
1 => changing to UW
1 => changing to OR
1 => changing to UW
1 => changing to OR
1 => Popped From Local Stack
1 => 561 331
1 => changing to UW
1 => changing to OR
1 => changing to UW
1 => changing to OR
1 => changing to UW
1 => changing to OR
1 => changing to UW
1 => changing to OR
1 => changing to UW
1 => changing to OR
1 => changing to UW
1 => changing to OR
1 => changing to UW
1 => changing to OR
1 => Popped From Local Stack
1 => 607 360
1 => changing to UW
1 => Popped From Local Stack
1 => 609 362
1 => changing to OR
1 => Popped From Local Stack
1 => 612 363
1 => changing to UW
1 => changing to OR
1 => changing to UW
1 => changing to OR
1 => Popped From Local Stack
1 => 620 367
1 => changing to UW
1 => changing to OR
1 => Popped From Local Stack
1 => 625 369
1 => changing to UW
1 => Popped From Local Stack
1 => 626 369
1 => changing to OR
1 => Popped From Local Stack
1 => 628 369
1 => changing to UW
1 => changing to OR
1 => changing to UW
1 => changing to OR
1 => changing to UW
1 => changing to OR
1 => changing to UW
1 => Popped From Local Stack
1 => 647 381
1 => changing to OR
1 => Popped From Local Stack
1 => 657 385
1 => Popped From Local Stack
1 => 663 387
1 => changing to UW
1 => changing to OR
1 => Popped From Local Stack
1 => 666 388
1 => changing to UW
1 => changing to OR
1 => Popped From Local Stack
1 => 672 391
1 => changing to UW
1 => changing to OR
1 => changing to UW
1 => changing to OR
1 => changing to UW
1 => changing to OR
1 => changing to UW
1 => changing to OR
1 => changing to UW
1 => changing to OR
1 => changing to UW
1 => changing to OR
1 => Popped From Local Stack
1 => 707 415
1 => Popped From Local Stack
1 => 711 416
1 => changing to UW
1 => Popped From Local Stack
1 => 712 416
1 => changing to OR
1 => Popped From Local Stack
1 => 714 416
1 => changing to UW
1 => changing to OR
1 => Popped From Local Stack
1 => 717 417
1 => changing to UW
1 => changing to OR
1 => Popped From Local Stack
1 => 720 418
1 => Popped From Local Stack
1 => 722 418
1 => changing to UW
1 => Popped From Local Stack
1 => 723 418
1 => Popped From Local Stack
1 => 724 418
1 => Popped From Local Stack
1 => 725 418
1 => Popped From Local Stack
1 => 726 418
1 => changing to OR
1 => Outcome : ReachedBound
1 =>: 226 <= UW iterations OR => 251
1 => 728 418
Verification Outcome : OK
Time Taken : 1010.342293
1 => new call tree total iteration : 0
1 => changing to UW
Verifying flpydisk_irqlexapclte1_1.bpl.bpl
Corral program verifier version 1.0.0.0
http://localhost:5002/
1 => changing to UW
1 => Popped From Local Stack
1 => 3 2
1 => changing to OR
1 => changing to UW
1 => changing to OR
1 => changing to UW
1 => changing to OR
1 => changing to UW
1 => changing to OR
1 => changing to UW
1 => changing to OR
1 => changing to UW
1 => changing to OR
1 => changing to UW
1 => changing to OR
1 => changing to UW
1 => changing to OR
1 => Popped From Local Stack
1 => 47 31
1 => changing to UW
1 => Popped From Local Stack
1 => 50 33
1 => changing to OR
1 => changing to UW
1 => changing to OR
1 => changing to UW
1 => changing to OR
1 => Popped From Local Stack
1 => 69 43
1 => Popped From Local Stack
1 => 71 43
1 => changing to UW
1 => changing to OR
1 => Popped From Local Stack
1 => 75 45
1 => Popped From Local Stack
1 => 77 45
1 => changing to UW
1 => changing to OR
1 => changing to UW
1 => changing to OR
1 => changing to UW
1 => changing to OR
1 => changing to UW
1 => changing to OR
1 => changing to UW
1 => changing to OR
1 => changing to UW
1 => changing to OR
1 => changing to UW
1 => changing to OR
1 => changing to UW
1 => changing to OR
1 => changing to UW
1 => changing to OR
1 => Popped From Local Stack
1 => 121 76
1 => Popped From Local Stack
1 => 123 76
1 => Popped From Local Stack
1 => 125 76
1 => Popped From Local Stack
1 => 127 76
1 => Popped From Local Stack
1 => 129 76
1 => Popped From Local Stack
1 => 131 76
1 => changing to UW
1 => changing to OR
1 => Popped From Local Stack
1 => 134 77
1 => Outcome : ReachedBound
1 =>: 46 <= UW iterations OR => 45
1 => 136 77
Verification Outcome : OK
Time Taken : 1041.000051
Verifying sys_zwregistrycreate_0.bpl.bpl
Corral program verifier version 1.0.0.0
http://localhost:5002/
1 => changing to OR
1 => changing to UW
1 => changing to OR
1 => Popped From Local Stack
1 => 5 2
1 => changing to UW
1 => changing to OR
1 => changing to UW
1 => changing to OR
1 => changing to UW
1 => changing to OR
1 => changing to UW
1 => changing to OR
1 => changing to UW
1 => changing to OR
1 => changing to UW
1 => changing to OR
1 => changing to UW
1 => changing to OR
1 => changing to UW
1 => changing to OR
1 => Popped From Local Stack
1 => 59 35
1 => changing to UW
1 => changing to OR
1 => changing to UW
1 => Popped From Local Stack
1 => 64 39
1 => changing to OR
1 => Popped From Local Stack
1 => 67 40
1 => changing to UW
1 => Popped From Local Stack
1 => 70 42
1 => changing to OR
1 => Popped From Local Stack
1 => 73 43
1 => changing to UW
1 => changing to OR
1 => Popped From Local Stack
1 => 76 44
1 => Outcome : Correct
1 =>: 22 <= UW iterations OR => 28
1 => 78 44
Verification Outcome : OK
Time Taken : 4773.148298
Verifying driver_irqlkedispatchlte_1.bpl.bpl
Corral program verifier version 1.0.0.0
http://localhost:5002/
1 => changing to UW
1 => changing to OR
1 => changing to UW
1 => Popped From Local Stack
1 => 4 2
1 => changing to OR
1 => changing to UW
1 => changing to OR
1 => changing to UW
1 => changing to OR
1 => changing to UW
1 => changing to OR
1 => changing to UW
1 => changing to OR
1 => changing to UW
1 => changing to OR
1 => changing to UW
1 => changing to OR
1 => changing to UW
1 => changing to OR
1 => changing to UW
1 => changing to OR
1 => changing to UW
1 => changing to OR
1 => changing to UW
1 => changing to OR
1 => changing to UW
1 => changing to OR
1 => changing to UW
1 => Popped From Local Stack
1 => 63 46
1 => changing to OR
1 => changing to UW
1 => changing to OR
1 => changing to UW
1 => Popped From Local Stack
1 => 81 57
1 => changing to OR
1 => changing to UW
1 => changing to OR
1 => Popped From Local Stack
1 => 93 63
1 => changing to UW
1 => changing to OR
1 => changing to UW
1 => changing to OR
1 => changing to UW
1 => changing to OR
1 => changing to UW
1 => changing to OR
1 => changing to UW
1 => changing to OR
1 => changing to UW
1 => changing to OR
1 => changing to UW
1 => changing to OR
1 => changing to UW
1 => changing to OR
1 => Popped From Local Stack
1 => 140 94
1 => changing to UW
1 => changing to OR
1 => changing to UW
1 => Popped From Local Stack
1 => 148 100
1 => changing to OR
1 => changing to UW
1 => changing to OR
1 => Popped From Local Stack
1 => 157 104
1 => changing to UW
1 => changing to OR
1 => changing to UW
1 => changing to OR
1 => changing to UW
1 => changing to OR
1 => changing to UW
1 => changing to OR
1 => changing to UW
1 => changing to OR
1 => changing to UW
1 => Popped From Local Stack
1 => 185 123
1 => changing to OR
1 => changing to UW
1 => Popped From Local Stack
1 => 191 127
1 => changing to OR
1 => changing to UW
1 => changing to OR
1 => Popped From Local Stack
1 => 197 130
1 => changing to UW
1 => changing to OR
1 => changing to UW
1 => Popped From Local Stack
1 => 202 134
1 => changing to OR
1 => changing to UW
1 => Popped From Local Stack
1 => 207 137
1 => changing to OR
1 => changing to UW
1 => Popped From Local Stack
1 => 211 140
1 => changing to OR
1 => changing to UW
1 => changing to OR
1 => changing to UW
1 => changing to OR
1 => changing to UW
1 => changing to OR
1 => changing to UW
1 => changing to OR
1 => changing to UW
1 => changing to OR
1 => changing to UW
1 => changing to OR
1 => changing to UW
1 => changing to OR
1 => changing to UW
1 => changing to OR
1 => changing to UW
1 => changing to OR
1 => changing to UW
1 => Popped From Local Stack
1 => 275 180
1 => changing to OR
1 => Popped From Local Stack
1 => 285 184
1 => changing to UW
1 => changing to OR
1 => Popped From Local Stack
1 => 295 189
1 => changing to UW
1 => changing to OR
1 => Popped From Local Stack
1 => 302 193
1 => changing to UW
1 => changing to OR
1 => Popped From Local Stack
1 => 305 194
1 => changing to UW
1 => changing to OR
1 => Popped From Local Stack
1 => 308 195
1 => Popped From Local Stack
1 => 310 195
1 => changing to UW
1 => changing to OR
1 => Popped From Local Stack
1 => 314 197
1 => Popped From Local Stack
1 => 316 197
1 => Popped From Local Stack
1 => 318 197
1 => Popped From Local Stack
1 => 320 197
1 => changing to UW
1 => changing to OR
1 => changing to UW
1 => changing to OR
1 => changing to UW
1 => changing to OR
1 => changing to UW
1 => changing to OR
1 => Popped From Local Stack
1 => 335 207
1 => Popped From Local Stack
1 => 341 209
1 => changing to UW
1 => Popped From Local Stack
1 => 344 211
1 => changing to OR
1 => changing to UW
1 => changing to OR
1 => changing to UW
1 => changing to OR
1 => Popped From Local Stack
1 => 361 221
1 => changing to UW
1 => changing to OR
1 => Popped From Local Stack
1 => 366 224
1 => changing to UW
1 => changing to OR
1 => Popped From Local Stack
1 => 371 227
1 => Popped From Local Stack
1 => 373 227
1 => Popped From Local Stack
1 => 375 227
1 => Popped From Local Stack
1 => 377 227
1 => changing to UW
1 => changing to OR
1 => Popped From Local Stack
1 => 381 229
1 => Popped From Local Stack
1 => 383 229
1 => changing to UW
1 => Popped From Local Stack
1 => 385 231
1 => changing to OR
1 => Popped From Local Stack
1 => 388 232
1 => changing to UW
1 => changing to OR
1 => changing to UW
1 => changing to OR
1 => Popped From Local Stack
1 => 402 240
1 => changing to UW
1 => changing to OR
1 => Popped From Local Stack
1 => 407 242
1 => changing to UW
1 => changing to OR
1 => Popped From Local Stack
1 => 412 244
1 => Popped From Local Stack
1 => 414 244
1 => changing to UW
1 => changing to OR
1 => Popped From Local Stack
1 => 417 245
1 => Popped From Local Stack
1 => 419 245
1 => Popped From Local Stack
1 => 421 245
1 => changing to UW
1 => changing to OR
1 => Popped From Local Stack
1 => 425 247
1 => Popped From Local Stack
1 => 427 247
1 => changing to UW
1 => changing to OR
1 => Popped From Local Stack
1 => 436 254
1 => changing to UW
1 => changing to OR
1 => Popped From Local Stack
1 => 439 255
1 => changing to UW
1 => changing to OR
1 => Popped From Local Stack
1 => 442 256
1 => changing to UW
1 => changing to OR
1 => Popped From Local Stack
1 => 446 258
1 => changing to UW
1 => changing to OR
1 => Popped From Local Stack
1 => 449 259
1 => Popped From Local Stack
1 => 451 259
1 => Popped From Local Stack
1 => 453 259
1 => changing to UW
1 => changing to OR
1 => Popped From Local Stack
1 => 456 260
1 => Popped From Local Stack
1 => 458 260
1 => changing to UW
1 => changing to OR
1 => changing to UW
1 => changing to OR
1 => changing to UW
1 => changing to OR
1 => changing to UW
1 => changing to OR
1 => changing to UW
1 => changing to OR
1 => changing to UW
1 => Popped From Local Stack
1 => 483 278
1 => changing to OR
1 => Popped From Local Stack
1 => 487 279
1 => changing to UW
1 => changing to OR
1 => Popped From Local Stack
1 => 492 281
1 => changing to UW
1 => Popped From Local Stack
1 => 495 283
1 => changing to OR
1 => Popped From Local Stack
1 => 499 284
1 => changing to UW
1 => changing to OR
1 => changing to UW
1 => changing to OR
1 => changing to UW
1 => changing to OR
1 => changing to UW
1 => changing to OR
1 => changing to UW
1 => changing to OR
1 => changing to UW
1 => changing to OR
1 => changing to UW
1 => changing to OR
1 => changing to UW
1 => changing to OR
1 => changing to UW
1 => Popped From Local Stack
1 => 545 319
1 => changing to OR
1 => changing to UW
1 => Popped From Local Stack
1 => 550 322
1 => changing to OR
1 => changing to UW
1 => Popped From Local Stack
1 => 557 326
1 => changing to OR
1 => Popped From Local Stack
1 => 565 330
1 => Popped From Local Stack
1 => 567 330
1 => Popped From Local Stack
1 => 569 330
1 => changing to UW
1 => changing to OR
1 => Popped From Local Stack
1 => 572 331
1 => changing to UW
1 => Popped From Local Stack
1 => 574 333
1 => changing to OR
1 => Popped From Local Stack
1 => 577 334
1 => Popped From Local Stack
1 => 579 334
1 => Popped From Local Stack
1 => 581 334
1 => changing to UW
1 => changing to OR
1 => Popped From Local Stack
1 => 584 335
1 => changing to UW
1 => changing to OR
1 => changing to UW
1 => changing to OR
1 => changing to UW
1 => changing to OR
1 => Popped From Local Stack
1 => 605 347
1 => changing to UW
1 => Popped From Local Stack
1 => 610 350
1 => changing to OR
1 => changing to UW
1 => Popped From Local Stack
1 => 613 352
1 => changing to OR
1 => changing to UW
1 => changing to OR
1 => Popped From Local Stack
1 => 624 358
1 => Popped From Local Stack
1 => 626 358
1 => Popped From Local Stack
1 => 628 358
1 => Popped From Local Stack
1 => 630 358
1 => Popped From Local Stack
1 => 632 358
1 => Popped From Local Stack
1 => 634 358
1 => changing to UW
1 => changing to OR
1 => Popped From Local Stack
1 => 637 359
1 => changing to UW
1 => changing to OR
1 => Popped From Local Stack
1 => 640 360
1 => Popped From Local Stack
1 => 642 360
1 => Popped From Local Stack
1 => 644 360
1 => Popped From Local Stack
1 => 646 360
1 => Popped From Local Stack
1 => 648 360
1 => changing to UW
1 => changing to OR
1 => Popped From Local Stack
1 => 651 361
1 => changing to UW
1 => changing to OR
1 => Popped From Local Stack
1 => 655 363
1 => Popped From Local Stack
1 => 657 363
1 => Popped From Local Stack
1 => 659 363
1 => changing to UW
1 => Popped From Local Stack
1 => 661 365
1 => changing to OR
1 => Popped From Local Stack
1 => 663 365
1 => Popped From Local Stack
1 => 665 365
1 => Popped From Local Stack
1 => 667 365
1 => Popped From Local Stack
1 => 669 365
1 => changing to UW
1 => changing to OR
1 => changing to UW
1 => changing to OR
1 => changing to UW
1 => changing to OR
1 => changing to UW
1 => changing to OR
1 => changing to UW
1 => changing to OR
1 => changing to UW
1 => changing to OR
1 => changing to UW
1 => changing to OR
1 => changing to UW
1 => changing to OR
1 => changing to UW
1 => changing to OR
1 => changing to UW
1 => changing to OR
1 => Popped From Local Stack
1 => 715 395
1 => changing to UW
1 => Popped From Local Stack
1 => 718 397
1 => changing to OR
1 => Popped From Local Stack
1 => 722 398
1 => changing to UW
1 => changing to OR
1 => changing to UW
1 => Popped From Local Stack
1 => 726 401
1 => changing to OR
1 => Popped From Local Stack
1 => 730 402
1 => changing to UW
1 => changing to OR
1 => changing to UW
1 => changing to OR
1 => changing to UW
1 => changing to OR
1 => changing to UW
1 => changing to OR
1 => changing to UW
1 => changing to OR
1 => changing to UW
1 => changing to OR
1 => changing to UW
1 => changing to OR
1 => Popped From Local Stack
1 => 787 436
1 => changing to UW
1 => changing to OR
1 => changing to UW
1 => changing to OR
1 => changing to UW
1 => Popped From Local Stack
1 => 794 441
1 => changing to OR
1 => changing to UW
1 => changing to OR
1 => Popped From Local Stack
1 => 803 446
1 => Popped From Local Stack
1 => 807 447
1 => Popped From Local Stack
1 => 809 447
1 => Popped From Local Stack
1 => 811 447
1 => changing to UW
1 => Popped From Local Stack
1 => 812 447
1 => Popped From Local Stack
1 => 813 447
1 => changing to OR
1 => Popped From Local Stack
1 => 815 447
1 => changing to UW
1 => Popped From Local Stack
1 => 816 448
1 => Popped From Local Stack
1 => 817 449
1 => changing to OR
1 => changing to UW
1 => changing to OR
1 => Popped From Local Stack
1 => 827 454
1 => changing to UW
1 => Popped From Local Stack
1 => 831 457
1 => Popped From Local Stack
1 => 834 460
1 => changing to OR
1 => Popped From Local Stack
1 => 838 462
1 => changing to UW
1 => changing to OR
1 => Popped From Local Stack
1 => 841 463
1 => Popped From Local Stack
1 => 843 463
1 => Popped From Local Stack
1 => 845 463
1 => changing to UW
1 => changing to OR
1 => Popped From Local Stack
1 => 848 464
1 => Popped From Local Stack
1 => 850 464
1 => changing to UW
1 => Popped From Local Stack
1 => 851 464
1 => Popped From Local Stack
1 => 852 464
1 => Popped From Local Stack
1 => 853 464
1 => Popped From Local Stack
1 => 854 464
1 => Popped From Local Stack
1 => 855 464
1 => changing to OR
1 => Popped From Local Stack
1 => 857 464
1 => changing to UW
1 => Popped From Local Stack
1 => 858 464
1 => Popped From Local Stack
1 => 859 464
1 => changing to OR
1 => Popped From Local Stack
1 => 861 464
1 => changing to UW
1 => Popped From Local Stack
1 => 862 464
1 => changing to OR
1 => Popped From Local Stack
1 => 864 464
1 => Popped From Local Stack
1 => 866 464
1 => changing to UW
1 => changing to OR
1 => Popped From Local Stack
1 => 869 465
1 => Popped From Local Stack
1 => 871 465
1 => Popped From Local Stack
1 => 873 465
1 => changing to UW
1 => changing to OR
1 => changing to UW
1 => changing to OR
1 => changing to UW
1 => changing to OR
1 => changing to UW
1 => changing to OR
1 => changing to UW
1 => changing to OR
1 => changing to UW
1 => changing to OR
1 => changing to UW
1 => changing to OR
1 => changing to UW
1 => changing to OR
1 => Popped From Local Stack
1 => 924 499
1 => changing to UW
1 => changing to OR
1 => changing to UW
1 => Popped From Local Stack
1 => 928 502
1 => changing to OR
1 => changing to UW
1 => Popped From Local Stack
1 => 931 504
1 => changing to OR
1 => Popped From Local Stack
1 => 936 506
1 => Popped From Local Stack
1 => 940 507
1 => changing to UW
1 => changing to OR
1 => changing to UW
1 => changing to OR
1 => changing to UW
1 => changing to OR
1 => changing to UW
1 => changing to OR
1 => changing to UW
1 => changing to OR
1 => changing to UW
1 => changing to OR
1 => changing to UW
1 => changing to OR
1 => Popped From Local Stack
1 => 987 538
1 => changing to UW
1 => changing to OR
1 => changing to UW
1 => Popped From Local Stack
1 => 994 543
1 => changing to OR
1 => Popped From Local Stack
1 => 998 544
1 => changing to UW
1 => Popped From Local Stack
1 => 999 545
1 => Popped From Local Stack
1 => 1000 546
1 => changing to OR
1 => Popped From Local Stack
1 => 1002 546
1 => Popped From Local Stack
1 => 1004 546
1 => Popped From Local Stack
1 => 1006 546
1 => changing to UW
1 => changing to OR
1 => Popped From Local Stack
1 => 1009 547
1 => Popped From Local Stack
1 => 1011 547
1 => changing to UW
1 => changing to OR
1 => Popped From Local Stack
1 => 1014 548
1 => Popped From Local Stack
1 => 1016 548
1 => changing to UW
1 => changing to OR
1 => changing to UW
1 => changing to OR
1 => Popped From Local Stack
1 => 1029 555
1 => changing to UW
1 => changing to OR
1 => Popped From Local Stack
1 => 1033 557
1 => changing to UW
1 => changing to OR
1 => Popped From Local Stack
1 => 1038 560
1 => changing to UW
1 => Popped From Local Stack
1 => 1040 562
1 => changing to OR
1 => Popped From Local Stack
1 => 1042 562
1 => changing to UW
1 => changing to OR
1 => Popped From Local Stack
1 => 1045 563
1 => changing to UW
1 => changing to OR
1 => Popped From Local Stack
1 => 1050 566
1 => Popped From Local Stack
1 => 1052 566
1 => Popped From Local Stack
1 => 1054 566
1 => Popped From Local Stack
1 => 1056 566
1 => changing to UW
1 => Popped From Local Stack
1 => 1058 568
1 => changing to OR
1 => Popped From Local Stack
1 => 1062 570
1 => Popped From Local Stack
1 => 1064 570
1 => Popped From Local Stack
1 => 1066 570
1 => Popped From Local Stack
1 => 1068 570
1 => Popped From Local Stack
1 => 1070 570
1 => Popped From Local Stack
1 => 1072 570
1 => Popped From Local Stack
1 => 1074 570
1 => changing to UW
1 => changing to OR
1 => Popped From Local Stack
1 => 1077 571
1 => Popped From Local Stack
1 => 1079 571
1 => changing to UW
1 => changing to OR
1 => Popped From Local Stack
1 => 1082 572
1 => changing to UW
1 => changing to OR
1 => Popped From Local Stack
1 => 1086 574
1 => changing to UW
1 => Popped From Local Stack
1 => 1089 577
1 => changing to OR
1 => Popped From Local Stack
1 => 1091 577
1 => changing to UW
1 => changing to OR
1 => Popped From Local Stack
1 => 1094 578
1 => Popped From Local Stack
1 => 1096 578
1 => Popped From Local Stack
1 => 1098 578
1 => changing to UW
1 => changing to OR
1 => Popped From Local Stack
1 => 1102 580
1 => Popped From Local Stack
1 => 1104 580
1 => Popped From Local Stack
1 => 1106 580
1 => Popped From Local Stack
1 => 1108 580
1 => changing to UW
1 => changing to OR
1 => Popped From Local Stack
1 => 1112 582
1 => changing to UW
1 => changing to OR
1 => Popped From Local Stack
1 => 1115 583
1 => changing to UW
1 => changing to OR
1 => Popped From Local Stack
1 => 1118 584
1 => changing to UW
1 => changing to OR
1 => Popped From Local Stack
1 => 1121 585
1 => Popped From Local Stack
1 => 1123 585
1 => changing to UW
1 => changing to OR
1 => Popped From Local Stack
1 => 1129 589
1 => Popped From Local Stack
1 => 1131 589
1 => changing to UW
1 => changing to OR
1 => Popped From Local Stack
1 => 1134 590
1 => changing to UW
1 => changing to OR
1 => Popped From Local Stack
1 => 1140 594
1 => changing to UW
1 => changing to OR
1 => Popped From Local Stack
1 => 1143 595
1 => Popped From Local Stack
1 => 1145 595
1 => Popped From Local Stack
1 => 1147 595
1 => Popped From Local Stack
1 => 1149 595
1 => Popped From Local Stack
1 => 1151 595
1 => changing to UW
1 => Popped From Local Stack
1 => 1152 595
1 => changing to OR
1 => Popped From Local Stack
1 => 1154 595
1 => changing to UW
1 => changing to OR
1 => changing to UW
1 => changing to OR
1 => changing to UW
1 => changing to OR
1 => changing to UW
1 => changing to OR
1 => changing to UW
1 => Popped From Local Stack
1 => 1175 612
1 => changing to OR
1 => Popped From Local Stack
1 => 1179 613
1 => changing to UW
1 => changing to OR
1 => changing to UW
1 => changing to OR
1 => changing to UW
1 => changing to OR
1 => changing to UW
1 => changing to OR
1 => changing to UW
1 => changing to OR
1 => changing to UW
1 => changing to OR
1 => changing to UW
1 => changing to OR
1 => Popped From Local Stack
1 => 1214 636
1 => changing to UW
1 => Popped From Local Stack
1 => 1216 638
1 => changing to OR
1 => changing to UW
1 => changing to OR
1 => Popped From Local Stack
1 => 1221 640
1 => changing to UW
1 => Popped From Local Stack
1 => 1224 642
1 => changing to OR
1 => Popped From Local Stack
1 => 1227 643
1 => changing to UW
1 => changing to OR
1 => Popped From Local Stack
1 => 1230 644
1 => changing to UW
1 => changing to OR
1 => changing to UW
1 => changing to OR
1 => changing to UW
1 => changing to OR
1 => changing to UW
1 => changing to OR
1 => changing to UW
1 => changing to OR
1 => changing to UW
1 => changing to OR
1 => changing to UW
1 => changing to OR
1 => changing to UW
1 => changing to OR
1 => Popped From Local Stack
1 => 1289 679
1 => Popped From Local Stack
1 => 1291 679
1 => Popped From Local Stack
1 => 1293 679
1 => changing to UW
1 => Popped From Local Stack
1 => 1294 679
1 => changing to OR
1 => Popped From Local Stack
1 => 1296 679
1 => changing to UW
1 => changing to OR
1 => Popped From Local Stack
1 => 1301 682
1 => changing to UW
1 => changing to OR
1 => Popped From Local Stack
1 => 1305 684
1 => changing to UW
1 => Popped From Local Stack
1 => 1306 684
1 => changing to OR
1 => Popped From Local Stack
1 => 1310 686
1 => changing to UW
1 => changing to OR
1 => Popped From Local Stack
1 => 1313 687
1 => Popped From Local Stack
1 => 1315 687
1 => changing to UW
1 => Popped From Local Stack
1 => 1316 687
1 => changing to OR
1 => Popped From Local Stack
1 => 1319 688
1 => changing to UW
1 => Popped From Local Stack
1 => 1320 688
1 => changing to OR
1 => Popped From Local Stack
1 => 1322 688
1 => Popped From Local Stack
1 => 1324 688
1 => Popped From Local Stack
1 => 1326 688
1 => changing to UW
1 => changing to OR
1 => changing to UW
1 => changing to OR
1 => changing to UW
1 => changing to OR
1 => changing to UW
1 => changing to OR
1 => changing to UW
1 => changing to OR
1 => Popped From Local Stack
1 => 1351 704
1 => changing to UW
1 => changing to OR
1 => Popped From Local Stack
1 => 1355 706
1 => changing to UW
1 => changing to OR
1 => Popped From Local Stack
1 => 1358 707
1 => changing to UW
1 => changing to OR
1 => Popped From Local Stack
1 => 1361 708
1 => changing to UW
1 => changing to OR
1 => Popped From Local Stack
1 => 1364 709
1 => changing to UW
1 => changing to OR
1 => Popped From Local Stack
1 => 1367 710
1 => Popped From Local Stack
1 => 1369 710
1 => Popped From Local Stack
1 => 1371 710
1 => Popped From Local Stack
1 => 1373 710
1 => Popped From Local Stack
1 => 1375 710
1 => Popped From Local Stack
1 => 1377 710
1 => changing to UW
1 => changing to OR
1 => Popped From Local Stack
1 => 1380 711
1 => Popped From Local Stack
1 => 1382 711
1 => Popped From Local Stack
1 => 1384 711
1 => Popped From Local Stack
1 => 1386 711
1 => changing to UW
1 => changing to OR
1 => Popped From Local Stack
1 => 1392 715
1 => Popped From Local Stack
1 => 1394 715
1 => Popped From Local Stack
1 => 1396 715
1 => Popped From Local Stack
1 => 1398 715
1 => changing to UW
1 => changing to OR
1 => Popped From Local Stack
1 => 1401 716
1 => Popped From Local Stack
1 => 1403 716
1 => changing to UW
1 => changing to OR
1 => Popped From Local Stack
1 => 1408 719
1 => changing to UW
1 => Popped From Local Stack
1 => 1410 721
1 => changing to OR
1 => Popped From Local Stack
1 => 1413 722
1 => changing to UW
Verification Outcome : TIMEDOUT
Time Taken : 1E-06
Verifying serial_markingqueuedirps_1.bpl.bpl
Corral program verifier version 1.0.0.0
http://localhost:5002/
1 => changing to OR
1 => changing to UW
1 => changing to OR
1 => Popped From Local Stack
1 => 5 2
1 => changing to UW
1 => changing to OR
1 => changing to UW
1 => changing to OR
1 => changing to UW
1 => changing to OR
1 => changing to UW
1 => changing to OR
1 => changing to UW
1 => changing to OR
1 => changing to UW
1 => changing to OR
1 => changing to UW
1 => changing to OR
1 => changing to UW
1 => changing to OR
1 => changing to UW
1 => changing to OR
1 => changing to UW
1 => changing to OR
1 => changing to UW
1 => changing to OR
1 => changing to UW
1 => Popped From Local Stack
1 => 81 51
1 => changing to OR
1 => changing to UW
1 => changing to OR
1 => changing to UW
1 => changing to OR
1 => changing to UW
1 => changing to OR
1 => changing to UW
1 => changing to OR
1 => changing to UW
1 => changing to OR
1 => changing to UW
1 => changing to OR
1 => changing to UW
1 => changing to OR
1 => changing to UW
1 => Popped From Local Stack
1 => 117 76
1 => changing to OR
1 => changing to UW
1 => changing to OR
1 => changing to UW
1 => changing to OR
1 => changing to UW
1 => Popped From Local Stack
1 => 128 84
1 => changing to OR
1 => changing to UW
1 => changing to OR
1 => changing to UW
1 => changing to OR
1 => changing to UW
1 => changing to OR
1 => Popped From Local Stack
1 => 144 94
1 => changing to UW
1 => changing to OR
1 => changing to UW
1 => changing to OR
1 => Popped From Local Stack
1 => 156 100
1 => changing to UW
1 => Popped From Local Stack
1 => 160 103
1 => changing to OR
1 => changing to UW
1 => changing to OR
1 => changing to UW
1 => changing to OR
1 => changing to UW
1 => Popped From Local Stack
1 => 170 110
1 => changing to OR
1 => changing to UW
1 => changing to OR
1 => changing to UW
1 => changing to OR
1 => Popped From Local Stack
1 => 184 117
1 => changing to UW
1 => changing to OR
1 => changing to UW
1 => changing to OR
1 => changing to UW
1 => changing to OR
1 => Popped From Local Stack
1 => 209 135
1 => changing to UW
1 => changing to OR
1 => changing to UW
1 => changing to OR
1 => Popped From Local Stack
1 => 221 141
1 => Popped From Local Stack
1 => 223 141
1 => changing to UW
1 => Popped From Local Stack
1 => 224 142
1 => changing to OR
1 => Popped From Local Stack
1 => 227 143
1 => changing to UW
1 => changing to OR
1 => changing to UW
1 => Popped From Local Stack
1 => 234 148
1 => changing to OR
1 => changing to UW
1 => changing to OR
1 => Popped From Local Stack
1 => 247 157
1 => changing to UW
1 => Popped From Local Stack
1 => 248 158
1 => changing to OR
1 => changing to UW
1 => Popped From Local Stack
1 => 252 161
1 => changing to OR
1 => changing to UW
1 => changing to OR
1 => Popped From Local Stack
1 => 259 164
1 => changing to UW
1 => changing to OR
1 => Popped From Local Stack
1 => 262 165
1 => Popped From Local Stack
1 => 264 165
1 => changing to UW
1 => Popped From Local Stack
1 => 265 166
1 => Popped From Local Stack
1 => 267 168
1 => changing to OR
1 => changing to UW
1 => changing to OR
1 => changing to UW
1 => changing to OR
1 => changing to UW
1 => changing to OR
1 => changing to UW
1 => changing to OR
1 => Popped From Local Stack
1 => 296 185
1 => Popped From Local Stack
1 => 298 185
1 => changing to UW
1 => changing to OR
1 => Popped From Local Stack
1 => 309 190
1 => changing to UW
1 => changing to OR
1 => changing to UW
1 => changing to OR
1 => Popped From Local Stack
1 => 315 193
1 => changing to UW
1 => Popped From Local Stack
1 => 316 194
1 => changing to OR
1 => changing to UW
1 => changing to OR
1 => changing to UW
1 => changing to OR
1 => Popped From Local Stack
1 => 328 200
1 => changing to UW
1 => Popped From Local Stack
1 => 337 206
1 => changing to OR
1 => changing to UW
1 => changing to OR
1 => Popped From Local Stack
1 => 343 209
1 => changing to UW
1 => Popped From Local Stack
1 => 346 211
1 => changing to OR
1 => Popped From Local Stack
1 => 353 214
1 => changing to UW
1 => changing to OR
1 => changing to UW
1 => changing to OR
1 => changing to UW
1 => changing to OR
1 => Popped From Local Stack
1 => 368 223
1 => Popped From Local Stack
1 => 370 223
1 => changing to UW
1 => changing to OR
1 => Popped From Local Stack
1 => 379 228
1 => changing to UW
1 => Popped From Local Stack
1 => 380 229
1 => changing to OR
1 => Popped From Local Stack
1 => 384 230
1 => Popped From Local Stack
1 => 386 230
1 => Popped From Local Stack
1 => 388 230
1 => changing to UW
1 => Popped From Local Stack
1 => 390 232
1 => changing to OR
1 => changing to UW
1 => changing to OR
1 => changing to UW
1 => changing to OR
1 => changing to UW
1 => changing to OR
1 => changing to UW
1 => changing to OR
1 => Popped From Local Stack
1 => 415 247
1 => changing to UW
1 => changing to OR
1 => Popped From Local Stack
1 => 421 250
1 => changing to UW
1 => Popped From Local Stack
1 => 427 254
1 => changing to OR
1 => Popped From Local Stack
1 => 433 257
1 => changing to UW
1 => changing to OR
1 => Popped From Local Stack
1 => 446 263
1 => changing to UW
1 => changing to OR
1 => Popped From Local Stack
1 => 457 271
1 => Popped From Local Stack
1 => 459 271
1 => Popped From Local Stack
1 => 461 271
1 => Popped From Local Stack
1 => 463 271
1 => Popped From Local Stack
1 => 465 271
1 => changing to UW
1 => Popped From Local Stack
1 => 466 272
1 => changing to OR
1 => Popped From Local Stack
1 => 468 272
1 => changing to UW
1 => Popped From Local Stack
1 => 471 274
1 => changing to OR
1 => changing to UW
1 => changing to OR
1 => changing to UW
1 => changing to OR
1 => changing to UW
1 => Popped From Local Stack
1 => 488 288
1 => changing to OR
1 => changing to UW
1 => changing to OR
1 => changing to UW
1 => Popped From Local Stack
1 => 495 293
1 => changing to OR
1 => changing to UW
1 => changing to OR
1 => changing to UW
1 => Popped From Local Stack
1 => 509 303
1 => changing to OR
1 => changing to UW
1 => changing to OR
1 => changing to UW
1 => changing to OR
1 => changing to UW
1 => changing to OR
1 => Popped From Local Stack
1 => 528 316
1 => Popped From Local Stack
1 => 530 316
1 => changing to UW
1 => Popped From Local Stack
1 => 533 318
1 => changing to OR
1 => changing to UW
1 => Popped From Local Stack
1 => 540 324
1 => changing to OR
1 => changing to UW
1 => changing to OR
1 => Popped From Local Stack
1 => 547 328
1 => Popped From Local Stack
1 => 551 329
1 => Popped From Local Stack
1 => 563 334
1 => changing to UW
1 => Popped From Local Stack
1 => 564 335
1 => Popped From Local Stack
1 => 566 337
1 => changing to OR
1 => changing to UW
1 => Popped From Local Stack
1 => 572 341
1 => changing to OR
1 => Popped From Local Stack
1 => 575 342
1 => Popped From Local Stack
1 => 577 342
1 => changing to UW
1 => Popped From Local Stack
1 => 579 344
1 => changing to OR
1 => changing to UW
1 => changing to OR
1 => Popped From Local Stack
1 => 587 349
1 => changing to UW
1 => Popped From Local Stack
1 => 592 352
1 => changing to OR
1 => changing to UW
1 => changing to OR
1 => changing to UW
1 => Popped From Local Stack
1 => 611 367
1 => changing to OR
1 => changing to UW
1 => changing to OR
1 => changing to UW
1 => changing to OR
1 => Popped From Local Stack
1 => 622 373
1 => changing to UW
1 => changing to OR
1 => Popped From Local Stack
1 => 628 376
1 => changing to UW
1 => Popped From Local Stack
1 => 629 377
1 => Popped From Local Stack
1 => 631 379
1 => changing to OR
1 => changing to UW
1 => Popped From Local Stack
1 => 637 383
1 => changing to OR
1 => Popped From Local Stack
1 => 644 386
1 => changing to UW
1 => changing to OR
1 => changing to UW
1 => changing to OR
1 => changing to UW
1 => changing to OR
1 => Popped From Local Stack
1 => 656 393
1 => Popped From Local Stack
1 => 658 393
1 => changing to UW
1 => changing to OR
1 => Popped From Local Stack
1 => 665 396
1 => changing to UW
1 => changing to OR
1 => Popped From Local Stack
1 => 671 399
1 => changing to UW
1 => Popped From Local Stack
1 => 673 401
1 => changing to OR
1 => Popped From Local Stack
1 => 675 401
1 => changing to UW
1 => Popped From Local Stack
1 => 686 407
1 => changing to OR
1 => changing to UW
1 => changing to OR
1 => changing to UW
1 => changing to OR
1 => Popped From Local Stack
1 => 698 414
1 => changing to UW
1 => changing to OR
1 => Popped From Local Stack
1 => 704 417
1 => changing to UW
1 => Popped From Local Stack
1 => 705 418
1 => Popped From Local Stack
1 => 707 420
1 => changing to OR
1 => changing to UW
1 => Popped From Local Stack
1 => 714 425
1 => changing to OR
1 => changing to UW
1 => changing to OR
1 => changing to UW
1 => changing to OR
1 => Popped From Local Stack
1 => 725 431
1 => changing to UW
1 => changing to OR
1 => changing to UW
1 => changing to OR
1 => changing to UW
1 => changing to OR
1 => Popped From Local Stack
1 => 737 439
1 => changing to UW
1 => changing to OR
1 => Popped From Local Stack
1 => 741 441
1 => changing to UW
1 => Popped From Local Stack
1 => 743 443
1 => changing to OR
1 => Popped From Local Stack
1 => 747 444
1 => changing to UW
1 => Popped From Local Stack
1 => 750 446
1 => changing to OR
1 => changing to UW
1 => changing to OR
1 => changing to UW
1 => changing to OR
1 => Popped From Local Stack
1 => 763 455
1 => changing to UW
1 => Popped From Local Stack
1 => 764 456
1 => changing to OR
1 => changing to UW
1 => Popped From Local Stack
1 => 767 458
1 => changing to OR
1 => Popped From Local Stack
1 => 772 460
1 => Popped From Local Stack
1 => 774 460
1 => changing to UW
1 => Popped From Local Stack
1 => 775 460
1 => Popped From Local Stack
1 => 776 460
1 => changing to OR
1 => changing to UW
1 => changing to OR
1 => changing to UW
1 => changing to OR
1 => changing to UW
1 => changing to OR
1 => changing to UW
1 => changing to OR
1 => changing to UW
1 => changing to OR
1 => changing to UW
1 => changing to OR
1 => changing to UW
1 => changing to OR
1 => changing to UW
1 => changing to OR
1 => Popped From Local Stack
1 => 831 494
1 => changing to UW
1 => changing to OR
1 => changing to UW
1 => changing to OR
1 => Popped From Local Stack
1 => 845 501
1 => changing to UW
1 => changing to OR
1 => changing to UW
1 => changing to OR
1 => changing to UW
1 => changing to OR
1 => changing to UW
1 => changing to OR
1 => changing to UW
1 => changing to OR
1 => Popped From Local Stack
1 => 877 519
1 => changing to UW
1 => changing to OR
1 => changing to UW
1 => changing to OR
1 => changing to UW
1 => Popped From Local Stack
1 => 889 528
1 => changing to OR
1 => Popped From Local Stack
1 => 895 530
1 => changing to UW
1 => changing to OR
1 => changing to UW
1 => changing to OR
1 => changing to UW
1 => Popped From Local Stack
1 => 908 539
1 => changing to OR
1 => changing to UW
1 => changing to OR
1 => Popped From Local Stack
1 => 919 547
1 => Popped From Local Stack
1 => 921 547
1 => Popped From Local Stack
1 => 923 547
1 => Popped From Local Stack
1 => 925 547
1 => Popped From Local Stack
1 => 927 547
1 => changing to UW
1 => Popped From Local Stack
1 => 928 547
1 => changing to OR
1 => changing to UW
1 => Popped From Local Stack
1 => 931 549
1 => changing to OR
1 => changing to UW
1 => changing to OR
1 => Popped From Local Stack
1 => 936 551
1 => changing to UW
1 => changing to OR
1 => changing to UW
1 => changing to OR
1 => Popped From Local Stack
1 => 942 554
1 => changing to UW
1 => changing to OR
1 => changing to UW
1 => changing to OR
1 => changing to UW
1 => changing to OR
1 => changing to UW
1 => changing to OR
1 => Popped From Local Stack
1 => 959 565
1 => Popped From Local Stack
1 => 961 565
1 => changing to UW
1 => changing to OR
1 => Popped From Local Stack
1 => 967 568
1 => Popped From Local Stack
1 => 969 568
1 => changing to UW
1 => changing to OR
1 => changing to UW
1 => changing to OR
1 => Popped From Local Stack
1 => 977 572
1 => Popped From Local Stack
1 => 981 573
1 => changing to UW
1 => Popped From Local Stack
1 => 984 575
1 => changing to OR
1 => changing to UW
1 => changing to OR
1 => Popped From Local Stack
1 => 989 577
1 => Popped From Local Stack
1 => 991 577
1 => changing to UW
1 => Popped From Local Stack
1 => 992 577
1 => Popped From Local Stack
1 => 993 577
1 => Popped From Local Stack
1 => 994 577
1 => Popped From Local Stack
1 => 995 577
1 => changing to OR
1 => Popped From Local Stack
1 => 997 577
1 => changing to UW
1 => Popped From Local Stack
1 => 998 577
1 => Popped From Local Stack
1 => 999 577
1 => changing to OR
1 => Popped From Local Stack
1 => 1001 577
1 => changing to UW
1 => Popped From Local Stack
1 => 1002 577
1 => Popped From Local Stack
1 => 1003 577
1 => Popped From Local Stack
1 => 1004 577
1 => changing to OR
1 => Outcome : ReachedBound
1 =>: 336 <= UW iterations OR => 335
1 => 1006 577
Verification Outcome : OK
Time Taken : 2070.986248
