Verifying sbp2port_irqldispatch_1.bpl.bpl
Corral program verifier version 1.0.0.0
http://localhost:5002/
1 => Popped From Local Stack
1 => 6 2
1 => Popped From Local Stack
1 => 68 32
1 => Popped From Local Stack
1 => 112 53
1 => Popped From Local Stack
1 => 270 131
1 => Popped From Local Stack
1 => 272 131
1 => Popped From Local Stack
1 => 274 131
1 => Popped From Local Stack
1 => 276 131
1 => Popped From Local Stack
1 => 278 131
1 => Popped From Local Stack
1 => 504 243
1 => Popped From Local Stack
1 => 636 308
1 => Popped From Local Stack
1 => 748 363
1 => Popped From Local Stack
1 => 760 368
1 => Popped From Local Stack
1 => 762 368
1 => Popped From Local Stack
1 => 764 368
1 => Popped From Local Stack
1 => 766 368
1 => Popped From Local Stack
1 => 768 368
1 => Popped From Local Stack
1 => 832 399
1 => Popped From Local Stack
1 => 846 405
1 => Popped From Local Stack
1 => 866 414
1 => Popped From Local Stack
1 => 868 414
1 => Popped From Local Stack
1 => 872 415
1 => Popped From Local Stack
1 => 882 419
1 => Popped From Local Stack
1 => 894 424
1 => Popped From Local Stack
1 => 902 427
1 => Popped From Local Stack
1 => 904 427
1 => Popped From Local Stack
1 => 906 427
1 => Popped From Local Stack
1 => 908 427
1 => Popped From Local Stack
1 => 912 428
1 => Popped From Local Stack
1 => 962 452
1 => Popped From Local Stack
1 => 964 452
1 => Popped From Local Stack
1 => 966 452
1 => Popped From Local Stack
1 => 968 452
1 => Popped From Local Stack
1 => 970 452
1 => Popped From Local Stack
1 => 998 465
1 => Popped From Local Stack
1 => 1000 465
1 => Popped From Local Stack
1 => 1026 477
1 => Popped From Local Stack
1 => 1028 477
1 => Popped From Local Stack
1 => 1042 483
1 => Popped From Local Stack
1 => 1046 484
1 => Popped From Local Stack
1 => 1048 484
1 => Popped From Local Stack
1 => 1058 488
1 => Popped From Local Stack
1 => 1062 489
1 => Popped From Local Stack
1 => 1064 489
1 => Popped From Local Stack
1 => 1068 490
1 => Popped From Local Stack
1 => 1082 496
1 => Popped From Local Stack
1 => 1092 500
1 => Popped From Local Stack
1 => 1098 502
1 => Popped From Local Stack
1 => 1100 502
1 => Popped From Local Stack
1 => 1102 502
1 => Popped From Local Stack
1 => 1106 503
1 => Popped From Local Stack
1 => 1118 508
1 => Popped From Local Stack
1 => 1132 514
1 => Popped From Local Stack
1 => 1134 514
1 => Popped From Local Stack
1 => 1136 514
1 => Popped From Local Stack
1 => 1138 514
1 => Popped From Local Stack
1 => 1140 514
1 => Popped From Local Stack
1 => 1142 514
1 => Popped From Local Stack
1 => 1144 514
1 => Popped From Local Stack
1 => 1146 514
1 => Popped From Local Stack
1 => 1148 514
1 => Popped From Local Stack
1 => 1150 514
1 => Popped From Local Stack
1 => 1152 514
1 => Popped From Local Stack
1 => 1182 528
1 => Popped From Local Stack
1 => 1184 528
1 => Popped From Local Stack
1 => 1186 528
1 => Popped From Local Stack
1 => 1188 528
1 => Popped From Local Stack
1 => 1190 528
1 => Popped From Local Stack
1 => 1202 533
1 => Popped From Local Stack
1 => 1216 539
1 => Popped From Local Stack
1 => 1256 558
1 => Popped From Local Stack
1 => 1258 558
1 => Popped From Local Stack
1 => 1260 558
1 => Popped From Local Stack
1 => 1266 560
1 => Popped From Local Stack
1 => 1282 567
1 => Popped From Local Stack
1 => 1300 575
1 => Popped From Local Stack
1 => 1302 575
1 => Popped From Local Stack
1 => 1304 575
1 => Popped From Local Stack
1 => 1306 575
1 => Popped From Local Stack
1 => 1308 575
1 => Popped From Local Stack
1 => 1310 575
1 => Popped From Local Stack
1 => 1312 575
1 => Popped From Local Stack
1 => 1314 575
1 => Popped From Local Stack
1 => 1452 643
1 => Popped From Local Stack
1 => 1494 663
1 => Popped From Local Stack
1 => 1496 663
1 => Popped From Local Stack
1 => 1498 663
1 => Popped From Local Stack
1 => 1500 663
1 => Popped From Local Stack
1 => 1506 665
1 => Popped From Local Stack
1 => 1544 683
1 => Popped From Local Stack
1 => 1554 687
1 => Popped From Local Stack
1 => 1558 688
1 => Popped From Local Stack
1 => 1580 698
1 => Popped From Local Stack
1 => 1582 698
1 => Popped From Local Stack
1 => 1600 706
1 => Popped From Local Stack
1 => 1620 715
1 => Popped From Local Stack
1 => 1622 715
1 => Popped From Local Stack
1 => 1626 716
1 => Popped From Local Stack
1 => 1638 721
1 => Popped From Local Stack
1 => 1650 726
1 => Popped From Local Stack
1 => 1654 727
1 => Popped From Local Stack
1 => 1656 727
1 => Popped From Local Stack
1 => 1658 727
1 => Popped From Local Stack
1 => 1660 727
1 => Popped From Local Stack
1 => 1662 727
1 => Popped From Local Stack
1 => 1664 727
1 => Popped From Local Stack
1 => 1666 727
1 => Popped From Local Stack
1 => 1668 727
1 => Popped From Local Stack
1 => 1670 727
1 => Popped From Local Stack
1 => 1672 727
1 => Popped From Local Stack
1 => 1674 727
1 => Popped From Local Stack
1 => 1676 727
1 => Popped From Local Stack
1 => 1678 727
1 => Popped From Local Stack
1 => 1680 727
1 => Popped From Local Stack
1 => 1682 727
1 => Outcome : ReachedBound
1 =>: 0 <= UW iterations OR => 842
1 => 1684 727
1 => new call tree total iteration : 0
Verification Outcome : OK
Time Taken : 1457.460429
Verifying flpydisk_irqlexapclte1_1.bpl.bpl
Corral program verifier version 1.0.0.0
http://localhost:5002/
1 => Popped From Local Stack
1 => 6 2
1 => Popped From Local Stack
1 => 40 18
1 => Popped From Local Stack
1 => 48 21
1 => Popped From Local Stack
1 => 78 35
1 => Popped From Local Stack
1 => 80 35
1 => Popped From Local Stack
1 => 82 35
1 => Popped From Local Stack
1 => 144 65
1 => Popped From Local Stack
1 => 146 65
1 => Popped From Local Stack
1 => 148 65
1 => Popped From Local Stack
1 => 150 65
1 => Popped From Local Stack
1 => 152 65
1 => Popped From Local Stack
1 => 154 65
1 => Popped From Local Stack
1 => 156 65
1 => Outcome : ReachedBound
1 =>: 0 <= UW iterations OR => 79
1 => 158 65
Verification Outcome : OK
Time Taken : 1165.705048
1 => new call tree total iteration : 0
Verifying ppa3x_nsremovelockmnremove_0.bpl.bpl
Corral program verifier version 1.0.0.0
http://localhost:5002/
1 => Popped From Local Stack
1 => 6 2
1 => Popped From Local Stack
1 => 68 32
1 => Popped From Local Stack
1 => 104 49
1 => Popped From Local Stack
1 => 138 65
1 => Popped From Local Stack
1 => 318 154
1 => Popped From Local Stack
1 => 344 166
1 => Popped From Local Stack
1 => 570 278
1 => Popped From Local Stack
1 => 706 345
1 => Popped From Local Stack
1 => 738 360
1 => Popped From Local Stack
1 => 748 364
1 => Popped From Local Stack
1 => 848 413
1 => Popped From Local Stack
1 => 868 422
1 => Popped From Local Stack
1 => 882 428
1 => Popped From Local Stack
1 => 892 432
1 => Popped From Local Stack
1 => 900 435
1 => Popped From Local Stack
1 => 924 446
1 => Popped From Local Stack
1 => 994 480
1 => Popped From Local Stack
1 => 1020 492
1 => Popped From Local Stack
1 => 1032 497
1 => Popped From Local Stack
1 => 1042 501
1 => Popped From Local Stack
1 => 1052 505
1 => Popped From Local Stack
1 => 1116 536
1 => Popped From Local Stack
1 => 1118 536
1 => Popped From Local Stack
1 => 1120 536
1 => Popped From Local Stack
1 => 1122 536
1 => Popped From Local Stack
1 => 1124 536
1 => Popped From Local Stack
1 => 1126 536
1 => Popped From Local Stack
1 => 1128 536
1 => Popped From Local Stack
1 => 1130 536
1 => Popped From Local Stack
1 => 1134 537
1 => Popped From Local Stack
1 => 1142 540
1 => Popped From Local Stack
1 => 1150 543
1 => Popped From Local Stack
1 => 1162 548
1 => Popped From Local Stack
1 => 1244 588
1 => Popped From Local Stack
1 => 1246 588
1 => Popped From Local Stack
1 => 1248 588
1 => Popped From Local Stack
1 => 1266 596
1 => Popped From Local Stack
1 => 1268 596
1 => Popped From Local Stack
1 => 1270 596
1 => Popped From Local Stack
1 => 1272 596
1 => Popped From Local Stack
1 => 1274 596
1 => Popped From Local Stack
1 => 1276 596
1 => Popped From Local Stack
1 => 1278 596
1 => Popped From Local Stack
1 => 1280 596
1 => Popped From Local Stack
1 => 1282 596
1 => Popped From Local Stack
1 => 1284 596
1 => Popped From Local Stack
1 => 1286 596
1 => Popped From Local Stack
1 => 1304 604
1 => Popped From Local Stack
1 => 1316 609
1 => Popped From Local Stack
1 => 1332 616
1 => Popped From Local Stack
1 => 1344 621
1 => Popped From Local Stack
1 => 1354 625
1 => Popped From Local Stack
1 => 1370 632
1 => Popped From Local Stack
1 => 1434 663
1 => Popped From Local Stack
1 => 1436 663
1 => Popped From Local Stack
1 => 1438 663
1 => Popped From Local Stack
1 => 1440 663
1 => Popped From Local Stack
1 => 1442 663
1 => Popped From Local Stack
1 => 1444 663
1 => Popped From Local Stack
1 => 1446 663
1 => Popped From Local Stack
1 => 1448 663
1 => Popped From Local Stack
1 => 1450 663
1 => Popped From Local Stack
1 => 1452 663
1 => Popped From Local Stack
1 => 1454 663
1 => Popped From Local Stack
1 => 1456 663
1 => Popped From Local Stack
1 => 1458 663
1 => Popped From Local Stack
1 => 1494 680
1 => Popped From Local Stack
1 => 1510 687
1 => Popped From Local Stack
1 => 1520 691
1 => Popped From Local Stack
1 => 1540 700
1 => Popped From Local Stack
1 => 1548 703
1 => Popped From Local Stack
1 => 1558 707
1 => Popped From Local Stack
1 => 1576 715
1 => Popped From Local Stack
1 => 1584 718
1 => Popped From Local Stack
1 => 1592 721
1 => Popped From Local Stack
1 => 1620 734
1 => Popped From Local Stack
1 => 1622 734
1 => Popped From Local Stack
1 => 1624 734
1 => Popped From Local Stack
1 => 1626 734
1 => Popped From Local Stack
1 => 1628 734
1 => Popped From Local Stack
1 => 1630 734
1 => Popped From Local Stack
1 => 1632 734
1 => Popped From Local Stack
1 => 1634 734
1 => Popped From Local Stack
1 => 1636 734
1 => Popped From Local Stack
1 => 1638 734
1 => Popped From Local Stack
1 => 1640 734
1 => Popped From Local Stack
1 => 1646 736
1 => Popped From Local Stack
1 => 1702 763
1 => Popped From Local Stack
1 => 1722 772
1 => Popped From Local Stack
1 => 1730 775
1 => Popped From Local Stack
1 => 1742 780
1 => Popped From Local Stack
1 => 1786 801
1 => Popped From Local Stack
1 => 1796 805
1 => Popped From Local Stack
1 => 1798 805
1 => Popped From Local Stack
1 => 1800 805
1 => Popped From Local Stack
1 => 1802 805
1 => Popped From Local Stack
1 => 1804 805
1 => Popped From Local Stack
1 => 1806 805
1 => Popped From Local Stack
1 => 1808 805
1 => Popped From Local Stack
1 => 1814 807
1 => Popped From Local Stack
1 => 1824 811
1 => Popped From Local Stack
1 => 1834 815
1 => Popped From Local Stack
1 => 1844 819
1 => Popped From Local Stack
1 => 1912 852
1 => Popped From Local Stack
1 => 1914 852
1 => Popped From Local Stack
1 => 1916 852
1 => Popped From Local Stack
1 => 1918 852
1 => Popped From Local Stack
1 => 1948 866
1 => Popped From Local Stack
1 => 1950 866
1 => Popped From Local Stack
1 => 1952 866
1 => Popped From Local Stack
1 => 1954 866
1 => Popped From Local Stack
1 => 1956 866
1 => Popped From Local Stack
1 => 1958 866
1 => Popped From Local Stack
1 => 1960 866
1 => Popped From Local Stack
1 => 1962 866
1 => Popped From Local Stack
1 => 1964 866
1 => Popped From Local Stack
1 => 1966 866
1 => Popped From Local Stack
1 => 1968 866
1 => Popped From Local Stack
1 => 1970 866
1 => Popped From Local Stack
1 => 1972 866
1 => Popped From Local Stack
1 => 1976 867
1 => Popped From Local Stack
1 => 1988 872
1 => Popped From Local Stack
1 => 2000 877
1 => Popped From Local Stack
1 => 2010 881
1 => Popped From Local Stack
1 => 2018 884
1 => Popped From Local Stack
1 => 2080 914
1 => Popped From Local Stack
1 => 2082 914
1 => Popped From Local Stack
1 => 2108 926
1 => Popped From Local Stack
1 => 2120 931
1 => Popped From Local Stack
1 => 2146 943
1 => Popped From Local Stack
1 => 2166 952
1 => Popped From Local Stack
1 => 2174 955
1 => Popped From Local Stack
1 => 2186 960
1 => Popped From Local Stack
1 => 2198 965
1 => Popped From Local Stack
1 => 2240 985
1 => Popped From Local Stack
1 => 2242 985
1 => Popped From Local Stack
1 => 2244 985
1 => Popped From Local Stack
1 => 2246 985
1 => Popped From Local Stack
1 => 2248 985
1 => Popped From Local Stack
1 => 2250 985
1 => Popped From Local Stack
1 => 2252 985
1 => Popped From Local Stack
1 => 2254 985
1 => Popped From Local Stack
1 => 2260 987
1 => Popped From Local Stack
1 => 2268 990
1 => Popped From Local Stack
1 => 2278 994
1 => Popped From Local Stack
1 => 2320 1014
1 => Popped From Local Stack
1 => 2352 1029
1 => Popped From Local Stack
1 => 2366 1035
1 => Popped From Local Stack
1 => 2368 1035
1 => Popped From Local Stack
1 => 2370 1035
1 => Popped From Local Stack
1 => 2372 1035
1 => Popped From Local Stack
1 => 2374 1035
1 => Popped From Local Stack
1 => 2376 1035
1 => Popped From Local Stack
1 => 2378 1035
1 => Popped From Local Stack
1 => 2380 1035
1 => Popped From Local Stack
1 => 2382 1035
1 => Popped From Local Stack
1 => 2384 1035
1 => Popped From Local Stack
1 => 2386 1035
1 => Popped From Local Stack
1 => 2414 1048
1 => Popped From Local Stack
1 => 2424 1052
1 => Popped From Local Stack
1 => 2432 1055
1 => Popped From Local Stack
1 => 2438 1057
1 => Popped From Local Stack
1 => 2448 1061
1 => Popped From Local Stack
1 => 2470 1071
1 => Popped From Local Stack
1 => 2476 1073
1 => Popped From Local Stack
1 => 2508 1088
1 => Popped From Local Stack
1 => 2540 1103
1 => Popped From Local Stack
1 => 2544 1104
1 => Popped From Local Stack
1 => 2546 1104
1 => Popped From Local Stack
1 => 2548 1104
1 => Popped From Local Stack
1 => 2550 1104
1 => Popped From Local Stack
1 => 2552 1104
1 => Popped From Local Stack
1 => 2554 1104
1 => Popped From Local Stack
1 => 2596 1124
1 => Popped From Local Stack
1 => 2612 1131
1 => Popped From Local Stack
1 => 2614 1131
1 => Popped From Local Stack
1 => 2616 1131
1 => Popped From Local Stack
1 => 2618 1131
1 => Popped From Local Stack
1 => 2620 1131
1 => Popped From Local Stack
1 => 2622 1131
1 => Popped From Local Stack
1 => 2624 1131
1 => Popped From Local Stack
1 => 2626 1131
1 => Popped From Local Stack
1 => 2628 1131
1 => Popped From Local Stack
1 => 2630 1131
1 => Popped From Local Stack
1 => 2632 1131
1 => Popped From Local Stack
1 => 2634 1131
1 => Popped From Local Stack
1 => 2636 1131
1 => Popped From Local Stack
1 => 2638 1131
1 => Popped From Local Stack
1 => 2640 1131
1 => Popped From Local Stack
1 => 2670 1145
1 => Popped From Local Stack
1 => 2702 1160
1 => Popped From Local Stack
1 => 2710 1163
1 => Popped From Local Stack
1 => 2718 1166
1 => Popped From Local Stack
1 => 2734 1173
1 => Popped From Local Stack
1 => 2746 1178
1 => Popped From Local Stack
1 => 2758 1183
1 => Popped From Local Stack
1 => 2798 1202
1 => Popped From Local Stack
1 => 2800 1202
1 => Popped From Local Stack
1 => 2802 1202
1 => Popped From Local Stack
1 => 2804 1202
1 => Popped From Local Stack
1 => 2836 1217
1 => Popped From Local Stack
1 => 2838 1217
1 => Popped From Local Stack
1 => 2840 1217
1 => Popped From Local Stack
1 => 2842 1217
1 => Popped From Local Stack
1 => 2844 1217
1 => Popped From Local Stack
1 => 2846 1217
1 => Popped From Local Stack
1 => 2848 1217
1 => Popped From Local Stack
1 => 2850 1217
1 => Popped From Local Stack
1 => 2852 1217
1 => Popped From Local Stack
1 => 2856 1218
1 => Popped From Local Stack
1 => 2892 1235
1 => Popped From Local Stack
1 => 2902 1239
1 => Popped From Local Stack
1 => 2912 1243
1 => Popped From Local Stack
1 => 2930 1251
1 => Popped From Local Stack
1 => 2944 1257
1 => Popped From Local Stack
1 => 2954 1261
1 => Popped From Local Stack
1 => 2972 1269
1 => Popped From Local Stack
1 => 3008 1286
1 => Popped From Local Stack
1 => 3010 1286
1 => Popped From Local Stack
1 => 3012 1286
1 => Popped From Local Stack
1 => 3014 1286
1 => Popped From Local Stack
1 => 3016 1286
1 => Popped From Local Stack
1 => 3018 1286
1 => Popped From Local Stack
1 => 3020 1286
1 => Popped From Local Stack
1 => 3024 1287
1 => Popped From Local Stack
1 => 3032 1290
1 => Popped From Local Stack
1 => 3040 1293
1 => Popped From Local Stack
1 => 3064 1304
1 => Popped From Local Stack
1 => 3108 1325
1 => Popped From Local Stack
1 => 3110 1325
1 => Popped From Local Stack
1 => 3112 1325
1 => Popped From Local Stack
1 => 3114 1325
1 => Popped From Local Stack
1 => 3116 1325
1 => Popped From Local Stack
1 => 3118 1325
1 => Popped From Local Stack
1 => 3120 1325
1 => Popped From Local Stack
1 => 3122 1325
1 => Popped From Local Stack
1 => 3126 1326
1 => Popped From Local Stack
1 => 3136 1330
1 => Popped From Local Stack
1 => 3144 1333
1 => Popped From Local Stack
1 => 3166 1343
1 => Popped From Local Stack
1 => 3180 1349
1 => Popped From Local Stack
1 => 3192 1354
1 => Popped From Local Stack
1 => 3212 1363
1 => Popped From Local Stack
1 => 3240 1376
1 => Popped From Local Stack
1 => 3250 1380
1 => Popped From Local Stack
1 => 3252 1380
1 => Popped From Local Stack
1 => 3254 1380
1 => Popped From Local Stack
1 => 3256 1380
1 => Popped From Local Stack
1 => 3258 1380
1 => Popped From Local Stack
1 => 3264 1382
1 => Popped From Local Stack
1 => 3272 1385
1 => Popped From Local Stack
1 => 3284 1390
1 => Popped From Local Stack
1 => 3334 1414
1 => Popped From Local Stack
1 => 3336 1414
1 => Popped From Local Stack
1 => 3338 1414
1 => Popped From Local Stack
1 => 3340 1414
1 => Popped From Local Stack
1 => 3342 1414
1 => Popped From Local Stack
1 => 3344 1414
1 => Popped From Local Stack
1 => 3346 1414
1 => Popped From Local Stack
1 => 3348 1414
1 => Popped From Local Stack
1 => 3350 1414
1 => Popped From Local Stack
1 => 3352 1414
1 => Popped From Local Stack
1 => 3354 1414
1 => Popped From Local Stack
1 => 3356 1414
1 => Popped From Local Stack
1 => 3364 1417
1 => Popped From Local Stack
1 => 3376 1422
1 => Popped From Local Stack
1 => 3402 1434
1 => Popped From Local Stack
1 => 3424 1444
1 => Popped From Local Stack
1 => 3442 1452
1 => Popped From Local Stack
1 => 3466 1463
1 => Popped From Local Stack
1 => 3476 1467
1 => Popped From Local Stack
1 => 3488 1472
1 => Popped From Local Stack
1 => 3502 1478
1 => Popped From Local Stack
1 => 3512 1482
1 => Popped From Local Stack
1 => 3516 1483
1 => Popped From Local Stack
1 => 3518 1483
1 => Popped From Local Stack
1 => 3524 1485
1 => Popped From Local Stack
1 => 3550 1497
1 => Popped From Local Stack
1 => 3562 1502
1 => Popped From Local Stack
1 => 3572 1506
1 => Popped From Local Stack
1 => 3582 1510
1 => Popped From Local Stack
1 => 3594 1515
1 => Popped From Local Stack
1 => 3604 1519
1 => Popped From Local Stack
1 => 3636 1534
1 => Popped From Local Stack
1 => 3646 1538
1 => Popped From Local Stack
1 => 3666 1547
1 => Popped From Local Stack
1 => 3682 1554
1 => Popped From Local Stack
1 => 3686 1555
1 => Popped From Local Stack
1 => 3692 1557
1 => Popped From Local Stack
1 => 3694 1557
1 => Popped From Local Stack
1 => 3696 1557
1 => Popped From Local Stack
1 => 3700 1558
1 => Popped From Local Stack
1 => 3712 1563
1 => Popped From Local Stack
1 => 3764 1588
1 => Popped From Local Stack
1 => 3766 1588
1 => Popped From Local Stack
1 => 3768 1588
1 => Popped From Local Stack
1 => 3770 1588
1 => Popped From Local Stack
1 => 3806 1605
1 => Popped From Local Stack
1 => 3808 1605
1 => Popped From Local Stack
1 => 3810 1605
1 => Popped From Local Stack
1 => 3812 1605
1 => Popped From Local Stack
1 => 3814 1605
1 => Popped From Local Stack
1 => 3816 1605
1 => Popped From Local Stack
1 => 3818 1605
1 => Popped From Local Stack
1 => 3820 1605
1 => Popped From Local Stack
1 => 3822 1605
1 => Popped From Local Stack
1 => 3824 1605
1 => Popped From Local Stack
1 => 3826 1605
1 => Popped From Local Stack
1 => 3830 1606
1 => Popped From Local Stack
1 => 3842 1611
1 => Popped From Local Stack
1 => 3856 1617
1 => Popped From Local Stack
1 => 3910 1643
1 => Popped From Local Stack
1 => 3932 1653
1 => Popped From Local Stack
1 => 3942 1657
1 => Popped From Local Stack
1 => 3950 1660
1 => Popped From Local Stack
1 => 3962 1665
1 => Popped From Local Stack
1 => 3974 1670
1 => Popped From Local Stack
1 => 3986 1675
1 => Popped From Local Stack
1 => 3988 1675
1 => Popped From Local Stack
1 => 3990 1675
1 => Popped From Local Stack
1 => 3992 1675
1 => Popped From Local Stack
1 => 3998 1677
1 => Popped From Local Stack
1 => 4012 1683
1 => Popped From Local Stack
1 => 4044 1698
1 => Popped From Local Stack
1 => 4054 1702
1 => Popped From Local Stack
1 => 4066 1707
1 => Popped From Local Stack
1 => 4076 1711
1 => Popped From Local Stack
1 => 4086 1715
1 => Popped From Local Stack
1 => 4116 1729
1 => Popped From Local Stack
1 => 4124 1732
1 => Popped From Local Stack
1 => 4148 1743
1 => Popped From Local Stack
1 => 4156 1746
1 => Popped From Local Stack
1 => 4158 1746
1 => Popped From Local Stack
1 => 4162 1747
1 => Popped From Local Stack
1 => 4172 1751
1 => Popped From Local Stack
1 => 4206 1767
1 => Popped From Local Stack
1 => 4208 1767
1 => Popped From Local Stack
1 => 4210 1767
1 => Popped From Local Stack
1 => 4212 1767
1 => Popped From Local Stack
1 => 4214 1767
1 => Popped From Local Stack
1 => 4216 1767
1 => Popped From Local Stack
1 => 4218 1767
1 => Popped From Local Stack
1 => 4220 1767
1 => Popped From Local Stack
1 => 4222 1767
1 => Popped From Local Stack
1 => 4224 1767
1 => Popped From Local Stack
1 => 4228 1768
1 => Popped From Local Stack
1 => 4242 1774
1 => Popped From Local Stack
1 => 4258 1781
1 => Popped From Local Stack
1 => 4298 1800
1 => Popped From Local Stack
1 => 4308 1804
1 => Popped From Local Stack
1 => 4318 1808
1 => Popped From Local Stack
1 => 4338 1817
1 => Popped From Local Stack
1 => 4356 1825
1 => Popped From Local Stack
1 => 4366 1829
1 => Popped From Local Stack
1 => 4384 1837
1 => Popped From Local Stack
1 => 4386 1837
1 => Popped From Local Stack
1 => 4388 1837
1 => Popped From Local Stack
1 => 4390 1837
1 => Popped From Local Stack
1 => 4392 1837
1 => Popped From Local Stack
1 => 4394 1837
1 => Popped From Local Stack
1 => 4400 1839
1 => Popped From Local Stack
1 => 4428 1852
1 => Popped From Local Stack
1 => 4448 1861
1 => Popped From Local Stack
1 => 4462 1867
1 => Popped From Local Stack
1 => 4474 1872
1 => Popped From Local Stack
1 => 4486 1877
1 => Popped From Local Stack
1 => 4498 1882
1 => Popped From Local Stack
1 => 4520 1892
1 => Popped From Local Stack
1 => 4530 1896
1 => Popped From Local Stack
1 => 4556 1908
1 => Popped From Local Stack
1 => 4558 1908
1 => Popped From Local Stack
1 => 4560 1908
1 => Popped From Local Stack
1 => 4562 1908
1 => Popped From Local Stack
1 => 4564 1908
1 => Popped From Local Stack
1 => 4566 1908
1 => Popped From Local Stack
1 => 4568 1908
1 => Popped From Local Stack
1 => 4570 1908
1 => Popped From Local Stack
1 => 4572 1908
1 => Popped From Local Stack
1 => 4574 1908
1 => Popped From Local Stack
1 => 4576 1908
1 => Popped From Local Stack
1 => 4580 1909
1 => Popped From Local Stack
1 => 4594 1915
1 => Popped From Local Stack
1 => 4624 1929
1 => Popped From Local Stack
1 => 4638 1935
1 => Popped From Local Stack
1 => 4654 1942
1 => Popped From Local Stack
1 => 4666 1947
1 => Popped From Local Stack
1 => 4668 1947
1 => Popped From Local Stack
1 => 4670 1947
1 => Popped From Local Stack
1 => 4672 1947
1 => Popped From Local Stack
1 => 4674 1947
1 => Popped From Local Stack
1 => 4678 1948
1 => Popped From Local Stack
1 => 4692 1954
1 => Popped From Local Stack
1 => 4718 1966
1 => Popped From Local Stack
1 => 4736 1974
1 => Popped From Local Stack
1 => 4750 1980
1 => Popped From Local Stack
1 => 4752 1980
1 => Popped From Local Stack
1 => 4754 1980
1 => Popped From Local Stack
1 => 4756 1980
1 => Popped From Local Stack
1 => 4758 1980
1 => Popped From Local Stack
1 => 4760 1980
1 => Popped From Local Stack
1 => 4766 1982
1 => Popped From Local Stack
1 => 4784 1990
1 => Popped From Local Stack
1 => 4798 1996
1 => Popped From Local Stack
1 => 4830 2011
1 => Popped From Local Stack
1 => 4850 2020
1 => Popped From Local Stack
1 => 4866 2027
1 => Popped From Local Stack
1 => 4878 2032
1 => Popped From Local Stack
1 => 4908 2046
1 => Popped From Local Stack
1 => 4954 2068
1 => Popped From Local Stack
1 => 4968 2074
1 => Popped From Local Stack
1 => 4980 2079
1 => Popped From Local Stack
1 => 4982 2079
1 => Popped From Local Stack
1 => 4986 2080
1 => Popped From Local Stack
1 => 5002 2087
1 => Popped From Local Stack
1 => 5014 2092
1 => Popped From Local Stack
1 => 5022 2095
1 => Popped From Local Stack
1 => 5024 2095
1 => Popped From Local Stack
1 => 5030 2097
1 => Popped From Local Stack
1 => 5044 2103
1 => Popped From Local Stack
1 => 5086 2123
1 => Popped From Local Stack
1 => 5088 2123
1 => Popped From Local Stack
1 => 5090 2123
1 => Popped From Local Stack
1 => 5122 2138
1 => Popped From Local Stack
1 => 5124 2138
1 => Popped From Local Stack
1 => 5126 2138
1 => Popped From Local Stack
1 => 5128 2138
1 => Popped From Local Stack
1 => 5130 2138
1 => Popped From Local Stack
1 => 5132 2138
1 => Popped From Local Stack
1 => 5134 2138
1 => Popped From Local Stack
1 => 5136 2138
1 => Popped From Local Stack
1 => 5138 2138
1 => Popped From Local Stack
1 => 5140 2138
1 => Popped From Local Stack
1 => 5146 2140
1 => Popped From Local Stack
1 => 5166 2149
1 => Popped From Local Stack
1 => 5180 2155
1 => Popped From Local Stack
1 => 5212 2170
1 => Popped From Local Stack
1 => 5214 2170
1 => Popped From Local Stack
1 => 5216 2170
1 => Popped From Local Stack
1 => 5218 2170
1 => Popped From Local Stack
1 => 5220 2170
1 => Popped From Local Stack
1 => 5226 2172
1 => Popped From Local Stack
1 => 5246 2181
1 => Popped From Local Stack
1 => 5266 2190
1 => Popped From Local Stack
1 => 5272 2192
1 => Popped From Local Stack
1 => 5274 2192
1 => Popped From Local Stack
1 => 5282 2195
1 => Popped From Local Stack
1 => 5306 2206
1 => Popped From Local Stack
1 => 5318 2211
1 => Popped From Local Stack
1 => 5320 2211
1 => Popped From Local Stack
1 => 5322 2211
1 => Popped From Local Stack
1 => 5324 2211
1 => Outcome : Correct
1 =>: 0 <= UW iterations OR => 2663
1 => 5326 2211
Verification Outcome : OK
Time Taken : 5855.773097
Verifying 61883_ioallocatecomplete_1.bpl.bpl
Corral program verifier version 1.0.0.0
http://localhost:5002/
1 => Popped From Local Stack
1 => 6 2
1 => Popped From Local Stack
1 => 106 51
1 => Popped From Local Stack
1 => 168 81
1 => Popped From Local Stack
1 => 712 352
1 => Outcome : Errors
1 =>: 0 <= UW iterations OR => 554
1 => 1107 549
Verification Outcome : NOK
Time Taken : 557.534846
Verifying mp_iobuildfsdirpsignaleventincompletiontimeout_0.bpl.bpl
Corral program verifier version 1.0.0.0
http://localhost:5002/
1 => Popped From Local Stack
1 => 6 2
1 => Popped From Local Stack
1 => 66 31
1 => Popped From Local Stack
1 => 100 47
1 => Popped From Local Stack
1 => 286 139
1 => Popped From Local Stack
1 => 288 139
1 => Popped From Local Stack
1 => 296 142
1 => Popped From Local Stack
1 => 390 188
1 => Popped From Local Stack
1 => 430 207
1 => Popped From Local Stack
1 => 432 207
1 => Popped From Local Stack
1 => 452 216
1 => Popped From Local Stack
1 => 456 217
1 => Popped From Local Stack
1 => 458 217
1 => Popped From Local Stack
1 => 460 217
1 => Popped From Local Stack
1 => 474 223
1 => Popped From Local Stack
1 => 572 271
1 => Popped From Local Stack
1 => 578 273
1 => Popped From Local Stack
1 => 580 273
1 => Popped From Local Stack
1 => 582 273
1 => Popped From Local Stack
1 => 584 273
1 => Popped From Local Stack
1 => 626 293
1 => Popped From Local Stack
1 => 652 305
1 => Popped From Local Stack
1 => 654 305
1 => Popped From Local Stack
1 => 656 305
1 => Popped From Local Stack
1 => 660 306
1 => Popped From Local Stack
1 => 716 333
1 => Popped From Local Stack
1 => 718 333
1 => Popped From Local Stack
1 => 734 340
1 => Popped From Local Stack
1 => 736 340
1 => Popped From Local Stack
1 => 738 340
1 => Popped From Local Stack
1 => 740 340
1 => Popped From Local Stack
1 => 814 376
1 => Popped From Local Stack
1 => 826 381
1 => Popped From Local Stack
1 => 832 383
1 => Popped From Local Stack
1 => 854 393
1 => Popped From Local Stack
1 => 856 393
1 => Popped From Local Stack
1 => 864 396
1 => Popped From Local Stack
1 => 898 412
1 => Popped From Local Stack
1 => 900 412
1 => Popped From Local Stack
1 => 902 412
1 => Popped From Local Stack
1 => 904 412
1 => Popped From Local Stack
1 => 928 423
1 => Popped From Local Stack
1 => 972 444
1 => Popped From Local Stack
1 => 978 446
1 => Popped From Local Stack
1 => 998 455
1 => Popped From Local Stack
1 => 1000 455
1 => Popped From Local Stack
1 => 1034 471
1 => Popped From Local Stack
1 => 1038 472
1 => Popped From Local Stack
1 => 1040 472
1 => Popped From Local Stack
1 => 1042 472
1 => Popped From Local Stack
1 => 1052 476
1 => Popped From Local Stack
1 => 1090 494
1 => Popped From Local Stack
1 => 1110 503
1 => Popped From Local Stack
1 => 1112 503
1 => Popped From Local Stack
1 => 1144 518
1 => Popped From Local Stack
1 => 1146 518
1 => Popped From Local Stack
1 => 1160 524
1 => Popped From Local Stack
1 => 1162 524
1 => Popped From Local Stack
1 => 1164 524
1 => Popped From Local Stack
1 => 1194 538
1 => Popped From Local Stack
1 => 1196 538
1 => Popped From Local Stack
1 => 1228 553
1 => Popped From Local Stack
1 => 1232 554
1 => Popped From Local Stack
1 => 1234 554
1 => Popped From Local Stack
1 => 1236 554
1 => Popped From Local Stack
1 => 1238 554
1 => Popped From Local Stack
1 => 1240 554
1 => Popped From Local Stack
1 => 1260 563
1 => Popped From Local Stack
1 => 1286 575
1 => Outcome : ReachedBound
1 =>: 0 <= UW iterations OR => 650
1 => 1300 581
1 => new call tree total iteration : 0
Verification Outcome : OK
Time Taken : 756.191932
