Verifying sbp2port_irqldispatch_1.bpl.bpl
Corral program verifier version 1.0.0.0
http://localhost:5002/
1 => changing to OR
1 => Popped From Local Stack
1 => 6 2
1 => changing to UW
1 => changing to OR
1 => changing to UW
1 => changing to OR
1 => changing to UW
1 => changing to OR
1 => Popped From Local Stack
1 => 63 31
1 => changing to UW
1 => changing to OR
1 => Popped From Local Stack
1 => 90 44
1 => changing to UW
1 => changing to OR
1 => changing to UW
1 => changing to OR
1 => changing to UW
1 => changing to OR
1 => changing to UW
1 => changing to OR
1 => Popped From Local Stack
1 => 218 109
1 => Popped From Local Stack
1 => 220 109
1 => Popped From Local Stack
1 => 222 109
1 => changing to UW
1 => changing to OR
1 => Popped From Local Stack
1 => 225 110
1 => Popped From Local Stack
1 => 227 110
1 => changing to UW
1 => changing to OR
1 => changing to UW
1 => changing to OR
1 => changing to UW
1 => changing to OR
1 => changing to UW
1 => changing to OR
1 => changing to UW
1 => changing to OR
1 => changing to UW
1 => changing to OR
1 => Popped From Local Stack
1 => 402 200
1 => changing to UW
1 => changing to OR
1 => changing to UW
1 => changing to OR
1 => changing to UW
1 => changing to OR
1 => Popped From Local Stack
1 => 475 237
1 => changing to UW
1 => changing to OR
1 => Popped From Local Stack
1 => 518 258
1 => Popped From Local Stack
1 => 520 258
1 => Popped From Local Stack
1 => 522 258
1 => changing to UW
1 => changing to OR
1 => changing to UW
1 => Popped From Local Stack
1 => 548 272
1 => changing to OR
1 => changing to UW
1 => changing to OR
1 => changing to UW
1 => changing to OR
1 => Popped From Local Stack
1 => 598 297
1 => changing to UW
1 => changing to OR
1 => changing to UW
1 => changing to OR
1 => Popped From Local Stack
1 => 622 309
1 => Popped From Local Stack
1 => 626 310
1 => Popped From Local Stack
1 => 636 314
1 => changing to UW
1 => changing to OR
1 => changing to UW
1 => changing to OR
1 => changing to UW
1 => Popped From Local Stack
1 => 665 330
1 => changing to OR
1 => changing to UW
1 => changing to OR
1 => Popped From Local Stack
1 => 676 335
1 => changing to UW
1 => changing to OR
1 => Popped From Local Stack
1 => 679 336
1 => Popped From Local Stack
1 => 681 336
1 => Popped From Local Stack
1 => 683 336
1 => Popped From Local Stack
1 => 685 336
1 => Popped From Local Stack
1 => 687 336
1 => Popped From Local Stack
1 => 689 336
1 => Popped From Local Stack
1 => 691 336
1 => Popped From Local Stack
1 => 693 336
1 => Popped From Local Stack
1 => 695 336
1 => Popped From Local Stack
1 => 697 336
1 => Popped From Local Stack
1 => 699 336
1 => changing to UW
1 => changing to OR
1 => changing to UW
1 => changing to OR
1 => Popped From Local Stack
1 => 761 367
1 => Popped From Local Stack
1 => 789 380
1 => Popped From Local Stack
1 => 803 386
1 => Popped From Local Stack
1 => 805 386
1 => changing to UW
1 => changing to OR
1 => Popped From Local Stack
1 => 808 387
1 => Popped From Local Stack
1 => 820 392
1 => Popped From Local Stack
1 => 846 404
1 => Popped From Local Stack
1 => 874 417
1 => Popped From Local Stack
1 => 898 428
1 => changing to UW
1 => changing to OR
1 => changing to UW
1 => changing to OR
1 => Popped From Local Stack
1 => 945 452
1 => Popped From Local Stack
1 => 947 452
1 => Popped From Local Stack
1 => 949 452
1 => Popped From Local Stack
1 => 951 452
1 => changing to UW
1 => changing to OR
1 => Popped From Local Stack
1 => 976 464
1 => Popped From Local Stack
1 => 982 466
1 => Popped From Local Stack
1 => 984 466
1 => changing to UW
1 => changing to OR
1 => Popped From Local Stack
1 => 993 470
1 => Popped From Local Stack
1 => 1003 474
1 => Popped From Local Stack
1 => 1005 474
1 => Popped From Local Stack
1 => 1007 474
1 => Popped From Local Stack
1 => 1011 475
1 => changing to UW
1 => changing to OR
1 => Popped From Local Stack
1 => 1032 485
1 => changing to UW
1 => changing to OR
1 => changing to UW
1 => changing to OR
1 => Popped From Local Stack
1 => 1050 494
1 => Popped From Local Stack
1 => 1052 494
1 => Popped From Local Stack
1 => 1054 494
1 => changing to UW
1 => changing to OR
1 => Popped From Local Stack
1 => 1057 495
1 => Popped From Local Stack
1 => 1059 495
1 => Popped From Local Stack
1 => 1063 496
1 => changing to UW
1 => changing to OR
1 => changing to UW
1 => changing to OR
1 => Popped From Local Stack
1 => 1101 515
1 => Popped From Local Stack
1 => 1129 528
1 => changing to UW
1 => changing to OR
1 => changing to UW
1 => changing to OR
1 => changing to UW
1 => changing to OR
1 => Popped From Local Stack
1 => 1168 548
1 => Popped From Local Stack
1 => 1174 550
1 => Popped From Local Stack
1 => 1176 550
1 => Popped From Local Stack
1 => 1178 550
1 => Popped From Local Stack
1 => 1196 558
1 => Popped From Local Stack
1 => 1198 558
1 => Popped From Local Stack
1 => 1216 566
1 => changing to UW
1 => changing to OR
1 => Popped From Local Stack
1 => 1219 567
1 => Popped From Local Stack
1 => 1221 567
1 => Popped From Local Stack
1 => 1223 567
1 => Popped From Local Stack
1 => 1225 567
1 => Popped From Local Stack
1 => 1227 567
1 => Popped From Local Stack
1 => 1229 567
1 => Popped From Local Stack
1 => 1231 567
1 => Popped From Local Stack
1 => 1233 567
1 => Popped From Local Stack
1 => 1237 568
1 => changing to UW
1 => changing to OR
1 => changing to UW
1 => changing to OR
1 => Popped From Local Stack
1 => 1263 581
1 => Popped From Local Stack
1 => 1267 582
1 => Popped From Local Stack
1 => 1269 582
1 => Popped From Local Stack
1 => 1283 588
1 => Popped From Local Stack
1 => 1285 588
1 => changing to UW
1 => changing to OR
1 => Popped From Local Stack
1 => 1288 589
1 => changing to UW
1 => changing to OR
1 => Popped From Local Stack
1 => 1292 591
1 => Popped From Local Stack
1 => 1294 591
1 => Popped From Local Stack
1 => 1296 591
1 => Popped From Local Stack
1 => 1298 591
1 => Popped From Local Stack
1 => 1300 591
1 => Popped From Local Stack
1 => 1302 591
1 => changing to UW
1 => changing to OR
1 => changing to UW
1 => changing to OR
1 => changing to UW
1 => changing to OR
1 => Popped From Local Stack
1 => 1379 630
1 => changing to UW
1 => Popped From Local Stack
1 => 1444 663
1 => changing to OR
1 => Popped From Local Stack
1 => 1446 663
1 => Popped From Local Stack
1 => 1448 663
1 => Popped From Local Stack
1 => 1450 663
1 => Popped From Local Stack
1 => 1452 663
1 => Popped From Local Stack
1 => 1460 666
1 => changing to UW
1 => changing to OR
1 => changing to UW
1 => changing to OR
1 => changing to UW
1 => changing to OR
1 => Popped From Local Stack
1 => 1487 680
1 => changing to UW
1 => changing to OR
1 => Popped From Local Stack
1 => 1510 691
1 => changing to UW
1 => changing to OR
1 => changing to UW
1 => changing to OR
1 => Popped From Local Stack
1 => 1526 699
1 => Popped From Local Stack
1 => 1528 699
1 => Popped From Local Stack
1 => 1530 699
1 => Popped From Local Stack
1 => 1534 700
1 => Popped From Local Stack
1 => 1544 704
1 => Popped From Local Stack
1 => 1552 707
1 => Popped From Local Stack
1 => 1554 707
1 => Popped From Local Stack
1 => 1556 707
1 => Popped From Local Stack
1 => 1558 707
1 => changing to UW
1 => Popped From Local Stack
1 => 1569 713
1 => changing to OR
1 => Popped From Local Stack
1 => 1583 719
1 => Popped From Local Stack
1 => 1607 730
1 => Popped From Local Stack
1 => 1609 730
1 => changing to UW
1 => changing to OR
1 => changing to UW
1 => changing to OR
1 => changing to UW
1 => changing to OR
1 => changing to UW
1 => changing to OR
1 => Popped From Local Stack
1 => 1644 749
1 => changing to UW
1 => Popped From Local Stack
1 => 1645 749
1 => changing to OR
1 => Popped From Local Stack
1 => 1659 755
1 => Popped From Local Stack
1 => 1661 755
1 => Popped From Local Stack
1 => 1663 755
1 => Popped From Local Stack
1 => 1665 755
1 => Popped From Local Stack
1 => 1669 756
1 => changing to UW
1 => changing to OR
1 => Popped From Local Stack
1 => 1678 760
1 => changing to UW
1 => changing to OR
1 => changing to UW
1 => changing to OR
1 => changing to UW
1 => changing to OR
1 => Popped From Local Stack
1 => 1697 770
1 => Popped From Local Stack
1 => 1699 770
1 => Popped From Local Stack
1 => 1705 772
1 => changing to UW
1 => changing to OR
1 => Popped From Local Stack
1 => 1710 774
1 => Popped From Local Stack
1 => 1714 775
1 => Popped From Local Stack
1 => 1716 775
1 => Popped From Local Stack
1 => 1718 775
1 => Popped From Local Stack
1 => 1722 776
1 => Popped From Local Stack
1 => 1732 780
1 => changing to UW
1 => changing to OR
1 => changing to UW
1 => changing to OR
1 => Popped From Local Stack
1 => 1740 784
1 => Popped From Local Stack
1 => 1748 787
1 => Popped From Local Stack
1 => 1752 788
1 => Popped From Local Stack
1 => 1754 788
1 => Popped From Local Stack
1 => 1756 788
1 => Popped From Local Stack
1 => 1758 788
1 => Popped From Local Stack
1 => 1760 788
1 => Popped From Local Stack
1 => 1762 788
1 => Popped From Local Stack
1 => 1764 788
1 => changing to UW
1 => Popped From Local Stack
1 => 1765 788
1 => changing to OR
1 => Popped From Local Stack
1 => 1767 788
1 => changing to UW
1 => changing to OR
1 => changing to UW
1 => changing to OR
1 => Popped From Local Stack
1 => 1793 801
1 => Popped From Local Stack
1 => 1795 801
1 => Popped From Local Stack
1 => 1797 801
1 => Popped From Local Stack
1 => 1799 801
1 => Popped From Local Stack
1 => 1801 801
1 => changing to UW
1 => Popped From Local Stack
1 => 1802 801
1 => changing to OR
1 => changing to UW
1 => changing to OR
1 => Popped From Local Stack
1 => 1807 803
1 => Popped From Local Stack
1 => 1809 803
1 => Popped From Local Stack
1 => 1811 803
1 => Popped From Local Stack
1 => 1813 803
1 => Outcome : ReachedBound
1 =>: 83 <= UW iterations OR => 866
1 => 1815 803
Verification Outcome : OK
Time Taken : 1922.074174
1 => new call tree total iteration : 0
1 => changing to OR
Verifying flpydisk_irqlexapclte1_1.bpl.bpl
Corral program verifier version 1.0.0.0
http://localhost:5002/
1 => changing to OR
1 => Popped From Local Stack
1 => 6 2
1 => changing to UW
1 => changing to OR
1 => Popped From Local Stack
1 => 41 19
1 => changing to UW
1 => changing to OR
1 => Popped From Local Stack
1 => 60 28
1 => changing to UW
1 => changing to OR
1 => changing to UW
1 => changing to OR
1 => Popped From Local Stack
1 => 90 43
1 => Popped From Local Stack
1 => 92 43
1 => changing to UW
1 => changing to OR
1 => changing to UW
1 => changing to OR
1 => changing to UW
1 => changing to OR
1 => Popped From Local Stack
1 => 141 68
1 => Popped From Local Stack
1 => 143 68
1 => Popped From Local Stack
1 => 145 68
1 => Popped From Local Stack
1 => 147 68
1 => Popped From Local Stack
1 => 149 68
1 => Outcome : ReachedBound
1 =>: 7 <= UW iterations OR => 72
1 => 151 68
Verification Outcome : OK
Time Taken : 1476.734319
1 => new call tree total iteration : 0
1 => changing to UW
Verifying ppa3x_nsremovelockmnremove_0.bpl.bpl
Corral program verifier version 1.0.0.0
http://localhost:5002/
1 => changing to OR
1 => Popped From Local Stack
1 => 6 2
1 => changing to UW
1 => changing to OR
1 => Popped From Local Stack
1 => 67 32
1 => changing to UW
1 => changing to OR
1 => changing to UW
1 => changing to OR
1 => changing to UW
1 => changing to OR
1 => changing to UW
1 => changing to OR
1 => Popped From Local Stack
1 => 99 49
1 => Popped From Local Stack
1 => 119 58
1 => changing to UW
1 => changing to OR
1 => changing to UW
1 => changing to OR
1 => changing to UW
1 => changing to OR
1 => changing to UW
1 => changing to OR
1 => Popped From Local Stack
1 => 223 111
1 => changing to UW
1 => changing to OR
1 => Popped From Local Stack
1 => 253 126
1 => changing to UW
1 => changing to OR
1 => Popped From Local Stack
1 => 328 163
1 => Popped From Local Stack
1 => 342 169
1 => changing to UW
1 => changing to OR
1 => Popped From Local Stack
1 => 357 176
1 => changing to UW
1 => changing to OR
1 => Popped From Local Stack
1 => 408 201
1 => changing to UW
1 => changing to OR
1 => changing to UW
1 => changing to OR
1 => Popped From Local Stack
1 => 426 210
1 => Popped From Local Stack
1 => 428 210
1 => changing to UW
1 => Popped From Local Stack
1 => 429 211
1 => changing to OR
1 => Popped From Local Stack
1 => 431 211
1 => Popped From Local Stack
1 => 433 211
1 => changing to UW
1 => changing to OR
1 => changing to UW
1 => changing to OR
1 => Popped From Local Stack
1 => 476 233
1 => Popped From Local Stack
1 => 488 238
1 => Popped From Local Stack
1 => 502 244
1 => changing to UW
1 => changing to OR
1 => changing to UW
1 => changing to OR
1 => Popped From Local Stack
1 => 544 265
1 => Popped From Local Stack
1 => 546 265
1 => Popped From Local Stack
1 => 548 265
1 => Popped From Local Stack
1 => 550 265
1 => Popped From Local Stack
1 => 552 265
1 => Popped From Local Stack
1 => 554 265
1 => Popped From Local Stack
1 => 556 265
1 => changing to UW
1 => changing to OR
1 => changing to UW
1 => changing to OR
1 => changing to UW
1 => changing to OR
1 => changing to UW
1 => changing to OR
1 => Popped From Local Stack
1 => 606 291
1 => Popped From Local Stack
1 => 620 297
1 => changing to UW
1 => changing to OR
1 => changing to UW
1 => changing to OR
1 => Popped From Local Stack
1 => 646 310
1 => Popped From Local Stack
1 => 648 310
1 => Popped From Local Stack
1 => 650 310
1 => Popped From Local Stack
1 => 652 310
1 => Popped From Local Stack
1 => 654 310
1 => changing to UW
1 => changing to OR
1 => Popped From Local Stack
1 => 722 344
1 => changing to UW
1 => changing to OR
1 => Popped From Local Stack
1 => 761 363
1 => Popped From Local Stack
1 => 767 365
1 => Popped From Local Stack
1 => 769 365
1 => Popped From Local Stack
1 => 771 365
1 => Popped From Local Stack
1 => 773 365
1 => Popped From Local Stack
1 => 781 368
1 => Popped From Local Stack
1 => 805 379
1 => changing to UW
1 => changing to OR
1 => Popped From Local Stack
1 => 828 390
1 => Popped From Local Stack
1 => 830 390
1 => Popped From Local Stack
1 => 832 390
1 => Popped From Local Stack
1 => 834 390
1 => Popped From Local Stack
1 => 836 390
1 => Popped From Local Stack
1 => 838 390
1 => Popped From Local Stack
1 => 840 390
1 => Popped From Local Stack
1 => 842 390
1 => Popped From Local Stack
1 => 844 390
1 => Popped From Local Stack
1 => 846 390
1 => changing to UW
1 => changing to OR
1 => Popped From Local Stack
1 => 889 411
1 => changing to UW
1 => changing to OR
1 => Popped From Local Stack
1 => 914 423
1 => Popped From Local Stack
1 => 916 423
1 => Popped From Local Stack
1 => 918 423
1 => Popped From Local Stack
1 => 920 423
1 => Popped From Local Stack
1 => 922 423
1 => Popped From Local Stack
1 => 926 424
1 => changing to UW
1 => changing to OR
1 => changing to UW
1 => changing to OR
1 => changing to UW
1 => changing to OR
1 => changing to UW
1 => changing to OR
1 => Popped From Local Stack
1 => 997 461
1 => changing to UW
1 => changing to OR
1 => Popped From Local Stack
1 => 1004 464
1 => changing to UW
1 => changing to OR
1 => changing to UW
1 => changing to OR
1 => Popped From Local Stack
1 => 1044 484
1 => Popped From Local Stack
1 => 1064 493
1 => changing to UW
1 => changing to OR
1 => Popped From Local Stack
1 => 1087 504
1 => Popped From Local Stack
1 => 1097 508
1 => Popped From Local Stack
1 => 1107 512
1 => Popped From Local Stack
1 => 1117 516
1 => changing to UW
1 => changing to OR
1 => changing to UW
1 => changing to OR
1 => Popped From Local Stack
1 => 1169 542
1 => changing to UW
1 => changing to OR
1 => Popped From Local Stack
1 => 1196 555
1 => Popped From Local Stack
1 => 1210 561
1 => changing to UW
1 => changing to OR
1 => Popped From Local Stack
1 => 1217 564
1 => changing to UW
1 => changing to OR
1 => Popped From Local Stack
1 => 1224 567
1 => changing to UW
1 => changing to OR
1 => changing to UW
1 => changing to OR
1 => changing to UW
1 => changing to OR
1 => Popped From Local Stack
1 => 1267 589
1 => changing to UW
1 => changing to OR
1 => Popped From Local Stack
1 => 1270 590
1 => changing to UW
1 => Popped From Local Stack
1 => 1271 590
1 => changing to OR
1 => changing to UW
1 => changing to OR
1 => Popped From Local Stack
1 => 1306 607
1 => Popped From Local Stack
1 => 1308 607
1 => changing to UW
1 => changing to OR
1 => Popped From Local Stack
1 => 1311 608
1 => Popped From Local Stack
1 => 1313 608
1 => Popped From Local Stack
1 => 1315 608
1 => Popped From Local Stack
1 => 1317 608
1 => Popped From Local Stack
1 => 1319 608
1 => Popped From Local Stack
1 => 1325 610
1 => changing to UW
1 => changing to OR
1 => Popped From Local Stack
1 => 1334 614
1 => Popped From Local Stack
1 => 1340 616
1 => changing to UW
1 => changing to OR
1 => changing to UW
1 => changing to OR
1 => changing to UW
1 => changing to OR
1 => changing to UW
1 => changing to OR
1 => changing to UW
1 => changing to OR
1 => Popped From Local Stack
1 => 1392 644
1 => Popped From Local Stack
1 => 1400 647
1 => Popped From Local Stack
1 => 1402 647
1 => Popped From Local Stack
1 => 1404 647
1 => Popped From Local Stack
1 => 1406 647
1 => Popped From Local Stack
1 => 1408 647
1 => Popped From Local Stack
1 => 1410 647
1 => Popped From Local Stack
1 => 1412 647
1 => Popped From Local Stack
1 => 1414 647
1 => Popped From Local Stack
1 => 1418 648
1 => Popped From Local Stack
1 => 1424 650
1 => changing to UW
1 => changing to OR
1 => Popped From Local Stack
1 => 1433 654
1 => Popped From Local Stack
1 => 1441 657
1 => changing to UW
1 => changing to OR
1 => changing to UW
1 => changing to OR
1 => Popped From Local Stack
1 => 1509 691
1 => Popped From Local Stack
1 => 1511 691
1 => Popped From Local Stack
1 => 1525 697
1 => Popped From Local Stack
1 => 1529 698
1 => Popped From Local Stack
1 => 1531 698
1 => Popped From Local Stack
1 => 1533 698
1 => Popped From Local Stack
1 => 1535 698
1 => Popped From Local Stack
1 => 1537 698
1 => Popped From Local Stack
1 => 1539 698
1 => Popped From Local Stack
1 => 1541 698
1 => Popped From Local Stack
1 => 1543 698
1 => changing to UW
1 => changing to OR
1 => Popped From Local Stack
1 => 1548 700
1 => changing to UW
1 => changing to OR
1 => Popped From Local Stack
1 => 1557 704
1 => Popped From Local Stack
1 => 1569 709
1 => changing to UW
1 => changing to OR
1 => Popped From Local Stack
1 => 1580 714
1 => Popped From Local Stack
1 => 1590 718
1 => changing to UW
1 => changing to OR
1 => changing to UW
1 => changing to OR
1 => changing to UW
1 => changing to OR
1 => Popped From Local Stack
1 => 1663 755
1 => Popped From Local Stack
1 => 1665 755
1 => Popped From Local Stack
1 => 1667 755
1 => Popped From Local Stack
1 => 1669 755
1 => changing to UW
1 => changing to OR
1 => Popped From Local Stack
1 => 1704 772
1 => changing to UW
1 => changing to OR
1 => Popped From Local Stack
1 => 1707 773
1 => Popped From Local Stack
1 => 1709 773
1 => changing to UW
1 => changing to OR
1 => Popped From Local Stack
1 => 1728 782
1 => Popped From Local Stack
1 => 1730 782
1 => Popped From Local Stack
1 => 1732 782
1 => Popped From Local Stack
1 => 1734 782
1 => Popped From Local Stack
1 => 1736 782
1 => Popped From Local Stack
1 => 1738 782
1 => Popped From Local Stack
1 => 1740 782
1 => Popped From Local Stack
1 => 1742 782
1 => Popped From Local Stack
1 => 1744 782
1 => Popped From Local Stack
1 => 1746 782
1 => Popped From Local Stack
1 => 1748 782
1 => changing to UW
1 => changing to OR
1 => Popped From Local Stack
1 => 1773 794
1 => Popped From Local Stack
1 => 1775 794
1 => changing to UW
1 => Popped From Local Stack
1 => 1776 795
1 => changing to OR
1 => Popped From Local Stack
1 => 1782 797
1 => changing to UW
1 => changing to OR
1 => Popped From Local Stack
1 => 1794 803
1 => Popped From Local Stack
1 => 1804 807
1 => changing to UW
1 => changing to OR
1 => changing to UW
1 => changing to OR
1 => changing to UW
1 => changing to OR
1 => changing to UW
1 => changing to OR
1 => changing to UW
1 => changing to OR
1 => Popped From Local Stack
1 => 1874 845
1 => Popped From Local Stack
1 => 1882 848
1 => Popped From Local Stack
1 => 1886 849
1 => Popped From Local Stack
1 => 1888 849
1 => Popped From Local Stack
1 => 1890 849
1 => Popped From Local Stack
1 => 1892 849
1 => Popped From Local Stack
1 => 1894 849
1 => changing to UW
1 => changing to OR
1 => Popped From Local Stack
1 => 1907 855
1 => changing to UW
1 => changing to OR
1 => Popped From Local Stack
1 => 1915 859
1 => changing to UW
1 => changing to OR
1 => changing to UW
1 => changing to OR
1 => Popped From Local Stack
1 => 1947 875
1 => Popped From Local Stack
1 => 1949 875
1 => Popped From Local Stack
1 => 1951 875
1 => Popped From Local Stack
1 => 1953 875
1 => Popped From Local Stack
1 => 1955 875
1 => Popped From Local Stack
1 => 1957 875
1 => changing to UW
1 => changing to OR
1 => changing to UW
1 => changing to OR
1 => Popped From Local Stack
1 => 1987 890
1 => changing to UW
1 => changing to OR
1 => Popped From Local Stack
1 => 2015 904
1 => Popped From Local Stack
1 => 2023 907
1 => Popped From Local Stack
1 => 2025 907
1 => Popped From Local Stack
1 => 2027 907
1 => Popped From Local Stack
1 => 2029 907
1 => Popped From Local Stack
1 => 2031 907
1 => Popped From Local Stack
1 => 2033 907
1 => changing to UW
1 => changing to OR
1 => Popped From Local Stack
1 => 2068 924
1 => changing to UW
1 => changing to OR
1 => Popped From Local Stack
1 => 2109 944
1 => Popped From Local Stack
1 => 2113 945
1 => changing to UW
1 => Popped From Local Stack
1 => 2114 945
1 => changing to OR
1 => changing to UW
1 => Popped From Local Stack
1 => 2119 948
1 => changing to OR
1 => Popped From Local Stack
1 => 2141 958
1 => Popped From Local Stack
1 => 2143 958
1 => Popped From Local Stack
1 => 2145 958
1 => Popped From Local Stack
1 => 2147 958
1 => Popped From Local Stack
1 => 2149 958
1 => changing to UW
1 => Popped From Local Stack
1 => 2150 958
1 => changing to OR
1 => Popped From Local Stack
1 => 2152 958
1 => Popped From Local Stack
1 => 2154 958
1 => Popped From Local Stack
1 => 2156 958
1 => Popped From Local Stack
1 => 2158 958
1 => Popped From Local Stack
1 => 2162 959
1 => Popped From Local Stack
1 => 2170 962
1 => changing to UW
1 => changing to OR
1 => Popped From Local Stack
1 => 2179 966
1 => changing to UW
1 => changing to OR
1 => Popped From Local Stack
1 => 2204 978
1 => changing to UW
1 => changing to OR
1 => Popped From Local Stack
1 => 2235 993
1 => Popped From Local Stack
1 => 2237 993
1 => Popped From Local Stack
1 => 2239 993
1 => Popped From Local Stack
1 => 2241 993
1 => Popped From Local Stack
1 => 2243 993
1 => Popped From Local Stack
1 => 2245 993
1 => Popped From Local Stack
1 => 2247 993
1 => Popped From Local Stack
1 => 2253 995
1 => changing to UW
1 => changing to OR
1 => Popped From Local Stack
1 => 2264 1000
1 => Popped From Local Stack
1 => 2276 1005
1 => Popped From Local Stack
1 => 2286 1009
1 => changing to UW
1 => changing to OR
1 => changing to UW
1 => changing to OR
1 => changing to UW
1 => changing to OR
1 => Popped From Local Stack
1 => 2347 1040
1 => changing to UW
1 => changing to OR
1 => Popped From Local Stack
1 => 2371 1052
1 => Popped From Local Stack
1 => 2373 1052
1 => Popped From Local Stack
1 => 2375 1052
1 => Popped From Local Stack
1 => 2377 1052
1 => Popped From Local Stack
1 => 2379 1052
1 => Popped From Local Stack
1 => 2381 1052
1 => Popped From Local Stack
1 => 2383 1052
1 => changing to UW
1 => changing to OR
1 => changing to UW
1 => Popped From Local Stack
1 => 2410 1067
1 => changing to OR
1 => Popped From Local Stack
1 => 2419 1071
1 => Popped From Local Stack
1 => 2453 1087
1 => Popped From Local Stack
1 => 2455 1087
1 => Popped From Local Stack
1 => 2457 1087
1 => Popped From Local Stack
1 => 2459 1087
1 => Popped From Local Stack
1 => 2461 1087
1 => Popped From Local Stack
1 => 2463 1087
1 => Popped From Local Stack
1 => 2465 1087
1 => changing to UW
1 => changing to OR
1 => changing to UW
1 => changing to OR
1 => Popped From Local Stack
1 => 2489 1099
1 => changing to UW
1 => changing to OR
1 => changing to UW
1 => changing to OR
1 => Popped From Local Stack
1 => 2551 1130
1 => changing to UW
1 => Popped From Local Stack
1 => 2552 1131
1 => changing to OR
1 => Popped From Local Stack
1 => 2554 1131
1 => changing to UW
1 => changing to OR
1 => Popped From Local Stack
1 => 2557 1132
1 => Popped From Local Stack
1 => 2559 1132
1 => Popped From Local Stack
1 => 2595 1149
1 => Popped From Local Stack
1 => 2597 1149
1 => Popped From Local Stack
1 => 2599 1149
1 => Popped From Local Stack
1 => 2601 1149
1 => Popped From Local Stack
1 => 2603 1149
1 => Popped From Local Stack
1 => 2605 1149
1 => Popped From Local Stack
1 => 2607 1149
1 => Popped From Local Stack
1 => 2609 1149
1 => Popped From Local Stack
1 => 2611 1149
1 => Popped From Local Stack
1 => 2613 1149
1 => Popped From Local Stack
1 => 2619 1151
1 => changing to UW
1 => changing to OR
1 => Popped From Local Stack
1 => 2624 1153
1 => changing to UW
1 => changing to OR
1 => changing to UW
1 => changing to OR
1 => Popped From Local Stack
1 => 2632 1157
1 => Popped From Local Stack
1 => 2640 1160
1 => changing to UW
1 => changing to OR
1 => Popped From Local Stack
1 => 2653 1166
1 => changing to UW
1 => changing to OR
1 => changing to UW
1 => changing to OR
1 => changing to UW
1 => changing to OR
1 => Popped From Local Stack
1 => 2696 1188
1 => Popped From Local Stack
1 => 2708 1193
1 => changing to UW
1 => Popped From Local Stack
1 => 2709 1194
1 => changing to OR
1 => Popped From Local Stack
1 => 2711 1194
1 => Popped From Local Stack
1 => 2713 1194
1 => Popped From Local Stack
1 => 2715 1194
1 => Popped From Local Stack
1 => 2717 1194
1 => Popped From Local Stack
1 => 2719 1194
1 => changing to UW
1 => Popped From Local Stack
1 => 2722 1196
1 => changing to OR
1 => Popped From Local Stack
1 => 2734 1201
1 => Popped From Local Stack
1 => 2746 1206
1 => Popped From Local Stack
1 => 2762 1213
1 => Popped From Local Stack
1 => 2790 1226
1 => changing to UW
1 => changing to OR
1 => changing to UW
1 => changing to OR
1 => Popped From Local Stack
1 => 2830 1246
1 => Popped From Local Stack
1 => 2848 1254
1 => Popped From Local Stack
1 => 2850 1254
1 => changing to UW
1 => Popped From Local Stack
1 => 2851 1254
1 => changing to OR
1 => changing to UW
1 => changing to OR
1 => Popped From Local Stack
1 => 2872 1264
1 => Popped From Local Stack
1 => 2874 1264
1 => Popped From Local Stack
1 => 2876 1264
1 => changing to UW
1 => Popped From Local Stack
1 => 2877 1264
1 => changing to OR
1 => Popped From Local Stack
1 => 2879 1264
1 => changing to UW
1 => changing to OR
1 => changing to UW
1 => changing to OR
1 => Popped From Local Stack
1 => 2919 1285
1 => changing to UW
1 => changing to OR
1 => Popped From Local Stack
1 => 2936 1293
1 => Popped From Local Stack
1 => 2938 1293
1 => Popped From Local Stack
1 => 2940 1293
1 => changing to UW
1 => changing to OR
1 => Popped From Local Stack
1 => 2943 1294
1 => Popped From Local Stack
1 => 2945 1294
1 => Popped From Local Stack
1 => 2947 1294
1 => Popped From Local Stack
1 => 2949 1294
1 => Popped From Local Stack
1 => 2951 1294
1 => Popped From Local Stack
1 => 2953 1294
1 => Popped From Local Stack
1 => 2955 1294
1 => Popped From Local Stack
1 => 2957 1294
1 => Popped From Local Stack
1 => 2961 1295
1 => changing to UW
1 => changing to OR
1 => Popped From Local Stack
1 => 2982 1305
1 => changing to UW
1 => changing to OR
1 => changing to UW
1 => changing to OR
1 => Popped From Local Stack
1 => 3046 1337
1 => Popped From Local Stack
1 => 3048 1337
1 => Popped From Local Stack
1 => 3050 1337
1 => changing to UW
1 => changing to OR
1 => Popped From Local Stack
1 => 3053 1338
1 => Popped From Local Stack
1 => 3055 1338
1 => Popped From Local Stack
1 => 3057 1338
1 => Popped From Local Stack
1 => 3059 1338
1 => Popped From Local Stack
1 => 3061 1338
1 => Popped From Local Stack
1 => 3063 1338
1 => Popped From Local Stack
1 => 3065 1338
1 => Popped From Local Stack
1 => 3071 1340
1 => changing to UW
1 => changing to OR
1 => changing to UW
1 => changing to OR
1 => changing to UW
1 => changing to OR
1 => changing to UW
1 => changing to OR
1 => Popped From Local Stack
1 => 3153 1382
1 => Popped From Local Stack
1 => 3155 1382
1 => Popped From Local Stack
1 => 3157 1382
1 => changing to UW
1 => changing to OR
1 => Popped From Local Stack
1 => 3160 1383
1 => Popped From Local Stack
1 => 3162 1383
1 => Popped From Local Stack
1 => 3164 1383
1 => Popped From Local Stack
1 => 3166 1383
1 => Popped From Local Stack
1 => 3168 1383
1 => Popped From Local Stack
1 => 3170 1383
1 => Popped From Local Stack
1 => 3172 1383
1 => Popped From Local Stack
1 => 3174 1383
1 => Popped From Local Stack
1 => 3176 1383
1 => changing to UW
1 => Popped From Local Stack
1 => 3177 1383
1 => changing to OR
1 => Popped From Local Stack
1 => 3179 1383
1 => Popped From Local Stack
1 => 3181 1383
1 => changing to UW
1 => Popped From Local Stack
1 => 3182 1383
1 => changing to OR
1 => Popped From Local Stack
1 => 3184 1383
1 => Popped From Local Stack
1 => 3186 1383
1 => Popped From Local Stack
1 => 3188 1383
1 => Popped From Local Stack
1 => 3190 1383
1 => Popped From Local Stack
1 => 3192 1383
1 => Popped From Local Stack
1 => 3194 1383
1 => Popped From Local Stack
1 => 3196 1383
1 => Popped From Local Stack
1 => 3198 1383
1 => Popped From Local Stack
1 => 3202 1384
1 => changing to UW
1 => changing to OR
1 => changing to UW
1 => changing to OR
1 => Popped From Local Stack
1 => 3246 1406
1 => changing to UW
1 => changing to OR
1 => changing to UW
1 => changing to OR
1 => Popped From Local Stack
1 => 3258 1412
1 => Popped From Local Stack
1 => 3260 1412
1 => Popped From Local Stack
1 => 3262 1412
1 => Popped From Local Stack
1 => 3264 1412
1 => Popped From Local Stack
1 => 3266 1412
1 => Popped From Local Stack
1 => 3268 1412
1 => Popped From Local Stack
1 => 3270 1412
1 => Popped From Local Stack
1 => 3282 1417
1 => Popped From Local Stack
1 => 3300 1425
1 => Outcome : Correct
1 =>: 154 <= UW iterations OR => 1574
1 => 3302 1425
Verification Outcome : OK
Time Taken : 3996.483148
Verifying 61883_ioallocatecomplete_1.bpl.bpl
Corral program verifier version 1.0.0.0
http://localhost:5002/
1 => changing to OR
1 => Popped From Local Stack
1 => 6 2
1 => changing to UW
1 => changing to OR
1 => changing to UW
1 => changing to OR
1 => changing to UW
1 => changing to OR
1 => changing to UW
1 => changing to OR
1 => Popped From Local Stack
1 => 46 23
1 => Popped From Local Stack
1 => 58 28
1 => changing to UW
1 => changing to OR
1 => changing to UW
1 => changing to OR
1 => changing to UW
1 => changing to OR
1 => changing to UW
1 => changing to OR
1 => changing to UW
1 => changing to OR
1 => changing to UW
1 => changing to OR
1 => Popped From Local Stack
1 => 153 78
1 => changing to UW
1 => changing to OR
1 => changing to UW
1 => changing to OR
1 => Popped From Local Stack
1 => 198 101
1 => changing to UW
1 => changing to OR
1 => changing to UW
1 => changing to OR
1 => changing to UW
1 => changing to OR
1 => Popped From Local Stack
1 => 247 126
1 => changing to UW
1 => changing to OR
1 => changing to UW
1 => changing to OR
1 => Popped From Local Stack
1 => 292 149
1 => Popped From Local Stack
1 => 294 149
1 => Popped From Local Stack
1 => 296 149
1 => Popped From Local Stack
1 => 298 149
1 => changing to UW
1 => changing to OR
1 => Popped From Local Stack
1 => 337 168
1 => Popped From Local Stack
1 => 339 168
1 => Popped From Local Stack
1 => 341 168
1 => Popped From Local Stack
1 => 343 168
1 => changing to UW
1 => changing to OR
1 => changing to UW
1 => changing to OR
1 => Popped From Local Stack
1 => 385 189
1 => Popped From Local Stack
1 => 387 189
1 => Popped From Local Stack
1 => 389 189
1 => Popped From Local Stack
1 => 391 189
1 => changing to UW
1 => changing to OR
1 => Popped From Local Stack
1 => 421 204
1 => Popped From Local Stack
1 => 423 204
1 => Popped From Local Stack
1 => 425 204
1 => changing to UW
1 => changing to OR
1 => changing to UW
1 => changing to OR
1 => changing to UW
1 => changing to OR
1 => changing to UW
1 => changing to OR
1 => changing to UW
1 => changing to OR
1 => changing to UW
1 => changing to OR
1 => changing to UW
1 => changing to OR
1 => changing to UW
1 => changing to OR
1 => changing to UW
1 => changing to OR
1 => changing to UW
1 => changing to OR
1 => Popped From Local Stack
1 => 577 285
1 => Popped From Local Stack
1 => 579 285
1 => Popped From Local Stack
1 => 581 285
1 => Popped From Local Stack
1 => 583 285
1 => Popped From Local Stack
1 => 591 288
1 => changing to UW
1 => changing to OR
1 => Popped From Local Stack
1 => 638 311
1 => changing to UW
1 => changing to OR
1 => Popped From Local Stack
1 => 699 341
1 => changing to UW
1 => changing to OR
1 => Popped From Local Stack
1 => 720 351
1 => changing to UW
1 => changing to OR
1 => Popped From Local Stack
1 => 727 354
1 => changing to UW
1 => changing to OR
1 => Popped From Local Stack
1 => 734 357
1 => Popped From Local Stack
1 => 752 365
1 => changing to UW
1 => changing to OR
1 => changing to UW
1 => changing to OR
1 => Popped From Local Stack
1 => 800 389
1 => Popped From Local Stack
1 => 816 396
1 => Popped From Local Stack
1 => 826 400
1 => Popped From Local Stack
1 => 832 402
1 => Popped From Local Stack
1 => 846 408
1 => changing to UW
1 => changing to OR
1 => Popped From Local Stack
1 => 865 417
1 => Popped From Local Stack
1 => 867 417
1 => Popped From Local Stack
1 => 869 417
1 => Popped From Local Stack
1 => 871 417
1 => changing to UW
1 => changing to OR
1 => changing to UW
1 => changing to OR
1 => Popped From Local Stack
1 => 887 425
1 => Popped From Local Stack
1 => 889 425
1 => Popped From Local Stack
1 => 891 425
1 => changing to UW
1 => changing to OR
1 => Popped From Local Stack
1 => 896 427
1 => Popped From Local Stack
1 => 898 427
1 => Popped From Local Stack
1 => 902 428
1 => Popped From Local Stack
1 => 904 428
1 => Popped From Local Stack
1 => 906 428
1 => Popped From Local Stack
1 => 908 428
1 => Popped From Local Stack
1 => 910 428
1 => Popped From Local Stack
1 => 916 430
1 => Popped From Local Stack
1 => 920 431
1 => Popped From Local Stack
1 => 924 432
1 => changing to UW
1 => changing to OR
1 => changing to UW
1 => changing to OR
1 => Popped From Local Stack
1 => 933 437
1 => changing to UW
1 => changing to OR
1 => Popped From Local Stack
1 => 968 454
1 => Popped From Local Stack
1 => 970 454
1 => Popped From Local Stack
1 => 972 454
1 => Popped From Local Stack
1 => 974 454
1 => Popped From Local Stack
1 => 976 454
1 => Popped From Local Stack
1 => 978 454
1 => changing to UW
1 => Popped From Local Stack
1 => 979 455
1 => changing to OR
1 => Popped From Local Stack
1 => 983 456
1 => Popped From Local Stack
1 => 1007 467
1 => Popped From Local Stack
1 => 1009 467
1 => Popped From Local Stack
1 => 1011 467
1 => Popped From Local Stack
1 => 1013 467
1 => Popped From Local Stack
1 => 1015 467
1 => changing to UW
1 => changing to OR
1 => Popped From Local Stack
1 => 1036 477
1 => Popped From Local Stack
1 => 1038 477
1 => Popped From Local Stack
1 => 1040 477
1 => Popped From Local Stack
1 => 1042 477
1 => changing to UW
1 => changing to OR
1 => Popped From Local Stack
1 => 1045 478
1 => Popped From Local Stack
1 => 1047 478
1 => Popped From Local Stack
1 => 1049 478
1 => changing to UW
1 => changing to OR
1 => Popped From Local Stack
1 => 1054 480
1 => Popped From Local Stack
1 => 1056 480
1 => Popped From Local Stack
1 => 1060 481
1 => Popped From Local Stack
1 => 1062 481
1 => Popped From Local Stack
1 => 1094 496
1 => Popped From Local Stack
1 => 1096 496
1 => Popped From Local Stack
1 => 1098 496
1 => Popped From Local Stack
1 => 1100 496
1 => changing to UW
1 => changing to OR
1 => Popped From Local Stack
1 => 1106 499
1 => Popped From Local Stack
1 => 1108 499
1 => Popped From Local Stack
1 => 1112 500
1 => Popped From Local Stack
1 => 1114 500
1 => Popped From Local Stack
1 => 1116 500
1 => Popped From Local Stack
1 => 1118 500
1 => Popped From Local Stack
1 => 1122 501
1 => Popped From Local Stack
1 => 1150 514
1 => Popped From Local Stack
1 => 1152 514
1 => Popped From Local Stack
1 => 1154 514
1 => Popped From Local Stack
1 => 1156 514
1 => changing to UW
1 => changing to OR
1 => Popped From Local Stack
1 => 1161 516
1 => Popped From Local Stack
1 => 1163 516
1 => Popped From Local Stack
1 => 1167 517
1 => Popped From Local Stack
1 => 1169 517
1 => Popped From Local Stack
1 => 1173 518
1 => Popped From Local Stack
1 => 1175 518
1 => changing to UW
1 => changing to OR
1 => changing to UW
1 => changing to OR
1 => Popped From Local Stack
1 => 1203 532
1 => Popped From Local Stack
1 => 1205 532
1 => Popped From Local Stack
1 => 1207 532
1 => Popped From Local Stack
1 => 1209 532
1 => Popped From Local Stack
1 => 1211 532
1 => Popped From Local Stack
1 => 1213 532
1 => Popped From Local Stack
1 => 1219 534
1 => Popped From Local Stack
1 => 1221 534
1 => Popped From Local Stack
1 => 1227 536
1 => Popped From Local Stack
1 => 1229 536
1 => Popped From Local Stack
1 => 1235 538
1 => Popped From Local Stack
1 => 1237 538
1 => Popped From Local Stack
1 => 1239 538
1 => Popped From Local Stack
1 => 1241 538
1 => Popped From Local Stack
1 => 1243 538
1 => Popped From Local Stack
1 => 1245 538
1 => Popped From Local Stack
1 => 1247 538
1 => Popped From Local Stack
1 => 1251 539
1 => changing to UW
1 => changing to OR
1 => changing to UW
1 => changing to OR
1 => changing to UW
1 => changing to OR
1 => Popped From Local Stack
1 => 1282 555
1 => Popped From Local Stack
1 => 1290 558
1 => Popped From Local Stack
1 => 1294 559
1 => Popped From Local Stack
1 => 1306 564
1 => changing to UW
1 => changing to OR
1 => changing to UW
1 => changing to OR
1 => changing to UW
1 => changing to OR
1 => Popped From Local Stack
1 => 1333 578
1 => Popped From Local Stack
1 => 1335 578
1 => Popped From Local Stack
1 => 1337 578
1 => Popped From Local Stack
1 => 1339 578
1 => Popped From Local Stack
1 => 1341 578
1 => Popped From Local Stack
1 => 1343 578
1 => Popped From Local Stack
1 => 1345 578
1 => Popped From Local Stack
1 => 1347 578
1 => Popped From Local Stack
1 => 1351 579
1 => changing to UW
1 => changing to OR
1 => changing to UW
1 => changing to OR
1 => Popped From Local Stack
1 => 1376 592
1 => Popped From Local Stack
1 => 1378 592
1 => Popped From Local Stack
1 => 1380 592
1 => Popped From Local Stack
1 => 1382 592
1 => Popped From Local Stack
1 => 1384 592
1 => Popped From Local Stack
1 => 1386 592
1 => Popped From Local Stack
1 => 1388 592
1 => Popped From Local Stack
1 => 1390 592
1 => Popped From Local Stack
1 => 1392 592
1 => Popped From Local Stack
1 => 1394 592
1 => Popped From Local Stack
1 => 1396 592
1 => Popped From Local Stack
1 => 1398 592
1 => Popped From Local Stack
1 => 1400 592
1 => Popped From Local Stack
1 => 1404 593
1 => changing to UW
1 => changing to OR
1 => Popped From Local Stack
1 => 1425 603
1 => changing to UW
1 => changing to OR
1 => Popped From Local Stack
1 => 1432 607
1 => changing to UW
1 => changing to OR
1 => changing to UW
1 => changing to OR
1 => Popped From Local Stack
1 => 1440 611
1 => changing to UW
1 => changing to OR
1 => Popped From Local Stack
1 => 1443 612
1 => changing to UW
1 => changing to OR
1 => Popped From Local Stack
1 => 1478 629
1 => Popped From Local Stack
1 => 1480 629
1 => Popped From Local Stack
1 => 1482 629
1 => Popped From Local Stack
1 => 1484 629
1 => Popped From Local Stack
1 => 1486 629
1 => Popped From Local Stack
1 => 1488 629
1 => Popped From Local Stack
1 => 1490 629
1 => Popped From Local Stack
1 => 1492 629
1 => Popped From Local Stack
1 => 1494 629
1 => changing to UW
1 => changing to OR
1 => changing to UW
1 => changing to OR
1 => changing to UW
1 => changing to OR
1 => Popped From Local Stack
1 => 1530 648
1 => Popped From Local Stack
1 => 1532 648
1 => Popped From Local Stack
1 => 1534 648
1 => Popped From Local Stack
1 => 1536 648
1 => Popped From Local Stack
1 => 1538 648
1 => Popped From Local Stack
1 => 1540 648
1 => Popped From Local Stack
1 => 1542 648
1 => Popped From Local Stack
1 => 1546 649
1 => Popped From Local Stack
1 => 1548 649
1 => Popped From Local Stack
1 => 1550 649
1 => Popped From Local Stack
1 => 1552 649
1 => Popped From Local Stack
1 => 1554 649
1 => Popped From Local Stack
1 => 1556 649
1 => Popped From Local Stack
1 => 1558 649
1 => Popped From Local Stack
1 => 1560 649
1 => Popped From Local Stack
1 => 1568 652
1 => changing to UW
1 => changing to OR
1 => Popped From Local Stack
1 => 1577 656
1 => Popped From Local Stack
1 => 1581 657
1 => Popped From Local Stack
1 => 1585 658
1 => changing to UW
1 => changing to OR
1 => changing to UW
1 => changing to OR
1 => Popped From Local Stack
1 => 1607 669
1 => changing to UW
1 => changing to OR
1 => Popped From Local Stack
1 => 1622 676
1 => changing to UW
1 => changing to OR
1 => Popped From Local Stack
1 => 1633 681
1 => Popped From Local Stack
1 => 1635 681
1 => Popped From Local Stack
1 => 1637 681
1 => Popped From Local Stack
1 => 1645 684
1 => changing to UW
1 => Popped From Local Stack
1 => 1646 684
1 => changing to OR
1 => Popped From Local Stack
1 => 1648 684
1 => Popped From Local Stack
1 => 1650 684
1 => Popped From Local Stack
1 => 1652 684
1 => Popped From Local Stack
1 => 1654 684
1 => Popped From Local Stack
1 => 1656 684
1 => changing to UW
1 => changing to OR
1 => Popped From Local Stack
1 => 1659 685
1 => Popped From Local Stack
1 => 1661 685
1 => Popped From Local Stack
1 => 1663 685
1 => Popped From Local Stack
1 => 1665 685
1 => Popped From Local Stack
1 => 1667 685
Verification Outcome : TIMEDOUT
Time Taken : 2E-05
Verifying mp_iobuildfsdirpsignaleventincompletiontimeout_0.bpl.bpl
Corral program verifier version 1.0.0.0
http://localhost:5002/
1 => changing to OR
1 => Popped From Local Stack
1 => 6 2
1 => changing to UW
1 => changing to OR
1 => changing to UW
1 => changing to OR
1 => Popped From Local Stack
1 => 54 26
1 => changing to UW
1 => changing to OR
1 => changing to UW
1 => changing to OR
1 => changing to UW
1 => changing to OR
1 => Popped From Local Stack
1 => 85 42
1 => changing to UW
1 => changing to OR
1 => changing to UW
1 => changing to OR
1 => changing to UW
1 => changing to OR
1 => changing to UW
1 => changing to OR
1 => changing to UW
1 => changing to OR
1 => changing to UW
1 => changing to OR
1 => changing to UW
1 => changing to OR
1 => Popped From Local Stack
1 => 240 123
1 => Popped From Local Stack
1 => 242 123
1 => Popped From Local Stack
1 => 244 123
1 => changing to UW
1 => changing to OR
1 => Popped From Local Stack
1 => 257 129
1 => changing to UW
1 => changing to OR
1 => changing to UW
1 => changing to OR
1 => Popped From Local Stack
1 => 272 137
1 => changing to UW
1 => changing to OR
1 => Popped From Local Stack
1 => 289 145
1 => changing to UW
1 => changing to OR
1 => changing to UW
1 => changing to OR
1 => Popped From Local Stack
1 => 319 160
1 => Popped From Local Stack
1 => 321 160
1 => Popped From Local Stack
1 => 339 168
1 => Popped From Local Stack
1 => 345 170
1 => Popped From Local Stack
1 => 347 170
1 => Popped From Local Stack
1 => 349 170
1 => changing to UW
1 => changing to OR
1 => Popped From Local Stack
1 => 356 173
1 => changing to UW
1 => changing to OR
1 => changing to UW
1 => changing to OR
1 => changing to UW
1 => changing to OR
1 => changing to UW
1 => changing to OR
1 => Popped From Local Stack
1 => 417 205
1 => changing to UW
1 => changing to OR
1 => Popped From Local Stack
1 => 438 215
1 => changing to UW
1 => changing to OR
1 => changing to UW
1 => changing to OR
1 => Popped From Local Stack
1 => 462 227
1 => changing to UW
1 => changing to OR
1 => Popped From Local Stack
1 => 469 230
1 => Popped From Local Stack
1 => 471 230
1 => Popped From Local Stack
1 => 475 231
1 => changing to UW
1 => changing to OR
1 => changing to UW
1 => changing to OR
1 => Popped From Local Stack
1 => 495 241
1 => Popped From Local Stack
1 => 563 274
1 => Popped From Local Stack
1 => 565 274
1 => Popped From Local Stack
1 => 567 274
1 => Popped From Local Stack
1 => 569 274
1 => changing to UW
1 => changing to OR
1 => Popped From Local Stack
1 => 616 297
1 => Popped From Local Stack
1 => 618 297
1 => changing to UW
1 => changing to OR
1 => Popped From Local Stack
1 => 631 303
1 => Popped From Local Stack
1 => 633 303
1 => Popped From Local Stack
1 => 635 303
1 => Popped From Local Stack
1 => 637 303
1 => Popped From Local Stack
1 => 639 303
1 => Popped From Local Stack
1 => 641 303
1 => changing to UW
1 => changing to OR
1 => changing to UW
1 => changing to OR
1 => changing to UW
1 => changing to OR
1 => Popped From Local Stack
1 => 696 331
1 => Popped From Local Stack
1 => 698 331
1 => Popped From Local Stack
1 => 700 331
1 => changing to UW
1 => changing to OR
1 => changing to UW
1 => changing to OR
1 => Popped From Local Stack
1 => 732 347
1 => Popped From Local Stack
1 => 734 347
1 => changing to UW
1 => changing to OR
1 => changing to UW
1 => changing to OR
1 => Popped From Local Stack
1 => 758 359
1 => Popped From Local Stack
1 => 760 359
1 => Popped From Local Stack
1 => 762 359
1 => Popped From Local Stack
1 => 778 366
1 => changing to UW
1 => changing to OR
1 => Popped From Local Stack
1 => 799 376
1 => Popped From Local Stack
1 => 801 376
1 => Popped From Local Stack
1 => 803 376
1 => changing to UW
1 => changing to OR
1 => changing to UW
1 => changing to OR
1 => Popped From Local Stack
1 => 855 402
1 => Popped From Local Stack
1 => 857 402
1 => Popped From Local Stack
1 => 859 402
1 => Popped From Local Stack
1 => 861 402
1 => Popped From Local Stack
1 => 863 402
1 => changing to UW
1 => changing to OR
1 => Popped From Local Stack
1 => 898 419
1 => changing to UW
1 => changing to OR
1 => changing to UW
1 => changing to OR
1 => Popped From Local Stack
1 => 912 426
1 => Popped From Local Stack
1 => 914 426
1 => Popped From Local Stack
1 => 916 426
1 => changing to UW
1 => changing to OR
1 => changing to UW
1 => changing to OR
1 => changing to UW
1 => changing to OR
1 => Popped From Local Stack
1 => 943 440
1 => changing to UW
1 => changing to OR
1 => changing to UW
1 => changing to OR
1 => Popped From Local Stack
1 => 949 443
1 => Popped From Local Stack
1 => 951 443
1 => Popped From Local Stack
1 => 953 443
1 => Popped From Local Stack
1 => 955 443
1 => Popped From Local Stack
1 => 971 450
1 => changing to UW
1 => changing to OR
1 => changing to UW
1 => changing to OR
1 => changing to UW
1 => changing to OR
1 => Popped From Local Stack
1 => 994 462
1 => changing to UW
1 => changing to OR
1 => Popped From Local Stack
1 => 1001 465
1 => Popped From Local Stack
1 => 1003 465
1 => Outcome : ReachedBound
1 =>: 57 <= UW iterations OR => 474
1 => 1005 465
Verification Outcome : OK
Time Taken : 749.852049
1 => new call tree total iteration : 0
1 => changing to OR
