Verifying parzip_nsremovelockmnremove_0.bpl.bpl
Corral program verifier version 1.0.0.0
Corral program verifier version 1.0.0.0
Corral program verifier version 1.0.0.0
Corral program verifier version 1.0.0.0
Corral program verifier version 1.0.0.0
Corral program verifier version 1.0.0.0
Corral program verifier version 1.0.0.0
http://localhost:5002/
Corral program verifier version 1.0.0.0
http://localhost:5002/
http://localhost:5002/
http://localhost:5002/
http://localhost:5002/
http://localhost:5002/
http://localhost:5002/
http://localhost:5002/
1 => Outcome : Correct
1 =>: 3 <= UW iterations OR => 0
3 => new call tree total iteration : 0
3 => Outcome : Correct
3 =>: 13 <= UW iterations OR => 0
2 => new call tree total iteration : 0
2 => Outcome : Correct
2 =>: 6 <= UW iterations OR => 0
4 => new call tree total iteration : 0
4 => Outcome : Correct
4 =>: 2 <= UW iterations OR => 0
5 => new call tree total iteration : 0
5 => Outcome : Correct
5 =>: 2 <= UW iterations OR => 0
6 => new call tree total iteration : 0
6 => Outcome : Correct
6 =>: 3 <= UW iterations OR => 0
7 => new call tree total iteration : 0
7 => Outcome : Correct
7 =>: 8 <= UW iterations OR => 0
8 => new call tree total iteration : 0
8 => Outcome : Correct
8 =>: 2 <= UW iterations OR => 0
1 => new call tree total iteration : 0
1 => Outcome : Correct
1 =>: 5 <= UW iterations OR => 0
3 => new call tree total iteration : 0
3 => Outcome : Correct
3 =>: 16 <= UW iterations OR => 0
2 => new call tree total iteration : 0
2 => Outcome : Correct
2 =>: 9 <= UW iterations OR => 0
4 => new call tree total iteration : 0
4 => Outcome : Correct
4 =>: 4 <= UW iterations OR => 0
5 => new call tree total iteration : 0
5 => Outcome : Correct
5 =>: 4 <= UW iterations OR => 0
6 => new call tree total iteration : 0
7 => new call tree total iteration : 0
8 => new call tree total iteration : 0
3 => new call tree total iteration : 0
3 => Outcome : Correct
3 =>: 17 <= UW iterations OR => 0
1 => new call tree total iteration : 0
2 => new call tree total iteration : 0
4 => new call tree total iteration : 0
5 => new call tree total iteration : 0
3 => new call tree total iteration : 0
3 => Outcome : Correct
3 =>: 21 <= UW iterations OR => 0
3 => new call tree total iteration : 0
5 => Outcome : Correct
5 =>: 63 <= UW iterations OR => 0
5 => new call tree total iteration : 0
5 => Outcome : Correct
5 =>: 64 <= UW iterations OR => 0
7 => Outcome : Correct
7 =>: 74 <= UW iterations OR => 0
7 => new call tree total iteration : 0
5 => new call tree total iteration : 0
4 => Outcome : Correct
4 =>: 65 <= UW iterations OR => 0
4 => new call tree total iteration : 0
8 => Outcome : Correct
8 =>: 95 <= UW iterations OR => 0
8 => new call tree total iteration : 0
4 => Outcome : ReachedBound
4 =>: 113 <= UW iterations OR => 0
4 => new call tree total iteration : 0
8 => Outcome : Correct
8 =>: 144 <= UW iterations OR => 0
8 => new call tree total iteration : 0
4 => Outcome : Correct
4 =>: 152 <= UW iterations OR => 0
4 => new call tree total iteration : 0
8 => Outcome : ReachedBound
8 =>: 190 <= UW iterations OR => 0
8 => new call tree total iteration : 0
8 => Outcome : ReachedBound
8 =>: 191 <= UW iterations OR => 0
8 => new call tree total iteration : 0
8 => Outcome : ReachedBound
8 =>: 192 <= UW iterations OR => 0
8 => new call tree total iteration : 0
8 => Outcome : ReachedBound
8 =>: 193 <= UW iterations OR => 0
8 => new call tree total iteration : 0
2 => Outcome : Correct
2 =>: 132 <= UW iterations OR => 0
2 => new call tree total iteration : 0
8 => Outcome : Correct
8 =>: 244 <= UW iterations OR => 0
6 => Outcome : Correct
6 =>: 144 <= UW iterations OR => 0
8 => new call tree total iteration : 0
8 => Outcome : Correct
8 =>: 245 <= UW iterations OR => 0
6 => new call tree total iteration : 0
6 => Outcome : ReachedBound
6 =>: 145 <= UW iterations OR => 0
6 => new call tree total iteration : 0
8 => new call tree total iteration : 0
3 => Outcome : Correct
3 =>: 210 <= UW iterations OR => 0
3 => new call tree total iteration : 0
6 => Outcome : Correct
6 =>: 159 <= UW iterations OR => 0
6 => new call tree total iteration : 0
2 => Outcome : Correct
2 =>: 167 <= UW iterations OR => 0
2 => new call tree total iteration : 0
5 => Outcome : ReachedBound
5 =>: 227 <= UW iterations OR => 0
5 => new call tree total iteration : 0
6 => Outcome : ReachedBound
6 =>: 203 <= UW iterations OR => 0
3 => Outcome : ReachedBound
3 =>: 257 <= UW iterations OR => 0
6 => new call tree total iteration : 0
3 => new call tree total iteration : 0
3 => Outcome : ReachedBound
3 =>: 258 <= UW iterations OR => 0
5 => Outcome : ReachedBound
5 =>: 236 <= UW iterations OR => 0
7 => Outcome : ReachedBound
7 =>: 229 <= UW iterations OR => 0
3 => new call tree total iteration : 0
3 => Outcome : ReachedBound
3 =>: 259 <= UW iterations OR => 0
2 => Outcome : ReachedBound
2 =>: 196 <= UW iterations OR => 0
7 => new call tree total iteration : 0
7 => Outcome : ReachedBound
7 =>: 230 <= UW iterations OR => 0
5 => new call tree total iteration : 0
3 => new call tree total iteration : 0
4 => Outcome : ReachedBound
4 =>: 268 <= UW iterations OR => 0
7 => new call tree total iteration : 0
2 => new call tree total iteration : 0
3 => Outcome : ReachedBound
3 =>: 267 <= UW iterations OR => 0
4 => new call tree total iteration : 0
4 => Outcome : ReachedBound
4 =>: 269 <= UW iterations OR => 0
4 => new call tree total iteration : 0
3 => new call tree total iteration : 0
8 => Outcome : ReachedBound
8 =>: 283 <= UW iterations OR => 0
6 => Outcome : ReachedBound
6 =>: 221 <= UW iterations OR => 0
3 => Outcome : ReachedBound
3 =>: 273 <= UW iterations OR => 0
4 => Outcome : ReachedBound
4 =>: 277 <= UW iterations OR => 0
8 => new call tree total iteration : 0
6 => new call tree total iteration : 0
4 => new call tree total iteration : 0
3 => new call tree total iteration : 0
2 => Outcome : ReachedBound
2 =>: 212 <= UW iterations OR => 0
1 => Outcome : ReachedBound
1 =>: 164 <= UW iterations OR => 0
4 => Outcome : ReachedBound
4 =>: 285 <= UW iterations OR => 0
2 => new call tree total iteration : 0
1 => new call tree total iteration : 0
5 => Outcome : ReachedBound
5 =>: 262 <= UW iterations OR => 0
7 => Outcome : ReachedBound
7 =>: 260 <= UW iterations OR => 0
4 => new call tree total iteration : 0
5 => new call tree total iteration : 0
5 => Outcome : ReachedBound
5 =>: 263 <= UW iterations OR => 0
3 => Outcome : ReachedBound
3 =>: 281 <= UW iterations OR => 0
7 => new call tree total iteration : 0
6 => Outcome : ReachedBound
6 =>: 234 <= UW iterations OR => 0
8 => Outcome : ReachedBound
8 =>: 297 <= UW iterations OR => 0
1 => Outcome : ReachedBound
1 =>: 174 <= UW iterations OR => 0
2 => Outcome : ReachedBound
2 =>: 223 <= UW iterations OR => 0
4 => Outcome : ReachedBound
4 =>: 289 <= UW iterations OR => 0
7 => Outcome : ReachedBound
7 =>: 262 <= UW iterations OR => 0
5 => new call tree total iteration : 0
5 => Outcome : ReachedBound
5 =>: 265 <= UW iterations OR => 0
3 => new call tree total iteration : 0
6 => new call tree total iteration : 0
6 => Outcome : ReachedBound
6 =>: 235 <= UW iterations OR => 0
8 => new call tree total iteration : 0
3 => Outcome : ReachedBound
3 =>: 283 <= UW iterations OR => 0
1 => new call tree total iteration : 0
8 => Outcome : ReachedBound
8 =>: 299 <= UW iterations OR => 0
1 => Outcome : ReachedBound
1 =>: 176 <= UW iterations OR => 0
2 => new call tree total iteration : 0
2 => Outcome : ReachedBound
2 =>: 225 <= UW iterations OR => 0
4 => new call tree total iteration : 0
7 => new call tree total iteration : 0
4 => Outcome : ReachedBound
4 =>: 291 <= UW iterations OR => 0
5 => new call tree total iteration : 0
7 => Outcome : ReachedBound
7 =>: 263 <= UW iterations OR => 0
5 => Outcome : ReachedBound
5 =>: 266 <= UW iterations OR => 0
6 => new call tree total iteration : 0
6 => Outcome : ReachedBound
6 =>: 237 <= UW iterations OR => 0
3 => new call tree total iteration : 0
3 => Outcome : ReachedBound
3 =>: 285 <= UW iterations OR => 0
8 => new call tree total iteration : 0
8 => Outcome : ReachedBound
8 =>: 301 <= UW iterations OR => 0
1 => new call tree total iteration : 0
1 => Outcome : ReachedBound
1 =>: 177 <= UW iterations OR => 0
2 => new call tree total iteration : 0
2 => Outcome : ReachedBound
2 =>: 226 <= UW iterations OR => 0
3 => new call tree total iteration : 0
5 => new call tree total iteration : 0
7 => new call tree total iteration : 0
2 => new call tree total iteration : 0
1 => new call tree total iteration : 0
Verification Outcome : OK
Time Taken : 1832.836395
8 => new call tree total iteration : 0
Verifying hw_irqlexallocatepool_0.bpl.bpl
Corral program verifier version 1.0.0.0
Corral program verifier version 1.0.0.0
Corral program verifier version 1.0.0.0
Corral program verifier version 1.0.0.0
Corral program verifier version 1.0.0.0
Corral program verifier version 1.0.0.0
Corral program verifier version 1.0.0.0
http://localhost:5002/
http://localhost:5002/
http://localhost:5002/
http://localhost:5002/
http://localhost:5002/
http://localhost:5002/
http://localhost:5002/
Corral program verifier version 1.0.0.0
http://localhost:5002/
2 => Outcome : Correct
2 =>: 3 <= UW iterations OR => 0
1 => new call tree total iteration : 0
1 => Outcome : Correct
1 =>: 20 <= UW iterations OR => 0
4 => new call tree total iteration : 0
3 => new call tree total iteration : 0
5 => new call tree total iteration : 0
6 => new call tree total iteration : 0
3 => Outcome : Correct
3 =>: 6 <= UW iterations OR => 0
7 => new call tree total iteration : 0
1 => new call tree total iteration : 0
2 => new call tree total iteration : 0
8 => new call tree total iteration : 0
3 => new call tree total iteration : 0
7 => Outcome : Correct
7 =>: 9 <= UW iterations OR => 0
7 => new call tree total iteration : 0
5 => Outcome : Correct
5 =>: 19 <= UW iterations OR => 0
7 => Outcome : Correct
7 =>: 10 <= UW iterations OR => 0
1 => Outcome : Correct
1 =>: 27 <= UW iterations OR => 0
7 => new call tree total iteration : 0
7 => Outcome : Correct
7 =>: 11 <= UW iterations OR => 0
5 => new call tree total iteration : 0
5 => Outcome : Correct
5 =>: 20 <= UW iterations OR => 0
6 => Outcome : Correct
6 =>: 15 <= UW iterations OR => 0
1 => new call tree total iteration : 0
1 => Outcome : Correct
1 =>: 36 <= UW iterations OR => 0
3 => Outcome : Correct
3 =>: 17 <= UW iterations OR => 0
2 => Outcome : Correct
2 =>: 15 <= UW iterations OR => 0
4 => Outcome : Correct
4 =>: 38 <= UW iterations OR => 0
7 => new call tree total iteration : 0
8 => Outcome : Correct
8 =>: 21 <= UW iterations OR => 0
5 => new call tree total iteration : 0
6 => new call tree total iteration : 0
7 => Outcome : Correct
7 =>: 13 <= UW iterations OR => 0
1 => new call tree total iteration : 0
5 => Outcome : Correct
5 =>: 22 <= UW iterations OR => 0
3 => new call tree total iteration : 0
8 => new call tree total iteration : 0
2 => new call tree total iteration : 0
4 => new call tree total iteration : 0
7 => new call tree total iteration : 0
5 => new call tree total iteration : 0
2 => Outcome : ReachedBound
2 =>: 99 <= UW iterations OR => 0
3 => Outcome : ReachedBound
3 =>: 102 <= UW iterations OR => 0
4 => Outcome : ReachedBound
4 =>: 123 <= UW iterations OR => 0
2 => new call tree total iteration : 0
3 => new call tree total iteration : 0
2 => Outcome : Correct
2 =>: 100 <= UW iterations OR => 0
4 => new call tree total iteration : 0
2 => new call tree total iteration : 0
2 => Outcome : Correct
2 =>: 101 <= UW iterations OR => 0
2 => new call tree total iteration : 0
Verification Outcome : TIMEDOUT
Time Taken : 3E-06
Verifying sys_zwregistrycreate_0.bpl.bpl
Corral program verifier version 1.0.0.0
Corral program verifier version 1.0.0.0
http://localhost:5002/
Corral program verifier version 1.0.0.0
http://localhost:5002/
Corral program verifier version 1.0.0.0
http://localhost:5002/
Corral program verifier version 1.0.0.0
Corral program verifier version 1.0.0.0
http://localhost:5002/
http://localhost:5002/
Corral program verifier version 1.0.0.0
http://localhost:5002/
Corral program verifier version 1.0.0.0
http://localhost:5002/
http://localhost:5002/
1 => Outcome : Correct
1 =>: 3 <= UW iterations OR => 0
2 => new call tree total iteration : 0
2 => Outcome : Correct
2 =>: 16 <= UW iterations OR => 0
3 => new call tree total iteration : 0
4 => new call tree total iteration : 0
3 => Outcome : Correct
3 =>: 18 <= UW iterations OR => 0
5 => new call tree total iteration : 0
6 => new call tree total iteration : 0
4 => Outcome : Correct
4 =>: 3 <= UW iterations OR => 0
7 => new call tree total iteration : 0
7 => Outcome : Correct
7 =>: 1 <= UW iterations OR => 0
5 => Outcome : Correct
5 =>: 4 <= UW iterations OR => 0
6 => Outcome : Correct
6 =>: 5 <= UW iterations OR => 0
1 => new call tree total iteration : 0
1 => Outcome : Correct
1 =>: 4 <= UW iterations OR => 0
8 => new call tree total iteration : 0
8 => Outcome : Correct
8 =>: 1 <= UW iterations OR => 0
2 => new call tree total iteration : 0
2 => Outcome : Correct
2 =>: 18 <= UW iterations OR => 0
3 => new call tree total iteration : 0
3 => Outcome : Correct
3 =>: 20 <= UW iterations OR => 0
4 => new call tree total iteration : 0
4 => Outcome : Correct
4 =>: 5 <= UW iterations OR => 0
7 => new call tree total iteration : 0
7 => Outcome : Correct
7 =>: 6 <= UW iterations OR => 0
5 => new call tree total iteration : 0
5 => Outcome : Correct
5 =>: 8 <= UW iterations OR => 0
6 => new call tree total iteration : 0
6 => Outcome : Correct
6 =>: 8 <= UW iterations OR => 0
1 => new call tree total iteration : 0
8 => new call tree total iteration : 0
1 => Outcome : Correct
1 =>: 13 <= UW iterations OR => 0
2 => new call tree total iteration : 0
8 => Outcome : Correct
8 =>: 4 <= UW iterations OR => 0
3 => new call tree total iteration : 0
7 => new call tree total iteration : 0
3 => Outcome : Correct
3 =>: 27 <= UW iterations OR => 0
4 => new call tree total iteration : 0
5 => new call tree total iteration : 0
6 => new call tree total iteration : 0
1 => new call tree total iteration : 0
8 => new call tree total iteration : 0
3 => new call tree total iteration : 0
2 => Outcome : Correct
2 =>: 39 <= UW iterations OR => 0
2 => new call tree total iteration : 0
1 => Outcome : Correct
1 =>: 26 <= UW iterations OR => 0
3 => Outcome : Correct
3 =>: 47 <= UW iterations OR => 0
2 => Outcome : Correct
2 =>: 50 <= UW iterations OR => 0
1 => new call tree total iteration : 0
3 => new call tree total iteration : 0
2 => new call tree total iteration : 0
7 => Outcome : Correct
7 =>: 42 <= UW iterations OR => 0
1 => Outcome : Correct
1 =>: 39 <= UW iterations OR => 0
8 => Outcome : Correct
8 =>: 29 <= UW iterations OR => 0
7 => new call tree total iteration : 0
5 => Outcome : Correct
5 =>: 39 <= UW iterations OR => 0
4 => Outcome : Correct
4 =>: 36 <= UW iterations OR => 0
7 => Outcome : Correct
7 =>: 63 <= UW iterations OR => 0
3 => Outcome : Correct
3 =>: 73 <= UW iterations OR => 0
1 => new call tree total iteration : 0
8 => new call tree total iteration : 0
5 => new call tree total iteration : 0
5 => Outcome : Correct
5 =>: 40 <= UW iterations OR => 0
4 => new call tree total iteration : 0
4 => Outcome : Correct
4 =>: 37 <= UW iterations OR => 0
3 => new call tree total iteration : 0
7 => new call tree total iteration : 0
7 => Outcome : Correct
7 =>: 64 <= UW iterations OR => 0
8 => Outcome : Correct
8 =>: 31 <= UW iterations OR => 0
6 => Outcome : Correct
6 =>: 45 <= UW iterations OR => 0
1 => Outcome : Correct
1 =>: 42 <= UW iterations OR => 0
5 => new call tree total iteration : 0
4 => new call tree total iteration : 0
4 => Outcome : Correct
4 =>: 38 <= UW iterations OR => 0
7 => new call tree total iteration : 0
3 => Outcome : Correct
3 =>: 76 <= UW iterations OR => 0
2 => Outcome : Correct
2 =>: 86 <= UW iterations OR => 0
6 => new call tree total iteration : 0
8 => new call tree total iteration : 0
1 => new call tree total iteration : 0
5 => Outcome : Correct
5 =>: 42 <= UW iterations OR => 0
4 => new call tree total iteration : 0
3 => new call tree total iteration : 0
7 => Outcome : Correct
7 =>: 68 <= UW iterations OR => 0
2 => new call tree total iteration : 0
5 => new call tree total iteration : 0
7 => new call tree total iteration : 0
8 => Outcome : Correct
8 =>: 44 <= UW iterations OR => 0
6 => Outcome : Correct
6 =>: 51 <= UW iterations OR => 0
8 => new call tree total iteration : 0
6 => new call tree total iteration : 0
5 => Outcome : Correct
5 =>: 53 <= UW iterations OR => 0
8 => Outcome : Correct
8 =>: 48 <= UW iterations OR => 0
7 => Outcome : Correct
7 =>: 74 <= UW iterations OR => 0
8 => new call tree total iteration : 0
5 => new call tree total iteration : 0
2 => Outcome : Correct
2 =>: 94 <= UW iterations OR => 0
3 => Outcome : Correct
3 =>: 96 <= UW iterations OR => 0
7 => new call tree total iteration : 0
2 => new call tree total iteration : 0
1 => Outcome : Correct
1 =>: 54 <= UW iterations OR => 0
3 => new call tree total iteration : 0
1 => new call tree total iteration : 0
3 => Outcome : Correct
3 =>: 97 <= UW iterations OR => 0
7 => Outcome : Correct
7 =>: 76 <= UW iterations OR => 0
3 => new call tree total iteration : 0
7 => new call tree total iteration : 0
8 => Outcome : Correct
8 =>: 52 <= UW iterations OR => 0
8 => new call tree total iteration : 0
7 => Outcome : Correct
7 =>: 77 <= UW iterations OR => 0
2 => Outcome : Correct
2 =>: 97 <= UW iterations OR => 0
7 => new call tree total iteration : 0
2 => new call tree total iteration : 0
1 => Outcome : Correct
1 =>: 65 <= UW iterations OR => 0
1 => new call tree total iteration : 0
8 => Outcome : Correct
8 =>: 62 <= UW iterations OR => 0
8 => new call tree total iteration : 0
8 => Outcome : Correct
8 =>: 63 <= UW iterations OR => 0
8 => new call tree total iteration : 0
3 => Outcome : Correct
3 =>: 108 <= UW iterations OR => 0
3 => new call tree total iteration : 0
4 => Outcome : Correct
4 =>: 60 <= UW iterations OR => 0
4 => new call tree total iteration : 0
8 => Outcome : Correct
8 =>: 68 <= UW iterations OR => 0
8 => new call tree total iteration : 0
3 => Outcome : Correct
3 =>: 111 <= UW iterations OR => 0
3 => new call tree total iteration : 0
4 => Outcome : Correct
4 =>: 65 <= UW iterations OR => 0
4 => new call tree total iteration : 0
1 => Outcome : Correct
1 =>: 73 <= UW iterations OR => 0
1 => new call tree total iteration : 0
6 => Outcome : Correct
6 =>: 88 <= UW iterations OR => 0
7 => Outcome : Correct
7 =>: 92 <= UW iterations OR => 0
6 => new call tree total iteration : 0
7 => new call tree total iteration : 0
4 => Outcome : Correct
4 =>: 67 <= UW iterations OR => 0
4 => new call tree total iteration : 0
7 => Outcome : Correct
7 =>: 93 <= UW iterations OR => 0
7 => new call tree total iteration : 0
3 => Outcome : Correct
3 =>: 114 <= UW iterations OR => 0
3 => new call tree total iteration : 0
1 => Outcome : Correct
1 =>: 75 <= UW iterations OR => 0
8 => Outcome : Correct
8 =>: 72 <= UW iterations OR => 0
4 => Outcome : Correct
4 =>: 68 <= UW iterations OR => 0
6 => Outcome : Correct
6 =>: 90 <= UW iterations OR => 0
3 => Outcome : Correct
3 =>: 115 <= UW iterations OR => 0
1 => new call tree total iteration : 0
7 => Outcome : Correct
7 =>: 95 <= UW iterations OR => 0
1 => Outcome : Correct
1 =>: 76 <= UW iterations OR => 0
5 => Outcome : Correct
5 =>: 59 <= UW iterations OR => 0
8 => new call tree total iteration : 0
2 => Outcome : Correct
2 =>: 103 <= UW iterations OR => 0
4 => new call tree total iteration : 0
8 => Outcome : Correct
8 =>: 74 <= UW iterations OR => 0
6 => new call tree total iteration : 0
6 => Outcome : Correct
6 =>: 92 <= UW iterations OR => 0
3 => new call tree total iteration : 0
3 => Outcome : Correct
3 =>: 117 <= UW iterations OR => 0
7 => new call tree total iteration : 0
4 => Outcome : Correct
4 =>: 70 <= UW iterations OR => 0
1 => new call tree total iteration : 0
5 => new call tree total iteration : 0
2 => new call tree total iteration : 0
8 => new call tree total iteration : 0
7 => Outcome : Correct
7 =>: 100 <= UW iterations OR => 0
6 => new call tree total iteration : 0
1 => Outcome : Correct
1 =>: 79 <= UW iterations OR => 0
3 => new call tree total iteration : 0
8 => Outcome : Correct
8 =>: 78 <= UW iterations OR => 0
4 => new call tree total iteration : 0
2 => Outcome : Correct
2 =>: 105 <= UW iterations OR => 0
7 => new call tree total iteration : 0
4 => Outcome : Correct
4 =>: 71 <= UW iterations OR => 0
6 => Outcome : Correct
6 =>: 94 <= UW iterations OR => 0
1 => new call tree total iteration : 0
1 => Outcome : Correct
1 =>: 81 <= UW iterations OR => 0
8 => new call tree total iteration : 0
2 => new call tree total iteration : 0
4 => new call tree total iteration : 0
5 => Outcome : Correct
5 =>: 63 <= UW iterations OR => 0
Verification Outcome : TIMEDOUT
Time Taken : 1E-06
Verifying serial_zwregistryopen_2.bpl.bpl
Corral program verifier version 1.0.0.0
Corral program verifier version 1.0.0.0
Corral program verifier version 1.0.0.0
http://localhost:5002/
Corral program verifier version 1.0.0.0
http://localhost:5002/
Corral program verifier version 1.0.0.0
http://localhost:5002/
Corral program verifier version 1.0.0.0
Corral program verifier version 1.0.0.0
http://localhost:5002/
http://localhost:5002/
Corral program verifier version 1.0.0.0
http://localhost:5002/
http://localhost:5002/
http://localhost:5002/
1 => Outcome : Correct
1 =>: 3 <= UW iterations OR => 0
2 => new call tree total iteration : 0
2 => Outcome : Correct
2 =>: 25 <= UW iterations OR => 0
4 => new call tree total iteration : 0
3 => new call tree total iteration : 0
5 => new call tree total iteration : 0
3 => Outcome : Correct
3 =>: 6 <= UW iterations OR => 0
6 => new call tree total iteration : 0
7 => new call tree total iteration : 0
3 => new call tree total iteration : 0
3 => Outcome : Correct
3 =>: 7 <= UW iterations OR => 0
7 => Outcome : Correct
7 =>: 1 <= UW iterations OR => 0
8 => new call tree total iteration : 0
1 => new call tree total iteration : 0
8 => Outcome : Correct
8 =>: 7 <= UW iterations OR => 0
2 => new call tree total iteration : 0
2 => Outcome : Correct
2 =>: 26 <= UW iterations OR => 0
7 => new call tree total iteration : 0
7 => Outcome : Correct
7 =>: 2 <= UW iterations OR => 0
3 => new call tree total iteration : 0
2 => new call tree total iteration : 0
2 => Outcome : Correct
2 =>: 27 <= UW iterations OR => 0
8 => new call tree total iteration : 0
8 => Outcome : Correct
8 =>: 8 <= UW iterations OR => 0
7 => new call tree total iteration : 0
7 => Outcome : Correct
7 =>: 3 <= UW iterations OR => 0
3 => Outcome : Correct
3 =>: 15 <= UW iterations OR => 0
2 => new call tree total iteration : 0
6 => Outcome : Correct
6 =>: 16 <= UW iterations OR => 0
2 => Outcome : Correct
2 =>: 35 <= UW iterations OR => 0
8 => new call tree total iteration : 0
8 => Outcome : Correct
8 =>: 9 <= UW iterations OR => 0
7 => new call tree total iteration : 0
7 => Outcome : Correct
7 =>: 4 <= UW iterations OR => 0
5 => Outcome : Correct
5 =>: 15 <= UW iterations OR => 0
3 => new call tree total iteration : 0
3 => Outcome : Correct
3 =>: 16 <= UW iterations OR => 0
6 => new call tree total iteration : 0
6 => Outcome : Correct
6 =>: 17 <= UW iterations OR => 0
1 => Outcome : Correct
1 =>: 16 <= UW iterations OR => 0
4 => Outcome : Correct
4 =>: 44 <= UW iterations OR => 0
2 => new call tree total iteration : 0
2 => Outcome : Correct
2 =>: 37 <= UW iterations OR => 0
8 => new call tree total iteration : 0
7 => new call tree total iteration : 0
5 => new call tree total iteration : 0
3 => new call tree total iteration : 0
6 => new call tree total iteration : 0
4 => new call tree total iteration : 0
1 => new call tree total iteration : 0
7 => Outcome : Correct
7 =>: 10 <= UW iterations OR => 0
1 => Outcome : Correct
1 =>: 17 <= UW iterations OR => 0
5 => Outcome : Correct
5 =>: 19 <= UW iterations OR => 0
2 => new call tree total iteration : 0
6 => Outcome : Correct
6 =>: 22 <= UW iterations OR => 0
4 => Outcome : Correct
4 =>: 49 <= UW iterations OR => 0
1 => new call tree total iteration : 0
2 => Outcome : Correct
2 =>: 40 <= UW iterations OR => 0
1 => Outcome : Correct
1 =>: 18 <= UW iterations OR => 0
7 => new call tree total iteration : 0
5 => new call tree total iteration : 0
6 => new call tree total iteration : 0
7 => Outcome : Correct
7 =>: 14 <= UW iterations OR => 0
6 => Outcome : Correct
6 =>: 25 <= UW iterations OR => 0
5 => Outcome : Correct
5 =>: 28 <= UW iterations OR => 0
8 => Outcome : Correct
8 =>: 34 <= UW iterations OR => 0
3 => Outcome : ReachedBound
3 =>: 32 <= UW iterations OR => 0
2 => new call tree total iteration : 0
4 => new call tree total iteration : 0
4 => Outcome : Correct
4 =>: 51 <= UW iterations OR => 0
1 => new call tree total iteration : 0
7 => new call tree total iteration : 0
2 => Outcome : Correct
2 =>: 47 <= UW iterations OR => 0
7 => Outcome : Correct
7 =>: 16 <= UW iterations OR => 0
6 => new call tree total iteration : 0
6 => Outcome : Correct
6 =>: 26 <= UW iterations OR => 0
5 => new call tree total iteration : 0
8 => new call tree total iteration : 0
1 => Outcome : ReachedBound
1 =>: 24 <= UW iterations OR => 0
5 => Outcome : Correct
5 =>: 30 <= UW iterations OR => 0
3 => new call tree total iteration : 0
2 => new call tree total iteration : 0
4 => new call tree total iteration : 0
8 => Outcome : ReachedBound
8 =>: 39 <= UW iterations OR => 0
2 => Outcome : Correct
2 =>: 50 <= UW iterations OR => 0
4 => Outcome : ReachedBound
4 =>: 53 <= UW iterations OR => 0
7 => new call tree total iteration : 0
6 => new call tree total iteration : 0
5 => new call tree total iteration : 0
1 => new call tree total iteration : 0
8 => new call tree total iteration : 0
2 => new call tree total iteration : 0
4 => new call tree total iteration : 0
Verification Outcome : TIMEDOUT
Time Taken : 0
Verifying sys_zwregistryopen_0.bpl.bpl
Corral program verifier version 1.0.0.0
Corral program verifier version 1.0.0.0
http://localhost:5002/
Corral program verifier version 1.0.0.0
http://localhost:5002/
Corral program verifier version 1.0.0.0
Corral program verifier version 1.0.0.0
Corral program verifier version 1.0.0.0
http://localhost:5002/
Corral program verifier version 1.0.0.0
http://localhost:5002/
http://localhost:5002/
Corral program verifier version 1.0.0.0
http://localhost:5002/
http://localhost:5002/
http://localhost:5002/
1 => Outcome : Correct
1 =>: 3 <= UW iterations OR => 0
2 => new call tree total iteration : 0
2 => Outcome : Correct
2 =>: 16 <= UW iterations OR => 0
3 => new call tree total iteration : 0
4 => new call tree total iteration : 0
3 => Outcome : Correct
3 =>: 17 <= UW iterations OR => 0
5 => new call tree total iteration : 0
6 => new call tree total iteration : 0
4 => Outcome : Correct
4 =>: 3 <= UW iterations OR => 0
7 => new call tree total iteration : 0
5 => Outcome : Correct
5 =>: 5 <= UW iterations OR => 0
8 => new call tree total iteration : 0
1 => new call tree total iteration : 0
7 => Outcome : Correct
7 =>: 1 <= UW iterations OR => 0
1 => Outcome : Correct
1 =>: 5 <= UW iterations OR => 0
6 => Outcome : Correct
6 =>: 5 <= UW iterations OR => 0
2 => new call tree total iteration : 0
8 => Outcome : Correct
8 =>: 1 <= UW iterations OR => 0
2 => Outcome : Correct
2 =>: 17 <= UW iterations OR => 0
3 => new call tree total iteration : 0
3 => Outcome : Correct
3 =>: 23 <= UW iterations OR => 0
4 => new call tree total iteration : 0
5 => new call tree total iteration : 0
4 => Outcome : Correct
4 =>: 5 <= UW iterations OR => 0
5 => Outcome : Correct
5 =>: 7 <= UW iterations OR => 0
7 => new call tree total iteration : 0
1 => new call tree total iteration : 0
1 => Outcome : Correct
1 =>: 7 <= UW iterations OR => 0
7 => Outcome : Correct
7 =>: 3 <= UW iterations OR => 0
8 => new call tree total iteration : 0
6 => new call tree total iteration : 0
8 => Outcome : Correct
8 =>: 4 <= UW iterations OR => 0
6 => Outcome : Correct
6 =>: 15 <= UW iterations OR => 0
3 => new call tree total iteration : 0
2 => new call tree total iteration : 0
4 => new call tree total iteration : 0
2 => Outcome : Correct
2 =>: 26 <= UW iterations OR => 0
3 => Outcome : Correct
3 =>: 35 <= UW iterations OR => 0
1 => new call tree total iteration : 0
5 => new call tree total iteration : 0
4 => Outcome : Correct
4 =>: 8 <= UW iterations OR => 0
8 => new call tree total iteration : 0
7 => new call tree total iteration : 0
6 => new call tree total iteration : 0
2 => new call tree total iteration : 0
7 => Outcome : Correct
7 =>: 6 <= UW iterations OR => 0
8 => Outcome : Correct
8 =>: 7 <= UW iterations OR => 0
6 => Outcome : Correct
6 =>: 18 <= UW iterations OR => 0
3 => new call tree total iteration : 0
4 => new call tree total iteration : 0
5 => Outcome : Correct
5 =>: 15 <= UW iterations OR => 0
4 => Outcome : Correct
4 =>: 9 <= UW iterations OR => 0
1 => Outcome : Correct
1 =>: 19 <= UW iterations OR => 0
7 => new call tree total iteration : 0
7 => Outcome : Correct
7 =>: 7 <= UW iterations OR => 0
8 => new call tree total iteration : 0
2 => Outcome : Correct
2 =>: 34 <= UW iterations OR => 0
3 => Outcome : Correct
3 =>: 40 <= UW iterations OR => 0
5 => new call tree total iteration : 0
6 => new call tree total iteration : 0
4 => new call tree total iteration : 0
1 => new call tree total iteration : 0
4 => Outcome : Correct
4 =>: 12 <= UW iterations OR => 0
1 => Outcome : Correct
1 =>: 21 <= UW iterations OR => 0
7 => new call tree total iteration : 0
7 => Outcome : Correct
7 =>: 10 <= UW iterations OR => 0
2 => new call tree total iteration : 0
2 => Outcome : Correct
2 =>: 42 <= UW iterations OR => 0
3 => new call tree total iteration : 0
3 => Outcome : Correct
3 =>: 43 <= UW iterations OR => 0
4 => new call tree total iteration : 0
4 => Outcome : Correct
4 =>: 15 <= UW iterations OR => 0
8 => Outcome : Correct
8 =>: 24 <= UW iterations OR => 0
6 => Outcome : Correct
6 =>: 68 <= UW iterations OR => 0
1 => new call tree total iteration : 0
7 => new call tree total iteration : 0
2 => new call tree total iteration : 0
2 => Outcome : Correct
2 =>: 43 <= UW iterations OR => 0
3 => new call tree total iteration : 0
3 => Outcome : Correct
3 =>: 44 <= UW iterations OR => 0
7 => Outcome : Correct
7 =>: 12 <= UW iterations OR => 0
5 => Outcome : Correct
5 =>: 42 <= UW iterations OR => 0
4 => new call tree total iteration : 0
8 => new call tree total iteration : 0
6 => new call tree total iteration : 0
6 => Outcome : Correct
6 =>: 69 <= UW iterations OR => 0
4 => Outcome : Correct
4 =>: 17 <= UW iterations OR => 0
2 => new call tree total iteration : 0
8 => Outcome : Correct
8 =>: 26 <= UW iterations OR => 0
3 => new call tree total iteration : 0
1 => Outcome : Correct
1 =>: 26 <= UW iterations OR => 0
7 => new call tree total iteration : 0
5 => new call tree total iteration : 0
6 => new call tree total iteration : 0
4 => new call tree total iteration : 0
1 => new call tree total iteration : 0
8 => new call tree total iteration : 0
1 => Outcome : Correct
1 =>: 27 <= UW iterations OR => 0
1 => new call tree total iteration : 0
3 => Outcome : Correct
3 =>: 47 <= UW iterations OR => 0
6 => Outcome : Correct
6 =>: 71 <= UW iterations OR => 0
3 => new call tree total iteration : 0
6 => new call tree total iteration : 0
7 => Outcome : Correct
7 =>: 16 <= UW iterations OR => 0
4 => Outcome : Correct
4 =>: 39 <= UW iterations OR => 0
7 => new call tree total iteration : 0
7 => Outcome : Correct
7 =>: 17 <= UW iterations OR => 0
2 => Outcome : Correct
2 =>: 49 <= UW iterations OR => 0
7 => new call tree total iteration : 0
4 => new call tree total iteration : 0
7 => Outcome : Correct
7 =>: 19 <= UW iterations OR => 0
2 => new call tree total iteration : 0
7 => new call tree total iteration : 0
1 => Outcome : Correct
1 =>: 34 <= UW iterations OR => 0
1 => new call tree total iteration : 0
2 => Outcome : Correct
2 =>: 56 <= UW iterations OR => 0
2 => new call tree total iteration : 0
1 => Outcome : Correct
1 =>: 41 <= UW iterations OR => 0
1 => new call tree total iteration : 0
1 => Outcome : Correct
1 =>: 42 <= UW iterations OR => 0
7 => Outcome : Correct
7 =>: 26 <= UW iterations OR => 0
3 => Outcome : Correct
3 =>: 54 <= UW iterations OR => 0
1 => new call tree total iteration : 0
4 => Outcome : Correct
4 =>: 41 <= UW iterations OR => 0
2 => Outcome : Correct
2 =>: 61 <= UW iterations OR => 0
7 => new call tree total iteration : 0
3 => new call tree total iteration : 0
8 => Outcome : Correct
8 =>: 43 <= UW iterations OR => 0
4 => new call tree total iteration : 0
7 => Outcome : Correct
7 =>: 28 <= UW iterations OR => 0
5 => Outcome : Correct
5 =>: 54 <= UW iterations OR => 0
2 => new call tree total iteration : 0
8 => new call tree total iteration : 0
4 => Outcome : Correct
4 =>: 43 <= UW iterations OR => 0
7 => new call tree total iteration : 0
1 => Outcome : Correct
1 =>: 44 <= UW iterations OR => 0
5 => new call tree total iteration : 0
6 => Outcome : Correct
6 =>: 75 <= UW iterations OR => 0
4 => new call tree total iteration : 0
7 => Outcome : Correct
7 =>: 29 <= UW iterations OR => 0
2 => Outcome : Correct
2 =>: 63 <= UW iterations OR => 0
1 => new call tree total iteration : 0
1 => Outcome : Correct
1 =>: 46 <= UW iterations OR => 0
5 => Outcome : Correct
5 =>: 56 <= UW iterations OR => 0
6 => new call tree total iteration : 0
7 => new call tree total iteration : 0
8 => Outcome : Correct
8 =>: 45 <= UW iterations OR => 0
2 => new call tree total iteration : 0
4 => Outcome : Correct
4 =>: 45 <= UW iterations OR => 0
1 => new call tree total iteration : 0
5 => new call tree total iteration : 0
7 => Outcome : Correct
7 =>: 31 <= UW iterations OR => 0
8 => new call tree total iteration : 0
2 => Outcome : Correct
2 =>: 65 <= UW iterations OR => 0
6 => Outcome : Correct
6 =>: 78 <= UW iterations OR => 0
4 => new call tree total iteration : 0
7 => new call tree total iteration : 0
5 => Outcome : Correct
5 =>: 58 <= UW iterations OR => 0
2 => new call tree total iteration : 0
8 => Outcome : Correct
8 =>: 47 <= UW iterations OR => 0
6 => new call tree total iteration : 0
7 => Outcome : Correct
7 =>: 33 <= UW iterations OR => 0
5 => new call tree total iteration : 0
4 => Outcome : Correct
4 =>: 47 <= UW iterations OR => 0
2 => Outcome : Correct
2 =>: 67 <= UW iterations OR => 0
8 => new call tree total iteration : 0
7 => new call tree total iteration : 0
4 => new call tree total iteration : 0
5 => Outcome : Correct
5 =>: 60 <= UW iterations OR => 0
6 => Outcome : Correct
6 =>: 81 <= UW iterations OR => 0
1 => Outcome : Correct
1 =>: 48 <= UW iterations OR => 0
2 => new call tree total iteration : 0
5 => new call tree total iteration : 0
6 => new call tree total iteration : 0
7 => Outcome : Correct
7 =>: 35 <= UW iterations OR => 0
1 => new call tree total iteration : 0
5 => Outcome : Correct
5 =>: 62 <= UW iterations OR => 0
4 => Outcome : Correct
4 =>: 49 <= UW iterations OR => 0
7 => new call tree total iteration : 0
5 => new call tree total iteration : 0
8 => Outcome : Correct
8 =>: 49 <= UW iterations OR => 0
4 => new call tree total iteration : 0
2 => Outcome : Correct
2 =>: 69 <= UW iterations OR => 0
8 => new call tree total iteration : 0
1 => Outcome : Correct
1 =>: 50 <= UW iterations OR => 0
2 => new call tree total iteration : 0
7 => Outcome : Correct
7 =>: 37 <= UW iterations OR => 0
1 => new call tree total iteration : 0
5 => Outcome : Correct
5 =>: 64 <= UW iterations OR => 0
7 => new call tree total iteration : 0
5 => new call tree total iteration : 0
8 => Outcome : Correct
8 =>: 82 <= UW iterations OR => 0
8 => new call tree total iteration : 0
8 => Outcome : Correct
8 =>: 83 <= UW iterations OR => 0
8 => new call tree total iteration : 0
6 => Outcome : Correct
6 =>: 92 <= UW iterations OR => 0
6 => new call tree total iteration : 0
7 => Outcome : Correct
7 =>: 70 <= UW iterations OR => 0
7 => new call tree total iteration : 0
1 => Outcome : Correct
1 =>: 79 <= UW iterations OR => 0
1 => new call tree total iteration : 0
6 => Outcome : Correct
6 =>: 109 <= UW iterations OR => 0
6 => new call tree total iteration : 0
6 => Outcome : Correct
6 =>: 110 <= UW iterations OR => 0
6 => new call tree total iteration : 0
8 => Outcome : Correct
8 =>: 92 <= UW iterations OR => 0
8 => new call tree total iteration : 0
1 => Outcome : Correct
1 =>: 97 <= UW iterations OR => 0
1 => new call tree total iteration : 0
5 => Outcome : Correct
5 =>: 112 <= UW iterations OR => 0
5 => new call tree total iteration : 0
5 => Outcome : Correct
5 =>: 113 <= UW iterations OR => 0
6 => Outcome : Correct
6 =>: 118 <= UW iterations OR => 0
2 => Outcome : Correct
2 =>: 119 <= UW iterations OR => 0
5 => new call tree total iteration : 0
8 => Outcome : Correct
8 =>: 94 <= UW iterations OR => 0
6 => new call tree total iteration : 0
2 => new call tree total iteration : 0
1 => Outcome : Correct
1 =>: 100 <= UW iterations OR => 0
8 => new call tree total iteration : 0
8 => Outcome : Correct
8 =>: 95 <= UW iterations OR => 0
5 => Outcome : Correct
5 =>: 115 <= UW iterations OR => 0
1 => new call tree total iteration : 0
8 => new call tree total iteration : 0
6 => Outcome : Correct
6 =>: 120 <= UW iterations OR => 0
2 => Outcome : Correct
2 =>: 120 <= UW iterations OR => 0
5 => new call tree total iteration : 0
7 => Outcome : Correct
7 =>: 77 <= UW iterations OR => 0
6 => new call tree total iteration : 0
3 => Outcome : Correct
3 =>: 65 <= UW iterations OR => 0
2 => new call tree total iteration : 0
7 => new call tree total iteration : 0
3 => new call tree total iteration : 0
1 => Outcome : Correct
1 =>: 105 <= UW iterations OR => 0
3 => Outcome : Correct
3 =>: 66 <= UW iterations OR => 0
5 => Outcome : Correct
5 =>: 117 <= UW iterations OR => 0
7 => Outcome : Correct
7 =>: 78 <= UW iterations OR => 0
1 => new call tree total iteration : 0
2 => Outcome : Correct
2 =>: 124 <= UW iterations OR => 0
3 => new call tree total iteration : 0
5 => new call tree total iteration : 0
3 => Outcome : Correct
3 =>: 68 <= UW iterations OR => 0
5 => Outcome : Correct
5 =>: 119 <= UW iterations OR => 0
7 => new call tree total iteration : 0
7 => Outcome : Correct
7 =>: 80 <= UW iterations OR => 0
2 => new call tree total iteration : 0
2 => Outcome : Correct
2 =>: 125 <= UW iterations OR => 0
3 => new call tree total iteration : 0
8 => Outcome : Correct
8 =>: 98 <= UW iterations OR => 0
1 => Outcome : Correct
1 =>: 107 <= UW iterations OR => 0
5 => new call tree total iteration : 0
4 => Outcome : Correct
4 =>: 65 <= UW iterations OR => 0
5 => Outcome : Correct
5 =>: 121 <= UW iterations OR => 0
7 => new call tree total iteration : 0
3 => Outcome : Correct
3 =>: 70 <= UW iterations OR => 0
2 => new call tree total iteration : 0
Verification Outcome : TIMEDOUT
Time Taken : 0
Verifying hw_irqliopassive2_0.bpl.bpl
Corral program verifier version 1.0.0.0
Corral program verifier version 1.0.0.0
Corral program verifier version 1.0.0.0
http://localhost:5002/
Corral program verifier version 1.0.0.0
Corral program verifier version 1.0.0.0
http://localhost:5002/
Corral program verifier version 1.0.0.0
http://localhost:5002/
Corral program verifier version 1.0.0.0
Corral program verifier version 1.0.0.0
http://localhost:5002/
http://localhost:5002/
http://localhost:5002/
http://localhost:5002/
http://localhost:5002/
1 => Outcome : Correct
1 =>: 3 <= UW iterations OR => 0
2 => new call tree total iteration : 0
2 => Outcome : Correct
2 =>: 20 <= UW iterations OR => 0
3 => new call tree total iteration : 0
4 => new call tree total iteration : 0
6 => new call tree total iteration : 0
5 => new call tree total iteration : 0
7 => new call tree total iteration : 0
4 => Outcome : Correct
4 =>: 5 <= UW iterations OR => 0
2 => new call tree total iteration : 0
8 => new call tree total iteration : 0
1 => new call tree total iteration : 0
8 => Outcome : Correct
8 =>: 1 <= UW iterations OR => 0
4 => new call tree total iteration : 0
8 => new call tree total iteration : 0
8 => Outcome : Correct
8 =>: 2 <= UW iterations OR => 0
5 => Outcome : Correct
5 =>: 19 <= UW iterations OR => 0
8 => new call tree total iteration : 0
8 => Outcome : Correct
8 =>: 3 <= UW iterations OR => 0
6 => Outcome : Correct
6 =>: 20 <= UW iterations OR => 0
8 => new call tree total iteration : 0
8 => Outcome : Correct
8 =>: 4 <= UW iterations OR => 0
5 => new call tree total iteration : 0
6 => new call tree total iteration : 0
6 => Outcome : Correct
6 =>: 21 <= UW iterations OR => 0
2 => Outcome : Correct
2 =>: 27 <= UW iterations OR => 0
8 => new call tree total iteration : 0
8 => Outcome : Correct
8 =>: 5 <= UW iterations OR => 0
7 => Outcome : Correct
7 =>: 18 <= UW iterations OR => 0
5 => Outcome : Correct
5 =>: 27 <= UW iterations OR => 0
4 => Outcome : Correct
4 =>: 19 <= UW iterations OR => 0
3 => Outcome : Correct
3 =>: 44 <= UW iterations OR => 0
6 => new call tree total iteration : 0
1 => Outcome : Correct
1 =>: 22 <= UW iterations OR => 0
8 => new call tree total iteration : 0
2 => new call tree total iteration : 0
4 => new call tree total iteration : 0
6 => Outcome : Correct
6 =>: 28 <= UW iterations OR => 0
7 => new call tree total iteration : 0
8 => Outcome : Correct
8 =>: 7 <= UW iterations OR => 0
4 => Outcome : Correct
4 =>: 20 <= UW iterations OR => 0
2 => Outcome : Correct
2 =>: 29 <= UW iterations OR => 0
1 => new call tree total iteration : 0
6 => new call tree total iteration : 0
5 => new call tree total iteration : 0
3 => new call tree total iteration : 0
1 => Outcome : Correct
1 =>: 24 <= UW iterations OR => 0
6 => Outcome : Correct
6 =>: 30 <= UW iterations OR => 0
3 => Outcome : Correct
3 =>: 46 <= UW iterations OR => 0
4 => new call tree total iteration : 0
8 => new call tree total iteration : 0
1 => new call tree total iteration : 0
2 => new call tree total iteration : 0
2 => Outcome : Correct
2 =>: 30 <= UW iterations OR => 0
6 => new call tree total iteration : 0
3 => new call tree total iteration : 0
3 => Outcome : Correct
3 =>: 47 <= UW iterations OR => 0
5 => Outcome : Correct
5 =>: 42 <= UW iterations OR => 0
6 => Outcome : Correct
6 =>: 32 <= UW iterations OR => 0
4 => Outcome : Correct
4 =>: 33 <= UW iterations OR => 0
6 => new call tree total iteration : 0
2 => new call tree total iteration : 0
3 => new call tree total iteration : 0
5 => new call tree total iteration : 0
4 => new call tree total iteration : 0
8 => Outcome : ReachedBound
8 =>: 114 <= UW iterations OR => 0
8 => new call tree total iteration : 0
3 => Outcome : ReachedBound
3 =>: 134 <= UW iterations OR => 0
3 => new call tree total iteration : 0
3 => Outcome : Correct
3 =>: 135 <= UW iterations OR => 0
3 => new call tree total iteration : 0
2 => Outcome : ReachedBound
2 =>: 200 <= UW iterations OR => 0
2 => new call tree total iteration : 0
Verification Outcome : TIMEDOUT
Time Taken : 0
Verifying hw_irqlkeraiselower_0.bpl.bpl
Corral program verifier version 1.0.0.0
Corral program verifier version 1.0.0.0
Corral program verifier version 1.0.0.0
Corral program verifier version 1.0.0.0
Corral program verifier version 1.0.0.0
Corral program verifier version 1.0.0.0
http://localhost:5002/
http://localhost:5002/
http://localhost:5002/
http://localhost:5002/
Corral program verifier version 1.0.0.0
http://localhost:5002/
http://localhost:5002/
Corral program verifier version 1.0.0.0
http://localhost:5002/
http://localhost:5002/
1 => Outcome : Correct
1 =>: 3 <= UW iterations OR => 0
2 => new call tree total iteration : 0
2 => Outcome : Correct
2 =>: 20 <= UW iterations OR => 0
3 => new call tree total iteration : 0
5 => new call tree total iteration : 0
4 => new call tree total iteration : 0
5 => Outcome : Correct
5 =>: 5 <= UW iterations OR => 0
6 => new call tree total iteration : 0
2 => new call tree total iteration : 0
7 => new call tree total iteration : 0
1 => new call tree total iteration : 0
8 => new call tree total iteration : 0
5 => new call tree total iteration : 0
8 => Outcome : Correct
8 =>: 1 <= UW iterations OR => 0
4 => Outcome : Correct
4 =>: 11 <= UW iterations OR => 0
6 => Outcome : Correct
6 =>: 11 <= UW iterations OR => 0
8 => new call tree total iteration : 0
8 => Outcome : Correct
8 =>: 2 <= UW iterations OR => 0
4 => new call tree total iteration : 0
4 => Outcome : Correct
4 =>: 12 <= UW iterations OR => 0
6 => new call tree total iteration : 0
6 => Outcome : Correct
6 =>: 12 <= UW iterations OR => 0
8 => new call tree total iteration : 0
2 => Outcome : Correct
2 =>: 27 <= UW iterations OR => 0
4 => new call tree total iteration : 0
4 => Outcome : Correct
4 =>: 13 <= UW iterations OR => 0
6 => new call tree total iteration : 0
7 => Outcome : Correct
7 =>: 14 <= UW iterations OR => 0
8 => Outcome : Correct
8 =>: 7 <= UW iterations OR => 0
2 => new call tree total iteration : 0
2 => Outcome : Correct
2 =>: 31 <= UW iterations OR => 0
5 => Outcome : Correct
5 =>: 16 <= UW iterations OR => 0
3 => Outcome : Correct
3 =>: 44 <= UW iterations OR => 0
6 => Outcome : Correct
6 =>: 27 <= UW iterations OR => 0
7 => new call tree total iteration : 0
4 => new call tree total iteration : 0
8 => new call tree total iteration : 0
7 => Outcome : Correct
7 =>: 16 <= UW iterations OR => 0
8 => Outcome : Correct
8 =>: 9 <= UW iterations OR => 0
1 => Outcome : Correct
1 =>: 21 <= UW iterations OR => 0
5 => new call tree total iteration : 0
6 => new call tree total iteration : 0
2 => new call tree total iteration : 0
7 => new call tree total iteration : 0
3 => new call tree total iteration : 0
5 => Outcome : Correct
5 =>: 21 <= UW iterations OR => 0
1 => new call tree total iteration : 0
4 => Outcome : Correct
4 =>: 20 <= UW iterations OR => 0
8 => new call tree total iteration : 0
1 => Outcome : Correct
1 =>: 22 <= UW iterations OR => 0
4 => new call tree total iteration : 0
5 => new call tree total iteration : 0
2 => Outcome : Correct
2 =>: 36 <= UW iterations OR => 0
3 => Outcome : Correct
3 =>: 48 <= UW iterations OR => 0
6 => Outcome : Correct
6 =>: 41 <= UW iterations OR => 0
1 => new call tree total iteration : 0
2 => new call tree total iteration : 0
5 => Outcome : Correct
5 =>: 27 <= UW iterations OR => 0
1 => Outcome : Correct
1 =>: 24 <= UW iterations OR => 0
3 => new call tree total iteration : 0
6 => new call tree total iteration : 0
1 => new call tree total iteration : 0
5 => new call tree total iteration : 0
3 => Outcome : Correct
3 =>: 144 <= UW iterations OR => 0
3 => new call tree total iteration : 0
4 => Outcome : Correct
4 =>: 123 <= UW iterations OR => 0
4 => new call tree total iteration : 0
1 => Outcome : ReachedBound
1 =>: 142 <= UW iterations OR => 0
1 => new call tree total iteration : 0
2 => Outcome : ReachedBound
2 =>: 263 <= UW iterations OR => 0
2 => new call tree total iteration : 0
2 => Outcome : ReachedBound
2 =>: 266 <= UW iterations OR => 0
2 => new call tree total iteration : 0
5 => Outcome : ReachedBound
5 =>: 405 <= UW iterations OR => 0
5 => new call tree total iteration : 0
Verification Outcome : TIMEDOUT
Time Taken : 0
Verifying mp_iobuildfsdirpsignaleventincompletiontimeout_0.bpl.bpl
Corral program verifier version 1.0.0.0
Corral program verifier version 1.0.0.0
Corral program verifier version 1.0.0.0
http://localhost:5002/
Corral program verifier version 1.0.0.0
http://localhost:5002/
Corral program verifier version 1.0.0.0
Corral program verifier version 1.0.0.0
http://localhost:5002/
http://localhost:5002/
Corral program verifier version 1.0.0.0
http://localhost:5002/
Corral program verifier version 1.0.0.0
http://localhost:5002/
http://localhost:5002/
http://localhost:5002/
1 => Outcome : Correct
1 =>: 3 <= UW iterations OR => 0
2 => new call tree total iteration : 0
2 => Outcome : Correct
2 =>: 38 <= UW iterations OR => 0
3 => new call tree total iteration : 0
3 => Outcome : Correct
3 =>: 3 <= UW iterations OR => 0
1 => new call tree total iteration : 0
4 => new call tree total iteration : 0
5 => new call tree total iteration : 0
4 => Outcome : Correct
4 =>: 1 <= UW iterations OR => 0
6 => new call tree total iteration : 0
3 => new call tree total iteration : 0
3 => Outcome : Correct
3 =>: 4 <= UW iterations OR => 0
7 => new call tree total iteration : 0
5 => Outcome : Correct
5 =>: 10 <= UW iterations OR => 0
8 => new call tree total iteration : 0
3 => new call tree total iteration : 0
2 => new call tree total iteration : 0
1 => Outcome : Correct
1 =>: 24 <= UW iterations OR => 0
4 => new call tree total iteration : 0
6 => Outcome : Correct
6 =>: 10 <= UW iterations OR => 0
1 => new call tree total iteration : 0
3 => Outcome : Correct
3 =>: 15 <= UW iterations OR => 0
6 => new call tree total iteration : 0
6 => Outcome : Correct
6 =>: 11 <= UW iterations OR => 0
1 => Outcome : Correct
1 =>: 33 <= UW iterations OR => 0
5 => new call tree total iteration : 0
5 => Outcome : Correct
5 =>: 13 <= UW iterations OR => 0
1 => new call tree total iteration : 0
1 => Outcome : Correct
1 =>: 34 <= UW iterations OR => 0
3 => new call tree total iteration : 0
3 => Outcome : Correct
3 =>: 16 <= UW iterations OR => 0
6 => new call tree total iteration : 0
6 => Outcome : Correct
6 =>: 12 <= UW iterations OR => 0
8 => Outcome : ReachedBound
8 =>: 47 <= UW iterations OR => 0
7 => Outcome : ReachedBound
7 =>: 58 <= UW iterations OR => 0
2 => Outcome : Correct
2 =>: 55 <= UW iterations OR => 0
4 => Outcome : Correct
4 =>: 41 <= UW iterations OR => 0
1 => new call tree total iteration : 0
1 => Outcome : ReachedBound
1 =>: 36 <= UW iterations OR => 0
5 => new call tree total iteration : 0
6 => new call tree total iteration : 0
8 => new call tree total iteration : 0
5 => Outcome : ReachedBound
5 =>: 15 <= UW iterations OR => 0
6 => Outcome : Correct
6 =>: 16 <= UW iterations OR => 0
8 => Outcome : ReachedBound
8 =>: 49 <= UW iterations OR => 0
7 => new call tree total iteration : 0
4 => new call tree total iteration : 0
4 => Outcome : Correct
4 =>: 43 <= UW iterations OR => 0
3 => new call tree total iteration : 0
7 => Outcome : Correct
7 =>: 62 <= UW iterations OR => 0
1 => new call tree total iteration : 0
2 => new call tree total iteration : 0
1 => Outcome : ReachedBound
1 =>: 40 <= UW iterations OR => 0
5 => new call tree total iteration : 0
6 => new call tree total iteration : 0
8 => new call tree total iteration : 0
8 => Outcome : Correct
8 =>: 50 <= UW iterations OR => 0
4 => new call tree total iteration : 0
6 => Outcome : Correct
6 =>: 22 <= UW iterations OR => 0
4 => Outcome : ReachedBound
4 =>: 45 <= UW iterations OR => 0
8 => new call tree total iteration : 0
6 => new call tree total iteration : 0
1 => new call tree total iteration : 0
1 => Outcome : Correct
1 =>: 41 <= UW iterations OR => 0
5 => Outcome : Correct
5 =>: 33 <= UW iterations OR => 0
7 => new call tree total iteration : 0
4 => new call tree total iteration : 0
1 => new call tree total iteration : 0
5 => new call tree total iteration : 0
6 => Outcome : ReachedBound
6 =>: 48 <= UW iterations OR => 0
6 => new call tree total iteration : 0
2 => Outcome : ReachedBound
2 =>: 94 <= UW iterations OR => 0
2 => new call tree total iteration : 0
7 => Outcome : ReachedBound
7 =>: 147 <= UW iterations OR => 0
7 => new call tree total iteration : 0
3 => Outcome : ReachedBound
3 =>: 569 <= UW iterations OR => 0
3 => new call tree total iteration : 0
1 => Outcome : ReachedBound
1 =>: 692 <= UW iterations OR => 0
1 => new call tree total iteration : 0
3 => Outcome : ReachedBound
3 =>: 934 <= UW iterations OR => 0
3 => new call tree total iteration : 0
3 => Outcome : ReachedBound
3 =>: 950 <= UW iterations OR => 0
3 => new call tree total iteration : 0
Verification Outcome : TIMEDOUT
Time Taken : 1E-06
Verifying serial_markingqueuedirps_1.bpl.bpl
Corral program verifier version 1.0.0.0
http://localhost:5002/
Corral program verifier version 1.0.0.0
Corral program verifier version 1.0.0.0
Corral program verifier version 1.0.0.0
Corral program verifier version 1.0.0.0
http://localhost:5002/
http://localhost:5002/
http://localhost:5002/
Corral program verifier version 1.0.0.0
Corral program verifier version 1.0.0.0
http://localhost:5002/
http://localhost:5002/
http://localhost:5002/
Corral program verifier version 1.0.0.0
http://localhost:5002/
1 => Outcome : Correct
1 =>: 3 <= UW iterations OR => 0
2 => new call tree total iteration : 0
2 => Outcome : Correct
2 =>: 26 <= UW iterations OR => 0
3 => new call tree total iteration : 0
4 => new call tree total iteration : 0
4 => Outcome : Correct
4 =>: 4 <= UW iterations OR => 0
5 => new call tree total iteration : 0
5 => Outcome : Correct
5 =>: 1 <= UW iterations OR => 0
3 => Outcome : Correct
3 =>: 10 <= UW iterations OR => 0
6 => new call tree total iteration : 0
7 => new call tree total iteration : 0
1 => new call tree total iteration : 0
6 => Outcome : Correct
6 =>: 3 <= UW iterations OR => 0
1 => Outcome : Correct
1 =>: 5 <= UW iterations OR => 0
8 => new call tree total iteration : 0
8 => Outcome : Correct
8 =>: 2 <= UW iterations OR => 0
2 => new call tree total iteration : 0
2 => Outcome : Correct
2 =>: 27 <= UW iterations OR => 0
3 => new call tree total iteration : 0
4 => new call tree total iteration : 0
4 => Outcome : Correct
4 =>: 5 <= UW iterations OR => 0
6 => new call tree total iteration : 0
5 => new call tree total iteration : 0
1 => new call tree total iteration : 0
2 => new call tree total iteration : 0
2 => Outcome : Correct
2 =>: 28 <= UW iterations OR => 0
5 => Outcome : Correct
5 =>: 14 <= UW iterations OR => 0
8 => new call tree total iteration : 0
8 => Outcome : Correct
8 =>: 4 <= UW iterations OR => 0
4 => new call tree total iteration : 0
2 => new call tree total iteration : 0
2 => Outcome : Correct
2 =>: 29 <= UW iterations OR => 0
1 => Outcome : Correct
1 =>: 20 <= UW iterations OR => 0
5 => new call tree total iteration : 0
8 => new call tree total iteration : 0
5 => Outcome : Correct
5 =>: 36 <= UW iterations OR => 0
2 => new call tree total iteration : 0
2 => Outcome : Correct
2 =>: 30 <= UW iterations OR => 0
1 => new call tree total iteration : 0
2 => new call tree total iteration : 0
2 => Outcome : Correct
2 =>: 31 <= UW iterations OR => 0
6 => Outcome : Correct
6 =>: 38 <= UW iterations OR => 0
5 => new call tree total iteration : 0
2 => new call tree total iteration : 0
6 => new call tree total iteration : 0
5 => Outcome : Correct
5 =>: 66 <= UW iterations OR => 0
5 => new call tree total iteration : 0
8 => Outcome : ReachedBound
8 =>: 58 <= UW iterations OR => 0
1 => Outcome : ReachedBound
1 =>: 90 <= UW iterations OR => 0
8 => new call tree total iteration : 0
6 => Outcome : ReachedBound
6 =>: 81 <= UW iterations OR => 0
1 => new call tree total iteration : 0
8 => Outcome : Correct
8 =>: 74 <= UW iterations OR => 0
6 => new call tree total iteration : 0
6 => Outcome : Correct
6 =>: 82 <= UW iterations OR => 0
6 => new call tree total iteration : 0
6 => Outcome : Correct
6 =>: 83 <= UW iterations OR => 0
8 => new call tree total iteration : 0
8 => Outcome : Correct
8 =>: 77 <= UW iterations OR => 0
8 => new call tree total iteration : 0
8 => Outcome : Correct
8 =>: 78 <= UW iterations OR => 0
6 => new call tree total iteration : 0
7 => Outcome : ReachedBound
7 =>: 96 <= UW iterations OR => 0
7 => new call tree total iteration : 0
8 => new call tree total iteration : 0
8 => Outcome : Correct
8 =>: 79 <= UW iterations OR => 0
3 => Outcome : Correct
3 =>: 85 <= UW iterations OR => 0
8 => new call tree total iteration : 0
8 => Outcome : Correct
8 =>: 80 <= UW iterations OR => 0
5 => Outcome : Correct
5 =>: 197 <= UW iterations OR => 0
8 => new call tree total iteration : 0
8 => Outcome : Correct
8 =>: 81 <= UW iterations OR => 0
3 => new call tree total iteration : 0
5 => new call tree total iteration : 0
5 => Outcome : Correct
5 =>: 200 <= UW iterations OR => 0
3 => Outcome : Correct
3 =>: 94 <= UW iterations OR => 0
5 => new call tree total iteration : 0
1 => Outcome : ReachedBound
1 =>: 146 <= UW iterations OR => 0
6 => Outcome : ReachedBound
6 =>: 128 <= UW iterations OR => 0
3 => new call tree total iteration : 0
8 => new call tree total iteration : 0
1 => new call tree total iteration : 0
1 => Outcome : Correct
1 =>: 147 <= UW iterations OR => 0
6 => new call tree total iteration : 0
1 => new call tree total iteration : 0
5 => Outcome : ReachedBound
5 =>: 282 <= UW iterations OR => 0
5 => new call tree total iteration : 0
5 => Outcome : Correct
5 =>: 283 <= UW iterations OR => 0
5 => new call tree total iteration : 0
5 => Outcome : Correct
5 =>: 284 <= UW iterations OR => 0
5 => new call tree total iteration : 0
5 => Outcome : Correct
5 =>: 285 <= UW iterations OR => 0
5 => new call tree total iteration : 0
5 => Outcome : Correct
5 =>: 286 <= UW iterations OR => 0
5 => new call tree total iteration : 0
5 => Outcome : Correct
5 =>: 287 <= UW iterations OR => 0
5 => new call tree total iteration : 0
5 => Outcome : Correct
5 =>: 293 <= UW iterations OR => 0
5 => new call tree total iteration : 0
5 => Outcome : Correct
5 =>: 337 <= UW iterations OR => 0
5 => new call tree total iteration : 0
Verification Outcome : TIMEDOUT
Time Taken : 1E-06
Verifying Imapi_removelockrelease2_0.bpl.bpl
Corral program verifier version 1.0.0.0
Corral program verifier version 1.0.0.0
Corral program verifier version 1.0.0.0
Corral program verifier version 1.0.0.0
Corral program verifier version 1.0.0.0
http://localhost:5002/
Corral program verifier version 1.0.0.0
http://localhost:5002/
http://localhost:5002/
http://localhost:5002/
Corral program verifier version 1.0.0.0
http://localhost:5002/
http://localhost:5002/
Corral program verifier version 1.0.0.0
http://localhost:5002/
http://localhost:5002/
1 => Outcome : Correct
1 =>: 3 <= UW iterations OR => 0
2 => new call tree total iteration : 0
2 => Outcome : Correct
2 =>: 9 <= UW iterations OR => 0
3 => new call tree total iteration : 0
3 => Outcome : Correct
3 =>: 3 <= UW iterations OR => 0
5 => new call tree total iteration : 0
4 => new call tree total iteration : 0
5 => Outcome : Correct
5 =>: 13 <= UW iterations OR => 0
6 => new call tree total iteration : 0
4 => Outcome : Correct
4 =>: 5 <= UW iterations OR => 0
6 => Outcome : Correct
6 =>: 4 <= UW iterations OR => 0
7 => new call tree total iteration : 0
1 => new call tree total iteration : 0
3 => new call tree total iteration : 0
8 => new call tree total iteration : 0
7 => Outcome : Correct
7 =>: 3 <= UW iterations OR => 0
2 => new call tree total iteration : 0
5 => new call tree total iteration : 0
3 => Outcome : Correct
3 =>: 6 <= UW iterations OR => 0
5 => Outcome : Correct
5 =>: 15 <= UW iterations OR => 0
8 => Outcome : Correct
8 =>: 2 <= UW iterations OR => 0
4 => new call tree total iteration : 0
7 => new call tree total iteration : 0
3 => new call tree total iteration : 0
6 => new call tree total iteration : 0
4 => Outcome : Correct
4 =>: 8 <= UW iterations OR => 0
5 => new call tree total iteration : 0
5 => Outcome : Correct
5 =>: 16 <= UW iterations OR => 0
7 => Outcome : Correct
7 =>: 7 <= UW iterations OR => 0
3 => Outcome : Correct
3 =>: 7 <= UW iterations OR => 0
8 => new call tree total iteration : 0
8 => Outcome : Correct
8 =>: 4 <= UW iterations OR => 0
5 => new call tree total iteration : 0
5 => Outcome : Correct
5 =>: 17 <= UW iterations OR => 0
4 => new call tree total iteration : 0
7 => new call tree total iteration : 0
2 => Outcome : Correct
2 =>: 29 <= UW iterations OR => 0
1 => Outcome : Correct
1 =>: 25 <= UW iterations OR => 0
3 => new call tree total iteration : 0
8 => new call tree total iteration : 0
2 => new call tree total iteration : 0
5 => new call tree total iteration : 0
1 => new call tree total iteration : 0
7 => Outcome : Correct
7 =>: 78 <= UW iterations OR => 0
7 => new call tree total iteration : 0
4 => Outcome : Correct
4 =>: 70 <= UW iterations OR => 0
5 => Outcome : Correct
5 =>: 50 <= UW iterations OR => 0
4 => new call tree total iteration : 0
5 => new call tree total iteration : 0
4 => Outcome : Correct
4 =>: 74 <= UW iterations OR => 0
4 => new call tree total iteration : 0
1 => Outcome : Correct
1 =>: 107 <= UW iterations OR => 0
1 => new call tree total iteration : 0
7 => Outcome : Correct
7 =>: 110 <= UW iterations OR => 0
7 => new call tree total iteration : 0
8 => Outcome : Correct
8 =>: 132 <= UW iterations OR => 0
8 => new call tree total iteration : 0
1 => Outcome : Correct
1 =>: 170 <= UW iterations OR => 0
1 => new call tree total iteration : 0
3 => Outcome : Correct
3 =>: 115 <= UW iterations OR => 0
3 => new call tree total iteration : 0
2 => Outcome : Correct
2 =>: 177 <= UW iterations OR => 0
2 => new call tree total iteration : 0
5 => Outcome : Correct
5 =>: 194 <= UW iterations OR => 0
5 => new call tree total iteration : 0
4 => Outcome : Correct
4 =>: 235 <= UW iterations OR => 0
4 => new call tree total iteration : 0
8 => Outcome : Correct
8 =>: 290 <= UW iterations OR => 0
8 => new call tree total iteration : 0
1 => Outcome : Correct
1 =>: 384 <= UW iterations OR => 0
1 => new call tree total iteration : 0
1 => Outcome : Correct
1 =>: 396 <= UW iterations OR => 0
1 => new call tree total iteration : 0
6 => Outcome : Correct
6 =>: 602 <= UW iterations OR => 0
6 => new call tree total iteration : 0
6 => Outcome : Correct
6 =>: 613 <= UW iterations OR => 0
6 => new call tree total iteration : 0
3 => Outcome : Correct
3 =>: 388 <= UW iterations OR => 0
3 => new call tree total iteration : 0
5 => Outcome : Correct
5 =>: 508 <= UW iterations OR => 0
5 => new call tree total iteration : 0
2 => Outcome : Correct
2 =>: 542 <= UW iterations OR => 0
2 => new call tree total iteration : 0
Verification Outcome : TIMEDOUT
Time Taken : 1E-06
Verifying serial_markingqueuedirps_0.bpl.bpl
Corral program verifier version 1.0.0.0
Corral program verifier version 1.0.0.0
http://localhost:5002/
Corral program verifier version 1.0.0.0
Corral program verifier version 1.0.0.0
Corral program verifier version 1.0.0.0
Corral program verifier version 1.0.0.0
http://localhost:5002/
Corral program verifier version 1.0.0.0
http://localhost:5002/
Corral program verifier version 1.0.0.0
http://localhost:5002/
http://localhost:5002/
http://localhost:5002/
http://localhost:5002/
http://localhost:5002/
1 => Outcome : Correct
1 =>: 3 <= UW iterations OR => 0
3 => new call tree total iteration : 0
3 => Outcome : Correct
3 =>: 26 <= UW iterations OR => 0
2 => new call tree total iteration : 0
4 => new call tree total iteration : 0
4 => Outcome : Correct
4 =>: 4 <= UW iterations OR => 0
6 => new call tree total iteration : 0
6 => Outcome : Correct
6 =>: 1 <= UW iterations OR => 0
2 => Outcome : Correct
2 =>: 10 <= UW iterations OR => 0
5 => new call tree total iteration : 0
1 => new call tree total iteration : 0
7 => new call tree total iteration : 0
1 => Outcome : Correct
1 =>: 5 <= UW iterations OR => 0
8 => new call tree total iteration : 0
5 => Outcome : Correct
5 =>: 3 <= UW iterations OR => 0
8 => Outcome : Correct
8 =>: 2 <= UW iterations OR => 0
3 => new call tree total iteration : 0
4 => new call tree total iteration : 0
2 => new call tree total iteration : 0
4 => Outcome : Correct
4 =>: 5 <= UW iterations OR => 0
3 => Outcome : Correct
3 =>: 28 <= UW iterations OR => 0
1 => new call tree total iteration : 0
6 => new call tree total iteration : 0
6 => Outcome : Correct
6 =>: 2 <= UW iterations OR => 0
5 => new call tree total iteration : 0
4 => new call tree total iteration : 0
8 => new call tree total iteration : 0
6 => new call tree total iteration : 0
6 => Outcome : Correct
6 =>: 3 <= UW iterations OR => 0
4 => Outcome : Correct
4 =>: 17 <= UW iterations OR => 0
3 => new call tree total iteration : 0
5 => Outcome : Correct
5 =>: 18 <= UW iterations OR => 0
6 => new call tree total iteration : 0
6 => Outcome : Correct
6 =>: 4 <= UW iterations OR => 0
8 => Outcome : Correct
8 =>: 27 <= UW iterations OR => 0
4 => new call tree total iteration : 0
1 => Outcome : Correct
1 =>: 41 <= UW iterations OR => 0
2 => Outcome : Correct
2 =>: 30 <= UW iterations OR => 0
4 => Outcome : Correct
4 =>: 50 <= UW iterations OR => 0
5 => new call tree total iteration : 0
6 => new call tree total iteration : 0
8 => new call tree total iteration : 0
8 => Outcome : Correct
8 =>: 28 <= UW iterations OR => 0
1 => new call tree total iteration : 0
4 => new call tree total iteration : 0
2 => new call tree total iteration : 0
8 => new call tree total iteration : 0
7 => Outcome : Correct
7 =>: 52 <= UW iterations OR => 0
7 => new call tree total iteration : 0
7 => Outcome : Correct
7 =>: 53 <= UW iterations OR => 0
7 => new call tree total iteration : 0
7 => Outcome : Correct
7 =>: 56 <= UW iterations OR => 0
7 => new call tree total iteration : 0
4 => Outcome : ReachedBound
4 =>: 95 <= UW iterations OR => 0
2 => Outcome : ReachedBound
2 =>: 70 <= UW iterations OR => 0
1 => Outcome : ReachedBound
1 =>: 104 <= UW iterations OR => 0
4 => new call tree total iteration : 0
2 => new call tree total iteration : 0
4 => Outcome : Correct
4 =>: 104 <= UW iterations OR => 0
8 => Outcome : ReachedBound
8 =>: 94 <= UW iterations OR => 0
1 => new call tree total iteration : 0
2 => Outcome : Correct
2 =>: 81 <= UW iterations OR => 0
8 => new call tree total iteration : 0
4 => new call tree total iteration : 0
4 => Outcome : Correct
4 =>: 109 <= UW iterations OR => 0
2 => new call tree total iteration : 0
2 => Outcome : Correct
2 =>: 82 <= UW iterations OR => 0
1 => Outcome : Correct
1 =>: 126 <= UW iterations OR => 0
7 => Outcome : ReachedBound
7 =>: 115 <= UW iterations OR => 0
4 => new call tree total iteration : 0
2 => new call tree total iteration : 0
1 => new call tree total iteration : 0
1 => Outcome : Correct
1 =>: 127 <= UW iterations OR => 0
7 => new call tree total iteration : 0
6 => Outcome : ReachedBound
6 =>: 67 <= UW iterations OR => 0
6 => new call tree total iteration : 0
6 => Outcome : Correct
6 =>: 68 <= UW iterations OR => 0
1 => new call tree total iteration : 0
6 => new call tree total iteration : 0
6 => Outcome : Correct
6 =>: 69 <= UW iterations OR => 0
6 => new call tree total iteration : 0
6 => Outcome : Correct
6 =>: 70 <= UW iterations OR => 0
6 => new call tree total iteration : 0
6 => Outcome : Correct
6 =>: 71 <= UW iterations OR => 0
6 => new call tree total iteration : 0
Verification Outcome : TIMEDOUT
Time Taken : 1E-06
