Verifying hw_irqliopassive2_0.bpl.bpl
Corral program verifier version 1.0.0.0
Corral program verifier version 1.0.0.0
Corral program verifier version 1.0.0.0
Corral program verifier version 1.0.0.0
http://localhost:5002/
http://localhost:5002/
http://localhost:5002/
http://localhost:5002/
1 => changing to UW
1 => Outcome : Correct
1 =>: 3 <= UW iterations OR => 0
2 => new call tree total iteration : 2
2 => changing to UW
2 => Outcome : Correct
2 =>: 20 <= UW iterations OR => 0
3 => new call tree total iteration : 21
3 => changing to UW
3 => changing to UW
3 => changing to UW
4 => new call tree total iteration : 34
4 => changing to UW
4 => Outcome : Correct
4 =>: 1 <= UW iterations OR => 1
1 => new call tree total iteration : 36
1 => changing to UW
2 => new call tree total iteration : 35
2 => Outcome : Correct
2 =>: 20 <= UW iterations OR => 1
3 => changing to UW
4 => new call tree total iteration : 38
2 => new call tree total iteration : 39
1 => 38 iterations changed to => 37
1 => Outcome : Correct
1 =>: 4 <= UW iterations OR => 2
1 => new call tree total iteration : 41
1 => changing to UW
4 => changing to UW
2 => Outcome : Correct
2 =>: 20 <= UW iterations OR => 2
3 => changing to UW
2 => new call tree total iteration : 39
2 => changing to UW
3 => Outcome : Correct
3 =>: 17 <= UW iterations OR => 8
3 => new call tree total iteration : 40
3 => changing to UW
4 => changing to UW
2 => 46 iterations changed to => 42
2 => Outcome : Correct
2 =>: 26 <= UW iterations OR => 4
4 => changing to UW
1 => changing to UW
1 => changing to UW
3 => changing to UW
4 => changing to UW
1 => changing to UW
2 => new call tree total iteration : 53
2 => changing to UW
3 => changing to UW
4 => changing to UW
3 => 49 iterations changed to => 47
3 => changing to UW
1 => changing to UW
2 => 57 iterations changed to => 54
1 => changing to UW
4 => changing to UW
2 => changing to UW
1 => changing to UW
4 => changing to UW
2 => changing to UW
1 => changing to UW
2 => 62 iterations changed to => 60
2 => changing to UW
3 => changing to UW
1 => 66 iterations changed to => 64
1 => changing to UW
3 => 57 iterations changed to => 52
2 => changing to UW
4 => changing to UW
3 => changing to UW
1 => changing to UW
4 => changing to UW
2 => changing to UW
2 => changing to UW
3 => changing to UW
4 => 75 iterations changed to => 74
1 => changing to UW
2 => 69 iterations changed to => 68
4 => changing to UW
1 => 77 iterations changed to => 73
3 => changing to UW
3 => 59 iterations changed to => 57
3 => changing to UW
1 => changing to UW
3 => changing to UW
2 => changing to UW
3 => Outcome : ReachedBound
3 =>: 34 <= UW iterations OR => 21
4 => changing to UW
3 => new call tree total iteration : 56
1 => 81 iterations changed to => 80
1 => changing to UW
3 => 58 iterations changed to => 57
3 => changing to UW
4 => changing to UW
2 => changing to UW
1 => changing to UW
1 => 87 iterations changed to => 86
4 => changing to UW
2 => changing to UW
3 => changing to UW
3 => 62 iterations changed to => 61
1 => changing to UW
3 => changing to UW
2 => changing to UW
4 => changing to UW
2 => 84 iterations changed to => 83
3 => 72 iterations changed to => 71
1 => changing to UW
3 => changing to UW
3 => Outcome : ReachedBound
3 =>: 44 <= UW iterations OR => 32
4 => changing to UW
3 => new call tree total iteration : 64
3 => changing to UW
4 => changing to UW
3 => 69 iterations changed to => 65
2 => changing to UW
2 => 87 iterations changed to => 86
4 => changing to UW
1 => 96 iterations changed to => 95
3 => changing to UW
4 => changing to UW
4 => 112 iterations changed to => 110
4 => changing to UW
2 => changing to UW
3 => 71 iterations changed to => 70
3 => changing to UW
3 => changing to UW
4 => changing to UW
4 => changing to UW
1 => changing to UW
4 => 120 iterations changed to => 116
2 => changing to UW
3 => 77 iterations changed to => 76
3 => changing to UW
3 => Outcome : ReachedBound
3 =>: 58 <= UW iterations OR => 40
1 => 103 iterations changed to => 102
3 => new call tree total iteration : 55
3 => changing to UW
2 => changing to UW
3 => Outcome : Correct
3 =>: 64 <= UW iterations OR => 41
2 => changing to UW
3 => new call tree total iteration : 73
1 => changing to UW
2 => changing to UW
4 => 123 iterations changed to => 122
3 => 75 iterations changed to => 74
1 => changing to UW
2 => 101 iterations changed to => 100
1 => changing to UW
4 => changing to UW
3 => changing to UW
4 => 127 iterations changed to => 125
4 => changing to UW
3 => 78 iterations changed to => 77
3 => changing to UW
1 => 113 iterations changed to => 112
2 => changing to UW
2 => 105 iterations changed to => 104
3 => changing to UW
3 => 83 iterations changed to => 82
1 => changing to UW
3 => changing to UW
3 => 85 iterations changed to => 84
2 => 109 iterations changed to => 107
2 => changing to UW
2 => 108 iterations changed to => 102
2 => 103 iterations changed to => 96
2 => 97 iterations changed to => 91
2 => changing to UW
4 => 134 iterations changed to => 133
1 => 119 iterations changed to => 118
1 => changing to UW
2 => changing to UW
4 => 136 iterations changed to => 135
1 => 122 iterations changed to => 121
1 => changing to UW
2 => changing to UW
3 => changing to UW
1 => 123 iterations changed to => 114
1 => 115 iterations changed to => 108
1 => changing to UW
3 => 91 iterations changed to => 90
3 => changing to UW
1 => 109 iterations changed to => 104
3 => changing to UW
2 => 100 iterations changed to => 99
2 => changing to UW
3 => 95 iterations changed to => 94
1 => changing to UW
4 => changing to UW
2 => 102 iterations changed to => 95
2 => 96 iterations changed to => 92
2 => changing to UW
1 => 110 iterations changed to => 109
4 => changing to UW
3 => changing to UW
3 => 99 iterations changed to => 98
3 => changing to UW
1 => changing to UW
4 => changing to UW
1 => 113 iterations changed to => 111
3 => 104 iterations changed to => 103
2 => changing to UW
1 => 112 iterations changed to => 105
2 => changing to UW
1 => changing to UW
3 => 106 iterations changed to => 105
4 => changing to UW
3 => changing to UW
3 => 109 iterations changed to => 108
1 => changing to UW
2 => changing to UW
4 => 155 iterations changed to => 154
3 => 111 iterations changed to => 110
2 => 105 iterations changed to => 104
3 => 111 iterations changed to => 87
4 => changing to UW
3 => changing to UW
4 => 158 iterations changed to => 157
4 => 158 iterations changed to => 151
4 => changing to UW
3 => 91 iterations changed to => 90
4 => 153 iterations changed to => 148
4 => 149 iterations changed to => 144
4 => 145 iterations changed to => 141
4 => 142 iterations changed to => 137
4 => changing to UW
3 => changing to UW
4 => changing to UW
1 => 117 iterations changed to => 116
3 => 94 iterations changed to => 93
3 => changing to UW
4 => changing to UW
2 => 109 iterations changed to => 108
1 => 119 iterations changed to => 118
2 => 110 iterations changed to => 106
2 => 107 iterations changed to => 101
1 => changing to UW
2 => 102 iterations changed to => 98
2 => 99 iterations changed to => 95
2 => 96 iterations changed to => 93
2 => changing to UW
1 => changing to UW
2 => changing to UW
3 => changing to UW
1 => 125 iterations changed to => 123
1 => 124 iterations changed to => 120
1 => 121 iterations changed to => 114
1 => changing to UW
1 => 115 iterations changed to => 112
1 => 113 iterations changed to => 109
1 => 110 iterations changed to => 106
4 => changing to UW
2 => changing to UW
3 => changing to UW
3 => 104 iterations changed to => 103
3 => changing to UW
4 => changing to UW
2 => 107 iterations changed to => 106
1 => 111 iterations changed to => 110
1 => changing to UW
3 => 108 iterations changed to => 107
3 => changing to UW
2 => changing to UW
4 => changing to UW
1 => 113 iterations changed to => 107
4 => 158 iterations changed to => 156
4 => changing to UW
3 => 110 iterations changed to => 99
3 => 100 iterations changed to => 97
3 => changing to UW
2 => changing to UW
1 => changing to UW
2 => changing to UW
2 => 114 iterations changed to => 113
1 => 113 iterations changed to => 112
2 => 115 iterations changed to => 109
2 => changing to UW
2 => 110 iterations changed to => 104
3 => changing to UW
3 => 103 iterations changed to => 102
1 => changing to UW
2 => 106 iterations changed to => 105
2 => changing to UW
4 => 162 iterations changed to => 161
4 => 164 iterations changed to => 163
4 => changing to UW
1 => changing to UW
3 => changing to UW
4 => 166 iterations changed to => 159
4 => 160 iterations changed to => 152
4 => changing to UW
1 => changing to UW
4 => 155 iterations changed to => 149
4 => 150 iterations changed to => 146
4 => changing to UW
3 => changing to UW
1 => changing to UW
4 => 150 iterations changed to => 147
4 => changing to UW
2 => changing to UW
2 => 114 iterations changed to => 111
4 => 149 iterations changed to => 143
2 => 112 iterations changed to => 108
1 => 127 iterations changed to => 121
1 => changing to UW
3 => changing to UW
1 => 122 iterations changed to => 118
3 => 113 iterations changed to => 112
1 => 119 iterations changed to => 114
1 => 115 iterations changed to => 108
3 => 114 iterations changed to => 106
3 => 107 iterations changed to => 104
3 => changing to UW
3 => 105 iterations changed to => 98
2 => changing to UW
2 => 110 iterations changed to => 109
3 => 102 iterations changed to => 101
2 => changing to UW
2 => 113 iterations changed to => 112
3 => changing to UW
1 => 113 iterations changed to => 112
3 => changing to UW
1 => 114 iterations changed to => 109
1 => changing to UW
2 => 115 iterations changed to => 114
2 => 115 iterations changed to => 96
2 => 97 iterations changed to => 94
2 => 95 iterations changed to => 89
2 => 90 iterations changed to => 78
2 => Outcome : ReachedBound
2 =>: 90 <= UW iterations OR => 97
1 => changing to UW
3 => changing to UW
4 => changing to UW
3 => changing to UW
2 => new call tree total iteration : 81
3 => 117 iterations changed to => 108
3 => 109 iterations changed to => 105
2 => changing to UW
2 => 85 iterations changed to => 82
4 => 154 iterations changed to => 153
2 => changing to UW
3 => 107 iterations changed to => 106
3 => changing to UW
2 => changing to UW
2 => 90 iterations changed to => 86
2 => changing to UW
3 => 110 iterations changed to => 109
1 => changing to UW
2 => changing to UW
2 => 93 iterations changed to => 90
2 => changing to UW
2 => changing to UW
3 => 112 iterations changed to => 111
1 => 125 iterations changed to => 123
1 => 124 iterations changed to => 119
1 => 120 iterations changed to => 117
1 => 118 iterations changed to => 115
1 => changing to UW
1 => 116 iterations changed to => 112
3 => Outcome : ReachedBound
3 =>: 118 <= UW iterations OR => 117
1 => 114 iterations changed to => 113
1 => changing to UW
4 => 162 iterations changed to => 161
4 => 162 iterations changed to => 158
4 => 159 iterations changed to => 155
4 => 156 iterations changed to => 149
3 => new call tree total iteration : 89
2 => changing to UW
4 => 151 iterations changed to => 150
3 => 91 iterations changed to => 90
1 => changing to UW
1 => 120 iterations changed to => 119
1 => changing to UW
3 => changing to UW
2 => 102 iterations changed to => 101
2 => changing to UW
1 => changing to UW
3 => 96 iterations changed to => 95
3 => changing to UW
4 => changing to UW
2 => 105 iterations changed to => 104
3 => changing to UW
1 => 125 iterations changed to => 123
3 => 101 iterations changed to => 99
2 => changing to UW
3 => changing to UW
4 => changing to UW
2 => changing to UW
1 => 126 iterations changed to => 124
1 => changing to UW
1 => 125 iterations changed to => 116
3 => 103 iterations changed to => 102
1 => 117 iterations changed to => 97
1 => 98 iterations changed to => 93
1 => changing to UW
1 => 94 iterations changed to => 89
1 => changing to UW
1 => 92 iterations changed to => 91
4 => 162 iterations changed to => 161
4 => changing to UW
3 => 105 iterations changed to => 104
4 => 165 iterations changed to => 157
4 => 158 iterations changed to => 153
1 => 94 iterations changed to => 93
1 => changing to UW
4 => 155 iterations changed to => 154
4 => changing to UW
3 => changing to UW
3 => changing to UW
4 => changing to UW
3 => changing to UW
1 => changing to UW
4 => 159 iterations changed to => 157
1 => changing to UW
1 => 101 iterations changed to => 100
3 => changing to UW
4 => changing to UW
1 => changing to UW
2 => changing to UW
2 => 122 iterations changed to => 121
3 => 118 iterations changed to => 117
1 => changing to UW
1 => 105 iterations changed to => 104
4 => 162 iterations changed to => 161
3 => changing to UW
1 => changing to UW
2 => 124 iterations changed to => 123
4 => 163 iterations changed to => 146
3 => changing to UW
4 => 147 iterations changed to => 144
4 => changing to UW
3 => 125 iterations changed to => 122
4 => 146 iterations changed to => 139
4 => 140 iterations changed to => 131
4 => changing to UW
4 => 133 iterations changed to => 129
4 => changing to UW
3 => changing to UW
4 => 131 iterations changed to => 130
4 => changing to UW
3 => 125 iterations changed to => 111
2 => 126 iterations changed to => 125
3 => 112 iterations changed to => 106
3 => changing to UW
1 => changing to UW
1 => 114 iterations changed to => 113
2 => 127 iterations changed to => 117
2 => 118 iterations changed to => 114
2 => 115 iterations changed to => 111
3 => changing to UW
2 => 112 iterations changed to => 107
2 => changing to UW
1 => changing to UW
4 => 134 iterations changed to => 133
3 => changing to UW
1 => changing to UW
1 => 117 iterations changed to => 116
2 => changing to UW
1 => 118 iterations changed to => 109
1 => 110 iterations changed to => 96
1 => changing to UW
4 => 136 iterations changed to => 135
1 => 99 iterations changed to => 98
4 => changing to UW
1 => changing to UW
3 => changing to UW
4 => changing to UW
1 => changing to UW
2 => changing to UW
1 => 107 iterations changed to => 105
4 => changing to UW
4 => changing to UW
3 => 121 iterations changed to => 120
1 => changing to UW
1 => 108 iterations changed to => 107
4 => 146 iterations changed to => 145
1 => 109 iterations changed to => 101
3 => 123 iterations changed to => 122
2 => changing to UW
1 => changing to UW
3 => changing to UW
2 => changing to UW
1 => changing to UW
4 => changing to UW
2 => 123 iterations changed to => 122
4 => 151 iterations changed to => 150
1 => changing to UW
1 => 107 iterations changed to => 106
3 => 126 iterations changed to => 125
2 => changing to UW
1 => 109 iterations changed to => 108
1 => changing to UW
4 => 153 iterations changed to => 152
3 => 128 iterations changed to => 127
4 => changing to UW
1 => changing to UW
2 => 128 iterations changed to => 127
4 => changing to UW
4 => 161 iterations changed to => 156
3 => 130 iterations changed to => 129
4 => changing to UW
1 => 114 iterations changed to => 113
3 => 131 iterations changed to => 118
3 => 119 iterations changed to => 116
1 => changing to UW
3 => 117 iterations changed to => 113
3 => 114 iterations changed to => 110
3 => changing to UW
4 => changing to UW
4 => 163 iterations changed to => 159
4 => 160 iterations changed to => 147
4 => changing to UW
2 => changing to UW
4 => 149 iterations changed to => 141
1 => 117 iterations changed to => 116
1 => changing to UW
4 => 142 iterations changed to => 138
4 => changing to UW
4 => 140 iterations changed to => 139
2 => 135 iterations changed to => 131
2 => 132 iterations changed to => 129
1 => changing to UW
2 => 130 iterations changed to => 124
2 => 125 iterations changed to => 118
2 => 119 iterations changed to => 116
1 => 120 iterations changed to => 119
2 => 118 iterations changed to => 117
3 => 117 iterations changed to => 116
1 => changing to UW
1 => 122 iterations changed to => 121
1 => 122 iterations changed to => 111
4 => 144 iterations changed to => 143
1 => 112 iterations changed to => 102
1 => changing to UW
3 => changing to UW
1 => 105 iterations changed to => 104
3 => 122 iterations changed to => 121
3 => changing to UW
2 => 124 iterations changed to => 123
2 => changing to UW
1 => 107 iterations changed to => 106
1 => changing to UW
4 => changing to UW
4 => 150 iterations changed to => 148
2 => changing to UW
3 => 125 iterations changed to => 124
4 => changing to UW
1 => changing to UW
4 => 152 iterations changed to => 151
2 => 131 iterations changed to => 130
1 => 114 iterations changed to => 113
2 => 131 iterations changed to => 126
2 => 127 iterations changed to => 120
4 => changing to UW
3 => changing to UW
4 => 155 iterations changed to => 154
4 => changing to UW
2 => changing to UW
2 => 124 iterations changed to => 122
3 => 130 iterations changed to => 128
1 => 116 iterations changed to => 115
1 => changing to UW
3 => changing to UW
4 => 158 iterations changed to => 157
1 => 118 iterations changed to => 117
3 => 132 iterations changed to => 129
3 => changing to UW
4 => 158 iterations changed to => 145
4 => changing to UW
3 => 131 iterations changed to => 126
3 => changing to UW
2 => changing to UW
4 => 147 iterations changed to => 141
2 => 128 iterations changed to => 127
3 => 128 iterations changed to => 127
3 => changing to UW
3 => 128 iterations changed to => 118
3 => 119 iterations changed to => 113
3 => changing to UW
1 => 121 iterations changed to => 120
2 => changing to UW
3 => 116 iterations changed to => 111
4 => changing to UW
1 => changing to UW
1 => 123 iterations changed to => 122
3 => changing to UW
1 => 123 iterations changed to => 110
4 => changing to UW
2 => 133 iterations changed to => 130
2 => changing to UW
4 => 147 iterations changed to => 145
2 => 131 iterations changed to => 124
3 => 117 iterations changed to => 115
1 => changing to UW
1 => 112 iterations changed to => 111
4 => changing to UW
2 => 126 iterations changed to => 125
1 => changing to UW
4 => 149 iterations changed to => 147
3 => 117 iterations changed to => 116
2 => 128 iterations changed to => 127
4 => 148 iterations changed to => 142
1 => changing to UW
3 => 118 iterations changed to => 117
3 => changing to UW
4 => changing to UW
1 => changing to UW
4 => 145 iterations changed to => 143
1 => 117 iterations changed to => 116
3 => 121 iterations changed to => 112
2 => 130 iterations changed to => 129
2 => 130 iterations changed to => 113
2 => 114 iterations changed to => 111
2 => changing to UW
2 => 113 iterations changed to => 108
2 => changing to UW
1 => 118 iterations changed to => 113
1 => changing to UW
2 => 110 iterations changed to => 96
2 => 97 iterations changed to => 94
1 => 115 iterations changed to => 114
1 => changing to UW
3 => changing to UW
2 => 96 iterations changed to => 95
4 => changing to UW
2 => changing to UW
4 => changing to UW
1 => 119 iterations changed to => 118
4 => 150 iterations changed to => 148
2 => 101 iterations changed to => 100
3 => changing to UW
2 => changing to UW
4 => changing to UW
2 => 104 iterations changed to => 103
2 => changing to UW
4 => 152 iterations changed to => 150
1 => changing to UW
4 => changing to UW
1 => 123 iterations changed to => 120
3 => 124 iterations changed to => 123
4 => 153 iterations changed to => 152
3 => changing to UW
2 => changing to UW
2 => 113 iterations changed to => 109
2 => changing to UW
1 => 124 iterations changed to => 123
3 => 129 iterations changed to => 128
4 => 157 iterations changed to => 156
4 => changing to UW
1 => 125 iterations changed to => 121
2 => changing to UW
2 => 119 iterations changed to => 116
4 => 159 iterations changed to => 158
1 => 123 iterations changed to => 122
1 => changing to UW
2 => changing to UW
3 => changing to UW
2 => 120 iterations changed to => 118
3 => 134 iterations changed to => 132
3 => 133 iterations changed to => 130
3 => 131 iterations changed to => 126
3 => changing to UW
3 => 127 iterations changed to => 118
3 => 119 iterations changed to => 116
3 => 117 iterations changed to => 113
3 => changing to UW
1 => 126 iterations changed to => 125
1 => changing to UW
4 => 162 iterations changed to => 160
2 => 121 iterations changed to => 120
1 => Outcome : ReachedBound
1 =>: 144 <= UW iterations OR => 223
2 => 123 iterations changed to => 122
4 => 162 iterations changed to => 161
4 => 162 iterations changed to => 154
4 => 155 iterations changed to => 145
4 => changing to UW
2 => 123 iterations changed to => 114
2 => changing to UW
2 => 115 iterations changed to => 106
1 => new call tree total iteration : 95
1 => Outcome : ReachedBound
1 =>: 144 <= UW iterations OR => 224
4 => 148 iterations changed to => 147
4 => changing to UW
3 => 120 iterations changed to => 119
2 => 109 iterations changed to => 108
4 => 151 iterations changed to => 150
4 => changing to UW
3 => changing to UW
1 => new call tree total iteration : 107
1 => changing to UW
2 => changing to UW
1 => 109 iterations changed to => 108
4 => 154 iterations changed to => 153
2 => 114 iterations changed to => 113
3 => changing to UW
2 => changing to UW
1 => changing to UW
1 => 112 iterations changed to => 110
3 => changing to UW
1 => changing to UW
2 => 117 iterations changed to => 116
2 => changing to UW
3 => 129 iterations changed to => 128
1 => 115 iterations changed to => 114
1 => changing to UW
2 => changing to UW
2 => 120 iterations changed to => 119
2 => changing to UW
3 => changing to UW
4 => 157 iterations changed to => 155
2 => 124 iterations changed to => 123
4 => changing to UW
3 => 133 iterations changed to => 132
1 => changing to UW
1 => 124 iterations changed to => 120
1 => changing to UW
4 => changing to UW
1 => changing to UW
1 => 125 iterations changed to => 124
4 => 163 iterations changed to => 162
2 => changing to UW
3 => 135 iterations changed to => 134
1 => changing to UW
2 => 132 iterations changed to => 127
1 => 128 iterations changed to => 127
3 => 135 iterations changed to => 130
3 => changing to UW
3 => 131 iterations changed to => 125
3 => 126 iterations changed to => 121
4 => changing to UW
2 => changing to UW
3 => 122 iterations changed to => 117
3 => 118 iterations changed to => 115
1 => 130 iterations changed to => 129
4 => 165 iterations changed to => 163
3 => changing to UW
4 => 164 iterations changed to => 159
4 => 160 iterations changed to => 156
4 => changing to UW
2 => changing to UW
2 => 133 iterations changed to => 132
1 => 132 iterations changed to => 131
1 => changing to UW
4 => changing to UW
4 => 160 iterations changed to => 157
3 => 120 iterations changed to => 119
2 => 134 iterations changed to => 129
4 => changing to UW
2 => 130 iterations changed to => 125
1 => changing to UW
1 => 136 iterations changed to => 134
1 => changing to UW
2 => 126 iterations changed to => 110
2 => changing to UW
2 => 112 iterations changed to => 111
2 => changing to UW
3 => 122 iterations changed to => 121
3 => changing to UW
3 => 123 iterations changed to => 116
3 => changing to UW
1 => 137 iterations changed to => 136
4 => changing to UW
4 => 162 iterations changed to => 161
3 => 119 iterations changed to => 118
2 => changing to UW
3 => changing to UW
4 => 163 iterations changed to => 159
4 => changing to UW
4 => 160 iterations changed to => 119
4 => 120 iterations changed to => 100
1 => changing to UW
2 => 117 iterations changed to => 116
1 => 140 iterations changed to => 138
1 => changing to UW
4 => changing to UW
3 => 122 iterations changed to => 121
2 => 117 iterations changed to => 114
1 => 141 iterations changed to => 140
3 => changing to UW
4 => changing to UW
2 => changing to UW
2 => 117 iterations changed to => 115
3 => changing to UW
2 => changing to UW
4 => changing to UW
2 => changing to UW
3 => 128 iterations changed to => 127
1 => 145 iterations changed to => 144
1 => changing to UW
3 => 128 iterations changed to => 124
1 => 146 iterations changed to => 142
1 => changing to UW
2 => changing to UW
2 => 123 iterations changed to => 121
4 => changing to UW
4 => 118 iterations changed to => 117
1 => changing to UW
3 => changing to UW
3 => 127 iterations changed to => 126
1 => 146 iterations changed to => 144
2 => 124 iterations changed to => 123
4 => 120 iterations changed to => 119
4 => changing to UW
3 => changing to UW
1 => 146 iterations changed to => 145
1 => 146 iterations changed to => 117
3 => changing to UW
3 => 130 iterations changed to => 129
2 => changing to UW
4 => changing to UW
4 => 124 iterations changed to => 122
1 => changing to UW
1 => 121 iterations changed to => 118
1 => changing to UW
2 => changing to UW
3 => 132 iterations changed to => 131
4 => 125 iterations changed to => 124
4 => changing to UW
2 => 129 iterations changed to => 128
1 => 122 iterations changed to => 120
2 => changing to UW
3 => changing to UW
1 => changing to UW
2 => 131 iterations changed to => 125
2 => 126 iterations changed to => 118
2 => changing to UW
4 => 128 iterations changed to => 127
4 => changing to UW
2 => 121 iterations changed to => 119
1 => 124 iterations changed to => 123
2 => changing to UW
3 => 136 iterations changed to => 135
3 => changing to UW
2 => 123 iterations changed to => 121
4 => changing to UW
3 => 139 iterations changed to => 133
3 => Outcome : ReachedBound
3 =>: 188 <= UW iterations OR => 281
4 => changing to UW
1 => 126 iterations changed to => 125
1 => changing to UW
2 => changing to UW
4 => changing to UW
3 => new call tree total iteration : 101
3 => Outcome : ReachedBound
3 =>: 188 <= UW iterations OR => 282
4 => changing to UW
2 => 128 iterations changed to => 127
2 => changing to UW
1 => 134 iterations changed to => 133
4 => changing to UW
3 => new call tree total iteration : 105
3 => Outcome : ReachedBound
3 =>: 188 <= UW iterations OR => 283
1 => 136 iterations changed to => 135
4 => changing to UW
1 => changing to UW
4 => 150 iterations changed to => 145
2 => 133 iterations changed to => 132
4 => 146 iterations changed to => 142
4 => changing to UW
4 => 143 iterations changed to => 138
4 => 139 iterations changed to => 134
4 => changing to UW
1 => 139 iterations changed to => 138
2 => 135 iterations changed to => 134
1 => changing to UW
4 => changing to UW
3 => new call tree total iteration : 110
3 => Outcome : ReachedBound
3 =>: 188 <= UW iterations OR => 284
2 => 135 iterations changed to => 129
4 => 143 iterations changed to => 142
2 => changing to UW
4 => changing to UW
2 => 132 iterations changed to => 130
1 => 144 iterations changed to => 143
2 => 132 iterations changed to => 131
2 => changing to UW
3 => new call tree total iteration : 114
3 => Outcome : ReachedBound
3 =>: 188 <= UW iterations OR => 285
1 => 146 iterations changed to => 145
4 => 150 iterations changed to => 148
4 => 149 iterations changed to => 145
4 => 146 iterations changed to => 139
4 => 140 iterations changed to => 135
4 => Outcome : ReachedBound
4 =>: 161 <= UW iterations OR => 329
2 => changing to UW
2 => 135 iterations changed to => 134
2 => 135 iterations changed to => 133
1 => 148 iterations changed to => 146
1 => 147 iterations changed to => 141
1 => changing to UW
1 => 143 iterations changed to => 142
1 => changing to UW
2 => 135 iterations changed to => 134
2 => changing to UW
2 => 137 iterations changed to => 123
1 => 145 iterations changed to => 144
2 => changing to UW
1 => changing to UW
3 => new call tree total iteration : 130
3 => changing to UW
4 => new call tree total iteration : 128
2 => 126 iterations changed to => 124
2 => changing to UW
1 => 147 iterations changed to => 146
1 => changing to UW
2 => 128 iterations changed to => 125
1 => 149 iterations changed to => 148
2 => Outcome : ReachedBound
2 =>: 189 <= UW iterations OR => 312
3 => changing to UW
4 => changing to UW
4 => 133 iterations changed to => 131
1 => 150 iterations changed to => 149
1 => 150 iterations changed to => 131
1 => changing to UW
3 => changing to UW
3 => 141 iterations changed to => 139
4 => 134 iterations changed to => 133
1 => 133 iterations changed to => 132
1 => Outcome : ReachedBound
1 =>: 182 <= UW iterations OR => 312
3 => changing to UW
4 => 136 iterations changed to => 135
3 => 143 iterations changed to => 142
4 => 138 iterations changed to => 137
2 => new call tree total iteration : 131
2 => changing to UW
3 => 145 iterations changed to => 144
4 => 140 iterations changed to => 139
4 => 142 iterations changed to => 141
1 => new call tree total iteration : 132
3 => changing to UW
4 => changing to UW
4 => 145 iterations changed to => 144
3 => 150 iterations changed to => 149
3 => changing to UW
1 => 134 iterations changed to => 133
2 => changing to UW
1 => changing to UW
3 => 153 iterations changed to => 152
4 => 148 iterations changed to => 146
3 => changing to UW
4 => changing to UW
4 => 148 iterations changed to => 129
3 => 155 iterations changed to => 146
3 => 147 iterations changed to => 134
2 => 140 iterations changed to => 139
1 => changing to UW
3 => Outcome : ReachedBound
3 =>: 200 <= UW iterations OR => 306
1 => 137 iterations changed to => 136
1 => changing to UW
1 => 139 iterations changed to => 138
2 => changing to UW
2 => 143 iterations changed to => 141
1 => changing to UW
4 => 131 iterations changed to => 130
4 => changing to UW
4 => 132 iterations changed to => 131
1 => 142 iterations changed to => 141
2 => 144 iterations changed to => 143
4 => changing to UW
1 => 144 iterations changed to => 143
1 => changing to UW
2 => 147 iterations changed to => 145
4 => changing to UW
2 => 146 iterations changed to => 136
4 => 138 iterations changed to => 136
2 => 137 iterations changed to => 134
4 => changing to UW
3 => new call tree total iteration : 132
3 => changing to UW
1 => changing to UW
2 => 136 iterations changed to => 135
1 => 147 iterations changed to => 146
4 => changing to UW
1 => Outcome : ReachedBound
1 =>: 188 <= UW iterations OR => 328
2 => 138 iterations changed to => 137
4 => changing to UW
4 => 143 iterations changed to => 141
2 => 140 iterations changed to => 139
2 => changing to UW
2 => changing to UW
2 => 143 iterations changed to => 142
2 => changing to UW
3 => changing to UW
4 => 145 iterations changed to => 144
2 => changing to UW
2 => 148 iterations changed to => 145
1 => new call tree total iteration : 133
1 => changing to UW
2 => Outcome : ReachedBound
2 =>: 199 <= UW iterations OR => 344
4 => changing to UW
3 => 140 iterations changed to => 139
3 => changing to UW
1 => 136 iterations changed to => 134
1 => changing to UW
4 => 149 iterations changed to => 148
4 => changing to UW
1 => 136 iterations changed to => 135
3 => 143 iterations changed to => 142
3 => changing to UW
4 => 151 iterations changed to => 150
3 => changing to UW
3 => 147 iterations changed to => 144
1 => 137 iterations changed to => 136
4 => 153 iterations changed to => 152
4 => changing to UW
4 => 154 iterations changed to => 145
4 => 146 iterations changed to => 142
4 => 143 iterations changed to => 138
1 => 138 iterations changed to => 137
2 => new call tree total iteration : 133
4 => 140 iterations changed to => 139
4 => changing to UW
3 => changing to UW
3 => 150 iterations changed to => 147
3 => 148 iterations changed to => 145
3 => 146 iterations changed to => 135
1 => 139 iterations changed to => 138
3 => 136 iterations changed to => 134
4 => 142 iterations changed to => 141
3 => changing to UW
3 => 136 iterations changed to => 135
1 => 140 iterations changed to => 139
2 => changing to UW
2 => 135 iterations changed to => 134
1 => changing to UW
3 => 137 iterations changed to => 136
3 => changing to UW
4 => changing to UW
3 => changing to UW
1 => 143 iterations changed to => 142
3 => 140 iterations changed to => 139
2 => changing to UW
1 => changing to UW
4 => 148 iterations changed to => 147
4 => changing to UW
1 => 145 iterations changed to => 144
2 => 141 iterations changed to => 140
3 => 141 iterations changed to => 140
4 => 150 iterations changed to => 149
3 => changing to UW
4 => changing to UW
1 => 147 iterations changed to => 146
3 => 143 iterations changed to => 142
3 => changing to UW
2 => 143 iterations changed to => 142
4 => 153 iterations changed to => 151
4 => 152 iterations changed to => 144
4 => 145 iterations changed to => 142
3 => 146 iterations changed to => 145
2 => 145 iterations changed to => 144
2 => changing to UW
1 => 149 iterations changed to => 148
2 => 146 iterations changed to => 137
2 => 138 iterations changed to => 135
3 => changing to UW
4 => 144 iterations changed to => 143
1 => 150 iterations changed to => 149
1 => changing to UW
3 => 148 iterations changed to => 147
3 => Outcome : ReachedBound
3 =>: 217 <= UW iterations OR => 336
2 => 137 iterations changed to => 136
1 => Outcome : ReachedBound
1 =>: 194 <= UW iterations OR => 352
4 => changing to UW
4 => Outcome : ReachedBound
4 =>: 182 <= UW iterations OR => 402
2 => Outcome : ReachedBound
2 =>: 202 <= UW iterations OR => 364
3 => new call tree total iteration : 140
1 => new call tree total iteration : 145
4 => new call tree total iteration : 138
1 => changing to UW
1 => Outcome : ReachedBound
1 =>: 195 <= UW iterations OR => 353
3 => Outcome : ReachedBound
3 =>: 217 <= UW iterations OR => 338
4 => Outcome : ReachedBound
4 =>: 182 <= UW iterations OR => 404
2 => new call tree total iteration : 146
2 => changing to UW
1 => new call tree total iteration : 141
2 => Outcome : ReachedBound
2 =>: 203 <= UW iterations OR => 365
1 => 144 iterations changed to => 143
1 => changing to UW
3 => new call tree total iteration : 139
3 => changing to UW
1 => Outcome : ReachedBound
1 =>: 196 <= UW iterations OR => 357
4 => new call tree total iteration : 147
3 => Outcome : ReachedBound
3 =>: 218 <= UW iterations OR => 339
2 => new call tree total iteration : 142
4 => Outcome : ReachedBound
4 =>: 182 <= UW iterations OR => 406
2 => changing to UW
2 => 146 iterations changed to => 145
2 => Outcome : ReachedBound
2 =>: 205 <= UW iterations OR => 368
1 => new call tree total iteration : 140
3 => new call tree total iteration : 148
1 => changing to UW
1 => 143 iterations changed to => 142
4 => new call tree total iteration : 143
1 => Outcome : ReachedBound
1 =>: 197 <= UW iterations OR => 360
3 => Outcome : ReachedBound
3 =>: 218 <= UW iterations OR => 341
4 => Outcome : ReachedBound
4 =>: 182 <= UW iterations OR => 408
2 => new call tree total iteration : 141
1 => new call tree total iteration : 149
3 => new call tree total iteration : 144
3 => changing to UW
2 => 143 iterations changed to => 142
3 => Outcome : ReachedBound
3 =>: 219 <= UW iterations OR => 342
1 => changing to UW
1 => Outcome : ReachedBound
1 =>: 198 <= UW iterations OR => 361
2 => Outcome : ReachedBound
2 =>: 205 <= UW iterations OR => 372
4 => new call tree total iteration : 145
3 => new call tree total iteration : 150
4 => Outcome : ReachedBound
4 =>: 182 <= UW iterations OR => 410
3 => Outcome : ReachedBound
3 =>: 219 <= UW iterations OR => 343
1 => new call tree total iteration : 146
1 => changing to UW
1 => Outcome : ReachedBound
1 =>: 199 <= UW iterations OR => 362
2 => new call tree total iteration : 147
2 => Outcome : ReachedBound
2 =>: 205 <= UW iterations OR => 373
2 => new call tree total iteration : 148
2 => changing to UW
3 => new call tree total iteration : 151
1 => new call tree total iteration : 148
4 => new call tree total iteration : 147
Verification Outcome : OK
Time Taken : 2599.350273
Verifying sys_zwregistrycreate_0.bpl.bpl
Corral program verifier version 1.0.0.0
Corral program verifier version 1.0.0.0
Corral program verifier version 1.0.0.0
Corral program verifier version 1.0.0.0
http://localhost:5002/
http://localhost:5002/
http://localhost:5002/
http://localhost:5002/
1 => changing to UW
1 => Outcome : Correct
1 =>: 3 <= UW iterations OR => 0
2 => new call tree total iteration : 2
2 => changing to UW
2 => Outcome : Correct
2 =>: 16 <= UW iterations OR => 0
3 => new call tree total iteration : 17
3 => changing to UW
3 => changing to UW
3 => Outcome : Correct
3 =>: 8 <= UW iterations OR => 3
4 => new call tree total iteration : 21
4 => changing to UW
4 => Outcome : Correct
4 =>: 1 <= UW iterations OR => 1
1 => new call tree total iteration : 22
1 => changing to UW
2 => new call tree total iteration : 23
2 => changing to UW
2 => Outcome : Correct
2 =>: 17 <= UW iterations OR => 0
1 => changing to UW
1 => Outcome : Correct
1 =>: 9 <= UW iterations OR => 1
3 => new call tree total iteration : 28
3 => changing to UW
3 => Outcome : Correct
3 =>: 10 <= UW iterations OR => 3
4 => new call tree total iteration : 29
4 => changing to UW
4 => Outcome : Correct
4 =>: 3 <= UW iterations OR => 1
2 => new call tree total iteration : 30
2 => changing to UW
1 => new call tree total iteration : 32
1 => changing to UW
2 => changing to UW
2 => Outcome : Correct
2 =>: 20 <= UW iterations OR => 1
1 => changing to UW
1 => Outcome : Correct
1 =>: 11 <= UW iterations OR => 3
3 => new call tree total iteration : 33
4 => new call tree total iteration : 34
4 => changing to UW
4 => Outcome : Correct
4 =>: 4 <= UW iterations OR => 2
2 => new call tree total iteration : 35
2 => changing to UW
3 => Outcome : Correct
3 =>: 10 <= UW iterations OR => 5
1 => new call tree total iteration : 34
1 => changing to UW
1 => Outcome : Correct
1 =>: 13 <= UW iterations OR => 3
2 => Outcome : Correct
2 =>: 21 <= UW iterations OR => 2
4 => new call tree total iteration : 36
4 => changing to UW
3 => new call tree total iteration : 35
3 => changing to UW
4 => Outcome : Correct
4 =>: 6 <= UW iterations OR => 2
1 => new call tree total iteration : 37
1 => changing to UW
1 => Outcome : Correct
1 =>: 14 <= UW iterations OR => 3
2 => new call tree total iteration : 37
2 => changing to UW
4 => new call tree total iteration : 40
4 => changing to UW
4 => 42 iterations changed to => 41
4 => changing to UW
1 => new call tree total iteration : 38
1 => changing to UW
3 => 44 iterations changed to => 42
3 => changing to UW
1 => changing to UW
4 => changing to UW
2 => 42 iterations changed to => 41
2 => changing to UW
2 => Outcome : Correct
2 =>: 28 <= UW iterations OR => 4
1 => changing to UW
3 => Outcome : Correct
3 =>: 20 <= UW iterations OR => 7
2 => new call tree total iteration : 40
2 => changing to UW
4 => changing to UW
4 => changing to UW
2 => changing to UW
1 => changing to UW
2 => Outcome : Correct
2 =>: 41 <= UW iterations OR => 6
1 => changing to UW
4 => changing to UW
3 => new call tree total iteration : 60
2 => new call tree total iteration : 58
2 => changing to UW
4 => 62 iterations changed to => 61
4 => changing to UW
4 => Outcome : Correct
4 =>: 22 <= UW iterations OR => 10
4 => new call tree total iteration : 60
4 => changing to UW
4 => Outcome : Correct
4 =>: 23 <= UW iterations OR => 10
1 => Outcome : Correct
1 =>: 33 <= UW iterations OR => 10
4 => new call tree total iteration : 59
1 => new call tree total iteration : 61
1 => changing to UW
2 => Outcome : Correct
2 =>: 42 <= UW iterations OR => 7
3 => Outcome : Correct
3 =>: 20 <= UW iterations OR => 10
2 => new call tree total iteration : 62
2 => changing to UW
4 => changing to UW
4 => 62 iterations changed to => 61
3 => new call tree total iteration : 63
3 => changing to UW
2 => 67 iterations changed to => 66
2 => Outcome : Correct
2 =>: 45 <= UW iterations OR => 10
2 => new call tree total iteration : 64
2 => changing to UW
2 => 67 iterations changed to => 66
3 => 67 iterations changed to => 65
3 => changing to UW
1 => 64 iterations changed to => 63
1 => changing to UW
3 => 67 iterations changed to => 66
3 => changing to UW
4 => 64 iterations changed to => 63
4 => changing to UW
4 => 68 iterations changed to => 67
4 => changing to UW
2 => Outcome : Correct
2 =>: 50 <= UW iterations OR => 11
3 => Outcome : Correct
3 =>: 25 <= UW iterations OR => 13
1 => Outcome : Correct
1 =>: 37 <= UW iterations OR => 11
2 => new call tree total iteration : 64
2 => changing to UW
2 => Outcome : Correct
2 =>: 51 <= UW iterations OR => 12
3 => new call tree total iteration : 65
4 => Outcome : Correct
4 =>: 31 <= UW iterations OR => 15
1 => new call tree total iteration : 68
1 => changing to UW
3 => Outcome : Correct
3 =>: 25 <= UW iterations OR => 15
2 => new call tree total iteration : 66
2 => Outcome : Correct
2 =>: 51 <= UW iterations OR => 13
4 => new call tree total iteration : 69
1 => Outcome : Correct
1 =>: 38 <= UW iterations OR => 12
3 => new call tree total iteration : 70
3 => changing to UW
4 => Outcome : Correct
4 =>: 31 <= UW iterations OR => 17
3 => Outcome : Correct
3 =>: 27 <= UW iterations OR => 15
2 => new call tree total iteration : 71
2 => changing to UW
Verification Outcome : TIMEDOUT
Time Taken : 2E-06
Verifying Imapi_removelockrelease2_0.bpl.bpl
Corral program verifier version 1.0.0.0
Corral program verifier version 1.0.0.0
Corral program verifier version 1.0.0.0
Corral program verifier version 1.0.0.0
http://localhost:5002/
http://localhost:5002/
http://localhost:5002/
http://localhost:5002/
1 => changing to UW
1 => Outcome : Correct
1 =>: 3 <= UW iterations OR => 0
2 => new call tree total iteration : 2
2 => changing to UW
2 => Outcome : Correct
2 =>: 8 <= UW iterations OR => 1
3 => new call tree total iteration : 10
3 => changing to UW
3 => Outcome : Correct
3 =>: 3 <= UW iterations OR => 0
4 => new call tree total iteration : 12
4 => changing to UW
1 => new call tree total iteration : 15
1 => changing to UW
4 => changing to UW
1 => 20 iterations changed to => 19
1 => Outcome : Correct
1 =>: 12 <= UW iterations OR => 0
2 => new call tree total iteration : 19
2 => Outcome : Correct
2 =>: 8 <= UW iterations OR => 2
3 => new call tree total iteration : 20
3 => changing to UW
4 => changing to UW
4 => Outcome : Correct
4 =>: 13 <= UW iterations OR => 2
3 => Outcome : Correct
3 =>: 5 <= UW iterations OR => 0
1 => new call tree total iteration : 24
1 => changing to UW
4 => new call tree total iteration : 21
4 => changing to UW
4 => Outcome : Correct
4 =>: 14 <= UW iterations OR => 2
2 => new call tree total iteration : 26
2 => changing to UW
2 => Outcome : Correct
2 =>: 10 <= UW iterations OR => 2
3 => new call tree total iteration : 27
3 => changing to UW
3 => Outcome : Correct
3 =>: 7 <= UW iterations OR => 0
1 => changing to UW
4 => new call tree total iteration : 28
4 => changing to UW
4 => Outcome : Correct
4 =>: 15 <= UW iterations OR => 3
2 => new call tree total iteration : 29
2 => changing to UW
1 => changing to UW
2 => Outcome : Correct
2 =>: 11 <= UW iterations OR => 3
3 => new call tree total iteration : 30
3 => changing to UW
3 => Outcome : Correct
3 =>: 8 <= UW iterations OR => 1
1 => changing to UW
4 => new call tree total iteration : 31
4 => Outcome : Correct
4 =>: 15 <= UW iterations OR => 4
1 => changing to UW
1 => 52 iterations changed to => 51
2 => new call tree total iteration : 43
2 => changing to UW
1 => Outcome : Correct
1 =>: 35 <= UW iterations OR => 7
3 => new call tree total iteration : 44
4 => new call tree total iteration : 48
4 => changing to UW
3 => changing to UW
4 => 50 iterations changed to => 49
3 => changing to UW
3 => changing to UW
2 => changing to UW
1 => new call tree total iteration : 44
3 => changing to UW
4 => Outcome : Correct
4 =>: 25 <= UW iterations OR => 4
2 => changing to UW
3 => 60 iterations changed to => 45
2 => Outcome : Correct
2 =>: 17 <= UW iterations OR => 10
1 => changing to UW
3 => changing to UW
4 => new call tree total iteration : 45
4 => changing to UW
2 => new call tree total iteration : 46
2 => changing to UW
1 => changing to UW
3 => changing to UW
1 => changing to UW
3 => changing to UW
2 => 51 iterations changed to => 47
2 => changing to UW
4 => 54 iterations changed to => 46
4 => changing to UW
3 => changing to UW
4 => 48 iterations changed to => 47
4 => changing to UW
4 => Outcome : Correct
4 =>: 35 <= UW iterations OR => 7
2 => changing to UW
3 => changing to UW
4 => new call tree total iteration : 48
4 => changing to UW
3 => 65 iterations changed to => 56
4 => changing to UW
3 => changing to UW
3 => changing to UW
1 => changing to UW
2 => changing to UW
3 => 65 iterations changed to => 57
4 => changing to UW
2 => changing to UW
3 => changing to UW
4 => 60 iterations changed to => 51
4 => changing to UW
4 => 53 iterations changed to => 52
3 => changing to UW
1 => 67 iterations changed to => 64
4 => changing to UW
1 => 65 iterations changed to => 58
1 => 59 iterations changed to => 54
1 => changing to UW
1 => 56 iterations changed to => 55
1 => Outcome : Correct
1 =>: 50 <= UW iterations OR => 20
4 => changing to UW
4 => 58 iterations changed to => 57
1 => new call tree total iteration : 50
1 => Outcome : Correct
1 =>: 50 <= UW iterations OR => 21
3 => 64 iterations changed to => 58
3 => 62 iterations changed to => 61
3 => changing to UW
1 => new call tree total iteration : 58
1 => changing to UW
4 => changing to UW
4 => 65 iterations changed to => 64
1 => 67 iterations changed to => 59
1 => changing to UW
4 => changing to UW
1 => 65 iterations changed to => 62
1 => changing to UW
4 => 71 iterations changed to => 69
4 => changing to UW
4 => 73 iterations changed to => 72
4 => 73 iterations changed to => 60
4 => changing to UW
4 => 66 iterations changed to => 65
4 => changing to UW
4 => 69 iterations changed to => 68
4 => changing to UW
4 => 75 iterations changed to => 61
4 => changing to UW
4 => 63 iterations changed to => 62
4 => changing to UW
4 => changing to UW
4 => 65 iterations changed to => 64
4 => changing to UW
4 => changing to UW
4 => 71 iterations changed to => 70
4 => Outcome : Correct
4 =>: 81 <= UW iterations OR => 33
2 => Outcome : Correct
2 =>: 34 <= UW iterations OR => 15
3 => Outcome : Correct
3 =>: 40 <= UW iterations OR => 30
1 => Outcome : Correct
1 =>: 62 <= UW iterations OR => 26
4 => new call tree total iteration : 73
4 => changing to UW
2 => new call tree total iteration : 64
2 => changing to UW
1 => new call tree total iteration : 64
3 => new call tree total iteration : 66
Verification Outcome : OK
Time Taken : 1213.268092
Verifying parzip_nsremovelockmnremove_0.bpl.bpl
Corral program verifier version 1.0.0.0
Corral program verifier version 1.0.0.0
Corral program verifier version 1.0.0.0
Corral program verifier version 1.0.0.0
http://localhost:5002/
http://localhost:5002/
http://localhost:5002/
http://localhost:5002/
1 => changing to UW
1 => Outcome : Correct
1 =>: 3 <= UW iterations OR => 0
2 => new call tree total iteration : 2
2 => changing to UW
2 => Outcome : Correct
2 =>: 13 <= UW iterations OR => 0
3 => new call tree total iteration : 14
3 => changing to UW
3 => Outcome : Correct
3 =>: 6 <= UW iterations OR => 0
4 => new call tree total iteration : 19
4 => changing to UW
4 => Outcome : Correct
4 =>: 2 <= UW iterations OR => 0
1 => new call tree total iteration : 20
1 => changing to UW
1 => Outcome : Correct
1 =>: 5 <= UW iterations OR => 0
2 => new call tree total iteration : 21
2 => changing to UW
2 => Outcome : Correct
2 =>: 16 <= UW iterations OR => 0
3 => new call tree total iteration : 23
3 => changing to UW
3 => Outcome : Correct
3 =>: 14 <= UW iterations OR => 0
4 => new call tree total iteration : 30
4 => changing to UW
4 => Outcome : Correct
4 =>: 4 <= UW iterations OR => 0
1 => new call tree total iteration : 31
1 => changing to UW
1 => Outcome : Correct
1 =>: 7 <= UW iterations OR => 0
2 => new call tree total iteration : 32
2 => changing to UW
2 => Outcome : Correct
2 =>: 19 <= UW iterations OR => 0
3 => new call tree total iteration : 34
3 => changing to UW
3 => Outcome : Correct
3 =>: 16 <= UW iterations OR => 1
4 => new call tree total iteration : 36
1 => new call tree total iteration : 37
1 => changing to UW
1 => Outcome : Correct
1 =>: 10 <= UW iterations OR => 0
2 => new call tree total iteration : 39
2 => changing to UW
3 => new call tree total iteration : 38
3 => changing to UW
4 => changing to UW
1 => new call tree total iteration : 40
1 => changing to UW
2 => changing to UW
4 => changing to UW
3 => changing to UW
1 => changing to UW
1 => changing to UW
2 => changing to UW
1 => changing to UW
3 => changing to UW
1 => changing to UW
2 => changing to UW
4 => changing to UW
3 => changing to UW
1 => changing to UW
3 => changing to UW
1 => changing to UW
4 => changing to UW
2 => changing to UW
3 => changing to UW
3 => 67 iterations changed to => 66
3 => changing to UW
1 => 68 iterations changed to => 67
4 => changing to UW
1 => changing to UW
1 => changing to UW
2 => changing to UW
1 => changing to UW
1 => changing to UW
3 => changing to UW
3 => 78 iterations changed to => 77
2 => changing to UW
1 => changing to UW
1 => 78 iterations changed to => 77
3 => changing to UW
4 => changing to UW
2 => changing to UW
3 => changing to UW
3 => changing to UW
1 => changing to UW
4 => changing to UW
1 => 87 iterations changed to => 86
1 => 87 iterations changed to => 81
1 => 82 iterations changed to => 41
1 => changing to UW
1 => Outcome : Correct
1 =>: 38 <= UW iterations OR => 24
1 => new call tree total iteration : 43
1 => changing to UW
1 => changing to UW
1 => changing to UW
1 => changing to UW
1 => 52 iterations changed to => 51
1 => changing to UW
1 => changing to UW
1 => changing to UW
1 => changing to UW
4 => changing to UW
1 => changing to UW
3 => 93 iterations changed to => 90
3 => changing to UW
3 => 91 iterations changed to => 85
3 => 87 iterations changed to => 86
3 => 87 iterations changed to => 39
2 => changing to UW
3 => changing to UW
1 => changing to UW
3 => Outcome : Correct
3 =>: 48 <= UW iterations OR => 31
3 => new call tree total iteration : 39
3 => changing to UW
3 => changing to UW
1 => changing to UW
3 => changing to UW
3 => changing to UW
4 => changing to UW
1 => changing to UW
3 => changing to UW
4 => 77 iterations changed to => 76
2 => changing to UW
3 => changing to UW
3 => changing to UW
3 => changing to UW
1 => changing to UW
4 => 79 iterations changed to => 78
3 => changing to UW
3 => 75 iterations changed to => 74
3 => changing to UW
2 => changing to UW
2 => 81 iterations changed to => 80
2 => changing to UW
2 => 86 iterations changed to => 85
3 => 78 iterations changed to => 77
3 => changing to UW
2 => changing to UW
4 => 81 iterations changed to => 80
4 => changing to UW
3 => changing to UW
1 => changing to UW
2 => 90 iterations changed to => 89
2 => changing to UW
3 => changing to UW
2 => changing to UW
4 => changing to UW
1 => 85 iterations changed to => 84
1 => changing to UW
1 => 85 iterations changed to => 81
1 => 82 iterations changed to => 77
1 => 78 iterations changed to => 75
1 => changing to UW
1 => 76 iterations changed to => 73
1 => 74 iterations changed to => 66
1 => changing to UW
1 => 68 iterations changed to => 67
1 => changing to UW
1 => changing to UW
2 => 99 iterations changed to => 98
3 => 90 iterations changed to => 89
3 => changing to UW
2 => 99 iterations changed to => 95
2 => 96 iterations changed to => 91
2 => changing to UW
1 => 76 iterations changed to => 75
2 => 93 iterations changed to => 92
2 => 93 iterations changed to => 78
2 => 79 iterations changed to => 75
3 => 91 iterations changed to => 86
3 => 87 iterations changed to => 83
1 => 79 iterations changed to => 78
3 => 84 iterations changed to => 81
2 => changing to UW
3 => 82 iterations changed to => 64
3 => changing to UW
3 => 66 iterations changed to => 65
3 => changing to UW
3 => changing to UW
1 => changing to UW
4 => 87 iterations changed to => 86
4 => changing to UW
2 => changing to UW
3 => 71 iterations changed to => 70
3 => changing to UW
4 => 88 iterations changed to => 87
4 => 88 iterations changed to => 84
4 => 85 iterations changed to => 82
4 => changing to UW
4 => 83 iterations changed to => 72
1 => changing to UW
3 => 77 iterations changed to => 76
3 => changing to UW
2 => 85 iterations changed to => 84
3 => 82 iterations changed to => 81
3 => changing to UW
4 => changing to UW
3 => 84 iterations changed to => 83
3 => changing to UW
1 => 86 iterations changed to => 85
1 => changing to UW
1 => 88 iterations changed to => 87
1 => changing to UW
2 => 85 iterations changed to => 82
2 => 83 iterations changed to => 80
2 => 81 iterations changed to => 77
2 => 78 iterations changed to => 73
2 => changing to UW
3 => changing to UW
1 => 92 iterations changed to => 91
1 => changing to UW
2 => changing to UW
1 => 94 iterations changed to => 93
4 => changing to UW
4 => 80 iterations changed to => 79
1 => changing to UW
4 => changing to UW
3 => changing to UW
3 => changing to UW
3 => 98 iterations changed to => 95
3 => changing to UW
3 => 99 iterations changed to => 98
1 => 97 iterations changed to => 95
2 => 84 iterations changed to => 83
3 => changing to UW
4 => 83 iterations changed to => 81
4 => changing to UW
4 => 82 iterations changed to => 78
4 => 79 iterations changed to => 76
4 => 77 iterations changed to => 74
4 => 75 iterations changed to => 70
4 => changing to UW
3 => 102 iterations changed to => 101
4 => changing to UW
3 => 104 iterations changed to => 103
3 => changing to UW
1 => 99 iterations changed to => 98
2 => 85 iterations changed to => 84
2 => 85 iterations changed to => 82
2 => changing to UW
2 => 83 iterations changed to => 80
2 => 81 iterations changed to => 78
2 => 79 iterations changed to => 76
2 => changing to UW
2 => 77 iterations changed to => 74
2 => 75 iterations changed to => 71
1 => 99 iterations changed to => 96
1 => 97 iterations changed to => 83
4 => changing to UW
2 => changing to UW
1 => 84 iterations changed to => 80
2 => changing to UW
1 => changing to UW
2 => changing to UW
1 => 85 iterations changed to => 82
1 => changing to UW
1 => changing to UW
3 => changing to UW
1 => 87 iterations changed to => 86
1 => changing to UW
1 => changing to UW
1 => 92 iterations changed to => 91
1 => changing to UW
3 => 109 iterations changed to => 107
3 => changing to UW
3 => 108 iterations changed to => 105
3 => 106 iterations changed to => 91
3 => 92 iterations changed to => 88
4 => changing to UW
4 => 82 iterations changed to => 81
2 => changing to UW
3 => 89 iterations changed to => 86
1 => 95 iterations changed to => 94
3 => 88 iterations changed to => 87
3 => changing to UW
4 => changing to UW
2 => 84 iterations changed to => 81
2 => changing to UW
2 => 82 iterations changed to => 80
2 => 81 iterations changed to => 77
2 => 78 iterations changed to => 73
2 => 74 iterations changed to => 66
4 => 84 iterations changed to => 83
1 => 96 iterations changed to => 95
3 => 95 iterations changed to => 94
3 => changing to UW
2 => changing to UW
4 => changing to UW
1 => changing to UW
2 => changing to UW
3 => changing to UW
1 => 98 iterations changed to => 97
2 => 78 iterations changed to => 77
3 => 100 iterations changed to => 99
2 => 82 iterations changed to => 81
2 => changing to UW
3 => changing to UW
3 => 101 iterations changed to => 100
2 => changing to UW
3 => changing to UW
2 => changing to UW
2 => 89 iterations changed to => 87
2 => changing to UW
2 => 88 iterations changed to => 67
2 => 68 iterations changed to => 62
2 => changing to UW
3 => changing to UW
2 => changing to UW
1 => 100 iterations changed to => 99
1 => changing to UW
1 => Outcome : Correct
1 =>: 104 <= UW iterations OR => 80
1 => new call tree total iteration : 60
1 => changing to UW
4 => 89 iterations changed to => 87
4 => changing to UW
1 => 62 iterations changed to => 61
2 => changing to UW
4 => 88 iterations changed to => 85
4 => 86 iterations changed to => 80
4 => changing to UW
4 => 81 iterations changed to => 78
4 => 79 iterations changed to => 76
4 => changing to UW
4 => 77 iterations changed to => 72
4 => 73 iterations changed to => 68
1 => changing to UW
4 => changing to UW
2 => changing to UW
3 => 109 iterations changed to => 106
3 => changing to UW
3 => 107 iterations changed to => 105
3 => 106 iterations changed to => 103
1 => changing to UW
4 => changing to UW
2 => changing to UW
2 => 79 iterations changed to => 78
2 => changing to UW
1 => 75 iterations changed to => 72
1 => changing to UW
4 => changing to UW
1 => 74 iterations changed to => 69
1 => changing to UW
3 => changing to UW
1 => 76 iterations changed to => 75
3 => changing to UW
2 => 82 iterations changed to => 81
2 => changing to UW
1 => 76 iterations changed to => 70
2 => 82 iterations changed to => 75
1 => 71 iterations changed to => 65
1 => changing to UW
2 => 76 iterations changed to => 71
2 => 72 iterations changed to => 66
2 => changing to UW
2 => 68 iterations changed to => 67
3 => 114 iterations changed to => 111
3 => 112 iterations changed to => 108
3 => changing to UW
1 => Outcome : Correct
1 =>: 121 <= UW iterations OR => 92
4 => changing to UW
4 => 79 iterations changed to => 78
3 => 110 iterations changed to => 105
3 => changing to UW
3 => 106 iterations changed to => 104
2 => changing to UW
2 => 72 iterations changed to => 71
2 => changing to UW
1 => new call tree total iteration : 65
1 => changing to UW
1 => 67 iterations changed to => 66
1 => changing to UW
4 => changing to UW
1 => changing to UW
2 => 74 iterations changed to => 73
2 => changing to UW
3 => changing to UW
4 => 81 iterations changed to => 79
4 => changing to UW
4 => 80 iterations changed to => 76
4 => 77 iterations changed to => 74
4 => 75 iterations changed to => 72
3 => 110 iterations changed to => 106
4 => 73 iterations changed to => 69
4 => changing to UW
4 => Outcome : Correct
4 =>: 73 <= UW iterations OR => 52
3 => 107 iterations changed to => 105
3 => Outcome : ReachedBound
3 =>: 119 <= UW iterations OR => 130
2 => Outcome : Correct
2 =>: 117 <= UW iterations OR => 85
4 => new call tree total iteration : 69
4 => changing to UW
4 => Outcome : Correct
4 =>: 75 <= UW iterations OR => 53
1 => changing to UW
3 => new call tree total iteration : 71
3 => changing to UW
1 => 76 iterations changed to => 75
1 => changing to UW
3 => 73 iterations changed to => 72
2 => new call tree total iteration : 70
2 => changing to UW
4 => new call tree total iteration : 74
4 => changing to UW
2 => 72 iterations changed to => 71
2 => changing to UW
3 => Outcome : Correct
3 =>: 120 <= UW iterations OR => 132
1 => Outcome : Correct
1 =>: 127 <= UW iterations OR => 101
4 => Outcome : Correct
4 =>: 77 <= UW iterations OR => 54
3 => new call tree total iteration : 75
3 => changing to UW
2 => Outcome : Correct
2 =>: 119 <= UW iterations OR => 89
3 => Outcome : Correct
3 =>: 121 <= UW iterations OR => 133
1 => new call tree total iteration : 76
1 => changing to UW
1 => Outcome : Correct
1 =>: 128 <= UW iterations OR => 102
4 => new call tree total iteration : 77
4 => changing to UW
4 => Outcome : Correct
4 =>: 79 <= UW iterations OR => 55
2 => new call tree total iteration : 78
2 => Outcome : Correct
2 =>: 119 <= UW iterations OR => 90
Verification Outcome : OK
Time Taken : 648.624849
2 => new call tree total iteration : 79
4 => new call tree total iteration : 80
2 => changing to UW
Verifying mp_iobuildfsdirpsignaleventincompletiontimeout_0.bpl.bpl
Corral program verifier version 1.0.0.0
Corral program verifier version 1.0.0.0
http://localhost:5002/
http://localhost:5002/
Corral program verifier version 1.0.0.0
Corral program verifier version 1.0.0.0
http://localhost:5002/
http://localhost:5002/
1 => changing to UW
1 => Outcome : Correct
1 =>: 3 <= UW iterations OR => 0
2 => new call tree total iteration : 2
2 => changing to UW
2 => changing to UW
2 => Outcome : Correct
2 =>: 35 <= UW iterations OR => 1
3 => new call tree total iteration : 37
3 => changing to UW
3 => Outcome : Correct
3 =>: 1 <= UW iterations OR => 2
1 => new call tree total iteration : 39
1 => changing to UW
4 => new call tree total iteration : 40
2 => new call tree total iteration : 42
2 => changing to UW
2 => 45 iterations changed to => 43
2 => changing to UW
2 => Outcome : Correct
2 =>: 38 <= UW iterations OR => 2
2 => new call tree total iteration : 41
2 => Outcome : Correct
2 =>: 38 <= UW iterations OR => 3
3 => new call tree total iteration : 43
3 => changing to UW
4 => changing to UW
3 => Outcome : Correct
3 =>: 2 <= UW iterations OR => 3
1 => changing to UW
2 => new call tree total iteration : 44
3 => new call tree total iteration : 45
3 => changing to UW
2 => changing to UW
3 => 47 iterations changed to => 46
4 => changing to UW
1 => changing to UW
3 => changing to UW
2 => changing to UW
1 => changing to UW
3 => changing to UW
2 => changing to UW
1 => changing to UW
4 => changing to UW
3 => changing to UW
2 => Outcome : ReachedBound
2 =>: 41 <= UW iterations OR => 10
2 => new call tree total iteration : 52
2 => changing to UW
1 => changing to UW
2 => Outcome : Correct
2 =>: 45 <= UW iterations OR => 11
3 => changing to UW
4 => changing to UW
3 => changing to UW
1 => changing to UW
3 => changing to UW
4 => changing to UW
3 => changing to UW
4 => changing to UW
4 => Outcome : ReachedBound
4 =>: 13 <= UW iterations OR => 8
1 => changing to UW
1 => Outcome : Correct
1 =>: 30 <= UW iterations OR => 17
3 => changing to UW
3 => changing to UW
1 => new call tree total iteration : 76
3 => changing to UW
4 => new call tree total iteration : 82
1 => changing to UW
1 => changing to UW
3 => changing to UW
4 => changing to UW
4 => 84 iterations changed to => 83
2 => new call tree total iteration : 60
2 => changing to UW
1 => changing to UW
4 => changing to UW
1 => changing to UW
3 => changing to UW
1 => changing to UW
4 => changing to UW
3 => 98 iterations changed to => 97
2 => 62 iterations changed to => 61
2 => changing to UW
3 => changing to UW
2 => changing to UW
1 => changing to UW
1 => 92 iterations changed to => 91
2 => changing to UW
3 => changing to UW
4 => 97 iterations changed to => 96
2 => changing to UW
4 => changing to UW
3 => 107 iterations changed to => 106
1 => changing to UW
2 => 73 iterations changed to => 70
2 => changing to UW
2 => Outcome : ReachedBound
2 =>: 55 <= UW iterations OR => 17
3 => changing to UW
4 => changing to UW
1 => changing to UW
1 => 101 iterations changed to => 100
2 => new call tree total iteration : 77
4 => changing to UW
4 => 105 iterations changed to => 104
2 => changing to UW
2 => 82 iterations changed to => 81
1 => changing to UW
3 => changing to UW
2 => changing to UW
4 => changing to UW
2 => changing to UW
3 => changing to UW
1 => changing to UW
3 => 123 iterations changed to => 122
4 => changing to UW
2 => changing to UW
1 => changing to UW
4 => changing to UW
3 => changing to UW
3 => 127 iterations changed to => 113
3 => changing to UW
1 => changing to UW
2 => changing to UW
4 => 120 iterations changed to => 119
4 => changing to UW
1 => 116 iterations changed to => 114
2 => 101 iterations changed to => 100
4 => changing to UW
2 => changing to UW
4 => changing to UW
3 => 120 iterations changed to => 118
4 => changing to UW
4 => 130 iterations changed to => 129
4 => 130 iterations changed to => 110
1 => changing to UW
2 => changing to UW
1 => 123 iterations changed to => 118
1 => changing to UW
3 => changing to UW
4 => changing to UW
2 => changing to UW
4 => changing to UW
4 => changing to UW
3 => changing to UW
4 => 120 iterations changed to => 119
2 => changing to UW
1 => 123 iterations changed to => 122
3 => 127 iterations changed to => 120
3 => changing to UW
2 => changing to UW
1 => 124 iterations changed to => 108
1 => changing to UW
3 => 123 iterations changed to => 122
3 => changing to UW
4 => changing to UW
4 => changing to UW
2 => changing to UW
4 => Outcome : ReachedBound
4 =>: 45 <= UW iterations OR => 52
2 => changing to UW
3 => changing to UW
3 => 129 iterations changed to => 79
1 => changing to UW
3 => Outcome : ReachedBound
3 =>: 63 <= UW iterations OR => 55
2 => 124 iterations changed to => 123
4 => new call tree total iteration : 90
2 => changing to UW
4 => changing to UW
4 => 92 iterations changed to => 91
1 => 117 iterations changed to => 116
4 => changing to UW
2 => changing to UW
1 => 117 iterations changed to => 111
1 => changing to UW
3 => new call tree total iteration : 107
3 => changing to UW
2 => 131 iterations changed to => 130
2 => changing to UW
4 => changing to UW
1 => changing to UW
4 => changing to UW
2 => 136 iterations changed to => 115
4 => changing to UW
3 => 113 iterations changed to => 112
2 => changing to UW
4 => changing to UW
2 => changing to UW
1 => 121 iterations changed to => 120
1 => changing to UW
3 => changing to UW
2 => 126 iterations changed to => 125
2 => changing to UW
4 => changing to UW
1 => 123 iterations changed to => 114
3 => 119 iterations changed to => 118
3 => changing to UW
1 => changing to UW
2 => 129 iterations changed to => 116
3 => changing to UW
4 => 115 iterations changed to => 114
2 => changing to UW
1 => 118 iterations changed to => 117
4 => changing to UW
2 => 120 iterations changed to => 119
3 => changing to UW
1 => changing to UW
4 => changing to UW
3 => 127 iterations changed to => 125
3 => changing to UW
2 => changing to UW
1 => 122 iterations changed to => 121
2 => changing to UW
4 => changing to UW
3 => 132 iterations changed to => 131
3 => changing to UW
1 => Outcome : ReachedBound
1 =>: 68 <= UW iterations OR => 72
2 => changing to UW
3 => 134 iterations changed to => 108
3 => changing to UW
4 => changing to UW
4 => changing to UW
2 => changing to UW
2 => 134 iterations changed to => 132
1 => new call tree total iteration : 99
4 => 131 iterations changed to => 125
4 => changing to UW
4 => 126 iterations changed to => 119
1 => Outcome : ReachedBound
1 =>: 68 <= UW iterations OR => 73
4 => 120 iterations changed to => 107
3 => changing to UW
2 => changing to UW
4 => changing to UW
3 => changing to UW
2 => 141 iterations changed to => 138
2 => Outcome : ReachedBound
2 =>: 95 <= UW iterations OR => 84
3 => changing to UW
3 => 119 iterations changed to => 116
3 => changing to UW
4 => changing to UW
1 => new call tree total iteration : 125
1 => changing to UW
4 => changing to UW
3 => 121 iterations changed to => 120
2 => new call tree total iteration : 110
4 => 127 iterations changed to => 125
4 => 126 iterations changed to => 118
4 => 119 iterations changed to => 110
4 => changing to UW
3 => changing to UW
4 => changing to UW
3 => Outcome : ReachedBound
3 =>: 79 <= UW iterations OR => 91
1 => Outcome : ReachedBound
1 =>: 70 <= UW iterations OR => 74
4 => changing to UW
2 => 115 iterations changed to => 114
2 => changing to UW
4 => changing to UW
1 => new call tree total iteration : 111
1 => changing to UW
2 => 119 iterations changed to => 118
1 => 114 iterations changed to => 112
3 => new call tree total iteration : 126
4 => changing to UW
2 => changing to UW
4 => changing to UW
3 => changing to UW
1 => 115 iterations changed to => 114
3 => 132 iterations changed to => 127
4 => changing to UW
4 => 135 iterations changed to => 134
4 => changing to UW
2 => 122 iterations changed to => 121
3 => 130 iterations changed to => 129
3 => changing to UW
4 => changing to UW
4 => 142 iterations changed to => 141
4 => changing to UW
4 => 143 iterations changed to => 127
4 => changing to UW
4 => 128 iterations changed to => 121
1 => changing to UW
4 => changing to UW
3 => 133 iterations changed to => 132
3 => changing to UW
2 => 128 iterations changed to => 127
4 => 129 iterations changed to => 128
1 => 123 iterations changed to => 122
1 => changing to UW
4 => changing to UW
2 => changing to UW
4 => changing to UW
1 => changing to UW
4 => changing to UW
2 => 134 iterations changed to => 131
2 => 132 iterations changed to => 123
3 => changing to UW
1 => 126 iterations changed to => 125
1 => changing to UW
2 => Outcome : ReachedBound
2 =>: 101 <= UW iterations OR => 108
4 => 140 iterations changed to => 139
4 => changing to UW
3 => 140 iterations changed to => 137
1 => 127 iterations changed to => 120
4 => 144 iterations changed to => 134
4 => 135 iterations changed to => 124
4 => Outcome : ReachedBound
4 =>: 88 <= UW iterations OR => 139
2 => new call tree total iteration : 115
3 => 140 iterations changed to => 138
3 => changing to UW
3 => Outcome : ReachedBound
3 =>: 90 <= UW iterations OR => 105
1 => changing to UW
2 => Outcome : ReachedBound
2 =>: 101 <= UW iterations OR => 109
1 => changing to UW
1 => 126 iterations changed to => 125
1 => Outcome : ReachedBound
1 =>: 80 <= UW iterations OR => 93
3 => new call tree total iteration : 117
4 => new call tree total iteration : 134
4 => changing to UW
2 => new call tree total iteration : 121
2 => Outcome : ReachedBound
2 =>: 101 <= UW iterations OR => 110
4 => Outcome : ReachedBound
4 =>: 89 <= UW iterations OR => 140
3 => changing to UW
3 => 122 iterations changed to => 121
1 => new call tree total iteration : 118
1 => Outcome : ReachedBound
1 =>: 80 <= UW iterations OR => 94
4 => new call tree total iteration : 120
2 => new call tree total iteration : 135
3 => changing to UW
4 => changing to UW
4 => 122 iterations changed to => 121
3 => changing to UW
3 => changing to UW
2 => Outcome : ReachedBound
2 =>: 101 <= UW iterations OR => 111
1 => new call tree total iteration : 124
4 => 126 iterations changed to => 125
4 => changing to UW
1 => changing to UW
4 => changing to UW
3 => 134 iterations changed to => 133
4 => changing to UW
1 => changing to UW
3 => changing to UW
2 => new call tree total iteration : 125
2 => changing to UW
1 => 130 iterations changed to => 129
4 => changing to UW
3 => changing to UW
3 => 138 iterations changed to => 137
4 => 135 iterations changed to => 134
2 => 127 iterations changed to => 126
2 => changing to UW
3 => changing to UW
4 => changing to UW
1 => changing to UW
1 => 133 iterations changed to => 132
1 => changing to UW
2 => Outcome : ReachedBound
2 =>: 103 <= UW iterations OR => 113
3 => 142 iterations changed to => 141
3 => changing to UW
4 => changing to UW
4 => 140 iterations changed to => 138
1 => 137 iterations changed to => 136
1 => changing to UW
3 => 143 iterations changed to => 129
4 => 139 iterations changed to => 130
3 => changing to UW
3 => 132 iterations changed to => 131
4 => changing to UW
4 => 133 iterations changed to => 132
1 => Outcome : ReachedBound
1 =>: 87 <= UW iterations OR => 105
3 => Outcome : ReachedBound
3 =>: 100 <= UW iterations OR => 130
2 => new call tree total iteration : 125
2 => changing to UW
4 => Outcome : ReachedBound
4 =>: 100 <= UW iterations OR => 158
2 => Outcome : ReachedBound
2 =>: 104 <= UW iterations OR => 115
1 => new call tree total iteration : 126
1 => changing to UW
1 => Outcome : ReachedBound
1 =>: 88 <= UW iterations OR => 106
3 => new call tree total iteration : 127
3 => changing to UW
3 => Outcome : ReachedBound
3 =>: 101 <= UW iterations OR => 131
4 => new call tree total iteration : 127
4 => changing to UW
4 => Outcome : ReachedBound
4 =>: 101 <= UW iterations OR => 159
2 => new call tree total iteration : 128
2 => Outcome : ReachedBound
2 =>: 104 <= UW iterations OR => 117
1 => new call tree total iteration : 128
1 => Outcome : ReachedBound
1 =>: 88 <= UW iterations OR => 107
3 => new call tree total iteration : 129
3 => Outcome : ReachedBound
3 =>: 101 <= UW iterations OR => 132
Verification Outcome : OK
Time Taken : 531.187157
4 => new call tree total iteration : 129
1 => new call tree total iteration : 129
1 => changing to UW
2 => new call tree total iteration : 130
2 => changing to UW
Verifying serial_markingqueuedirps_1.bpl.bpl
Corral program verifier version 1.0.0.0
Corral program verifier version 1.0.0.0
Corral program verifier version 1.0.0.0
Corral program verifier version 1.0.0.0
http://localhost:5002/
http://localhost:5002/
http://localhost:5002/
http://localhost:5002/
1 => changing to UW
1 => Outcome : Correct
1 =>: 3 <= UW iterations OR => 0
2 => new call tree total iteration : 2
2 => changing to UW
2 => changing to UW
2 => Outcome : Correct
2 =>: 14 <= UW iterations OR => 1
3 => new call tree total iteration : 16
3 => changing to UW
4 => new call tree total iteration : 17
4 => Outcome : Correct
4 =>: 0 <= UW iterations OR => 1
3 => changing to UW
3 => Outcome : Correct
3 =>: 9 <= UW iterations OR => 1
1 => new call tree total iteration : 20
1 => changing to UW
2 => new call tree total iteration : 21
2 => changing to UW
1 => Outcome : Correct
1 =>: 8 <= UW iterations OR => 1
4 => new call tree total iteration : 25
4 => changing to UW
3 => new call tree total iteration : 21
3 => changing to UW
3 => Outcome : Correct
3 =>: 10 <= UW iterations OR => 1
4 => Outcome : Correct
4 =>: 2 <= UW iterations OR => 1
1 => new call tree total iteration : 22
1 => changing to UW
2 => changing to UW
3 => new call tree total iteration : 26
3 => changing to UW
1 => 31 iterations changed to => 30
3 => 28 iterations changed to => 27
1 => changing to UW
3 => changing to UW
4 => new call tree total iteration : 23
4 => changing to UW
4 => Outcome : Correct
4 =>: 3 <= UW iterations OR => 1
3 => changing to UW
3 => changing to UW
1 => changing to UW
3 => changing to UW
3 => changing to UW
2 => changing to UW
1 => changing to UW
3 => changing to UW
3 => changing to UW
2 => changing to UW
3 => changing to UW
1 => 47 iterations changed to => 46
1 => changing to UW
2 => changing to UW
3 => 56 iterations changed to => 54
3 => changing to UW
2 => changing to UW
3 => changing to UW
4 => new call tree total iteration : 44
4 => changing to UW
2 => 53 iterations changed to => 45
2 => changing to UW
2 => Outcome : Correct
2 =>: 41 <= UW iterations OR => 7
3 => changing to UW
3 => 64 iterations changed to => 63
1 => changing to UW
4 => changing to UW
4 => changing to UW
2 => new call tree total iteration : 45
2 => changing to UW
3 => changing to UW
2 => 47 iterations changed to => 46
2 => changing to UW
2 => Outcome : Correct
2 =>: 43 <= UW iterations OR => 9
4 => changing to UW
1 => Outcome : Correct
1 =>: 37 <= UW iterations OR => 8
4 => changing to UW
4 => 62 iterations changed to => 61
4 => changing to UW
2 => new call tree total iteration : 52
3 => 72 iterations changed to => 71
2 => Outcome : Correct
2 =>: 43 <= UW iterations OR => 10
4 => changing to UW
1 => new call tree total iteration : 66
3 => changing to UW
1 => 68 iterations changed to => 67
4 => changing to UW
2 => new call tree total iteration : 54
2 => Outcome : Correct
2 =>: 43 <= UW iterations OR => 11
1 => changing to UW
3 => changing to UW
3 => 77 iterations changed to => 76
4 => 73 iterations changed to => 72
4 => changing to UW
1 => 71 iterations changed to => 70
1 => changing to UW
3 => changing to UW
3 => 80 iterations changed to => 79
3 => changing to UW
4 => changing to UW
4 => 77 iterations changed to => 76
1 => changing to UW
4 => changing to UW
3 => changing to UW
1 => changing to UW
2 => new call tree total iteration : 68
2 => Outcome : ReachedBound
2 =>: 43 <= UW iterations OR => 12
3 => changing to UW
4 => changing to UW
4 => 81 iterations changed to => 80
1 => changing to UW
4 => changing to UW
3 => changing to UW
1 => 81 iterations changed to => 80
3 => 92 iterations changed to => 91
3 => changing to UW
1 => changing to UW
4 => changing to UW
2 => new call tree total iteration : 73
1 => changing to UW
2 => changing to UW
1 => changing to UW
3 => changing to UW
2 => changing to UW
1 => 87 iterations changed to => 86
2 => 78 iterations changed to => 77
2 => changing to UW
4 => changing to UW
3 => changing to UW
1 => 89 iterations changed to => 88
1 => changing to UW
3 => changing to UW
2 => changing to UW
3 => changing to UW
1 => changing to UW
2 => 84 iterations changed to => 83
4 => changing to UW
4 => 97 iterations changed to => 96
3 => changing to UW
4 => changing to UW
1 => changing to UW
3 => changing to UW
2 => changing to UW
1 => changing to UW
2 => changing to UW
4 => changing to UW
2 => 91 iterations changed to => 90
4 => changing to UW
3 => 115 iterations changed to => 114
3 => 115 iterations changed to => 110
3 => changing to UW
3 => 111 iterations changed to => 105
2 => 95 iterations changed to => 94
1 => changing to UW
4 => changing to UW
2 => changing to UW
3 => changing to UW
3 => changing to UW
2 => changing to UW
3 => changing to UW
1 => 104 iterations changed to => 103
4 => 111 iterations changed to => 110
4 => changing to UW
3 => changing to UW
4 => changing to UW
1 => 107 iterations changed to => 106
3 => 118 iterations changed to => 117
2 => 103 iterations changed to => 102
3 => 118 iterations changed to => 112
3 => changing to UW
3 => 113 iterations changed to => 107
3 => 108 iterations changed to => 101
3 => changing to UW
3 => 102 iterations changed to => 97
2 => changing to UW
1 => 108 iterations changed to => 100
4 => changing to UW
2 => 106 iterations changed to => 105
3 => 101 iterations changed to => 100
4 => changing to UW
1 => 103 iterations changed to => 102
1 => changing to UW
2 => 106 iterations changed to => 97
3 => changing to UW
2 => changing to UW
4 => 120 iterations changed to => 119
1 => changing to UW
1 => 107 iterations changed to => 106
3 => changing to UW
4 => 120 iterations changed to => 115
2 => changing to UW
4 => 116 iterations changed to => 107
4 => changing to UW
4 => 108 iterations changed to => 103
3 => changing to UW
4 => 105 iterations changed to => 104
1 => 110 iterations changed to => 97
3 => 112 iterations changed to => 111
4 => changing to UW
1 => 98 iterations changed to => 94
1 => 95 iterations changed to => 91
3 => 112 iterations changed to => 105
2 => 107 iterations changed to => 104
2 => 105 iterations changed to => 99
2 => changing to UW
4 => 108 iterations changed to => 107
2 => 101 iterations changed to => 100
2 => changing to UW
1 => changing to UW
3 => 108 iterations changed to => 107
4 => changing to UW
3 => 108 iterations changed to => 94
3 => changing to UW
3 => 95 iterations changed to => 87
1 => 98 iterations changed to => 97
1 => changing to UW
3 => 88 iterations changed to => 83
3 => changing to UW
2 => changing to UW
2 => 106 iterations changed to => 105
3 => 85 iterations changed to => 84
2 => changing to UW
1 => changing to UW
3 => changing to UW
4 => changing to UW
1 => changing to UW
3 => changing to UW
2 => changing to UW
4 => changing to UW
1 => 104 iterations changed to => 101
1 => changing to UW
2 => changing to UW
4 => changing to UW
2 => 113 iterations changed to => 108
3 => changing to UW
1 => 105 iterations changed to => 103
2 => changing to UW
1 => changing to UW
4 => 122 iterations changed to => 120
4 => changing to UW
4 => 121 iterations changed to => 115
3 => changing to UW
1 => 106 iterations changed to => 105
4 => changing to UW
2 => 111 iterations changed to => 109
2 => changing to UW
1 => 106 iterations changed to => 92
3 => changing to UW
2 => 113 iterations changed to => 112
2 => changing to UW
1 => 95 iterations changed to => 94
4 => 119 iterations changed to => 117
1 => changing to UW
4 => 118 iterations changed to => 110
3 => 108 iterations changed to => 107
3 => changing to UW
2 => 114 iterations changed to => 86
4 => changing to UW
2 => 88 iterations changed to => 87
2 => changing to UW
1 => changing to UW
3 => 111 iterations changed to => 102
3 => 103 iterations changed to => 94
3 => changing to UW
3 => 96 iterations changed to => 95
2 => changing to UW
3 => changing to UW
4 => changing to UW
4 => 116 iterations changed to => 115
2 => 92 iterations changed to => 91
1 => changing to UW
4 => 116 iterations changed to => 111
2 => changing to UW
1 => 106 iterations changed to => 104
1 => changing to UW
3 => changing to UW
4 => 114 iterations changed to => 113
1 => 108 iterations changed to => 107
1 => changing to UW
2 => 96 iterations changed to => 95
2 => changing to UW
3 => changing to UW
3 => changing to UW
3 => 107 iterations changed to => 106
4 => 115 iterations changed to => 99
4 => 100 iterations changed to => 93
4 => changing to UW
4 => 94 iterations changed to => 88
1 => 110 iterations changed to => 99
1 => changing to UW
2 => changing to UW
3 => 109 iterations changed to => 100
3 => changing to UW
1 => 101 iterations changed to => 100
4 => 90 iterations changed to => 89
3 => 103 iterations changed to => 102
4 => changing to UW
3 => changing to UW
2 => changing to UW
1 => changing to UW
1 => 105 iterations changed to => 103
1 => changing to UW
1 => changing to UW
2 => 108 iterations changed to => 107
4 => changing to UW
3 => 109 iterations changed to => 106
4 => 97 iterations changed to => 96
3 => changing to UW
2 => changing to UW
1 => 108 iterations changed to => 105
2 => changing to UW
2 => 112 iterations changed to => 111
2 => changing to UW
2 => 112 iterations changed to => 102
1 => 108 iterations changed to => 107
4 => changing to UW
2 => changing to UW
3 => 110 iterations changed to => 107
3 => 108 iterations changed to => 89
2 => 106 iterations changed to => 104
1 => 108 iterations changed to => 83
1 => changing to UW
4 => changing to UW
3 => changing to UW
2 => 107 iterations changed to => 106
2 => changing to UW
4 => changing to UW
2 => changing to UW
1 => 87 iterations changed to => 84
1 => changing to UW
1 => 86 iterations changed to => 85
3 => changing to UW
1 => 86 iterations changed to => 77
1 => changing to UW
2 => 111 iterations changed to => 110
2 => 111 iterations changed to => 98
2 => changing to UW
4 => 112 iterations changed to => 111
4 => changing to UW
3 => changing to UW
1 => changing to UW
3 => changing to UW
3 => 105 iterations changed to => 104
1 => 86 iterations changed to => 85
1 => changing to UW
4 => 116 iterations changed to => 115
4 => 116 iterations changed to => 108
1 => changing to UW
1 => 90 iterations changed to => 89
4 => 109 iterations changed to => 104
3 => changing to UW
3 => 110 iterations changed to => 108
2 => changing to UW
2 => 107 iterations changed to => 105
1 => 94 iterations changed to => 93
1 => changing to UW
4 => changing to UW
3 => 110 iterations changed to => 100
3 => 101 iterations changed to => 95
3 => changing to UW
3 => 96 iterations changed to => 90
1 => changing to UW
3 => 92 iterations changed to => 91
4 => 109 iterations changed to => 108
4 => changing to UW
2 => 107 iterations changed to => 102
2 => changing to UW
2 => 103 iterations changed to => 99
1 => changing to UW
1 => 98 iterations changed to => 97
3 => changing to UW
2 => changing to UW
2 => 102 iterations changed to => 100
2 => changing to UW
4 => changing to UW
4 => 111 iterations changed to => 110
1 => changing to UW
2 => 104 iterations changed to => 103
1 => changing to UW
3 => 101 iterations changed to => 100
2 => changing to UW
3 => changing to UW
4 => 115 iterations changed to => 113
4 => 114 iterations changed to => 105
4 => changing to UW
4 => 106 iterations changed to => 100
4 => 101 iterations changed to => 93
2 => 107 iterations changed to => 106
2 => changing to UW
3 => 108 iterations changed to => 103
3 => changing to UW
4 => 95 iterations changed to => 94
4 => changing to UW
1 => 111 iterations changed to => 110
1 => changing to UW
1 => 111 iterations changed to => 106
1 => changing to UW
2 => 109 iterations changed to => 108
3 => changing to UW
4 => changing to UW
4 => 99 iterations changed to => 98
3 => changing to UW
1 => changing to UW
3 => 110 iterations changed to => 106
3 => changing to UW
2 => changing to UW
3 => 108 iterations changed to => 107
4 => changing to UW
3 => changing to UW
2 => 112 iterations changed to => 110
1 => 114 iterations changed to => 113
1 => 114 iterations changed to => 109
4 => changing to UW
1 => 110 iterations changed to => 101
2 => 111 iterations changed to => 80
3 => 112 iterations changed to => 110
2 => changing to UW
3 => changing to UW
2 => 82 iterations changed to => 81
1 => changing to UW
4 => changing to UW
4 => 111 iterations changed to => 110
1 => 107 iterations changed to => 106
3 => 112 iterations changed to => 111
4 => changing to UW
3 => 112 iterations changed to => 96
2 => changing to UW
3 => changing to UW
3 => 98 iterations changed to => 97
1 => 110 iterations changed to => 102
4 => changing to UW
1 => changing to UW
1 => 104 iterations changed to => 103
4 => 119 iterations changed to => 115
4 => changing to UW
4 => 117 iterations changed to => 116
3 => 102 iterations changed to => 101
3 => changing to UW
4 => 117 iterations changed to => 105
4 => changing to UW
4 => changing to UW
2 => changing to UW
4 => 109 iterations changed to => 108
2 => 94 iterations changed to => 93
1 => 110 iterations changed to => 109
1 => 110 iterations changed to => 106
1 => 108 iterations changed to => 107
1 => changing to UW
3 => changing to UW
2 => 96 iterations changed to => 95
2 => changing to UW
3 => 112 iterations changed to => 111
2 => changing to UW
4 => changing to UW
1 => changing to UW
4 => 117 iterations changed to => 115
1 => 113 iterations changed to => 110
1 => changing to UW
3 => 113 iterations changed to => 107
3 => changing to UW
3 => 108 iterations changed to => 104
4 => 116 iterations changed to => 111
2 => changing to UW
3 => 106 iterations changed to => 105
1 => 112 iterations changed to => 111
3 => changing to UW
4 => changing to UW
1 => changing to UW
2 => 102 iterations changed to => 101
4 => 117 iterations changed to => 116
3 => 109 iterations changed to => 108
3 => changing to UW
1 => 115 iterations changed to => 112
4 => 118 iterations changed to => 112
4 => changing to UW
1 => 113 iterations changed to => 80
1 => changing to UW
2 => changing to UW
1 => 82 iterations changed to => 81
4 => 114 iterations changed to => 113
4 => changing to UW
1 => Outcome : ReachedBound
1 =>: 116 <= UW iterations OR => 146
4 => 115 iterations changed to => 101
3 => 112 iterations changed to => 111
2 => 107 iterations changed to => 106
3 => changing to UW
4 => changing to UW
2 => 108 iterations changed to => 103
2 => 104 iterations changed to => 99
2 => 100 iterations changed to => 97
2 => changing to UW
1 => new call tree total iteration : 74
1 => changing to UW
2 => 99 iterations changed to => 98
4 => 107 iterations changed to => 106
1 => 76 iterations changed to => 75
3 => 116 iterations changed to => 115
4 => changing to UW
2 => changing to UW
3 => 116 iterations changed to => 112
1 => changing to UW
3 => changing to UW
3 => 114 iterations changed to => 113
1 => changing to UW
4 => changing to UW
2 => 103 iterations changed to => 101
1 => changing to UW
1 => 85 iterations changed to => 84
3 => Outcome : ReachedBound
3 =>: 151 <= UW iterations OR => 165
2 => changing to UW
1 => changing to UW
1 => 89 iterations changed to => 88
4 => changing to UW
2 => 107 iterations changed to => 105
1 => changing to UW
2 => 107 iterations changed to => 106
4 => 120 iterations changed to => 119
1 => changing to UW
2 => 107 iterations changed to => 102
2 => 103 iterations changed to => 90
2 => 91 iterations changed to => 87
2 => 88 iterations changed to => 84
2 => changing to UW
4 => 120 iterations changed to => 116
4 => 117 iterations changed to => 113
1 => changing to UW
4 => 114 iterations changed to => 109
4 => changing to UW
2 => 87 iterations changed to => 86
2 => changing to UW
3 => new call tree total iteration : 83
3 => changing to UW
3 => Outcome : ReachedBound
3 =>: 152 <= UW iterations OR => 165
4 => 112 iterations changed to => 111
1 => changing to UW
4 => changing to UW
2 => 90 iterations changed to => 89
1 => changing to UW
2 => changing to UW
1 => 105 iterations changed to => 104
3 => new call tree total iteration : 78
3 => changing to UW
3 => 80 iterations changed to => 79
2 => changing to UW
2 => 95 iterations changed to => 94
4 => 118 iterations changed to => 117
3 => changing to UW
2 => changing to UW
1 => 110 iterations changed to => 107
1 => changing to UW
1 => 108 iterations changed to => 100
1 => 101 iterations changed to => 96
1 => changing to UW
1 => 97 iterations changed to => 91
1 => 93 iterations changed to => 92
3 => 85 iterations changed to => 84
4 => 119 iterations changed to => 114
4 => changing to UW
4 => 115 iterations changed to => 102
2 => changing to UW
4 => 104 iterations changed to => 103
1 => changing to UW
3 => changing to UW
3 => 89 iterations changed to => 87
3 => changing to UW
2 => 100 iterations changed to => 99
4 => changing to UW
3 => changing to UW
2 => changing to UW
1 => 100 iterations changed to => 99
3 => changing to UW
2 => 103 iterations changed to => 101
2 => changing to UW
2 => 103 iterations changed to => 96
2 => changing to UW
1 => changing to UW
4 => changing to UW
3 => changing to UW
1 => changing to UW
2 => changing to UW
4 => 112 iterations changed to => 111
2 => changing to UW
1 => 109 iterations changed to => 107
1 => 108 iterations changed to => 102
3 => changing to UW
4 => changing to UW
1 => changing to UW
4 => 114 iterations changed to => 113
1 => 105 iterations changed to => 104
3 => 104 iterations changed to => 103
3 => changing to UW
2 => 106 iterations changed to => 105
4 => changing to UW
2 => changing to UW
1 => changing to UW
4 => changing to UW
3 => changing to UW
2 => 109 iterations changed to => 102
2 => changing to UW
2 => 104 iterations changed to => 97
1 => 109 iterations changed to => 108
1 => changing to UW
1 => 109 iterations changed to => 96
4 => changing to UW
1 => changing to UW
1 => 98 iterations changed to => 97
4 => 120 iterations changed to => 119
4 => changing to UW
1 => changing to UW
2 => 102 iterations changed to => 101
3 => 114 iterations changed to => 113
3 => changing to UW
2 => changing to UW
1 => changing to UW
2 => 105 iterations changed to => 104
2 => changing to UW
4 => 123 iterations changed to => 122
4 => changing to UW
3 => 116 iterations changed to => 110
3 => 111 iterations changed to => 106
1 => changing to UW
3 => changing to UW
4 => 124 iterations changed to => 123
1 => changing to UW
2 => 108 iterations changed to => 107
2 => changing to UW
4 => 124 iterations changed to => 116
4 => 117 iterations changed to => 108
4 => changing to UW
4 => 109 iterations changed to => 105
3 => changing to UW
3 => 111 iterations changed to => 110
4 => 107 iterations changed to => 106
2 => 110 iterations changed to => 109
2 => changing to UW
1 => 112 iterations changed to => 108
1 => changing to UW
1 => 109 iterations changed to => 104
1 => 105 iterations changed to => 100
4 => changing to UW
3 => 114 iterations changed to => 113
3 => changing to UW
1 => 102 iterations changed to => 101
1 => changing to UW
4 => changing to UW
4 => 110 iterations changed to => 109
2 => 112 iterations changed to => 111
3 => 116 iterations changed to => 107
3 => changing to UW
1 => changing to UW
3 => 108 iterations changed to => 99
3 => 100 iterations changed to => 95
3 => 96 iterations changed to => 91
3 => changing to UW
3 => 93 iterations changed to => 92
2 => 112 iterations changed to => 98
2 => changing to UW
2 => 100 iterations changed to => 92
1 => 109 iterations changed to => 108
4 => 112 iterations changed to => 111
4 => changing to UW
2 => 94 iterations changed to => 93
2 => changing to UW
1 => 111 iterations changed to => 104
1 => changing to UW
2 => changing to UW
3 => changing to UW
1 => 107 iterations changed to => 105
1 => changing to UW
4 => changing to UW
3 => 99 iterations changed to => 98
3 => changing to UW
2 => changing to UW
4 => changing to UW
4 => 118 iterations changed to => 117
2 => 100 iterations changed to => 99
4 => 118 iterations changed to => 114
1 => 111 iterations changed to => 110
2 => 102 iterations changed to => 101
2 => changing to UW
4 => changing to UW
4 => 116 iterations changed to => 115
1 => 111 iterations changed to => 108
1 => changing to UW
1 => Outcome : ReachedBound
1 =>: 156 <= UW iterations OR => 222
3 => changing to UW
2 => changing to UW
2 => 105 iterations changed to => 104
4 => changing to UW
3 => 111 iterations changed to => 108
3 => changing to UW
3 => 109 iterations changed to => 105
3 => 106 iterations changed to => 102
2 => 107 iterations changed to => 96
2 => changing to UW
3 => changing to UW
2 => changing to UW
3 => 107 iterations changed to => 106
2 => 103 iterations changed to => 101
3 => changing to UW
4 => 125 iterations changed to => 123
1 => new call tree total iteration : 95
1 => changing to UW
2 => 104 iterations changed to => 97
2 => changing to UW
1 => 97 iterations changed to => 96
3 => 110 iterations changed to => 109
4 => 124 iterations changed to => 120
2 => 99 iterations changed to => 98
4 => 121 iterations changed to => 117
3 => 110 iterations changed to => 103
3 => Outcome : ReachedBound
3 =>: 193 <= UW iterations OR => 219
2 => changing to UW
4 => Outcome : ReachedBound
4 =>: 134 <= UW iterations OR => 201
2 => Outcome : ReachedBound
2 =>: 163 <= UW iterations OR => 194
1 => 101 iterations changed to => 100
1 => changing to UW
1 => changing to UW
1 => 107 iterations changed to => 106
3 => new call tree total iteration : 86
3 => changing to UW
3 => 88 iterations changed to => 87
3 => Outcome : ReachedBound
3 =>: 195 <= UW iterations OR => 220
4 => new call tree total iteration : 101
1 => changing to UW
2 => new call tree total iteration : 99
2 => changing to UW
2 => 101 iterations changed to => 100
1 => 114 iterations changed to => 113
4 => 106 iterations changed to => 105
1 => 114 iterations changed to => 110
1 => changing to UW
4 => 107 iterations changed to => 102
4 => 104 iterations changed to => 103
1 => 114 iterations changed to => 111
2 => 108 iterations changed to => 106
4 => changing to UW
1 => Outcome : ReachedBound
1 =>: 170 <= UW iterations OR => 236
3 => new call tree total iteration : 103
3 => changing to UW
3 => 105 iterations changed to => 104
3 => changing to UW
2 => changing to UW
4 => 109 iterations changed to => 108
2 => changing to UW
4 => 110 iterations changed to => 109
3 => changing to UW
2 => 114 iterations changed to => 113
3 => 109 iterations changed to => 106
4 => 111 iterations changed to => 105
4 => changing to UW
2 => 114 iterations changed to => 110
4 => 107 iterations changed to => 106
2 => changing to UW
2 => 112 iterations changed to => 111
4 => changing to UW
3 => 109 iterations changed to => 107
2 => 113 iterations changed to => 107
2 => changing to UW
2 => 109 iterations changed to => 108
3 => changing to UW
3 => 109 iterations changed to => 108
4 => 110 iterations changed to => 108
1 => new call tree total iteration : 103
1 => changing to UW
3 => Outcome : ReachedBound
3 =>: 200 <= UW iterations OR => 228
2 => Outcome : ReachedBound
2 =>: 177 <= UW iterations OR => 208
4 => 110 iterations changed to => 109
1 => Outcome : ReachedBound
1 =>: 171 <= UW iterations OR => 237
4 => Outcome : ReachedBound
4 =>: 138 <= UW iterations OR => 225
3 => new call tree total iteration : 110
3 => changing to UW
2 => new call tree total iteration : 104
3 => Outcome : ReachedBound
3 =>: 201 <= UW iterations OR => 229
2 => changing to UW
2 => Outcome : ReachedBound
2 =>: 178 <= UW iterations OR => 209
4 => new call tree total iteration : 105
4 => changing to UW
1 => new call tree total iteration : 111
1 => changing to UW
4 => Outcome : ReachedBound
4 =>: 140 <= UW iterations OR => 226
1 => 114 iterations changed to => 113
1 => changing to UW
1 => 116 iterations changed to => 114
1 => Outcome : ReachedBound
1 =>: 175 <= UW iterations OR => 240
3 => new call tree total iteration : 106
2 => new call tree total iteration : 107
2 => changing to UW
4 => new call tree total iteration : 112
3 => changing to UW
3 => Outcome : ReachedBound
3 =>: 202 <= UW iterations OR => 230
4 => changing to UW
2 => Outcome : ReachedBound
2 =>: 179 <= UW iterations OR => 210
4 => 116 iterations changed to => 115
4 => Outcome : ReachedBound
4 =>: 141 <= UW iterations OR => 230
1 => new call tree total iteration : 107
1 => changing to UW
3 => new call tree total iteration : 108
1 => 110 iterations changed to => 109
3 => 110 iterations changed to => 109
1 => Outcome : ReachedBound
1 =>: 177 <= UW iterations OR => 242
2 => new call tree total iteration : 113
2 => changing to UW
2 => 115 iterations changed to => 114
3 => Outcome : ReachedBound
3 =>: 202 <= UW iterations OR => 235
2 => Outcome : ReachedBound
2 =>: 181 <= UW iterations OR => 212
4 => new call tree total iteration : 108
4 => changing to UW
4 => Outcome : ReachedBound
4 =>: 142 <= UW iterations OR => 231
1 => new call tree total iteration : 111
1 => Outcome : ReachedBound
1 =>: 177 <= UW iterations OR => 243
3 => new call tree total iteration : 109
3 => changing to UW
3 => Outcome : ReachedBound
3 =>: 205 <= UW iterations OR => 236
2 => new call tree total iteration : 110
2 => changing to UW
4 => new call tree total iteration : 111
4 => changing to UW
2 => changing to UW
2 => 113 iterations changed to => 112
1 => new call tree total iteration : 112
4 => 113 iterations changed to => 112
1 => Outcome : ReachedBound
1 =>: 177 <= UW iterations OR => 244
4 => Outcome : ReachedBound
4 =>: 143 <= UW iterations OR => 233
2 => changing to UW
2 => 117 iterations changed to => 116
2 => changing to UW
2 => 118 iterations changed to => 117
2 => Outcome : ReachedBound
2 =>: 187 <= UW iterations OR => 217
3 => new call tree total iteration : 111
3 => Outcome : ReachedBound
3 =>: 205 <= UW iterations OR => 238
1 => new call tree total iteration : 114
4 => new call tree total iteration : 115
4 => changing to UW
1 => Outcome : ReachedBound
1 =>: 177 <= UW iterations OR => 245
4 => Outcome : ReachedBound
4 =>: 145 <= UW iterations OR => 234
2 => new call tree total iteration : 112
2 => changing to UW
2 => 115 iterations changed to => 114
3 => new call tree total iteration : 116
3 => changing to UW
3 => 118 iterations changed to => 117
1 => new call tree total iteration : 117
2 => Outcome : ReachedBound
2 =>: 188 <= UW iterations OR => 220
3 => Outcome : ReachedBound
3 =>: 207 <= UW iterations OR => 239
1 => Outcome : ReachedBound
1 =>: 177 <= UW iterations OR => 246
4 => new call tree total iteration : 113
4 => changing to UW
4 => Outcome : ReachedBound
4 =>: 146 <= UW iterations OR => 235
2 => new call tree total iteration : 114
2 => Outcome : ReachedBound
2 =>: 188 <= UW iterations OR => 221
Verification Outcome : OK
Time Taken : 2372.817818
