Verifying usbccgp_irqlioapclte_0.bpl.bpl
Corral program verifier version 1.0.0.0
http://localhost:5002/
1 => changing to UW
3 new total iteration => 2
1 => Popped From Local Stack
1 => 3 2
1 => changing to OR
1 => changing to UW
1 => changing to OR
1 => changing to UW
1 => changing to OR
1 => changing to UW
1 => changing to OR
1 => changing to UW
1 => changing to OR
1 => changing to UW
1 => changing to OR
1 => changing to UW
1 => changing to OR
1 => changing to UW
1 => changing to OR
1 => changing to UW
47 new total iteration => 46
1 => Popped From Local Stack
1 => 48 47
1 => changing to OR
1 => changing to UW
59 new total iteration => 58
1 => Popped From Local Stack
1 => 61 60
1 => changing to OR
1 => changing to UW
1 => changing to OR
1 => changing to UW
1 => changing to OR
1 => changing to UW
1 => changing to OR
1 => changing to UW
1 => changing to OR
1 => changing to UW
1 => changing to OR
1 => changing to UW
1 => changing to OR
1 => changing to UW
1 => changing to OR
1 => changing to UW
148 new total iteration => 147
1 => Popped From Local Stack
1 => 151 150
1 => changing to OR
225 new total iteration => 222
1 => Popped From Local Stack
1 => 229 227
223 new total iteration => 215
1 => Popped From Local Stack
1 => 230 227
216 new total iteration => 208
1 => Popped From Local Stack
1 => 231 227
209 new total iteration => 201
1 => Popped From Local Stack
1 => 232 227
202 new total iteration => 193
1 => Popped From Local Stack
1 => 233 227
194 new total iteration => 186
1 => Popped From Local Stack
1 => 234 227
187 new total iteration => 179
1 => Popped From Local Stack
1 => 235 227
180 new total iteration => 171
1 => Popped From Local Stack
1 => 236 227
172 new total iteration => 163
1 => Popped From Local Stack
1 => 237 227
164 new total iteration => 155
1 => Popped From Local Stack
1 => 238 227
156 new total iteration => 138
1 => Popped From Local Stack
1 => 239 227
1 => changing to UW
1 => changing to OR
183 new total iteration => 180
1 => Popped From Local Stack
1 => 284 271
181 new total iteration => 172
1 => Popped From Local Stack
1 => 285 271
173 new total iteration => 164
1 => Popped From Local Stack
1 => 286 271
165 new total iteration => 156
1 => Popped From Local Stack
1 => 287 271
157 new total iteration => 148
1 => Popped From Local Stack
1 => 288 271
1 => changing to UW
149 new total iteration => 140
1 => Popped From Local Stack
1 => 289 271
1 => changing to OR
141 new total iteration => 129
1 => Popped From Local Stack
1 => 290 271
1 => changing to UW
1 => changing to OR
200 new total iteration => 199
1 => Popped From Local Stack
1 => 361 341
207 new total iteration => 206
1 => Popped From Local Stack
1 => 369 348
210 new total iteration => 191
1 => Popped From Local Stack
1 => 373 351
192 new total iteration => 183
1 => Popped From Local Stack
1 => 374 351
184 new total iteration => 175
1 => Popped From Local Stack
1 => 375 351
176 new total iteration => 167
1 => Popped From Local Stack
1 => 376 351
168 new total iteration => 159
1 => Popped From Local Stack
1 => 377 351
160 new total iteration => 151
1 => Popped From Local Stack
1 => 378 351
152 new total iteration => 142
1 => Popped From Local Stack
1 => 379 351
143 new total iteration => 132
1 => Popped From Local Stack
1 => 380 351
133 new total iteration => 120
1 => Popped From Local Stack
1 => 381 351
1 => changing to UW
1 => changing to OR
1 => changing to UW
1 => changing to OR
191 new total iteration => 190
1 => Popped From Local Stack
1 => 452 421
198 new total iteration => 197
1 => Popped From Local Stack
1 => 460 428
204 new total iteration => 182
1 => Popped From Local Stack
1 => 467 434
183 new total iteration => 174
1 => Popped From Local Stack
1 => 468 434
175 new total iteration => 166
1 => Popped From Local Stack
1 => 469 434
167 new total iteration => 158
1 => Popped From Local Stack
1 => 470 434
159 new total iteration => 149
1 => Popped From Local Stack
1 => 471 434
150 new total iteration => 140
1 => Popped From Local Stack
1 => 472 434
141 new total iteration => 131
1 => Popped From Local Stack
1 => 473 434
132 new total iteration => 121
1 => Popped From Local Stack
1 => 474 434
122 new total iteration => 110
1 => Popped From Local Stack
1 => 475 434
1 => changing to UW
1 => changing to OR
1 => changing to UW
1 => changing to OR
1 => changing to UW
1 => changing to OR
150 new total iteration => 149
1 => Popped From Local Stack
1 => 515 473
158 new total iteration => 157
1 => Popped From Local Stack
1 => 524 481
184 new total iteration => 179
1 => Popped From Local Stack
1 => 551 507
180 new total iteration => 172
1 => Popped From Local Stack
1 => 552 507
173 new total iteration => 164
1 => Popped From Local Stack
1 => 553 507
165 new total iteration => 141
1 => Popped From Local Stack
1 => 554 507
142 new total iteration => 132
1 => Popped From Local Stack
1 => 555 507
133 new total iteration => 122
1 => Popped From Local Stack
1 => 556 507
1 => changing to UW
123 new total iteration => 111
1 => Popped From Local Stack
1 => 557 507
1 => changing to OR
112 new total iteration => 100
1 => Popped From Local Stack
1 => 558 507
1 => changing to UW
1 => changing to OR
139 new total iteration => 138
1 => Popped From Local Stack
1 => 597 545
145 new total iteration => 129
1 => Popped From Local Stack
1 => 604 551
1 => changing to UW
130 new total iteration => 120
1 => Popped From Local Stack
1 => 605 551
1 => changing to OR
121 new total iteration => 111
1 => Popped From Local Stack
1 => 606 551
112 new total iteration => 101
1 => Popped From Local Stack
1 => 607 551
102 new total iteration => 91
1 => Popped From Local Stack
1 => 608 551
1 => changing to UW
92 new total iteration => 81
1 => Popped From Local Stack
1 => 609 552
1 => changing to OR
82 new total iteration => 69
1 => Popped From Local Stack
1 => 610 552
1 => changing to UW
1 => changing to OR
1 => changing to UW
1 => changing to OR
83 new total iteration => 82
1 => Popped From Local Stack
1 => 624 565
1 => changing to UW
1 => changing to OR
93 new total iteration => 92
1 => Popped From Local Stack
1 => 635 575
1 => changing to UW
1 => changing to OR
1 => changing to UW
1 => changing to OR
103 new total iteration => 102
1 => Popped From Local Stack
1 => 646 585
112 new total iteration => 111
1 => Popped From Local Stack
1 => 656 594
1 => changing to UW
1 => changing to OR
114 new total iteration => 70
1 => Popped From Local Stack
1 => 659 596
1 => Outcome : ReachedBound
1 =>: 65 <= UW iterations OR => 595
Verification Outcome : OK
Time Taken : 821.754247
 new call tree total iteration => 71
1 => changing to OR
