Verifying kbdclass_ioallocatefree_0.bpl.bpl
Corral program verifier version 1.0.0.0
http://localhost:5002/
1 => changing to UW
3 new total iteration => 2
1 => Popped From Local Stack
1 => 3 2
1 => changing to OR
1 => changing to UW
1 => changing to OR
1 => changing to UW
1 => changing to OR
1 => changing to UW
35 new total iteration => 34
1 => Popped From Local Stack
1 => 36 35
38 new total iteration => 37
1 => Popped From Local Stack
1 => 40 39
1 => changing to OR
1 => changing to UW
1 => changing to OR
1 => changing to UW
1 => changing to OR
1 => changing to UW
1 => changing to OR
1 => changing to UW
1 => changing to OR
1 => changing to UW
1 => changing to OR
57 new total iteration => 53
1 => Popped From Local Stack
1 => 60 58
54 new total iteration => 49
1 => Popped From Local Stack
1 => 61 58
1 => changing to UW
1 => changing to OR
1 => changing to UW
1 => changing to OR
1 => changing to UW
59 new total iteration => 58
1 => Popped From Local Stack
1 => 71 68
1 => changing to OR
62 new total iteration => 61
1 => Popped From Local Stack
1 => 75 71
62 new total iteration => 53
1 => Popped From Local Stack
1 => 76 71
1 => changing to UW
54 new total iteration => 50
1 => Popped From Local Stack
1 => 77 71
1 => changing to OR
51 new total iteration => 45
1 => Popped From Local Stack
1 => 78 71
1 => changing to UW
1 => changing to OR
1 => changing to UW
1 => changing to OR
1 => changing to UW
1 => changing to OR
1 => changing to UW
1 => changing to OR
66 new total iteration => 65
1 => Popped From Local Stack
1 => 99 91
1 => changing to UW
68 new total iteration => 67
1 => Popped From Local Stack
1 => 102 94
1 => changing to OR
1 => changing to UW
71 new total iteration => 70
1 => Popped From Local Stack
1 => 106 98
1 => changing to OR
74 new total iteration => 72
1 => Popped From Local Stack
1 => 110 101
1 => changing to UW
1 => changing to OR
75 new total iteration => 74
1 => Popped From Local Stack
1 => 113 103
1 => changing to UW
76 new total iteration => 63
1 => Popped From Local Stack
1 => 115 105
1 => changing to OR
64 new total iteration => 62
1 => Popped From Local Stack
1 => 116 105
1 => changing to UW
63 new total iteration => 61
1 => Popped From Local Stack
1 => 117 105
1 => changing to OR
62 new total iteration => 60
1 => Popped From Local Stack
1 => 118 105
61 new total iteration => 59
1 => Popped From Local Stack
1 => 119 105
1 => changing to UW
60 new total iteration => 56
1 => Popped From Local Stack
1 => 120 105
57 new total iteration => 54
1 => Popped From Local Stack
1 => 121 106
55 new total iteration => 52
1 => Popped From Local Stack
1 => 122 106
53 new total iteration => 46
1 => Popped From Local Stack
1 => 123 107
47 new total iteration => 39
1 => Popped From Local Stack
1 => 124 107
1 => changing to OR
1 => changing to UW
1 => changing to OR
1 => changing to UW
1 => changing to OR
1 => changing to UW
1 => changing to OR
1 => changing to UW
1 => changing to OR
1 => changing to UW
1 => changing to OR
55 new total iteration => 54
1 => Popped From Local Stack
1 => 140 122
1 => changing to UW
1 => changing to OR
1 => changing to UW
1 => changing to OR
61 new total iteration => 59
1 => Popped From Local Stack
1 => 147 128
60 new total iteration => 49
1 => Popped From Local Stack
1 => 148 128
1 => changing to UW
50 new total iteration => 45
1 => Popped From Local Stack
1 => 149 128
46 new total iteration => 41
1 => Popped From Local Stack
1 => 150 128
1 => Outcome : ReachedBound
1 =>: 107 <= UW iterations OR => 44
Verification Outcome : OK
Time Taken : 433.950569
 new call tree total iteration => 42
1 => changing to UW
Verifying kbdclass_ioallocatefree_0.bpl.bpl
Corral program verifier version 1.0.0.0
http://localhost:5002/
1 => changing to UW
3 new total iteration => 2
1 => Popped From Local Stack
1 => 3 2
1 => changing to OR
1 => changing to UW
1 => changing to OR
1 => changing to UW
1 => changing to OR
1 => changing to UW
1 => changing to OR
1 => changing to UW
1 => changing to OR
1 => changing to UW
1 => changing to OR
37 new total iteration => 36
1 => Popped From Local Stack
1 => 38 36
1 => changing to UW
1 => changing to OR
40 new total iteration => 39
1 => Popped From Local Stack
1 => 42 39
1 => changing to UW
1 => changing to OR
1 => changing to UW
1 => changing to OR
1 => changing to UW
1 => changing to OR
1 => changing to UW
1 => changing to OR
1 => changing to UW
1 => changing to OR
61 new total iteration => 60
1 => Popped From Local Stack
1 => 64 60
1 => changing to UW
1 => changing to OR
62 new total iteration => 52
1 => Popped From Local Stack
1 => 66 61
1 => changing to UW
1 => changing to OR
1 => changing to UW
1 => changing to OR
1 => changing to UW
60 new total iteration => 59
1 => Popped From Local Stack
1 => 74 69
1 => changing to OR
1 => changing to UW
1 => changing to OR
69 new total iteration => 67
1 => Popped From Local Stack
1 => 84 78
68 new total iteration => 61
1 => Popped From Local Stack
1 => 85 78
62 new total iteration => 56
1 => Popped From Local Stack
1 => 86 78
57 new total iteration => 53
1 => Popped From Local Stack
1 => 87 78
1 => changing to UW
54 new total iteration => 45
1 => Popped From Local Stack
1 => 88 78
1 => changing to OR
1 => changing to UW
1 => changing to OR
1 => changing to UW
1 => changing to OR
1 => changing to UW
1 => changing to OR
1 => changing to UW
1 => changing to OR
1 => changing to UW
1 => changing to OR
1 => changing to UW
1 => changing to OR
1 => changing to UW
1 => changing to OR
73 new total iteration => 72
1 => Popped From Local Stack
1 => 116 105
1 => changing to UW
1 => changing to OR
1 => changing to UW
77 new total iteration => 76
1 => Popped From Local Stack
1 => 121 110
1 => changing to OR
1 => changing to UW
1 => changing to OR
1 => changing to UW
1 => changing to OR
83 new total iteration => 82
1 => Popped From Local Stack
1 => 128 116
1 => changing to UW
1 => changing to OR
87 new total iteration => 85
1 => Popped From Local Stack
1 => 133 120
1 => changing to UW
1 => changing to OR
89 new total iteration => 87
1 => Popped From Local Stack
1 => 137 123
1 => changing to UW
88 new total iteration => 67
1 => Popped From Local Stack
1 => 138 123
1 => changing to OR
68 new total iteration => 66
1 => Popped From Local Stack
1 => 139 123
67 new total iteration => 65
1 => Popped From Local Stack
1 => 140 123
66 new total iteration => 63
1 => Popped From Local Stack
1 => 141 123
1 => changing to UW
64 new total iteration => 62
1 => Popped From Local Stack
1 => 142 123
1 => changing to OR
63 new total iteration => 58
1 => Popped From Local Stack
1 => 143 123
59 new total iteration => 56
1 => Popped From Local Stack
1 => 144 123
57 new total iteration => 52
1 => Popped From Local Stack
1 => 145 123
53 new total iteration => 46
1 => Popped From Local Stack
1 => 146 123
47 new total iteration => 41
1 => Popped From Local Stack
1 => 147 123
1 => changing to UW
1 => changing to OR
1 => changing to UW
1 => changing to OR
1 => changing to UW
1 => changing to OR
1 => changing to UW
1 => changing to OR
58 new total iteration => 52
1 => Popped From Local Stack
1 => 164 139
1 => changing to UW
1 => changing to OR
1 => changing to UW
1 => changing to OR
60 new total iteration => 56
1 => Popped From Local Stack
1 => 172 146
1 => changing to UW
57 new total iteration => 46
1 => Popped From Local Stack
1 => 173 146
1 => changing to OR
47 new total iteration => 42
1 => Popped From Local Stack
1 => 174 146
1 => Outcome : ReachedBound
1 =>: 87 <= UW iterations OR => 88
Verification Outcome : OK
Time Taken : 444.874517
 new call tree total iteration => 43
1 => changing to OR
Verifying kbdclass_ioallocatefree_0.bpl.bpl
Corral program verifier version 1.0.0.0
http://localhost:5002/
1 => changing to UW
3 new total iteration => 2
1 => Popped From Local Stack
1 => 3 2
1 => changing to OR
1 => changing to UW
1 => changing to OR
1 => changing to UW
1 => changing to OR
1 => changing to UW
1 => changing to OR
1 => changing to UW
1 => changing to OR
1 => changing to UW
1 => changing to OR
1 => changing to UW
38 new total iteration => 37
1 => Popped From Local Stack
1 => 39 38
1 => changing to OR
1 => changing to UW
43 new total iteration => 42
1 => Popped From Local Stack
1 => 45 44
1 => changing to OR
1 => changing to UW
1 => changing to OR
1 => changing to UW
1 => changing to OR
1 => changing to UW
1 => changing to OR
1 => changing to UW
1 => changing to OR
1 => changing to UW
1 => changing to OR
1 => changing to UW
1 => changing to OR
69 new total iteration => 61
1 => Popped From Local Stack
1 => 72 70
1 => changing to UW
1 => changing to OR
63 new total iteration => 62
1 => Popped From Local Stack
1 => 74 71
63 new total iteration => 57
1 => Popped From Local Stack
1 => 75 71
1 => changing to UW
1 => changing to OR
1 => changing to UW
1 => changing to OR
1 => changing to UW
1 => changing to OR
99 new total iteration => 98
1 => Popped From Local Stack
1 => 117 112
99 new total iteration => 86
1 => Popped From Local Stack
1 => 118 112
87 new total iteration => 73
1 => Popped From Local Stack
1 => 119 112
1 => changing to UW
74 new total iteration => 61
1 => Popped From Local Stack
1 => 120 112
1 => changing to OR
62 new total iteration => 50
1 => Popped From Local Stack
1 => 121 112
1 => changing to UW
1 => changing to OR
1 => changing to UW
1 => changing to OR
1 => changing to UW
1 => changing to OR
1 => changing to UW
1 => changing to OR
123 new total iteration => 120
1 => Popped From Local Stack
1 => 194 184
121 new total iteration => 108
1 => Popped From Local Stack
1 => 195 184
109 new total iteration => 98
1 => Popped From Local Stack
1 => 196 184
99 new total iteration => 84
1 => Popped From Local Stack
1 => 197 184
1 => changing to UW
85 new total iteration => 81
1 => Popped From Local Stack
1 => 198 184
1 => changing to OR
82 new total iteration => 79
1 => Popped From Local Stack
1 => 199 184
80 new total iteration => 65
1 => Popped From Local Stack
1 => 200 184
1 => changing to UW
66 new total iteration => 53
1 => Popped From Local Stack
1 => 201 185
1 => changing to OR
54 new total iteration => 45
1 => Popped From Local Stack
1 => 202 185
1 => changing to UW
1 => changing to OR
1 => changing to UW
1 => changing to OR
1 => changing to UW
1 => changing to OR
93 new total iteration => 84
1 => Popped From Local Stack
1 => 250 232
90 new total iteration => 68
1 => Popped From Local Stack
1 => 256 237
69 new total iteration => 58
1 => Popped From Local Stack
1 => 257 237
1 => changing to UW
59 new total iteration => 49
1 => Popped From Local Stack
1 => 258 237
1 => Outcome : ReachedBound
1 =>: 60 <= UW iterations OR => 199
Verification Outcome : OK
Time Taken : 327.454515
 new call tree total iteration => 50
1 => changing to OR
Verifying kbdclass_ioallocateirpsignaleventincompletion_0.bpl.bpl
Corral program verifier version 1.0.0.0
http://localhost:5002/
1 => changing to UW
3 new total iteration => 2
1 => Popped From Local Stack
1 => 3 2
1 => changing to OR
29 new total iteration => 28
1 => Popped From Local Stack
1 => 30 28
1 => changing to UW
35 new total iteration => 34
1 => Popped From Local Stack
1 => 37 35
44 new total iteration => 43
1 => Popped From Local Stack
1 => 47 45
1 => changing to OR
45 new total iteration => 39
1 => Popped From Local Stack
1 => 49 46
1 => changing to UW
1 => changing to OR
1 => changing to UW
51 new total iteration => 50
1 => Popped From Local Stack
1 => 61 58
1 => changing to OR
1 => changing to UW
1 => changing to OR
1 => changing to UW
64 new total iteration => 61
1 => Popped From Local Stack
1 => 75 72
64 new total iteration => 62
1 => Popped From Local Stack
1 => 78 75
64 new total iteration => 63
1 => Popped From Local Stack
1 => 80 77
64 new total iteration => 58
1 => Popped From Local Stack
1 => 81 78
59 new total iteration => 54
1 => Popped From Local Stack
1 => 82 78
55 new total iteration => 45
1 => Popped From Local Stack
1 => 83 78
1 => changing to OR
1 => changing to UW
1 => changing to OR
1 => changing to UW
1 => changing to OR
1 => changing to UW
1 => changing to OR
1 => changing to UW
62 new total iteration => 61
1 => Popped From Local Stack
1 => 100 95
62 new total iteration => 58
1 => Popped From Local Stack
1 => 101 95
59 new total iteration => 54
1 => Popped From Local Stack
1 => 102 95
55 new total iteration => 50
1 => Popped From Local Stack
1 => 103 95
51 new total iteration => 46
1 => Popped From Local Stack
1 => 104 95
47 new total iteration => 42
1 => Popped From Local Stack
1 => 105 95
43 new total iteration => 37
1 => Popped From Local Stack
1 => 106 95
1 => changing to OR
1 => changing to UW
1 => changing to OR
1 => changing to UW
1 => changing to OR
1 => changing to UW
1 => changing to OR
1 => changing to UW
1 => changing to OR
64 new total iteration => 63
1 => Popped From Local Stack
1 => 133 121
64 new total iteration => 53
1 => Popped From Local Stack
1 => 134 121
54 new total iteration => 42
1 => Popped From Local Stack
1 => 135 121
43 new total iteration => 38
1 => Popped From Local Stack
1 => 136 121
1 => changing to UW
1 => Outcome : ReachedBound
1 =>: 110 <= UW iterations OR => 27
Verification Outcome : OK
Time Taken : 331.893307
 new call tree total iteration => 39
1 => changing to UW
Verifying kbdclass_ioallocateirpsignaleventincompletion_0.bpl.bpl
Corral program verifier version 1.0.0.0
http://localhost:5002/
1 => changing to UW
3 new total iteration => 2
1 => Popped From Local Stack
1 => 3 2
1 => changing to OR
1 => changing to UW
1 => changing to OR
1 => changing to UW
1 => changing to OR
1 => changing to UW
1 => changing to OR
1 => changing to UW
36 new total iteration => 35
1 => Popped From Local Stack
1 => 37 36
1 => changing to OR
1 => changing to UW
1 => changing to OR
1 => changing to UW
44 new total iteration => 43
1 => Popped From Local Stack
1 => 46 45
1 => changing to OR
1 => changing to UW
1 => changing to OR
1 => changing to UW
1 => changing to OR
1 => changing to UW
1 => changing to OR
1 => changing to UW
1 => changing to OR
57 new total iteration => 56
1 => Popped From Local Stack
1 => 60 58
1 => changing to UW
1 => changing to OR
1 => changing to UW
1 => changing to OR
1 => changing to UW
1 => changing to OR
1 => changing to UW
1 => changing to OR
1 => changing to UW
1 => changing to OR
1 => changing to UW
74 new total iteration => 73
1 => Popped From Local Stack
1 => 78 76
1 => changing to OR
1 => changing to UW
1 => changing to OR
1 => changing to UW
1 => changing to OR
1 => changing to UW
1 => changing to OR
1 => changing to UW
1 => changing to OR
1 => changing to UW
1 => changing to OR
1 => changing to UW
1 => changing to OR
1 => changing to UW
1 => changing to OR
1 => changing to UW
1 => changing to OR
1 => changing to UW
1 => changing to OR
1 => changing to UW
112 new total iteration => 104
1 => Popped From Local Stack
1 => 117 115
1 => changing to OR
105 new total iteration => 97
1 => Popped From Local Stack
1 => 118 115
1 => changing to UW
1 => changing to OR
99 new total iteration => 98
1 => Popped From Local Stack
1 => 120 116
99 new total iteration => 89
1 => Popped From Local Stack
1 => 121 116
90 new total iteration => 82
1 => Popped From Local Stack
1 => 122 116
83 new total iteration => 62
1 => Popped From Local Stack
1 => 123 116
1 => changing to UW
1 => changing to OR
1 => changing to UW
1 => changing to OR
1 => changing to UW
1 => changing to OR
1 => changing to UW
1 => changing to OR
1 => changing to UW
1 => changing to OR
1 => changing to UW
1 => changing to OR
1 => changing to UW
1 => changing to OR
1 => changing to UW
89 new total iteration => 87
1 => Popped From Local Stack
1 => 150 143
89 new total iteration => 81
1 => Popped From Local Stack
1 => 152 145
1 => changing to OR
82 new total iteration => 74
1 => Popped From Local Stack
1 => 153 145
75 new total iteration => 69
1 => Popped From Local Stack
1 => 154 145
70 new total iteration => 50
1 => Popped From Local Stack
1 => 155 145
1 => changing to UW
1 => changing to OR
1 => changing to UW
1 => changing to OR
1 => changing to UW
1 => changing to OR
1 => changing to UW
1 => changing to OR
1 => changing to UW
1 => changing to OR
1 => changing to UW
1 => changing to OR
1 => changing to UW
1 => changing to OR
1 => changing to UW
1 => changing to OR
1 => changing to UW
1 => changing to OR
85 new total iteration => 82
1 => Popped From Local Stack
1 => 190 179
1 => changing to UW
83 new total iteration => 68
1 => Popped From Local Stack
1 => 191 179
1 => changing to OR
69 new total iteration => 52
1 => Popped From Local Stack
1 => 192 179
1 => changing to UW
1 => Outcome : ReachedBound
1 =>: 91 <= UW iterations OR => 102
Verification Outcome : OK
Time Taken : 234.449888
 new call tree total iteration => 53
1 => changing to UW
Verifying kbdclass_ioallocateirpsignaleventincompletion_0.bpl.bpl
Corral program verifier version 1.0.0.0
http://localhost:5002/
1 => changing to UW
3 new total iteration => 2
1 => Popped From Local Stack
1 => 3 2
1 => changing to OR
1 => changing to UW
1 => changing to OR
1 => changing to UW
1 => changing to OR
1 => changing to UW
1 => changing to OR
1 => changing to UW
34 new total iteration => 33
1 => Popped From Local Stack
1 => 35 34
1 => changing to OR
1 => changing to UW
1 => changing to OR
1 => changing to UW
1 => changing to OR
41 new total iteration => 40
1 => Popped From Local Stack
1 => 43 41
1 => changing to UW
1 => changing to OR
1 => changing to UW
1 => changing to OR
1 => changing to UW
1 => changing to OR
52 new total iteration => 47
1 => Popped From Local Stack
1 => 55 52
1 => changing to UW
1 => changing to OR
1 => changing to UW
1 => changing to OR
1 => changing to UW
1 => changing to OR
1 => changing to UW
1 => changing to OR
64 new total iteration => 63
1 => Popped From Local Stack
1 => 72 68
1 => changing to UW
1 => changing to OR
1 => changing to UW
1 => changing to OR
1 => changing to UW
1 => changing to OR
1 => changing to UW
1 => changing to OR
1 => changing to UW
1 => changing to OR
1 => changing to UW
1 => changing to OR
121 new total iteration => 120
1 => Popped From Local Stack
1 => 130 125
1 => changing to UW
1 => changing to OR
122 new total iteration => 110
1 => Popped From Local Stack
1 => 132 126
111 new total iteration => 100
1 => Popped From Local Stack
1 => 133 126
101 new total iteration => 91
1 => Popped From Local Stack
1 => 134 126
92 new total iteration => 81
1 => Popped From Local Stack
1 => 135 126
82 new total iteration => 72
1 => Popped From Local Stack
1 => 136 126
73 new total iteration => 53
1 => Popped From Local Stack
1 => 137 126
1 => changing to UW
1 => changing to OR
1 => changing to UW
1 => changing to OR
1 => changing to UW
1 => changing to OR
1 => changing to UW
1 => changing to OR
1 => changing to UW
1 => changing to OR
1 => changing to UW
1 => changing to OR
72 new total iteration => 68
1 => Popped From Local Stack
1 => 156 144
73 new total iteration => 69
1 => Popped From Local Stack
1 => 161 148
1 => changing to UW
70 new total iteration => 63
1 => Popped From Local Stack
1 => 162 148
1 => changing to OR
64 new total iteration => 57
1 => Popped From Local Stack
1 => 163 148
58 new total iteration => 49
1 => Popped From Local Stack
1 => 164 148
50 new total iteration => 43
1 => Popped From Local Stack
1 => 165 148
1 => changing to UW
1 => changing to OR
1 => changing to UW
1 => changing to OR
1 => changing to UW
1 => changing to OR
1 => changing to UW
1 => changing to OR
1 => changing to UW
1 => changing to OR
1 => changing to UW
1 => changing to OR
1 => changing to UW
1 => changing to OR
85 new total iteration => 79
1 => Popped From Local Stack
1 => 207 189
1 => changing to UW
80 new total iteration => 64
1 => Popped From Local Stack
1 => 208 190
1 => changing to OR
65 new total iteration => 49
1 => Popped From Local Stack
1 => 209 190
1 => changing to UW
1 => Outcome : ReachedBound
1 =>: 75 <= UW iterations OR => 135
Verification Outcome : OK
Time Taken : 269.871198
 new call tree total iteration => 50
1 => changing to UW
Verifying mouser_ioallocateirpsignaleventincompletion_0.bpl.bpl
Corral program verifier version 1.0.0.0
http://localhost:5002/
1 => changing to UW
3 new total iteration => 2
1 => Popped From Local Stack
1 => 3 2
1 => changing to OR
1 => changing to UW
1 => changing to OR
1 => changing to UW
1 => changing to OR
1 => changing to UW
1 => changing to OR
1 => changing to UW
1 => changing to OR
1 => changing to UW
1 => changing to OR
1 => changing to UW
1 => changing to OR
1 => changing to UW
49 new total iteration => 48
1 => Popped From Local Stack
1 => 50 49
1 => changing to OR
1 => changing to UW
1 => changing to OR
1 => changing to UW
1 => changing to OR
57 new total iteration => 56
1 => Popped From Local Stack
1 => 59 57
1 => changing to UW
1 => changing to OR
1 => changing to UW
1 => changing to OR
1 => changing to UW
1 => changing to OR
1 => changing to UW
1 => changing to OR
1 => changing to UW
1 => changing to OR
1 => changing to UW
1 => changing to OR
1 => changing to UW
1 => changing to OR
1 => changing to UW
1 => changing to OR
1 => changing to UW
1 => changing to OR
1 => changing to UW
1 => changing to OR
1 => changing to UW
1 => changing to OR
1 => changing to UW
1 => changing to OR
1 => changing to UW
1 => changing to OR
102 new total iteration => 87
1 => Popped From Local Stack
1 => 105 102
1 => changing to UW
1 => changing to OR
91 new total iteration => 77
1 => Popped From Local Stack
1 => 109 105
1 => changing to UW
1 => changing to OR
1 => changing to UW
94 new total iteration => 93
1 => Popped From Local Stack
1 => 126 122
1 => changing to OR
97 new total iteration => 78
1 => Popped From Local Stack
1 => 130 125
1 => changing to UW
79 new total iteration => 71
1 => Popped From Local Stack
1 => 131 125
1 => changing to OR
1 => changing to UW
1 => changing to OR
1 => changing to UW
1 => changing to OR
1 => changing to UW
1 => changing to OR
1 => changing to UW
1 => changing to OR
1 => changing to UW
1 => changing to OR
1 => changing to UW
1 => changing to OR
1 => changing to UW
1 => changing to OR
1 => changing to UW
1 => changing to OR
1 => changing to UW
1 => changing to OR
1 => changing to UW
1 => changing to OR
1 => changing to UW
1 => changing to OR
1 => changing to UW
1 => changing to OR
1 => changing to UW
1 => changing to OR
1 => changing to UW
1 => changing to OR
1 => changing to UW
1 => changing to OR
1 => changing to UW
1 => changing to OR
125 new total iteration => 117
1 => Popped From Local Stack
1 => 185 178
1 => changing to UW
1 => changing to OR
1 => changing to UW
1 => changing to OR
1 => changing to UW
1 => changing to OR
1 => changing to UW
1 => changing to OR
1 => changing to UW
1 => changing to OR
1 => changing to UW
1 => changing to OR
1 => changing to UW
1 => changing to OR
1 => changing to UW
1 => changing to OR
1 => changing to UW
1 => changing to OR
150 new total iteration => 144
1 => Popped From Local Stack
1 => 218 210
145 new total iteration => 132
1 => Popped From Local Stack
1 => 219 210
133 new total iteration => 118
1 => Popped From Local Stack
1 => 220 210
119 new total iteration => 111
1 => Popped From Local Stack
1 => 221 210
112 new total iteration => 103
1 => Popped From Local Stack
1 => 222 210
1 => changing to UW
104 new total iteration => 94
1 => Popped From Local Stack
1 => 223 210
95 new total iteration => 88
1 => Popped From Local Stack
1 => 224 210
1 => changing to OR
89 new total iteration => 78
1 => Popped From Local Stack
1 => 225 210
1 => changing to UW
79 new total iteration => 65
1 => Popped From Local Stack
1 => 226 210
1 => changing to OR
1 => changing to UW
1 => changing to OR
1 => changing to UW
1 => changing to OR
88 new total iteration => 83
1 => Popped From Local Stack
1 => 249 232
1 => changing to UW
84 new total iteration => 76
1 => Popped From Local Stack
1 => 250 232
1 => changing to OR
77 new total iteration => 68
1 => Popped From Local Stack
1 => 251 232
69 new total iteration => 62
1 => Popped From Local Stack
1 => 252 232
1 => changing to UW
1 => changing to OR
1 => changing to UW
1 => changing to OR
1 => changing to UW
1 => changing to OR
1 => changing to UW
1 => changing to OR
1 => changing to UW
1 => changing to OR
1 => changing to UW
1 => changing to OR
1 => changing to UW
1 => changing to OR
1 => changing to UW
1 => changing to OR
1 => changing to UW
1 => changing to OR
1 => changing to UW
1 => changing to OR
1 => changing to UW
1 => changing to OR
1 => changing to UW
1 => changing to OR
1 => changing to UW
1 => changing to OR
113 new total iteration => 106
1 => Popped From Local Stack
1 => 303 282
107 new total iteration => 99
1 => Popped From Local Stack
1 => 304 282
1 => changing to UW
100 new total iteration => 94
1 => Popped From Local Stack
1 => 305 282
95 new total iteration => 86
1 => Popped From Local Stack
1 => 306 282
1 => changing to OR
87 new total iteration => 79
1 => Popped From Local Stack
1 => 307 282
1 => changing to UW
80 new total iteration => 67
1 => Popped From Local Stack
1 => 308 282
68 new total iteration => 63
1 => Popped From Local Stack
1 => 309 282
1 => changing to OR
1 => Outcome : ReachedBound
1 =>: 180 <= UW iterations OR => 130
Verification Outcome : OK
Time Taken : 347.949207
 new call tree total iteration => 64
1 => changing to UW
Verifying mouser_ioallocateirpsignaleventincompletion_0.bpl.bpl
Corral program verifier version 1.0.0.0
http://localhost:5002/
1 => changing to UW
3 new total iteration => 2
1 => Popped From Local Stack
1 => 3 2
1 => changing to OR
1 => changing to UW
1 => changing to OR
1 => changing to UW
1 => changing to OR
1 => changing to UW
1 => changing to OR
1 => changing to UW
1 => changing to OR
1 => changing to UW
1 => changing to OR
1 => changing to UW
1 => changing to OR
1 => changing to UW
1 => changing to OR
1 => changing to UW
1 => changing to OR
1 => changing to UW
1 => changing to OR
55 new total iteration => 54
1 => Popped From Local Stack
1 => 56 54
1 => changing to UW
1 => changing to OR
1 => changing to UW
1 => changing to OR
1 => changing to UW
68 new total iteration => 67
1 => Popped From Local Stack
1 => 70 68
1 => changing to OR
1 => changing to UW
1 => changing to OR
1 => changing to UW
1 => changing to OR
1 => changing to UW
1 => changing to OR
1 => changing to UW
1 => changing to OR
1 => changing to UW
1 => changing to OR
1 => changing to UW
1 => changing to OR
1 => changing to UW
1 => changing to OR
1 => changing to UW
1 => changing to OR
1 => changing to UW
1 => changing to OR
1 => changing to UW
1 => changing to OR
1 => changing to UW
1 => changing to OR
1 => changing to UW
1 => changing to OR
1 => changing to UW
1 => changing to OR
1 => changing to UW
1 => changing to OR
1 => changing to UW
1 => changing to OR
148 new total iteration => 136
1 => Popped From Local Stack
1 => 151 148
137 new total iteration => 119
1 => Popped From Local Stack
1 => 152 148
120 new total iteration => 100
1 => Popped From Local Stack
1 => 153 148
1 => changing to UW
1 => changing to OR
1 => changing to UW
1 => changing to OR
1 => changing to UW
1 => changing to OR
1 => changing to UW
1 => changing to OR
1 => changing to UW
1 => changing to OR
1 => changing to UW
1 => changing to OR
1 => changing to UW
1 => changing to OR
170 new total iteration => 169
1 => Popped From Local Stack
1 => 223 217
173 new total iteration => 154
1 => Popped From Local Stack
1 => 227 220
155 new total iteration => 141
1 => Popped From Local Stack
1 => 228 220
142 new total iteration => 131
1 => Popped From Local Stack
1 => 229 220
132 new total iteration => 121
1 => Popped From Local Stack
1 => 230 220
122 new total iteration => 107
1 => Popped From Local Stack
1 => 231 220
108 new total iteration => 101
1 => Popped From Local Stack
1 => 232 220
102 new total iteration => 87
1 => Popped From Local Stack
1 => 233 220
1 => changing to UW
1 => changing to OR
1 => changing to UW
1 => changing to OR
1 => changing to UW
1 => changing to OR
1 => changing to UW
1 => changing to OR
1 => changing to UW
1 => changing to OR
1 => changing to UW
1 => changing to OR
113 new total iteration => 96
1 => Popped From Local Stack
1 => 259 245
97 new total iteration => 76
1 => Popped From Local Stack
1 => 260 245
1 => changing to UW
1 => changing to OR
1 => changing to UW
1 => changing to OR
1 => changing to UW
1 => changing to OR
1 => changing to UW
1 => changing to OR
1 => changing to UW
1 => changing to OR
1 => changing to UW
1 => changing to OR
1 => changing to UW
1 => changing to OR
1 => changing to UW
1 => changing to OR
1 => changing to UW
1 => changing to OR
1 => changing to UW
1 => changing to OR
134 new total iteration => 121
1 => Popped From Local Stack
1 => 318 302
122 new total iteration => 110
1 => Popped From Local Stack
1 => 319 302
111 new total iteration => 97
1 => Popped From Local Stack
1 => 320 302
1 => changing to UW
98 new total iteration => 87
1 => Popped From Local Stack
1 => 321 302
1 => changing to OR
88 new total iteration => 77
1 => Popped From Local Stack
1 => 322 302
1 => Outcome : ReachedBound
1 =>: 93 <= UW iterations OR => 230
Verification Outcome : OK
Time Taken : 249.696666
 new call tree total iteration => 78
1 => changing to UW
Verifying mouser_ioallocateirpsignaleventincompletion_0.bpl.bpl
Corral program verifier version 1.0.0.0
http://localhost:5002/
1 => changing to UW
3 new total iteration => 2
1 => Popped From Local Stack
1 => 3 2
1 => changing to OR
1 => changing to UW
1 => changing to OR
1 => changing to UW
1 => changing to OR
1 => changing to UW
1 => changing to OR
1 => changing to UW
1 => changing to OR
1 => changing to UW
1 => changing to OR
1 => changing to UW
1 => changing to OR
1 => changing to UW
1 => changing to OR
1 => changing to UW
49 new total iteration => 48
1 => Popped From Local Stack
1 => 50 49
1 => changing to OR
1 => changing to UW
1 => changing to OR
1 => changing to UW
1 => changing to OR
1 => changing to UW
1 => changing to OR
65 new total iteration => 64
1 => Popped From Local Stack
1 => 67 65
1 => changing to UW
1 => changing to OR
1 => changing to UW
1 => changing to OR
1 => changing to UW
1 => changing to OR
1 => changing to UW
1 => changing to OR
1 => changing to UW
1 => changing to OR
1 => changing to UW
1 => changing to OR
1 => changing to UW
1 => changing to OR
1 => changing to UW
1 => changing to OR
1 => changing to UW
1 => changing to OR
1 => changing to UW
1 => changing to OR
1 => changing to UW
1 => changing to OR
146 new total iteration => 135
1 => Popped From Local Stack
1 => 149 146
136 new total iteration => 120
1 => Popped From Local Stack
1 => 150 146
121 new total iteration => 102
1 => Popped From Local Stack
1 => 151 146
1 => changing to UW
1 => changing to OR
1 => changing to UW
1 => changing to OR
1 => changing to UW
1 => changing to OR
192 new total iteration => 184
1 => Popped From Local Stack
1 => 241 235
185 new total iteration => 167
1 => Popped From Local Stack
1 => 242 235
168 new total iteration => 149
1 => Popped From Local Stack
1 => 243 235
150 new total iteration => 135
1 => Popped From Local Stack
1 => 244 235
136 new total iteration => 120
1 => Popped From Local Stack
1 => 245 235
121 new total iteration => 107
1 => Popped From Local Stack
1 => 246 235
108 new total iteration => 84
1 => Popped From Local Stack
1 => 247 235
1 => changing to UW
1 => changing to OR
1 => changing to UW
1 => changing to OR
1 => changing to UW
1 => changing to OR
1 => changing to UW
1 => changing to OR
1 => changing to UW
1 => changing to OR
116 new total iteration => 108
1 => Popped From Local Stack
1 => 279 266
109 new total iteration => 92
1 => Popped From Local Stack
1 => 280 266
93 new total iteration => 75
1 => Popped From Local Stack
1 => 281 266
1 => changing to UW
1 => changing to OR
1 => changing to UW
1 => changing to OR
1 => changing to UW
1 => changing to OR
1 => changing to UW
1 => changing to OR
1 => changing to UW
1 => changing to OR
1 => changing to UW
1 => changing to OR
1 => changing to UW
1 => changing to OR
1 => changing to UW
1 => changing to OR
146 new total iteration => 143
1 => Popped From Local Stack
1 => 352 336
144 new total iteration => 126
1 => Popped From Local Stack
1 => 353 336
127 new total iteration => 111
1 => Popped From Local Stack
1 => 354 336
112 new total iteration => 99
1 => Popped From Local Stack
1 => 355 336
100 new total iteration => 84
1 => Popped From Local Stack
1 => 356 336
1 => Outcome : ReachedBound
1 =>: 68 <= UW iterations OR => 289
Verification Outcome : OK
Time Taken : 231.075682
 new call tree total iteration => 85
1 => changing to UW
Verifying mouser_ioallocateirpsignaleventincompletion_1.bpl.bpl
Corral program verifier version 1.0.0.0
http://localhost:5002/
1 => changing to UW
3 new total iteration => 2
1 => Popped From Local Stack
1 => 3 2
1 => changing to OR
1 => changing to UW
1 => changing to OR
1 => changing to UW
1 => changing to OR
1 => changing to UW
47 new total iteration => 46
1 => Popped From Local Stack
1 => 48 47
1 => changing to OR
1 => changing to UW
1 => changing to OR
1 => changing to UW
53 new total iteration => 52
1 => Popped From Local Stack
1 => 55 54
1 => changing to OR
1 => changing to UW
1 => changing to OR
1 => changing to UW
1 => changing to OR
1 => changing to UW
1 => changing to OR
1 => changing to UW
1 => changing to OR
1 => changing to UW
1 => changing to OR
1 => changing to UW
1 => changing to OR
1 => changing to UW
1 => changing to OR
1 => changing to UW
1 => changing to OR
1 => changing to UW
1 => changing to OR
1 => changing to UW
1 => changing to OR
101 new total iteration => 88
1 => Popped From Local Stack
1 => 104 102
1 => changing to UW
89 new total iteration => 80
1 => Popped From Local Stack
1 => 105 103
81 new total iteration => 71
1 => Popped From Local Stack
1 => 106 104
1 => changing to OR
1 => changing to UW
1 => changing to OR
77 new total iteration => 74
1 => Popped From Local Stack
1 => 112 109
1 => changing to UW
75 new total iteration => 63
1 => Popped From Local Stack
1 => 113 109
1 => changing to OR
1 => changing to UW
1 => changing to OR
1 => changing to UW
1 => changing to OR
1 => changing to UW
1 => changing to OR
1 => changing to UW
1 => changing to OR
1 => changing to UW
1 => changing to OR
1 => changing to UW
1 => changing to OR
1 => changing to UW
86 new total iteration => 83
1 => Popped From Local Stack
1 => 136 132
84 new total iteration => 70
1 => Popped From Local Stack
1 => 137 133
1 => changing to OR
71 new total iteration => 59
1 => Popped From Local Stack
1 => 138 133
1 => changing to UW
1 => changing to OR
1 => changing to UW
1 => changing to OR
1 => changing to UW
1 => changing to OR
1 => changing to UW
1 => changing to OR
1 => changing to UW
1 => changing to OR
1 => changing to UW
1 => changing to OR
1 => changing to UW
1 => changing to OR
1 => changing to UW
1 => changing to OR
1 => changing to UW
1 => changing to OR
1 => changing to UW
1 => changing to OR
1 => changing to UW
1 => changing to OR
1 => changing to UW
1 => changing to OR
1 => changing to UW
104 new total iteration => 94
1 => Popped From Local Stack
1 => 183 178
1 => changing to OR
1 => changing to UW
1 => changing to OR
1 => changing to UW
1 => changing to OR
1 => changing to UW
1 => changing to OR
1 => changing to UW
1 => changing to OR
1 => changing to UW
1 => changing to OR
1 => changing to UW
1 => changing to OR
1 => changing to UW
1 => changing to OR
1 => changing to UW
1 => changing to OR
129 new total iteration => 123
1 => Popped From Local Stack
1 => 218 212
124 new total iteration => 111
1 => Popped From Local Stack
1 => 219 212
112 new total iteration => 95
1 => Popped From Local Stack
1 => 220 212
1 => changing to UW
96 new total iteration => 87
1 => Popped From Local Stack
1 => 221 212
88 new total iteration => 80
1 => Popped From Local Stack
1 => 222 212
81 new total iteration => 72
1 => Popped From Local Stack
1 => 223 212
73 new total iteration => 65
1 => Popped From Local Stack
1 => 224 212
1 => changing to OR
66 new total iteration => 56
1 => Popped From Local Stack
1 => 225 212
1 => changing to UW
1 => changing to OR
1 => changing to UW
1 => changing to OR
1 => changing to UW
1 => changing to OR
1 => changing to UW
1 => changing to OR
1 => changing to UW
1 => changing to OR
1 => changing to UW
1 => changing to OR
1 => changing to UW
1 => changing to OR
1 => changing to UW
1 => changing to OR
1 => changing to UW
1 => changing to OR
1 => changing to UW
1 => changing to OR
1 => changing to UW
1 => changing to OR
1 => changing to UW
1 => changing to OR
1 => changing to UW
1 => changing to OR
112 new total iteration => 101
1 => Popped From Local Stack
1 => 281 267
1 => changing to UW
102 new total iteration => 91
1 => Popped From Local Stack
1 => 282 268
1 => changing to OR
92 new total iteration => 86
1 => Popped From Local Stack
1 => 283 268
1 => changing to UW
87 new total iteration => 79
1 => Popped From Local Stack
1 => 284 269
1 => changing to OR
80 new total iteration => 71
1 => Popped From Local Stack
1 => 285 269
1 => changing to UW
72 new total iteration => 63
1 => Popped From Local Stack
1 => 286 270
64 new total iteration => 60
1 => Popped From Local Stack
1 => 287 271
1 => changing to OR
61 new total iteration => 57
1 => Popped From Local Stack
1 => 288 271
1 => Outcome : ReachedBound
1 =>: 168 <= UW iterations OR => 121
Verification Outcome : OK
Time Taken : 352.995105
 new call tree total iteration => 58
1 => changing to UW
Verifying mouser_ioallocateirpsignaleventincompletion_1.bpl.bpl
Corral program verifier version 1.0.0.0
http://localhost:5002/
1 => changing to UW
3 new total iteration => 2
1 => Popped From Local Stack
1 => 3 2
1 => changing to OR
1 => changing to UW
1 => changing to OR
1 => changing to UW
1 => changing to OR
1 => changing to UW
1 => changing to OR
1 => changing to UW
1 => changing to OR
1 => changing to UW
47 new total iteration => 46
1 => Popped From Local Stack
1 => 48 47
1 => changing to OR
1 => changing to UW
1 => changing to OR
1 => changing to UW
1 => changing to OR
57 new total iteration => 56
1 => Popped From Local Stack
1 => 59 57
1 => changing to UW
1 => changing to OR
1 => changing to UW
1 => changing to OR
1 => changing to UW
1 => changing to OR
1 => changing to UW
1 => changing to OR
1 => changing to UW
1 => changing to OR
1 => changing to UW
1 => changing to OR
1 => changing to UW
1 => changing to OR
1 => changing to UW
1 => changing to OR
1 => changing to UW
1 => changing to OR
1 => changing to UW
1 => changing to OR
1 => changing to UW
1 => changing to OR
115 new total iteration => 112
1 => Popped From Local Stack
1 => 118 115
113 new total iteration => 94
1 => Popped From Local Stack
1 => 119 115
95 new total iteration => 81
1 => Popped From Local Stack
1 => 120 115
1 => changing to UW
1 => changing to OR
1 => changing to UW
1 => changing to OR
1 => changing to UW
1 => changing to OR
93 new total iteration => 71
1 => Popped From Local Stack
1 => 132 126
1 => changing to UW
1 => changing to OR
1 => changing to UW
1 => changing to OR
1 => changing to UW
1 => changing to OR
1 => changing to UW
1 => changing to OR
1 => changing to UW
1 => changing to OR
1 => changing to UW
1 => changing to OR
1 => changing to UW
1 => changing to OR
1 => changing to UW
1 => changing to OR
142 new total iteration => 134
1 => Popped From Local Stack
1 => 203 196
143 new total iteration => 141
1 => Popped From Local Stack
1 => 212 204
142 new total iteration => 121
1 => Popped From Local Stack
1 => 213 204
1 => changing to UW
1 => changing to OR
1 => changing to UW
1 => changing to OR
1 => changing to UW
1 => changing to OR
134 new total iteration => 133
1 => Popped From Local Stack
1 => 226 216
1 => changing to UW
134 new total iteration => 108
1 => Popped From Local Stack
1 => 227 216
1 => changing to OR
109 new total iteration => 96
1 => Popped From Local Stack
1 => 228 216
97 new total iteration => 85
1 => Popped From Local Stack
1 => 229 216
1 => changing to UW
86 new total iteration => 72
1 => Popped From Local Stack
1 => 230 216
1 => changing to OR
73 new total iteration => 64
1 => Popped From Local Stack
1 => 231 216
1 => changing to UW
1 => changing to OR
1 => changing to UW
1 => changing to OR
1 => changing to UW
1 => changing to OR
1 => changing to UW
1 => changing to OR
1 => changing to UW
1 => changing to OR
90 new total iteration => 89
1 => Popped From Local Stack
1 => 257 241
90 new total iteration => 74
1 => Popped From Local Stack
1 => 258 241
75 new total iteration => 59
1 => Popped From Local Stack
1 => 259 241
1 => changing to UW
1 => changing to OR
1 => changing to UW
1 => changing to OR
1 => changing to UW
1 => changing to OR
1 => changing to UW
1 => changing to OR
1 => changing to UW
1 => changing to OR
1 => changing to UW
1 => changing to OR
1 => changing to UW
1 => changing to OR
1 => changing to UW
1 => changing to OR
1 => changing to UW
1 => changing to OR
1 => changing to UW
1 => changing to OR
1 => changing to UW
1 => changing to OR
1 => changing to UW
1 => changing to OR
1 => changing to UW
1 => changing to OR
110 new total iteration => 101
1 => Popped From Local Stack
1 => 310 291
104 new total iteration => 103
1 => Popped From Local Stack
1 => 313 293
106 new total iteration => 96
1 => Popped From Local Stack
1 => 316 295
97 new total iteration => 88
1 => Popped From Local Stack
1 => 317 295
89 new total iteration => 80
1 => Popped From Local Stack
1 => 318 295
81 new total iteration => 71
1 => Popped From Local Stack
1 => 319 295
72 new total iteration => 61
1 => Popped From Local Stack
1 => 320 295
1 => Outcome : ReachedBound
1 =>: 105 <= UW iterations OR => 216
Verification Outcome : OK
Time Taken : 304.214993
 new call tree total iteration => 62
1 => changing to OR
Verifying mouser_ioallocateirpsignaleventincompletion_1.bpl.bpl
Corral program verifier version 1.0.0.0
http://localhost:5002/
1 => changing to UW
3 new total iteration => 2
1 => Popped From Local Stack
1 => 3 2
1 => changing to OR
1 => changing to UW
1 => changing to OR
1 => changing to UW
1 => changing to OR
1 => changing to UW
1 => changing to OR
1 => changing to UW
1 => changing to OR
1 => changing to UW
1 => changing to OR
1 => changing to UW
1 => changing to OR
54 new total iteration => 53
1 => Popped From Local Stack
1 => 55 53
1 => changing to UW
1 => changing to OR
1 => changing to UW
1 => changing to OR
80 new total iteration => 79
1 => Popped From Local Stack
1 => 82 79
1 => changing to UW
1 => changing to OR
1 => changing to UW
1 => changing to OR
1 => changing to UW
1 => changing to OR
1 => changing to UW
1 => changing to OR
172 new total iteration => 164
1 => Popped From Local Stack
1 => 175 171
165 new total iteration => 149
1 => Popped From Local Stack
1 => 176 171
150 new total iteration => 131
1 => Popped From Local Stack
1 => 177 171
221 new total iteration => 214
1 => Popped From Local Stack
1 => 267 260
215 new total iteration => 195
1 => Popped From Local Stack
1 => 268 260
196 new total iteration => 174
1 => Popped From Local Stack
1 => 269 260
175 new total iteration => 154
1 => Popped From Local Stack
1 => 270 260
155 new total iteration => 139
1 => Popped From Local Stack
1 => 271 260
140 new total iteration => 112
1 => Popped From Local Stack
1 => 272 260
1 => changing to UW
1 => changing to OR
1 => changing to UW
1 => changing to OR
155 new total iteration => 146
1 => Popped From Local Stack
1 => 315 302
147 new total iteration => 125
1 => Popped From Local Stack
1 => 316 302
126 new total iteration => 92
1 => Popped From Local Stack
1 => 317 302
1 => changing to UW
1 => changing to OR
1 => changing to UW
1 => changing to OR
1 => changing to UW
1 => changing to OR
1 => changing to UW
1 => changing to OR
1 => changing to UW
1 => changing to OR
175 new total iteration => 172
1 => Popped From Local Stack
1 => 400 384
173 new total iteration => 153
1 => Popped From Local Stack
1 => 401 384
154 new total iteration => 133
1 => Popped From Local Stack
1 => 402 384
134 new total iteration => 117
1 => Popped From Local Stack
1 => 403 384
118 new total iteration => 102
1 => Popped From Local Stack
1 => 404 384
1 => Outcome : ReachedBound
1 =>: 49 <= UW iterations OR => 356
Verification Outcome : OK
Time Taken : 211.577539
 new call tree total iteration => 103
1 => changing to OR
Verifying usbccgp_irqlioapclte_0.bpl.bpl
Corral program verifier version 1.0.0.0
http://localhost:5002/
1 => changing to UW
3 new total iteration => 2
1 => Popped From Local Stack
1 => 3 2
1 => changing to OR
1 => changing to UW
1 => changing to OR
1 => changing to UW
1 => changing to OR
1 => changing to UW
1 => changing to OR
1 => changing to UW
1 => changing to OR
1 => changing to UW
1 => changing to OR
1 => changing to UW
1 => changing to OR
1 => changing to UW
53 new total iteration => 52
1 => Popped From Local Stack
1 => 54 53
1 => changing to OR
1 => changing to UW
1 => changing to OR
1 => changing to UW
1 => changing to OR
63 new total iteration => 62
1 => Popped From Local Stack
1 => 65 63
1 => changing to UW
1 => changing to OR
1 => changing to UW
1 => changing to OR
1 => changing to UW
1 => changing to OR
1 => changing to UW
1 => changing to OR
1 => changing to UW
1 => changing to OR
1 => changing to UW
1 => changing to OR
1 => changing to UW
1 => changing to OR
1 => changing to UW
1 => changing to OR
1 => changing to UW
1 => changing to OR
1 => changing to UW
1 => changing to OR
1 => changing to UW
1 => changing to OR
1 => changing to UW
1 => changing to OR
1 => changing to UW
1 => changing to OR
1 => changing to UW
1 => changing to OR
1 => changing to UW
1 => changing to OR
1 => changing to UW
1 => changing to OR
1 => changing to UW
121 new total iteration => 120
1 => Popped From Local Stack
1 => 124 122
1 => changing to OR
1 => changing to UW
128 new total iteration => 127
1 => Popped From Local Stack
1 => 132 130
1 => changing to OR
1 => changing to UW
1 => changing to OR
1 => changing to UW
137 new total iteration => 136
1 => Popped From Local Stack
1 => 142 140
1 => changing to OR
1 => changing to UW
1 => changing to OR
1 => changing to UW
1 => changing to OR
1 => changing to UW
1 => changing to OR
153 new total iteration => 152
1 => Popped From Local Stack
1 => 159 156
1 => changing to UW
1 => changing to OR
1 => changing to UW
1 => changing to OR
160 new total iteration => 159
1 => Popped From Local Stack
1 => 167 163
1 => changing to UW
1 => changing to OR
1 => changing to UW
1 => changing to OR
1 => changing to UW
1 => changing to OR
1 => changing to UW
1 => changing to OR
1 => changing to UW
1 => changing to OR
1 => changing to UW
1 => changing to OR
1 => changing to UW
1 => changing to OR
188 new total iteration => 183
1 => Popped From Local Stack
1 => 196 191
184 new total iteration => 177
1 => Popped From Local Stack
1 => 197 191
178 new total iteration => 171
1 => Popped From Local Stack
1 => 198 191
172 new total iteration => 165
1 => Popped From Local Stack
1 => 199 191
1 => changing to UW
1 => changing to OR
1 => changing to UW
1 => changing to OR
173 new total iteration => 171
1 => Popped From Local Stack
1 => 207 198
172 new total iteration => 166
1 => Popped From Local Stack
1 => 208 198
167 new total iteration => 143
1 => Popped From Local Stack
1 => 209 198
144 new total iteration => 111
1 => Popped From Local Stack
1 => 210 198
1 => changing to UW
1 => changing to OR
1 => changing to UW
1 => changing to OR
1 => changing to UW
1 => changing to OR
1 => changing to UW
1 => changing to OR
1 => changing to UW
1 => changing to OR
140 new total iteration => 139
1 => Popped From Local Stack
1 => 239 226
1 => changing to UW
1 => changing to OR
1 => changing to UW
1 => changing to OR
1 => changing to UW
147 new total iteration => 146
1 => Popped From Local Stack
1 => 247 234
1 => changing to OR
1 => changing to UW
151 new total iteration => 150
1 => Popped From Local Stack
1 => 252 239
1 => changing to OR
1 => changing to UW
1 => changing to OR
158 new total iteration => 157
1 => Popped From Local Stack
1 => 260 246
1 => changing to UW
1 => changing to OR
169 new total iteration => 168
1 => Popped From Local Stack
1 => 272 257
1 => changing to UW
1 => changing to OR
1 => changing to UW
1 => changing to OR
178 new total iteration => 173
1 => Popped From Local Stack
1 => 282 266
174 new total iteration => 163
1 => Popped From Local Stack
1 => 283 266
1 => changing to UW
164 new total iteration => 131
1 => Popped From Local Stack
1 => 284 266
132 new total iteration => 122
1 => Popped From Local Stack
1 => 285 266
123 new total iteration => 112
1 => Popped From Local Stack
1 => 286 266
113 new total iteration => 100
1 => Popped From Local Stack
1 => 287 266
1 => changing to OR
1 => changing to UW
1 => changing to OR
1 => changing to UW
1 => changing to OR
1 => changing to UW
1 => changing to OR
1 => changing to UW
1 => changing to OR
1 => changing to UW
1 => changing to OR
121 new total iteration => 120
1 => Popped From Local Stack
1 => 308 286
1 => changing to UW
1 => changing to OR
1 => changing to UW
1 => changing to OR
1 => changing to UW
1 => changing to OR
1 => changing to UW
1 => changing to OR
130 new total iteration => 129
1 => Popped From Local Stack
1 => 318 295
1 => changing to UW
134 new total iteration => 133
1 => Popped From Local Stack
1 => 323 300
1 => changing to OR
1 => changing to UW
138 new total iteration => 137
1 => Popped From Local Stack
1 => 328 305
1 => changing to OR
1 => changing to UW
1 => changing to OR
141 new total iteration => 140
1 => Popped From Local Stack
1 => 332 308
1 => changing to UW
1 => changing to OR
144 new total iteration => 142
1 => Popped From Local Stack
1 => 336 311
143 new total iteration => 110
1 => Popped From Local Stack
1 => 337 311
111 new total iteration => 101
1 => Popped From Local Stack
1 => 338 311
102 new total iteration => 92
1 => Popped From Local Stack
1 => 339 311
1 => changing to UW
1 => changing to OR
1 => changing to UW
1 => changing to OR
1 => changing to UW
1 => changing to OR
1 => changing to UW
1 => changing to OR
1 => changing to UW
1 => changing to OR
1 => changing to UW
1 => changing to OR
1 => changing to UW
1 => changing to OR
1 => changing to UW
1 => changing to OR
1 => changing to UW
1 => changing to OR
1 => changing to UW
1 => changing to OR
1 => changing to UW
136 new total iteration => 135
1 => Popped From Local Stack
1 => 383 355
1 => changing to OR
1 => changing to UW
1 => changing to OR
1 => changing to UW
1 => changing to OR
143 new total iteration => 142
1 => Popped From Local Stack
1 => 391 362
1 => changing to UW
1 => changing to OR
1 => changing to UW
1 => changing to OR
1 => changing to UW
150 new total iteration => 149
1 => Popped From Local Stack
1 => 399 370
1 => changing to OR
1 => changing to UW
1 => changing to OR
153 new total iteration => 152
1 => Popped From Local Stack
1 => 403 373
1 => changing to UW
1 => changing to OR
159 new total iteration => 157
1 => Popped From Local Stack
1 => 410 379
158 new total iteration => 126
1 => Popped From Local Stack
1 => 411 379
127 new total iteration => 117
1 => Popped From Local Stack
1 => 412 379
1 => changing to UW
118 new total iteration => 107
1 => Popped From Local Stack
1 => 413 379
1 => changing to OR
108 new total iteration => 93
1 => Popped From Local Stack
1 => 414 379
94 new total iteration => 85
1 => Popped From Local Stack
1 => 415 379
1 => changing to UW
1 => changing to OR
1 => changing to UW
1 => changing to OR
1 => changing to UW
1 => changing to OR
1 => changing to UW
1 => changing to OR
1 => changing to UW
1 => changing to OR
1 => changing to UW
1 => changing to OR
1 => changing to UW
1 => changing to OR
1 => changing to UW
1 => changing to OR
1 => changing to UW
1 => changing to OR
116 new total iteration => 115
1 => Popped From Local Stack
1 => 446 409
1 => changing to UW
1 => changing to OR
1 => changing to UW
1 => changing to OR
124 new total iteration => 123
1 => Popped From Local Stack
1 => 455 417
1 => changing to UW
1 => changing to OR
1 => changing to UW
1 => changing to OR
129 new total iteration => 128
1 => Popped From Local Stack
1 => 461 422
1 => changing to UW
134 new total iteration => 133
1 => Popped From Local Stack
1 => 467 428
1 => changing to OR
1 => changing to UW
1 => changing to OR
1 => changing to UW
1 => changing to OR
144 new total iteration => 143
1 => Popped From Local Stack
1 => 478 438
146 new total iteration => 138
1 => Popped From Local Stack
1 => 481 440
1 => changing to UW
139 new total iteration => 106
1 => Popped From Local Stack
1 => 482 440
1 => changing to OR
107 new total iteration => 97
1 => Popped From Local Stack
1 => 483 440
1 => changing to UW
98 new total iteration => 86
1 => Popped From Local Stack
1 => 484 440
87 new total iteration => 77
1 => Popped From Local Stack
1 => 485 440
1 => changing to OR
1 => changing to UW
1 => changing to OR
1 => changing to UW
1 => changing to OR
89 new total iteration => 88
1 => Popped From Local Stack
1 => 497 451
1 => changing to UW
1 => changing to OR
1 => changing to UW
94 new total iteration => 93
1 => Popped From Local Stack
1 => 503 457
1 => changing to OR
1 => changing to UW
97 new total iteration => 96
1 => Popped From Local Stack
1 => 507 461
1 => changing to OR
99 new total iteration => 98
1 => Popped From Local Stack
1 => 510 463
99 new total iteration => 78
1 => Popped From Local Stack
1 => 511 463
79 new total iteration => 71
1 => Popped From Local Stack
1 => 512 463
1 => changing to UW
1 => changing to OR
1 => changing to UW
1 => changing to OR
Verification Outcome : TIMEDOUT
Time Taken : 1E-06
Verifying usbccgp_irqlioapclte_0.bpl.bpl
Corral program verifier version 1.0.0.0
http://localhost:5002/
1 => changing to UW
3 new total iteration => 2
1 => Popped From Local Stack
1 => 3 2
1 => changing to OR
1 => changing to UW
1 => changing to OR
1 => changing to UW
1 => changing to OR
1 => changing to UW
1 => changing to OR
1 => changing to UW
53 new total iteration => 52
1 => Popped From Local Stack
1 => 54 53
1 => changing to OR
1 => changing to UW
1 => changing to OR
1 => changing to UW
1 => changing to OR
64 new total iteration => 63
1 => Popped From Local Stack
1 => 66 64
1 => changing to UW
1 => changing to OR
1 => changing to UW
1 => changing to OR
1 => changing to UW
1 => changing to OR
1 => changing to UW
1 => changing to OR
1 => changing to UW
1 => changing to OR
1 => changing to UW
1 => changing to OR
1 => changing to UW
1 => changing to OR
1 => changing to UW
1 => changing to OR
1 => changing to UW
1 => changing to OR
1 => changing to UW
1 => changing to OR
1 => changing to UW
1 => changing to OR
1 => changing to UW
1 => changing to OR
1 => changing to UW
1 => changing to OR
145 new total iteration => 144
1 => Popped From Local Stack
1 => 148 145
1 => changing to UW
1 => changing to OR
162 new total iteration => 161
1 => Popped From Local Stack
1 => 166 162
1 => changing to UW
1 => changing to OR
170 new total iteration => 169
1 => Popped From Local Stack
1 => 175 170
1 => changing to UW
1 => changing to OR
1 => changing to UW
1 => changing to OR
192 new total iteration => 191
1 => Popped From Local Stack
1 => 198 192
1 => changing to UW
1 => changing to OR
200 new total iteration => 199
1 => Popped From Local Stack
1 => 207 200
1 => changing to UW
1 => changing to OR
212 new total iteration => 206
1 => Popped From Local Stack
1 => 220 212
207 new total iteration => 184
1 => Popped From Local Stack
1 => 221 212
185 new total iteration => 176
1 => Popped From Local Stack
1 => 222 212
177 new total iteration => 152
1 => Popped From Local Stack
1 => 223 212
153 new total iteration => 134
1 => Popped From Local Stack
1 => 224 212
1 => changing to UW
1 => changing to OR
162 new total iteration => 161
1 => Popped From Local Stack
1 => 252 239
178 new total iteration => 177
1 => Popped From Local Stack
1 => 269 255
1 => changing to UW
1 => changing to OR
192 new total iteration => 185
1 => Popped From Local Stack
1 => 284 269
186 new total iteration => 169
1 => Popped From Local Stack
1 => 285 269
170 new total iteration => 153
1 => Popped From Local Stack
1 => 286 269
154 new total iteration => 144
1 => Popped From Local Stack
1 => 287 269
145 new total iteration => 135
1 => Popped From Local Stack
1 => 288 269
136 new total iteration => 124
1 => Popped From Local Stack
1 => 289 269
1 => changing to UW
1 => changing to OR
1 => changing to UW
1 => changing to OR
1 => changing to UW
1 => changing to OR
1 => changing to UW
1 => changing to OR
169 new total iteration => 168
1 => Popped From Local Stack
1 => 334 313
193 new total iteration => 192
1 => Popped From Local Stack
1 => 359 337
195 new total iteration => 184
1 => Popped From Local Stack
1 => 362 339
185 new total iteration => 176
1 => Popped From Local Stack
1 => 363 339
177 new total iteration => 160
1 => Popped From Local Stack
1 => 364 339
161 new total iteration => 153
1 => Popped From Local Stack
1 => 365 339
1 => changing to UW
154 new total iteration => 145
1 => Popped From Local Stack
1 => 366 339
1 => changing to OR
146 new total iteration => 136
1 => Popped From Local Stack
1 => 367 339
137 new total iteration => 125
1 => Popped From Local Stack
1 => 368 339
126 new total iteration => 113
1 => Popped From Local Stack
1 => 369 339
1 => changing to UW
1 => changing to OR
1 => changing to UW
1 => changing to OR
1 => changing to UW
1 => changing to OR
1 => changing to UW
1 => changing to OR
155 new total iteration => 154
1 => Popped From Local Stack
1 => 411 380
1 => changing to UW
1 => changing to OR
164 new total iteration => 163
1 => Popped From Local Stack
1 => 421 389
176 new total iteration => 171
1 => Popped From Local Stack
1 => 434 401
172 new total iteration => 146
1 => Popped From Local Stack
1 => 435 401
147 new total iteration => 137
1 => Popped From Local Stack
1 => 436 401
1 => changing to UW
138 new total iteration => 127
1 => Popped From Local Stack
1 => 437 401
1 => changing to OR
128 new total iteration => 117
1 => Popped From Local Stack
1 => 438 401
118 new total iteration => 103
1 => Popped From Local Stack
1 => 439 401
1 => changing to UW
1 => changing to OR
1 => changing to UW
1 => changing to OR
1 => changing to UW
1 => changing to OR
1 => changing to UW
1 => changing to OR
1 => changing to UW
1 => changing to OR
1 => changing to UW
1 => changing to OR
1 => changing to UW
1 => changing to OR
1 => changing to UW
1 => changing to OR
147 new total iteration => 146
1 => Popped From Local Stack
1 => 483 444
1 => changing to UW
1 => changing to OR
156 new total iteration => 155
1 => Popped From Local Stack
1 => 493 453
1 => changing to UW
1 => changing to OR
164 new total iteration => 163
1 => Popped From Local Stack
1 => 502 461
1 => changing to UW
1 => changing to OR
172 new total iteration => 171
1 => Popped From Local Stack
1 => 511 469
184 new total iteration => 178
1 => Popped From Local Stack
1 => 524 481
179 new total iteration => 137
1 => Popped From Local Stack
1 => 525 481
138 new total iteration => 127
1 => Popped From Local Stack
1 => 526 481
1 => changing to UW
128 new total iteration => 118
1 => Popped From Local Stack
1 => 527 481
1 => changing to OR
119 new total iteration => 104
1 => Popped From Local Stack
1 => 528 481
105 new total iteration => 92
1 => Popped From Local Stack
1 => 529 481
1 => changing to UW
1 => changing to OR
1 => changing to UW
1 => changing to OR
1 => changing to UW
1 => changing to OR
1 => changing to UW
1 => changing to OR
114 new total iteration => 113
1 => Popped From Local Stack
1 => 551 502
123 new total iteration => 122
1 => Popped From Local Stack
1 => 561 511
1 => changing to UW
1 => changing to OR
141 new total iteration => 140
1 => Popped From Local Stack
1 => 580 529
1 => changing to UW
1 => changing to OR
1 => changing to UW
1 => changing to OR
150 new total iteration => 149
1 => Popped From Local Stack
1 => 590 538
1 => changing to UW
1 => changing to OR
1 => changing to UW
1 => changing to OR
158 new total iteration => 131
1 => Popped From Local Stack
1 => 599 546
1 => changing to UW
132 new total iteration => 104
1 => Popped From Local Stack
1 => 600 546
1 => changing to OR
105 new total iteration => 93
1 => Popped From Local Stack
1 => 601 546
94 new total iteration => 82
1 => Popped From Local Stack
1 => 602 546
1 => changing to UW
83 new total iteration => 72
1 => Popped From Local Stack
1 => 603 547
1 => changing to OR
1 => changing to UW
1 => changing to OR
1 => changing to UW
1 => changing to OR
85 new total iteration => 84
1 => Popped From Local Stack
1 => 616 559
1 => changing to UW
1 => changing to OR
1 => changing to UW
1 => changing to OR
96 new total iteration => 95
1 => Popped From Local Stack
1 => 628 570
1 => changing to UW
1 => changing to OR
1 => changing to UW
1 => changing to OR
106 new total iteration => 105
1 => Popped From Local Stack
1 => 639 580
114 new total iteration => 113
1 => Popped From Local Stack
1 => 648 588
1 => changing to UW
1 => changing to OR
124 new total iteration => 121
1 => Popped From Local Stack
1 => 659 598
123 new total iteration => 73
1 => Popped From Local Stack
1 => 661 599
1 => changing to UW
1 => Outcome : ReachedBound
1 =>: 117 <= UW iterations OR => 545
Verification Outcome : OK
Time Taken : 799.434361
 new call tree total iteration => 74
1 => changing to UW
Verifying usbccgp_irqlioapclte_0.bpl.bpl
Corral program verifier version 1.0.0.0
http://localhost:5002/
1 => changing to UW
3 new total iteration => 2
1 => Popped From Local Stack
1 => 3 2
1 => changing to OR
1 => changing to UW
1 => changing to OR
1 => changing to UW
1 => changing to OR
1 => changing to UW
1 => changing to OR
1 => changing to UW
1 => changing to OR
1 => changing to UW
1 => changing to OR
1 => changing to UW
1 => changing to OR
1 => changing to UW
1 => changing to OR
1 => changing to UW
1 => changing to OR
1 => changing to UW
1 => changing to OR
49 new total iteration => 48
1 => Popped From Local Stack
1 => 50 48
1 => changing to UW
1 => changing to OR
1 => changing to UW
1 => changing to OR
1 => changing to UW
1 => changing to OR
61 new total iteration => 60
1 => Popped From Local Stack
1 => 63 60
1 => changing to UW
1 => changing to OR
1 => changing to UW
1 => changing to OR
1 => changing to UW
1 => changing to OR
1 => changing to UW
1 => changing to OR
1 => changing to UW
1 => changing to OR
1 => changing to UW
1 => changing to OR
1 => changing to UW
1 => changing to OR
163 new total iteration => 162
1 => Popped From Local Stack
1 => 166 162
1 => changing to UW
1 => changing to OR
193 new total iteration => 192
1 => Popped From Local Stack
1 => 197 192
227 new total iteration => 226
1 => Popped From Local Stack
1 => 232 226
235 new total iteration => 232
1 => Popped From Local Stack
1 => 241 234
233 new total iteration => 220
1 => Popped From Local Stack
1 => 242 234
221 new total iteration => 213
1 => Popped From Local Stack
1 => 243 234
214 new total iteration => 206
1 => Popped From Local Stack
1 => 244 234
207 new total iteration => 199
1 => Popped From Local Stack
1 => 245 234
200 new total iteration => 185
1 => Popped From Local Stack
1 => 246 234
186 new total iteration => 178
1 => Popped From Local Stack
1 => 247 234
179 new total iteration => 170
1 => Popped From Local Stack
1 => 248 234
171 new total iteration => 153
1 => Popped From Local Stack
1 => 249 234
220 new total iteration => 219
1 => Popped From Local Stack
1 => 316 300
231 new total iteration => 226
1 => Popped From Local Stack
1 => 328 311
227 new total iteration => 212
1 => Popped From Local Stack
1 => 329 311
213 new total iteration => 204
1 => Popped From Local Stack
1 => 330 311
205 new total iteration => 196
1 => Popped From Local Stack
1 => 331 311
197 new total iteration => 188
1 => Popped From Local Stack
1 => 332 311
189 new total iteration => 180
1 => Popped From Local Stack
1 => 333 311
181 new total iteration => 172
1 => Popped From Local Stack
1 => 334 311
173 new total iteration => 163
1 => Popped From Local Stack
1 => 335 311
164 new total iteration => 155
1 => Popped From Local Stack
1 => 336 311
156 new total iteration => 144
1 => Popped From Local Stack
1 => 337 311
210 new total iteration => 209
1 => Popped From Local Stack
1 => 403 376
222 new total iteration => 216
1 => Popped From Local Stack
1 => 416 388
217 new total iteration => 202
1 => Popped From Local Stack
1 => 417 388
203 new total iteration => 194
1 => Popped From Local Stack
1 => 418 388
195 new total iteration => 186
1 => Popped From Local Stack
1 => 419 388
187 new total iteration => 178
1 => Popped From Local Stack
1 => 420 388
179 new total iteration => 170
1 => Popped From Local Stack
1 => 421 388
171 new total iteration => 162
1 => Popped From Local Stack
1 => 422 388
163 new total iteration => 154
1 => Popped From Local Stack
1 => 423 388
155 new total iteration => 146
1 => Popped From Local Stack
1 => 424 388
147 new total iteration => 135
1 => Popped From Local Stack
1 => 425 388
1 => changing to UW
1 => changing to OR
178 new total iteration => 177
1 => Popped From Local Stack
1 => 468 430
184 new total iteration => 170
1 => Popped From Local Stack
1 => 475 436
171 new total iteration => 162
1 => Popped From Local Stack
1 => 476 436
163 new total iteration => 154
1 => Popped From Local Stack
1 => 477 436
155 new total iteration => 146
1 => Popped From Local Stack
1 => 478 436
147 new total iteration => 137
1 => Popped From Local Stack
1 => 479 436
138 new total iteration => 127
1 => Popped From Local Stack
1 => 480 436
1 => changing to UW
1 => changing to OR
182 new total iteration => 181
1 => Popped From Local Stack
1 => 535 490
190 new total iteration => 189
1 => Popped From Local Stack
1 => 544 498
212 new total iteration => 211
1 => Popped From Local Stack
1 => 567 520
212 new total iteration => 204
1 => Popped From Local Stack
1 => 568 520
205 new total iteration => 197
1 => Popped From Local Stack
1 => 569 520
198 new total iteration => 173
1 => Popped From Local Stack
1 => 570 520
174 new total iteration => 164
1 => Popped From Local Stack
1 => 571 520
165 new total iteration => 156
1 => Popped From Local Stack
1 => 572 520
157 new total iteration => 147
1 => Popped From Local Stack
1 => 573 520
148 new total iteration => 138
1 => Popped From Local Stack
1 => 574 520
139 new total iteration => 128
1 => Popped From Local Stack
1 => 575 520
129 new total iteration => 118
1 => Popped From Local Stack
1 => 576 520
119 new total iteration => 109
1 => Popped From Local Stack
1 => 577 520
110 new total iteration => 99
1 => Popped From Local Stack
1 => 578 520
1 => changing to UW
1 => changing to OR
123 new total iteration => 122
1 => Popped From Local Stack
1 => 602 543
131 new total iteration => 130
1 => Popped From Local Stack
1 => 611 551
1 => changing to UW
1 => changing to OR
146 new total iteration => 138
1 => Popped From Local Stack
1 => 627 566
139 new total iteration => 113
1 => Popped From Local Stack
1 => 628 566
114 new total iteration => 104
1 => Popped From Local Stack
1 => 629 566
105 new total iteration => 90
1 => Popped From Local Stack
1 => 630 566
91 new total iteration => 80
1 => Popped From Local Stack
1 => 631 566
81 new total iteration => 69
1 => Popped From Local Stack
1 => 632 566
71 new total iteration => 70
1 => Popped From Local Stack
1 => 634 567
1 => changing to UW
1 => changing to OR
1 => changing to UW
1 => changing to OR
1 => changing to UW
1 => changing to OR
83 new total iteration => 82
1 => Popped From Local Stack
1 => 647 579
1 => changing to UW
1 => changing to OR
92 new total iteration => 91
1 => Popped From Local Stack
1 => 657 588
101 new total iteration => 100
1 => Popped From Local Stack
1 => 667 597
1 => changing to UW
1 => changing to OR
1 => changing to UW
1 => changing to OR
Verification Outcome : TIMEDOUT
Time Taken : 2E-06
