Verifying hw_irqliopassive2_0.bpl.bpl
Corral program verifier version 1.0.0.0
Corral program verifier version 1.0.0.0
Corral program verifier version 1.0.0.0
Corral program verifier version 1.0.0.0
http://localhost:5002/
http://localhost:5002/
http://localhost:5002/
http://localhost:5002/
1 => changing to UW
1 => Outcome : Correct
1 =>: 3 <= UW iterations OR => 0
2 => new call tree total iteration : 2
2 => changing to UW
2 => changing to UW
2 => Outcome : Correct
2 =>: 15 <= UW iterations OR => 1
3 => new call tree total iteration : 17
3 => changing to UW
3 => changing to UW
4 => new call tree total iteration : 22
4 => changing to UW
1 => new call tree total iteration : 24
1 => changing to UW
2 => new call tree total iteration : 26
2 => changing to UW
4 => changing to UW
1 => 26 iterations changed to => 25
3 => changing to UW
3 => changing to UW
4 => changing to UW
1 => Outcome : Correct
1 =>: 11 <= UW iterations OR => 0
2 => Outcome : Correct
2 =>: 19 <= UW iterations OR => 2
1 => new call tree total iteration : 27
1 => changing to UW
1 => Outcome : Correct
1 =>: 12 <= UW iterations OR => 0
2 => new call tree total iteration : 29
2 => changing to UW
1 => new call tree total iteration : 25
1 => changing to UW
4 => changing to UW
2 => Outcome : Correct
2 =>: 20 <= UW iterations OR => 3
4 => changing to UW
1 => changing to UW
3 => changing to UW
4 => changing to UW
1 => changing to UW
4 => changing to UW
3 => Outcome : ReachedBound
3 =>: 17 <= UW iterations OR => 13
4 => changing to UW
1 => changing to UW
2 => new call tree total iteration : 46
2 => changing to UW
4 => changing to UW
3 => new call tree total iteration : 45
1 => 43 iterations changed to => 36
1 => changing to UW
4 => changing to UW
1 => changing to UW
2 => changing to UW
4 => changing to UW
3 => changing to UW
3 => 47 iterations changed to => 46
1 => 43 iterations changed to => 42
1 => changing to UW
1 => changing to UW
3 => changing to UW
2 => 56 iterations changed to => 55
4 => changing to UW
1 => changing to UW
2 => changing to UW
4 => changing to UW
1 => changing to UW
1 => Outcome : ReachedBound
1 =>: 31 <= UW iterations OR => 15
4 => 64 iterations changed to => 63
3 => 52 iterations changed to => 51
4 => 64 iterations changed to => 56
1 => new call tree total iteration : 47
2 => 61 iterations changed to => 60
4 => changing to UW
1 => changing to UW
1 => 50 iterations changed to => 48
2 => changing to UW
3 => Outcome : ReachedBound
3 =>: 21 <= UW iterations OR => 19
1 => changing to UW
2 => changing to UW
2 => 68 iterations changed to => 66
1 => 53 iterations changed to => 52
3 => new call tree total iteration : 64
4 => changing to UW
3 => Outcome : ReachedBound
3 =>: 21 <= UW iterations OR => 20
1 => changing to UW
4 => changing to UW
1 => 58 iterations changed to => 57
1 => changing to UW
2 => 69 iterations changed to => 68
2 => changing to UW
3 => new call tree total iteration : 65
3 => changing to UW
3 => Outcome : ReachedBound
3 =>: 22 <= UW iterations OR => 20
2 => changing to UW
4 => changing to UW
4 => changing to UW
2 => 74 iterations changed to => 73
3 => new call tree total iteration : 71
1 => changing to UW
4 => changing to UW
3 => 73 iterations changed to => 72
1 => changing to UW
4 => changing to UW
3 => 75 iterations changed to => 74
1 => 69 iterations changed to => 68
3 => 77 iterations changed to => 76
2 => 81 iterations changed to => 80
1 => changing to UW
4 => changing to UW
4 => 104 iterations changed to => 102
4 => changing to UW
1 => 73 iterations changed to => 70
3 => changing to UW
4 => 107 iterations changed to => 106
4 => changing to UW
4 => changing to UW
3 => changing to UW
2 => 84 iterations changed to => 83
4 => 111 iterations changed to => 110
3 => changing to UW
3 => 85 iterations changed to => 84
4 => 114 iterations changed to => 113
2 => changing to UW
3 => 87 iterations changed to => 86
1 => changing to UW
4 => 119 iterations changed to => 118
1 => 88 iterations changed to => 87
1 => changing to UW
4 => 121 iterations changed to => 120
1 => 92 iterations changed to => 91
1 => 92 iterations changed to => 83
1 => 84 iterations changed to => 80
1 => 81 iterations changed to => 76
1 => 77 iterations changed to => 72
1 => changing to UW
2 => 102 iterations changed to => 101
2 => changing to UW
1 => changing to UW
2 => 105 iterations changed to => 104
2 => 105 iterations changed to => 98
2 => 99 iterations changed to => 96
2 => 97 iterations changed to => 94
2 => 95 iterations changed to => 92
2 => 93 iterations changed to => 90
2 => 91 iterations changed to => 88
2 => 89 iterations changed to => 85
2 => changing to UW
3 => changing to UW
1 => changing to UW
3 => changing to UW
4 => 139 iterations changed to => 136
4 => 137 iterations changed to => 133
4 => 134 iterations changed to => 130
1 => 90 iterations changed to => 89
4 => 131 iterations changed to => 126
4 => changing to UW
3 => 105 iterations changed to => 104
1 => changing to UW
1 => changing to UW
3 => 107 iterations changed to => 106
1 => 96 iterations changed to => 95
1 => 96 iterations changed to => 92
1 => changing to UW
1 => 93 iterations changed to => 86
1 => 87 iterations changed to => 82
1 => 83 iterations changed to => 78
1 => changing to UW
3 => changing to UW
2 => changing to UW
3 => 110 iterations changed to => 108
3 => 109 iterations changed to => 100
3 => 101 iterations changed to => 98
3 => 99 iterations changed to => 96
3 => changing to UW
2 => changing to UW
1 => changing to UW
3 => 98 iterations changed to => 94
3 => 95 iterations changed to => 92
3 => changing to UW
3 => 93 iterations changed to => 90
3 => 91 iterations changed to => 88
2 => changing to UW
4 => 139 iterations changed to => 136
4 => 137 iterations changed to => 133
4 => 134 iterations changed to => 130
1 => 86 iterations changed to => 85
4 => 131 iterations changed to => 127
1 => changing to UW
1 => 91 iterations changed to => 90
4 => changing to UW
1 => 92 iterations changed to => 88
1 => 89 iterations changed to => 81
1 => 83 iterations changed to => 82
2 => 106 iterations changed to => 105
4 => 139 iterations changed to => 138
1 => changing to UW
4 => 140 iterations changed to => 135
4 => 136 iterations changed to => 131
4 => 132 iterations changed to => 128
3 => changing to UW
1 => 90 iterations changed to => 89
2 => 109 iterations changed to => 107
1 => changing to UW
2 => 108 iterations changed to => 103
2 => 104 iterations changed to => 101
2 => 102 iterations changed to => 99
2 => 100 iterations changed to => 93
2 => changing to UW
1 => 93 iterations changed to => 85
2 => 95 iterations changed to => 94
2 => 95 iterations changed to => 91
1 => 87 iterations changed to => 86
4 => 136 iterations changed to => 135
2 => changing to UW
1 => changing to UW
1 => 90 iterations changed to => 89
4 => 139 iterations changed to => 138
3 => changing to UW
4 => 139 iterations changed to => 132
4 => changing to UW
3 => 107 iterations changed to => 105
4 => 134 iterations changed to => 129
1 => 92 iterations changed to => 91
1 => changing to UW
4 => 131 iterations changed to => 130
1 => 94 iterations changed to => 75
1 => 76 iterations changed to => 73
1 => 74 iterations changed to => 63
1 => 64 iterations changed to => 60
1 => 62 iterations changed to => 61
1 => changing to UW
4 => 133 iterations changed to => 132
3 => 109 iterations changed to => 107
3 => 108 iterations changed to => 103
1 => 65 iterations changed to => 64
3 => 104 iterations changed to => 101
3 => 102 iterations changed to => 97
2 => changing to UW
3 => 98 iterations changed to => 95
3 => 96 iterations changed to => 93
1 => changing to UW
3 => changing to UW
2 => 104 iterations changed to => 103
1 => 70 iterations changed to => 67
1 => changing to UW
2 => changing to UW
4 => 138 iterations changed to => 137
4 => changing to UW
4 => 140 iterations changed to => 134
4 => 135 iterations changed to => 122
4 => 123 iterations changed to => 115
2 => changing to UW
1 => 74 iterations changed to => 73
4 => changing to UW
4 => 118 iterations changed to => 116
1 => 77 iterations changed to => 76
2 => 111 iterations changed to => 110
4 => changing to UW
4 => 120 iterations changed to => 118
1 => changing to UW
2 => 113 iterations changed to => 112
2 => 113 iterations changed to => 107
2 => 108 iterations changed to => 105
2 => 106 iterations changed to => 100
2 => 101 iterations changed to => 98
1 => changing to UW
2 => 99 iterations changed to => 96
2 => 97 iterations changed to => 93
1 => 83 iterations changed to => 82
3 => changing to UW
4 => changing to UW
2 => changing to UW
1 => 85 iterations changed to => 84
3 => 107 iterations changed to => 106
2 => 101 iterations changed to => 100
1 => 88 iterations changed to => 87
1 => 89 iterations changed to => 79
4 => 131 iterations changed to => 130
1 => 80 iterations changed to => 70
1 => changing to UW
1 => 73 iterations changed to => 72
3 => 109 iterations changed to => 108
3 => 110 iterations changed to => 103
1 => 75 iterations changed to => 74
3 => 104 iterations changed to => 101
3 => 102 iterations changed to => 99
3 => 100 iterations changed to => 97
3 => 98 iterations changed to => 94
1 => changing to UW
2 => 107 iterations changed to => 106
4 => 138 iterations changed to => 136
4 => 137 iterations changed to => 133
1 => 80 iterations changed to => 79
4 => 134 iterations changed to => 127
4 => 128 iterations changed to => 123
4 => 124 iterations changed to => 120
2 => 109 iterations changed to => 108
2 => 109 iterations changed to => 104
2 => 105 iterations changed to => 102
2 => 103 iterations changed to => 96
2 => 97 iterations changed to => 94
2 => 96 iterations changed to => 95
3 => 100 iterations changed to => 99
1 => 83 iterations changed to => 82
1 => 85 iterations changed to => 84
2 => changing to UW
2 => 99 iterations changed to => 97
4 => 128 iterations changed to => 127
4 => changing to UW
1 => changing to UW
2 => 100 iterations changed to => 99
1 => 90 iterations changed to => 89
2 => 101 iterations changed to => 100
1 => 92 iterations changed to => 91
3 => changing to UW
3 => 107 iterations changed to => 105
4 => changing to UW
1 => 94 iterations changed to => 93
2 => changing to UW
1 => 94 iterations changed to => 86
4 => 139 iterations changed to => 138
1 => 87 iterations changed to => 76
3 => 108 iterations changed to => 107
3 => 108 iterations changed to => 103
3 => 104 iterations changed to => 101
3 => 102 iterations changed to => 97
1 => 78 iterations changed to => 77
1 => changing to UW
3 => 98 iterations changed to => 95
2 => 105 iterations changed to => 104
4 => 141 iterations changed to => 134
3 => changing to UW
3 => 97 iterations changed to => 96
4 => 135 iterations changed to => 131
4 => 132 iterations changed to => 124
4 => 125 iterations changed to => 121
1 => 81 iterations changed to => 80
4 => 123 iterations changed to => 122
3 => 100 iterations changed to => 99
2 => 108 iterations changed to => 107
1 => 87 iterations changed to => 86
1 => changing to UW
1 => changing to UW
2 => 109 iterations changed to => 108
1 => 91 iterations changed to => 90
2 => 110 iterations changed to => 109
2 => 110 iterations changed to => 105
2 => 106 iterations changed to => 101
2 => changing to UW
3 => 106 iterations changed to => 105
2 => 104 iterations changed to => 89
1 => 94 iterations changed to => 93
2 => 90 iterations changed to => 87
2 => 88 iterations changed to => 81
2 => 82 iterations changed to => 77
2 => 78 iterations changed to => 75
4 => 135 iterations changed to => 134
2 => 77 iterations changed to => 76
1 => 96 iterations changed to => 95
1 => changing to UW
1 => 96 iterations changed to => 83
3 => 108 iterations changed to => 107
3 => changing to UW
2 => changing to UW
4 => 138 iterations changed to => 137
3 => 110 iterations changed to => 103
2 => 80 iterations changed to => 79
3 => 104 iterations changed to => 101
3 => 102 iterations changed to => 91
3 => 92 iterations changed to => 89
3 => 90 iterations changed to => 81
3 => changing to UW
3 => 83 iterations changed to => 78
1 => 86 iterations changed to => 85
4 => 139 iterations changed to => 131
4 => 132 iterations changed to => 128
4 => 129 iterations changed to => 125
3 => 80 iterations changed to => 79
2 => 83 iterations changed to => 82
1 => changing to UW
1 => 90 iterations changed to => 88
1 => changing to UW
3 => 82 iterations changed to => 81
3 => changing to UW
2 => changing to UW
4 => 133 iterations changed to => 132
4 => changing to UW
2 => 90 iterations changed to => 88
3 => 85 iterations changed to => 84
1 => 95 iterations changed to => 94
1 => 96 iterations changed to => 91
3 => changing to UW
1 => changing to UW
4 => 136 iterations changed to => 135
1 => 94 iterations changed to => 93
3 => 89 iterations changed to => 88
2 => 94 iterations changed to => 93
1 => changing to UW
4 => 139 iterations changed to => 138
1 => 96 iterations changed to => 95
4 => 139 iterations changed to => 129
4 => 130 iterations changed to => 126
4 => 128 iterations changed to => 127
2 => 96 iterations changed to => 95
1 => Outcome : ReachedBound
1 =>: 75 <= UW iterations OR => 228
2 => changing to UW
4 => 130 iterations changed to => 129
4 => changing to UW
3 => 93 iterations changed to => 92
1 => new call tree total iteration : 80
1 => Outcome : ReachedBound
1 =>: 75 <= UW iterations OR => 229
4 => 133 iterations changed to => 132
3 => changing to UW
2 => 101 iterations changed to => 100
1 => new call tree total iteration : 85
4 => 135 iterations changed to => 134
3 => changing to UW
3 => 99 iterations changed to => 97
2 => 103 iterations changed to => 102
4 => 137 iterations changed to => 136
3 => 100 iterations changed to => 99
4 => changing to UW
4 => 140 iterations changed to => 138
2 => 105 iterations changed to => 104
2 => 105 iterations changed to => 97
2 => 98 iterations changed to => 90
1 => 90 iterations changed to => 89
2 => Outcome : ReachedBound
2 =>: 50 <= UW iterations OR => 207
4 => 140 iterations changed to => 98
3 => 102 iterations changed to => 101
4 => changing to UW
1 => 93 iterations changed to => 92
1 => changing to UW
2 => new call tree total iteration : 86
2 => changing to UW
3 => 104 iterations changed to => 103
1 => changing to UW
1 => 98 iterations changed to => 96
1 => changing to UW
1 => changing to UW
3 => 105 iterations changed to => 94
3 => 95 iterations changed to => 90
3 => Outcome : ReachedBound
3 =>: 45 <= UW iterations OR => 187
1 => 101 iterations changed to => 100
2 => 90 iterations changed to => 89
1 => 103 iterations changed to => 102
2 => 92 iterations changed to => 91
3 => new call tree total iteration : 86
2 => changing to UW
1 => 105 iterations changed to => 104
2 => 96 iterations changed to => 95
3 => 88 iterations changed to => 87
3 => changing to UW
1 => 107 iterations changed to => 106
2 => 98 iterations changed to => 97
1 => 107 iterations changed to => 86
3 => 91 iterations changed to => 90
3 => changing to UW
2 => changing to UW
1 => 88 iterations changed to => 87
1 => changing to UW
2 => 101 iterations changed to => 100
2 => changing to UW
3 => changing to UW
3 => 96 iterations changed to => 94
1 => changing to UW
2 => 105 iterations changed to => 104
1 => 92 iterations changed to => 90
1 => changing to UW
2 => 105 iterations changed to => 87
2 => 89 iterations changed to => 88
1 => 97 iterations changed to => 96
4 => changing to UW
4 => 133 iterations changed to => 132
2 => 91 iterations changed to => 90
1 => 100 iterations changed to => 99
4 => changing to UW
3 => 103 iterations changed to => 102
1 => changing to UW
4 => 140 iterations changed to => 139
2 => 96 iterations changed to => 95
3 => 105 iterations changed to => 104
4 => changing to UW
4 => 143 iterations changed to => 142
2 => 99 iterations changed to => 98
1 => changing to UW
4 => 145 iterations changed to => 144
1 => 108 iterations changed to => 107
2 => 102 iterations changed to => 101
4 => 147 iterations changed to => 146
1 => 110 iterations changed to => 109
1 => 110 iterations changed to => 104
1 => 105 iterations changed to => 101
1 => 102 iterations changed to => 93
2 => 105 iterations changed to => 104
4 => 150 iterations changed to => 148
2 => 108 iterations changed to => 107
4 => 150 iterations changed to => 149
4 => 150 iterations changed to => 135
4 => 136 iterations changed to => 129
4 => 130 iterations changed to => 127
4 => 128 iterations changed to => 125
4 => 126 iterations changed to => 122
4 => 123 iterations changed to => 119
4 => 120 iterations changed to => 116
4 => 117 iterations changed to => 113
4 => 114 iterations changed to => 109
4 => 110 iterations changed to => 105
4 => 106 iterations changed to => 99
4 => 100 iterations changed to => 94
4 => Outcome : ReachedBound
4 =>: 49 <= UW iterations OR => 342
2 => 110 iterations changed to => 109
2 => 110 iterations changed to => 92
1 => 99 iterations changed to => 98
1 => changing to UW
2 => 94 iterations changed to => 93
1 => 102 iterations changed to => 101
2 => 95 iterations changed to => 94
4 => new call tree total iteration : 96
1 => 104 iterations changed to => 103
2 => 98 iterations changed to => 97
4 => 98 iterations changed to => 97
4 => changing to UW
1 => 108 iterations changed to => 107
3 => 123 iterations changed to => 122
4 => 101 iterations changed to => 100
1 => 109 iterations changed to => 105
1 => changing to UW
1 => 107 iterations changed to => 96
1 => 97 iterations changed to => 94
1 => changing to UW
2 => changing to UW
1 => 96 iterations changed to => 95
1 => changing to UW
2 => changing to UW
2 => 109 iterations changed to => 107
4 => 103 iterations changed to => 102
3 => 125 iterations changed to => 124
2 => changing to UW
2 => 111 iterations changed to => 110
1 => 99 iterations changed to => 98
3 => 126 iterations changed to => 120
3 => 121 iterations changed to => 118
4 => 104 iterations changed to => 103
3 => 119 iterations changed to => 116
3 => 117 iterations changed to => 114
3 => 115 iterations changed to => 112
3 => 113 iterations changed to => 110
3 => 111 iterations changed to => 108
3 => changing to UW
2 => 114 iterations changed to => 113
1 => 101 iterations changed to => 100
2 => 114 iterations changed to => 103
2 => 104 iterations changed to => 100
2 => 102 iterations changed to => 101
4 => 108 iterations changed to => 107
1 => 103 iterations changed to => 102
2 => 104 iterations changed to => 103
4 => 110 iterations changed to => 109
1 => 105 iterations changed to => 104
2 => 106 iterations changed to => 105
2 => changing to UW
4 => 112 iterations changed to => 111
1 => changing to UW
1 => 108 iterations changed to => 106
2 => 108 iterations changed to => 107
1 => Outcome : ReachedBound
1 =>: 90 <= UW iterations OR => 320
4 => 114 iterations changed to => 113
2 => 110 iterations changed to => 109
2 => changing to UW
2 => 113 iterations changed to => 112
1 => new call tree total iteration : 98
4 => 118 iterations changed to => 117
1 => Outcome : ReachedBound
1 =>: 90 <= UW iterations OR => 321
2 => Outcome : ReachedBound
2 =>: 60 <= UW iterations OR => 303
4 => 120 iterations changed to => 119
3 => 127 iterations changed to => 126
4 => 122 iterations changed to => 121
1 => new call tree total iteration : 100
1 => Outcome : ReachedBound
1 =>: 90 <= UW iterations OR => 322
4 => 123 iterations changed to => 115
4 => 116 iterations changed to => 105
3 => 129 iterations changed to => 128
2 => new call tree total iteration : 106
2 => Outcome : ReachedBound
2 =>: 60 <= UW iterations OR => 304
3 => 129 iterations changed to => 124
4 => 107 iterations changed to => 106
3 => 125 iterations changed to => 122
3 => 123 iterations changed to => 120
3 => 121 iterations changed to => 118
3 => 119 iterations changed to => 116
3 => 117 iterations changed to => 114
3 => Outcome : ReachedBound
3 =>: 50 <= UW iterations OR => 265
4 => Outcome : ReachedBound
4 =>: 50 <= UW iterations OR => 385
1 => new call tree total iteration : 109
1 => Outcome : ReachedBound
1 =>: 90 <= UW iterations OR => 323
2 => new call tree total iteration : 112
3 => new call tree total iteration : 108
2 => changing to UW
3 => 112 iterations changed to => 111
3 => changing to UW
4 => new call tree total iteration : 113
2 => 123 iterations changed to => 122
3 => 116 iterations changed to => 115
1 => new call tree total iteration : 114
2 => changing to UW
1 => Outcome : ReachedBound
1 =>: 90 <= UW iterations OR => 324
3 => 118 iterations changed to => 117
2 => 126 iterations changed to => 125
2 => 128 iterations changed to => 127
3 => 120 iterations changed to => 119
2 => 130 iterations changed to => 129
3 => 122 iterations changed to => 121
4 => changing to UW
2 => changing to UW
2 => 132 iterations changed to => 131
2 => 132 iterations changed to => 119
2 => 120 iterations changed to => 117
2 => Outcome : ReachedBound
2 =>: 63 <= UW iterations OR => 328
1 => new call tree total iteration : 115
3 => 124 iterations changed to => 123
1 => Outcome : ReachedBound
1 =>: 90 <= UW iterations OR => 325
4 => 124 iterations changed to => 123
3 => 126 iterations changed to => 125
3 => 127 iterations changed to => 126
3 => changing to UW
4 => 126 iterations changed to => 125
2 => new call tree total iteration : 114
4 => 128 iterations changed to => 127
3 => 130 iterations changed to => 129
3 => 131 iterations changed to => 109
1 => new call tree total iteration : 116
4 => 130 iterations changed to => 129
4 => 130 iterations changed to => 121
2 => 116 iterations changed to => 115
1 => Outcome : ReachedBound
1 =>: 90 <= UW iterations OR => 326
4 => Outcome : ReachedBound
4 =>: 51 <= UW iterations OR => 406
2 => changing to UW
3 => 112 iterations changed to => 111
2 => 119 iterations changed to => 118
3 => Outcome : ReachedBound
3 =>: 53 <= UW iterations OR => 298
2 => Outcome : ReachedBound
2 =>: 64 <= UW iterations OR => 336
4 => new call tree total iteration : 110
1 => new call tree total iteration : 118
1 => Outcome : ReachedBound
1 =>: 90 <= UW iterations OR => 327
4 => changing to UW
4 => Outcome : ReachedBound
4 =>: 52 <= UW iterations OR => 409
3 => new call tree total iteration : 120
3 => Outcome : ReachedBound
3 =>: 53 <= UW iterations OR => 300
2 => new call tree total iteration : 111
2 => Outcome : ReachedBound
2 =>: 64 <= UW iterations OR => 337
1 => new call tree total iteration : 112
1 => Outcome : ReachedBound
1 =>: 90 <= UW iterations OR => 330
4 => new call tree total iteration : 121
3 => new call tree total iteration : 113
4 => Outcome : ReachedBound
4 =>: 52 <= UW iterations OR => 411
2 => new call tree total iteration : 114
2 => Outcome : ReachedBound
2 =>: 64 <= UW iterations OR => 338
3 => 119 iterations changed to => 118
1 => new call tree total iteration : 122
3 => 121 iterations changed to => 120
3 => changing to UW
4 => new call tree total iteration : 114
2 => new call tree total iteration : 115
3 => 124 iterations changed to => 123
2 => changing to UW
4 => Outcome : ReachedBound
4 =>: 52 <= UW iterations OR => 413
1 => 124 iterations changed to => 123
1 => changing to UW
3 => 126 iterations changed to => 125
2 => Outcome : ReachedBound
2 =>: 65 <= UW iterations OR => 341
3 => 127 iterations changed to => 126
1 => 127 iterations changed to => 126
1 => changing to UW
1 => 130 iterations changed to => 129
1 => Outcome : ReachedBound
1 =>: 92 <= UW iterations OR => 339
3 => Outcome : ReachedBound
3 =>: 54 <= UW iterations OR => 320
4 => new call tree total iteration : 116
2 => new call tree total iteration : 116
2 => changing to UW
2 => 118 iterations changed to => 117
2 => Outcome : ReachedBound
2 =>: 66 <= UW iterations OR => 343
4 => Outcome : ReachedBound
4 =>: 52 <= UW iterations OR => 416
1 => new call tree total iteration : 128
1 => Outcome : ReachedBound
1 =>: 92 <= UW iterations OR => 340
3 => new call tree total iteration : 117
3 => changing to UW
2 => new call tree total iteration : 118
3 => changing to UW
3 => 122 iterations changed to => 120
2 => Outcome : ReachedBound
2 =>: 66 <= UW iterations OR => 344
3 => Outcome : ReachedBound
3 =>: 56 <= UW iterations OR => 326
4 => new call tree total iteration : 118
4 => changing to UW
4 => 121 iterations changed to => 120
1 => new call tree total iteration : 119
4 => Outcome : ReachedBound
4 =>: 54 <= UW iterations OR => 418
1 => Outcome : ReachedBound
1 =>: 92 <= UW iterations OR => 341
2 => new call tree total iteration : 122
2 => Outcome : ReachedBound
2 =>: 66 <= UW iterations OR => 346
3 => new call tree total iteration : 119
3 => Outcome : ReachedBound
3 =>: 56 <= UW iterations OR => 328
4 => new call tree total iteration : 123
4 => Outcome : ReachedBound
4 =>: 54 <= UW iterations OR => 420
1 => new call tree total iteration : 120
1 => Outcome : ReachedBound
1 =>: 92 <= UW iterations OR => 343
2 => new call tree total iteration : 124
2 => Outcome : ReachedBound
2 =>: 66 <= UW iterations OR => 348
3 => new call tree total iteration : 121
3 => Outcome : ReachedBound
3 =>: 56 <= UW iterations OR => 330
4 => new call tree total iteration : 125
4 => Outcome : ReachedBound
4 =>: 54 <= UW iterations OR => 422
1 => new call tree total iteration : 122
1 => Outcome : ReachedBound
1 =>: 92 <= UW iterations OR => 345
2 => new call tree total iteration : 126
2 => Outcome : ReachedBound
2 =>: 66 <= UW iterations OR => 350
3 => new call tree total iteration : 123
4 => new call tree total iteration : 127
3 => Outcome : ReachedBound
3 =>: 56 <= UW iterations OR => 333
4 => Outcome : ReachedBound
4 =>: 54 <= UW iterations OR => 423
1 => new call tree total iteration : 124
2 => new call tree total iteration : 125
2 => Outcome : ReachedBound
2 =>: 66 <= UW iterations OR => 351
1 => Outcome : ReachedBound
1 =>: 92 <= UW iterations OR => 347
3 => new call tree total iteration : 125
3 => Outcome : ReachedBound
3 =>: 56 <= UW iterations OR => 335
4 => new call tree total iteration : 126
4 => Outcome : ReachedBound
4 =>: 54 <= UW iterations OR => 425
2 => new call tree total iteration : 127
2 => Outcome : ReachedBound
2 =>: 66 <= UW iterations OR => 353
1 => new call tree total iteration : 128
1 => Outcome : ReachedBound
1 =>: 92 <= UW iterations OR => 349
3 => new call tree total iteration : 129
3 => Outcome : ReachedBound
3 =>: 56 <= UW iterations OR => 336
Verification Outcome : OK
Time Taken : 3024.270449
3 => new call tree total iteration : 130
1 => new call tree total iteration : 130
4 => new call tree total iteration : 128
2 => new call tree total iteration : 129
Verifying sys_zwregistrycreate_0.bpl.bpl
Corral program verifier version 1.0.0.0
Corral program verifier version 1.0.0.0
Corral program verifier version 1.0.0.0
Corral program verifier version 1.0.0.0
http://localhost:5002/
http://localhost:5002/
http://localhost:5002/
http://localhost:5002/
1 => changing to UW
1 => Outcome : Correct
1 =>: 3 <= UW iterations OR => 0
3 => new call tree total iteration : 2
3 => changing to UW
3 => changing to UW
3 => Outcome : Correct
3 =>: 12 <= UW iterations OR => 2
2 => new call tree total iteration : 15
2 => changing to UW
2 => changing to UW
2 => Outcome : Correct
2 =>: 3 <= UW iterations OR => 2
4 => new call tree total iteration : 19
4 => changing to UW
1 => new call tree total iteration : 22
1 => changing to UW
1 => Outcome : Correct
1 =>: 5 <= UW iterations OR => 0
4 => changing to UW
4 => Outcome : Correct
4 =>: 5 <= UW iterations OR => 1
3 => new call tree total iteration : 24
3 => changing to UW
3 => Outcome : Correct
3 =>: 14 <= UW iterations OR => 3
2 => new call tree total iteration : 25
2 => changing to UW
2 => Outcome : Correct
2 =>: 5 <= UW iterations OR => 3
1 => new call tree total iteration : 26
1 => changing to UW
4 => new call tree total iteration : 28
1 => changing to UW
1 => Outcome : Correct
1 =>: 9 <= UW iterations OR => 1
3 => new call tree total iteration : 30
3 => changing to UW
3 => Outcome : Correct
3 =>: 15 <= UW iterations OR => 4
4 => Outcome : Correct
4 =>: 5 <= UW iterations OR => 3
2 => new call tree total iteration : 31
1 => new call tree total iteration : 29
1 => changing to UW
2 => changing to UW
1 => Outcome : Correct
1 =>: 10 <= UW iterations OR => 2
3 => new call tree total iteration : 32
4 => new call tree total iteration : 30
4 => changing to UW
2 => changing to UW
2 => Outcome : Correct
2 =>: 12 <= UW iterations OR => 5
4 => Outcome : Correct
4 =>: 7 <= UW iterations OR => 3
3 => Outcome : Correct
3 =>: 15 <= UW iterations OR => 6
1 => new call tree total iteration : 39
4 => new call tree total iteration : 33
4 => changing to UW
2 => new call tree total iteration : 31
4 => Outcome : Correct
4 =>: 9 <= UW iterations OR => 3
3 => new call tree total iteration : 34
3 => changing to UW
3 => Outcome : Correct
3 =>: 17 <= UW iterations OR => 6
1 => Outcome : Correct
1 =>: 10 <= UW iterations OR => 4
4 => new call tree total iteration : 35
4 => changing to UW
3 => new call tree total iteration : 40
1 => new call tree total iteration : 36
2 => 33 iterations changed to => 32
4 => Outcome : Correct
4 =>: 10 <= UW iterations OR => 4
1 => changing to UW
1 => 38 iterations changed to => 37
4 => new call tree total iteration : 41
1 => changing to UW
2 => changing to UW
4 => 43 iterations changed to => 42
4 => changing to UW
3 => changing to UW
3 => 44 iterations changed to => 43
3 => Outcome : Correct
3 =>: 18 <= UW iterations OR => 10
4 => changing to UW
1 => changing to UW
2 => changing to UW
4 => changing to UW
1 => changing to UW
2 => changing to UW
1 => changing to UW
2 => Outcome : Correct
2 =>: 17 <= UW iterations OR => 11
3 => new call tree total iteration : 40
2 => new call tree total iteration : 54
1 => Outcome : Correct
1 =>: 19 <= UW iterations OR => 15
4 => Outcome : Correct
4 =>: 13 <= UW iterations OR => 16
1 => new call tree total iteration : 54
4 => new call tree total iteration : 55
1 => 56 iterations changed to => 55
1 => changing to UW
3 => 42 iterations changed to => 41
2 => Outcome : Correct
2 =>: 17 <= UW iterations OR => 13
1 => Outcome : Correct
1 =>: 20 <= UW iterations OR => 18
3 => changing to UW
4 => Outcome : Correct
4 =>: 13 <= UW iterations OR => 17
3 => Outcome : Correct
3 =>: 19 <= UW iterations OR => 14
2 => new call tree total iteration : 43
2 => Outcome : Correct
2 =>: 17 <= UW iterations OR => 15
1 => new call tree total iteration : 44
1 => Outcome : Correct
1 =>: 20 <= UW iterations OR => 20
4 => new call tree total iteration : 45
4 => changing to UW
3 => new call tree total iteration : 46
4 => Outcome : Correct
4 =>: 14 <= UW iterations OR => 18
Verification Outcome : TIMEDOUT
Time Taken : 4E-06
Verifying Imapi_removelockrelease2_0.bpl.bpl
Corral program verifier version 1.0.0.0
Corral program verifier version 1.0.0.0
Corral program verifier version 1.0.0.0
Corral program verifier version 1.0.0.0
http://localhost:5002/
http://localhost:5002/
http://localhost:5002/
http://localhost:5002/
1 => changing to UW
1 => Outcome : Correct
1 =>: 3 <= UW iterations OR => 0
2 => new call tree total iteration : 2
2 => changing to UW
2 => Outcome : Correct
2 =>: 9 <= UW iterations OR => 0
3 => new call tree total iteration : 10
3 => changing to UW
3 => Outcome : Correct
3 =>: 3 <= UW iterations OR => 0
4 => new call tree total iteration : 12
4 => changing to UW
1 => new call tree total iteration : 15
1 => changing to UW
4 => changing to UW
1 => Outcome : Correct
1 =>: 5 <= UW iterations OR => 1
2 => new call tree total iteration : 18
2 => changing to UW
2 => 21 iterations changed to => 19
3 => new call tree total iteration : 19
3 => changing to UW
2 => Outcome : Correct
2 =>: 14 <= UW iterations OR => 0
3 => Outcome : Correct
3 =>: 4 <= UW iterations OR => 1
4 => changing to UW
1 => new call tree total iteration : 22
1 => changing to UW
1 => Outcome : Correct
1 =>: 6 <= UW iterations OR => 1
2 => new call tree total iteration : 20
2 => changing to UW
2 => Outcome : Correct
2 =>: 16 <= UW iterations OR => 0
4 => Outcome : Correct
4 =>: 12 <= UW iterations OR => 5
3 => new call tree total iteration : 24
1 => new call tree total iteration : 28
1 => changing to UW
3 => changing to UW
1 => Outcome : Correct
1 =>: 8 <= UW iterations OR => 1
3 => 29 iterations changed to => 28
2 => new call tree total iteration : 25
4 => new call tree total iteration : 29
1 => new call tree total iteration : 27
1 => changing to UW
3 => changing to UW
4 => 31 iterations changed to => 30
4 => changing to UW
1 => 31 iterations changed to => 28
4 => Outcome : Correct
4 =>: 15 <= UW iterations OR => 8
1 => Outcome : Correct
1 =>: 11 <= UW iterations OR => 3
2 => changing to UW
3 => changing to UW
2 => changing to UW
3 => changing to UW
2 => changing to UW
2 => changing to UW
3 => changing to UW
2 => changing to UW
2 => Outcome : Correct
2 =>: 22 <= UW iterations OR => 9
3 => changing to UW
4 => new call tree total iteration : 38
3 => changing to UW
4 => changing to UW
4 => changing to UW
3 => changing to UW
1 => new call tree total iteration : 47
4 => changing to UW
2 => new call tree total iteration : 48
3 => changing to UW
4 => changing to UW
2 => Outcome : Correct
2 =>: 22 <= UW iterations OR => 10
1 => changing to UW
1 => 49 iterations changed to => 48
1 => changing to UW
2 => new call tree total iteration : 49
3 => changing to UW
2 => Outcome : Correct
2 =>: 22 <= UW iterations OR => 11
4 => changing to UW
2 => new call tree total iteration : 39
2 => changing to UW
1 => changing to UW
3 => changing to UW
2 => 41 iterations changed to => 40
3 => 62 iterations changed to => 61
3 => changing to UW
4 => 56 iterations changed to => 55
2 => changing to UW
1 => changing to UW
4 => changing to UW
1 => 61 iterations changed to => 60
2 => changing to UW
4 => changing to UW
3 => 69 iterations changed to => 68
2 => changing to UW
1 => changing to UW
1 => changing to UW
1 => 67 iterations changed to => 66
4 => changing to UW
2 => changing to UW
4 => 75 iterations changed to => 72
4 => 73 iterations changed to => 64
3 => 85 iterations changed to => 84
3 => changing to UW
1 => changing to UW
3 => changing to UW
4 => changing to UW
1 => changing to UW
1 => 81 iterations changed to => 80
1 => changing to UW
3 => 88 iterations changed to => 75
3 => changing to UW
4 => changing to UW
3 => 77 iterations changed to => 76
1 => 83 iterations changed to => 72
4 => changing to UW
1 => 75 iterations changed to => 74
1 => changing to UW
4 => 81 iterations changed to => 72
4 => 73 iterations changed to => 66
4 => Outcome : Correct
4 =>: 35 <= UW iterations OR => 46
1 => changing to UW
4 => new call tree total iteration : 49
4 => changing to UW
4 => 51 iterations changed to => 50
3 => changing to UW
2 => changing to UW
2 => 58 iterations changed to => 56
2 => changing to UW
2 => changing to UW
2 => changing to UW
3 => 91 iterations changed to => 88
3 => 89 iterations changed to => 82
2 => 63 iterations changed to => 62
3 => changing to UW
4 => changing to UW
4 => changing to UW
4 => 68 iterations changed to => 60
4 => 61 iterations changed to => 51
4 => changing to UW
4 => changing to UW
4 => changing to UW
3 => 93 iterations changed to => 89
3 => 93 iterations changed to => 92
1 => Outcome : Correct
1 =>: 29 <= UW iterations OR => 32
1 => new call tree total iteration : 53
2 => Outcome : Correct
2 =>: 34 <= UW iterations OR => 27
2 => new call tree total iteration : 54
4 => 63 iterations changed to => 61
4 => changing to UW
4 => 64 iterations changed to => 62
4 => Outcome : Correct
4 =>: 47 <= UW iterations OR => 71
1 => 55 iterations changed to => 54
4 => new call tree total iteration : 83
1 => changing to UW
2 => changing to UW
4 => Outcome : Correct
4 =>: 47 <= UW iterations OR => 72
1 => changing to UW
2 => Outcome : Correct
2 =>: 37 <= UW iterations OR => 29
1 => changing to UW
1 => 65 iterations changed to => 64
4 => new call tree total iteration : 55
4 => changing to UW
2 => new call tree total iteration : 62
2 => changing to UW
4 => changing to UW
2 => 64 iterations changed to => 63
4 => changing to UW
4 => changing to UW
4 => 74 iterations changed to => 65
4 => 66 iterations changed to => 59
4 => changing to UW
4 => 64 iterations changed to => 61
4 => changing to UW
4 => 67 iterations changed to => 66
4 => changing to UW
1 => Outcome : Correct
1 =>: 32 <= UW iterations OR => 43
1 => new call tree total iteration : 56
1 => changing to UW
1 => 61 iterations changed to => 60
1 => changing to UW
1 => 65 iterations changed to => 57
1 => 60 iterations changed to => 59
1 => changing to UW
1 => 67 iterations changed to => 65
4 => Outcome : Correct
4 =>: 58 <= UW iterations OR => 94
1 => Outcome : Correct
1 =>: 40 <= UW iterations OR => 57
2 => Outcome : Correct
2 =>: 38 <= UW iterations OR => 31
3 => Outcome : Correct
3 =>: 26 <= UW iterations OR => 81
Verification Outcome : OK
Time Taken : 879.941164
4 => new call tree total iteration : 68
Verifying parzip_nsremovelockmnremove_0.bpl.bpl
Corral program verifier version 1.0.0.0
Corral program verifier version 1.0.0.0
Corral program verifier version 1.0.0.0
Corral program verifier version 1.0.0.0
http://localhost:5002/
http://localhost:5002/
http://localhost:5002/
http://localhost:5002/
2 => changing to UW
2 => Outcome : Correct
2 =>: 3 <= UW iterations OR => 0
1 => new call tree total iteration : 2
1 => changing to UW
1 => Outcome : Correct
1 =>: 13 <= UW iterations OR => 0
3 => new call tree total iteration : 14
3 => changing to UW
3 => changing to UW
3 => Outcome : Correct
3 =>: 5 <= UW iterations OR => 1
4 => new call tree total iteration : 19
4 => changing to UW
4 => Outcome : Correct
4 =>: 2 <= UW iterations OR => 0
2 => new call tree total iteration : 20
2 => changing to UW
2 => Outcome : Correct
2 =>: 5 <= UW iterations OR => 0
1 => new call tree total iteration : 21
1 => Outcome : Correct
1 =>: 13 <= UW iterations OR => 2
3 => new call tree total iteration : 22
3 => changing to UW
3 => Outcome : Correct
3 =>: 6 <= UW iterations OR => 2
4 => new call tree total iteration : 23
4 => changing to UW
4 => Outcome : Correct
4 =>: 4 <= UW iterations OR => 0
2 => new call tree total iteration : 24
2 => Outcome : Correct
2 =>: 5 <= UW iterations OR => 2
1 => new call tree total iteration : 25
1 => changing to UW
3 => new call tree total iteration : 26
4 => new call tree total iteration : 29
3 => changing to UW
1 => changing to UW
2 => new call tree total iteration : 27
3 => changing to UW
4 => changing to UW
4 => 31 iterations changed to => 30
2 => changing to UW
2 => 31 iterations changed to => 28
2 => changing to UW
3 => changing to UW
4 => changing to UW
1 => changing to UW
4 => changing to UW
3 => changing to UW
2 => changing to UW
3 => changing to UW
4 => changing to UW
2 => changing to UW
3 => changing to UW
4 => changing to UW
3 => changing to UW
1 => changing to UW
4 => changing to UW
1 => changing to UW
2 => changing to UW
2 => changing to UW
2 => 52 iterations changed to => 51
2 => changing to UW
3 => 52 iterations changed to => 51
3 => changing to UW
4 => changing to UW
4 => changing to UW
1 => changing to UW
4 => changing to UW
1 => changing to UW
3 => changing to UW
1 => changing to UW
3 => 62 iterations changed to => 61
3 => changing to UW
1 => changing to UW
2 => changing to UW
3 => changing to UW
3 => 67 iterations changed to => 66
4 => changing to UW
3 => changing to UW
4 => changing to UW
1 => 74 iterations changed to => 73
1 => changing to UW
3 => changing to UW
3 => 75 iterations changed to => 71
3 => 72 iterations changed to => 31
2 => changing to UW
3 => changing to UW
3 => changing to UW
3 => 37 iterations changed to => 36
1 => 78 iterations changed to => 77
4 => changing to UW
3 => changing to UW
3 => changing to UW
3 => changing to UW
4 => 78 iterations changed to => 75
2 => 68 iterations changed to => 63
3 => changing to UW
4 => 76 iterations changed to => 71
4 => changing to UW
4 => 73 iterations changed to => 63
4 => 64 iterations changed to => 58
4 => changing to UW
2 => changing to UW
3 => 51 iterations changed to => 50
3 => changing to UW
4 => changing to UW
2 => 69 iterations changed to => 64
2 => 65 iterations changed to => 60
3 => changing to UW
2 => 61 iterations changed to => 55
2 => Outcome : Correct
2 =>: 29 <= UW iterations OR => 32
2 => new call tree total iteration : 30
2 => changing to UW
2 => 32 iterations changed to => 31
1 => changing to UW
3 => changing to UW
4 => 69 iterations changed to => 68
2 => changing to UW
3 => changing to UW
2 => changing to UW
2 => 52 iterations changed to => 51
4 => changing to UW
4 => 75 iterations changed to => 74
2 => changing to UW
3 => changing to UW
2 => changing to UW
4 => changing to UW
2 => changing to UW
1 => changing to UW
2 => 63 iterations changed to => 62
4 => 79 iterations changed to => 78
3 => changing to UW
2 => changing to UW
1 => changing to UW
2 => changing to UW
4 => changing to UW
2 => changing to UW
3 => changing to UW
3 => changing to UW
2 => changing to UW
4 => changing to UW
2 => changing to UW
2 => changing to UW
3 => 87 iterations changed to => 86
3 => changing to UW
3 => 87 iterations changed to => 81
3 => 82 iterations changed to => 76
3 => 77 iterations changed to => 71
3 => 72 iterations changed to => 65
1 => 102 iterations changed to => 98
2 => 87 iterations changed to => 86
3 => 66 iterations changed to => 60
3 => changing to UW
1 => 99 iterations changed to => 96
2 => 87 iterations changed to => 80
1 => 97 iterations changed to => 93
3 => 62 iterations changed to => 61
3 => Outcome : Correct
3 =>: 51 <= UW iterations OR => 76
2 => 81 iterations changed to => 75
1 => 94 iterations changed to => 89
2 => 76 iterations changed to => 68
3 => new call tree total iteration : 52
3 => changing to UW
1 => 90 iterations changed to => 85
2 => Outcome : Correct
2 =>: 49 <= UW iterations OR => 76
1 => 86 iterations changed to => 80
1 => 81 iterations changed to => 66
2 => new call tree total iteration : 48
2 => changing to UW
3 => changing to UW
3 => 57 iterations changed to => 56
3 => changing to UW
2 => 51 iterations changed to => 49
2 => changing to UW
4 => changing to UW
2 => changing to UW
2 => 57 iterations changed to => 56
3 => changing to UW
2 => changing to UW
1 => changing to UW
3 => 63 iterations changed to => 62
3 => changing to UW
4 => changing to UW
1 => changing to UW
2 => 65 iterations changed to => 64
3 => changing to UW
2 => changing to UW
1 => changing to UW
1 => 76 iterations changed to => 75
2 => 71 iterations changed to => 70
3 => changing to UW
4 => 110 iterations changed to => 109
4 => 110 iterations changed to => 106
4 => 107 iterations changed to => 103
4 => changing to UW
3 => changing to UW
4 => 104 iterations changed to => 99
1 => changing to UW
4 => 100 iterations changed to => 96
4 => changing to UW
3 => changing to UW
4 => 106 iterations changed to => 105
3 => changing to UW
4 => 111 iterations changed to => 110
3 => 92 iterations changed to => 90
2 => changing to UW
3 => 91 iterations changed to => 83
3 => changing to UW
4 => changing to UW
3 => 85 iterations changed to => 84
3 => 85 iterations changed to => 78
3 => changing to UW
1 => 81 iterations changed to => 80
3 => 80 iterations changed to => 71
3 => 72 iterations changed to => 67
1 => 81 iterations changed to => 78
1 => 79 iterations changed to => 71
1 => changing to UW
1 => 72 iterations changed to => 67
1 => 68 iterations changed to => 60
1 => changing to UW
3 => Outcome : Correct
3 =>: 64 <= UW iterations OR => 113
4 => changing to UW
4 => 118 iterations changed to => 117
3 => new call tree total iteration : 59
3 => changing to UW
4 => changing to UW
3 => changing to UW
3 => 63 iterations changed to => 62
3 => changing to UW
2 => changing to UW
3 => 71 iterations changed to => 70
3 => changing to UW
3 => 75 iterations changed to => 74
3 => changing to UW
1 => changing to UW
4 => 131 iterations changed to => 130
2 => changing to UW
1 => 77 iterations changed to => 76
1 => changing to UW
2 => changing to UW
4 => 144 iterations changed to => 143
2 => 123 iterations changed to => 121
1 => changing to UW
2 => 124 iterations changed to => 123
2 => changing to UW
2 => 129 iterations changed to => 128
4 => 148 iterations changed to => 147
3 => changing to UW
4 => 148 iterations changed to => 138
4 => 139 iterations changed to => 134
2 => 133 iterations changed to => 132
4 => 135 iterations changed to => 124
1 => 96 iterations changed to => 92
4 => 125 iterations changed to => 121
1 => 93 iterations changed to => 87
1 => 88 iterations changed to => 83
4 => 123 iterations changed to => 122
1 => 84 iterations changed to => 79
1 => 80 iterations changed to => 71
1 => 72 iterations changed to => 65
1 => changing to UW
1 => 66 iterations changed to => 61
1 => Outcome : Correct
1 =>: 52 <= UW iterations OR => 112
4 => changing to UW
1 => new call tree total iteration : 76
3 => 107 iterations changed to => 104
1 => 93 iterations changed to => 92
1 => changing to UW
3 => 105 iterations changed to => 101
3 => 102 iterations changed to => 97
2 => changing to UW
1 => changing to UW
3 => 98 iterations changed to => 94
3 => changing to UW
3 => changing to UW
1 => 100 iterations changed to => 99
3 => changing to UW
3 => 104 iterations changed to => 103
1 => 105 iterations changed to => 104
1 => changing to UW
3 => 109 iterations changed to => 108
3 => changing to UW
1 => 108 iterations changed to => 107
3 => 112 iterations changed to => 111
4 => 147 iterations changed to => 144
4 => 145 iterations changed to => 139
4 => 140 iterations changed to => 134
4 => changing to UW
4 => 136 iterations changed to => 135
2 => 159 iterations changed to => 157
2 => 158 iterations changed to => 154
4 => 136 iterations changed to => 130
4 => 131 iterations changed to => 127
2 => changing to UW
4 => 128 iterations changed to => 97
4 => 99 iterations changed to => 98
3 => changing to UW
4 => 107 iterations changed to => 106
4 => changing to UW
2 => 159 iterations changed to => 156
2 => 157 iterations changed to => 151
2 => 152 iterations changed to => 147
2 => 148 iterations changed to => 144
2 => 145 iterations changed to => 141
2 => 142 iterations changed to => 136
2 => 137 iterations changed to => 117
2 => changing to UW
4 => 112 iterations changed to => 111
2 => 119 iterations changed to => 118
1 => 135 iterations changed to => 128
1 => 129 iterations changed to => 122
1 => 123 iterations changed to => 117
1 => 118 iterations changed to => 111
4 => 114 iterations changed to => 113
1 => 112 iterations changed to => 87
2 => changing to UW
1 => changing to UW
1 => 88 iterations changed to => 77
2 => 123 iterations changed to => 122
1 => changing to UW
3 => 140 iterations changed to => 139
4 => 120 iterations changed to => 119
2 => 128 iterations changed to => 127
2 => 133 iterations changed to => 132
1 => changing to UW
3 => 148 iterations changed to => 143
1 => 102 iterations changed to => 101
3 => 144 iterations changed to => 135
3 => 136 iterations changed to => 131
3 => 132 iterations changed to => 124
1 => changing to UW
1 => 106 iterations changed to => 105
3 => 134 iterations changed to => 133
3 => changing to UW
2 => changing to UW
1 => 108 iterations changed to => 107
1 => 112 iterations changed to => 111
2 => 157 iterations changed to => 156
2 => 157 iterations changed to => 150
2 => 151 iterations changed to => 144
2 => 145 iterations changed to => 137
2 => 138 iterations changed to => 113
4 => 154 iterations changed to => 148
2 => 114 iterations changed to => 110
4 => 149 iterations changed to => 140
2 => 111 iterations changed to => 106
2 => 107 iterations changed to => 102
2 => 103 iterations changed to => 96
2 => changing to UW
2 => 98 iterations changed to => 97
4 => 141 iterations changed to => 137
4 => 138 iterations changed to => 131
4 => 132 iterations changed to => 125
4 => changing to UW
4 => 127 iterations changed to => 126
4 => 127 iterations changed to => 92
4 => 93 iterations changed to => 87
4 => 88 iterations changed to => 82
3 => 150 iterations changed to => 144
3 => 145 iterations changed to => 137
3 => 138 iterations changed to => 127
3 => 128 iterations changed to => 120
2 => 106 iterations changed to => 105
2 => changing to UW
3 => 121 iterations changed to => 115
3 => 116 iterations changed to => 95
3 => changing to UW
3 => 97 iterations changed to => 96
4 => 86 iterations changed to => 85
3 => changing to UW
2 => 112 iterations changed to => 111
2 => changing to UW
4 => 91 iterations changed to => 90
3 => 104 iterations changed to => 103
2 => 117 iterations changed to => 116
4 => 98 iterations changed to => 97
3 => 110 iterations changed to => 109
3 => changing to UW
2 => 124 iterations changed to => 123
4 => changing to UW
4 => 105 iterations changed to => 104
3 => 115 iterations changed to => 114
1 => changing to UW
4 => 113 iterations changed to => 112
3 => 120 iterations changed to => 119
2 => 135 iterations changed to => 134
4 => 120 iterations changed to => 119
1 => 134 iterations changed to => 133
4 => changing to UW
1 => 136 iterations changed to => 135
1 => 136 iterations changed to => 130
1 => 131 iterations changed to => 126
1 => 127 iterations changed to => 121
1 => 122 iterations changed to => 118
1 => 119 iterations changed to => 115
1 => 116 iterations changed to => 94
1 => 95 iterations changed to => 87
1 => 88 iterations changed to => 78
3 => 133 iterations changed to => 132
3 => 133 iterations changed to => 127
2 => 156 iterations changed to => 153
2 => 154 iterations changed to => 145
2 => 146 iterations changed to => 140
2 => 141 iterations changed to => 128
2 => 129 iterations changed to => 89
2 => 90 iterations changed to => 83
2 => changing to UW
2 => Outcome : ReachedBound
2 =>: 73 <= UW iterations OR => 309
2 => new call tree total iteration : 79
4 => changing to UW
3 => changing to UW
1 => 96 iterations changed to => 95
1 => changing to UW
4 => 144 iterations changed to => 140
4 => 141 iterations changed to => 136
2 => 90 iterations changed to => 89
3 => 141 iterations changed to => 140
4 => 137 iterations changed to => 130
1 => 103 iterations changed to => 102
4 => 131 iterations changed to => 126
4 => changing to UW
4 => 128 iterations changed to => 127
4 => Outcome : Correct
4 =>: 47 <= UW iterations OR => 310
3 => 142 iterations changed to => 137
3 => 138 iterations changed to => 130
3 => 131 iterations changed to => 122
2 => 95 iterations changed to => 94
3 => 123 iterations changed to => 90
3 => 91 iterations changed to => 86
3 => Outcome : ReachedBound
3 =>: 83 <= UW iterations OR => 306
2 => changing to UW
4 => new call tree total iteration : 83
4 => Outcome : ReachedBound
4 =>: 47 <= UW iterations OR => 311
3 => new call tree total iteration : 79
1 => 109 iterations changed to => 108
4 => new call tree total iteration : 88
4 => changing to UW
4 => Outcome : ReachedBound
4 =>: 48 <= UW iterations OR => 311
2 => 102 iterations changed to => 101
3 => changing to UW
3 => 81 iterations changed to => 80
4 => new call tree total iteration : 80
1 => 117 iterations changed to => 116
4 => changing to UW
2 => changing to UW
2 => 106 iterations changed to => 105
3 => changing to UW
3 => 89 iterations changed to => 86
3 => changing to UW
4 => 89 iterations changed to => 88
3 => changing to UW
3 => 93 iterations changed to => 92
4 => changing to UW
2 => changing to UW
3 => 101 iterations changed to => 100
2 => changing to UW
1 => 130 iterations changed to => 129
4 => 93 iterations changed to => 92
1 => changing to UW
4 => 96 iterations changed to => 95
4 => changing to UW
3 => changing to UW
4 => changing to UW
4 => 99 iterations changed to => 98
2 => 133 iterations changed to => 128
2 => 129 iterations changed to => 120
2 => 121 iterations changed to => 115
2 => 116 iterations changed to => 108
2 => Outcome : ReachedBound
2 =>: 78 <= UW iterations OR => 366
2 => new call tree total iteration : 121
1 => changing to UW
2 => Outcome : ReachedBound
2 =>: 78 <= UW iterations OR => 367
2 => new call tree total iteration : 124
2 => Outcome : ReachedBound
2 =>: 78 <= UW iterations OR => 368
3 => changing to UW
2 => new call tree total iteration : 107
2 => Outcome : ReachedBound
2 =>: 78 <= UW iterations OR => 369
3 => 137 iterations changed to => 136
3 => 137 iterations changed to => 131
3 => 132 iterations changed to => 122
2 => new call tree total iteration : 113
2 => Outcome : ReachedBound
2 =>: 78 <= UW iterations OR => 370
4 => changing to UW
3 => 123 iterations changed to => 118
3 => Outcome : ReachedBound
3 =>: 90 <= UW iterations OR => 367
4 => changing to UW
2 => new call tree total iteration : 81
3 => new call tree total iteration : 102
4 => 131 iterations changed to => 128
4 => 129 iterations changed to => 120
4 => 121 iterations changed to => 115
4 => changing to UW
4 => 116 iterations changed to => 108
4 => Outcome : ReachedBound
4 =>: 56 <= UW iterations OR => 362
3 => Outcome : ReachedBound
3 =>: 90 <= UW iterations OR => 368
2 => 89 iterations changed to => 88
2 => changing to UW
4 => new call tree total iteration : 134
3 => new call tree total iteration : 135
3 => changing to UW
2 => changing to UW
3 => Outcome : ReachedBound
3 =>: 91 <= UW iterations OR => 368
4 => Outcome : ReachedBound
4 =>: 56 <= UW iterations OR => 363
2 => 93 iterations changed to => 92
1 => Outcome : ReachedBound
1 =>: 64 <= UW iterations OR => 305
4 => new call tree total iteration : 82
3 => new call tree total iteration : 137
3 => Outcome : ReachedBound
3 =>: 91 <= UW iterations OR => 369
4 => Outcome : ReachedBound
4 =>: 56 <= UW iterations OR => 365
1 => new call tree total iteration : 83
2 => Outcome : ReachedBound
2 =>: 80 <= UW iterations OR => 385
1 => changing to UW
1 => Outcome : ReachedBound
1 =>: 65 <= UW iterations OR => 307
4 => new call tree total iteration : 84
3 => new call tree total iteration : 95
4 => Outcome : ReachedBound
4 =>: 56 <= UW iterations OR => 367
3 => Outcome : ReachedBound
3 =>: 91 <= UW iterations OR => 371
2 => new call tree total iteration : 85
2 => Outcome : ReachedBound
2 =>: 80 <= UW iterations OR => 387
1 => new call tree total iteration : 96
4 => new call tree total iteration : 86
4 => changing to UW
2 => new call tree total iteration : 87
3 => new call tree total iteration : 97
2 => 89 iterations changed to => 88
2 => changing to UW
3 => Outcome : ReachedBound
3 =>: 91 <= UW iterations OR => 372
4 => changing to UW
4 => changing to UW
3 => new call tree total iteration : 100
2 => 95 iterations changed to => 94
1 => changing to UW
3 => Outcome : ReachedBound
3 =>: 91 <= UW iterations OR => 373
4 => changing to UW
2 => Outcome : ReachedBound
2 =>: 81 <= UW iterations OR => 396
3 => new call tree total iteration : 89
4 => changing to UW
3 => Outcome : ReachedBound
3 =>: 91 <= UW iterations OR => 374
2 => new call tree total iteration : 96
4 => 113 iterations changed to => 112
4 => changing to UW
2 => 98 iterations changed to => 97
2 => changing to UW
3 => new call tree total iteration : 107
3 => Outcome : ReachedBound
3 =>: 91 <= UW iterations OR => 375
2 => Outcome : ReachedBound
2 =>: 82 <= UW iterations OR => 403
3 => new call tree total iteration : 112
3 => Outcome : ReachedBound
3 =>: 91 <= UW iterations OR => 376
2 => new call tree total iteration : 118
2 => Outcome : ReachedBound
2 =>: 82 <= UW iterations OR => 404
4 => Outcome : ReachedBound
4 =>: 63 <= UW iterations OR => 390
3 => new call tree total iteration : 123
2 => new call tree total iteration : 105
3 => Outcome : ReachedBound
3 =>: 91 <= UW iterations OR => 377
2 => 107 iterations changed to => 106
4 => new call tree total iteration : 127
4 => Outcome : ReachedBound
4 =>: 63 <= UW iterations OR => 391
3 => new call tree total iteration : 129
3 => Outcome : ReachedBound
3 =>: 91 <= UW iterations OR => 378
1 => Outcome : ReachedBound
1 =>: 66 <= UW iterations OR => 346
2 => Outcome : ReachedBound
2 =>: 82 <= UW iterations OR => 412
4 => new call tree total iteration : 135
4 => Outcome : ReachedBound
4 =>: 63 <= UW iterations OR => 392
Verification Outcome : OK
Time Taken : 1014.799296
4 => new call tree total iteration : 136
4 => changing to UW
Verifying mp_iobuildfsdirpsignaleventincompletiontimeout_0.bpl.bpl
Corral program verifier version 1.0.0.0
Corral program verifier version 1.0.0.0
Corral program verifier version 1.0.0.0
Corral program verifier version 1.0.0.0
http://localhost:5002/
http://localhost:5002/
http://localhost:5002/
http://localhost:5002/
1 => changing to UW
1 => Outcome : Correct
1 =>: 3 <= UW iterations OR => 0
2 => new call tree total iteration : 2
2 => changing to UW
2 => changing to UW
2 => Outcome : Correct
2 =>: 14 <= UW iterations OR => 1
3 => new call tree total iteration : 16
3 => changing to UW
3 => Outcome : Correct
3 =>: 3 <= UW iterations OR => 0
4 => new call tree total iteration : 18
4 => changing to UW
4 => changing to UW
1 => new call tree total iteration : 21
1 => changing to UW
1 => Outcome : Correct
1 =>: 5 <= UW iterations OR => 0
2 => new call tree total iteration : 23
3 => new call tree total iteration : 22
3 => changing to UW
3 => Outcome : Correct
3 =>: 4 <= UW iterations OR => 0
1 => new call tree total iteration : 26
1 => changing to UW
3 => new call tree total iteration : 24
3 => changing to UW
2 => changing to UW
1 => 28 iterations changed to => 27
1 => changing to UW
1 => Outcome : Correct
1 =>: 7 <= UW iterations OR => 1
2 => 29 iterations changed to => 26
3 => 27 iterations changed to => 25
3 => changing to UW
1 => new call tree total iteration : 30
1 => changing to UW
3 => Outcome : Correct
3 =>: 7 <= UW iterations OR => 2
1 => Outcome : Correct
1 =>: 10 <= UW iterations OR => 2
4 => changing to UW
2 => changing to UW
4 => changing to UW
2 => changing to UW
2 => changing to UW
4 => changing to UW
4 => changing to UW
2 => changing to UW
4 => changing to UW
2 => changing to UW
2 => changing to UW
4 => changing to UW
2 => changing to UW
4 => changing to UW
2 => Outcome : ReachedBound
2 =>: 28 <= UW iterations OR => 18
4 => changing to UW
3 => new call tree total iteration : 56
3 => changing to UW
3 => 59 iterations changed to => 57
1 => new call tree total iteration : 58
3 => Outcome : ReachedBound
3 =>: 9 <= UW iterations OR => 4
2 => new call tree total iteration : 59
2 => Outcome : ReachedBound
2 =>: 28 <= UW iterations OR => 19
4 => changing to UW
1 => changing to UW
1 => Outcome : ReachedBound
1 =>: 11 <= UW iterations OR => 4
3 => new call tree total iteration : 60
3 => Outcome : ReachedBound
3 =>: 9 <= UW iterations OR => 5
2 => new call tree total iteration : 59
4 => changing to UW
4 => 77 iterations changed to => 76
2 => changing to UW
2 => changing to UW
1 => new call tree total iteration : 60
3 => new call tree total iteration : 61
3 => Outcome : ReachedBound
3 =>: 9 <= UW iterations OR => 6
2 => changing to UW
3 => new call tree total iteration : 62
3 => Outcome : ReachedBound
3 =>: 9 <= UW iterations OR => 7
2 => changing to UW
1 => changing to UW
4 => 87 iterations changed to => 86
2 => 79 iterations changed to => 78
3 => new call tree total iteration : 61
3 => changing to UW
1 => changing to UW
3 => changing to UW
1 => 76 iterations changed to => 75
1 => changing to UW
1 => changing to UW
3 => changing to UW
2 => 90 iterations changed to => 89
4 => 98 iterations changed to => 96
4 => changing to UW
3 => 75 iterations changed to => 74
1 => 87 iterations changed to => 86
3 => changing to UW
4 => changing to UW
3 => changing to UW
4 => 107 iterations changed to => 105
3 => changing to UW
1 => changing to UW
2 => 112 iterations changed to => 111
1 => changing to UW
3 => 96 iterations changed to => 95
4 => changing to UW
3 => changing to UW
3 => 106 iterations changed to => 105
1 => 118 iterations changed to => 117
4 => 133 iterations changed to => 124
4 => 125 iterations changed to => 114
3 => changing to UW
1 => changing to UW
2 => 137 iterations changed to => 131
2 => 132 iterations changed to => 121
4 => changing to UW
2 => 126 iterations changed to => 125
1 => changing to UW
4 => 125 iterations changed to => 124
1 => 138 iterations changed to => 127
1 => 128 iterations changed to => 107
1 => 109 iterations changed to => 108
4 => changing to UW
2 => 136 iterations changed to => 134
4 => 134 iterations changed to => 133
1 => changing to UW
4 => 134 iterations changed to => 115
3 => 130 iterations changed to => 129
2 => 137 iterations changed to => 100
2 => changing to UW
2 => 108 iterations changed to => 107
4 => 123 iterations changed to => 122
3 => 137 iterations changed to => 136
4 => changing to UW
2 => changing to UW
4 => 131 iterations changed to => 130
4 => changing to UW
4 => Outcome : ReachedBound
4 =>: 29 <= UW iterations OR => 135
3 => changing to UW
4 => new call tree total iteration : 62
2 => 127 iterations changed to => 126
4 => 65 iterations changed to => 64
4 => changing to UW
3 => 150 iterations changed to => 149
4 => changing to UW
1 => 140 iterations changed to => 139
1 => 141 iterations changed to => 131
1 => 132 iterations changed to => 123
3 => 152 iterations changed to => 143
3 => 144 iterations changed to => 122
3 => 123 iterations changed to => 114
4 => 78 iterations changed to => 77
3 => 118 iterations changed to => 117
2 => changing to UW
2 => changing to UW
1 => 129 iterations changed to => 128
2 => 145 iterations changed to => 136
2 => 137 iterations changed to => 116
4 => changing to UW
2 => 119 iterations changed to => 118
2 => changing to UW
4 => 89 iterations changed to => 88
1 => 136 iterations changed to => 135
2 => changing to UW
4 => changing to UW
1 => 141 iterations changed to => 116
1 => 117 iterations changed to => 95
3 => 132 iterations changed to => 131
1 => changing to UW
4 => changing to UW
2 => changing to UW
4 => 109 iterations changed to => 108
1 => changing to UW
2 => 141 iterations changed to => 137
4 => changing to UW
3 => changing to UW
2 => 141 iterations changed to => 127
2 => Outcome : ReachedBound
2 =>: 40 <= UW iterations OR => 187
4 => 119 iterations changed to => 118
4 => changing to UW
1 => changing to UW
1 => changing to UW
3 => 146 iterations changed to => 145
1 => 121 iterations changed to => 120
2 => new call tree total iteration : 85
2 => 87 iterations changed to => 86
2 => changing to UW
3 => 152 iterations changed to => 151
3 => 152 iterations changed to => 138
3 => 139 iterations changed to => 124
3 => changing to UW
1 => changing to UW
4 => 135 iterations changed to => 134
2 => 98 iterations changed to => 97
4 => 136 iterations changed to => 126
1 => 142 iterations changed to => 138
1 => 139 iterations changed to => 129
1 => 130 iterations changed to => 109
4 => changing to UW
4 => 134 iterations changed to => 132
2 => changing to UW
1 => 114 iterations changed to => 113
3 => 137 iterations changed to => 136
4 => 136 iterations changed to => 97
2 => changing to UW
4 => 102 iterations changed to => 101
3 => changing to UW
3 => 144 iterations changed to => 142
4 => 111 iterations changed to => 110
3 => 149 iterations changed to => 148
2 => 134 iterations changed to => 133
3 => 152 iterations changed to => 130
3 => Outcome : ReachedBound
3 =>: 21 <= UW iterations OR => 170
4 => changing to UW
4 => 126 iterations changed to => 125
1 => 143 iterations changed to => 138
2 => 144 iterations changed to => 141
3 => new call tree total iteration : 97
1 => 143 iterations changed to => 142
1 => 143 iterations changed to => 130
1 => 131 iterations changed to => 122
2 => 147 iterations changed to => 125
3 => changing to UW
2 => changing to UW
2 => 130 iterations changed to => 126
3 => 109 iterations changed to => 108
2 => 133 iterations changed to => 132
2 => changing to UW
3 => changing to UW
1 => 138 iterations changed to => 137
4 => 146 iterations changed to => 141
4 => 142 iterations changed to => 133
4 => 134 iterations changed to => 116
4 => 119 iterations changed to => 118
3 => changing to UW
2 => 141 iterations changed to => 140
1 => 143 iterations changed to => 129
1 => Outcome : ReachedBound
1 =>: 26 <= UW iterations OR => 244
4 => changing to UW
2 => changing to UW
3 => 126 iterations changed to => 125
3 => changing to UW
2 => 147 iterations changed to => 117
2 => changing to UW
2 => Outcome : ReachedBound
2 =>: 47 <= UW iterations OR => 277
3 => changing to UW
4 => changing to UW
1 => new call tree total iteration : 106
3 => 135 iterations changed to => 134
2 => new call tree total iteration : 98
2 => changing to UW
2 => 100 iterations changed to => 99
2 => changing to UW
3 => 139 iterations changed to => 117
2 => changing to UW
1 => 116 iterations changed to => 115
3 => 120 iterations changed to => 119
4 => 143 iterations changed to => 140
1 => changing to UW
4 => 141 iterations changed to => 133
3 => changing to UW
3 => 127 iterations changed to => 126
1 => 124 iterations changed to => 123
1 => changing to UW
4 => 138 iterations changed to => 137
2 => changing to UW
1 => changing to UW
4 => changing to UW
4 => 144 iterations changed to => 126
4 => Outcome : ReachedBound
4 =>: 42 <= UW iterations OR => 310
1 => 133 iterations changed to => 132
2 => 121 iterations changed to => 120
2 => changing to UW
3 => changing to UW
3 => 140 iterations changed to => 133
3 => Outcome : ReachedBound
3 =>: 29 <= UW iterations OR => 233
2 => 128 iterations changed to => 127
1 => 139 iterations changed to => 138
4 => new call tree total iteration : 105
4 => 107 iterations changed to => 106
3 => new call tree total iteration : 107
2 => 135 iterations changed to => 134
1 => 145 iterations changed to => 143
3 => 109 iterations changed to => 108
1 => Outcome : ReachedBound
1 =>: 31 <= UW iterations OR => 286
3 => changing to UW
2 => 142 iterations changed to => 141
2 => Outcome : ReachedBound
2 =>: 52 <= UW iterations OR => 321
3 => changing to UW
4 => 127 iterations changed to => 126
1 => new call tree total iteration : 112
1 => changing to UW
2 => new call tree total iteration : 112
2 => Outcome : ReachedBound
2 =>: 52 <= UW iterations OR => 322
1 => 114 iterations changed to => 113
3 => 128 iterations changed to => 127
4 => 134 iterations changed to => 133
2 => new call tree total iteration : 115
3 => 134 iterations changed to => 133
4 => 141 iterations changed to => 140
4 => 141 iterations changed to => 119
4 => Outcome : ReachedBound
4 =>: 42 <= UW iterations OR => 351
2 => changing to UW
1 => 121 iterations changed to => 120
2 => 123 iterations changed to => 122
1 => 126 iterations changed to => 125
4 => new call tree total iteration : 115
2 => changing to UW
3 => 146 iterations changed to => 145
2 => changing to UW
1 => changing to UW
4 => Outcome : ReachedBound
4 =>: 42 <= UW iterations OR => 352
1 => 130 iterations changed to => 129
1 => changing to UW
2 => changing to UW
2 => 138 iterations changed to => 137
3 => 153 iterations changed to => 151
3 => 153 iterations changed to => 139
3 => Outcome : ReachedBound
3 =>: 31 <= UW iterations OR => 284
4 => new call tree total iteration : 121
1 => 137 iterations changed to => 134
2 => 146 iterations changed to => 145
4 => 123 iterations changed to => 122
2 => 151 iterations changed to => 130
2 => Outcome : ReachedBound
2 =>: 56 <= UW iterations OR => 358
3 => new call tree total iteration : 116
1 => Outcome : ReachedBound
1 =>: 34 <= UW iterations OR => 318
3 => Outcome : ReachedBound
3 =>: 31 <= UW iterations OR => 285
4 => Outcome : ReachedBound
4 =>: 42 <= UW iterations OR => 360
1 => new call tree total iteration : 127
2 => new call tree total iteration : 135
2 => Outcome : ReachedBound
2 =>: 56 <= UW iterations OR => 359
1 => changing to UW
1 => Outcome : ReachedBound
1 =>: 35 <= UW iterations OR => 320
3 => new call tree total iteration : 128
3 => Outcome : ReachedBound
3 =>: 31 <= UW iterations OR => 288
4 => new call tree total iteration : 129
2 => new call tree total iteration : 130
4 => Outcome : ReachedBound
4 =>: 42 <= UW iterations OR => 361
2 => Outcome : ReachedBound
2 =>: 56 <= UW iterations OR => 361
1 => new call tree total iteration : 131
1 => Outcome : ReachedBound
1 =>: 35 <= UW iterations OR => 323
3 => new call tree total iteration : 132
4 => new call tree total iteration : 133
4 => Outcome : ReachedBound
4 =>: 42 <= UW iterations OR => 362
3 => Outcome : ReachedBound
3 =>: 31 <= UW iterations OR => 291
2 => new call tree total iteration : 133
2 => changing to UW
1 => new call tree total iteration : 134
2 => Outcome : ReachedBound
2 =>: 57 <= UW iterations OR => 362
1 => 139 iterations changed to => 138
4 => new call tree total iteration : 134
3 => new call tree total iteration : 135
3 => changing to UW
4 => Outcome : ReachedBound
4 =>: 42 <= UW iterations OR => 363
3 => 137 iterations changed to => 136
2 => new call tree total iteration : 137
3 => Outcome : ReachedBound
3 =>: 32 <= UW iterations OR => 293
2 => 139 iterations changed to => 138
1 => 151 iterations changed to => 150
2 => Outcome : ReachedBound
2 =>: 57 <= UW iterations OR => 366
1 => Outcome : ReachedBound
1 =>: 35 <= UW iterations OR => 344
4 => new call tree total iteration : 142
3 => new call tree total iteration : 146
4 => 150 iterations changed to => 149
3 => changing to UW
3 => 153 iterations changed to => 151
2 => new call tree total iteration : 143
4 => 153 iterations changed to => 145
3 => 153 iterations changed to => 147
1 => new call tree total iteration : 144
1 => Outcome : ReachedBound
1 =>: 35 <= UW iterations OR => 345
2 => Outcome : ReachedBound
2 =>: 57 <= UW iterations OR => 368
3 => Outcome : ReachedBound
3 =>: 33 <= UW iterations OR => 304
4 => Outcome : ReachedBound
4 =>: 42 <= UW iterations OR => 378
1 => new call tree total iteration : 144
3 => new call tree total iteration : 147
2 => new call tree total iteration : 149
1 => Outcome : ReachedBound
1 =>: 35 <= UW iterations OR => 347
3 => Outcome : ReachedBound
3 =>: 33 <= UW iterations OR => 306
2 => Outcome : ReachedBound
2 =>: 57 <= UW iterations OR => 369
4 => new call tree total iteration : 145
4 => changing to UW
1 => new call tree total iteration : 148
4 => Outcome : ReachedBound
4 =>: 43 <= UW iterations OR => 379
1 => Outcome : ReachedBound
1 =>: 35 <= UW iterations OR => 349
3 => new call tree total iteration : 146
3 => Outcome : ReachedBound
3 =>: 33 <= UW iterations OR => 307
2 => new call tree total iteration : 149
2 => Outcome : ReachedBound
2 =>: 57 <= UW iterations OR => 371
4 => new call tree total iteration : 150
4 => Outcome : ReachedBound
4 =>: 43 <= UW iterations OR => 381
1 => new call tree total iteration : 151
1 => Outcome : ReachedBound
1 =>: 35 <= UW iterations OR => 351
3 => new call tree total iteration : 152
3 => Outcome : ReachedBound
3 =>: 33 <= UW iterations OR => 308
Verification Outcome : OK
Time Taken : 943.960377
2 => new call tree total iteration : 151
1 => new call tree total iteration : 153
Verifying serial_markingqueuedirps_1.bpl.bpl
Corral program verifier version 1.0.0.0
Corral program verifier version 1.0.0.0
Corral program verifier version 1.0.0.0
Corral program verifier version 1.0.0.0
http://localhost:5002/
http://localhost:5002/
http://localhost:5002/
http://localhost:5002/
1 => changing to UW
1 => Outcome : Correct
1 =>: 3 <= UW iterations OR => 0
2 => new call tree total iteration : 2
2 => changing to UW
2 => changing to UW
2 => Outcome : Correct
2 =>: 16 <= UW iterations OR => 1
3 => new call tree total iteration : 18
3 => changing to UW
4 => new call tree total iteration : 19
4 => changing to UW
1 => new call tree total iteration : 22
4 => Outcome : Correct
4 =>: 4 <= UW iterations OR => 0
3 => changing to UW
1 => Outcome : Correct
1 =>: 3 <= UW iterations OR => 1
2 => new call tree total iteration : 20
2 => Outcome : Correct
2 =>: 16 <= UW iterations OR => 2
3 => Outcome : Correct
3 =>: 9 <= UW iterations OR => 4
4 => new call tree total iteration : 24
4 => Outcome : Correct
4 =>: 4 <= UW iterations OR => 1
1 => new call tree total iteration : 25
1 => changing to UW
2 => new call tree total iteration : 30
2 => changing to UW
2 => 32 iterations changed to => 31
3 => new call tree total iteration : 26
1 => changing to UW
2 => changing to UW
3 => changing to UW
1 => changing to UW
4 => new call tree total iteration : 28
2 => changing to UW
1 => changing to UW
3 => changing to UW
4 => 30 iterations changed to => 29
4 => changing to UW
1 => changing to UW
2 => changing to UW
3 => changing to UW
1 => changing to UW
1 => changing to UW
4 => changing to UW
4 => changing to UW
4 => Outcome : Correct
4 =>: 9 <= UW iterations OR => 13
3 => changing to UW
1 => changing to UW
2 => changing to UW
4 => new call tree total iteration : 31
4 => changing to UW
3 => changing to UW
2 => changing to UW
4 => changing to UW
4 => changing to UW
4 => Outcome : Correct
4 =>: 15 <= UW iterations OR => 17
1 => changing to UW
4 => new call tree total iteration : 27
4 => changing to UW
4 => Outcome : Correct
4 =>: 16 <= UW iterations OR => 17
2 => changing to UW
1 => changing to UW
3 => 47 iterations changed to => 46
2 => 60 iterations changed to => 59
2 => Outcome : Correct
2 =>: 33 <= UW iterations OR => 17
1 => changing to UW
4 => new call tree total iteration : 56
3 => Outcome : Correct
3 =>: 21 <= UW iterations OR => 15
4 => changing to UW
4 => Outcome : Correct
4 =>: 17 <= UW iterations OR => 18
2 => new call tree total iteration : 56
2 => Outcome : Correct
2 =>: 33 <= UW iterations OR => 18
3 => new call tree total iteration : 57
1 => changing to UW
3 => changing to UW
3 => Outcome : Correct
3 =>: 22 <= UW iterations OR => 16
1 => Outcome : Correct
1 =>: 24 <= UW iterations OR => 24
4 => new call tree total iteration : 58
4 => changing to UW
4 => Outcome : ReachedBound
4 =>: 18 <= UW iterations OR => 19
2 => new call tree total iteration : 68
3 => new call tree total iteration : 59
2 => changing to UW
2 => 73 iterations changed to => 72
2 => Outcome : Correct
2 =>: 35 <= UW iterations OR => 22
3 => changing to UW
3 => changing to UW
1 => new call tree total iteration : 69
4 => new call tree total iteration : 70
4 => Outcome : Correct
4 =>: 18 <= UW iterations OR => 20
2 => new call tree total iteration : 60
2 => changing to UW
1 => changing to UW
3 => changing to UW
3 => 71 iterations changed to => 70
2 => changing to UW
2 => 64 iterations changed to => 62
1 => changing to UW
4 => new call tree total iteration : 70
4 => Outcome : Correct
4 =>: 18 <= UW iterations OR => 21
1 => 79 iterations changed to => 78
3 => changing to UW
2 => changing to UW
1 => changing to UW
4 => new call tree total iteration : 71
4 => changing to UW
4 => Outcome : Correct
4 =>: 19 <= UW iterations OR => 21
3 => changing to UW
4 => new call tree total iteration : 66
2 => 74 iterations changed to => 73
2 => changing to UW
4 => changing to UW
4 => 69 iterations changed to => 67
4 => changing to UW
2 => changing to UW
4 => changing to UW
3 => changing to UW
4 => 72 iterations changed to => 71
4 => changing to UW
1 => changing to UW
3 => changing to UW
1 => 96 iterations changed to => 95
4 => changing to UW
3 => 100 iterations changed to => 99
2 => 90 iterations changed to => 89
2 => changing to UW
4 => 78 iterations changed to => 77
3 => 102 iterations changed to => 93
3 => 95 iterations changed to => 94
2 => 94 iterations changed to => 93
1 => 104 iterations changed to => 103
2 => changing to UW
4 => 80 iterations changed to => 79
3 => 99 iterations changed to => 98
1 => changing to UW
3 => 102 iterations changed to => 88
3 => 89 iterations changed to => 82
3 => 83 iterations changed to => 74
3 => changing to UW
3 => 77 iterations changed to => 75
1 => 112 iterations changed to => 111
3 => changing to UW
4 => changing to UW
2 => 103 iterations changed to => 100
2 => 101 iterations changed to => 97
2 => changing to UW
2 => 99 iterations changed to => 98
3 => changing to UW
1 => 117 iterations changed to => 115
1 => 116 iterations changed to => 106
1 => 108 iterations changed to => 107
2 => 103 iterations changed to => 102
2 => 103 iterations changed to => 84
2 => 85 iterations changed to => 79
2 => 82 iterations changed to => 81
1 => 112 iterations changed to => 111
3 => 98 iterations changed to => 97
4 => 94 iterations changed to => 92
4 => changing to UW
3 => 101 iterations changed to => 91
3 => 92 iterations changed to => 86
1 => changing to UW
3 => changing to UW
3 => 88 iterations changed to => 87
3 => changing to UW
4 => 98 iterations changed to => 97
1 => 117 iterations changed to => 114
1 => 116 iterations changed to => 115
3 => 93 iterations changed to => 92
2 => 93 iterations changed to => 92
2 => changing to UW
1 => 116 iterations changed to => 99
1 => 100 iterations changed to => 89
2 => changing to UW
4 => 100 iterations changed to => 93
4 => 95 iterations changed to => 94
1 => 93 iterations changed to => 92
2 => changing to UW
3 => changing to UW
3 => changing to UW
3 => 102 iterations changed to => 101
4 => 99 iterations changed to => 98
3 => 102 iterations changed to => 96
2 => 102 iterations changed to => 101
4 => 99 iterations changed to => 89
2 => 103 iterations changed to => 97
2 => 98 iterations changed to => 88
2 => 90 iterations changed to => 89
4 => changing to UW
1 => 107 iterations changed to => 106
4 => 95 iterations changed to => 94
4 => changing to UW
3 => 99 iterations changed to => 98
1 => 111 iterations changed to => 110
4 => 96 iterations changed to => 91
2 => 94 iterations changed to => 93
4 => 93 iterations changed to => 92
2 => changing to UW
3 => 101 iterations changed to => 100
1 => 116 iterations changed to => 113
3 => 101 iterations changed to => 80
1 => 115 iterations changed to => 114
1 => 116 iterations changed to => 102
1 => 103 iterations changed to => 97
1 => 99 iterations changed to => 98
3 => changing to UW
4 => 102 iterations changed to => 101
4 => 102 iterations changed to => 98
2 => changing to UW
2 => 101 iterations changed to => 99
1 => 104 iterations changed to => 103
4 => 100 iterations changed to => 99
1 => 108 iterations changed to => 107
1 => changing to UW
3 => 88 iterations changed to => 87
1 => changing to UW
4 => 102 iterations changed to => 101
4 => 102 iterations changed to => 95
2 => 103 iterations changed to => 101
2 => changing to UW
1 => changing to UW
2 => 103 iterations changed to => 102
2 => changing to UW
4 => 101 iterations changed to => 100
3 => changing to UW
3 => 91 iterations changed to => 89
3 => changing to UW
4 => 102 iterations changed to => 96
1 => 118 iterations changed to => 117
4 => 98 iterations changed to => 97
4 => changing to UW
2 => 105 iterations changed to => 104
2 => 105 iterations changed to => 96
3 => 93 iterations changed to => 92
2 => 97 iterations changed to => 95
2 => 96 iterations changed to => 91
2 => 92 iterations changed to => 84
1 => 118 iterations changed to => 114
2 => 86 iterations changed to => 85
1 => changing to UW
1 => 116 iterations changed to => 115
4 => 102 iterations changed to => 101
2 => changing to UW
4 => 103 iterations changed to => 86
4 => 87 iterations changed to => 83
4 => changing to UW
2 => 95 iterations changed to => 94
1 => 118 iterations changed to => 117
1 => 118 iterations changed to => 111
2 => 98 iterations changed to => 97
1 => 113 iterations changed to => 112
4 => 88 iterations changed to => 86
1 => changing to UW
3 => changing to UW
2 => 103 iterations changed to => 100
4 => changing to UW
4 => 91 iterations changed to => 90
1 => 118 iterations changed to => 115
3 => 102 iterations changed to => 100
3 => 101 iterations changed to => 97
3 => changing to UW
2 => 103 iterations changed to => 101
2 => 102 iterations changed to => 89
1 => 117 iterations changed to => 116
4 => 93 iterations changed to => 92
2 => 91 iterations changed to => 90
4 => 94 iterations changed to => 87
4 => 88 iterations changed to => 84
2 => changing to UW
2 => 93 iterations changed to => 92
1 => 118 iterations changed to => 84
1 => Outcome : ReachedBound
1 =>: 35 <= UW iterations OR => 162
4 => 86 iterations changed to => 85
2 => changing to UW
1 => new call tree total iteration : 81
2 => 97 iterations changed to => 96
1 => 83 iterations changed to => 82
4 => changing to UW
4 => 95 iterations changed to => 91
1 => changing to UW
4 => 93 iterations changed to => 92
1 => changing to UW
1 => 88 iterations changed to => 87
4 => 94 iterations changed to => 88
2 => 102 iterations changed to => 100
4 => changing to UW
2 => 101 iterations changed to => 98
1 => 92 iterations changed to => 91
4 => changing to UW
4 => 95 iterations changed to => 94
1 => changing to UW
4 => 99 iterations changed to => 98
2 => 102 iterations changed to => 99
2 => 100 iterations changed to => 94
2 => changing to UW
1 => 100 iterations changed to => 99
1 => changing to UW
4 => 103 iterations changed to => 101
2 => 99 iterations changed to => 98
1 => 103 iterations changed to => 102
1 => 103 iterations changed to => 94
4 => 103 iterations changed to => 102
4 => changing to UW
1 => changing to UW
1 => 97 iterations changed to => 96
4 => 104 iterations changed to => 89
3 => 102 iterations changed to => 101
4 => 91 iterations changed to => 90
3 => 102 iterations changed to => 98
3 => 99 iterations changed to => 95
1 => 100 iterations changed to => 99
4 => changing to UW
3 => 97 iterations changed to => 96
4 => 95 iterations changed to => 94
2 => 103 iterations changed to => 100
2 => 101 iterations changed to => 95
2 => 97 iterations changed to => 96
1 => 101 iterations changed to => 84
1 => 86 iterations changed to => 85
1 => changing to UW
2 => 99 iterations changed to => 98
4 => 101 iterations changed to => 100
1 => 89 iterations changed to => 88
2 => changing to UW
3 => 100 iterations changed to => 98
4 => 103 iterations changed to => 102
2 => 104 iterations changed to => 103
4 => 103 iterations changed to => 97
4 => 99 iterations changed to => 98
3 => 101 iterations changed to => 100
2 => 104 iterations changed to => 100
2 => Outcome : ReachedBound
2 =>: 60 <= UW iterations OR => 183
3 => 101 iterations changed to => 99
1 => changing to UW
1 => 95 iterations changed to => 94
3 => 101 iterations changed to => 100
1 => 97 iterations changed to => 96
2 => new call tree total iteration : 83
2 => Outcome : ReachedBound
2 =>: 60 <= UW iterations OR => 184
4 => 103 iterations changed to => 102
4 => 103 iterations changed to => 100
3 => 101 iterations changed to => 94
3 => 95 iterations changed to => 85
3 => Outcome : ReachedBound
3 =>: 43 <= UW iterations OR => 159
4 => changing to UW
2 => new call tree total iteration : 74
2 => changing to UW
2 => 76 iterations changed to => 75
4 => 104 iterations changed to => 101
4 => 103 iterations changed to => 102
3 => new call tree total iteration : 90
3 => changing to UW
1 => 101 iterations changed to => 100
4 => 103 iterations changed to => 81
4 => changing to UW
3 => 92 iterations changed to => 91
1 => 101 iterations changed to => 98
1 => changing to UW
1 => 99 iterations changed to => 92
1 => Outcome : ReachedBound
1 =>: 43 <= UW iterations OR => 214
2 => changing to UW
3 => changing to UW
2 => 86 iterations changed to => 85
3 => 98 iterations changed to => 97
3 => changing to UW
2 => changing to UW
1 => new call tree total iteration : 77
4 => changing to UW
3 => 102 iterations changed to => 101
2 => changing to UW
1 => 79 iterations changed to => 78
1 => changing to UW
3 => 103 iterations changed to => 93
3 => changing to UW
1 => 82 iterations changed to => 81
3 => 95 iterations changed to => 94
3 => changing to UW
1 => 84 iterations changed to => 83
3 => 98 iterations changed to => 97
4 => 92 iterations changed to => 90
1 => changing to UW
4 => 92 iterations changed to => 91
3 => 100 iterations changed to => 99
3 => changing to UW
3 => changing to UW
2 => 105 iterations changed to => 102
2 => 103 iterations changed to => 98
2 => 100 iterations changed to => 99
3 => 103 iterations changed to => 102
4 => 95 iterations changed to => 93
4 => 94 iterations changed to => 88
3 => 104 iterations changed to => 103
2 => 102 iterations changed to => 101
3 => Outcome : ReachedBound
3 =>: 50 <= UW iterations OR => 184
4 => 96 iterations changed to => 95
2 => 105 iterations changed to => 103
1 => 102 iterations changed to => 100
3 => new call tree total iteration : 85
2 => 105 iterations changed to => 104
4 => 98 iterations changed to => 97
2 => 105 iterations changed to => 95
2 => 96 iterations changed to => 92
2 => 93 iterations changed to => 88
3 => 87 iterations changed to => 86
2 => changing to UW
2 => 90 iterations changed to => 89
4 => 98 iterations changed to => 92
4 => 93 iterations changed to => 89
4 => changing to UW
1 => 103 iterations changed to => 101
1 => 102 iterations changed to => 97
1 => 98 iterations changed to => 94
4 => 91 iterations changed to => 90
1 => 96 iterations changed to => 95
1 => changing to UW
4 => 94 iterations changed to => 93
2 => changing to UW
3 => changing to UW
1 => changing to UW
1 => 104 iterations changed to => 101
3 => changing to UW
1 => 103 iterations changed to => 102
3 => changing to UW
2 => changing to UW
2 => 105 iterations changed to => 104
2 => 105 iterations changed to => 100
2 => changing to UW
2 => 101 iterations changed to => 96
4 => 102 iterations changed to => 99
1 => 104 iterations changed to => 98
1 => changing to UW
4 => 101 iterations changed to => 100
4 => changing to UW
2 => 99 iterations changed to => 98
1 => 101 iterations changed to => 99
3 => 104 iterations changed to => 102
1 => 101 iterations changed to => 100
2 => 102 iterations changed to => 101
4 => 104 iterations changed to => 96
3 => changing to UW
3 => 107 iterations changed to => 106
1 => 104 iterations changed to => 103
2 => 105 iterations changed to => 104
2 => 105 iterations changed to => 92
3 => 108 iterations changed to => 103
4 => 101 iterations changed to => 100
3 => 105 iterations changed to => 104
1 => 105 iterations changed to => 91
4 => 102 iterations changed to => 97
4 => 99 iterations changed to => 98
3 => 107 iterations changed to => 98
4 => changing to UW
3 => changing to UW
2 => 99 iterations changed to => 98
1 => changing to UW
3 => 102 iterations changed to => 99
4 => 103 iterations changed to => 101
3 => 101 iterations changed to => 100
4 => 103 iterations changed to => 102
1 => changing to UW
2 => 102 iterations changed to => 101
3 => changing to UW
4 => 103 iterations changed to => 86
4 => changing to UW
4 => 87 iterations changed to => 84
4 => 85 iterations changed to => 82
3 => changing to UW
2 => 103 iterations changed to => 95
2 => 96 iterations changed to => 93
4 => 85 iterations changed to => 84
1 => 103 iterations changed to => 101
2 => 95 iterations changed to => 94
1 => 103 iterations changed to => 102
3 => 108 iterations changed to => 107
3 => 108 iterations changed to => 104
1 => 104 iterations changed to => 98
1 => 99 iterations changed to => 95
1 => 96 iterations changed to => 92
2 => 98 iterations changed to => 97
1 => 94 iterations changed to => 93
2 => changing to UW
1 => changing to UW
2 => 100 iterations changed to => 99
3 => 107 iterations changed to => 105
3 => changing to UW
3 => 107 iterations changed to => 106
3 => 107 iterations changed to => 94
3 => changing to UW
2 => changing to UW
4 => changing to UW
4 => 95 iterations changed to => 92
4 => changing to UW
4 => 94 iterations changed to => 93
1 => 104 iterations changed to => 102
2 => 106 iterations changed to => 104
2 => changing to UW
3 => 103 iterations changed to => 102
4 => 95 iterations changed to => 89
1 => 104 iterations changed to => 103
1 => 104 iterations changed to => 99
1 => 100 iterations changed to => 96
4 => changing to UW
1 => 98 iterations changed to => 97
1 => changing to UW
2 => 107 iterations changed to => 105
3 => 105 iterations changed to => 104
4 => 94 iterations changed to => 93
3 => 105 iterations changed to => 99
4 => 94 iterations changed to => 90
2 => 107 iterations changed to => 106
3 => 101 iterations changed to => 100
4 => 92 iterations changed to => 91
2 => 107 iterations changed to => 101
1 => changing to UW
1 => 103 iterations changed to => 100
3 => changing to UW
4 => changing to UW
1 => 102 iterations changed to => 101
2 => 104 iterations changed to => 102
3 => 105 iterations changed to => 104
4 => 96 iterations changed to => 94
4 => 95 iterations changed to => 86
1 => changing to UW
2 => 105 iterations changed to => 103
3 => 105 iterations changed to => 102
2 => 105 iterations changed to => 104
1 => 106 iterations changed to => 105
4 => changing to UW
2 => 105 iterations changed to => 81
2 => Outcome : ReachedBound
2 =>: 71 <= UW iterations OR => 299
3 => 105 iterations changed to => 103
1 => 106 iterations changed to => 103
4 => changing to UW
3 => 105 iterations changed to => 104
4 => changing to UW
3 => 105 iterations changed to => 96
1 => 105 iterations changed to => 104
3 => 98 iterations changed to => 97
4 => 99 iterations changed to => 95
4 => 96 iterations changed to => 91
1 => 105 iterations changed to => 88
4 => 93 iterations changed to => 92
4 => changing to UW
2 => new call tree total iteration : 88
2 => 90 iterations changed to => 89
4 => 100 iterations changed to => 99
4 => changing to UW
3 => 104 iterations changed to => 102
2 => changing to UW
3 => changing to UW
3 => 106 iterations changed to => 103
4 => 105 iterations changed to => 104
2 => changing to UW
3 => 105 iterations changed to => 104
4 => 105 iterations changed to => 102
3 => 105 iterations changed to => 100
1 => 99 iterations changed to => 97
1 => changing to UW
4 => 105 iterations changed to => 103
4 => 105 iterations changed to => 104
3 => 103 iterations changed to => 101
4 => 105 iterations changed to => 96
4 => changing to UW
2 => 102 iterations changed to => 100
4 => 98 iterations changed to => 87
1 => 101 iterations changed to => 100
1 => changing to UW
3 => 103 iterations changed to => 102
2 => 102 iterations changed to => 101
3 => changing to UW
1 => 102 iterations changed to => 98
1 => 99 iterations changed to => 95
2 => 103 iterations changed to => 97
4 => 93 iterations changed to => 92
3 => 106 iterations changed to => 105
4 => 95 iterations changed to => 94
2 => 100 iterations changed to => 98
3 => 106 iterations changed to => 91
3 => Outcome : ReachedBound
3 =>: 62 <= UW iterations OR => 279
2 => 100 iterations changed to => 99
4 => 96 iterations changed to => 89
4 => 91 iterations changed to => 90
4 => changing to UW
2 => changing to UW
1 => 98 iterations changed to => 97
1 => 98 iterations changed to => 96
4 => 95 iterations changed to => 94
4 => changing to UW
1 => 98 iterations changed to => 97
1 => changing to UW
2 => 104 iterations changed to => 103
3 => new call tree total iteration : 89
4 => 98 iterations changed to => 97
2 => 104 iterations changed to => 101
3 => 91 iterations changed to => 90
3 => changing to UW
2 => 103 iterations changed to => 102
1 => 100 iterations changed to => 99
1 => changing to UW
1 => 100 iterations changed to => 93
1 => 94 iterations changed to => 91
1 => Outcome : ReachedBound
1 =>: 59 <= UW iterations OR => 341
4 => changing to UW
2 => 103 iterations changed to => 94
2 => changing to UW
4 => 105 iterations changed to => 104
4 => 106 iterations changed to => 101
2 => 98 iterations changed to => 95
3 => 99 iterations changed to => 97
4 => 103 iterations changed to => 102
2 => changing to UW
2 => 97 iterations changed to => 96
1 => new call tree total iteration : 91
4 => 104 iterations changed to => 99
3 => changing to UW
3 => 102 iterations changed to => 101
1 => 93 iterations changed to => 92
2 => changing to UW
3 => 104 iterations changed to => 98
3 => changing to UW
4 => 103 iterations changed to => 102
3 => 100 iterations changed to => 99
2 => 103 iterations changed to => 101
2 => 102 iterations changed to => 99
2 => changing to UW
4 => 104 iterations changed to => 100
4 => changing to UW
4 => 102 iterations changed to => 101
3 => 104 iterations changed to => 102
2 => changing to UW
3 => changing to UW
4 => 104 iterations changed to => 103
2 => 103 iterations changed to => 100
1 => changing to UW
3 => 106 iterations changed to => 103
3 => 105 iterations changed to => 104
4 => Outcome : ReachedBound
4 =>: 69 <= UW iterations OR => 343
1 => 104 iterations changed to => 102
3 => 105 iterations changed to => 94
1 => 104 iterations changed to => 103
1 => changing to UW
2 => 103 iterations changed to => 101
1 => 106 iterations changed to => 99
3 => 97 iterations changed to => 95
3 => changing to UW
1 => changing to UW
3 => 97 iterations changed to => 96
3 => changing to UW
1 => 103 iterations changed to => 100
2 => 103 iterations changed to => 102
1 => 102 iterations changed to => 101
4 => new call tree total iteration : 94
2 => Outcome : ReachedBound
2 =>: 79 <= UW iterations OR => 348
3 => 103 iterations changed to => 102
3 => changing to UW
4 => 96 iterations changed to => 95
1 => 104 iterations changed to => 103
1 => 104 iterations changed to => 96
1 => 99 iterations changed to => 97
3 => 107 iterations changed to => 105
1 => 99 iterations changed to => 98
1 => changing to UW
3 => 107 iterations changed to => 106
2 => new call tree total iteration : 92
3 => 107 iterations changed to => 99
4 => 102 iterations changed to => 100
4 => 102 iterations changed to => 101
3 => 102 iterations changed to => 101
1 => changing to UW
3 => changing to UW
1 => changing to UW
4 => 104 iterations changed to => 103
1 => 107 iterations changed to => 106
4 => 104 iterations changed to => 97
3 => 107 iterations changed to => 104
1 => 107 iterations changed to => 103
2 => 100 iterations changed to => 98
3 => 107 iterations changed to => 105
1 => 105 iterations changed to => 104
4 => 100 iterations changed to => 98
2 => 100 iterations changed to => 99
3 => 107 iterations changed to => 106
4 => 100 iterations changed to => 99
1 => 105 iterations changed to => 101
3 => Outcome : ReachedBound
3 =>: 71 <= UW iterations OR => 338
1 => 104 iterations changed to => 102
2 => 103 iterations changed to => 101
4 => 104 iterations changed to => 103
2 => 103 iterations changed to => 102
2 => 103 iterations changed to => 95
4 => 104 iterations changed to => 101
1 => 105 iterations changed to => 103
3 => new call tree total iteration : 93
2 => 98 iterations changed to => 96
1 => 105 iterations changed to => 104
2 => 98 iterations changed to => 97
3 => 95 iterations changed to => 94
1 => Outcome : ReachedBound
1 =>: 65 <= UW iterations OR => 391
4 => Outcome : ReachedBound
4 =>: 69 <= UW iterations OR => 372
3 => changing to UW
2 => 103 iterations changed to => 101
2 => 103 iterations changed to => 102
2 => Outcome : ReachedBound
2 =>: 79 <= UW iterations OR => 379
3 => 103 iterations changed to => 101
3 => 103 iterations changed to => 102
1 => new call tree total iteration : 102
1 => changing to UW
4 => new call tree total iteration : 100
1 => changing to UW
3 => 105 iterations changed to => 104
3 => 105 iterations changed to => 98
1 => 106 iterations changed to => 105
4 => 103 iterations changed to => 101
2 => new call tree total iteration : 95
4 => 103 iterations changed to => 102
1 => 106 iterations changed to => 103
1 => changing to UW
3 => changing to UW
4 => Outcome : ReachedBound
4 =>: 69 <= UW iterations OR => 378
2 => 97 iterations changed to => 96
1 => changing to UW
1 => 107 iterations changed to => 105
1 => changing to UW
3 => 102 iterations changed to => 101
3 => Outcome : ReachedBound
3 =>: 73 <= UW iterations OR => 358
2 => 100 iterations changed to => 98
1 => Outcome : ReachedBound
1 =>: 70 <= UW iterations OR => 397
2 => 101 iterations changed to => 100
4 => new call tree total iteration : 99
2 => 104 iterations changed to => 102
4 => 101 iterations changed to => 100
2 => 104 iterations changed to => 103
3 => new call tree total iteration : 104
2 => Outcome : ReachedBound
2 =>: 79 <= UW iterations OR => 395
1 => new call tree total iteration : 99
3 => 106 iterations changed to => 105
1 => 101 iterations changed to => 100
4 => 104 iterations changed to => 103
3 => Outcome : ReachedBound
3 =>: 73 <= UW iterations OR => 361
1 => changing to UW
4 => Outcome : ReachedBound
4 =>: 69 <= UW iterations OR => 385
1 => Outcome : ReachedBound
1 =>: 71 <= UW iterations OR => 402
2 => new call tree total iteration : 102
2 => Outcome : ReachedBound
2 =>: 79 <= UW iterations OR => 397
3 => new call tree total iteration : 102
3 => Outcome : ReachedBound
3 =>: 73 <= UW iterations OR => 363
4 => new call tree total iteration : 103
4 => Outcome : ReachedBound
4 =>: 69 <= UW iterations OR => 386
1 => new call tree total iteration : 103
2 => new call tree total iteration : 103
1 => Outcome : ReachedBound
1 =>: 71 <= UW iterations OR => 404
2 => Outcome : ReachedBound
2 =>: 79 <= UW iterations OR => 399
3 => new call tree total iteration : 104
3 => changing to UW
4 => new call tree total iteration : 104
4 => Outcome : ReachedBound
4 =>: 69 <= UW iterations OR => 387
3 => Outcome : ReachedBound
3 =>: 75 <= UW iterations OR => 364
1 => new call tree total iteration : 105
2 => new call tree total iteration : 106
1 => Outcome : ReachedBound
1 =>: 71 <= UW iterations OR => 405
2 => Outcome : ReachedBound
2 =>: 79 <= UW iterations OR => 400
Verification Outcome : OK
Time Taken : 2216.769265
2 => new call tree total iteration : 107
3 => new call tree total iteration : 107
