Verifying hw_irqliopassive2_0.bpl.bpl
Corral program verifier version 1.0.0.0
Corral program verifier version 1.0.0.0
Corral program verifier version 1.0.0.0
http://localhost:5002/
http://localhost:5002/
http://localhost:5002/
1 => changing to UW
1 => Outcome : Correct
1 =>: 3 <= UW iterations OR => 0
2 => new call tree total iteration : 2
2 => changing to UW
2 => Outcome : Correct
2 =>: 20 <= UW iterations OR => 0
3 => new call tree total iteration : 21
3 => changing to UW
3 => changing to UW
1 => new call tree total iteration : 33
1 => changing to UW
3 => changing to UW
2 => new call tree total iteration : 34
2 => changing to UW
3 => changing to UW
3 => 42 iterations changed to => 38
3 => changing to UW
2 => 37 iterations changed to => 36
3 => changing to UW
2 => Outcome : Correct
2 =>: 24 <= UW iterations OR => 1
2 => new call tree total iteration : 36
2 => changing to UW
3 => changing to UW
3 => changing to UW
3 => changing to UW
3 => changing to UW
1 => changing to UW
3 => changing to UW
2 => changing to UW
2 => 61 iterations changed to => 60
1 => changing to UW
2 => changing to UW
3 => changing to UW
2 => changing to UW
3 => changing to UW
2 => changing to UW
3 => changing to UW
2 => 75 iterations changed to => 74
2 => changing to UW
2 => changing to UW
3 => changing to UW
2 => Outcome : ReachedBound
2 =>: 64 <= UW iterations OR => 9
1 => changing to UW
3 => changing to UW
2 => new call tree total iteration : 52
2 => changing to UW
3 => 115 iterations changed to => 114
3 => changing to UW
2 => changing to UW
2 => 56 iterations changed to => 55
3 => changing to UW
1 => changing to UW
1 => 75 iterations changed to => 74
2 => changing to UW
3 => changing to UW
1 => changing to UW
3 => changing to UW
2 => changing to UW
3 => 123 iterations changed to => 122
2 => 64 iterations changed to => 63
1 => 81 iterations changed to => 64
3 => changing to UW
2 => changing to UW
1 => changing to UW
3 => changing to UW
1 => changing to UW
2 => changing to UW
2 => 72 iterations changed to => 71
1 => changing to UW
3 => changing to UW
3 => 129 iterations changed to => 128
2 => Outcome : ReachedBound
2 =>: 90 <= UW iterations OR => 15
1 => changing to UW
3 => changing to UW
2 => new call tree total iteration : 65
2 => changing to UW
2 => 70 iterations changed to => 66
2 => changing to UW
3 => 133 iterations changed to => 132
2 => changing to UW
2 => 73 iterations changed to => 72
3 => changing to UW
1 => changing to UW
2 => changing to UW
3 => changing to UW
3 => 136 iterations changed to => 135
1 => changing to UW
2 => 78 iterations changed to => 77
1 => changing to UW
3 => changing to UW
2 => changing to UW
2 => changing to UW
2 => changing to UW
1 => changing to UW
2 => changing to UW
1 => changing to UW
3 => changing to UW
1 => changing to UW
3 => changing to UW
3 => 144 iterations changed to => 143
3 => changing to UW
1 => changing to UW
2 => 93 iterations changed to => 92
1 => 106 iterations changed to => 102
1 => changing to UW
1 => changing to UW
2 => 95 iterations changed to => 94
2 => changing to UW
1 => 108 iterations changed to => 106
1 => changing to UW
1 => changing to UW
3 => changing to UW
2 => changing to UW
1 => changing to UW
1 => 115 iterations changed to => 114
3 => 155 iterations changed to => 154
3 => 155 iterations changed to => 149
3 => changing to UW
3 => 150 iterations changed to => 146
1 => changing to UW
2 => changing to UW
3 => changing to UW
2 => 105 iterations changed to => 104
1 => changing to UW
3 => changing to UW
2 => changing to UW
1 => changing to UW
2 => 112 iterations changed to => 110
2 => changing to UW
2 => 111 iterations changed to => 99
1 => 126 iterations changed to => 125
2 => 100 iterations changed to => 97
2 => changing to UW
3 => changing to UW
3 => 154 iterations changed to => 153
1 => changing to UW
1 => 134 iterations changed to => 118
1 => changing to UW
2 => 103 iterations changed to => 101
2 => changing to UW
1 => 120 iterations changed to => 119
1 => changing to UW
1 => changing to UW
2 => changing to UW
3 => 159 iterations changed to => 158
3 => 159 iterations changed to => 155
1 => changing to UW
3 => 156 iterations changed to => 150
3 => changing to UW
1 => 127 iterations changed to => 126
2 => changing to UW
3 => 154 iterations changed to => 153
1 => changing to UW
2 => changing to UW
3 => changing to UW
1 => changing to UW
3 => changing to UW
1 => changing to UW
1 => changing to UW
2 => 113 iterations changed to => 112
2 => changing to UW
3 => changing to UW
3 => 165 iterations changed to => 164
3 => 168 iterations changed to => 159
3 => changing to UW
1 => changing to UW
2 => 116 iterations changed to => 110
2 => changing to UW
2 => 112 iterations changed to => 111
1 => changing to UW
1 => 139 iterations changed to => 138
3 => 163 iterations changed to => 162
3 => 163 iterations changed to => 140
2 => 114 iterations changed to => 106
3 => 141 iterations changed to => 138
3 => changing to UW
1 => 143 iterations changed to => 134
1 => changing to UW
1 => 135 iterations changed to => 129
2 => changing to UW
1 => changing to UW
3 => 141 iterations changed to => 140
3 => changing to UW
2 => changing to UW
2 => 114 iterations changed to => 107
1 => changing to UW
2 => changing to UW
2 => 109 iterations changed to => 108
1 => 139 iterations changed to => 138
3 => changing to UW
1 => 141 iterations changed to => 132
1 => changing to UW
2 => 111 iterations changed to => 103
2 => changing to UW
2 => 104 iterations changed to => 87
2 => 88 iterations changed to => 82
2 => changing to UW
2 => 86 iterations changed to => 85
3 => changing to UW
2 => changing to UW
2 => 91 iterations changed to => 90
1 => changing to UW
3 => changing to UW
3 => 153 iterations changed to => 152
1 => 142 iterations changed to => 138
1 => 139 iterations changed to => 135
1 => changing to UW
2 => 95 iterations changed to => 94
3 => changing to UW
3 => 157 iterations changed to => 156
3 => changing to UW
1 => changing to UW
1 => 143 iterations changed to => 140
3 => changing to UW
2 => changing to UW
1 => 142 iterations changed to => 141
1 => changing to UW
3 => 163 iterations changed to => 161
3 => changing to UW
3 => 162 iterations changed to => 148
3 => 149 iterations changed to => 142
1 => 144 iterations changed to => 122
1 => changing to UW
1 => 124 iterations changed to => 123
2 => changing to UW
3 => 145 iterations changed to => 144
2 => 110 iterations changed to => 109
3 => changing to UW
3 => 147 iterations changed to => 146
1 => changing to UW
2 => changing to UW
2 => 112 iterations changed to => 111
3 => changing to UW
1 => changing to UW
2 => changing to UW
1 => 130 iterations changed to => 129
2 => 118 iterations changed to => 116
2 => changing to UW
2 => 117 iterations changed to => 105
2 => 106 iterations changed to => 97
1 => 139 iterations changed to => 125
1 => changing to UW
2 => changing to UW
3 => 155 iterations changed to => 153
3 => changing to UW
1 => changing to UW
3 => 155 iterations changed to => 149
2 => changing to UW
1 => changing to UW
2 => 107 iterations changed to => 106
1 => 137 iterations changed to => 130
1 => changing to UW
3 => 153 iterations changed to => 150
2 => changing to UW
1 => changing to UW
3 => changing to UW
3 => 152 iterations changed to => 151
2 => changing to UW
3 => 153 iterations changed to => 100
3 => changing to UW
3 => Outcome : ReachedBound
3 =>: 149 <= UW iterations OR => 95
2 => 116 iterations changed to => 115
2 => 116 iterations changed to => 109
2 => changing to UW
3 => new call tree total iteration : 65
3 => changing to UW
3 => Outcome : Correct
3 =>: 150 <= UW iterations OR => 95
1 => changing to UW
2 => 117 iterations changed to => 101
2 => changing to UW
2 => 103 iterations changed to => 102
3 => new call tree total iteration : 75
3 => changing to UW
3 => Outcome : Correct
3 =>: 151 <= UW iterations OR => 95
1 => 142 iterations changed to => 141
1 => changing to UW
1 => 144 iterations changed to => 137
1 => changing to UW
2 => changing to UW
3 => new call tree total iteration : 83
3 => Outcome : Correct
3 =>: 151 <= UW iterations OR => 96
2 => changing to UW
2 => 110 iterations changed to => 109
1 => changing to UW
1 => 140 iterations changed to => 139
2 => changing to UW
2 => 113 iterations changed to => 112
3 => new call tree total iteration : 86
3 => changing to UW
3 => 90 iterations changed to => 87
3 => changing to UW
1 => changing to UW
1 => 147 iterations changed to => 144
2 => 115 iterations changed to => 114
2 => changing to UW
3 => changing to UW
3 => changing to UW
3 => 93 iterations changed to => 91
3 => changing to UW
2 => 120 iterations changed to => 105
2 => changing to UW
2 => 108 iterations changed to => 107
1 => 146 iterations changed to => 145
1 => changing to UW
1 => 147 iterations changed to => 133
1 => changing to UW
1 => 136 iterations changed to => 126
2 => changing to UW
3 => changing to UW
2 => 116 iterations changed to => 115
3 => 106 iterations changed to => 98
3 => changing to UW
2 => Outcome : ReachedBound
2 =>: 213 <= UW iterations OR => 102
1 => changing to UW
3 => changing to UW
3 => 105 iterations changed to => 104
3 => changing to UW
1 => 135 iterations changed to => 134
1 => changing to UW
2 => new call tree total iteration : 91
2 => changing to UW
2 => 94 iterations changed to => 92
1 => changing to UW
2 => changing to UW
1 => 141 iterations changed to => 139
1 => changing to UW
3 => changing to UW
1 => 142 iterations changed to => 127
1 => changing to UW
2 => changing to UW
3 => changing to UW
2 => 105 iterations changed to => 95
2 => changing to UW
1 => changing to UW
3 => 122 iterations changed to => 113
3 => changing to UW
3 => 115 iterations changed to => 114
2 => changing to UW
3 => 115 iterations changed to => 110
3 => changing to UW
2 => 104 iterations changed to => 99
2 => changing to UW
1 => changing to UW
3 => changing to UW
2 => changing to UW
1 => changing to UW
1 => 141 iterations changed to => 139
1 => changing to UW
2 => changing to UW
1 => 142 iterations changed to => 133
1 => changing to UW
3 => changing to UW
2 => 113 iterations changed to => 112
1 => changing to UW
3 => 121 iterations changed to => 118
3 => changing to UW
1 => changing to UW
1 => 139 iterations changed to => 138
1 => 141 iterations changed to => 134
1 => changing to UW
1 => 137 iterations changed to => 129
1 => changing to UW
2 => changing to UW
3 => changing to UW
1 => changing to UW
3 => 131 iterations changed to => 124
3 => changing to UW
3 => 126 iterations changed to => 121
3 => changing to UW
3 => 122 iterations changed to => 116
2 => 118 iterations changed to => 117
1 => changing to UW
1 => 137 iterations changed to => 136
2 => changing to UW
1 => changing to UW
3 => changing to UW
1 => 144 iterations changed to => 142
1 => changing to UW
2 => changing to UW
1 => 147 iterations changed to => 132
1 => changing to UW
1 => 134 iterations changed to => 133
3 => 129 iterations changed to => 128
3 => 129 iterations changed to => 122
3 => 123 iterations changed to => 118
3 => changing to UW
2 => changing to UW
2 => 126 iterations changed to => 123
3 => changing to UW
3 => 122 iterations changed to => 121
3 => changing to UW
2 => 126 iterations changed to => 119
2 => changing to UW
1 => 142 iterations changed to => 141
1 => changing to UW
1 => 143 iterations changed to => 111
1 => changing to UW
1 => 112 iterations changed to => 96
3 => 130 iterations changed to => 129
1 => changing to UW
3 => changing to UW
2 => changing to UW
1 => changing to UW
3 => 135 iterations changed to => 132
3 => changing to UW
1 => changing to UW
2 => changing to UW
3 => changing to UW
3 => 137 iterations changed to => 135
1 => changing to UW
3 => changing to UW
1 => changing to UW
2 => changing to UW
3 => 139 iterations changed to => 137
3 => changing to UW
2 => 136 iterations changed to => 135
3 => changing to UW
1 => changing to UW
2 => changing to UW
3 => 144 iterations changed to => 140
3 => changing to UW
2 => 138 iterations changed to => 129
2 => changing to UW
2 => 130 iterations changed to => 122
2 => 124 iterations changed to => 120
3 => 145 iterations changed to => 113
3 => changing to UW
1 => changing to UW
2 => changing to UW
1 => changing to UW
3 => changing to UW
2 => 125 iterations changed to => 124
1 => changing to UW
3 => changing to UW
2 => changing to UW
2 => changing to UW
1 => changing to UW
3 => changing to UW
1 => 133 iterations changed to => 132
1 => changing to UW
3 => 125 iterations changed to => 123
3 => changing to UW
2 => changing to UW
3 => 125 iterations changed to => 119
3 => changing to UW
3 => 121 iterations changed to => 116
3 => changing to UW
2 => changing to UW
3 => 121 iterations changed to => 118
3 => changing to UW
1 => changing to UW
2 => changing to UW
3 => changing to UW
2 => 141 iterations changed to => 137
2 => changing to UW
2 => 138 iterations changed to => 131
2 => 133 iterations changed to => 125
2 => changing to UW
1 => changing to UW
3 => changing to UW
1 => changing to UW
1 => changing to UW
2 => changing to UW
3 => changing to UW
1 => changing to UW
1 => 150 iterations changed to => 149
3 => 131 iterations changed to => 129
1 => 150 iterations changed to => 144
1 => changing to UW
1 => 145 iterations changed to => 136
3 => 130 iterations changed to => 127
3 => changing to UW
3 => 129 iterations changed to => 122
3 => changing to UW
2 => changing to UW
1 => changing to UW
1 => 139 iterations changed to => 138
3 => changing to UW
3 => 128 iterations changed to => 127
3 => changing to UW
2 => 136 iterations changed to => 135
2 => changing to UW
3 => 130 iterations changed to => 124
3 => changing to UW
2 => 139 iterations changed to => 133
2 => changing to UW
2 => 134 iterations changed to => 130
2 => 131 iterations changed to => 127
2 => changing to UW
3 => 127 iterations changed to => 126
1 => changing to UW
2 => changing to UW
3 => changing to UW
2 => changing to UW
3 => changing to UW
1 => changing to UW
3 => 136 iterations changed to => 132
1 => changing to UW
2 => 138 iterations changed to => 137
3 => 134 iterations changed to => 128
2 => 138 iterations changed to => 132
2 => changing to UW
3 => 129 iterations changed to => 114
3 => changing to UW
1 => changing to UW
2 => 134 iterations changed to => 129
1 => 156 iterations changed to => 151
1 => changing to UW
1 => 152 iterations changed to => 148
1 => 149 iterations changed to => 142
1 => 143 iterations changed to => 140
1 => changing to UW
2 => changing to UW
2 => 131 iterations changed to => 130
2 => changing to UW
3 => changing to UW
1 => changing to UW
2 => 135 iterations changed to => 134
1 => changing to UW
2 => 138 iterations changed to => 137
2 => changing to UW
2 => 138 iterations changed to => 121
2 => 122 iterations changed to => 114
2 => 115 iterations changed to => 108
2 => changing to UW
2 => 110 iterations changed to => 104
1 => 151 iterations changed to => 150
2 => changing to UW
2 => 106 iterations changed to => 105
3 => changing to UW
1 => changing to UW
2 => changing to UW
1 => 154 iterations changed to => 152
1 => 153 iterations changed to => 148
1 => changing to UW
3 => 127 iterations changed to => 126
2 => 110 iterations changed to => 109
2 => changing to UW
3 => changing to UW
1 => 151 iterations changed to => 150
2 => changing to UW
1 => changing to UW
1 => 155 iterations changed to => 145
1 => changing to UW
1 => 149 iterations changed to => 146
1 => changing to UW
3 => 131 iterations changed to => 130
2 => 116 iterations changed to => 115
2 => changing to UW
3 => 131 iterations changed to => 128
3 => 129 iterations changed to => 123
3 => changing to UW
1 => 151 iterations changed to => 150
2 => changing to UW
2 => 119 iterations changed to => 118
2 => changing to UW
3 => 128 iterations changed to => 124
3 => changing to UW
2 => changing to UW
1 => 157 iterations changed to => 155
3 => 128 iterations changed to => 126
1 => changing to UW
3 => changing to UW
2 => 122 iterations changed to => 121
1 => 157 iterations changed to => 141
3 => 129 iterations changed to => 121
3 => changing to UW
2 => changing to UW
2 => 126 iterations changed to => 123
3 => changing to UW
2 => changing to UW
2 => 127 iterations changed to => 125
3 => 129 iterations changed to => 126
2 => changing to UW
3 => 129 iterations changed to => 128
1 => changing to UW
3 => 129 iterations changed to => 122
1 => 149 iterations changed to => 148
2 => 129 iterations changed to => 128
1 => changing to UW
1 => 152 iterations changed to => 145
1 => changing to UW
1 => 147 iterations changed to => 146
2 => changing to UW
3 => changing to UW
1 => changing to UW
1 => 149 iterations changed to => 148
1 => 149 iterations changed to => 142
1 => changing to UW
2 => 135 iterations changed to => 130
2 => changing to UW
2 => 131 iterations changed to => 112
3 => changing to UW
3 => 130 iterations changed to => 127
2 => changing to UW
2 => 114 iterations changed to => 113
1 => changing to UW
3 => changing to UW
3 => 131 iterations changed to => 128
3 => 129 iterations changed to => 124
3 => changing to UW
2 => changing to UW
1 => 150 iterations changed to => 149
2 => 120 iterations changed to => 115
1 => changing to UW
2 => changing to UW
3 => changing to UW
1 => changing to UW
3 => 130 iterations changed to => 129
3 => 130 iterations changed to => 125
2 => changing to UW
1 => changing to UW
1 => 160 iterations changed to => 153
3 => changing to UW
2 => 124 iterations changed to => 123
2 => 124 iterations changed to => 117
1 => changing to UW
1 => 155 iterations changed to => 154
3 => changing to UW
2 => changing to UW
1 => 158 iterations changed to => 145
1 => changing to UW
2 => 122 iterations changed to => 119
1 => 147 iterations changed to => 146
3 => 131 iterations changed to => 130
3 => changing to UW
2 => changing to UW
2 => 124 iterations changed to => 121
2 => changing to UW
2 => changing to UW
3 => 134 iterations changed to => 132
3 => changing to UW
3 => 133 iterations changed to => 126
2 => changing to UW
3 => changing to UW
2 => 131 iterations changed to => 130
2 => changing to UW
3 => changing to UW
1 => changing to UW
3 => 134 iterations changed to => 133
1 => 157 iterations changed to => 156
1 => changing to UW
3 => 137 iterations changed to => 129
3 => changing to UW
2 => changing to UW
2 => 134 iterations changed to => 133
2 => 134 iterations changed to => 126
1 => changing to UW
3 => 132 iterations changed to => 131
3 => changing to UW
1 => 163 iterations changed to => 152
1 => changing to UW
2 => changing to UW
1 => 154 iterations changed to => 153
1 => 155 iterations changed to => 149
3 => 135 iterations changed to => 118
3 => changing to UW
3 => 121 iterations changed to => 115
2 => 130 iterations changed to => 129
2 => changing to UW
1 => changing to UW
3 => changing to UW
2 => 135 iterations changed to => 133
1 => changing to UW
1 => 155 iterations changed to => 154
1 => 155 iterations changed to => 151
1 => changing to UW
2 => 136 iterations changed to => 135
3 => changing to UW
2 => Outcome : ReachedBound
2 =>: 355 <= UW iterations OR => 213
1 => 157 iterations changed to => 156
1 => 158 iterations changed to => 129
1 => changing to UW
1 => 130 iterations changed to => 126
1 => 127 iterations changed to => 122
1 => 123 iterations changed to => 118
1 => changing to UW
1 => 119 iterations changed to => 114
1 => 115 iterations changed to => 110
1 => Outcome : ReachedBound
1 =>: 340 <= UW iterations OR => 214
3 => changing to UW
3 => 126 iterations changed to => 124
3 => changing to UW
2 => new call tree total iteration : 103
2 => Outcome : ReachedBound
2 =>: 355 <= UW iterations OR => 214
3 => 129 iterations changed to => 128
3 => changing to UW
3 => 132 iterations changed to => 122
3 => changing to UW
1 => new call tree total iteration : 116
1 => changing to UW
3 => 124 iterations changed to => 123
3 => changing to UW
1 => 118 iterations changed to => 117
1 => changing to UW
1 => changing to UW
2 => new call tree total iteration : 119
2 => changing to UW
3 => changing to UW
3 => 130 iterations changed to => 128
1 => 124 iterations changed to => 120
2 => 121 iterations changed to => 120
2 => changing to UW
3 => 129 iterations changed to => 126
1 => changing to UW
1 => 123 iterations changed to => 121
1 => changing to UW
2 => Outcome : ReachedBound
2 =>: 357 <= UW iterations OR => 216
1 => 127 iterations changed to => 126
1 => changing to UW
3 => 130 iterations changed to => 129
3 => changing to UW
1 => Outcome : ReachedBound
1 =>: 356 <= UW iterations OR => 224
3 => Outcome : ReachedBound
3 =>: 336 <= UW iterations OR => 243
2 => new call tree total iteration : 119
2 => 122 iterations changed to => 121
2 => changing to UW
1 => new call tree total iteration : 127
1 => changing to UW
2 => 127 iterations changed to => 126
2 => changing to UW
1 => 137 iterations changed to => 132
2 => 129 iterations changed to => 127
2 => changing to UW
3 => new call tree total iteration : 120
3 => changing to UW
1 => 133 iterations changed to => 128
1 => changing to UW
2 => changing to UW
1 => 130 iterations changed to => 129
1 => Outcome : ReachedBound
1 =>: 366 <= UW iterations OR => 228
3 => changing to UW
2 => 133 iterations changed to => 132
2 => changing to UW
3 => 126 iterations changed to => 125
3 => changing to UW
3 => 128 iterations changed to => 122
3 => changing to UW
2 => changing to UW
2 => 141 iterations changed to => 134
3 => 126 iterations changed to => 125
3 => changing to UW
2 => changing to UW
2 => 137 iterations changed to => 135
2 => changing to UW
3 => changing to UW
3 => 129 iterations changed to => 127
1 => new call tree total iteration : 121
2 => 139 iterations changed to => 129
3 => changing to UW
2 => 131 iterations changed to => 130
3 => 131 iterations changed to => 129
1 => changing to UW
3 => changing to UW
2 => 132 iterations changed to => 131
2 => changing to UW
3 => 133 iterations changed to => 131
1 => 128 iterations changed to => 127
1 => changing to UW
3 => changing to UW
1 => 129 iterations changed to => 122
1 => changing to UW
2 => 138 iterations changed to => 137
3 => 134 iterations changed to => 133
3 => changing to UW
2 => changing to UW
1 => changing to UW
1 => 126 iterations changed to => 125
2 => 140 iterations changed to => 139
2 => changing to UW
1 => changing to UW
2 => Outcome : ReachedBound
2 =>: 383 <= UW iterations OR => 240
3 => Outcome : ReachedBound
3 =>: 356 <= UW iterations OR => 258
1 => changing to UW
1 => Outcome : ReachedBound
1 =>: 375 <= UW iterations OR => 236
3 => new call tree total iteration : 128
3 => changing to UW
3 => Outcome : ReachedBound
3 =>: 357 <= UW iterations OR => 259
2 => new call tree total iteration : 137
2 => Outcome : ReachedBound
2 =>: 383 <= UW iterations OR => 241
1 => new call tree total iteration : 129
1 => changing to UW
1 => Outcome : ReachedBound
1 =>: 376 <= UW iterations OR => 237
3 => new call tree total iteration : 130
3 => changing to UW
3 => Outcome : ReachedBound
3 =>: 358 <= UW iterations OR => 260
2 => new call tree total iteration : 131
2 => changing to UW
2 => Outcome : ReachedBound
2 =>: 385 <= UW iterations OR => 242
1 => new call tree total iteration : 132
3 => new call tree total iteration : 133
3 => changing to UW
3 => 137 iterations changed to => 136
3 => changing to UW
3 => Outcome : ReachedBound
3 =>: 362 <= UW iterations OR => 262
1 => Outcome : ReachedBound
1 =>: 376 <= UW iterations OR => 239
2 => new call tree total iteration : 134
2 => changing to UW
3 => new call tree total iteration : 133
3 => changing to UW
3 => 137 iterations changed to => 134
3 => changing to UW
2 => Outcome : ReachedBound
2 =>: 386 <= UW iterations OR => 243
3 => Outcome : ReachedBound
3 =>: 366 <= UW iterations OR => 265
1 => new call tree total iteration : 135
1 => Outcome : ReachedBound
1 =>: 376 <= UW iterations OR => 240
2 => new call tree total iteration : 136
2 => changing to UW
2 => 141 iterations changed to => 139
2 => changing to UW
2 => 141 iterations changed to => 140
2 => Outcome : ReachedBound
2 =>: 391 <= UW iterations OR => 246
3 => new call tree total iteration : 137
1 => new call tree total iteration : 138
1 => changing to UW
3 => 139 iterations changed to => 138
1 => 144 iterations changed to => 141
1 => Outcome : ReachedBound
1 =>: 381 <= UW iterations OR => 242
3 => changing to UW
3 => 141 iterations changed to => 140
3 => Outcome : ReachedBound
3 =>: 369 <= UW iterations OR => 268
2 => new call tree total iteration : 139
2 => changing to UW
2 => 146 iterations changed to => 142
2 => Outcome : ReachedBound
2 =>: 397 <= UW iterations OR => 248
1 => new call tree total iteration : 139
1 => changing to UW
1 => 143 iterations changed to => 141
1 => changing to UW
1 => 144 iterations changed to => 142
1 => changing to UW
1 => Outcome : ReachedBound
1 =>: 387 <= UW iterations OR => 245
3 => new call tree total iteration : 140
3 => Outcome : ReachedBound
3 =>: 369 <= UW iterations OR => 269
2 => new call tree total iteration : 140
2 => changing to UW
2 => Outcome : ReachedBound
2 =>: 398 <= UW iterations OR => 249
1 => new call tree total iteration : 141
1 => changing to UW
1 => 145 iterations changed to => 144
1 => changing to UW
1 => Outcome : ReachedBound
1 =>: 395 <= UW iterations OR => 247
3 => new call tree total iteration : 142
3 => changing to UW
2 => new call tree total iteration : 143
2 => changing to UW
3 => Outcome : ReachedBound
3 =>: 370 <= UW iterations OR => 270
2 => Outcome : ReachedBound
2 =>: 399 <= UW iterations OR => 250
1 => new call tree total iteration : 143
1 => changing to UW
3 => new call tree total iteration : 144
3 => changing to UW
3 => 146 iterations changed to => 145
1 => 149 iterations changed to => 145
1 => Outcome : ReachedBound
1 =>: 400 <= UW iterations OR => 249
3 => Outcome : ReachedBound
3 =>: 371 <= UW iterations OR => 272
2 => new call tree total iteration : 144
2 => changing to UW
2 => Outcome : ReachedBound
2 =>: 400 <= UW iterations OR => 251
1 => new call tree total iteration : 145
1 => Outcome : ReachedBound
1 =>: 400 <= UW iterations OR => 250
1 => new call tree total iteration : 146
3 => new call tree total iteration : 146
2 => new call tree total iteration : 146
1 => changing to UW
Verification Outcome : OK
Time Taken : 2657.687352
2 => changing to UW
Verifying sys_zwregistrycreate_0.bpl.bpl
Corral program verifier version 1.0.0.0
Corral program verifier version 1.0.0.0
Corral program verifier version 1.0.0.0
http://localhost:5002/
http://localhost:5002/
http://localhost:5002/
1 => changing to UW
1 => Outcome : Correct
1 =>: 3 <= UW iterations OR => 0
2 => new call tree total iteration : 2
2 => changing to UW
2 => changing to UW
2 => Outcome : Correct
2 =>: 14 <= UW iterations OR => 1
3 => new call tree total iteration : 16
3 => changing to UW
3 => changing to UW
1 => new call tree total iteration : 29
1 => changing to UW
3 => 35 iterations changed to => 34
2 => new call tree total iteration : 32
2 => changing to UW
2 => Outcome : Correct
2 =>: 16 <= UW iterations OR => 1
3 => Outcome : Correct
3 =>: 18 <= UW iterations OR => 2
1 => changing to UW
1 => Outcome : Correct
1 =>: 8 <= UW iterations OR => 2
2 => new call tree total iteration : 35
2 => changing to UW
2 => Outcome : Correct
2 =>: 20 <= UW iterations OR => 1
3 => new call tree total iteration : 36
3 => changing to UW
3 => changing to UW
3 => changing to UW
3 => changing to UW
3 => changing to UW
3 => changing to UW
3 => Outcome : Correct
3 =>: 35 <= UW iterations OR => 8
1 => new call tree total iteration : 58
1 => changing to UW
1 => Outcome : Correct
1 =>: 10 <= UW iterations OR => 2
2 => new call tree total iteration : 59
2 => changing to UW
2 => Outcome : Correct
2 =>: 22 <= UW iterations OR => 1
3 => new call tree total iteration : 60
3 => changing to UW
1 => new call tree total iteration : 61
1 => changing to UW
2 => new call tree total iteration : 62
2 => changing to UW
3 => Outcome : Correct
3 =>: 38 <= UW iterations OR => 8
2 => Outcome : Correct
2 =>: 24 <= UW iterations OR => 1
3 => new call tree total iteration : 63
3 => changing to UW
3 => Outcome : Correct
3 =>: 40 <= UW iterations OR => 8
2 => new call tree total iteration : 64
1 => Outcome : Correct
1 =>: 12 <= UW iterations OR => 2
3 => new call tree total iteration : 62
3 => changing to UW
2 => Outcome : Correct
2 =>: 24 <= UW iterations OR => 2
3 => Outcome : Correct
3 =>: 42 <= UW iterations OR => 8
1 => new call tree total iteration : 63
2 => new call tree total iteration : 64
1 => Outcome : Correct
1 =>: 12 <= UW iterations OR => 4
2 => changing to UW
2 => Outcome : Correct
2 =>: 25 <= UW iterations OR => 3
3 => new call tree total iteration : 65
3 => changing to UW
1 => new call tree total iteration : 66
1 => changing to UW
3 => Outcome : Correct
3 =>: 44 <= UW iterations OR => 9
2 => new call tree total iteration : 67
1 => Outcome : Correct
1 =>: 14 <= UW iterations OR => 4
3 => new call tree total iteration : 67
3 => changing to UW
2 => Outcome : Correct
2 =>: 25 <= UW iterations OR => 4
3 => Outcome : Correct
3 =>: 45 <= UW iterations OR => 10
1 => new call tree total iteration : 68
Verification Outcome : TIMEDOUT
Time Taken : 4E-06
Verifying Imapi_removelockrelease2_0.bpl.bpl
Corral program verifier version 1.0.0.0
Corral program verifier version 1.0.0.0
Corral program verifier version 1.0.0.0
http://localhost:5002/
http://localhost:5002/
http://localhost:5002/
1 => changing to UW
1 => Outcome : Correct
1 =>: 3 <= UW iterations OR => 0
2 => new call tree total iteration : 2
2 => changing to UW
2 => Outcome : Correct
2 =>: 9 <= UW iterations OR => 0
3 => new call tree total iteration : 10
3 => changing to UW
3 => Outcome : Correct
3 =>: 3 <= UW iterations OR => 0
1 => new call tree total iteration : 12
1 => changing to UW
1 => changing to UW
2 => new call tree total iteration : 15
2 => changing to UW
2 => 20 iterations changed to => 19
3 => new call tree total iteration : 16
3 => changing to UW
2 => Outcome : Correct
2 =>: 18 <= UW iterations OR => 0
3 => Outcome : Correct
3 =>: 6 <= UW iterations OR => 0
1 => changing to UW
2 => new call tree total iteration : 18
2 => changing to UW
2 => Outcome : Correct
2 =>: 22 <= UW iterations OR => 0
3 => new call tree total iteration : 21
3 => changing to UW
1 => changing to UW
2 => new call tree total iteration : 22
1 => Outcome : Correct
1 =>: 29 <= UW iterations OR => 3
2 => changing to UW
3 => changing to UW
1 => new call tree total iteration : 25
1 => changing to UW
1 => Outcome : Correct
1 =>: 30 <= UW iterations OR => 3
2 => changing to UW
2 => changing to UW
2 => changing to UW
2 => 46 iterations changed to => 41
2 => changing to UW
1 => new call tree total iteration : 40
1 => changing to UW
2 => Outcome : Correct
2 =>: 46 <= UW iterations OR => 6
3 => 54 iterations changed to => 45
2 => new call tree total iteration : 41
2 => changing to UW
3 => changing to UW
2 => 47 iterations changed to => 42
2 => changing to UW
1 => changing to UW
1 => changing to UW
3 => 53 iterations changed to => 52
3 => changing to UW
1 => changing to UW
1 => 60 iterations changed to => 57
1 => changing to UW
3 => 64 iterations changed to => 63
1 => 71 iterations changed to => 64
1 => changing to UW
2 => 57 iterations changed to => 53
3 => 64 iterations changed to => 58
3 => changing to UW
1 => 68 iterations changed to => 65
1 => changing to UW
3 => 62 iterations changed to => 61
2 => changing to UW
1 => 68 iterations changed to => 48
1 => changing to UW
1 => Outcome : Correct
1 =>: 64 <= UW iterations OR => 11
2 => 61 iterations changed to => 54
2 => changing to UW
2 => changing to UW
1 => new call tree total iteration : 45
1 => changing to UW
1 => Outcome : Correct
1 =>: 65 <= UW iterations OR => 11
3 => 64 iterations changed to => 47
3 => changing to UW
1 => new call tree total iteration : 49
1 => changing to UW
2 => 63 iterations changed to => 57
2 => changing to UW
3 => 55 iterations changed to => 48
3 => changing to UW
2 => 68 iterations changed to => 58
2 => changing to UW
2 => Outcome : Correct
2 =>: 89 <= UW iterations OR => 16
1 => 59 iterations changed to => 58
1 => Outcome : Correct
1 =>: 74 <= UW iterations OR => 13
2 => new call tree total iteration : 50
3 => changing to UW
3 => 55 iterations changed to => 54
3 => changing to UW
2 => changing to UW
1 => new call tree total iteration : 50
3 => changing to UW
1 => changing to UW
2 => 64 iterations changed to => 61
2 => changing to UW
3 => 61 iterations changed to => 57
3 => changing to UW
3 => 59 iterations changed to => 58
2 => 67 iterations changed to => 65
2 => changing to UW
2 => 67 iterations changed to => 51
2 => changing to UW
1 => 53 iterations changed to => 51
1 => changing to UW
3 => 62 iterations changed to => 61
3 => 64 iterations changed to => 63
2 => 59 iterations changed to => 58
2 => 59 iterations changed to => 53
2 => changing to UW
3 => Outcome : Correct
3 =>: 88 <= UW iterations OR => 12
1 => changing to UW
1 => 54 iterations changed to => 53
2 => changing to UW
2 => changing to UW
3 => new call tree total iteration : 52
3 => changing to UW
3 => 54 iterations changed to => 53
2 => 67 iterations changed to => 59
2 => changing to UW
2 => 68 iterations changed to => 60
2 => changing to UW
1 => 60 iterations changed to => 57
1 => changing to UW
1 => 59 iterations changed to => 58
3 => 59 iterations changed to => 58
1 => 61 iterations changed to => 60
3 => 61 iterations changed to => 60
3 => changing to UW
1 => Outcome : Correct
1 =>: 88 <= UW iterations OR => 18
1 => new call tree total iteration : 54
1 => changing to UW
3 => 65 iterations changed to => 55
3 => changing to UW
2 => Outcome : Correct
2 =>: 130 <= UW iterations OR => 32
3 => 57 iterations changed to => 56
1 => changing to UW
1 => 67 iterations changed to => 59
1 => changing to UW
2 => new call tree total iteration : 55
2 => changing to UW
1 => 68 iterations changed to => 67
1 => changing to UW
3 => 58 iterations changed to => 57
3 => changing to UW
2 => changing to UW
2 => 64 iterations changed to => 60
2 => changing to UW
1 => 72 iterations changed to => 71
1 => changing to UW
3 => 64 iterations changed to => 63
3 => changing to UW
2 => 70 iterations changed to => 68
2 => changing to UW
1 => Outcome : Correct
1 =>: 113 <= UW iterations OR => 23
3 => 69 iterations changed to => 68
2 => Outcome : Correct
2 =>: 148 <= UW iterations OR => 36
3 => Outcome : Correct
3 =>: 114 <= UW iterations OR => 21
1 => new call tree total iteration : 56
1 => changing to UW
1 => Outcome : Correct
1 =>: 115 <= UW iterations OR => 24
2 => new call tree total iteration : 57
2 => changing to UW
3 => new call tree total iteration : 58
3 => changing to UW
3 => Outcome : Correct
3 =>: 116 <= UW iterations OR => 21
2 => 60 iterations changed to => 59
2 => changing to UW
2 => Outcome : Correct
2 =>: 151 <= UW iterations OR => 38
1 => new call tree total iteration : 59
1 => changing to UW
1 => Outcome : Correct
1 =>: 117 <= UW iterations OR => 24
3 => new call tree total iteration : 58
3 => changing to UW
2 => new call tree total iteration : 60
2 => changing to UW
2 => 62 iterations changed to => 61
2 => Outcome : Correct
2 =>: 153 <= UW iterations OR => 39
3 => changing to UW
1 => new call tree total iteration : 59
1 => changing to UW
2 => new call tree total iteration : 60
2 => changing to UW
1 => 71 iterations changed to => 69
1 => changing to UW
2 => 64 iterations changed to => 61
2 => changing to UW
1 => 75 iterations changed to => 73
1 => 75 iterations changed to => 60
3 => Outcome : Correct
3 =>: 120 <= UW iterations OR => 24
2 => Outcome : Correct
2 =>: 160 <= UW iterations OR => 42
1 => 68 iterations changed to => 66
1 => changing to UW
1 => Outcome : Correct
1 =>: 143 <= UW iterations OR => 29
3 => new call tree total iteration : 63
3 => Outcome : Correct
3 =>: 120 <= UW iterations OR => 25
2 => new call tree total iteration : 65
2 => Outcome : Correct
2 =>: 160 <= UW iterations OR => 43
Verification Outcome : OK
Time Taken : 429.286283
Verifying parzip_nsremovelockmnremove_0.bpl.bpl
Corral program verifier version 1.0.0.0
Corral program verifier version 1.0.0.0
Corral program verifier version 1.0.0.0
http://localhost:5002/
http://localhost:5002/
http://localhost:5002/
1 => changing to UW
1 => Outcome : Correct
1 =>: 3 <= UW iterations OR => 0
3 => new call tree total iteration : 2
3 => changing to UW
3 => Outcome : Correct
3 =>: 13 <= UW iterations OR => 0
2 => new call tree total iteration : 14
2 => changing to UW
2 => Outcome : Correct
2 =>: 6 <= UW iterations OR => 0
1 => new call tree total iteration : 19
1 => changing to UW
1 => Outcome : Correct
1 =>: 4 <= UW iterations OR => 1
3 => new call tree total iteration : 20
3 => changing to UW
3 => Outcome : Correct
3 =>: 15 <= UW iterations OR => 0
2 => new call tree total iteration : 21
2 => changing to UW
2 => Outcome : Correct
2 =>: 8 <= UW iterations OR => 0
1 => new call tree total iteration : 22
1 => changing to UW
1 => Outcome : Correct
1 =>: 6 <= UW iterations OR => 1
3 => new call tree total iteration : 23
3 => changing to UW
3 => Outcome : Correct
3 =>: 17 <= UW iterations OR => 0
2 => new call tree total iteration : 24
2 => changing to UW
2 => Outcome : Correct
2 =>: 10 <= UW iterations OR => 0
1 => new call tree total iteration : 25
1 => changing to UW
1 => Outcome : Correct
1 =>: 8 <= UW iterations OR => 1
3 => new call tree total iteration : 26
3 => changing to UW
3 => Outcome : Correct
3 =>: 19 <= UW iterations OR => 0
2 => new call tree total iteration : 27
2 => changing to UW
2 => Outcome : Correct
2 =>: 11 <= UW iterations OR => 1
1 => new call tree total iteration : 28
1 => changing to UW
3 => new call tree total iteration : 29
3 => changing to UW
2 => new call tree total iteration : 30
2 => changing to UW
2 => 32 iterations changed to => 31
3 => changing to UW
2 => changing to UW
3 => changing to UW
3 => changing to UW
2 => changing to UW
3 => changing to UW
1 => changing to UW
2 => 56 iterations changed to => 55
2 => 58 iterations changed to => 57
3 => changing to UW
2 => 58 iterations changed to => 53
2 => changing to UW
1 => changing to UW
2 => 56 iterations changed to => 55
2 => changing to UW
2 => 61 iterations changed to => 60
2 => changing to UW
3 => changing to UW
2 => 63 iterations changed to => 62
3 => 69 iterations changed to => 68
2 => 65 iterations changed to => 64
2 => changing to UW
3 => 71 iterations changed to => 70
2 => 66 iterations changed to => 65
3 => 73 iterations changed to => 72
3 => 73 iterations changed to => 64
1 => 67 iterations changed to => 66
3 => changing to UW
2 => 67 iterations changed to => 66
2 => changing to UW
1 => 69 iterations changed to => 68
2 => 70 iterations changed to => 69
2 => changing to UW
1 => 71 iterations changed to => 70
2 => 72 iterations changed to => 71
2 => changing to UW
3 => 69 iterations changed to => 67
3 => 68 iterations changed to => 65
3 => changing to UW
3 => 66 iterations changed to => 62
2 => 74 iterations changed to => 73
2 => changing to UW
3 => changing to UW
1 => 72 iterations changed to => 71
1 => changing to UW
1 => 72 iterations changed to => 64
3 => 68 iterations changed to => 67
1 => changing to UW
2 => 79 iterations changed to => 78
2 => changing to UW
2 => 79 iterations changed to => 77
2 => 78 iterations changed to => 75
2 => changing to UW
2 => Outcome : ReachedBound
2 =>: 64 <= UW iterations OR => 17
2 => new call tree total iteration : 34
2 => changing to UW
2 => 36 iterations changed to => 35
2 => changing to UW
1 => 68 iterations changed to => 67
1 => 68 iterations changed to => 65
1 => 66 iterations changed to => 63
1 => 64 iterations changed to => 62
1 => changing to UW
2 => 60 iterations changed to => 59
2 => changing to UW
2 => 61 iterations changed to => 60
2 => changing to UW
2 => 61 iterations changed to => 57
1 => 66 iterations changed to => 64
2 => 63 iterations changed to => 60
2 => 61 iterations changed to => 55
2 => 56 iterations changed to => 53
2 => changing to UW
3 => 74 iterations changed to => 72
3 => 73 iterations changed to => 71
3 => 72 iterations changed to => 70
3 => 71 iterations changed to => 69
3 => 70 iterations changed to => 65
3 => 66 iterations changed to => 63
3 => 64 iterations changed to => 60
2 => changing to UW
1 => 66 iterations changed to => 65
1 => changing to UW
2 => 62 iterations changed to => 61
1 => changing to UW
3 => changing to UW
2 => changing to UW
2 => 64 iterations changed to => 63
3 => 66 iterations changed to => 65
3 => changing to UW
2 => changing to UW
2 => 66 iterations changed to => 65
1 => 71 iterations changed to => 69
1 => 70 iterations changed to => 67
1 => changing to UW
1 => 68 iterations changed to => 63
1 => 64 iterations changed to => 61
1 => 62 iterations changed to => 59
2 => changing to UW
3 => 69 iterations changed to => 67
3 => 68 iterations changed to => 63
3 => changing to UW
3 => 64 iterations changed to => 61
3 => 62 iterations changed to => 58
2 => changing to UW
1 => 65 iterations changed to => 64
1 => changing to UW
3 => changing to UW
3 => changing to UW
3 => 68 iterations changed to => 65
3 => 66 iterations changed to => 62
3 => changing to UW
3 => 63 iterations changed to => 59
3 => 60 iterations changed to => 55
2 => 72 iterations changed to => 71
2 => changing to UW
2 => 75 iterations changed to => 74
3 => changing to UW
2 => 77 iterations changed to => 69
2 => 70 iterations changed to => 67
2 => changing to UW
2 => changing to UW
2 => 74 iterations changed to => 73
2 => changing to UW
3 => changing to UW
2 => 78 iterations changed to => 77
3 => 67 iterations changed to => 66
1 => 68 iterations changed to => 67
1 => 68 iterations changed to => 66
1 => 67 iterations changed to => 62
1 => 63 iterations changed to => 60
1 => 61 iterations changed to => 57
1 => changing to UW
2 => changing to UW
2 => 80 iterations changed to => 79
2 => changing to UW
1 => 61 iterations changed to => 60
1 => changing to UW
1 => 61 iterations changed to => 58
1 => 59 iterations changed to => 55
1 => changing to UW
3 => 77 iterations changed to => 76
1 => changing to UW
3 => 77 iterations changed to => 75
3 => 76 iterations changed to => 73
3 => changing to UW
3 => 74 iterations changed to => 72
3 => 73 iterations changed to => 69
3 => 70 iterations changed to => 62
3 => 63 iterations changed to => 56
3 => changing to UW
3 => 57 iterations changed to => 33
3 => changing to UW
3 => changing to UW
2 => 85 iterations changed to => 84
2 => changing to UW
2 => 85 iterations changed to => 83
2 => 84 iterations changed to => 82
2 => 83 iterations changed to => 81
2 => changing to UW
2 => 82 iterations changed to => 80
1 => 66 iterations changed to => 65
3 => 55 iterations changed to => 54
3 => 58 iterations changed to => 57
3 => changing to UW
1 => 66 iterations changed to => 63
1 => changing to UW
1 => 64 iterations changed to => 61
1 => 62 iterations changed to => 59
1 => changing to UW
1 => 60 iterations changed to => 56
1 => 57 iterations changed to => 51
1 => changing to UW
3 => 64 iterations changed to => 62
3 => changing to UW
3 => 63 iterations changed to => 34
3 => 42 iterations changed to => 36
3 => changing to UW
1 => changing to UW
3 => changing to UW
3 => changing to UW
3 => changing to UW
3 => 55 iterations changed to => 54
1 => changing to UW
1 => 63 iterations changed to => 62
3 => changing to UW
1 => 65 iterations changed to => 64
2 => 86 iterations changed to => 85
2 => changing to UW
2 => 86 iterations changed to => 83
2 => 84 iterations changed to => 81
2 => changing to UW
1 => 66 iterations changed to => 59
1 => changing to UW
1 => 60 iterations changed to => 52
1 => Outcome : Correct
1 =>: 108 <= UW iterations OR => 27
1 => new call tree total iteration : 63
1 => changing to UW
1 => 65 iterations changed to => 64
3 => 70 iterations changed to => 67
3 => changing to UW
3 => Outcome : ReachedBound
3 =>: 182 <= UW iterations OR => 44
1 => Outcome : Correct
1 =>: 109 <= UW iterations OR => 29
3 => new call tree total iteration : 57
3 => changing to UW
3 => 59 iterations changed to => 58
3 => 62 iterations changed to => 61
1 => new call tree total iteration : 82
1 => changing to UW
3 => changing to UW
1 => 84 iterations changed to => 83
1 => Outcome : ReachedBound
1 =>: 111 <= UW iterations OR => 30
3 => Outcome : ReachedBound
3 =>: 189 <= UW iterations OR => 47
2 => Outcome : ReachedBound
2 =>: 144 <= UW iterations OR => 40
1 => new call tree total iteration : 64
1 => changing to UW
3 => new call tree total iteration : 65
3 => changing to UW
3 => 67 iterations changed to => 66
3 => changing to UW
2 => new call tree total iteration : 66
2 => changing to UW
2 => 68 iterations changed to => 67
2 => changing to UW
3 => 73 iterations changed to => 72
3 => changing to UW
1 => 70 iterations changed to => 67
1 => changing to UW
1 => Outcome : ReachedBound
1 =>: 116 <= UW iterations OR => 32
2 => Outcome : ReachedBound
2 =>: 146 <= UW iterations OR => 43
3 => changing to UW
3 => Outcome : ReachedBound
3 =>: 199 <= UW iterations OR => 50
1 => new call tree total iteration : 75
1 => changing to UW
1 => 79 iterations changed to => 78
2 => new call tree total iteration : 76
2 => changing to UW
1 => Outcome : ReachedBound
1 =>: 119 <= UW iterations OR => 34
2 => Outcome : ReachedBound
2 =>: 147 <= UW iterations OR => 44
3 => new call tree total iteration : 77
3 => Outcome : ReachedBound
3 =>: 199 <= UW iterations OR => 51
1 => new call tree total iteration : 77
1 => changing to UW
1 => Outcome : ReachedBound
1 =>: 121 <= UW iterations OR => 34
2 => new call tree total iteration : 78
2 => changing to UW
2 => Outcome : ReachedBound
2 =>: 149 <= UW iterations OR => 44
3 => new call tree total iteration : 79
3 => changing to UW
3 => Outcome : ReachedBound
3 =>: 201 <= UW iterations OR => 51
1 => new call tree total iteration : 80
1 => changing to UW
1 => Outcome : ReachedBound
1 =>: 122 <= UW iterations OR => 35
2 => new call tree total iteration : 81
2 => changing to UW
2 => Outcome : ReachedBound
2 =>: 150 <= UW iterations OR => 44
Verification Outcome : OK
Time Taken : 902.532202
Verifying mp_iobuildfsdirpsignaleventincompletiontimeout_0.bpl.bpl
Corral program verifier version 1.0.0.0
Corral program verifier version 1.0.0.0
Corral program verifier version 1.0.0.0
http://localhost:5002/
http://localhost:5002/
http://localhost:5002/
1 => changing to UW
1 => Outcome : Correct
1 =>: 3 <= UW iterations OR => 0
2 => new call tree total iteration : 2
2 => changing to UW
2 => changing to UW
2 => Outcome : Correct
2 =>: 35 <= UW iterations OR => 1
1 => new call tree total iteration : 37
1 => changing to UW
1 => changing to UW
1 => changing to UW
1 => changing to UW
1 => changing to UW
1 => changing to UW
1 => Outcome : ReachedBound
1 =>: 25 <= UW iterations OR => 7
3 => new call tree total iteration : 65
3 => changing to UW
3 => changing to UW
3 => changing to UW
1 => new call tree total iteration : 67
1 => Outcome : ReachedBound
1 =>: 25 <= UW iterations OR => 8
2 => new call tree total iteration : 66
2 => changing to UW
3 => changing to UW
2 => 68 iterations changed to => 67
2 => changing to UW
3 => changing to UW
3 => changing to UW
2 => changing to UW
3 => changing to UW
1 => new call tree total iteration : 68
1 => changing to UW
1 => Outcome : ReachedBound
1 =>: 26 <= UW iterations OR => 8
2 => changing to UW
3 => changing to UW
2 => changing to UW
2 => 88 iterations changed to => 80
2 => changing to UW
3 => 107 iterations changed to => 94
3 => changing to UW
2 => changing to UW
3 => 99 iterations changed to => 98
3 => changing to UW
2 => changing to UW
2 => 91 iterations changed to => 90
3 => changing to UW
2 => changing to UW
3 => changing to UW
1 => new call tree total iteration : 79
1 => changing to UW
1 => 81 iterations changed to => 80
1 => changing to UW
2 => Outcome : ReachedBound
2 =>: 68 <= UW iterations OR => 13
3 => Outcome : ReachedBound
3 =>: 37 <= UW iterations OR => 19
1 => changing to UW
1 => changing to UW
1 => changing to UW
1 => changing to UW
1 => changing to UW
1 => changing to UW
1 => 104 iterations changed to => 103
1 => changing to UW
1 => changing to UW
3 => new call tree total iteration : 90
3 => changing to UW
1 => 114 iterations changed to => 113
1 => changing to UW
3 => changing to UW
2 => new call tree total iteration : 106
2 => changing to UW
1 => changing to UW
3 => changing to UW
1 => changing to UW
2 => 108 iterations changed to => 107
3 => changing to UW
3 => 100 iterations changed to => 99
1 => changing to UW
2 => changing to UW
3 => changing to UW
1 => changing to UW
1 => 128 iterations changed to => 127
3 => changing to UW
3 => 107 iterations changed to => 106
3 => changing to UW
2 => changing to UW
1 => changing to UW
3 => changing to UW
2 => 118 iterations changed to => 117
1 => 138 iterations changed to => 137
1 => changing to UW
2 => changing to UW
1 => 141 iterations changed to => 120
1 => changing to UW
2 => changing to UW
3 => changing to UW
2 => 125 iterations changed to => 122
2 => changing to UW
3 => changing to UW
1 => changing to UW
1 => changing to UW
3 => changing to UW
1 => 133 iterations changed to => 132
1 => changing to UW
2 => changing to UW
3 => 126 iterations changed to => 124
1 => 134 iterations changed to => 126
1 => changing to UW
2 => 132 iterations changed to => 127
2 => 128 iterations changed to => 111
2 => changing to UW
3 => 125 iterations changed to => 118
3 => changing to UW
2 => changing to UW
1 => changing to UW
2 => 117 iterations changed to => 113
2 => changing to UW
3 => 124 iterations changed to => 122
1 => 135 iterations changed to => 134
1 => changing to UW
3 => changing to UW
1 => changing to UW
1 => changing to UW
2 => changing to UW
3 => 128 iterations changed to => 126
3 => changing to UW
1 => 143 iterations changed to => 129
1 => changing to UW
2 => changing to UW
3 => changing to UW
1 => changing to UW
3 => 131 iterations changed to => 129
3 => changing to UW
1 => 134 iterations changed to => 130
1 => changing to UW
2 => changing to UW
3 => 131 iterations changed to => 111
3 => changing to UW
1 => 133 iterations changed to => 132
1 => changing to UW
2 => 129 iterations changed to => 127
2 => 128 iterations changed to => 121
2 => 122 iterations changed to => 117
2 => changing to UW
3 => changing to UW
3 => changing to UW
2 => changing to UW
1 => changing to UW
1 => 137 iterations changed to => 136
1 => 137 iterations changed to => 91
1 => Outcome : ReachedBound
1 =>: 82 <= UW iterations OR => 67
2 => changing to UW
2 => changing to UW
3 => changing to UW
2 => changing to UW
3 => changing to UW
1 => new call tree total iteration : 91
1 => changing to UW
2 => 131 iterations changed to => 128
2 => changing to UW
1 => 93 iterations changed to => 92
3 => 131 iterations changed to => 129
3 => changing to UW
3 => 135 iterations changed to => 122
3 => changing to UW
2 => 131 iterations changed to => 130
2 => 131 iterations changed to => 124
1 => changing to UW
3 => changing to UW
2 => changing to UW
3 => 127 iterations changed to => 125
1 => changing to UW
3 => changing to UW
1 => 104 iterations changed to => 103
3 => 130 iterations changed to => 128
1 => changing to UW
3 => changing to UW
2 => 131 iterations changed to => 127
2 => changing to UW
3 => 131 iterations changed to => 119
3 => 120 iterations changed to => 113
3 => changing to UW
2 => changing to UW
1 => changing to UW
3 => changing to UW
2 => 132 iterations changed to => 131
2 => changing to UW
3 => 125 iterations changed to => 120
3 => changing to UW
3 => changing to UW
1 => changing to UW
2 => 134 iterations changed to => 128
2 => changing to UW
2 => 129 iterations changed to => 119
2 => Outcome : ReachedBound
2 =>: 117 <= UW iterations OR => 55
1 => 119 iterations changed to => 117
3 => changing to UW
1 => changing to UW
3 => changing to UW
3 => 131 iterations changed to => 129
3 => changing to UW
1 => changing to UW
3 => changing to UW
3 => 136 iterations changed to => 125
2 => new call tree total iteration : 96
2 => changing to UW
2 => 98 iterations changed to => 97
3 => changing to UW
2 => changing to UW
2 => changing to UW
3 => 132 iterations changed to => 131
1 => 131 iterations changed to => 130
2 => 105 iterations changed to => 104
1 => 131 iterations changed to => 126
1 => 127 iterations changed to => 120
1 => changing to UW
1 => 122 iterations changed to => 113
1 => changing to UW
3 => changing to UW
2 => changing to UW
3 => 134 iterations changed to => 126
3 => changing to UW
1 => changing to UW
3 => 128 iterations changed to => 127
3 => changing to UW
2 => changing to UW
1 => changing to UW
3 => changing to UW
2 => changing to UW
1 => 122 iterations changed to => 115
3 => 131 iterations changed to => 130
1 => changing to UW
2 => 121 iterations changed to => 117
2 => changing to UW
2 => 120 iterations changed to => 119
3 => 134 iterations changed to => 133
3 => changing to UW
1 => 122 iterations changed to => 121
1 => changing to UW
3 => changing to UW
3 => 138 iterations changed to => 136
3 => 137 iterations changed to => 114
3 => changing to UW
1 => changing to UW
2 => changing to UW
1 => 129 iterations changed to => 126
1 => changing to UW
2 => 131 iterations changed to => 130
2 => changing to UW
2 => 131 iterations changed to => 125
3 => changing to UW
2 => changing to UW
2 => 132 iterations changed to => 128
3 => 122 iterations changed to => 121
1 => changing to UW
1 => 133 iterations changed to => 132
2 => 130 iterations changed to => 110
2 => changing to UW
1 => 133 iterations changed to => 128
1 => changing to UW
1 => 129 iterations changed to => 116
1 => 117 iterations changed to => 109
2 => changing to UW
3 => 125 iterations changed to => 124
3 => changing to UW
1 => changing to UW
2 => changing to UW
2 => 119 iterations changed to => 118
3 => changing to UW
3 => 132 iterations changed to => 128
1 => changing to UW
2 => changing to UW
2 => 123 iterations changed to => 122
2 => changing to UW
3 => 131 iterations changed to => 117
1 => changing to UW
2 => changing to UW
3 => changing to UW
2 => 129 iterations changed to => 128
2 => 131 iterations changed to => 111
2 => changing to UW
1 => changing to UW
2 => 115 iterations changed to => 114
2 => changing to UW
3 => 125 iterations changed to => 124
3 => changing to UW
2 => changing to UW
2 => 120 iterations changed to => 119
1 => changing to UW
1 => 126 iterations changed to => 124
3 => 128 iterations changed to => 127
3 => changing to UW
2 => changing to UW
3 => 130 iterations changed to => 119
1 => changing to UW
1 => 128 iterations changed to => 127
2 => changing to UW
3 => 122 iterations changed to => 121
3 => changing to UW
1 => 129 iterations changed to => 121
1 => changing to UW
1 => 123 iterations changed to => 118
1 => 120 iterations changed to => 114
1 => 116 iterations changed to => 115
2 => 130 iterations changed to => 127
2 => changing to UW
3 => 126 iterations changed to => 125
1 => changing to UW
2 => 130 iterations changed to => 129
1 => changing to UW
3 => changing to UW
2 => 130 iterations changed to => 122
2 => changing to UW
3 => 129 iterations changed to => 128
2 => changing to UW
1 => changing to UW
2 => changing to UW
1 => changing to UW
2 => 129 iterations changed to => 128
2 => changing to UW
3 => changing to UW
1 => 130 iterations changed to => 123
1 => changing to UW
1 => 124 iterations changed to => 119
2 => 131 iterations changed to => 124
2 => 126 iterations changed to => 125
3 => 139 iterations changed to => 136
3 => changing to UW
3 => 139 iterations changed to => 131
3 => changing to UW
3 => 133 iterations changed to => 132
2 => changing to UW
2 => 129 iterations changed to => 128
1 => changing to UW
1 => 129 iterations changed to => 128
1 => changing to UW
1 => 132 iterations changed to => 123
1 => 124 iterations changed to => 120
1 => 121 iterations changed to => 111
2 => changing to UW
1 => changing to UW
2 => 133 iterations changed to => 132
3 => changing to UW
3 => 139 iterations changed to => 138
3 => 139 iterations changed to => 135
3 => Outcome : ReachedBound
3 =>: 166 <= UW iterations OR => 123
1 => changing to UW
2 => changing to UW
2 => 137 iterations changed to => 136
2 => Outcome : ReachedBound
2 =>: 198 <= UW iterations OR => 102
1 => changing to UW
1 => 121 iterations changed to => 120
1 => changing to UW
1 => 124 iterations changed to => 123
1 => 126 iterations changed to => 125
3 => new call tree total iteration : 113
3 => changing to UW
3 => 115 iterations changed to => 114
1 => 128 iterations changed to => 127
1 => changing to UW
2 => new call tree total iteration : 114
3 => changing to UW
3 => 118 iterations changed to => 116
2 => Outcome : ReachedBound
2 =>: 198 <= UW iterations OR => 103
3 => changing to UW
1 => changing to UW
1 => 132 iterations changed to => 131
1 => 132 iterations changed to => 129
1 => changing to UW
1 => 131 iterations changed to => 130
1 => changing to UW
3 => changing to UW
3 => 122 iterations changed to => 120
3 => changing to UW
1 => changing to UW
1 => 135 iterations changed to => 134
3 => 124 iterations changed to => 122
3 => changing to UW
1 => 135 iterations changed to => 132
1 => changing to UW
1 => 134 iterations changed to => 133
3 => changing to UW
2 => new call tree total iteration : 117
3 => changing to UW
3 => 127 iterations changed to => 126
1 => Outcome : ReachedBound
1 =>: 176 <= UW iterations OR => 154
2 => Outcome : ReachedBound
2 =>: 198 <= UW iterations OR => 104
3 => 131 iterations changed to => 130
3 => Outcome : ReachedBound
3 =>: 182 <= UW iterations OR => 135
1 => new call tree total iteration : 118
1 => changing to UW
2 => new call tree total iteration : 123
1 => 122 iterations changed to => 120
2 => Outcome : ReachedBound
2 =>: 198 <= UW iterations OR => 105
1 => Outcome : ReachedBound
1 =>: 179 <= UW iterations OR => 158
3 => new call tree total iteration : 119
3 => changing to UW
3 => Outcome : ReachedBound
3 =>: 183 <= UW iterations OR => 136
2 => new call tree total iteration : 122
2 => changing to UW
2 => changing to UW
1 => new call tree total iteration : 120
1 => changing to UW
2 => 126 iterations changed to => 125
2 => changing to UW
1 => 123 iterations changed to => 121
1 => changing to UW
2 => changing to UW
1 => 124 iterations changed to => 123
2 => 134 iterations changed to => 131
2 => changing to UW
2 => 132 iterations changed to => 127
2 => Outcome : ReachedBound
2 =>: 207 <= UW iterations OR => 111
3 => new call tree total iteration : 123
3 => changing to UW
1 => changing to UW
1 => changing to UW
3 => 125 iterations changed to => 124
3 => Outcome : ReachedBound
3 =>: 184 <= UW iterations OR => 138
1 => changing to UW
1 => 136 iterations changed to => 135
1 => changing to UW
1 => 138 iterations changed to => 132
1 => changing to UW
1 => changing to UW
1 => 137 iterations changed to => 134
1 => changing to UW
1 => 135 iterations changed to => 129
1 => changing to UW
1 => 131 iterations changed to => 130
1 => changing to UW
2 => new call tree total iteration : 125
1 => 135 iterations changed to => 134
1 => Outcome : ReachedBound
1 =>: 201 <= UW iterations OR => 172
2 => Outcome : ReachedBound
2 =>: 207 <= UW iterations OR => 112
3 => new call tree total iteration : 126
3 => changing to UW
3 => Outcome : ReachedBound
3 =>: 186 <= UW iterations OR => 138
1 => new call tree total iteration : 127
1 => changing to UW
1 => Outcome : ReachedBound
1 =>: 202 <= UW iterations OR => 173
2 => new call tree total iteration : 128
2 => Outcome : ReachedBound
2 =>: 207 <= UW iterations OR => 113
Verification Outcome : OK
Time Taken : 1381.299788
Verifying serial_markingqueuedirps_1.bpl.bpl
Corral program verifier version 1.0.0.0
Corral program verifier version 1.0.0.0
Corral program verifier version 1.0.0.0
http://localhost:5002/
http://localhost:5002/
http://localhost:5002/
1 => changing to UW
1 => Outcome : Correct
1 =>: 3 <= UW iterations OR => 0
3 => new call tree total iteration : 2
3 => changing to UW
3 => changing to UW
3 => Outcome : Correct
3 =>: 25 <= UW iterations OR => 1
2 => new call tree total iteration : 27
2 => changing to UW
1 => new call tree total iteration : 28
1 => changing to UW
3 => new call tree total iteration : 30
3 => changing to UW
3 => 34 iterations changed to => 31
3 => changing to UW
2 => 42 iterations changed to => 41
3 => Outcome : Correct
3 =>: 36 <= UW iterations OR => 3
2 => changing to UW
2 => changing to UW
3 => new call tree total iteration : 30
3 => changing to UW
2 => changing to UW
3 => changing to UW
2 => changing to UW
3 => Outcome : Correct
3 =>: 53 <= UW iterations OR => 4
2 => changing to UW
3 => new call tree total iteration : 34
3 => changing to UW
3 => changing to UW
2 => changing to UW
3 => changing to UW
2 => changing to UW
2 => changing to UW
3 => 54 iterations changed to => 53
1 => changing to UW
2 => 76 iterations changed to => 75
2 => changing to UW
1 => 60 iterations changed to => 54
1 => changing to UW
3 => 61 iterations changed to => 60
2 => 84 iterations changed to => 83
2 => changing to UW
2 => changing to UW
2 => 88 iterations changed to => 87
2 => changing to UW
3 => 67 iterations changed to => 65
3 => changing to UW
3 => Outcome : ReachedBound
3 =>: 88 <= UW iterations OR => 8
2 => 93 iterations changed to => 92
1 => changing to UW
2 => changing to UW
3 => new call tree total iteration : 55
3 => changing to UW
3 => 57 iterations changed to => 56
1 => changing to UW
3 => Outcome : Correct
3 =>: 96 <= UW iterations OR => 9
2 => changing to UW
2 => 97 iterations changed to => 96
1 => changing to UW
3 => new call tree total iteration : 62
3 => changing to UW
3 => 64 iterations changed to => 63
2 => changing to UW
3 => Outcome : Correct
3 =>: 101 <= UW iterations OR => 10
1 => 85 iterations changed to => 84
1 => changing to UW
2 => changing to UW
2 => changing to UW
3 => new call tree total iteration : 69
3 => Outcome : Correct
3 =>: 101 <= UW iterations OR => 11
2 => changing to UW
2 => 110 iterations changed to => 109
2 => changing to UW
1 => changing to UW
2 => changing to UW
2 => 116 iterations changed to => 115
2 => changing to UW
3 => new call tree total iteration : 79
2 => changing to UW
3 => Outcome : Correct
3 =>: 101 <= UW iterations OR => 12
2 => changing to UW
1 => changing to UW
2 => 121 iterations changed to => 120
1 => 95 iterations changed to => 94
1 => changing to UW
2 => changing to UW
2 => changing to UW
1 => changing to UW
1 => 98 iterations changed to => 97
2 => changing to UW
3 => new call tree total iteration : 87
3 => changing to UW
3 => Outcome : Correct
3 =>: 102 <= UW iterations OR => 12
2 => changing to UW
1 => changing to UW
2 => 138 iterations changed to => 134
2 => changing to UW
2 => 135 iterations changed to => 129
2 => 130 iterations changed to => 124
3 => new call tree total iteration : 100
3 => changing to UW
2 => 126 iterations changed to => 125
2 => changing to UW
3 => 102 iterations changed to => 101
3 => changing to UW
3 => changing to UW
3 => 108 iterations changed to => 107
2 => changing to UW
3 => changing to UW
1 => changing to UW
2 => 134 iterations changed to => 131
2 => changing to UW
2 => 133 iterations changed to => 132
3 => changing to UW
2 => changing to UW
1 => 114 iterations changed to => 113
1 => changing to UW
2 => 136 iterations changed to => 135
3 => changing to UW
2 => 136 iterations changed to => 129
2 => changing to UW
1 => changing to UW
1 => 117 iterations changed to => 116
3 => changing to UW
3 => 123 iterations changed to => 122
1 => changing to UW
2 => changing to UW
3 => changing to UW
2 => changing to UW
3 => changing to UW
2 => 138 iterations changed to => 137
2 => changing to UW
2 => 138 iterations changed to => 133
1 => changing to UW
1 => 124 iterations changed to => 123
2 => changing to UW
3 => 134 iterations changed to => 133
3 => changing to UW
2 => 138 iterations changed to => 135
2 => 136 iterations changed to => 130
3 => 135 iterations changed to => 129
3 => changing to UW
3 => 130 iterations changed to => 125
2 => changing to UW
3 => changing to UW
3 => 128 iterations changed to => 127
1 => changing to UW
3 => changing to UW
3 => 132 iterations changed to => 131
2 => changing to UW
2 => 135 iterations changed to => 134
1 => 129 iterations changed to => 128
2 => 136 iterations changed to => 131
2 => changing to UW
3 => changing to UW
1 => changing to UW
2 => 133 iterations changed to => 132
3 => 138 iterations changed to => 135
1 => changing to UW
3 => 137 iterations changed to => 136
2 => Outcome : ReachedBound
2 =>: 102 <= UW iterations OR => 66
3 => 137 iterations changed to => 119
3 => changing to UW
3 => 120 iterations changed to => 116
3 => 117 iterations changed to => 111
3 => 113 iterations changed to => 112
1 => changing to UW
3 => changing to UW
3 => 117 iterations changed to => 116
3 => changing to UW
1 => changing to UW
3 => changing to UW
2 => new call tree total iteration : 91
2 => changing to UW
1 => 144 iterations changed to => 143
1 => changing to UW
2 => 93 iterations changed to => 92
1 => 144 iterations changed to => 139
2 => Outcome : Correct
2 =>: 103 <= UW iterations OR => 68
3 => changing to UW
3 => changing to UW
1 => 142 iterations changed to => 141
3 => changing to UW
1 => 142 iterations changed to => 135
1 => changing to UW
3 => 137 iterations changed to => 132
3 => 133 iterations changed to => 126
3 => 128 iterations changed to => 127
3 => changing to UW
3 => 131 iterations changed to => 130
3 => changing to UW
1 => changing to UW
1 => 140 iterations changed to => 139
3 => changing to UW
1 => 141 iterations changed to => 136
1 => changing to UW
2 => new call tree total iteration : 100
2 => changing to UW
2 => Outcome : ReachedBound
2 =>: 104 <= UW iterations OR => 68
3 => 135 iterations changed to => 133
3 => changing to UW
1 => 138 iterations changed to => 137
3 => 136 iterations changed to => 134
3 => 135 iterations changed to => 121
3 => changing to UW
1 => changing to UW
3 => 123 iterations changed to => 122
3 => changing to UW
1 => 140 iterations changed to => 139
1 => 140 iterations changed to => 132
1 => changing to UW
1 => 133 iterations changed to => 130
1 => 131 iterations changed to => 125
3 => changing to UW
1 => 127 iterations changed to => 126
1 => changing to UW
2 => new call tree total iteration : 102
2 => Outcome : ReachedBound
2 =>: 104 <= UW iterations OR => 69
3 => changing to UW
3 => changing to UW
3 => 140 iterations changed to => 138
3 => changing to UW
3 => 139 iterations changed to => 134
1 => changing to UW
3 => changing to UW
1 => changing to UW
3 => 138 iterations changed to => 135
3 => changing to UW
3 => 136 iterations changed to => 131
3 => 132 iterations changed to => 127
3 => 129 iterations changed to => 128
3 => changing to UW
1 => 139 iterations changed to => 137
1 => changing to UW
1 => 138 iterations changed to => 134
1 => 136 iterations changed to => 135
2 => new call tree total iteration : 104
2 => changing to UW
2 => Outcome : ReachedBound
2 =>: 105 <= UW iterations OR => 69
3 => changing to UW
1 => changing to UW
1 => changing to UW
3 => 138 iterations changed to => 134
3 => changing to UW
1 => 142 iterations changed to => 141
3 => 137 iterations changed to => 135
3 => changing to UW
3 => 136 iterations changed to => 131
1 => 142 iterations changed to => 138
1 => 139 iterations changed to => 132
1 => changing to UW
1 => 133 iterations changed to => 129
3 => changing to UW
3 => changing to UW
3 => 137 iterations changed to => 136
1 => changing to UW
3 => 137 iterations changed to => 132
3 => changing to UW
1 => 134 iterations changed to => 133
1 => changing to UW
2 => new call tree total iteration : 106
2 => changing to UW
2 => Outcome : ReachedBound
2 =>: 106 <= UW iterations OR => 69
3 => 135 iterations changed to => 134
1 => changing to UW
3 => 137 iterations changed to => 136
3 => 137 iterations changed to => 103
3 => changing to UW
3 => 105 iterations changed to => 104
3 => changing to UW
1 => changing to UW
1 => 143 iterations changed to => 142
1 => 143 iterations changed to => 139
1 => changing to UW
1 => 140 iterations changed to => 136
1 => 138 iterations changed to => 137
1 => changing to UW
3 => changing to UW
2 => new call tree total iteration : 109
3 => 116 iterations changed to => 115
1 => 140 iterations changed to => 139
1 => changing to UW
1 => 140 iterations changed to => 130
3 => changing to UW
1 => changing to UW
1 => 132 iterations changed to => 131
3 => 119 iterations changed to => 118
2 => 111 iterations changed to => 110
2 => changing to UW
3 => changing to UW
3 => 122 iterations changed to => 121
1 => changing to UW
3 => changing to UW
1 => 138 iterations changed to => 137
3 => changing to UW
2 => changing to UW
2 => 116 iterations changed to => 115
1 => 141 iterations changed to => 140
3 => changing to UW
2 => changing to UW
1 => 141 iterations changed to => 134
1 => changing to UW
3 => changing to UW
1 => 136 iterations changed to => 135
2 => 120 iterations changed to => 119
3 => 136 iterations changed to => 134
3 => 135 iterations changed to => 131
3 => 132 iterations changed to => 127
3 => changing to UW
3 => 129 iterations changed to => 128
2 => 122 iterations changed to => 121
1 => 139 iterations changed to => 138
3 => changing to UW
2 => 124 iterations changed to => 123
2 => changing to UW
3 => 133 iterations changed to => 131
3 => 132 iterations changed to => 124
1 => 141 iterations changed to => 140
3 => changing to UW
2 => changing to UW
1 => 141 iterations changed to => 121
1 => changing to UW
1 => 122 iterations changed to => 119
1 => Outcome : ReachedBound
1 =>: 153 <= UW iterations OR => 76
3 => changing to UW
3 => 132 iterations changed to => 131
2 => 130 iterations changed to => 128
2 => changing to UW
1 => new call tree total iteration : 107
1 => changing to UW
3 => 134 iterations changed to => 133
1 => 109 iterations changed to => 108
2 => changing to UW
2 => 134 iterations changed to => 133
1 => changing to UW
3 => changing to UW
2 => 135 iterations changed to => 129
1 => changing to UW
2 => 131 iterations changed to => 130
2 => changing to UW
1 => changing to UW
3 => 139 iterations changed to => 137
3 => 138 iterations changed to => 134
3 => changing to UW
1 => 116 iterations changed to => 115
1 => changing to UW
2 => changing to UW
2 => 134 iterations changed to => 133
1 => changing to UW
3 => changing to UW
1 => 119 iterations changed to => 118
3 => 139 iterations changed to => 138
3 => changing to UW
2 => changing to UW
1 => changing to UW
3 => changing to UW
2 => 143 iterations changed to => 142
1 => changing to UW
2 => 143 iterations changed to => 137
2 => changing to UW
3 => changing to UW
2 => 139 iterations changed to => 125
1 => changing to UW
3 => 147 iterations changed to => 145
3 => changing to UW
2 => changing to UW
1 => 134 iterations changed to => 133
1 => changing to UW
3 => 148 iterations changed to => 146
2 => changing to UW
3 => 147 iterations changed to => 142
3 => changing to UW
3 => 143 iterations changed to => 135
3 => 136 iterations changed to => 128
3 => 129 iterations changed to => 125
3 => 127 iterations changed to => 126
3 => changing to UW
1 => changing to UW
3 => changing to UW
2 => 133 iterations changed to => 132
2 => changing to UW
3 => 130 iterations changed to => 129
3 => changing to UW
2 => 135 iterations changed to => 134
1 => 143 iterations changed to => 142
1 => 143 iterations changed to => 139
1 => 140 iterations changed to => 136
1 => changing to UW
2 => changing to UW
3 => changing to UW
2 => 139 iterations changed to => 138
1 => changing to UW
2 => 140 iterations changed to => 128
2 => changing to UW
2 => 129 iterations changed to => 126
3 => 137 iterations changed to => 136
3 => changing to UW
1 => 142 iterations changed to => 141
3 => changing to UW
2 => changing to UW
1 => changing to UW
2 => changing to UW
1 => 144 iterations changed to => 138
1 => 139 iterations changed to => 129
1 => changing to UW
1 => 130 iterations changed to => 125
1 => 126 iterations changed to => 121
3 => 144 iterations changed to => 143
2 => 131 iterations changed to => 130
1 => 123 iterations changed to => 122
1 => changing to UW
3 => changing to UW
2 => 131 iterations changed to => 127
2 => changing to UW
3 => 148 iterations changed to => 147
1 => changing to UW
1 => 127 iterations changed to => 126
2 => 129 iterations changed to => 128
1 => changing to UW
3 => 148 iterations changed to => 138
3 => 140 iterations changed to => 139
3 => changing to UW
2 => changing to UW
1 => changing to UW
2 => changing to UW
1 => changing to UW
2 => 135 iterations changed to => 134
3 => 143 iterations changed to => 142
1 => changing to UW
3 => 143 iterations changed to => 132
3 => changing to UW
2 => 138 iterations changed to => 137
2 => changing to UW
3 => 134 iterations changed to => 133
3 => changing to UW
2 => 140 iterations changed to => 131
2 => changing to UW
1 => changing to UW
2 => 133 iterations changed to => 132
3 => changing to UW
3 => 138 iterations changed to => 137
1 => 148 iterations changed to => 147
3 => changing to UW
1 => 148 iterations changed to => 143
1 => 144 iterations changed to => 140
1 => changing to UW
1 => 141 iterations changed to => 136
1 => 137 iterations changed to => 132
1 => changing to UW
1 => 134 iterations changed to => 133
1 => changing to UW
2 => 136 iterations changed to => 134
2 => changing to UW
3 => 145 iterations changed to => 144
3 => changing to UW
2 => 136 iterations changed to => 135
1 => changing to UW
3 => 146 iterations changed to => 140
1 => 140 iterations changed to => 136
1 => changing to UW
3 => 142 iterations changed to => 141
3 => changing to UW
2 => 137 iterations changed to => 136
1 => 139 iterations changed to => 137
1 => changing to UW
3 => 144 iterations changed to => 143
3 => 144 iterations changed to => 134
3 => changing to UW
1 => changing to UW
3 => 136 iterations changed to => 135
2 => 137 iterations changed to => 117
2 => changing to UW
1 => 141 iterations changed to => 140
2 => 119 iterations changed to => 118
3 => 138 iterations changed to => 137
2 => changing to UW
1 => 145 iterations changed to => 143
1 => changing to UW
1 => 144 iterations changed to => 138
1 => 139 iterations changed to => 129
2 => 124 iterations changed to => 123
2 => changing to UW
1 => changing to UW
3 => 140 iterations changed to => 138
3 => changing to UW
2 => 126 iterations changed to => 125
1 => changing to UW
3 => 140 iterations changed to => 139
2 => changing to UW
2 => changing to UW
3 => 141 iterations changed to => 113
3 => 114 iterations changed to => 110
3 => Outcome : ReachedBound
3 =>: 268 <= UW iterations OR => 165
1 => 141 iterations changed to => 140
1 => 141 iterations changed to => 137
1 => 138 iterations changed to => 134
1 => 135 iterations changed to => 130
2 => 134 iterations changed to => 131
1 => changing to UW
1 => 132 iterations changed to => 131
2 => 132 iterations changed to => 128
2 => changing to UW
2 => changing to UW
3 => new call tree total iteration : 111
3 => changing to UW
1 => 137 iterations changed to => 136
2 => changing to UW
1 => changing to UW
2 => 136 iterations changed to => 135
3 => 116 iterations changed to => 115
1 => 139 iterations changed to => 138
1 => 139 iterations changed to => 134
1 => changing to UW
3 => 118 iterations changed to => 112
3 => changing to UW
2 => 141 iterations changed to => 138
2 => changing to UW
3 => 114 iterations changed to => 113
3 => changing to UW
1 => 138 iterations changed to => 135
2 => 142 iterations changed to => 139
2 => 140 iterations changed to => 132
2 => changing to UW
2 => 133 iterations changed to => 129
3 => changing to UW
1 => 138 iterations changed to => 136
1 => changing to UW
1 => Outcome : ReachedBound
1 =>: 235 <= UW iterations OR => 139
2 => changing to UW
2 => 131 iterations changed to => 130
3 => 121 iterations changed to => 120
3 => 124 iterations changed to => 123
2 => changing to UW
2 => 133 iterations changed to => 132
3 => changing to UW
2 => changing to UW
3 => 129 iterations changed to => 128
2 => 137 iterations changed to => 135
2 => changing to UW
3 => changing to UW
3 => changing to UW
3 => 133 iterations changed to => 132
2 => 139 iterations changed to => 136
3 => changing to UW
3 => 136 iterations changed to => 135
2 => changing to UW
2 => 138 iterations changed to => 137
3 => 136 iterations changed to => 129
3 => changing to UW
2 => 138 iterations changed to => 120
3 => 131 iterations changed to => 130
3 => changing to UW
1 => new call tree total iteration : 112
1 => changing to UW
2 => changing to UW
2 => 122 iterations changed to => 121
3 => changing to UW
2 => changing to UW
1 => 114 iterations changed to => 113
1 => changing to UW
2 => 125 iterations changed to => 124
3 => 135 iterations changed to => 133
3 => changing to UW
1 => 115 iterations changed to => 114
1 => changing to UW
3 => changing to UW
2 => changing to UW
3 => 138 iterations changed to => 137
3 => changing to UW
2 => 135 iterations changed to => 134
3 => 141 iterations changed to => 140
3 => changing to UW
3 => 141 iterations changed to => 134
2 => 136 iterations changed to => 129
3 => 136 iterations changed to => 135
3 => changing to UW
1 => 118 iterations changed to => 117
1 => changing to UW
2 => 131 iterations changed to => 130
2 => changing to UW
3 => 137 iterations changed to => 125
3 => changing to UW
1 => changing to UW
1 => 121 iterations changed to => 120
2 => 137 iterations changed to => 133
2 => 134 iterations changed to => 126
3 => changing to UW
2 => changing to UW
1 => changing to UW
1 => 123 iterations changed to => 122
2 => 128 iterations changed to => 127
2 => changing to UW
3 => 135 iterations changed to => 134
1 => changing to UW
3 => 135 iterations changed to => 131
3 => changing to UW
3 => 132 iterations changed to => 129
3 => 130 iterations changed to => 126
2 => 132 iterations changed to => 129
2 => changing to UW
3 => 128 iterations changed to => 127
3 => changing to UW
2 => 134 iterations changed to => 133
2 => changing to UW
3 => 132 iterations changed to => 131
3 => changing to UW
2 => changing to UW
1 => 130 iterations changed to => 128
1 => changing to UW
2 => 136 iterations changed to => 135
3 => 134 iterations changed to => 129
3 => changing to UW
1 => changing to UW
2 => changing to UW
3 => 131 iterations changed to => 130
1 => 132 iterations changed to => 131
3 => changing to UW
2 => changing to UW
2 => 142 iterations changed to => 141
2 => 142 iterations changed to => 138
2 => changing to UW
2 => 140 iterations changed to => 139
1 => 134 iterations changed to => 133
3 => changing to UW
3 => 138 iterations changed to => 135
1 => 134 iterations changed to => 129
1 => changing to UW
1 => 130 iterations changed to => 126
1 => 127 iterations changed to => 124
1 => changing to UW
3 => changing to UW
2 => 142 iterations changed to => 141
1 => 126 iterations changed to => 125
2 => 142 iterations changed to => 130
2 => changing to UW
3 => 140 iterations changed to => 139
3 => 140 iterations changed to => 136
2 => 132 iterations changed to => 131
2 => changing to UW
1 => changing to UW
3 => 137 iterations changed to => 132
3 => changing to UW
2 => 134 iterations changed to => 133
1 => 130 iterations changed to => 129
3 => changing to UW
1 => 131 iterations changed to => 130
1 => changing to UW
2 => 138 iterations changed to => 137
3 => 139 iterations changed to => 138
3 => changing to UW
1 => 133 iterations changed to => 132
1 => changing to UW
2 => 140 iterations changed to => 139
3 => 141 iterations changed to => 135
3 => changing to UW
3 => 137 iterations changed to => 136
2 => 140 iterations changed to => 135
2 => changing to UW
1 => 134 iterations changed to => 133
3 => changing to UW
3 => 139 iterations changed to => 138
1 => 134 iterations changed to => 127
1 => changing to UW
2 => changing to UW
2 => 139 iterations changed to => 138
3 => 139 iterations changed to => 133
3 => changing to UW
1 => 129 iterations changed to => 128
2 => 141 iterations changed to => 140
3 => changing to UW
3 => 138 iterations changed to => 137
1 => changing to UW
1 => 130 iterations changed to => 129
2 => 141 iterations changed to => 136
1 => changing to UW
2 => 138 iterations changed to => 137
3 => 139 iterations changed to => 134
3 => changing to UW
3 => 136 iterations changed to => 135
1 => 132 iterations changed to => 131
2 => changing to UW
3 => 138 iterations changed to => 137
2 => 141 iterations changed to => 139
2 => changing to UW
1 => 132 iterations changed to => 118
2 => 141 iterations changed to => 140
1 => 120 iterations changed to => 119
1 => changing to UW
1 => changing to UW
3 => 142 iterations changed to => 141
2 => Outcome : ReachedBound
2 =>: 237 <= UW iterations OR => 191
3 => 142 iterations changed to => 139
1 => changing to UW
1 => 125 iterations changed to => 124
3 => 141 iterations changed to => 140
3 => changing to UW
3 => 143 iterations changed to => 142
1 => changing to UW
3 => 143 iterations changed to => 116
3 => changing to UW
3 => 118 iterations changed to => 117
3 => changing to UW
1 => 137 iterations changed to => 136
1 => changing to UW
1 => 137 iterations changed to => 133
1 => 134 iterations changed to => 130
3 => changing to UW
3 => 122 iterations changed to => 121
1 => 132 iterations changed to => 131
1 => changing to UW
3 => changing to UW
3 => changing to UW
1 => 135 iterations changed to => 134
3 => 127 iterations changed to => 124
3 => changing to UW
3 => 125 iterations changed to => 119
3 => 121 iterations changed to => 120
2 => new call tree total iteration : 115
3 => changing to UW
1 => 136 iterations changed to => 135
1 => 136 iterations changed to => 127
1 => changing to UW
1 => 128 iterations changed to => 121
3 => 124 iterations changed to => 123
3 => changing to UW
1 => 123 iterations changed to => 122
2 => 117 iterations changed to => 116
2 => changing to UW
3 => changing to UW
3 => 129 iterations changed to => 127
2 => 122 iterations changed to => 121
3 => changing to UW
2 => 124 iterations changed to => 123
1 => changing to UW
1 => 129 iterations changed to => 128
2 => changing to UW
2 => changing to UW
3 => 132 iterations changed to => 130
3 => changing to UW
1 => 131 iterations changed to => 130
3 => 132 iterations changed to => 131
2 => changing to UW
1 => 131 iterations changed to => 126
1 => 127 iterations changed to => 124
1 => changing to UW
2 => 131 iterations changed to => 130
2 => changing to UW
3 => 132 iterations changed to => 128
3 => 129 iterations changed to => 125
1 => 126 iterations changed to => 125
1 => changing to UW
2 => 133 iterations changed to => 132
2 => changing to UW
3 => changing to UW
3 => 129 iterations changed to => 128
2 => 135 iterations changed to => 127
3 => changing to UW
2 => changing to UW
1 => changing to UW
1 => 130 iterations changed to => 129
2 => changing to UW
3 => 131 iterations changed to => 130
3 => changing to UW
1 => changing to UW
3 => 132 iterations changed to => 131
2 => 134 iterations changed to => 131
1 => 132 iterations changed to => 131
3 => 133 iterations changed to => 126
3 => changing to UW
2 => 133 iterations changed to => 132
2 => 133 iterations changed to => 128
3 => 128 iterations changed to => 127
3 => changing to UW
2 => changing to UW
2 => 131 iterations changed to => 129
2 => changing to UW
3 => 130 iterations changed to => 129
3 => changing to UW
1 => 134 iterations changed to => 133
2 => 132 iterations changed to => 131
3 => changing to UW
1 => 134 iterations changed to => 127
1 => changing to UW
2 => changing to UW
1 => 129 iterations changed to => 128
2 => changing to UW
3 => 135 iterations changed to => 134
2 => 137 iterations changed to => 136
3 => 135 iterations changed to => 131
1 => 131 iterations changed to => 130
2 => 137 iterations changed to => 133
2 => changing to UW
1 => changing to UW
2 => 135 iterations changed to => 134
2 => changing to UW
3 => 135 iterations changed to => 134
3 => changing to UW
2 => 138 iterations changed to => 136
2 => 137 iterations changed to => 125
2 => changing to UW
1 => 135 iterations changed to => 134
2 => changing to UW
1 => changing to UW
3 => 142 iterations changed to => 141
2 => 132 iterations changed to => 131
3 => 142 iterations changed to => 138
3 => changing to UW
3 => 139 iterations changed to => 135
2 => 132 iterations changed to => 128
2 => changing to UW
3 => 137 iterations changed to => 136
3 => changing to UW
3 => 137 iterations changed to => 132
2 => 132 iterations changed to => 129
2 => changing to UW
1 => changing to UW
2 => 131 iterations changed to => 130
2 => changing to UW
2 => changing to UW
3 => 139 iterations changed to => 138
3 => changing to UW
2 => 137 iterations changed to => 133
1 => 144 iterations changed to => 143
1 => changing to UW
3 => 141 iterations changed to => 140
2 => changing to UW
2 => 135 iterations changed to => 134
1 => 145 iterations changed to => 144
1 => changing to UW
3 => 141 iterations changed to => 135
3 => changing to UW
3 => 137 iterations changed to => 136
3 => 139 iterations changed to => 138
2 => 141 iterations changed to => 140
2 => 141 iterations changed to => 137
2 => changing to UW
3 => 141 iterations changed to => 140
3 => 141 iterations changed to => 133
3 => changing to UW
1 => 148 iterations changed to => 146
1 => changing to UW
2 => 140 iterations changed to => 138
2 => changing to UW
2 => 139 iterations changed to => 126
3 => 138 iterations changed to => 137
3 => changing to UW
1 => 148 iterations changed to => 147
2 => changing to UW
1 => 148 iterations changed to => 141
1 => changing to UW
3 => 139 iterations changed to => 134
3 => changing to UW
2 => 133 iterations changed to => 129
3 => 136 iterations changed to => 135
3 => changing to UW
2 => changing to UW
2 => 131 iterations changed to => 130
1 => 144 iterations changed to => 142
3 => 137 iterations changed to => 136
3 => 138 iterations changed to => 137
1 => 143 iterations changed to => 139
1 => 140 iterations changed to => 137
1 => 138 iterations changed to => 135
1 => 136 iterations changed to => 132
3 => Outcome : ReachedBound
3 =>: 417 <= UW iterations OR => 264
2 => changing to UW
2 => 138 iterations changed to => 137
1 => changing to UW
2 => 138 iterations changed to => 135
2 => changing to UW
2 => 136 iterations changed to => 132
2 => changing to UW
1 => 136 iterations changed to => 135
1 => 136 iterations changed to => 133
1 => changing to UW
2 => 136 iterations changed to => 135
2 => 137 iterations changed to => 133
2 => 134 iterations changed to => 127
2 => changing to UW
2 => 129 iterations changed to => 128
1 => changing to UW
1 => 137 iterations changed to => 136
1 => changing to UW
2 => changing to UW
1 => 140 iterations changed to => 138
1 => changing to UW
1 => 139 iterations changed to => 134
2 => 137 iterations changed to => 136
2 => 137 iterations changed to => 132
3 => new call tree total iteration : 118
3 => changing to UW
2 => 134 iterations changed to => 133
1 => 138 iterations changed to => 135
1 => changing to UW
2 => 136 iterations changed to => 135
2 => changing to UW
3 => 121 iterations changed to => 120
3 => changing to UW
3 => 123 iterations changed to => 122
2 => 139 iterations changed to => 138
2 => changing to UW
3 => changing to UW
1 => changing to UW
2 => 141 iterations changed to => 139
2 => 140 iterations changed to => 130
2 => changing to UW
3 => changing to UW
1 => 143 iterations changed to => 142
3 => 129 iterations changed to => 126
3 => changing to UW
2 => 134 iterations changed to => 131
2 => changing to UW
1 => 143 iterations changed to => 140
1 => changing to UW
2 => 133 iterations changed to => 132
1 => 141 iterations changed to => 138
1 => 139 iterations changed to => 136
1 => Outcome : ReachedBound
1 =>: 327 <= UW iterations OR => 230
3 => 129 iterations changed to => 127
3 => changing to UW
2 => 135 iterations changed to => 134
3 => 129 iterations changed to => 128
2 => changing to UW
3 => 130 iterations changed to => 124
3 => changing to UW
2 => changing to UW
3 => changing to UW
2 => 141 iterations changed to => 138
3 => 129 iterations changed to => 127
2 => 140 iterations changed to => 139
3 => changing to UW
3 => 130 iterations changed to => 128
3 => changing to UW
2 => 141 iterations changed to => 136
2 => changing to UW
3 => changing to UW
3 => 134 iterations changed to => 133
2 => 140 iterations changed to => 137
2 => changing to UW
1 => new call tree total iteration : 119
1 => changing to UW
3 => 135 iterations changed to => 130
3 => 131 iterations changed to => 125
1 => 121 iterations changed to => 120
3 => changing to UW
2 => 143 iterations changed to => 141
2 => 142 iterations changed to => 138
2 => changing to UW
3 => 128 iterations changed to => 126
3 => changing to UW
2 => changing to UW
1 => changing to UW
1 => 125 iterations changed to => 124
1 => changing to UW
3 => 131 iterations changed to => 130
3 => 131 iterations changed to => 127
3 => changing to UW
3 => 129 iterations changed to => 128
1 => 127 iterations changed to => 126
1 => changing to UW
1 => 128 iterations changed to => 127
2 => 144 iterations changed to => 143
2 => changing to UW
2 => 144 iterations changed to => 141
2 => 142 iterations changed to => 139
2 => Outcome : ReachedBound
2 =>: 333 <= UW iterations OR => 276
1 => changing to UW
3 => changing to UW
1 => changing to UW
3 => 133 iterations changed to => 132
3 => changing to UW
1 => 135 iterations changed to => 132
1 => changing to UW
3 => 137 iterations changed to => 134
1 => 134 iterations changed to => 133
1 => changing to UW
3 => changing to UW
1 => 136 iterations changed to => 135
1 => changing to UW
3 => 138 iterations changed to => 135
3 => changing to UW
1 => 137 iterations changed to => 136
1 => changing to UW
3 => 138 iterations changed to => 136
3 => 137 iterations changed to => 130
3 => changing to UW
3 => 132 iterations changed to => 131
1 => 139 iterations changed to => 137
1 => 138 iterations changed to => 129
1 => changing to UW
3 => 134 iterations changed to => 133
3 => changing to UW
1 => 132 iterations changed to => 130
1 => changing to UW
3 => changing to UW
1 => 132 iterations changed to => 131
1 => changing to UW
3 => 137 iterations changed to => 136
3 => changing to UW
3 => 137 iterations changed to => 134
1 => 135 iterations changed to => 134
3 => 136 iterations changed to => 135
3 => changing to UW
2 => new call tree total iteration : 122
2 => changing to UW
1 => changing to UW
3 => changing to UW
2 => 124 iterations changed to => 123
1 => 141 iterations changed to => 140
1 => changing to UW
3 => 139 iterations changed to => 137
3 => Outcome : ReachedBound
3 =>: 463 <= UW iterations OR => 301
1 => Outcome : ReachedBound
1 =>: 353 <= UW iterations OR => 254
2 => changing to UW
2 => 128 iterations changed to => 126
2 => changing to UW
2 => 128 iterations changed to => 127
2 => changing to UW
2 => 130 iterations changed to => 129
2 => changing to UW
2 => 136 iterations changed to => 134
2 => changing to UW
2 => 137 iterations changed to => 136
2 => 137 iterations changed to => 132
2 => changing to UW
2 => 134 iterations changed to => 133
2 => changing to UW
2 => 137 iterations changed to => 134
2 => changing to UW
1 => new call tree total iteration : 125
1 => changing to UW
3 => new call tree total iteration : 136
3 => changing to UW
1 => 128 iterations changed to => 126
1 => changing to UW
2 => changing to UW
1 => 128 iterations changed to => 127
2 => 142 iterations changed to => 140
2 => changing to UW
3 => 138 iterations changed to => 137
3 => changing to UW
1 => 129 iterations changed to => 128
2 => 143 iterations changed to => 141
2 => 142 iterations changed to => 138
2 => changing to UW
2 => 139 iterations changed to => 135
1 => 130 iterations changed to => 129
1 => changing to UW
2 => 138 iterations changed to => 136
2 => changing to UW
3 => 140 iterations changed to => 138
2 => changing to UW
3 => Outcome : ReachedBound
3 =>: 466 <= UW iterations OR => 304
1 => 132 iterations changed to => 131
1 => changing to UW
2 => changing to UW
1 => 134 iterations changed to => 133
1 => changing to UW
2 => 145 iterations changed to => 143
2 => changing to UW
2 => 144 iterations changed to => 141
1 => 137 iterations changed to => 135
1 => changing to UW
2 => 145 iterations changed to => 144
2 => 146 iterations changed to => 145
2 => changing to UW
Verification Outcome : TIMEDOUT
Time Taken : 0
