Verifying hw_irqliopassive2_0.bpl.bpl
Corral program verifier version 1.0.0.0
Corral program verifier version 1.0.0.0
Corral program verifier version 1.0.0.0
http://localhost:5002/
http://localhost:5002/
http://localhost:5002/
1 => changing to OR
1 => Outcome : Correct
1 =>: 0 <= UW iterations OR => 3
3 => new call tree total iteration : 0
3 => changing to OR
3 => Outcome : Correct
3 =>: 0 <= UW iterations OR => 2
2 => new call tree total iteration : 0
2 => changing to OR
1 => new call tree total iteration : 0
1 => changing to OR
2 => changing to UW
2 => changing to OR
3 => new call tree total iteration : 0
3 => changing to OR
1 => changing to UW
2 => Outcome : Correct
2 =>: 1 <= UW iterations OR => 7
2 => new call tree total iteration : 0
2 => changing to OR
1 => changing to OR
3 => changing to UW
3 => changing to OR
2 => Outcome : ReachedBound
2 =>: 1 <= UW iterations OR => 24
2 => new call tree total iteration : 0
2 => changing to OR
1 => changing to UW
1 => changing to OR
2 => changing to UW
2 => changing to OR
2 => Outcome : ReachedBound
2 =>: 2 <= UW iterations OR => 35
2 => new call tree total iteration : 0
2 => changing to OR
3 => changing to UW
3 => changing to OR
1 => changing to UW
2 => changing to UW
1 => changing to OR
2 => changing to OR
1 => Outcome : ReachedBound
1 =>: 5 <= UW iterations OR => 34
1 => new call tree total iteration : 0
1 => changing to OR
1 => changing to UW
1 => changing to OR
3 => changing to UW
3 => changing to OR
1 => changing to UW
1 => changing to OR
3 => changing to UW
1 => changing to UW
1 => changing to OR
3 => changing to OR
3 => changing to UW
3 => changing to OR
2 => changing to UW
2 => changing to OR
2 => changing to UW
2 => changing to OR
1 => changing to UW
1 => changing to OR
2 => changing to UW
2 => changing to OR
2 => changing to UW
2 => changing to OR
1 => changing to UW
3 => changing to UW
1 => changing to OR
3 => changing to OR
3 => changing to UW
3 => changing to OR
1 => changing to UW
3 => changing to UW
1 => changing to OR
3 => changing to OR
1 => changing to UW
1 => changing to OR
1 => changing to UW
1 => changing to OR
3 => changing to UW
3 => changing to OR
3 => changing to UW
3 => changing to OR
2 => changing to UW
2 => changing to OR
1 => changing to UW
1 => changing to OR
3 => changing to UW
3 => changing to OR
2 => changing to UW
2 => changing to OR
2 => changing to UW
2 => changing to OR
2 => changing to UW
2 => changing to OR
3 => changing to UW
3 => changing to OR
3 => changing to UW
3 => changing to OR
3 => changing to UW
3 => changing to OR
2 => changing to UW
2 => changing to OR
3 => changing to UW
3 => changing to OR
1 => changing to UW
1 => changing to OR
3 => changing to UW
3 => changing to OR
3 => changing to UW
3 => changing to OR
1 => changing to UW
1 => changing to OR
3 => changing to UW
3 => changing to OR
1 => changing to UW
1 => changing to OR
1 => changing to UW
1 => changing to OR
3 => changing to UW
3 => changing to OR
2 => changing to UW
2 => changing to OR
2 => changing to UW
2 => changing to OR
1 => changing to UW
1 => changing to OR
3 => changing to UW
3 => changing to OR
1 => changing to UW
1 => changing to OR
1 => changing to UW
1 => changing to OR
3 => changing to UW
3 => changing to OR
3 => changing to UW
3 => changing to OR
2 => changing to UW
2 => changing to OR
1 => changing to UW
1 => changing to OR
1 => changing to UW
1 => changing to OR
2 => changing to UW
3 => changing to UW
3 => changing to OR
2 => changing to OR
1 => changing to UW
1 => changing to OR
1 => changing to UW
1 => changing to OR
2 => changing to UW
2 => changing to OR
2 => changing to UW
2 => changing to OR
1 => changing to UW
1 => changing to OR
3 => changing to UW
3 => changing to OR
3 => changing to UW
3 => changing to OR
1 => changing to UW
1 => changing to OR
1 => changing to UW
1 => changing to OR
2 => changing to UW
2 => changing to OR
2 => changing to UW
2 => changing to OR
2 => changing to UW
2 => changing to OR
2 => changing to UW
2 => changing to OR
3 => Outcome : ReachedBound
3 =>: 28 <= UW iterations OR => 246
3 => new call tree total iteration : 0
3 => changing to OR
3 => changing to UW
3 => changing to OR
1 => changing to UW
1 => changing to OR
2 => changing to UW
2 => changing to OR
3 => changing to UW
3 => changing to OR
3 => changing to UW
3 => changing to OR
3 => changing to UW
3 => changing to OR
1 => changing to UW
1 => changing to OR
3 => changing to UW
3 => changing to OR
1 => changing to UW
1 => changing to OR
1 => changing to UW
1 => changing to OR
3 => changing to UW
3 => changing to OR
2 => changing to UW
2 => changing to OR
1 => Outcome : ReachedBound
1 =>: 35 <= UW iterations OR => 290
1 => new call tree total iteration : 0
1 => changing to OR
2 => changing to UW
2 => changing to OR
3 => changing to UW
3 => changing to OR
3 => changing to UW
2 => changing to UW
3 => changing to OR
2 => changing to OR
3 => changing to UW
3 => changing to OR
3 => changing to UW
3 => changing to OR
1 => changing to UW
1 => changing to OR
1 => changing to UW
1 => changing to OR
1 => changing to UW
1 => changing to OR
1 => changing to UW
1 => changing to OR
2 => changing to UW
2 => changing to OR
1 => changing to UW
1 => changing to OR
3 => changing to UW
3 => changing to OR
1 => changing to UW
3 => changing to UW
3 => changing to OR
1 => changing to OR
2 => changing to UW
2 => changing to OR
1 => changing to UW
1 => changing to OR
1 => changing to UW
1 => changing to OR
1 => changing to UW
1 => changing to OR
1 => changing to UW
1 => changing to OR
1 => changing to UW
1 => changing to OR
3 => changing to UW
3 => changing to OR
3 => changing to UW
3 => changing to OR
1 => changing to UW
1 => changing to OR
3 => Outcome : ReachedBound
3 =>: 46 <= UW iterations OR => 389
3 => new call tree total iteration : 0
3 => changing to OR
3 => Outcome : ReachedBound
3 =>: 46 <= UW iterations OR => 390
2 => changing to UW
3 => new call tree total iteration : 0
3 => changing to OR
2 => changing to OR
1 => changing to UW
1 => changing to OR
1 => changing to UW
1 => changing to OR
1 => changing to UW
1 => changing to OR
3 => changing to UW
3 => changing to OR
1 => changing to UW
1 => changing to OR
3 => changing to UW
3 => changing to OR
3 => changing to UW
3 => changing to OR
1 => changing to UW
1 => changing to OR
1 => changing to UW
1 => changing to OR
3 => changing to UW
3 => changing to OR
1 => changing to UW
1 => changing to OR
3 => changing to UW
3 => changing to OR
3 => changing to UW
3 => changing to OR
2 => changing to UW
2 => changing to OR
3 => changing to UW
3 => changing to OR
1 => Outcome : ReachedBound
1 =>: 56 <= UW iterations OR => 410
1 => new call tree total iteration : 0
1 => changing to OR
1 => Outcome : ReachedBound
1 =>: 56 <= UW iterations OR => 411
1 => new call tree total iteration : 0
1 => changing to OR
1 => Outcome : ReachedBound
1 =>: 56 <= UW iterations OR => 412
3 => changing to UW
3 => changing to OR
1 => new call tree total iteration : 0
1 => changing to OR
1 => Outcome : ReachedBound
1 =>: 56 <= UW iterations OR => 413
1 => new call tree total iteration : 0
1 => changing to OR
1 => Outcome : ReachedBound
1 =>: 56 <= UW iterations OR => 414
1 => new call tree total iteration : 0
1 => changing to OR
3 => changing to UW
3 => changing to OR
2 => changing to UW
2 => changing to OR
3 => changing to UW
3 => changing to OR
1 => changing to UW
1 => changing to OR
3 => changing to UW
3 => changing to OR
3 => changing to UW
3 => changing to OR
2 => changing to UW
2 => changing to OR
2 => changing to UW
2 => changing to OR
2 => changing to UW
2 => changing to OR
2 => changing to UW
2 => changing to OR
1 => changing to UW
1 => changing to OR
1 => changing to UW
1 => changing to OR
1 => changing to UW
1 => changing to OR
2 => changing to UW
2 => changing to OR
3 => changing to UW
3 => changing to OR
3 => Outcome : ReachedBound
3 =>: 62 <= UW iterations OR => 502
3 => new call tree total iteration : 0
3 => changing to OR
1 => changing to UW
1 => changing to OR
3 => changing to UW
3 => changing to OR
1 => changing to UW
1 => changing to OR
1 => Outcome : ReachedBound
1 =>: 62 <= UW iterations OR => 477
3 => changing to UW
3 => changing to OR
2 => changing to UW
1 => new call tree total iteration : 0
1 => changing to OR
1 => Outcome : ReachedBound
1 =>: 62 <= UW iterations OR => 478
2 => changing to OR
3 => changing to UW
3 => changing to OR
2 => Outcome : ReachedBound
2 =>: 42 <= UW iterations OR => 489
1 => new call tree total iteration : 0
1 => changing to UW
2 => new call tree total iteration : 0
2 => changing to OR
1 => changing to OR
3 => Outcome : ReachedBound
3 =>: 65 <= UW iterations OR => 522
1 => changing to UW
1 => changing to OR
3 => new call tree total iteration : 0
3 => changing to OR
2 => changing to UW
2 => changing to OR
3 => changing to UW
3 => changing to OR
1 => changing to UW
1 => changing to OR
2 => changing to UW
2 => changing to OR
3 => changing to UW
3 => changing to OR
2 => changing to UW
2 => changing to OR
1 => Outcome : ReachedBound
1 =>: 65 <= UW iterations OR => 500
3 => changing to UW
3 => changing to OR
2 => changing to UW
2 => changing to OR
3 => Outcome : ReachedBound
3 =>: 68 <= UW iterations OR => 542
2 => Outcome : ReachedBound
2 =>: 46 <= UW iterations OR => 514
1 => new call tree total iteration : 0
1 => changing to OR
3 => new call tree total iteration : 0
3 => changing to OR
3 => Outcome : ReachedBound
3 =>: 68 <= UW iterations OR => 544
1 => Outcome : ReachedBound
1 =>: 65 <= UW iterations OR => 502
2 => new call tree total iteration : 0
2 => changing to OR
2 => Outcome : ReachedBound
2 =>: 46 <= UW iterations OR => 516
3 => new call tree total iteration : 0
3 => changing to OR
1 => new call tree total iteration : 0
1 => changing to OR
3 => Outcome : ReachedBound
3 =>: 68 <= UW iterations OR => 546
1 => Outcome : ReachedBound
1 =>: 65 <= UW iterations OR => 504
3 => new call tree total iteration : 0
3 => changing to OR
2 => new call tree total iteration : 0
2 => changing to OR
3 => Outcome : ReachedBound
3 =>: 68 <= UW iterations OR => 548
2 => Outcome : ReachedBound
2 =>: 46 <= UW iterations OR => 518
1 => new call tree total iteration : 0
1 => changing to UW
1 => changing to OR
3 => new call tree total iteration : 0
3 => changing to OR
2 => new call tree total iteration : 0
2 => changing to OR
2 => Outcome : ReachedBound
2 =>: 46 <= UW iterations OR => 519
1 => Outcome : ReachedBound
1 =>: 66 <= UW iterations OR => 509
3 => Outcome : ReachedBound
3 =>: 68 <= UW iterations OR => 550
2 => new call tree total iteration : 0
2 => changing to OR
1 => new call tree total iteration : 0
1 => changing to OR
2 => Outcome : ReachedBound
2 =>: 46 <= UW iterations OR => 521
1 => Outcome : ReachedBound
1 =>: 66 <= UW iterations OR => 511
3 => new call tree total iteration : 0
3 => changing to OR
3 => Outcome : ReachedBound
3 =>: 68 <= UW iterations OR => 551
2 => new call tree total iteration : 0
2 => changing to OR
2 => Outcome : ReachedBound
2 =>: 46 <= UW iterations OR => 523
1 => new call tree total iteration : 0
1 => changing to OR
1 => Outcome : ReachedBound
1 =>: 66 <= UW iterations OR => 513
3 => new call tree total iteration : 0
3 => changing to OR
3 => Outcome : ReachedBound
3 =>: 68 <= UW iterations OR => 553
2 => new call tree total iteration : 0
2 => changing to OR
2 => Outcome : ReachedBound
2 =>: 46 <= UW iterations OR => 525
1 => new call tree total iteration : 0
1 => changing to OR
1 => changing to UW
1 => changing to OR
1 => Outcome : ReachedBound
1 =>: 67 <= UW iterations OR => 515
3 => new call tree total iteration : 0
3 => changing to OR
2 => new call tree total iteration : 0
2 => changing to OR
2 => Outcome : ReachedBound
2 =>: 46 <= UW iterations OR => 526
3 => changing to UW
3 => changing to OR
3 => Outcome : ReachedBound
3 =>: 69 <= UW iterations OR => 555
2 => new call tree total iteration : 0
2 => changing to OR
1 => new call tree total iteration : 0
1 => changing to OR
2 => Outcome : ReachedBound
2 =>: 46 <= UW iterations OR => 527
1 => Outcome : ReachedBound
1 =>: 67 <= UW iterations OR => 516
Verification Outcome : OK
1 => new call tree total iteration : 0
Time Taken : 2542.847237
1 => changing to UW
3 => new call tree total iteration : 0
3 => changing to OR
2 => new call tree total iteration : 0
2 => changing to OR
Verifying sys_zwregistrycreate_0.bpl.bpl
Corral program verifier version 1.0.0.0
Corral program verifier version 1.0.0.0
Corral program verifier version 1.0.0.0
http://localhost:5002/
http://localhost:5002/
http://localhost:5002/
1 => changing to OR
1 => changing to UW
1 => changing to OR
1 => Outcome : Correct
1 =>: 1 <= UW iterations OR => 2
2 => new call tree total iteration : 0
2 => changing to OR
2 => Outcome : Correct
2 =>: 0 <= UW iterations OR => 3
3 => new call tree total iteration : 0
3 => changing to OR
3 => Outcome : Correct
3 =>: 0 <= UW iterations OR => 2
1 => new call tree total iteration : 0
1 => changing to OR
1 => Outcome : Correct
1 =>: 1 <= UW iterations OR => 4
2 => new call tree total iteration : 0
2 => changing to OR
2 => Outcome : Correct
2 =>: 0 <= UW iterations OR => 5
3 => new call tree total iteration : 0
3 => changing to OR
3 => Outcome : Correct
3 =>: 0 <= UW iterations OR => 4
1 => new call tree total iteration : 0
1 => changing to OR
1 => Outcome : Correct
1 =>: 1 <= UW iterations OR => 6
2 => new call tree total iteration : 0
2 => changing to OR
2 => Outcome : Correct
2 =>: 0 <= UW iterations OR => 7
3 => new call tree total iteration : 0
3 => changing to OR
3 => Outcome : Correct
3 =>: 0 <= UW iterations OR => 6
1 => new call tree total iteration : 0
1 => changing to UW
1 => changing to OR
1 => Outcome : Correct
1 =>: 2 <= UW iterations OR => 7
2 => new call tree total iteration : 0
2 => changing to OR
2 => Outcome : Correct
2 =>: 0 <= UW iterations OR => 9
3 => new call tree total iteration : 0
3 => changing to OR
1 => new call tree total iteration : 0
1 => changing to OR
3 => Outcome : Correct
3 =>: 0 <= UW iterations OR => 9
2 => new call tree total iteration : 0
2 => changing to OR
3 => new call tree total iteration : 0
3 => changing to OR
1 => Outcome : Correct
1 =>: 2 <= UW iterations OR => 9
3 => Outcome : Correct
3 =>: 0 <= UW iterations OR => 11
1 => new call tree total iteration : 0
1 => changing to OR
1 => Outcome : Correct
1 =>: 2 <= UW iterations OR => 11
3 => new call tree total iteration : 0
3 => changing to OR
1 => new call tree total iteration : 0
1 => changing to OR
1 => Outcome : Correct
1 =>: 2 <= UW iterations OR => 12
3 => changing to UW
3 => changing to OR
1 => new call tree total iteration : 0
1 => changing to OR
1 => changing to UW
1 => changing to OR
2 => Outcome : Correct
2 =>: 0 <= UW iterations OR => 22
2 => new call tree total iteration : 0
2 => changing to OR
2 => Outcome : Correct
2 =>: 0 <= UW iterations OR => 23
1 => Outcome : Correct
1 =>: 3 <= UW iterations OR => 20
3 => Outcome : Correct
3 =>: 1 <= UW iterations OR => 20
2 => new call tree total iteration : 0
Verification Outcome : OK
Time Taken : 582.970319
2 => changing to OR
1 => new call tree total iteration : 0
1 => changing to OR
Verifying Imapi_removelockrelease2_0.bpl.bpl
Corral program verifier version 1.0.0.0
Corral program verifier version 1.0.0.0
Corral program verifier version 1.0.0.0
http://localhost:5002/
http://localhost:5002/
http://localhost:5002/
1 => changing to OR
1 => Outcome : Correct
1 =>: 0 <= UW iterations OR => 3
2 => new call tree total iteration : 0
2 => changing to OR
2 => Outcome : Correct
2 =>: 0 <= UW iterations OR => 2
3 => new call tree total iteration : 0
3 => changing to OR
3 => Outcome : Correct
3 =>: 0 <= UW iterations OR => 2
1 => new call tree total iteration : 0
1 => changing to OR
2 => new call tree total iteration : 0
2 => changing to OR
3 => new call tree total iteration : 0
3 => changing to OR
3 => Outcome : Correct
3 =>: 0 <= UW iterations OR => 3
2 => Outcome : Correct
2 =>: 0 <= UW iterations OR => 7
3 => new call tree total iteration : 0
3 => changing to OR
3 => Outcome : Correct
3 =>: 0 <= UW iterations OR => 5
2 => new call tree total iteration : 0
2 => changing to OR
1 => Outcome : Correct
1 =>: 0 <= UW iterations OR => 14
3 => new call tree total iteration : 0
3 => changing to OR
1 => new call tree total iteration : 0
1 => changing to UW
1 => changing to OR
1 => changing to UW
1 => changing to OR
2 => changing to UW
2 => changing to OR
2 => changing to UW
3 => changing to UW
2 => changing to OR
3 => changing to OR
1 => Outcome : Correct
1 =>: 2 <= UW iterations OR => 31
1 => new call tree total iteration : 0
1 => changing to OR
2 => changing to UW
3 => Outcome : Correct
3 =>: 1 <= UW iterations OR => 23
2 => changing to OR
2 => changing to UW
2 => changing to OR
2 => Outcome : Correct
2 =>: 4 <= UW iterations OR => 34
3 => new call tree total iteration : 0
3 => changing to OR
3 => changing to UW
3 => changing to OR
2 => new call tree total iteration : 0
2 => changing to OR
2 => changing to UW
2 => changing to OR
1 => changing to UW
1 => changing to OR
3 => changing to UW
3 => changing to OR
1 => changing to UW
1 => changing to OR
2 => changing to UW
1 => changing to UW
2 => changing to OR
1 => changing to OR
2 => changing to UW
2 => changing to OR
1 => changing to UW
1 => changing to OR
1 => changing to UW
1 => changing to OR
1 => changing to UW
1 => changing to OR
1 => changing to UW
1 => changing to OR
3 => Outcome : Correct
3 =>: 3 <= UW iterations OR => 57
3 => new call tree total iteration : 0
3 => changing to OR
3 => changing to UW
3 => changing to OR
3 => changing to UW
3 => changing to OR
2 => changing to UW
2 => changing to OR
3 => changing to UW
3 => changing to OR
3 => changing to UW
3 => changing to OR
3 => changing to UW
3 => changing to OR
3 => changing to UW
3 => changing to OR
3 => changing to UW
3 => changing to OR
2 => changing to UW
2 => changing to OR
2 => Outcome : Correct
2 =>: 9 <= UW iterations OR => 78
2 => new call tree total iteration : 0
2 => changing to OR
2 => changing to UW
2 => changing to OR
2 => changing to UW
2 => changing to OR
2 => changing to UW
2 => changing to OR
2 => changing to UW
2 => changing to OR
2 => changing to UW
2 => changing to OR
2 => changing to UW
2 => changing to OR
2 => changing to UW
2 => changing to OR
2 => changing to UW
2 => changing to OR
2 => changing to UW
2 => changing to OR
2 => changing to UW
2 => changing to OR
1 => Outcome : Correct
1 =>: 12 <= UW iterations OR => 114
1 => new call tree total iteration : 0
1 => changing to UW
1 => changing to OR
1 => changing to UW
1 => changing to OR
1 => changing to UW
1 => changing to OR
1 => changing to UW
1 => changing to OR
1 => changing to UW
1 => changing to OR
1 => changing to UW
1 => changing to OR
1 => changing to UW
1 => changing to OR
1 => changing to UW
1 => changing to OR
1 => changing to UW
1 => changing to OR
1 => changing to UW
1 => changing to OR
1 => changing to UW
1 => changing to OR
1 => changing to UW
1 => changing to OR
1 => changing to UW
1 => changing to OR
2 => changing to UW
2 => changing to OR
2 => changing to UW
2 => changing to OR
2 => changing to UW
2 => changing to OR
2 => changing to UW
2 => changing to OR
1 => changing to UW
1 => changing to OR
1 => changing to UW
1 => changing to OR
1 => changing to UW
1 => changing to OR
1 => changing to UW
1 => changing to OR
2 => changing to UW
2 => changing to OR
2 => changing to UW
2 => changing to OR
2 => changing to UW
2 => changing to OR
2 => changing to UW
2 => changing to OR
Verification Outcome : TIMEDOUT
Time Taken : 3E-06
Verifying parzip_nsremovelockmnremove_0.bpl.bpl
Corral program verifier version 1.0.0.0
Corral program verifier version 1.0.0.0
Corral program verifier version 1.0.0.0
http://localhost:5002/
http://localhost:5002/
http://localhost:5002/
1 => changing to OR
1 => Outcome : Correct
1 =>: 0 <= UW iterations OR => 3
2 => new call tree total iteration : 0
2 => changing to OR
2 => Outcome : Correct
2 =>: 0 <= UW iterations OR => 2
3 => new call tree total iteration : 0
3 => changing to OR
3 => Outcome : Correct
3 =>: 0 <= UW iterations OR => 2
1 => new call tree total iteration : 0
1 => changing to OR
1 => Outcome : Correct
1 =>: 0 <= UW iterations OR => 5
2 => new call tree total iteration : 0
2 => changing to OR
2 => Outcome : Correct
2 =>: 0 <= UW iterations OR => 4
3 => new call tree total iteration : 0
3 => changing to OR
3 => Outcome : Correct
3 =>: 0 <= UW iterations OR => 4
1 => new call tree total iteration : 0
1 => changing to OR
1 => Outcome : Correct
1 =>: 0 <= UW iterations OR => 7
2 => new call tree total iteration : 0
2 => changing to OR
3 => new call tree total iteration : 0
3 => changing to OR
1 => new call tree total iteration : 0
1 => changing to OR
2 => changing to UW
2 => changing to OR
2 => changing to UW
2 => changing to OR
3 => changing to UW
3 => changing to OR
2 => changing to UW
2 => changing to OR
3 => changing to UW
3 => changing to OR
1 => changing to UW
1 => changing to OR
2 => changing to UW
2 => changing to OR
1 => changing to UW
1 => changing to OR
3 => changing to UW
3 => changing to OR
1 => changing to UW
1 => changing to OR
1 => changing to UW
1 => changing to OR
3 => changing to UW
3 => changing to OR
2 => changing to UW
2 => changing to OR
2 => changing to UW
2 => changing to OR
3 => changing to UW
3 => changing to OR
2 => changing to UW
2 => changing to OR
1 => changing to UW
1 => changing to OR
3 => changing to UW
3 => changing to OR
3 => changing to UW
3 => changing to OR
1 => changing to UW
1 => changing to OR
1 => changing to UW
1 => changing to OR
3 => changing to UW
3 => changing to OR
3 => Outcome : Correct
3 =>: 8 <= UW iterations OR => 67
3 => new call tree total iteration : 0
3 => changing to OR
3 => changing to UW
3 => changing to OR
1 => changing to UW
3 => changing to UW
1 => changing to OR
3 => changing to OR
3 => changing to UW
3 => changing to OR
3 => changing to UW
3 => changing to OR
2 => changing to UW
1 => changing to UW
2 => changing to OR
3 => changing to UW
1 => changing to OR
3 => changing to OR
2 => changing to UW
2 => changing to OR
2 => changing to UW
2 => changing to OR
3 => changing to UW
1 => changing to UW
3 => changing to OR
1 => changing to OR
3 => changing to UW
3 => changing to OR
1 => changing to UW
1 => changing to OR
3 => changing to UW
3 => changing to OR
3 => Outcome : Correct
3 =>: 16 <= UW iterations OR => 130
3 => new call tree total iteration : 0
3 => changing to OR
3 => changing to UW
3 => changing to OR
1 => changing to UW
1 => changing to OR
1 => changing to UW
1 => changing to OR
3 => changing to UW
3 => changing to OR
3 => changing to UW
3 => changing to OR
3 => changing to UW
3 => changing to OR
3 => changing to UW
3 => changing to OR
3 => Outcome : Correct
3 =>: 21 <= UW iterations OR => 179
3 => new call tree total iteration : 0
3 => changing to OR
3 => Outcome : Correct
3 =>: 21 <= UW iterations OR => 180
3 => new call tree total iteration : 0
3 => changing to OR
3 => changing to UW
3 => changing to OR
1 => changing to UW
1 => changing to OR
1 => changing to UW
3 => changing to UW
3 => changing to OR
1 => changing to OR
2 => changing to UW
2 => changing to OR
2 => changing to UW
2 => changing to OR
3 => changing to UW
3 => changing to OR
3 => changing to UW
3 => changing to OR
1 => changing to UW
1 => changing to OR
1 => changing to UW
1 => changing to OR
1 => changing to UW
1 => changing to OR
3 => changing to UW
3 => changing to OR
1 => changing to UW
1 => changing to OR
1 => changing to UW
1 => changing to OR
1 => changing to UW
1 => changing to OR
3 => changing to UW
3 => changing to OR
3 => changing to UW
3 => changing to OR
3 => changing to UW
1 => changing to UW
1 => changing to OR
3 => changing to OR
3 => changing to UW
3 => changing to OR
1 => changing to UW
1 => changing to OR
3 => changing to UW
3 => changing to OR
3 => changing to UW
3 => changing to OR
3 => changing to UW
3 => changing to OR
2 => changing to UW
2 => changing to OR
1 => Outcome : Correct
1 =>: 25 <= UW iterations OR => 291
3 => changing to UW
1 => new call tree total iteration : 0
1 => changing to OR
3 => changing to OR
1 => changing to UW
1 => changing to OR
2 => changing to UW
2 => changing to OR
2 => changing to UW
3 => changing to UW
3 => changing to OR
2 => changing to OR
1 => changing to UW
1 => changing to OR
3 => changing to UW
3 => changing to OR
1 => changing to UW
1 => changing to OR
3 => changing to UW
3 => changing to OR
3 => changing to UW
3 => changing to OR
3 => changing to UW
3 => changing to OR
1 => changing to UW
1 => changing to OR
1 => changing to UW
1 => changing to OR
1 => Outcome : Correct
1 =>: 31 <= UW iterations OR => 340
1 => new call tree total iteration : 0
1 => changing to OR
1 => changing to UW
1 => changing to OR
2 => changing to UW
2 => changing to OR
1 => changing to UW
1 => changing to OR
3 => changing to UW
3 => changing to OR
3 => changing to UW
3 => changing to OR
2 => changing to UW
2 => changing to OR
1 => changing to UW
1 => changing to OR
1 => changing to UW
1 => changing to OR
3 => changing to UW
3 => changing to OR
1 => changing to UW
1 => changing to OR
1 => changing to UW
1 => changing to OR
3 => changing to UW
3 => changing to OR
1 => changing to UW
1 => changing to OR
3 => Outcome : Correct
3 =>: 46 <= UW iterations OR => 378
3 => new call tree total iteration : 0
3 => changing to OR
1 => changing to UW
3 => changing to UW
3 => changing to OR
1 => changing to OR
1 => changing to UW
1 => changing to OR
1 => Outcome : Correct
1 =>: 42 <= UW iterations OR => 383
1 => new call tree total iteration : 0
1 => changing to OR
1 => Outcome : Correct
1 =>: 42 <= UW iterations OR => 384
3 => changing to UW
3 => changing to OR
1 => new call tree total iteration : 0
1 => changing to OR
1 => Outcome : Correct
1 =>: 42 <= UW iterations OR => 385
1 => new call tree total iteration : 0
1 => changing to UW
1 => changing to OR
3 => changing to UW
3 => changing to OR
3 => changing to UW
3 => changing to OR
2 => changing to UW
2 => changing to OR
2 => changing to UW
2 => changing to OR
1 => changing to UW
1 => changing to OR
1 => changing to UW
1 => changing to OR
2 => Outcome : Correct
2 =>: 22 <= UW iterations OR => 324
2 => new call tree total iteration : 0
2 => changing to OR
1 => changing to UW
3 => changing to UW
3 => changing to OR
2 => changing to UW
2 => changing to OR
1 => changing to OR
2 => changing to UW
2 => changing to OR
3 => changing to UW
3 => changing to OR
3 => Outcome : Correct
3 =>: 52 <= UW iterations OR => 450
3 => new call tree total iteration : 0
3 => changing to OR
1 => changing to UW
1 => changing to OR
3 => changing to UW
3 => changing to OR
3 => changing to UW
3 => changing to OR
2 => changing to UW
2 => changing to OR
1 => changing to UW
1 => changing to OR
3 => changing to UW
3 => changing to OR
1 => changing to UW
1 => changing to OR
1 => changing to UW
1 => changing to OR
3 => changing to UW
3 => changing to OR
3 => changing to UW
3 => changing to OR
1 => changing to UW
1 => changing to OR
1 => changing to UW
1 => changing to OR
1 => changing to UW
1 => changing to OR
1 => changing to UW
1 => changing to OR
1 => Outcome : ReachedBound
1 =>: 56 <= UW iterations OR => 459
1 => new call tree total iteration : 0
1 => changing to OR
3 => changing to UW
3 => changing to OR
1 => changing to UW
1 => changing to OR
1 => changing to UW
1 => changing to OR
1 => changing to UW
1 => changing to OR
3 => Outcome : Correct
3 =>: 60 <= UW iterations OR => 514
2 => Outcome : Correct
2 =>: 27 <= UW iterations OR => 395
3 => new call tree total iteration : 0
3 => changing to OR
3 => Outcome : Correct
3 =>: 60 <= UW iterations OR => 515
1 => Outcome : Correct
1 =>: 59 <= UW iterations OR => 481
2 => new call tree total iteration : 0
2 => changing to OR
2 => Outcome : Correct
2 =>: 27 <= UW iterations OR => 397
3 => new call tree total iteration : 0
3 => changing to OR
3 => Outcome : Correct
3 =>: 60 <= UW iterations OR => 517
1 => new call tree total iteration : 0
1 => changing to OR
1 => changing to UW
1 => changing to OR
2 => new call tree total iteration : 0
2 => changing to OR
2 => Outcome : Correct
2 =>: 27 <= UW iterations OR => 398
3 => new call tree total iteration : 0
3 => changing to OR
3 => changing to UW
3 => changing to OR
1 => changing to UW
1 => changing to OR
2 => new call tree total iteration : 0
2 => changing to OR
2 => Outcome : Correct
2 =>: 27 <= UW iterations OR => 399
3 => changing to UW
3 => changing to OR
2 => new call tree total iteration : 0
2 => changing to OR
3 => Outcome : Correct
3 =>: 63 <= UW iterations OR => 524
2 => changing to UW
2 => changing to OR
3 => new call tree total iteration : 0
3 => changing to OR
2 => Outcome : Correct
2 =>: 28 <= UW iterations OR => 406
3 => Outcome : Correct
3 =>: 63 <= UW iterations OR => 525
1 => Outcome : Correct
1 =>: 61 <= UW iterations OR => 510
Verification Outcome : OK
Time Taken : 749.975558
2 => new call tree total iteration : 0
Verifying mp_iobuildfsdirpsignaleventincompletiontimeout_0.bpl.bpl
Corral program verifier version 1.0.0.0
Corral program verifier version 1.0.0.0
Corral program verifier version 1.0.0.0
http://localhost:5002/
http://localhost:5002/
http://localhost:5002/
1 => changing to OR
1 => changing to UW
1 => Outcome : Correct
1 =>: 1 <= UW iterations OR => 2
2 => new call tree total iteration : 0
2 => changing to OR
2 => Outcome : Correct
2 =>: 0 <= UW iterations OR => 2
3 => new call tree total iteration : 0
3 => changing to OR
3 => Outcome : Correct
3 =>: 0 <= UW iterations OR => 2
1 => new call tree total iteration : 0
1 => changing to OR
2 => new call tree total iteration : 0
2 => changing to UW
2 => changing to OR
3 => new call tree total iteration : 0
3 => changing to OR
3 => Outcome : Correct
3 =>: 0 <= UW iterations OR => 3
2 => Outcome : Correct
2 =>: 1 <= UW iterations OR => 5
2 => new call tree total iteration : 0
2 => changing to OR
3 => new call tree total iteration : 0
3 => changing to OR
2 => changing to UW
2 => changing to OR
2 => changing to UW
2 => changing to OR
1 => changing to UW
1 => changing to OR
2 => Outcome : ReachedBound
2 =>: 3 <= UW iterations OR => 16
2 => new call tree total iteration : 0
2 => changing to OR
1 => changing to UW
2 => changing to UW
1 => changing to OR
2 => changing to OR
3 => changing to UW
3 => changing to OR
1 => changing to UW
1 => changing to OR
2 => changing to UW
2 => changing to OR
3 => Outcome : ReachedBound
3 =>: 1 <= UW iterations OR => 21
1 => Outcome : ReachedBound
1 =>: 4 <= UW iterations OR => 27
2 => Outcome : Correct
2 =>: 6 <= UW iterations OR => 29
3 => new call tree total iteration : 0
3 => changing to OR
1 => new call tree total iteration : 0
1 => changing to OR
1 => Outcome : Correct
1 =>: 4 <= UW iterations OR => 29
3 => changing to UW
3 => Outcome : ReachedBound
3 =>: 2 <= UW iterations OR => 22
1 => new call tree total iteration : 0
1 => changing to OR
2 => new call tree total iteration : 0
2 => changing to OR
3 => new call tree total iteration : 0
3 => changing to OR
3 => changing to UW
3 => changing to OR
3 => changing to UW
3 => changing to OR
1 => changing to UW
1 => changing to OR
2 => changing to UW
2 => changing to OR
3 => changing to UW
3 => changing to OR
2 => changing to UW
2 => changing to OR
1 => changing to UW
1 => changing to OR
1 => changing to UW
1 => changing to OR
2 => changing to UW
2 => changing to OR
2 => changing to UW
2 => changing to OR
1 => changing to UW
1 => changing to OR
3 => changing to UW
3 => changing to OR
2 => changing to UW
2 => changing to OR
1 => changing to UW
1 => changing to OR
3 => changing to UW
3 => changing to OR
2 => changing to UW
2 => changing to OR
3 => changing to UW
3 => changing to OR
1 => changing to UW
3 => changing to UW
1 => changing to OR
3 => changing to OR
2 => changing to UW
2 => changing to OR
1 => changing to UW
1 => changing to OR
3 => changing to UW
3 => changing to OR
2 => changing to UW
2 => changing to OR
2 => changing to UW
2 => changing to OR
3 => changing to UW
3 => changing to OR
3 => changing to UW
3 => changing to OR
1 => changing to UW
1 => changing to OR
3 => changing to UW
3 => changing to OR
3 => changing to UW
3 => changing to OR
2 => changing to UW
3 => changing to UW
2 => changing to OR
3 => changing to OR
3 => changing to UW
3 => changing to OR
2 => changing to UW
2 => changing to OR
1 => changing to UW
1 => changing to OR
2 => changing to UW
2 => changing to OR
1 => changing to UW
1 => changing to OR
1 => changing to UW
1 => changing to OR
2 => changing to UW
2 => changing to OR
3 => changing to UW
3 => changing to OR
2 => changing to UW
2 => changing to OR
3 => changing to UW
3 => changing to OR
1 => changing to UW
1 => changing to OR
2 => changing to UW
2 => changing to OR
1 => changing to UW
1 => changing to OR
2 => Outcome : ReachedBound
2 =>: 23 <= UW iterations OR => 159
2 => new call tree total iteration : 0
2 => changing to OR
3 => changing to UW
3 => changing to OR
2 => changing to UW
2 => changing to OR
3 => changing to UW
3 => changing to OR
2 => changing to UW
2 => changing to OR
2 => changing to UW
2 => changing to OR
1 => changing to UW
1 => changing to OR
2 => changing to UW
2 => changing to OR
2 => changing to UW
2 => changing to OR
3 => changing to UW
3 => changing to OR
3 => changing to UW
3 => changing to OR
1 => changing to UW
1 => changing to OR
3 => changing to UW
3 => changing to OR
2 => changing to UW
2 => changing to OR
1 => changing to UW
1 => changing to OR
3 => changing to UW
3 => changing to OR
1 => changing to UW
1 => changing to OR
2 => changing to UW
1 => changing to UW
1 => changing to OR
2 => changing to OR
3 => changing to UW
3 => changing to OR
1 => changing to UW
1 => changing to OR
1 => changing to UW
1 => changing to OR
1 => changing to UW
1 => changing to OR
1 => Outcome : ReachedBound
1 =>: 26 <= UW iterations OR => 209
1 => new call tree total iteration : 0
1 => changing to OR
3 => changing to UW
3 => changing to OR
1 => changing to UW
1 => changing to OR
1 => changing to UW
1 => changing to OR
1 => changing to UW
1 => changing to OR
3 => changing to UW
3 => changing to OR
3 => changing to UW
3 => changing to OR
1 => changing to UW
1 => changing to OR
3 => changing to UW
3 => changing to OR
1 => changing to UW
1 => changing to OR
1 => changing to UW
1 => changing to OR
3 => changing to UW
3 => changing to OR
3 => changing to UW
3 => changing to OR
1 => changing to UW
1 => changing to OR
3 => changing to UW
3 => changing to OR
3 => changing to UW
1 => changing to UW
3 => changing to OR
1 => changing to OR
2 => changing to UW
2 => changing to OR
3 => changing to UW
1 => changing to UW
1 => changing to OR
3 => changing to OR
3 => changing to UW
3 => changing to OR
1 => changing to UW
1 => changing to OR
3 => changing to UW
1 => changing to UW
1 => changing to OR
3 => changing to OR
1 => changing to UW
1 => changing to OR
3 => changing to UW
3 => changing to OR
2 => changing to UW
3 => changing to UW
2 => changing to OR
3 => changing to OR
1 => changing to UW
1 => changing to OR
1 => changing to UW
1 => changing to OR
1 => changing to UW
1 => changing to OR
3 => changing to UW
3 => changing to OR
3 => changing to UW
3 => changing to OR
1 => changing to UW
1 => changing to OR
1 => changing to UW
1 => changing to OR
1 => changing to UW
1 => changing to OR
3 => changing to UW
3 => changing to OR
2 => changing to UW
2 => changing to OR
1 => changing to UW
1 => changing to OR
2 => changing to UW
2 => changing to OR
2 => changing to UW
2 => changing to OR
1 => changing to UW
1 => changing to OR
2 => changing to UW
2 => changing to OR
2 => changing to UW
2 => changing to OR
1 => changing to UW
1 => changing to OR
3 => Outcome : ReachedBound
3 =>: 44 <= UW iterations OR => 348
1 => changing to UW
1 => changing to OR
2 => changing to UW
2 => changing to OR
3 => new call tree total iteration : 0
3 => changing to OR
3 => changing to UW
3 => changing to OR
2 => changing to UW
2 => changing to OR
3 => changing to UW
3 => changing to OR
1 => changing to UW
3 => changing to UW
1 => changing to OR
3 => changing to OR
3 => changing to UW
1 => Outcome : ReachedBound
1 =>: 51 <= UW iterations OR => 405
3 => changing to OR
3 => changing to UW
3 => changing to OR
3 => changing to UW
3 => changing to OR
3 => changing to UW
3 => changing to OR
1 => new call tree total iteration : 0
1 => changing to OR
1 => Outcome : ReachedBound
1 =>: 51 <= UW iterations OR => 406
3 => changing to UW
3 => changing to OR
1 => new call tree total iteration : 0
1 => changing to OR
3 => changing to UW
3 => changing to OR
1 => Outcome : ReachedBound
1 =>: 51 <= UW iterations OR => 407
3 => changing to UW
3 => changing to OR
1 => new call tree total iteration : 0
1 => changing to OR
2 => Outcome : ReachedBound
2 =>: 41 <= UW iterations OR => 375
2 => new call tree total iteration : 0
2 => changing to OR
2 => Outcome : ReachedBound
2 =>: 41 <= UW iterations OR => 376
1 => changing to UW
1 => changing to OR
2 => new call tree total iteration : 0
2 => changing to OR
1 => changing to UW
1 => changing to OR
3 => Outcome : ReachedBound
3 =>: 54 <= UW iterations OR => 415
1 => changing to UW
1 => changing to OR
2 => changing to UW
2 => changing to OR
3 => new call tree total iteration : 0
3 => changing to OR
3 => Outcome : ReachedBound
3 =>: 54 <= UW iterations OR => 416
1 => changing to UW
1 => changing to OR
3 => new call tree total iteration : 0
3 => changing to OR
3 => Outcome : ReachedBound
3 =>: 54 <= UW iterations OR => 417
1 => Outcome : ReachedBound
1 =>: 55 <= UW iterations OR => 448
3 => new call tree total iteration : 0
3 => changing to OR
3 => changing to UW
3 => changing to OR
1 => new call tree total iteration : 0
1 => changing to OR
1 => changing to UW
1 => changing to OR
3 => changing to UW
3 => changing to OR
1 => changing to UW
2 => changing to UW
1 => changing to OR
2 => changing to OR
1 => changing to UW
1 => changing to OR
2 => changing to UW
2 => changing to OR
1 => changing to UW
1 => changing to OR
2 => Outcome : ReachedBound
2 =>: 44 <= UW iterations OR => 427
3 => changing to UW
3 => changing to OR
1 => changing to UW
1 => changing to OR
2 => new call tree total iteration : 0
2 => changing to OR
2 => Outcome : ReachedBound
2 =>: 44 <= UW iterations OR => 428
1 => Outcome : ReachedBound
1 =>: 60 <= UW iterations OR => 478
3 => Outcome : ReachedBound
3 =>: 58 <= UW iterations OR => 451
2 => new call tree total iteration : 0
2 => changing to OR
2 => Outcome : ReachedBound
2 =>: 44 <= UW iterations OR => 430
1 => new call tree total iteration : 0
1 => changing to OR
1 => Outcome : ReachedBound
1 =>: 60 <= UW iterations OR => 480
3 => new call tree total iteration : 0
3 => changing to OR
3 => Outcome : ReachedBound
3 =>: 58 <= UW iterations OR => 452
Verification Outcome : OK
Time Taken : 668.692927
Verifying serial_markingqueuedirps_1.bpl.bpl
Corral program verifier version 1.0.0.0
Corral program verifier version 1.0.0.0
Corral program verifier version 1.0.0.0
http://localhost:5002/
http://localhost:5002/
http://localhost:5002/
1 => changing to OR
1 => Outcome : Correct
1 =>: 0 <= UW iterations OR => 3
2 => new call tree total iteration : 0
2 => changing to OR
2 => Outcome : Correct
2 =>: 0 <= UW iterations OR => 2
3 => new call tree total iteration : 0
3 => changing to OR
1 => new call tree total iteration : 0
1 => changing to OR
3 => Outcome : Correct
3 =>: 0 <= UW iterations OR => 3
2 => new call tree total iteration : 0
2 => changing to UW
2 => changing to OR
3 => new call tree total iteration : 0
3 => changing to OR
3 => changing to UW
3 => changing to OR
2 => changing to UW
2 => changing to OR
1 => changing to UW
1 => changing to OR
1 => changing to UW
1 => changing to OR
3 => Outcome : Correct
3 =>: 1 <= UW iterations OR => 19
3 => new call tree total iteration : 0
3 => changing to OR
3 => Outcome : Correct
3 =>: 1 <= UW iterations OR => 26
2 => Outcome : Correct
2 =>: 2 <= UW iterations OR => 27
1 => changing to UW
3 => new call tree total iteration : 0
3 => changing to OR
1 => changing to OR
2 => new call tree total iteration : 0
2 => changing to OR
2 => Outcome : Correct
2 =>: 2 <= UW iterations OR => 28
2 => new call tree total iteration : 0
2 => changing to OR
2 => Outcome : Correct
2 =>: 2 <= UW iterations OR => 29
1 => changing to UW
1 => changing to OR
1 => changing to UW
1 => changing to OR
1 => changing to UW
1 => changing to OR
1 => changing to UW
1 => changing to OR
2 => new call tree total iteration : 0
2 => changing to OR
2 => changing to UW
2 => changing to OR
2 => changing to UW
3 => changing to UW
2 => changing to OR
3 => changing to OR
2 => changing to UW
2 => changing to OR
1 => changing to UW
1 => changing to OR
3 => changing to UW
3 => changing to OR
2 => changing to UW
2 => changing to OR
3 => changing to UW
3 => changing to OR
1 => changing to UW
1 => changing to OR
1 => changing to UW
1 => changing to OR
3 => changing to UW
3 => changing to OR
1 => changing to UW
1 => changing to OR
1 => Outcome : Correct
1 =>: 13 <= UW iterations OR => 114
1 => new call tree total iteration : 0
1 => changing to OR
2 => changing to UW
2 => changing to OR
2 => changing to UW
2 => changing to OR
1 => changing to UW
1 => changing to OR
2 => changing to UW
2 => changing to OR
1 => changing to UW
1 => changing to OR
3 => changing to UW
3 => changing to OR
3 => Outcome : ReachedBound
3 =>: 6 <= UW iterations OR => 95
2 => changing to UW
3 => new call tree total iteration : 0
3 => changing to OR
3 => Outcome : ReachedBound
3 =>: 6 <= UW iterations OR => 96
2 => changing to OR
1 => changing to UW
1 => changing to OR
3 => new call tree total iteration : 0
3 => changing to OR
1 => Outcome : ReachedBound
1 =>: 17 <= UW iterations OR => 162
3 => changing to UW
3 => changing to OR
2 => Outcome : ReachedBound
2 =>: 11 <= UW iterations OR => 91
1 => new call tree total iteration : 0
1 => changing to OR
1 => Outcome : ReachedBound
1 =>: 17 <= UW iterations OR => 163
3 => changing to UW
3 => changing to OR
2 => new call tree total iteration : 0
2 => changing to OR
2 => Outcome : ReachedBound
2 =>: 11 <= UW iterations OR => 92
1 => new call tree total iteration : 0
1 => changing to OR
2 => new call tree total iteration : 0
2 => changing to UW
2 => changing to OR
2 => Outcome : ReachedBound
2 =>: 12 <= UW iterations OR => 94
2 => new call tree total iteration : 0
2 => changing to OR
3 => Outcome : ReachedBound
3 =>: 9 <= UW iterations OR => 138
1 => changing to UW
1 => changing to OR
1 => Outcome : ReachedBound
1 =>: 18 <= UW iterations OR => 181
2 => Outcome : ReachedBound
2 =>: 12 <= UW iterations OR => 96
3 => new call tree total iteration : 0
3 => changing to OR
1 => new call tree total iteration : 0
1 => changing to OR
3 => Outcome : ReachedBound
3 =>: 9 <= UW iterations OR => 140
1 => Outcome : ReachedBound
1 =>: 18 <= UW iterations OR => 183
2 => new call tree total iteration : 0
2 => changing to OR
3 => new call tree total iteration : 0
3 => changing to OR
3 => changing to UW
3 => changing to OR
2 => Outcome : ReachedBound
2 =>: 12 <= UW iterations OR => 105
3 => Outcome : ReachedBound
3 =>: 10 <= UW iterations OR => 155
1 => new call tree total iteration : 0
1 => changing to OR
1 => Outcome : ReachedBound
1 =>: 18 <= UW iterations OR => 185
2 => new call tree total iteration : 0
2 => changing to OR
2 => Outcome : ReachedBound
2 =>: 12 <= UW iterations OR => 107
3 => new call tree total iteration : 0
3 => changing to OR
3 => Outcome : ReachedBound
3 =>: 10 <= UW iterations OR => 157
1 => new call tree total iteration : 0
1 => changing to OR
2 => new call tree total iteration : 0
2 => changing to OR
1 => Outcome : ReachedBound
1 =>: 18 <= UW iterations OR => 191
2 => changing to UW
3 => new call tree total iteration : 0
3 => changing to OR
2 => changing to OR
1 => new call tree total iteration : 0
1 => changing to OR
3 => changing to UW
3 => changing to OR
2 => changing to UW
2 => changing to OR
1 => changing to UW
1 => changing to OR
2 => changing to UW
2 => changing to OR
3 => Outcome : ReachedBound
3 =>: 11 <= UW iterations OR => 165
1 => changing to UW
1 => changing to OR
1 => Outcome : ReachedBound
1 =>: 21 <= UW iterations OR => 203
2 => Outcome : ReachedBound
2 =>: 15 <= UW iterations OR => 141
3 => new call tree total iteration : 0
3 => changing to OR
1 => new call tree total iteration : 0
1 => changing to OR
1 => Outcome : ReachedBound
1 =>: 21 <= UW iterations OR => 206
3 => Outcome : ReachedBound
3 =>: 11 <= UW iterations OR => 179
2 => new call tree total iteration : 0
2 => changing to UW
2 => changing to OR
2 => changing to UW
2 => changing to OR
2 => changing to UW
2 => changing to OR
1 => new call tree total iteration : 0
1 => changing to OR
3 => new call tree total iteration : 0
3 => changing to UW
2 => Outcome : ReachedBound
2 =>: 18 <= UW iterations OR => 151
1 => Outcome : ReachedBound
1 =>: 21 <= UW iterations OR => 207
3 => changing to OR
3 => Outcome : ReachedBound
3 =>: 12 <= UW iterations OR => 180
2 => new call tree total iteration : 0
2 => changing to OR
2 => changing to UW
2 => changing to OR
2 => changing to UW
2 => changing to OR
2 => Outcome : ReachedBound
2 =>: 20 <= UW iterations OR => 158
1 => new call tree total iteration : 0
1 => changing to OR
1 => Outcome : ReachedBound
1 =>: 21 <= UW iterations OR => 208
3 => new call tree total iteration : 0
3 => changing to OR
3 => Outcome : ReachedBound
3 =>: 12 <= UW iterations OR => 181
Verification Outcome : OK
Time Taken : 888.742764
