Verifying hw_irqliopassive2_0.bpl.bpl
Corral program verifier version 1.0.0.0
Corral program verifier version 1.0.0.0
Corral program verifier version 1.0.0.0
Corral program verifier version 1.0.0.0
http://localhost:5002/
http://localhost:5002/
http://localhost:5002/
http://localhost:5002/
1 => changing to UW
1 => Outcome : Correct
1 =>: 3 <= UW iterations OR => 0
2 => new call tree total iteration : 2
2 => changing to UW
2 => changing to UW
2 => Outcome : Correct
2 =>: 13 <= UW iterations OR => 2
3 => new call tree total iteration : 16
3 => changing to UW
4 => new call tree total iteration : 17
4 => changing to UW
1 => new call tree total iteration : 19
2 => new call tree total iteration : 20
2 => changing to UW
1 => Outcome : Correct
1 =>: 3 <= UW iterations OR => 1
4 => changing to UW
1 => new call tree total iteration : 21
1 => changing to UW
4 => changing to UW
3 => changing to UW
2 => changing to UW
1 => 24 iterations changed to => 22
1 => Outcome : Correct
1 =>: 5 <= UW iterations OR => 3
1 => new call tree total iteration : 21
1 => changing to UW
1 => Outcome : Correct
1 =>: 6 <= UW iterations OR => 3
3 => changing to UW
1 => new call tree total iteration : 21
1 => changing to UW
1 => changing to UW
4 => changing to UW
3 => changing to UW
3 => 37 iterations changed to => 36
4 => changing to UW
2 => 32 iterations changed to => 31
1 => 30 iterations changed to => 29
3 => changing to UW
1 => changing to UW
3 => changing to UW
4 => 50 iterations changed to => 49
2 => 37 iterations changed to => 36
1 => changing to UW
1 => 38 iterations changed to => 36
1 => Outcome : ReachedBound
1 =>: 11 <= UW iterations OR => 18
2 => Outcome : ReachedBound
2 =>: 17 <= UW iterations OR => 19
2 => new call tree total iteration : 36
2 => changing to UW
1 => new call tree total iteration : 43
2 => 39 iterations changed to => 38
1 => changing to UW
1 => 46 iterations changed to => 44
2 => changing to UW
2 => 44 iterations changed to => 43
2 => Outcome : ReachedBound
2 =>: 19 <= UW iterations OR => 27
1 => 48 iterations changed to => 47
2 => new call tree total iteration : 53
2 => Outcome : ReachedBound
2 =>: 19 <= UW iterations OR => 28
3 => 64 iterations changed to => 63
2 => new call tree total iteration : 55
1 => 51 iterations changed to => 50
2 => 57 iterations changed to => 56
3 => 68 iterations changed to => 67
2 => 60 iterations changed to => 59
3 => 71 iterations changed to => 70
1 => 57 iterations changed to => 56
1 => changing to UW
2 => 63 iterations changed to => 62
3 => 73 iterations changed to => 72
1 => 61 iterations changed to => 60
1 => changing to UW
4 => 98 iterations changed to => 97
4 => 102 iterations changed to => 101
2 => 71 iterations changed to => 70
3 => 80 iterations changed to => 79
4 => 106 iterations changed to => 105
2 => 73 iterations changed to => 72
3 => 84 iterations changed to => 83
4 => 110 iterations changed to => 109
1 => 80 iterations changed to => 79
1 => 80 iterations changed to => 75
1 => 76 iterations changed to => 72
1 => changing to UW
1 => 74 iterations changed to => 69
1 => 70 iterations changed to => 66
1 => 67 iterations changed to => 63
4 => 119 iterations changed to => 118
3 => 96 iterations changed to => 93
3 => 94 iterations changed to => 90
3 => 91 iterations changed to => 87
4 => 123 iterations changed to => 122
2 => 91 iterations changed to => 89
2 => 90 iterations changed to => 85
2 => 86 iterations changed to => 82
2 => 83 iterations changed to => 78
2 => 79 iterations changed to => 74
1 => 80 iterations changed to => 77
3 => 96 iterations changed to => 94
3 => 95 iterations changed to => 91
1 => 78 iterations changed to => 73
3 => 92 iterations changed to => 88
1 => 74 iterations changed to => 69
1 => 70 iterations changed to => 65
4 => 135 iterations changed to => 134
4 => 135 iterations changed to => 130
4 => 131 iterations changed to => 126
2 => 91 iterations changed to => 87
2 => 88 iterations changed to => 84
2 => 85 iterations changed to => 80
2 => 81 iterations changed to => 76
3 => 96 iterations changed to => 94
4 => 135 iterations changed to => 133
3 => 95 iterations changed to => 92
3 => changing to UW
4 => 134 iterations changed to => 129
3 => 94 iterations changed to => 89
4 => 135 iterations changed to => 131
1 => 80 iterations changed to => 76
1 => 77 iterations changed to => 73
1 => 74 iterations changed to => 71
1 => 72 iterations changed to => 69
1 => 70 iterations changed to => 66
4 => 135 iterations changed to => 132
4 => 134 iterations changed to => 133
3 => 96 iterations changed to => 93
3 => 94 iterations changed to => 90
2 => 91 iterations changed to => 90
2 => 91 iterations changed to => 86
2 => 87 iterations changed to => 83
2 => 84 iterations changed to => 80
2 => 81 iterations changed to => 77
4 => 135 iterations changed to => 115
4 => 116 iterations changed to => 112
3 => 92 iterations changed to => 91
4 => 114 iterations changed to => 113
3 => 94 iterations changed to => 93
4 => 117 iterations changed to => 116
3 => 96 iterations changed to => 95
3 => 96 iterations changed to => 76
3 => 77 iterations changed to => 74
1 => 80 iterations changed to => 79
1 => 80 iterations changed to => 76
1 => 77 iterations changed to => 73
1 => 74 iterations changed to => 70
3 => 77 iterations changed to => 76
1 => changing to UW
1 => 74 iterations changed to => 72
2 => 91 iterations changed to => 88
2 => 89 iterations changed to => 85
2 => 86 iterations changed to => 82
2 => 83 iterations changed to => 79
2 => changing to UW
2 => 81 iterations changed to => 80
3 => 80 iterations changed to => 79
4 => 131 iterations changed to => 130
1 => 80 iterations changed to => 79
1 => 80 iterations changed to => 76
1 => 77 iterations changed to => 74
1 => 75 iterations changed to => 67
1 => 68 iterations changed to => 53
4 => 135 iterations changed to => 133
4 => 134 iterations changed to => 126
4 => 127 iterations changed to => 122
4 => 123 iterations changed to => 118
1 => changing to UW
2 => 89 iterations changed to => 88
1 => 57 iterations changed to => 55
1 => changing to UW
3 => 94 iterations changed to => 93
2 => 92 iterations changed to => 91
1 => 60 iterations changed to => 59
2 => 92 iterations changed to => 85
2 => 86 iterations changed to => 82
2 => 83 iterations changed to => 67
2 => 68 iterations changed to => 65
3 => 96 iterations changed to => 90
3 => 91 iterations changed to => 87
3 => 88 iterations changed to => 83
1 => changing to UW
2 => 68 iterations changed to => 67
4 => 128 iterations changed to => 127
2 => 71 iterations changed to => 70
1 => changing to UW
3 => 92 iterations changed to => 91
4 => 135 iterations changed to => 133
4 => 134 iterations changed to => 130
4 => 131 iterations changed to => 123
4 => 124 iterations changed to => 119
1 => 73 iterations changed to => 72
1 => changing to UW
2 => 78 iterations changed to => 77
3 => 96 iterations changed to => 94
3 => 95 iterations changed to => 88
3 => 89 iterations changed to => 84
4 => 124 iterations changed to => 123
2 => changing to UW
3 => 89 iterations changed to => 88
1 => 82 iterations changed to => 80
1 => 81 iterations changed to => 77
1 => 78 iterations changed to => 69
1 => 70 iterations changed to => 65
1 => 66 iterations changed to => 62
2 => 88 iterations changed to => 87
4 => 133 iterations changed to => 132
3 => 96 iterations changed to => 94
3 => 95 iterations changed to => 91
3 => 92 iterations changed to => 85
2 => 91 iterations changed to => 90
1 => 66 iterations changed to => 65
2 => 91 iterations changed to => 84
2 => 85 iterations changed to => 81
3 => 87 iterations changed to => 86
2 => 82 iterations changed to => 73
4 => 135 iterations changed to => 129
4 => 130 iterations changed to => 126
4 => 127 iterations changed to => 120
2 => 75 iterations changed to => 74
4 => 122 iterations changed to => 121
3 => 96 iterations changed to => 95
3 => 96 iterations changed to => 92
3 => 93 iterations changed to => 89
2 => 84 iterations changed to => 83
1 => 74 iterations changed to => 73
4 => 131 iterations changed to => 130
3 => 92 iterations changed to => 91
1 => 76 iterations changed to => 75
4 => 134 iterations changed to => 133
3 => 95 iterations changed to => 94
4 => 135 iterations changed to => 127
4 => 128 iterations changed to => 124
2 => 90 iterations changed to => 89
3 => 96 iterations changed to => 58
3 => Outcome : ReachedBound
3 =>: 12 <= UW iterations OR => 199
1 => 78 iterations changed to => 77
2 => 91 iterations changed to => 86
4 => 126 iterations changed to => 125
2 => 87 iterations changed to => 80
2 => 81 iterations changed to => 77
3 => new call tree total iteration : 64
3 => Outcome : ReachedBound
3 =>: 12 <= UW iterations OR => 200
1 => 80 iterations changed to => 79
1 => 80 iterations changed to => 71
4 => 129 iterations changed to => 128
1 => 72 iterations changed to => 69
1 => 70 iterations changed to => 67
2 => 82 iterations changed to => 81
3 => new call tree total iteration : 63
1 => Outcome : ReachedBound
1 =>: 22 <= UW iterations OR => 191
4 => 131 iterations changed to => 130
1 => new call tree total iteration : 70
1 => 72 iterations changed to => 71
3 => 68 iterations changed to => 67
4 => 134 iterations changed to => 133
1 => 74 iterations changed to => 73
4 => 135 iterations changed to => 91
4 => 92 iterations changed to => 84
2 => 91 iterations changed to => 90
2 => 91 iterations changed to => 87
2 => 88 iterations changed to => 84
2 => 85 iterations changed to => 78
4 => changing to UW
1 => 76 iterations changed to => 75
2 => 81 iterations changed to => 80
3 => 77 iterations changed to => 76
4 => 98 iterations changed to => 97
3 => 80 iterations changed to => 79
3 => 80 iterations changed to => 73
3 => 74 iterations changed to => 70
2 => changing to UW
3 => 71 iterations changed to => 64
2 => 91 iterations changed to => 89
4 => 101 iterations changed to => 100
2 => 91 iterations changed to => 86
2 => 87 iterations changed to => 83
3 => 67 iterations changed to => 66
1 => 84 iterations changed to => 83
2 => 85 iterations changed to => 84
4 => 104 iterations changed to => 103
1 => 86 iterations changed to => 85
2 => 88 iterations changed to => 87
4 => 110 iterations changed to => 109
2 => 91 iterations changed to => 90
2 => Outcome : ReachedBound
2 =>: 22 <= UW iterations OR => 247
3 => 76 iterations changed to => 75
4 => 114 iterations changed to => 113
3 => 79 iterations changed to => 78
2 => new call tree total iteration : 78
2 => Outcome : ReachedBound
2 =>: 22 <= UW iterations OR => 248
3 => 80 iterations changed to => 72
3 => 73 iterations changed to => 69
3 => 71 iterations changed to => 70
4 => 122 iterations changed to => 120
4 => 121 iterations changed to => 116
2 => new call tree total iteration : 77
3 => 73 iterations changed to => 72
2 => 79 iterations changed to => 78
3 => 75 iterations changed to => 74
4 => 122 iterations changed to => 118
2 => 81 iterations changed to => 80
3 => 78 iterations changed to => 77
4 => 122 iterations changed to => 119
1 => 104 iterations changed to => 103
2 => 83 iterations changed to => 82
1 => 105 iterations changed to => 101
4 => 122 iterations changed to => 120
1 => 102 iterations changed to => 99
4 => 121 iterations changed to => 105
1 => 100 iterations changed to => 96
1 => 97 iterations changed to => 93
1 => 94 iterations changed to => 90
1 => 91 iterations changed to => 87
3 => Outcome : ReachedBound
3 =>: 12 <= UW iterations OR => 257
4 => 108 iterations changed to => 107
4 => 112 iterations changed to => 111
2 => 89 iterations changed to => 88
3 => new call tree total iteration : 85
3 => Outcome : ReachedBound
3 =>: 12 <= UW iterations OR => 258
2 => 92 iterations changed to => 91
3 => new call tree total iteration : 79
2 => 95 iterations changed to => 94
3 => Outcome : ReachedBound
3 =>: 12 <= UW iterations OR => 259
4 => 122 iterations changed to => 121
4 => 122 iterations changed to => 117
4 => 118 iterations changed to => 114
2 => 98 iterations changed to => 97
3 => new call tree total iteration : 81
3 => Outcome : ReachedBound
3 =>: 12 <= UW iterations OR => 260
2 => 101 iterations changed to => 100
2 => 103 iterations changed to => 102
4 => 122 iterations changed to => 120
4 => 121 iterations changed to => 117
2 => 103 iterations changed to => 85
3 => new call tree total iteration : 88
2 => 88 iterations changed to => 87
3 => Outcome : ReachedBound
3 =>: 12 <= UW iterations OR => 261
4 => 122 iterations changed to => 119
4 => 121 iterations changed to => 120
2 => 90 iterations changed to => 89
1 => 105 iterations changed to => 104
4 => 122 iterations changed to => 94
4 => 95 iterations changed to => 90
4 => Outcome : ReachedBound
4 =>: 10 <= UW iterations OR => 346
1 => 106 iterations changed to => 102
1 => 103 iterations changed to => 100
1 => 101 iterations changed to => 98
1 => 99 iterations changed to => 96
1 => 97 iterations changed to => 94
1 => Outcome : ReachedBound
1 =>: 22 <= UW iterations OR => 262
3 => new call tree total iteration : 90
4 => new call tree total iteration : 92
1 => new call tree total iteration : 92
4 => Outcome : ReachedBound
4 =>: 10 <= UW iterations OR => 347
2 => 99 iterations changed to => 98
2 => 102 iterations changed to => 101
4 => new call tree total iteration : 95
2 => 106 iterations changed to => 104
2 => Outcome : ReachedBound
2 =>: 22 <= UW iterations OR => 309
4 => Outcome : ReachedBound
4 =>: 10 <= UW iterations OR => 348
3 => 100 iterations changed to => 99
1 => 100 iterations changed to => 99
2 => new call tree total iteration : 91
4 => new call tree total iteration : 93
1 => 102 iterations changed to => 101
3 => 102 iterations changed to => 101
4 => Outcome : ReachedBound
4 =>: 10 <= UW iterations OR => 349
1 => 104 iterations changed to => 103
3 => 104 iterations changed to => 103
1 => 106 iterations changed to => 105
1 => 106 iterations changed to => 97
1 => 98 iterations changed to => 95
1 => Outcome : ReachedBound
1 =>: 22 <= UW iterations OR => 282
3 => 106 iterations changed to => 105
4 => new call tree total iteration : 93
3 => 106 iterations changed to => 97
3 => 98 iterations changed to => 95
3 => Outcome : ReachedBound
3 =>: 12 <= UW iterations OR => 283
2 => 102 iterations changed to => 101
1 => new call tree total iteration : 92
2 => 105 iterations changed to => 104
3 => new call tree total iteration : 95
2 => 106 iterations changed to => 98
2 => Outcome : ReachedBound
2 =>: 22 <= UW iterations OR => 327
3 => Outcome : ReachedBound
3 =>: 12 <= UW iterations OR => 284
1 => 94 iterations changed to => 93
4 => 101 iterations changed to => 100
1 => 96 iterations changed to => 95
4 => 103 iterations changed to => 102
2 => new call tree total iteration : 94
3 => new call tree total iteration : 96
1 => 98 iterations changed to => 97
4 => 105 iterations changed to => 104
3 => Outcome : ReachedBound
3 =>: 12 <= UW iterations OR => 285
2 => 96 iterations changed to => 95
4 => Outcome : ReachedBound
4 =>: 10 <= UW iterations OR => 365
1 => Outcome : ReachedBound
1 =>: 22 <= UW iterations OR => 293
2 => Outcome : ReachedBound
2 =>: 22 <= UW iterations OR => 332
3 => new call tree total iteration : 98
3 => Outcome : ReachedBound
3 =>: 12 <= UW iterations OR => 286
4 => new call tree total iteration : 99
1 => new call tree total iteration : 97
1 => Outcome : ReachedBound
1 =>: 22 <= UW iterations OR => 295
4 => Outcome : ReachedBound
4 =>: 10 <= UW iterations OR => 367
2 => new call tree total iteration : 98
3 => new call tree total iteration : 100
2 => Outcome : ReachedBound
2 =>: 22 <= UW iterations OR => 334
3 => Outcome : ReachedBound
3 =>: 12 <= UW iterations OR => 288
1 => new call tree total iteration : 99
1 => Outcome : ReachedBound
1 =>: 22 <= UW iterations OR => 297
4 => new call tree total iteration : 101
2 => new call tree total iteration : 100
4 => Outcome : ReachedBound
4 =>: 10 <= UW iterations OR => 369
2 => Outcome : ReachedBound
2 =>: 22 <= UW iterations OR => 336
3 => new call tree total iteration : 102
1 => new call tree total iteration : 101
1 => Outcome : ReachedBound
1 =>: 22 <= UW iterations OR => 299
3 => Outcome : ReachedBound
3 =>: 12 <= UW iterations OR => 290
4 => new call tree total iteration : 102
2 => new call tree total iteration : 103
4 => Outcome : ReachedBound
4 =>: 10 <= UW iterations OR => 371
2 => Outcome : ReachedBound
2 =>: 22 <= UW iterations OR => 337
1 => new call tree total iteration : 103
1 => Outcome : ReachedBound
1 =>: 22 <= UW iterations OR => 300
4 => new call tree total iteration : 104
2 => new call tree total iteration : 104
1 => new call tree total iteration : 104
Verification Outcome : OK
Time Taken : 1405.058143
Verifying sys_zwregistrycreate_0.bpl.bpl
Corral program verifier version 1.0.0.0
Corral program verifier version 1.0.0.0
Corral program verifier version 1.0.0.0
Corral program verifier version 1.0.0.0
http://localhost:5002/
http://localhost:5002/
http://localhost:5002/
http://localhost:5002/
1 => changing to UW
1 => Outcome : Correct
1 =>: 3 <= UW iterations OR => 0
2 => new call tree total iteration : 2
2 => changing to UW
2 => changing to UW
2 => Outcome : Correct
2 =>: 12 <= UW iterations OR => 1
3 => new call tree total iteration : 14
3 => changing to UW
4 => new call tree total iteration : 16
1 => new call tree total iteration : 19
1 => changing to UW
3 => Outcome : Correct
3 =>: 5 <= UW iterations OR => 2
2 => new call tree total iteration : 20
4 => changing to UW
1 => Outcome : Correct
1 =>: 4 <= UW iterations OR => 1
2 => Outcome : Correct
2 =>: 12 <= UW iterations OR => 2
4 => Outcome : Correct
4 =>: 2 <= UW iterations OR => 2
3 => new call tree total iteration : 18
3 => changing to UW
1 => new call tree total iteration : 19
1 => changing to UW
1 => Outcome : Correct
1 =>: 5 <= UW iterations OR => 1
2 => new call tree total iteration : 20
2 => Outcome : Correct
2 =>: 12 <= UW iterations OR => 3
3 => changing to UW
3 => Outcome : Correct
3 =>: 7 <= UW iterations OR => 5
4 => new call tree total iteration : 21
4 => changing to UW
4 => Outcome : Correct
4 =>: 5 <= UW iterations OR => 3
1 => new call tree total iteration : 22
1 => changing to UW
1 => Outcome : Correct
1 =>: 6 <= UW iterations OR => 2
2 => new call tree total iteration : 23
2 => changing to UW
2 => Outcome : Correct
2 =>: 13 <= UW iterations OR => 4
3 => new call tree total iteration : 24
3 => Outcome : Correct
3 =>: 7 <= UW iterations OR => 7
4 => new call tree total iteration : 25
1 => new call tree total iteration : 26
4 => changing to UW
4 => Outcome : Correct
4 =>: 6 <= UW iterations OR => 6
2 => new call tree total iteration : 27
1 => Outcome : Correct
1 =>: 6 <= UW iterations OR => 4
3 => new call tree total iteration : 27
2 => Outcome : Correct
2 =>: 13 <= UW iterations OR => 6
4 => new call tree total iteration : 28
3 => changing to UW
3 => Outcome : Correct
3 =>: 8 <= UW iterations OR => 8
1 => new call tree total iteration : 28
1 => changing to UW
3 => new call tree total iteration : 29
4 => Outcome : Correct
4 =>: 6 <= UW iterations OR => 8
2 => new call tree total iteration : 29
2 => changing to UW
2 => Outcome : Correct
2 =>: 14 <= UW iterations OR => 7
1 => Outcome : Correct
1 =>: 7 <= UW iterations OR => 5
3 => changing to UW
4 => new call tree total iteration : 30
4 => changing to UW
3 => Outcome : Correct
3 =>: 9 <= UW iterations OR => 9
2 => new call tree total iteration : 30
2 => changing to UW
4 => Outcome : Correct
4 =>: 7 <= UW iterations OR => 10
1 => new call tree total iteration : 31
3 => new call tree total iteration : 32
4 => new call tree total iteration : 32
3 => changing to UW
2 => changing to UW
2 => 35 iterations changed to => 34
4 => 34 iterations changed to => 33
4 => changing to UW
2 => changing to UW
2 => changing to UW
3 => changing to UW
1 => changing to UW
4 => changing to UW
3 => changing to UW
2 => changing to UW
1 => changing to UW
3 => changing to UW
3 => 45 iterations changed to => 44
2 => Outcome : Correct
2 =>: 19 <= UW iterations OR => 17
2 => new call tree total iteration : 32
2 => 34 iterations changed to => 33
2 => changing to UW
2 => changing to UW
1 => Outcome : Correct
1 =>: 9 <= UW iterations OR => 15
1 => new call tree total iteration : 33
1 => Outcome : Correct
1 =>: 9 <= UW iterations OR => 16
4 => Outcome : Correct
4 =>: 9 <= UW iterations OR => 20
3 => Outcome : Correct
3 =>: 13 <= UW iterations OR => 19
2 => Outcome : Correct
2 =>: 21 <= UW iterations OR => 26
1 => new call tree total iteration : 34
1 => changing to UW
Verification Outcome : OK
Time Taken : 1457.022595
2 => new call tree total iteration : 42
4 => new call tree total iteration : 43
Verifying Imapi_removelockrelease2_0.bpl.bpl
Corral program verifier version 1.0.0.0
Corral program verifier version 1.0.0.0
Corral program verifier version 1.0.0.0
Corral program verifier version 1.0.0.0
http://localhost:5002/
http://localhost:5002/
http://localhost:5002/
http://localhost:5002/
1 => changing to UW
1 => Outcome : Correct
1 =>: 3 <= UW iterations OR => 0
2 => new call tree total iteration : 2
2 => changing to UW
2 => Outcome : Correct
2 =>: 9 <= UW iterations OR => 0
3 => new call tree total iteration : 10
3 => changing to UW
3 => Outcome : Correct
3 =>: 3 <= UW iterations OR => 0
4 => new call tree total iteration : 12
4 => changing to UW
4 => changing to UW
1 => new call tree total iteration : 15
1 => Outcome : Correct
1 =>: 3 <= UW iterations OR => 1
2 => new call tree total iteration : 17
4 => changing to UW
2 => Outcome : Correct
2 =>: 9 <= UW iterations OR => 1
4 => changing to UW
4 => Outcome : Correct
4 =>: 9 <= UW iterations OR => 5
3 => new call tree total iteration : 20
1 => new call tree total iteration : 22
1 => Outcome : Correct
1 =>: 3 <= UW iterations OR => 2
2 => new call tree total iteration : 25
2 => changing to UW
2 => Outcome : Correct
2 =>: 11 <= UW iterations OR => 2
3 => changing to UW
4 => new call tree total iteration : 21
3 => Outcome : Correct
3 =>: 4 <= UW iterations OR => 3
1 => new call tree total iteration : 26
1 => changing to UW
4 => Outcome : Correct
4 =>: 9 <= UW iterations OR => 7
2 => new call tree total iteration : 23
1 => Outcome : Correct
1 =>: 4 <= UW iterations OR => 3
3 => new call tree total iteration : 22
3 => changing to UW
4 => new call tree total iteration : 27
4 => Outcome : Correct
4 =>: 9 <= UW iterations OR => 8
1 => new call tree total iteration : 23
3 => 26 iterations changed to => 25
2 => changing to UW
4 => new call tree total iteration : 24
2 => changing to UW
4 => 26 iterations changed to => 25
4 => changing to UW
1 => changing to UW
3 => changing to UW
2 => changing to UW
4 => changing to UW
3 => changing to UW
2 => changing to UW
2 => changing to UW
1 => changing to UW
2 => changing to UW
4 => changing to UW
1 => changing to UW
2 => changing to UW
2 => 47 iterations changed to => 45
2 => changing to UW
4 => changing to UW
1 => 45 iterations changed to => 44
4 => 47 iterations changed to => 45
3 => changing to UW
3 => 44 iterations changed to => 42
2 => changing to UW
3 => changing to UW
4 => changing to UW
4 => changing to UW
3 => changing to UW
2 => 54 iterations changed to => 53
4 => 61 iterations changed to => 60
4 => 69 iterations changed to => 68
3 => Outcome : Correct
3 =>: 10 <= UW iterations OR => 33
3 => new call tree total iteration : 24
3 => Outcome : Correct
3 =>: 10 <= UW iterations OR => 34
3 => new call tree total iteration : 50
1 => 57 iterations changed to => 56
3 => 52 iterations changed to => 51
2 => 76 iterations changed to => 75
4 => 92 iterations changed to => 91
4 => 94 iterations changed to => 78
1 => changing to UW
1 => 70 iterations changed to => 68
2 => 78 iterations changed to => 65
2 => 66 iterations changed to => 55
2 => changing to UW
2 => 58 iterations changed to => 57
4 => 95 iterations changed to => 94
4 => 99 iterations changed to => 84
4 => 86 iterations changed to => 85
3 => changing to UW
3 => changing to UW
3 => changing to UW
3 => 72 iterations changed to => 68
3 => 69 iterations changed to => 56
4 => 99 iterations changed to => 94
4 => 96 iterations changed to => 95
3 => 64 iterations changed to => 63
2 => 69 iterations changed to => 68
2 => 75 iterations changed to => 58
2 => 60 iterations changed to => 59
1 => Outcome : Correct
1 =>: 8 <= UW iterations OR => 53
1 => new call tree total iteration : 68
1 => 70 iterations changed to => 69
2 => Outcome : Correct
2 =>: 22 <= UW iterations OR => 91
2 => new call tree total iteration : 72
3 => Outcome : Correct
3 =>: 13 <= UW iterations OR => 73
1 => Outcome : Correct
1 =>: 8 <= UW iterations OR => 61
4 => Outcome : Correct
4 =>: 15 <= UW iterations OR => 122
2 => Outcome : Correct
2 =>: 22 <= UW iterations OR => 92
Verification Outcome : OK
Time Taken : 1469.967744
4 => new call tree total iteration : 99
1 => new call tree total iteration : 75
2 => new call tree total iteration : 73
Verifying parzip_nsremovelockmnremove_0.bpl.bpl
Corral program verifier version 1.0.0.0
Corral program verifier version 1.0.0.0
Corral program verifier version 1.0.0.0
Corral program verifier version 1.0.0.0
http://localhost:5002/
http://localhost:5002/
http://localhost:5002/
http://localhost:5002/
1 => changing to UW
1 => Outcome : Correct
1 =>: 3 <= UW iterations OR => 0
2 => new call tree total iteration : 2
2 => changing to UW
2 => changing to UW
2 => Outcome : Correct
2 =>: 12 <= UW iterations OR => 1
3 => new call tree total iteration : 14
3 => changing to UW
3 => Outcome : Correct
3 =>: 2 <= UW iterations OR => 0
4 => new call tree total iteration : 15
4 => changing to UW
4 => Outcome : Correct
4 =>: 2 <= UW iterations OR => 0
1 => new call tree total iteration : 16
1 => Outcome : Correct
1 =>: 3 <= UW iterations OR => 2
2 => new call tree total iteration : 17
2 => changing to UW
2 => Outcome : Correct
2 =>: 14 <= UW iterations OR => 1
3 => new call tree total iteration : 18
3 => changing to UW
3 => Outcome : Correct
3 =>: 3 <= UW iterations OR => 1
4 => new call tree total iteration : 19
4 => Outcome : Correct
4 =>: 2 <= UW iterations OR => 2
1 => new call tree total iteration : 20
1 => changing to UW
1 => Outcome : Correct
1 =>: 4 <= UW iterations OR => 3
2 => new call tree total iteration : 21
2 => changing to UW
3 => new call tree total iteration : 22
3 => changing to UW
2 => changing to UW
4 => new call tree total iteration : 23
4 => changing to UW
3 => changing to UW
1 => new call tree total iteration : 24
4 => 26 iterations changed to => 24
2 => changing to UW
4 => changing to UW
1 => changing to UW
4 => changing to UW
1 => changing to UW
4 => changing to UW
3 => changing to UW
1 => changing to UW
2 => changing to UW
3 => changing to UW
2 => changing to UW
4 => changing to UW
2 => changing to UW
4 => 46 iterations changed to => 45
1 => changing to UW
1 => 46 iterations changed to => 44
3 => changing to UW
1 => changing to UW
3 => changing to UW
4 => changing to UW
2 => changing to UW
4 => changing to UW
4 => changing to UW
4 => 58 iterations changed to => 57
3 => 66 iterations changed to => 65
1 => 58 iterations changed to => 57
2 => changing to UW
3 => 77 iterations changed to => 76
1 => changing to UW
2 => 75 iterations changed to => 74
4 => 89 iterations changed to => 88
2 => 82 iterations changed to => 81
4 => 89 iterations changed to => 76
4 => 77 iterations changed to => 66
1 => 88 iterations changed to => 82
4 => Outcome : Correct
4 =>: 12 <= UW iterations OR => 65
4 => new call tree total iteration : 28
4 => changing to UW
4 => changing to UW
1 => 83 iterations changed to => 71
4 => changing to UW
4 => changing to UW
1 => 72 iterations changed to => 25
4 => changing to UW
1 => 27 iterations changed to => 26
1 => changing to UW
1 => changing to UW
4 => changing to UW
1 => changing to UW
4 => changing to UW
3 => 111 iterations changed to => 109
2 => changing to UW
3 => 110 iterations changed to => 96
3 => 97 iterations changed to => 86
1 => 49 iterations changed to => 48
1 => changing to UW
3 => 87 iterations changed to => 48
4 => 56 iterations changed to => 55
4 => changing to UW
1 => changing to UW
3 => changing to UW
1 => changing to UW
1 => 62 iterations changed to => 61
3 => 64 iterations changed to => 63
1 => changing to UW
1 => changing to UW
3 => 75 iterations changed to => 74
3 => changing to UW
1 => 96 iterations changed to => 95
1 => 96 iterations changed to => 82
1 => 83 iterations changed to => 74
1 => Outcome : Correct
1 =>: 22 <= UW iterations OR => 131
1 => new call tree total iteration : 41
1 => changing to UW
2 => 121 iterations changed to => 115
1 => 44 iterations changed to => 43
2 => 116 iterations changed to => 107
3 => 99 iterations changed to => 97
2 => 108 iterations changed to => 101
4 => 94 iterations changed to => 86
3 => 98 iterations changed to => 84
4 => 87 iterations changed to => 79
2 => 102 iterations changed to => 94
2 => 95 iterations changed to => 88
4 => 80 iterations changed to => 71
2 => 89 iterations changed to => 64
1 => changing to UW
4 => 72 iterations changed to => 64
3 => 85 iterations changed to => 50
2 => changing to UW
3 => 53 iterations changed to => 52
4 => 65 iterations changed to => 42
3 => changing to UW
1 => 54 iterations changed to => 53
4 => 46 iterations changed to => 45
3 => changing to UW
3 => 65 iterations changed to => 64
3 => 78 iterations changed to => 77
2 => 78 iterations changed to => 77
4 => 69 iterations changed to => 68
3 => changing to UW
4 => 79 iterations changed to => 78
4 => 87 iterations changed to => 86
3 => 110 iterations changed to => 109
3 => 110 iterations changed to => 98
3 => 99 iterations changed to => 88
1 => 90 iterations changed to => 86
1 => 87 iterations changed to => 76
1 => 77 iterations changed to => 70
1 => 71 iterations changed to => 60
1 => Outcome : Correct
1 =>: 24 <= UW iterations OR => 184
1 => new call tree total iteration : 53
1 => changing to UW
1 => 55 iterations changed to => 54
3 => 110 iterations changed to => 106
3 => 107 iterations changed to => 95
3 => 96 iterations changed to => 24
1 => changing to UW
3 => changing to UW
3 => 34 iterations changed to => 33
3 => changing to UW
2 => 111 iterations changed to => 109
1 => changing to UW
2 => 110 iterations changed to => 103
2 => 104 iterations changed to => 97
3 => changing to UW
3 => 45 iterations changed to => 43
3 => changing to UW
2 => 98 iterations changed to => 91
2 => 92 iterations changed to => 83
4 => 116 iterations changed to => 112
3 => changing to UW
2 => 84 iterations changed to => 70
2 => 71 iterations changed to => 65
2 => changing to UW
2 => Outcome : Correct
2 =>: 32 <= UW iterations OR => 145
2 => new call tree total iteration : 60
4 => 113 iterations changed to => 103
3 => 60 iterations changed to => 59
4 => 104 iterations changed to => 96
2 => Outcome : Correct
2 =>: 32 <= UW iterations OR => 146
4 => 97 iterations changed to => 55
2 => new call tree total iteration : 70
2 => Outcome : Correct
2 =>: 32 <= UW iterations OR => 147
4 => 57 iterations changed to => 56
4 => changing to UW
3 => 70 iterations changed to => 69
4 => changing to UW
2 => new call tree total iteration : 77
2 => Outcome : Correct
2 =>: 32 <= UW iterations OR => 148
4 => changing to UW
2 => new call tree total iteration : 84
2 => Outcome : Correct
2 =>: 32 <= UW iterations OR => 149
4 => 69 iterations changed to => 68
4 => changing to UW
2 => new call tree total iteration : 90
2 => Outcome : Correct
2 =>: 32 <= UW iterations OR => 150
2 => new call tree total iteration : 78
4 => 76 iterations changed to => 75
1 => 101 iterations changed to => 97
2 => 94 iterations changed to => 93
4 => 85 iterations changed to => 84
1 => Outcome : Correct
1 =>: 27 <= UW iterations OR => 231
1 => new call tree total iteration : 79
1 => 81 iterations changed to => 80
2 => 105 iterations changed to => 104
4 => 92 iterations changed to => 91
1 => changing to UW
3 => 111 iterations changed to => 110
1 => 92 iterations changed to => 91
3 => 122 iterations changed to => 121
4 => 101 iterations changed to => 99
4 => Outcome : Correct
4 =>: 26 <= UW iterations OR => 255
4 => new call tree total iteration : 91
4 => Outcome : Correct
4 =>: 26 <= UW iterations OR => 256
4 => new call tree total iteration : 99
2 => 139 iterations changed to => 136
2 => 137 iterations changed to => 124
2 => 125 iterations changed to => 114
2 => Outcome : Correct
2 =>: 32 <= UW iterations OR => 216
2 => new call tree total iteration : 101
2 => 103 iterations changed to => 102
2 => 112 iterations changed to => 111
3 => 153 iterations changed to => 149
3 => 150 iterations changed to => 138
1 => 141 iterations changed to => 131
1 => 132 iterations changed to => 122
1 => 123 iterations changed to => 110
1 => Outcome : Correct
1 =>: 28 <= UW iterations OR => 297
1 => new call tree total iteration : 100
4 => 141 iterations changed to => 132
4 => 133 iterations changed to => 122
4 => 123 iterations changed to => 110
3 => 152 iterations changed to => 151
4 => Outcome : Correct
4 =>: 26 <= UW iterations OR => 301
1 => Outcome : Correct
1 =>: 28 <= UW iterations OR => 298
4 => new call tree total iteration : 128
3 => 153 iterations changed to => 142
1 => new call tree total iteration : 122
4 => Outcome : Correct
4 =>: 26 <= UW iterations OR => 302
3 => Outcome : Correct
3 =>: 22 <= UW iterations OR => 374
2 => Outcome : Correct
2 =>: 32 <= UW iterations OR => 251
1 => Outcome : Correct
1 =>: 28 <= UW iterations OR => 299
4 => new call tree total iteration : 131
4 => Outcome : Correct
4 =>: 26 <= UW iterations OR => 303
3 => new call tree total iteration : 133
2 => new call tree total iteration : 134
1 => new call tree total iteration : 135
4 => new call tree total iteration : 136
4 => Outcome : Correct
4 =>: 26 <= UW iterations OR => 304
1 => 137 iterations changed to => 136
2 => Outcome : Correct
2 =>: 32 <= UW iterations OR => 252
4 => new call tree total iteration : 137
4 => Outcome : Correct
4 =>: 26 <= UW iterations OR => 305
1 => Outcome : Correct
1 =>: 28 <= UW iterations OR => 303
3 => Outcome : Correct
3 =>: 22 <= UW iterations OR => 392
2 => new call tree total iteration : 148
2 => Outcome : Correct
2 =>: 32 <= UW iterations OR => 253
4 => new call tree total iteration : 150
4 => Outcome : Correct
4 =>: 26 <= UW iterations OR => 306
Verification Outcome : OK
Time Taken : 406.816029
3 => new call tree total iteration : 151
Verifying mp_iobuildfsdirpsignaleventincompletiontimeout_0.bpl.bpl
Corral program verifier version 1.0.0.0
Corral program verifier version 1.0.0.0
Corral program verifier version 1.0.0.0
Corral program verifier version 1.0.0.0
http://localhost:5002/
http://localhost:5002/
http://localhost:5002/
http://localhost:5002/
1 => changing to UW
1 => Outcome : Correct
1 =>: 3 <= UW iterations OR => 0
2 => new call tree total iteration : 2
2 => changing to UW
2 => changing to UW
2 => Outcome : Correct
2 =>: 11 <= UW iterations OR => 1
3 => new call tree total iteration : 13
3 => changing to UW
3 => Outcome : Correct
3 =>: 1 <= UW iterations OR => 2
4 => new call tree total iteration : 15
4 => changing to UW
1 => new call tree total iteration : 16
1 => changing to UW
2 => new call tree total iteration : 17
2 => changing to UW
2 => Outcome : Correct
2 =>: 12 <= UW iterations OR => 1
3 => new call tree total iteration : 19
3 => changing to UW
1 => changing to UW
2 => new call tree total iteration : 18
2 => changing to UW
2 => Outcome : Correct
2 =>: 13 <= UW iterations OR => 1
1 => changing to UW
4 => changing to UW
2 => new call tree total iteration : 20
2 => Outcome : Correct
2 =>: 13 <= UW iterations OR => 2
1 => 23 iterations changed to => 21
1 => changing to UW
2 => new call tree total iteration : 21
2 => changing to UW
4 => changing to UW
2 => 25 iterations changed to => 22
1 => changing to UW
3 => changing to UW
2 => changing to UW
3 => changing to UW
4 => changing to UW
3 => changing to UW
4 => changing to UW
3 => Outcome : ReachedBound
3 =>: 6 <= UW iterations OR => 10
1 => changing to UW
4 => changing to UW
2 => changing to UW
2 => changing to UW
1 => Outcome : ReachedBound
1 =>: 12 <= UW iterations OR => 18
4 => Outcome : Correct
4 =>: 10 <= UW iterations OR => 24
2 => changing to UW
4 => new call tree total iteration : 45
3 => new call tree total iteration : 40
1 => new call tree total iteration : 48
3 => Outcome : ReachedBound
3 =>: 6 <= UW iterations OR => 11
1 => 50 iterations changed to => 49
3 => new call tree total iteration : 46
3 => Outcome : ReachedBound
3 =>: 6 <= UW iterations OR => 12
3 => new call tree total iteration : 46
4 => changing to UW
2 => 63 iterations changed to => 62
4 => 63 iterations changed to => 62
1 => 62 iterations changed to => 61
3 => 63 iterations changed to => 62
2 => 76 iterations changed to => 75
4 => 75 iterations changed to => 74
1 => 72 iterations changed to => 71
4 => changing to UW
1 => changing to UW
3 => 86 iterations changed to => 85
3 => 97 iterations changed to => 96
1 => 108 iterations changed to => 107
1 => 110 iterations changed to => 95
1 => 96 iterations changed to => 82
2 => 126 iterations changed to => 125
2 => 126 iterations changed to => 113
2 => 114 iterations changed to => 101
2 => 102 iterations changed to => 88
4 => 126 iterations changed to => 125
1 => 101 iterations changed to => 100
4 => 126 iterations changed to => 114
3 => 125 iterations changed to => 124
1 => 110 iterations changed to => 90
1 => 92 iterations changed to => 91
3 => 133 iterations changed to => 132
4 => 130 iterations changed to => 129
4 => 130 iterations changed to => 121
3 => 142 iterations changed to => 140
2 => 128 iterations changed to => 126
2 => 127 iterations changed to => 117
3 => 142 iterations changed to => 115
3 => 116 iterations changed to => 106
2 => 118 iterations changed to => 108
2 => 109 iterations changed to => 98
1 => 110 iterations changed to => 109
1 => 110 iterations changed to => 100
4 => 130 iterations changed to => 127
4 => 130 iterations changed to => 105
4 => 106 iterations changed to => 97
4 => 98 iterations changed to => 86
1 => 109 iterations changed to => 108
1 => Outcome : ReachedBound
1 =>: 13 <= UW iterations OR => 146
1 => new call tree total iteration : 47
1 => changing to UW
3 => 119 iterations changed to => 118
1 => 57 iterations changed to => 56
1 => 69 iterations changed to => 68
2 => 128 iterations changed to => 123
2 => 124 iterations changed to => 114
3 => 133 iterations changed to => 132
1 => changing to UW
1 => 81 iterations changed to => 79
2 => 126 iterations changed to => 118
3 => 142 iterations changed to => 139
3 => 142 iterations changed to => 125
3 => 126 iterations changed to => 111
4 => 130 iterations changed to => 123
2 => 128 iterations changed to => 120
4 => 124 iterations changed to => 115
2 => 121 iterations changed to => 105
4 => 116 iterations changed to => 107
4 => 108 iterations changed to => 99
3 => 114 iterations changed to => 113
4 => 100 iterations changed to => 90
2 => 123 iterations changed to => 115
1 => 118 iterations changed to => 117
4 => 108 iterations changed to => 107
2 => 128 iterations changed to => 126
3 => 139 iterations changed to => 136
2 => 127 iterations changed to => 117
2 => 118 iterations changed to => 106
2 => Outcome : ReachedBound
2 =>: 24 <= UW iterations OR => 235
3 => 139 iterations changed to => 129
1 => 131 iterations changed to => 125
2 => new call tree total iteration : 90
1 => 131 iterations changed to => 127
1 => 128 iterations changed to => 108
1 => 109 iterations changed to => 100
1 => Outcome : ReachedBound
1 =>: 15 <= UW iterations OR => 242
1 => new call tree total iteration : 91
3 => 140 iterations changed to => 139
4 => 129 iterations changed to => 128
1 => 93 iterations changed to => 92
4 => 130 iterations changed to => 121
4 => 122 iterations changed to => 114
4 => 115 iterations changed to => 99
3 => 142 iterations changed to => 132
3 => 138 iterations changed to => 137
3 => 142 iterations changed to => 121
2 => 116 iterations changed to => 113
2 => 114 iterations changed to => 106
4 => 120 iterations changed to => 119
1 => 116 iterations changed to => 114
1 => 115 iterations changed to => 106
2 => 112 iterations changed to => 111
3 => 133 iterations changed to => 130
3 => 131 iterations changed to => 123
4 => 130 iterations changed to => 126
4 => 127 iterations changed to => 112
4 => 113 iterations changed to => 105
4 => Outcome : ReachedBound
4 =>: 12 <= UW iterations OR => 264
4 => new call tree total iteration : 91
1 => 121 iterations changed to => 120
2 => 126 iterations changed to => 125
4 => 93 iterations changed to => 92
2 => 129 iterations changed to => 118
3 => 141 iterations changed to => 140
3 => 142 iterations changed to => 134
3 => 135 iterations changed to => 127
3 => 128 iterations changed to => 74
2 => 122 iterations changed to => 121
1 => 130 iterations changed to => 127
1 => 130 iterations changed to => 112
1 => 113 iterations changed to => 99
1 => Outcome : ReachedBound
1 =>: 15 <= UW iterations OR => 299
3 => 83 iterations changed to => 82
2 => 128 iterations changed to => 127
1 => new call tree total iteration : 99
1 => Outcome : ReachedBound
1 =>: 15 <= UW iterations OR => 300
2 => Outcome : ReachedBound
2 =>: 24 <= UW iterations OR => 302
3 => 93 iterations changed to => 92
1 => new call tree total iteration : 96
2 => new call tree total iteration : 101
4 => 108 iterations changed to => 107
2 => 109 iterations changed to => 108
2 => 112 iterations changed to => 102
4 => 120 iterations changed to => 119
1 => 110 iterations changed to => 109
2 => 106 iterations changed to => 105
4 => 123 iterations changed to => 113
1 => 113 iterations changed to => 103
1 => 107 iterations changed to => 106
4 => 117 iterations changed to => 116
2 => 112 iterations changed to => 111
1 => 113 iterations changed to => 112
3 => 139 iterations changed to => 138
3 => 142 iterations changed to => 130
3 => 131 iterations changed to => 121
3 => 122 iterations changed to => 112
3 => 113 iterations changed to => 102
4 => 128 iterations changed to => 127
2 => 124 iterations changed to => 123
4 => 131 iterations changed to => 122
1 => 125 iterations changed to => 124
2 => 128 iterations changed to => 117
4 => 126 iterations changed to => 125
2 => 120 iterations changed to => 119
1 => 129 iterations changed to => 118
3 => 124 iterations changed to => 123
1 => 121 iterations changed to => 120
4 => 130 iterations changed to => 129
4 => Outcome : ReachedBound
4 =>: 12 <= UW iterations OR => 330
2 => 125 iterations changed to => 124
1 => 126 iterations changed to => 125
4 => new call tree total iteration : 107
2 => 131 iterations changed to => 129
2 => Outcome : ReachedBound
2 =>: 24 <= UW iterations OR => 360
3 => 140 iterations changed to => 139
1 => 131 iterations changed to => 130
1 => 131 iterations changed to => 97
1 => Outcome : ReachedBound
1 =>: 15 <= UW iterations OR => 364
3 => Outcome : ReachedBound
3 =>: 6 <= UW iterations OR => 366
2 => new call tree total iteration : 115
2 => Outcome : ReachedBound
2 =>: 24 <= UW iterations OR => 361
3 => new call tree total iteration : 108
1 => new call tree total iteration : 131
1 => Outcome : ReachedBound
1 =>: 15 <= UW iterations OR => 365
2 => new call tree total iteration : 113
4 => 120 iterations changed to => 119
1 => new call tree total iteration : 114
4 => Outcome : ReachedBound
4 =>: 12 <= UW iterations OR => 347
1 => 116 iterations changed to => 115
2 => 119 iterations changed to => 118
4 => new call tree total iteration : 114
1 => 121 iterations changed to => 120
4 => 116 iterations changed to => 115
1 => Outcome : ReachedBound
1 =>: 15 <= UW iterations OR => 376
3 => 124 iterations changed to => 119
3 => 120 iterations changed to => 114
1 => new call tree total iteration : 109
1 => Outcome : ReachedBound
1 =>: 15 <= UW iterations OR => 377
2 => 129 iterations changed to => 128
1 => new call tree total iteration : 123
4 => 124 iterations changed to => 123
3 => 123 iterations changed to => 122
1 => 125 iterations changed to => 124
2 => 133 iterations changed to => 132
2 => Outcome : ReachedBound
2 =>: 24 <= UW iterations OR => 385
4 => 128 iterations changed to => 127
3 => 129 iterations changed to => 128
1 => 129 iterations changed to => 128
4 => 130 iterations changed to => 119
2 => new call tree total iteration : 116
2 => Outcome : ReachedBound
2 =>: 24 <= UW iterations OR => 386
4 => Outcome : ReachedBound
4 =>: 12 <= UW iterations OR => 369
1 => 133 iterations changed to => 132
3 => 136 iterations changed to => 135
2 => new call tree total iteration : 121
4 => new call tree total iteration : 134
1 => 137 iterations changed to => 136
3 => 141 iterations changed to => 140
2 => 123 iterations changed to => 122
3 => Outcome : ReachedBound
3 =>: 6 <= UW iterations OR => 415
4 => Outcome : ReachedBound
4 =>: 12 <= UW iterations OR => 371
2 => 127 iterations changed to => 126
1 => 142 iterations changed to => 141
1 => Outcome : ReachedBound
1 =>: 15 <= UW iterations OR => 401
3 => new call tree total iteration : 135
3 => Outcome : ReachedBound
3 =>: 6 <= UW iterations OR => 417
4 => new call tree total iteration : 140
4 => 142 iterations changed to => 141
4 => Outcome : ReachedBound
4 =>: 12 <= UW iterations OR => 374
1 => new call tree total iteration : 136
3 => new call tree total iteration : 130
1 => 138 iterations changed to => 137
4 => new call tree total iteration : 131
4 => 133 iterations changed to => 132
2 => 140 iterations changed to => 139
1 => 142 iterations changed to => 141
1 => Outcome : ReachedBound
1 =>: 15 <= UW iterations OR => 409
2 => 142 iterations changed to => 135
2 => Outcome : ReachedBound
2 =>: 24 <= UW iterations OR => 411
4 => 137 iterations changed to => 136
3 => 139 iterations changed to => 138
1 => new call tree total iteration : 131
1 => Outcome : ReachedBound
1 =>: 15 <= UW iterations OR => 410
3 => Outcome : ReachedBound
3 =>: 6 <= UW iterations OR => 430
2 => new call tree total iteration : 135
2 => Outcome : ReachedBound
2 =>: 24 <= UW iterations OR => 412
4 => Outcome : ReachedBound
4 =>: 12 <= UW iterations OR => 386
1 => new call tree total iteration : 140
1 => Outcome : ReachedBound
1 =>: 15 <= UW iterations OR => 412
3 => new call tree total iteration : 141
3 => Outcome : ReachedBound
3 =>: 6 <= UW iterations OR => 431
Verification Outcome : OK
Time Taken : 654.493254
2 => new call tree total iteration : 136
3 => new call tree total iteration : 142
4 => new call tree total iteration : 141
Verifying serial_markingqueuedirps_1.bpl.bpl
Corral program verifier version 1.0.0.0
Corral program verifier version 1.0.0.0
Corral program verifier version 1.0.0.0
Corral program verifier version 1.0.0.0
http://localhost:5002/
http://localhost:5002/
http://localhost:5002/
http://localhost:5002/
1 => changing to UW
1 => Outcome : Correct
1 =>: 3 <= UW iterations OR => 0
2 => new call tree total iteration : 2
2 => changing to UW
2 => changing to UW
2 => Outcome : Correct
2 =>: 12 <= UW iterations OR => 1
3 => new call tree total iteration : 14
3 => changing to UW
4 => new call tree total iteration : 15
4 => changing to UW
4 => Outcome : Correct
4 =>: 3 <= UW iterations OR => 1
1 => new call tree total iteration : 16
1 => Outcome : Correct
1 =>: 3 <= UW iterations OR => 1
2 => new call tree total iteration : 18
2 => Outcome : Correct
2 =>: 12 <= UW iterations OR => 2
3 => changing to UW
3 => Outcome : Correct
3 =>: 7 <= UW iterations OR => 5
4 => new call tree total iteration : 19
4 => changing to UW
1 => new call tree total iteration : 22
1 => Outcome : Correct
1 =>: 3 <= UW iterations OR => 2
3 => new call tree total iteration : 20
3 => changing to UW
2 => new call tree total iteration : 25
4 => changing to UW
2 => 27 iterations changed to => 26
3 => changing to UW
2 => changing to UW
1 => new call tree total iteration : 23
1 => changing to UW
1 => 25 iterations changed to => 24
3 => changing to UW
3 => changing to UW
2 => changing to UW
3 => changing to UW
1 => changing to UW
3 => changing to UW
4 => changing to UW
2 => changing to UW
1 => changing to UW
1 => Outcome : Correct
1 =>: 9 <= UW iterations OR => 9
2 => changing to UW
1 => new call tree total iteration : 21
1 => Outcome : Correct
1 =>: 9 <= UW iterations OR => 10
3 => changing to UW
1 => new call tree total iteration : 25
1 => changing to UW
1 => changing to UW
1 => changing to UW
1 => Outcome : Correct
1 =>: 13 <= UW iterations OR => 13
3 => changing to UW
3 => changing to UW
2 => 50 iterations changed to => 49
3 => 41 iterations changed to => 40
3 => Outcome : Correct
3 =>: 17 <= UW iterations OR => 17
1 => new call tree total iteration : 48
1 => Outcome : Correct
1 =>: 13 <= UW iterations OR => 14
3 => new call tree total iteration : 50
3 => Outcome : Correct
3 =>: 17 <= UW iterations OR => 18
2 => Outcome : ReachedBound
2 =>: 17 <= UW iterations OR => 34
2 => new call tree total iteration : 72
2 => Outcome : Correct
2 =>: 17 <= UW iterations OR => 35
4 => changing to UW
1 => new call tree total iteration : 58
2 => new call tree total iteration : 74
3 => new call tree total iteration : 59
2 => Outcome : Correct
2 =>: 17 <= UW iterations OR => 36
4 => changing to UW
3 => Outcome : ReachedBound
3 =>: 17 <= UW iterations OR => 20
1 => 61 iterations changed to => 60
1 => changing to UW
1 => changing to UW
2 => new call tree total iteration : 60
2 => Outcome : ReachedBound
2 =>: 17 <= UW iterations OR => 37
3 => new call tree total iteration : 59
2 => new call tree total iteration : 94
2 => Outcome : Correct
2 =>: 17 <= UW iterations OR => 38
3 => Outcome : ReachedBound
3 =>: 17 <= UW iterations OR => 22
1 => Outcome : ReachedBound
1 =>: 15 <= UW iterations OR => 25
1 => new call tree total iteration : 109
1 => Outcome : Correct
1 =>: 15 <= UW iterations OR => 26
2 => new call tree total iteration : 60
2 => 63 iterations changed to => 62
4 => 122 iterations changed to => 121
3 => new call tree total iteration : 69
1 => new call tree total iteration : 61
2 => 70 iterations changed to => 69
1 => 63 iterations changed to => 62
4 => 136 iterations changed to => 129
1 => changing to UW
1 => 69 iterations changed to => 68
3 => 85 iterations changed to => 84
2 => 85 iterations changed to => 84
4 => 141 iterations changed to => 140
2 => 97 iterations changed to => 91
4 => 153 iterations changed to => 152
2 => 92 iterations changed to => 76
3 => 96 iterations changed to => 95
3 => 96 iterations changed to => 90
2 => 78 iterations changed to => 77
3 => 94 iterations changed to => 93
4 => 159 iterations changed to => 158
1 => 77 iterations changed to => 76
2 => 85 iterations changed to => 84
3 => 96 iterations changed to => 77
3 => 78 iterations changed to => 70
3 => 72 iterations changed to => 71
4 => 164 iterations changed to => 163
1 => 80 iterations changed to => 79
4 => 166 iterations changed to => 146
4 => 147 iterations changed to => 133
4 => Outcome : ReachedBound
4 =>: 10 <= UW iterations OR => 155
3 => 78 iterations changed to => 77
2 => 97 iterations changed to => 95
2 => 97 iterations changed to => 90
4 => new call tree total iteration : 70
4 => 72 iterations changed to => 71
2 => 97 iterations changed to => 96
2 => 97 iterations changed to => 91
2 => 95 iterations changed to => 94
3 => 96 iterations changed to => 93
3 => 94 iterations changed to => 88
1 => 86 iterations changed to => 85
2 => Outcome : ReachedBound
2 =>: 17 <= UW iterations OR => 119
4 => 78 iterations changed to => 77
3 => 91 iterations changed to => 90
3 => 96 iterations changed to => 94
2 => new call tree total iteration : 73
2 => Outcome : ReachedBound
2 =>: 17 <= UW iterations OR => 120
3 => 96 iterations changed to => 83
4 => 87 iterations changed to => 86
1 => 91 iterations changed to => 90
2 => new call tree total iteration : 81
2 => Outcome : ReachedBound
2 =>: 17 <= UW iterations OR => 121
4 => 90 iterations changed to => 89
3 => 91 iterations changed to => 90
2 => new call tree total iteration : 83
4 => 94 iterations changed to => 93
2 => 85 iterations changed to => 84
3 => 95 iterations changed to => 94
1 => 95 iterations changed to => 94
4 => 95 iterations changed to => 91
4 => 92 iterations changed to => 83
4 => 84 iterations changed to => 80
1 => 95 iterations changed to => 92
1 => 93 iterations changed to => 89
1 => 90 iterations changed to => 87
1 => Outcome : ReachedBound
1 =>: 16 <= UW iterations OR => 69
4 => 82 iterations changed to => 81
3 => 96 iterations changed to => 92
3 => 93 iterations changed to => 87
3 => Outcome : ReachedBound
3 =>: 17 <= UW iterations OR => 116
2 => 90 iterations changed to => 89
4 => 85 iterations changed to => 84
1 => new call tree total iteration : 84
3 => new call tree total iteration : 86
1 => 86 iterations changed to => 85
2 => 95 iterations changed to => 94
4 => 90 iterations changed to => 89
2 => 95 iterations changed to => 91
3 => 88 iterations changed to => 87
1 => 88 iterations changed to => 87
2 => 93 iterations changed to => 92
3 => 90 iterations changed to => 89
4 => 95 iterations changed to => 92
4 => 94 iterations changed to => 93
2 => 95 iterations changed to => 94
2 => Outcome : ReachedBound
2 =>: 17 <= UW iterations OR => 142
4 => 95 iterations changed to => 86
1 => 96 iterations changed to => 95
1 => 96 iterations changed to => 92
2 => new call tree total iteration : 74
4 => 91 iterations changed to => 90
1 => 95 iterations changed to => 94
3 => 95 iterations changed to => 93
2 => 76 iterations changed to => 75
3 => 95 iterations changed to => 94
3 => 95 iterations changed to => 91
1 => 96 iterations changed to => 89
4 => 95 iterations changed to => 92
4 => 93 iterations changed to => 87
3 => 93 iterations changed to => 92
4 => 89 iterations changed to => 88
1 => 94 iterations changed to => 93
4 => 91 iterations changed to => 90
1 => 96 iterations changed to => 95
1 => 96 iterations changed to => 90
3 => 95 iterations changed to => 94
1 => 92 iterations changed to => 91
2 => 85 iterations changed to => 84
3 => Outcome : ReachedBound
3 =>: 17 <= UW iterations OR => 136
4 => 95 iterations changed to => 94
1 => 94 iterations changed to => 93
4 => 95 iterations changed to => 92
2 => 87 iterations changed to => 86
4 => 94 iterations changed to => 93
3 => new call tree total iteration : 76
1 => 96 iterations changed to => 95
3 => 78 iterations changed to => 77
2 => 89 iterations changed to => 88
4 => Outcome : ReachedBound
4 =>: 10 <= UW iterations OR => 235
1 => Outcome : ReachedBound
1 =>: 16 <= UW iterations OR => 107
4 => new call tree total iteration : 79
4 => Outcome : ReachedBound
4 =>: 10 <= UW iterations OR => 236
3 => 83 iterations changed to => 82
1 => new call tree total iteration : 82
1 => Outcome : ReachedBound
1 =>: 16 <= UW iterations OR => 108
3 => 85 iterations changed to => 84
3 => 87 iterations changed to => 86
2 => 95 iterations changed to => 94
1 => new call tree total iteration : 80
4 => new call tree total iteration : 90
2 => 95 iterations changed to => 92
2 => Outcome : ReachedBound
2 =>: 17 <= UW iterations OR => 169
1 => 82 iterations changed to => 81
4 => 92 iterations changed to => 91
1 => 84 iterations changed to => 83
4 => 93 iterations changed to => 92
3 => 95 iterations changed to => 94
2 => new call tree total iteration : 88
3 => 95 iterations changed to => 92
3 => 93 iterations changed to => 90
3 => Outcome : ReachedBound
3 =>: 17 <= UW iterations OR => 162
2 => 90 iterations changed to => 89
4 => 95 iterations changed to => 94
4 => 95 iterations changed to => 93
3 => new call tree total iteration : 85
2 => 94 iterations changed to => 93
1 => 92 iterations changed to => 91
3 => 87 iterations changed to => 86
4 => 95 iterations changed to => 94
2 => 95 iterations changed to => 91
2 => 93 iterations changed to => 92
1 => 93 iterations changed to => 92
4 => Outcome : ReachedBound
4 =>: 10 <= UW iterations OR => 247
1 => 95 iterations changed to => 94
2 => 95 iterations changed to => 94
3 => 92 iterations changed to => 91
1 => 95 iterations changed to => 90
1 => Outcome : ReachedBound
1 =>: 16 <= UW iterations OR => 129
2 => Outcome : ReachedBound
2 =>: 17 <= UW iterations OR => 184
3 => Outcome : ReachedBound
3 =>: 17 <= UW iterations OR => 173
4 => new call tree total iteration : 88
4 => Outcome : ReachedBound
4 =>: 10 <= UW iterations OR => 248
1 => new call tree total iteration : 88
2 => new call tree total iteration : 93
1 => Outcome : ReachedBound
1 =>: 16 <= UW iterations OR => 131
2 => Outcome : ReachedBound
2 =>: 17 <= UW iterations OR => 186
3 => new call tree total iteration : 89
4 => new call tree total iteration : 94
3 => Outcome : ReachedBound
3 =>: 17 <= UW iterations OR => 176
4 => Outcome : ReachedBound
4 =>: 10 <= UW iterations OR => 249
1 => new call tree total iteration : 90
2 => new call tree total iteration : 91
1 => Outcome : ReachedBound
1 =>: 16 <= UW iterations OR => 133
2 => Outcome : ReachedBound
2 =>: 17 <= UW iterations OR => 188
3 => new call tree total iteration : 91
4 => new call tree total iteration : 92
4 => Outcome : ReachedBound
4 =>: 10 <= UW iterations OR => 251
3 => Outcome : ReachedBound
3 =>: 17 <= UW iterations OR => 179
1 => new call tree total iteration : 92
2 => new call tree total iteration : 93
4 => new call tree total iteration : 93
1 => Outcome : ReachedBound
1 =>: 16 <= UW iterations OR => 135
4 => Outcome : ReachedBound
4 =>: 10 <= UW iterations OR => 253
2 => Outcome : ReachedBound
2 =>: 17 <= UW iterations OR => 189
3 => new call tree total iteration : 93
1 => new call tree total iteration : 94
3 => Outcome : ReachedBound
3 =>: 17 <= UW iterations OR => 181
1 => Outcome : ReachedBound
1 =>: 16 <= UW iterations OR => 136
4 => new call tree total iteration : 94
4 => Outcome : ReachedBound
4 =>: 10 <= UW iterations OR => 254
Verification Outcome : OK
Time Taken : 965.020202
