Verifying sbp2port_irqldispatch_1.bpl.bpl
Corral program verifier version 1.0.0.0
http://localhost:5002/
1 => changing to UW
1 => 3 iterations changed to => 2
1 => Popped From Local Stack
1 => 3 2
1 => changing to OR
1 => changing to UW
1 => changing to OR
1 => changing to UW
1 => changing to OR
1 => changing to UW
1 => changing to OR
1 => changing to UW
1 => changing to OR
1 => changing to UW
1 => changing to OR
1 => 43 iterations changed to => 42
1 => Popped From Local Stack
1 => 60 42
1 => 52 iterations changed to => 51
1 => Popped From Local Stack
1 => 80 51
1 => 83 iterations changed to => 78
1 => Popped From Local Stack
1 => 144 82
1 => changing to UW
1 => changing to OR
1 => changing to UW
1 => changing to OR
1 => 168 iterations changed to => 167
1 => Popped From Local Stack
1 => 322 171
1 => 193 iterations changed to => 190
1 => Popped From Local Stack
1 => 374 196
1 => 191 iterations changed to => 185
1 => Popped From Local Stack
1 => 376 196
1 => 186 iterations changed to => 179
1 => Popped From Local Stack
1 => 378 196
1 => 180 iterations changed to => 172
1 => Popped From Local Stack
1 => 380 196
1 => 173 iterations changed to => 161
1 => Popped From Local Stack
1 => 382 196
1 => 162 iterations changed to => 155
1 => Popped From Local Stack
1 => 384 196
1 => 156 iterations changed to => 149
1 => Popped From Local Stack
1 => 386 196
1 => 162 iterations changed to => 158
1 => Popped From Local Stack
1 => 412 208
1 => 163 iterations changed to => 162
1 => Popped From Local Stack
1 => 422 212
1 => 163 iterations changed to => 151
1 => Popped From Local Stack
1 => 424 212
1 => 152 iterations changed to => 143
1 => Popped From Local Stack
1 => 426 212
1 => 144 iterations changed to => 137
1 => Popped From Local Stack
1 => 428 212
1 => 138 iterations changed to => 130
1 => Popped From Local Stack
1 => 430 212
1 => 156 iterations changed to => 155
1 => Popped From Local Stack
1 => 482 237
1 => 157 iterations changed to => 149
1 => Popped From Local Stack
1 => 486 238
1 => 150 iterations changed to => 144
1 => Popped From Local Stack
1 => 488 238
1 => 145 iterations changed to => 139
1 => Popped From Local Stack
1 => 490 238
1 => 140 iterations changed to => 134
1 => Popped From Local Stack
1 => 492 238
1 => 135 iterations changed to => 124
1 => Popped From Local Stack
1 => 494 238
1 => 125 iterations changed to => 118
1 => Popped From Local Stack
1 => 496 238
1 => 159 iterations changed to => 158
1 => Popped From Local Stack
1 => 578 278
1 => 165 iterations changed to => 164
1 => Popped From Local Stack
1 => 592 284
1 => 173 iterations changed to => 169
1 => Popped From Local Stack
1 => 610 292
1 => 170 iterations changed to => 152
1 => Popped From Local Stack
1 => 612 292
1 => 153 iterations changed to => 144
1 => Popped From Local Stack
1 => 614 292
1 => 146 iterations changed to => 145
1 => Popped From Local Stack
1 => 618 293
1 => 159 iterations changed to => 158
1 => Popped From Local Stack
1 => 646 306
1 => 173 iterations changed to => 172
1 => Popped From Local Stack
1 => 676 320
1 => 197 iterations changed to => 194
1 => Popped From Local Stack
1 => 726 344
1 => 195 iterations changed to => 188
1 => Popped From Local Stack
1 => 728 344
1 => 189 iterations changed to => 182
1 => Popped From Local Stack
1 => 730 344
1 => 183 iterations changed to => 175
1 => Popped From Local Stack
1 => 732 344
1 => 187 iterations changed to => 186
1 => Popped From Local Stack
1 => 756 355
1 => 194 iterations changed to => 190
1 => Popped From Local Stack
1 => 772 362
1 => 194 iterations changed to => 191
1 => Popped From Local Stack
1 => 780 365
1 => 194 iterations changed to => 192
1 => Popped From Local Stack
1 => 786 367
1 => 193 iterations changed to => 181
1 => Popped From Local Stack
1 => 788 367
1 => 183 iterations changed to => 182
1 => Popped From Local Stack
1 => 792 368
1 => 192 iterations changed to => 191
1 => Popped From Local Stack
1 => 812 377
1 => 194 iterations changed to => 187
1 => Popped From Local Stack
1 => 818 379
1 => 188 iterations changed to => 177
1 => Popped From Local Stack
1 => 820 379
1 => 185 iterations changed to => 184
1 => Popped From Local Stack
1 => 836 386
1 => 189 iterations changed to => 188
1 => Popped From Local Stack
1 => 846 390
1 => 190 iterations changed to => 178
1 => Popped From Local Stack
1 => 850 391
1 => 180 iterations changed to => 179
1 => Popped From Local Stack
1 => 854 392
1 => 181 iterations changed to => 168
1 => Popped From Local Stack
1 => 858 393
1 => 169 iterations changed to => 163
1 => Popped From Local Stack
1 => 860 393
1 => 164 iterations changed to => 152
1 => Popped From Local Stack
1 => 862 393
1 => 155 iterations changed to => 154
1 => Popped From Local Stack
1 => 868 395
1 => 189 iterations changed to => 185
1 => Popped From Local Stack
1 => 938 429
1 => 186 iterations changed to => 179
1 => Popped From Local Stack
1 => 940 429
1 => 180 iterations changed to => 173
1 => Popped From Local Stack
1 => 942 429
1 => 174 iterations changed to => 167
1 => Popped From Local Stack
1 => 944 429
1 => 182 iterations changed to => 180
1 => Popped From Local Stack
1 => 974 443
1 => 181 iterations changed to => 176
1 => Popped From Local Stack
1 => 976 443
1 => 177 iterations changed to => 172
1 => Popped From Local Stack
1 => 978 443
1 => 173 iterations changed to => 168
1 => Popped From Local Stack
1 => 980 443
1 => 169 iterations changed to => 163
1 => Popped From Local Stack
1 => 982 443
1 => 164 iterations changed to => 158
1 => Popped From Local Stack
1 => 984 443
1 => 160 iterations changed to => 159
1 => Popped From Local Stack
1 => 988 444
1 => 171 iterations changed to => 169
1 => Popped From Local Stack
1 => 1012 455
1 => 171 iterations changed to => 170
1 => Popped From Local Stack
1 => 1016 456
1 => 171 iterations changed to => 164
1 => Popped From Local Stack
1 => 1018 456
1 => 166 iterations changed to => 165
1 => Popped From Local Stack
1 => 1022 457
1 => 171 iterations changed to => 168
1 => Popped From Local Stack
1 => 1034 462
1 => 169 iterations changed to => 137
1 => Popped From Local Stack
1 => 1036 462
1 => 138 iterations changed to => 131
1 => Popped From Local Stack
1 => 1038 462
1 => 132 iterations changed to => 125
1 => Popped From Local Stack
1 => 1040 462
1 => 126 iterations changed to => 119
1 => Popped From Local Stack
1 => 1042 462
1 => 120 iterations changed to => 113
1 => Popped From Local Stack
1 => 1044 462
1 => 114 iterations changed to => 107
1 => Popped From Local Stack
1 => 1046 462
1 => 108 iterations changed to => 101
1 => Popped From Local Stack
1 => 1048 462
1 => 102 iterations changed to => 96
1 => Popped From Local Stack
1 => 1050 462
1 => 124 iterations changed to => 123
1 => Popped From Local Stack
1 => 1106 489
1 => 155 iterations changed to => 154
1 => Popped From Local Stack
1 => 1170 520
1 => 175 iterations changed to => 169
1 => Popped From Local Stack
1 => 1212 540
1 => 170 iterations changed to => 161
1 => Popped From Local Stack
1 => 1214 540
1 => 162 iterations changed to => 147
1 => Popped From Local Stack
1 => 1216 540
1 => 148 iterations changed to => 140
1 => Popped From Local Stack
1 => 1218 540
1 => 141 iterations changed to => 132
1 => Popped From Local Stack
1 => 1220 540
1 => 138 iterations changed to => 137
1 => Popped From Local Stack
1 => 1232 545
1 => 164 iterations changed to => 162
1 => Popped From Local Stack
1 => 1286 571
1 => 163 iterations changed to => 157
1 => Popped From Local Stack
1 => 1288 571
1 => 158 iterations changed to => 152
1 => Popped From Local Stack
1 => 1290 571
1 => 153 iterations changed to => 147
1 => Popped From Local Stack
1 => 1292 571
1 => 152 iterations changed to => 151
1 => Popped From Local Stack
1 => 1302 575
1 => 156 iterations changed to => 153
1 => Popped From Local Stack
1 => 1312 579
1 => 170 iterations changed to => 169
1 => Popped From Local Stack
1 => 1346 595
1 => 170 iterations changed to => 164
1 => Popped From Local Stack
1 => 1348 595
1 => 165 iterations changed to => 159
1 => Popped From Local Stack
1 => 1350 595
1 => 160 iterations changed to => 154
1 => Popped From Local Stack
1 => 1352 595
1 => 155 iterations changed to => 148
1 => Popped From Local Stack
1 => 1354 595
1 => 149 iterations changed to => 143
1 => Popped From Local Stack
1 => 1356 595
1 => 144 iterations changed to => 140
1 => Popped From Local Stack
1 => 1358 595
1 => 141 iterations changed to => 133
1 => Popped From Local Stack
1 => 1360 595
1 => 134 iterations changed to => 127
1 => Popped From Local Stack
1 => 1362 595
1 => 128 iterations changed to => 117
1 => Popped From Local Stack
1 => 1364 595
1 => 118 iterations changed to => 109
1 => Popped From Local Stack
1 => 1366 595
1 => 117 iterations changed to => 116
1 => Popped From Local Stack
1 => 1382 602
1 => 155 iterations changed to => 154
1 => Popped From Local Stack
1 => 1460 640
1 => 159 iterations changed to => 149
1 => Popped From Local Stack
1 => 1470 644
1 => 150 iterations changed to => 143
1 => Popped From Local Stack
1 => 1472 644
1 => 144 iterations changed to => 137
1 => Popped From Local Stack
1 => 1474 644
1 => 138 iterations changed to => 130
1 => Popped From Local Stack
1 => 1476 644
1 => 137 iterations changed to => 136
1 => Popped From Local Stack
1 => 1490 650
1 => 153 iterations changed to => 152
1 => Popped From Local Stack
1 => 1524 666
1 => 165 iterations changed to => 162
1 => Popped From Local Stack
1 => 1550 678
1 => 183 iterations changed to => 180
1 => Popped From Local Stack
1 => 1592 698
1 => 181 iterations changed to => 175
1 => Popped From Local Stack
1 => 1594 698
1 => 176 iterations changed to => 170
1 => Popped From Local Stack
1 => 1596 698
1 => 177 iterations changed to => 176
1 => Popped From Local Stack
1 => 1610 704
1 => 183 iterations changed to => 180
1 => Popped From Local Stack
1 => 1624 710
1 => 183 iterations changed to => 181
1 => Popped From Local Stack
1 => 1630 712
1 => 182 iterations changed to => 171
1 => Popped From Local Stack
1 => 1632 712
1 => 172 iterations changed to => 165
1 => Popped From Local Stack
1 => 1634 712
1 => 168 iterations changed to => 166
1 => Popped From Local Stack
1 => 1640 714
1 => 167 iterations changed to => 157
1 => Popped From Local Stack
1 => 1642 714
1 => 158 iterations changed to => 147
1 => Popped From Local Stack
1 => 1644 714
1 => 148 iterations changed to => 142
1 => Popped From Local Stack
1 => 1646 714
1 => 143 iterations changed to => 131
1 => Popped From Local Stack
1 => 1648 714
1 => 133 iterations changed to => 132
1 => Popped From Local Stack
1 => 1652 715
1 => 154 iterations changed to => 151
1 => Popped From Local Stack
1 => 1696 736
1 => 180 iterations changed to => 179
1 => Popped From Local Stack
1 => 1754 764
1 => 183 iterations changed to => 182
1 => Popped From Local Stack
1 => 1762 767
1 => 183 iterations changed to => 175
1 => Popped From Local Stack
1 => 1764 767
1 => 177 iterations changed to => 176
1 => Popped From Local Stack
1 => 1768 768
1 => 183 iterations changed to => 180
1 => Popped From Local Stack
1 => 1782 774
1 => 181 iterations changed to => 170
1 => Popped From Local Stack
1 => 1784 774
1 => 171 iterations changed to => 165
1 => Popped From Local Stack
1 => 1786 774
1 => 166 iterations changed to => 161
1 => Popped From Local Stack
1 => 1788 774
1 => 162 iterations changed to => 157
1 => Popped From Local Stack
1 => 1790 774
1 => 158 iterations changed to => 153
1 => Popped From Local Stack
1 => 1792 774
1 => 154 iterations changed to => 147
1 => Popped From Local Stack
1 => 1794 774
1 => 148 iterations changed to => 142
1 => Popped From Local Stack
1 => 1796 774
1 => 144 iterations changed to => 143
1 => Popped From Local Stack
1 => 1800 775
1 => 148 iterations changed to => 147
1 => Popped From Local Stack
1 => 1810 779
1 => 155 iterations changed to => 153
1 => Popped From Local Stack
1 => 1826 786
1 => 155 iterations changed to => 154
1 => Popped From Local Stack
1 => 1830 787
1 => 155 iterations changed to => 150
1 => Popped From Local Stack
1 => 1832 787
1 => 151 iterations changed to => 136
1 => Popped From Local Stack
1 => 1834 787
1 => 137 iterations changed to => 123
1 => Popped From Local Stack
1 => 1836 787
1 => 124 iterations changed to => 110
1 => Popped From Local Stack
1 => 1838 787
1 => 111 iterations changed to => 103
1 => Popped From Local Stack
1 => 1840 787
1 => 104 iterations changed to => 97
1 => Popped From Local Stack
1 => 1842 787
1 => 98 iterations changed to => 91
1 => Popped From Local Stack
1 => 1844 787
1 => 92 iterations changed to => 84
1 => Popped From Local Stack
1 => 1846 787
1 => 85 iterations changed to => 70
1 => Popped From Local Stack
1 => 1848 787
1 => 71 iterations changed to => 60
1 => Popped From Local Stack
1 => 1850 787
1 => Outcome : ReachedBound
1 =>: 30 <= UW iterations OR => 911
1 => 1852 787
1 => new call tree total iteration : 61
1 => changing to OR
Verification Outcome : OK
Time Taken : 1937.268632
Verifying flpydisk_irqlexapclte1_1.bpl.bpl
Corral program verifier version 1.0.0.0
http://localhost:5002/
1 => changing to UW
1 => 3 iterations changed to => 2
1 => Popped From Local Stack
1 => 3 2
1 => changing to OR
1 => changing to UW
1 => changing to OR
1 => changing to UW
1 => changing to OR
1 => changing to UW
1 => changing to OR
1 => changing to UW
1 => changing to OR
1 => changing to UW
1 => changing to OR
1 => changing to UW
1 => 25 iterations changed to => 24
1 => Popped From Local Stack
1 => 32 25
1 => changing to OR
1 => changing to UW
1 => changing to OR
1 => changing to UW
1 => changing to OR
1 => 34 iterations changed to => 33
1 => Popped From Local Stack
1 => 48 34
1 => 39 iterations changed to => 36
1 => Popped From Local Stack
1 => 60 39
1 => changing to UW
1 => changing to OR
1 => changing to UW
1 => changing to OR
1 => changing to UW
1 => changing to OR
1 => 74 iterations changed to => 69
1 => Popped From Local Stack
1 => 133 76
1 => 70 iterations changed to => 66
1 => Popped From Local Stack
1 => 135 76
1 => changing to UW
1 => 67 iterations changed to => 61
1 => Popped From Local Stack
1 => 136 76
1 => changing to OR
1 => 62 iterations changed to => 58
1 => Popped From Local Stack
1 => 138 76
1 => 61 iterations changed to => 59
1 => Popped From Local Stack
1 => 144 78
1 => 60 iterations changed to => 53
1 => Popped From Local Stack
1 => 146 78
1 => 54 iterations changed to => 44
1 => Popped From Local Stack
1 => 148 78
1 => 45 iterations changed to => 41
1 => Popped From Local Stack
1 => 150 78
1 => 42 iterations changed to => 38
1 => Popped From Local Stack
1 => 152 78
1 => Outcome : ReachedBound
1 =>: 28 <= UW iterations OR => 63
1 => 154 78
Verification Outcome : OK
Time Taken : 2182.941602
1 => new call tree total iteration : 39
1 => changing to OR
Verifying ppa3x_nsremovelockmnremove_0.bpl.bpl
Corral program verifier version 1.0.0.0
http://localhost:5002/
1 => changing to UW
1 => 3 iterations changed to => 2
1 => Popped From Local Stack
1 => 3 2
1 => changing to OR
1 => changing to UW
1 => changing to OR
1 => changing to UW
1 => changing to OR
1 => changing to UW
1 => changing to OR
1 => changing to UW
1 => changing to OR
1 => changing to UW
1 => changing to OR
1 => 43 iterations changed to => 42
1 => Popped From Local Stack
1 => 64 42
1 => changing to UW
1 => changing to OR
1 => 50 iterations changed to => 49
1 => Popped From Local Stack
1 => 79 49
1 => changing to UW
1 => changing to OR
1 => 59 iterations changed to => 58
1 => Popped From Local Stack
1 => 98 58
1 => changing to UW
1 => changing to OR
1 => 95 iterations changed to => 94
1 => Popped From Local Stack
1 => 171 94
1 => 125 iterations changed to => 124
1 => Popped From Local Stack
1 => 233 124
1 => 151 iterations changed to => 150
1 => Popped From Local Stack
1 => 287 150
1 => 160 iterations changed to => 159
1 => Popped From Local Stack
1 => 307 159
1 => 165 iterations changed to => 164
1 => Popped From Local Stack
1 => 319 164
1 => 189 iterations changed to => 188
1 => Popped From Local Stack
1 => 369 188
1 => 197 iterations changed to => 193
1 => Popped From Local Stack
1 => 387 196
1 => 194 iterations changed to => 181
1 => Popped From Local Stack
1 => 389 196
1 => 182 iterations changed to => 176
1 => Popped From Local Stack
1 => 391 196
1 => 177 iterations changed to => 169
1 => Popped From Local Stack
1 => 393 196
1 => 170 iterations changed to => 145
1 => Popped From Local Stack
1 => 395 196
1 => 146 iterations changed to => 136
1 => Popped From Local Stack
1 => 397 196
1 => 157 iterations changed to => 156
1 => Popped From Local Stack
1 => 439 216
1 => 164 iterations changed to => 163
1 => Popped From Local Stack
1 => 455 223
1 => 169 iterations changed to => 168
1 => Popped From Local Stack
1 => 467 228
1 => 182 iterations changed to => 181
1 => Popped From Local Stack
1 => 495 241
1 => 194 iterations changed to => 193
1 => Popped From Local Stack
1 => 521 253
1 => 201 iterations changed to => 198
1 => Popped From Local Stack
1 => 537 260
1 => 199 iterations changed to => 186
1 => Popped From Local Stack
1 => 539 260
1 => 187 iterations changed to => 175
1 => Popped From Local Stack
1 => 541 260
1 => 176 iterations changed to => 151
1 => Popped From Local Stack
1 => 543 260
1 => 152 iterations changed to => 146
1 => Popped From Local Stack
1 => 545 260
1 => 147 iterations changed to => 137
1 => Popped From Local Stack
1 => 547 260
1 => 138 iterations changed to => 128
1 => Popped From Local Stack
1 => 549 260
1 => 138 iterations changed to => 137
1 => Popped From Local Stack
1 => 569 269
1 => 144 iterations changed to => 143
1 => Popped From Local Stack
1 => 583 275
1 => 149 iterations changed to => 148
1 => Popped From Local Stack
1 => 595 280
1 => 165 iterations changed to => 164
1 => Popped From Local Stack
1 => 629 296
1 => 176 iterations changed to => 175
1 => Popped From Local Stack
1 => 653 307
1 => 176 iterations changed to => 170
1 => Popped From Local Stack
1 => 655 307
1 => 171 iterations changed to => 159
1 => Popped From Local Stack
1 => 657 307
1 => 160 iterations changed to => 154
1 => Popped From Local Stack
1 => 659 307
1 => 155 iterations changed to => 129
1 => Popped From Local Stack
1 => 661 307
1 => 130 iterations changed to => 118
1 => Popped From Local Stack
1 => 663 307
1 => 119 iterations changed to => 111
1 => Popped From Local Stack
1 => 665 307
1 => 114 iterations changed to => 113
1 => Popped From Local Stack
1 => 671 309
1 => 120 iterations changed to => 119
1 => Popped From Local Stack
1 => 685 315
1 => 132 iterations changed to => 131
1 => Popped From Local Stack
1 => 711 327
1 => 137 iterations changed to => 136
1 => Popped From Local Stack
1 => 723 332
1 => 149 iterations changed to => 148
1 => Popped From Local Stack
1 => 749 344
1 => 152 iterations changed to => 142
1 => Popped From Local Stack
1 => 757 347
1 => 143 iterations changed to => 125
1 => Popped From Local Stack
1 => 759 347
1 => 126 iterations changed to => 104
1 => Popped From Local Stack
1 => 761 347
1 => 105 iterations changed to => 100
1 => Popped From Local Stack
1 => 763 347
1 => 102 iterations changed to => 101
1 => Popped From Local Stack
1 => 767 348
1 => 109 iterations changed to => 108
1 => Popped From Local Stack
1 => 783 355
1 => 130 iterations changed to => 129
1 => Popped From Local Stack
1 => 827 376
1 => 134 iterations changed to => 133
1 => Popped From Local Stack
1 => 837 380
1 => 144 iterations changed to => 143
1 => Popped From Local Stack
1 => 859 390
1 => 161 iterations changed to => 157
1 => Popped From Local Stack
1 => 895 407
1 => 158 iterations changed to => 152
1 => Popped From Local Stack
1 => 897 407
1 => 153 iterations changed to => 146
1 => Popped From Local Stack
1 => 899 407
1 => 147 iterations changed to => 139
1 => Popped From Local Stack
1 => 901 407
1 => 140 iterations changed to => 123
1 => Popped From Local Stack
1 => 903 407
1 => 124 iterations changed to => 117
1 => Popped From Local Stack
1 => 905 407
1 => 118 iterations changed to => 113
1 => Popped From Local Stack
1 => 907 407
1 => 114 iterations changed to => 87
1 => Popped From Local Stack
1 => 909 407
1 => changing to UW
1 => changing to OR
1 => 89 iterations changed to => 88
1 => Popped From Local Stack
1 => 912 408
1 => 94 iterations changed to => 93
1 => Popped From Local Stack
1 => 924 413
1 => 98 iterations changed to => 97
1 => Popped From Local Stack
1 => 934 417
1 => 111 iterations changed to => 110
1 => Popped From Local Stack
1 => 962 430
1 => 116 iterations changed to => 115
1 => Popped From Local Stack
1 => 974 435
1 => 127 iterations changed to => 126
1 => Popped From Local Stack
1 => 998 446
1 => 127 iterations changed to => 121
1 => Popped From Local Stack
1 => 1000 446
1 => 122 iterations changed to => 104
1 => Popped From Local Stack
1 => 1002 446
1 => 105 iterations changed to => 80
1 => Popped From Local Stack
1 => 1004 446
1 => 82 iterations changed to => 81
1 => Popped From Local Stack
1 => 1008 447
1 => 92 iterations changed to => 91
1 => Popped From Local Stack
1 => 1030 457
1 => 97 iterations changed to => 96
1 => Popped From Local Stack
1 => 1042 462
1 => 117 iterations changed to => 116
1 => Popped From Local Stack
1 => 1084 482
1 => 123 iterations changed to => 122
1 => Popped From Local Stack
1 => 1098 488
1 => 142 iterations changed to => 141
1 => Popped From Local Stack
1 => 1138 507
1 => 180 iterations changed to => 179
1 => Popped From Local Stack
1 => 1216 545
1 => 185 iterations changed to => 184
1 => Popped From Local Stack
1 => 1228 550
1 => 190 iterations changed to => 189
1 => Popped From Local Stack
1 => 1240 555
1 => 194 iterations changed to => 193
1 => Popped From Local Stack
1 => 1250 559
1 => 198 iterations changed to => 197
1 => Popped From Local Stack
1 => 1260 563
1 => 259 iterations changed to => 258
1 => Popped From Local Stack
1 => 1384 624
1 => 264 iterations changed to => 263
1 => Popped From Local Stack
1 => 1396 629
1 => 267 iterations changed to => 266
1 => Popped From Local Stack
1 => 1404 632
1 => 272 iterations changed to => 271
1 => Popped From Local Stack
1 => 1416 637
1 => 277 iterations changed to => 276
1 => Popped From Local Stack
1 => 1428 642
1 => 282 iterations changed to => 280
1 => Popped From Local Stack
1 => 1440 647
1 => 281 iterations changed to => 252
1 => Popped From Local Stack
1 => 1442 647
1 => 253 iterations changed to => 248
1 => Popped From Local Stack
1 => 1444 647
1 => 249 iterations changed to => 243
1 => Popped From Local Stack
1 => 1446 647
1 => 246 iterations changed to => 245
1 => Popped From Local Stack
1 => 1452 649
1 => 250 iterations changed to => 249
1 => Popped From Local Stack
1 => 1462 653
1 => 253 iterations changed to => 252
1 => Popped From Local Stack
1 => 1470 656
1 => 258 iterations changed to => 257
1 => Popped From Local Stack
1 => 1482 661
1 => 262 iterations changed to => 261
1 => Popped From Local Stack
1 => 1492 665
1 => 280 iterations changed to => 279
1 => Popped From Local Stack
1 => 1530 683
1 => 282 iterations changed to => 275
1 => Popped From Local Stack
1 => 1536 685
1 => 276 iterations changed to => 269
1 => Popped From Local Stack
1 => 1538 685
1 => 270 iterations changed to => 265
1 => Popped From Local Stack
1 => 1540 685
1 => 266 iterations changed to => 238
1 => Popped From Local Stack
1 => 1542 685
1 => 239 iterations changed to => 233
1 => Popped From Local Stack
1 => 1544 685
1 => 234 iterations changed to => 229
1 => Popped From Local Stack
1 => 1546 685
1 => 232 iterations changed to => 231
1 => Popped From Local Stack
1 => 1552 687
1 => 235 iterations changed to => 234
1 => Popped From Local Stack
1 => 1560 690
1 => 245 iterations changed to => 244
1 => Popped From Local Stack
1 => 1582 700
1 => 251 iterations changed to => 250
1 => Popped From Local Stack
1 => 1596 706
1 => 256 iterations changed to => 255
1 => Popped From Local Stack
1 => 1608 711
1 => 264 iterations changed to => 263
1 => Popped From Local Stack
1 => 1626 719
1 => 282 iterations changed to => 280
1 => Popped From Local Stack
1 => 1664 737
1 => 281 iterations changed to => 276
1 => Popped From Local Stack
1 => 1666 737
1 => 277 iterations changed to => 272
1 => Popped From Local Stack
1 => 1668 737
1 => 273 iterations changed to => 266
1 => Popped From Local Stack
1 => 1670 737
1 => 267 iterations changed to => 259
1 => Popped From Local Stack
1 => 1672 737
1 => 260 iterations changed to => 247
1 => Popped From Local Stack
1 => 1674 737
1 => 248 iterations changed to => 239
1 => Popped From Local Stack
1 => 1676 737
1 => 240 iterations changed to => 223
1 => Popped From Local Stack
1 => 1678 737
1 => 224 iterations changed to => 217
1 => Popped From Local Stack
1 => 1680 737
1 => 235 iterations changed to => 234
1 => Popped From Local Stack
1 => 1716 754
1 => 260 iterations changed to => 259
1 => Popped From Local Stack
1 => 1768 779
1 => 267 iterations changed to => 266
1 => Popped From Local Stack
1 => 1784 786
1 => 271 iterations changed to => 270
1 => Popped From Local Stack
1 => 1794 790
1 => 275 iterations changed to => 274
1 => Popped From Local Stack
1 => 1804 794
1 => 282 iterations changed to => 281
1 => Popped From Local Stack
1 => 1820 801
1 => 282 iterations changed to => 277
1 => Popped From Local Stack
1 => 1822 801
1 => 278 iterations changed to => 262
1 => Popped From Local Stack
1 => 1824 801
1 => 263 iterations changed to => 254
1 => Popped From Local Stack
1 => 1826 801
1 => 255 iterations changed to => 250
1 => Popped From Local Stack
1 => 1828 801
1 => 251 iterations changed to => 247
1 => Popped From Local Stack
1 => 1830 801
1 => 248 iterations changed to => 243
1 => Popped From Local Stack
1 => 1832 801
1 => 244 iterations changed to => 238
1 => Popped From Local Stack
1 => 1834 801
1 => 247 iterations changed to => 246
1 => Popped From Local Stack
1 => 1852 809
1 => 253 iterations changed to => 252
1 => Popped From Local Stack
1 => 1866 815
1 => 258 iterations changed to => 257
1 => Popped From Local Stack
1 => 1878 820
1 => 261 iterations changed to => 260
1 => Popped From Local Stack
1 => 1886 823
1 => 282 iterations changed to => 281
1 => Popped From Local Stack
1 => 1930 844
1 => 282 iterations changed to => 278
1 => Popped From Local Stack
1 => 1932 844
1 => 279 iterations changed to => 274
1 => Popped From Local Stack
1 => 1934 844
1 => 275 iterations changed to => 270
1 => Popped From Local Stack
1 => 1936 844
1 => 271 iterations changed to => 266
1 => Popped From Local Stack
1 => 1938 844
1 => 267 iterations changed to => 264
1 => Popped From Local Stack
1 => 1940 844
1 => 265 iterations changed to => 249
1 => Popped From Local Stack
1 => 1942 844
1 => 251 iterations changed to => 250
1 => Popped From Local Stack
1 => 1946 845
1 => 255 iterations changed to => 254
1 => Popped From Local Stack
1 => 1956 849
1 => 258 iterations changed to => 257
1 => Popped From Local Stack
1 => 1964 852
1 => 271 iterations changed to => 270
1 => Popped From Local Stack
1 => 1992 865
1 => 278 iterations changed to => 277
1 => Popped From Local Stack
1 => 2008 872
1 => 282 iterations changed to => 280
1 => Popped From Local Stack
1 => 2018 876
1 => 281 iterations changed to => 274
1 => Popped From Local Stack
1 => 2020 876
1 => 275 iterations changed to => 266
1 => Popped From Local Stack
1 => 2022 876
1 => 267 iterations changed to => 263
1 => Popped From Local Stack
1 => 2024 876
1 => 264 iterations changed to => 260
1 => Popped From Local Stack
1 => 2026 876
1 => 261 iterations changed to => 243
1 => Popped From Local Stack
1 => 2028 876
1 => 244 iterations changed to => 239
1 => Popped From Local Stack
1 => 2030 876
1 => 240 iterations changed to => 231
1 => Popped From Local Stack
1 => 2032 876
1 => 232 iterations changed to => 227
1 => Popped From Local Stack
1 => 2034 876
1 => 234 iterations changed to => 233
1 => Popped From Local Stack
1 => 2048 882
1 => 245 iterations changed to => 244
1 => Popped From Local Stack
1 => 2072 893
1 => 249 iterations changed to => 248
1 => Popped From Local Stack
1 => 2082 897
1 => 255 iterations changed to => 254
1 => Popped From Local Stack
1 => 2096 903
1 => 259 iterations changed to => 258
1 => Popped From Local Stack
1 => 2106 907
1 => 263 iterations changed to => 262
1 => Popped From Local Stack
1 => 2116 911
1 => 269 iterations changed to => 268
1 => Popped From Local Stack
1 => 2130 917
1 => 280 iterations changed to => 279
1 => Popped From Local Stack
1 => 2154 928
1 => 282 iterations changed to => 276
1 => Popped From Local Stack
1 => 2160 930
1 => 277 iterations changed to => 272
1 => Popped From Local Stack
1 => 2162 930
1 => 273 iterations changed to => 265
1 => Popped From Local Stack
1 => 2164 930
1 => 266 iterations changed to => 250
1 => Popped From Local Stack
1 => 2166 930
1 => 251 iterations changed to => 240
1 => Popped From Local Stack
1 => 2168 930
1 => 241 iterations changed to => 236
1 => Popped From Local Stack
1 => 2170 930
1 => 237 iterations changed to => 229
1 => Popped From Local Stack
1 => 2172 930
1 => 230 iterations changed to => 223
1 => Popped From Local Stack
1 => 2174 930
1 => 224 iterations changed to => 218
1 => Popped From Local Stack
1 => 2176 930
1 => 226 iterations changed to => 225
1 => Popped From Local Stack
1 => 2192 937
1 => 241 iterations changed to => 240
1 => Popped From Local Stack
1 => 2224 952
1 => 251 iterations changed to => 250
1 => Popped From Local Stack
1 => 2246 962
1 => 259 iterations changed to => 258
1 => Popped From Local Stack
1 => 2264 970
1 => 266 iterations changed to => 265
1 => Popped From Local Stack
1 => 2280 977
1 => 269 iterations changed to => 268
1 => Popped From Local Stack
1 => 2288 980
1 => 277 iterations changed to => 276
1 => Popped From Local Stack
1 => 2306 988
1 => 280 iterations changed to => 279
1 => Popped From Local Stack
1 => 2314 991
1 => 282 iterations changed to => 272
1 => Popped From Local Stack
1 => 2320 993
1 => 273 iterations changed to => 262
1 => Popped From Local Stack
1 => 2322 993
1 => 263 iterations changed to => 254
1 => Popped From Local Stack
1 => 2324 993
1 => 255 iterations changed to => 247
1 => Popped From Local Stack
1 => 2326 993
1 => 248 iterations changed to => 243
1 => Popped From Local Stack
1 => 2328 993
1 => 244 iterations changed to => 236
1 => Popped From Local Stack
1 => 2330 993
1 => 237 iterations changed to => 233
1 => Popped From Local Stack
1 => 2332 993
1 => 234 iterations changed to => 229
1 => Popped From Local Stack
1 => 2334 993
1 => 230 iterations changed to => 219
1 => Popped From Local Stack
1 => 2336 993
1 => 220 iterations changed to => 211
1 => Popped From Local Stack
1 => 2338 993
1 => 267 iterations changed to => 266
1 => Popped From Local Stack
1 => 2450 1048
1 => 270 iterations changed to => 269
1 => Popped From Local Stack
1 => 2458 1051
1 => 274 iterations changed to => 273
1 => Popped From Local Stack
1 => 2468 1055
1 => 282 iterations changed to => 281
1 => Popped From Local Stack
1 => 2486 1063
1 => 282 iterations changed to => 277
1 => Popped From Local Stack
1 => 2488 1063
1 => 280 iterations changed to => 279
1 => Popped From Local Stack
1 => 2494 1065
1 => 282 iterations changed to => 263
1 => Popped From Local Stack
1 => 2500 1067
1 => 264 iterations changed to => 260
1 => Popped From Local Stack
1 => 2502 1067
1 => 261 iterations changed to => 256
1 => Popped From Local Stack
1 => 2504 1067
1 => 257 iterations changed to => 252
1 => Popped From Local Stack
1 => 2506 1067
1 => 253 iterations changed to => 249
1 => Popped From Local Stack
1 => 2508 1067
1 => 250 iterations changed to => 246
1 => Popped From Local Stack
1 => 2510 1067
1 => 247 iterations changed to => 243
1 => Popped From Local Stack
1 => 2512 1067
1 => 244 iterations changed to => 239
1 => Popped From Local Stack
1 => 2514 1067
1 => 240 iterations changed to => 234
1 => Popped From Local Stack
1 => 2516 1067
1 => 235 iterations changed to => 231
1 => Popped From Local Stack
1 => 2518 1067
1 => 232 iterations changed to => 228
1 => Popped From Local Stack
1 => 2520 1067
1 => 229 iterations changed to => 225
1 => Popped From Local Stack
1 => 2522 1067
1 => 226 iterations changed to => 220
1 => Popped From Local Stack
1 => 2524 1067
1 => 221 iterations changed to => 216
1 => Popped From Local Stack
1 => 2526 1067
1 => 217 iterations changed to => 212
1 => Popped From Local Stack
1 => 2528 1067
1 => 213 iterations changed to => 207
1 => Popped From Local Stack
1 => 2530 1067
1 => 208 iterations changed to => 202
1 => Popped From Local Stack
1 => 2532 1067
1 => 203 iterations changed to => 175
1 => Popped From Local Stack
1 => 2534 1067
1 => 176 iterations changed to => 171
1 => Popped From Local Stack
1 => 2536 1067
1 => 173 iterations changed to => 172
1 => Popped From Local Stack
1 => 2540 1068
1 => 176 iterations changed to => 175
1 => Popped From Local Stack
1 => 2548 1071
1 => 180 iterations changed to => 179
1 => Popped From Local Stack
1 => 2558 1075
1 => 185 iterations changed to => 184
1 => Popped From Local Stack
1 => 2570 1080
1 => 244 iterations changed to => 243
1 => Popped From Local Stack
1 => 2690 1139
1 => 247 iterations changed to => 246
1 => Popped From Local Stack
1 => 2698 1142
1 => 250 iterations changed to => 249
1 => Popped From Local Stack
1 => 2706 1145
1 => 262 iterations changed to => 261
1 => Popped From Local Stack
1 => 2732 1157
1 => 265 iterations changed to => 264
1 => Popped From Local Stack
1 => 2740 1160
1 => 271 iterations changed to => 270
1 => Popped From Local Stack
1 => 2754 1166
1 => 275 iterations changed to => 274
1 => Popped From Local Stack
1 => 2764 1170
1 => 282 iterations changed to => 280
1 => Popped From Local Stack
1 => 2780 1177
1 => 281 iterations changed to => 277
1 => Popped From Local Stack
1 => 2782 1177
1 => 282 iterations changed to => 281
1 => Popped From Local Stack
1 => 2792 1181
1 => 282 iterations changed to => 278
1 => Popped From Local Stack
1 => 2794 1181
1 => 279 iterations changed to => 266
1 => Popped From Local Stack
1 => 2796 1181
1 => 267 iterations changed to => 257
1 => Popped From Local Stack
1 => 2798 1181
1 => 258 iterations changed to => 252
1 => Popped From Local Stack
1 => 2800 1181
1 => 253 iterations changed to => 238
1 => Popped From Local Stack
1 => 2802 1181
1 => 239 iterations changed to => 234
1 => Popped From Local Stack
1 => 2804 1181
1 => 236 iterations changed to => 235
1 => Popped From Local Stack
1 => 2808 1182
1 => 244 iterations changed to => 243
1 => Popped From Local Stack
1 => 2826 1190
1 => 247 iterations changed to => 246
1 => Popped From Local Stack
1 => 2834 1193
1 => 252 iterations changed to => 251
1 => Popped From Local Stack
1 => 2846 1198
1 => 260 iterations changed to => 259
1 => Popped From Local Stack
1 => 2864 1206
1 => 263 iterations changed to => 262
1 => Popped From Local Stack
1 => 2872 1209
1 => 269 iterations changed to => 268
1 => Popped From Local Stack
1 => 2886 1215
1 => 276 iterations changed to => 275
1 => Popped From Local Stack
1 => 2902 1222
1 => 282 iterations changed to => 281
1 => Popped From Local Stack
1 => 2916 1228
1 => 282 iterations changed to => 278
1 => Popped From Local Stack
1 => 2918 1228
1 => 279 iterations changed to => 272
1 => Popped From Local Stack
1 => 2920 1228
1 => 273 iterations changed to => 265
1 => Popped From Local Stack
1 => 2922 1228
1 => 266 iterations changed to => 255
1 => Popped From Local Stack
1 => 2924 1228
1 => 256 iterations changed to => 249
1 => Popped From Local Stack
1 => 2926 1228
1 => 250 iterations changed to => 239
1 => Popped From Local Stack
1 => 2928 1228
1 => 240 iterations changed to => 231
1 => Popped From Local Stack
1 => 2930 1228
1 => 232 iterations changed to => 227
1 => Popped From Local Stack
1 => 2932 1228
1 => 228 iterations changed to => 222
1 => Popped From Local Stack
1 => 2934 1228
1 => 223 iterations changed to => 217
1 => Popped From Local Stack
1 => 2936 1228
1 => 218 iterations changed to => 212
1 => Popped From Local Stack
1 => 2938 1228
1 => 213 iterations changed to => 209
1 => Popped From Local Stack
1 => 2940 1228
1 => 236 iterations changed to => 235
1 => Popped From Local Stack
1 => 2994 1254
1 => 265 iterations changed to => 264
1 => Popped From Local Stack
1 => 3054 1283
1 => 268 iterations changed to => 267
1 => Popped From Local Stack
1 => 3062 1286
1 => 276 iterations changed to => 275
1 => Popped From Local Stack
1 => 3080 1294
1 => 281 iterations changed to => 279
1 => Popped From Local Stack
1 => 3092 1299
1 => 280 iterations changed to => 271
1 => Popped From Local Stack
1 => 3094 1299
1 => 272 iterations changed to => 261
1 => Popped From Local Stack
1 => 3096 1299
1 => 262 iterations changed to => 257
1 => Popped From Local Stack
1 => 3098 1299
1 => 258 iterations changed to => 252
1 => Popped From Local Stack
1 => 3100 1299
1 => 253 iterations changed to => 248
1 => Popped From Local Stack
1 => 3102 1299
1 => 249 iterations changed to => 244
1 => Popped From Local Stack
1 => 3104 1299
1 => 245 iterations changed to => 239
1 => Popped From Local Stack
1 => 3106 1299
1 => 245 iterations changed to => 244
1 => Popped From Local Stack
1 => 3118 1304
1 => 254 iterations changed to => 253
1 => Popped From Local Stack
1 => 3138 1313
1 => 258 iterations changed to => 257
1 => Popped From Local Stack
1 => 3148 1317
1 => 264 iterations changed to => 263
1 => Popped From Local Stack
1 => 3162 1323
1 => 266 iterations changed to => 265
1 => Popped From Local Stack
1 => 3168 1325
1 => 281 iterations changed to => 279
1 => Popped From Local Stack
1 => 3200 1340
1 => 280 iterations changed to => 276
1 => Popped From Local Stack
1 => 3202 1340
1 => 277 iterations changed to => 273
1 => Popped From Local Stack
1 => 3204 1340
1 => 274 iterations changed to => 269
1 => Popped From Local Stack
1 => 3206 1340
1 => 270 iterations changed to => 260
1 => Popped From Local Stack
1 => 3208 1340
1 => 261 iterations changed to => 249
1 => Popped From Local Stack
1 => 3210 1340
1 => 250 iterations changed to => 247
1 => Popped From Local Stack
1 => 3212 1340
1 => 249 iterations changed to => 248
1 => Popped From Local Stack
1 => 3216 1341
1 => 251 iterations changed to => 250
1 => Popped From Local Stack
1 => 3222 1343
1 => 255 iterations changed to => 254
1 => Popped From Local Stack
1 => 3232 1347
1 => 263 iterations changed to => 262
1 => Popped From Local Stack
1 => 3250 1355
1 => 275 iterations changed to => 274
1 => Popped From Local Stack
1 => 3276 1367
1 => 281 iterations changed to => 280
1 => Popped From Local Stack
1 => 3290 1373
1 => 281 iterations changed to => 277
1 => Popped From Local Stack
1 => 3292 1373
1 => 278 iterations changed to => 270
1 => Popped From Local Stack
1 => 3294 1373
1 => 271 iterations changed to => 265
1 => Popped From Local Stack
1 => 3296 1373
1 => 266 iterations changed to => 258
1 => Popped From Local Stack
1 => 3298 1373
1 => 259 iterations changed to => 240
1 => Popped From Local Stack
1 => 3300 1373
1 => 241 iterations changed to => 231
1 => Popped From Local Stack
1 => 3302 1373
1 => 232 iterations changed to => 227
1 => Popped From Local Stack
1 => 3304 1373
1 => 228 iterations changed to => 222
1 => Popped From Local Stack
1 => 3306 1373
1 => 223 iterations changed to => 217
1 => Popped From Local Stack
1 => 3308 1373
1 => 218 iterations changed to => 211
1 => Popped From Local Stack
1 => 3310 1373
1 => 212 iterations changed to => 205
1 => Popped From Local Stack
1 => 3312 1373
1 => 206 iterations changed to => 200
1 => Popped From Local Stack
1 => 3314 1373
1 => 201 iterations changed to => 195
1 => Popped From Local Stack
1 => 3316 1373
1 => 196 iterations changed to => 192
1 => Popped From Local Stack
1 => 3318 1373
1 => 193 iterations changed to => 188
1 => Popped From Local Stack
1 => 3320 1373
1 => 191 iterations changed to => 190
1 => Popped From Local Stack
1 => 3326 1375
1 => 196 iterations changed to => 195
1 => Popped From Local Stack
1 => 3338 1380
1 => 225 iterations changed to => 224
1 => Popped From Local Stack
1 => 3398 1409
1 => 228 iterations changed to => 227
1 => Popped From Local Stack
1 => 3406 1412
1 => 236 iterations changed to => 235
1 => Popped From Local Stack
1 => 3424 1420
1 => 243 iterations changed to => 242
1 => Popped From Local Stack
1 => 3440 1427
1 => 257 iterations changed to => 256
1 => Popped From Local Stack
1 => 3470 1441
1 => 260 iterations changed to => 259
1 => Popped From Local Stack
1 => 3478 1444
1 => 260 iterations changed to => 253
1 => Popped From Local Stack
1 => 3480 1444
1 => 254 iterations changed to => 249
1 => Popped From Local Stack
1 => 3482 1444
1 => 250 iterations changed to => 244
1 => Popped From Local Stack
1 => 3484 1444
1 => 245 iterations changed to => 239
1 => Popped From Local Stack
1 => 3486 1444
1 => 240 iterations changed to => 230
1 => Popped From Local Stack
1 => 3488 1444
1 => 231 iterations changed to => 221
1 => Popped From Local Stack
1 => 3490 1444
1 => 222 iterations changed to => 217
1 => Popped From Local Stack
1 => 3492 1444
1 => 218 iterations changed to => 212
1 => Popped From Local Stack
1 => 3494 1444
1 => 213 iterations changed to => 209
1 => Popped From Local Stack
1 => 3496 1444
1 => 210 iterations changed to => 205
1 => Popped From Local Stack
1 => 3498 1444
1 => 206 iterations changed to => 200
1 => Popped From Local Stack
1 => 3500 1444
1 => 201 iterations changed to => 166
1 => Popped From Local Stack
1 => 3502 1444
1 => 167 iterations changed to => 162
1 => Popped From Local Stack
1 => 3504 1444
1 => 163 iterations changed to => 158
1 => Popped From Local Stack
1 => 3506 1444
1 => 161 iterations changed to => 160
1 => Popped From Local Stack
1 => 3512 1446
1 => 164 iterations changed to => 163
1 => Popped From Local Stack
1 => 3520 1449
1 => 169 iterations changed to => 168
1 => Popped From Local Stack
1 => 3532 1454
1 => 174 iterations changed to => 173
1 => Popped From Local Stack
1 => 3544 1459
1 => 206 iterations changed to => 205
1 => Popped From Local Stack
1 => 3610 1491
1 => 228 iterations changed to => 227
1 => Popped From Local Stack
1 => 3656 1513
1 => 240 iterations changed to => 239
1 => Popped From Local Stack
1 => 3682 1525
1 => 253 iterations changed to => 252
1 => Popped From Local Stack
1 => 3710 1538
1 => 264 iterations changed to => 263
1 => Popped From Local Stack
1 => 3734 1549
1 => 279 iterations changed to => 278
1 => Popped From Local Stack
1 => 3766 1564
1 => 282 iterations changed to => 281
1 => Popped From Local Stack
1 => 3774 1567
1 => 282 iterations changed to => 274
1 => Popped From Local Stack
1 => 3776 1567
1 => 277 iterations changed to => 276
1 => Popped From Local Stack
1 => 3782 1569
1 => 280 iterations changed to => 279
1 => Popped From Local Stack
1 => 3790 1572
1 => 282 iterations changed to => 270
1 => Popped From Local Stack
1 => 3796 1574
1 => 273 iterations changed to => 272
1 => Popped From Local Stack
1 => 3802 1576
1 => 277 iterations changed to => 276
1 => Popped From Local Stack
1 => 3812 1580
1 => 280 iterations changed to => 279
1 => Popped From Local Stack
1 => 3820 1583
1 => 282 iterations changed to => 266
1 => Popped From Local Stack
1 => 3826 1585
1 => 267 iterations changed to => 260
1 => Popped From Local Stack
1 => 3828 1585
1 => 261 iterations changed to => 256
1 => Popped From Local Stack
1 => 3830 1585
1 => 257 iterations changed to => 249
1 => Popped From Local Stack
1 => 3832 1585
1 => 250 iterations changed to => 246
1 => Popped From Local Stack
1 => 3834 1585
1 => 247 iterations changed to => 243
1 => Popped From Local Stack
1 => 3836 1585
1 => 244 iterations changed to => 234
1 => Popped From Local Stack
1 => 3838 1585
1 => 235 iterations changed to => 230
1 => Popped From Local Stack
1 => 3840 1585
1 => 231 iterations changed to => 222
1 => Popped From Local Stack
1 => 3842 1585
1 => 223 iterations changed to => 217
1 => Popped From Local Stack
1 => 3844 1585
1 => 218 iterations changed to => 212
1 => Popped From Local Stack
1 => 3846 1585
1 => 213 iterations changed to => 209
1 => Popped From Local Stack
1 => 3848 1585
1 => 210 iterations changed to => 200
1 => Popped From Local Stack
1 => 3850 1585
1 => 201 iterations changed to => 195
1 => Popped From Local Stack
1 => 3852 1585
1 => 196 iterations changed to => 191
1 => Popped From Local Stack
1 => 3854 1585
1 => 192 iterations changed to => 186
1 => Popped From Local Stack
1 => 3856 1585
1 => 187 iterations changed to => 181
1 => Popped From Local Stack
1 => 3858 1585
1 => 204 iterations changed to => 203
1 => Popped From Local Stack
1 => 3904 1607
1 => 216 iterations changed to => 215
1 => Popped From Local Stack
1 => 3930 1619
1 => 248 iterations changed to => 247
1 => Popped From Local Stack
1 => 3996 1651
1 => 252 iterations changed to => 251
1 => Popped From Local Stack
1 => 4006 1655
1 => 253 iterations changed to => 243
1 => Popped From Local Stack
1 => 4010 1656
1 => 244 iterations changed to => 238
1 => Popped From Local Stack
1 => 4012 1656
1 => 239 iterations changed to => 235
1 => Popped From Local Stack
1 => 4014 1656
1 => 236 iterations changed to => 231
1 => Popped From Local Stack
1 => 4016 1656
1 => 232 iterations changed to => 226
1 => Popped From Local Stack
1 => 4018 1656
1 => 227 iterations changed to => 221
1 => Popped From Local Stack
1 => 4020 1656
1 => 222 iterations changed to => 218
1 => Popped From Local Stack
1 => 4022 1656
1 => 219 iterations changed to => 211
1 => Popped From Local Stack
1 => 4024 1656
1 => 212 iterations changed to => 206
1 => Popped From Local Stack
1 => 4026 1656
1 => 207 iterations changed to => 199
1 => Popped From Local Stack
1 => 4028 1656
1 => 201 iterations changed to => 200
1 => Popped From Local Stack
1 => 4032 1657
1 => 211 iterations changed to => 210
1 => Popped From Local Stack
1 => 4054 1667
1 => 236 iterations changed to => 235
1 => Popped From Local Stack
1 => 4106 1692
1 => 243 iterations changed to => 242
1 => Popped From Local Stack
1 => 4122 1699
1 => 253 iterations changed to => 250
1 => Popped From Local Stack
1 => 4144 1709
1 => 251 iterations changed to => 246
1 => Popped From Local Stack
1 => 4146 1709
1 => 247 iterations changed to => 237
1 => Popped From Local Stack
1 => 4148 1709
1 => 238 iterations changed to => 231
1 => Popped From Local Stack
1 => 4150 1709
1 => 232 iterations changed to => 226
1 => Popped From Local Stack
1 => 4152 1709
1 => 227 iterations changed to => 221
1 => Popped From Local Stack
1 => 4154 1709
1 => 222 iterations changed to => 218
1 => Popped From Local Stack
1 => 4156 1709
1 => 219 iterations changed to => 214
1 => Popped From Local Stack
1 => 4158 1709
1 => 215 iterations changed to => 206
1 => Popped From Local Stack
1 => 4160 1709
1 => 207 iterations changed to => 203
1 => Popped From Local Stack
1 => 4162 1709
1 => 209 iterations changed to => 208
1 => Popped From Local Stack
1 => 4174 1714
1 => 217 iterations changed to => 216
1 => Popped From Local Stack
1 => 4192 1722
1 => 220 iterations changed to => 219
1 => Popped From Local Stack
1 => 4200 1725
1 => 236 iterations changed to => 235
1 => Popped From Local Stack
1 => 4234 1741
1 => 238 iterations changed to => 237
1 => Popped From Local Stack
1 => 4240 1743
1 => 246 iterations changed to => 245
1 => Popped From Local Stack
1 => 4258 1751
1 => 250 iterations changed to => 249
1 => Popped From Local Stack
1 => 4268 1755
1 => 253 iterations changed to => 252
1 => Popped From Local Stack
1 => 4276 1758
1 => 253 iterations changed to => 241
1 => Popped From Local Stack
1 => 4278 1758
1 => 242 iterations changed to => 231
1 => Popped From Local Stack
1 => 4280 1758
1 => 232 iterations changed to => 227
1 => Popped From Local Stack
1 => 4282 1758
1 => 228 iterations changed to => 222
1 => Popped From Local Stack
1 => 4284 1758
1 => 223 iterations changed to => 212
1 => Popped From Local Stack
1 => 4286 1758
1 => 213 iterations changed to => 204
1 => Popped From Local Stack
1 => 4288 1758
1 => 205 iterations changed to => 194
1 => Popped From Local Stack
1 => 4290 1758
1 => 195 iterations changed to => 189
1 => Popped From Local Stack
1 => 4292 1758
1 => 190 iterations changed to => 183
1 => Popped From Local Stack
1 => 4294 1758
1 => 184 iterations changed to => 177
1 => Popped From Local Stack
1 => 4296 1758
1 => 178 iterations changed to => 153
1 => Popped From Local Stack
1 => 4298 1758
1 => 154 iterations changed to => 147
1 => Popped From Local Stack
1 => 4300 1758
1 => 149 iterations changed to => 148
1 => Popped From Local Stack
1 => 4304 1759
1 => 153 iterations changed to => 152
1 => Popped From Local Stack
1 => 4314 1763
1 => 157 iterations changed to => 156
1 => Popped From Local Stack
1 => 4324 1767
1 => 160 iterations changed to => 159
1 => Popped From Local Stack
1 => 4332 1770
1 => 252 iterations changed to => 251
1 => Popped From Local Stack
1 => 4518 1862
1 => 264 iterations changed to => 263
1 => Popped From Local Stack
1 => 4544 1874
1 => 267 iterations changed to => 266
1 => Popped From Local Stack
1 => 4552 1877
1 => 280 iterations changed to => 279
1 => Popped From Local Stack
1 => 4580 1890
1 => 282 iterations changed to => 275
1 => Popped From Local Stack
1 => 4586 1892
1 => 276 iterations changed to => 270
1 => Popped From Local Stack
1 => 4588 1892
1 => 271 iterations changed to => 259
1 => Popped From Local Stack
1 => 4590 1892
1 => 262 iterations changed to => 261
1 => Popped From Local Stack
1 => 4596 1894
1 => 268 iterations changed to => 267
1 => Popped From Local Stack
1 => 4610 1900
1 => 272 iterations changed to => 271
1 => Popped From Local Stack
1 => 4620 1904
1 => 279 iterations changed to => 278
1 => Popped From Local Stack
1 => 4636 1911
1 => 282 iterations changed to => 281
1 => Popped From Local Stack
1 => 4644 1914
1 => 282 iterations changed to => 275
1 => Popped From Local Stack
1 => 4646 1914
1 => 276 iterations changed to => 264
1 => Popped From Local Stack
1 => 4648 1914
1 => 265 iterations changed to => 255
1 => Popped From Local Stack
1 => 4650 1914
1 => 259 iterations changed to => 258
1 => Popped From Local Stack
1 => 4658 1917
1 => 262 iterations changed to => 261
1 => Popped From Local Stack
1 => 4666 1920
1 => 265 iterations changed to => 264
1 => Popped From Local Stack
1 => 4674 1923
1 => 275 iterations changed to => 274
1 => Popped From Local Stack
1 => 4696 1933
1 => 282 iterations changed to => 280
1 => Popped From Local Stack
1 => 4712 1940
1 => 281 iterations changed to => 277
1 => Popped From Local Stack
1 => 4714 1940
1 => 278 iterations changed to => 270
1 => Popped From Local Stack
1 => 4716 1940
1 => 271 iterations changed to => 266
1 => Popped From Local Stack
1 => 4718 1940
1 => 267 iterations changed to => 248
1 => Popped From Local Stack
1 => 4720 1940
1 => 249 iterations changed to => 244
1 => Popped From Local Stack
1 => 4722 1940
1 => 245 iterations changed to => 239
1 => Popped From Local Stack
1 => 4724 1940
1 => 240 iterations changed to => 234
1 => Popped From Local Stack
1 => 4726 1940
1 => 235 iterations changed to => 230
1 => Popped From Local Stack
1 => 4728 1940
1 => 231 iterations changed to => 226
1 => Popped From Local Stack
1 => 4730 1940
1 => 227 iterations changed to => 221
1 => Popped From Local Stack
1 => 4732 1940
1 => 222 iterations changed to => 216
1 => Popped From Local Stack
1 => 4734 1940
1 => 247 iterations changed to => 246
1 => Popped From Local Stack
1 => 4796 1970
1 => 268 iterations changed to => 267
1 => Popped From Local Stack
1 => 4840 1991
1 => 282 iterations changed to => 279
1 => Popped From Local Stack
1 => 4870 2005
1 => 280 iterations changed to => 275
1 => Popped From Local Stack
1 => 4872 2005
1 => 276 iterations changed to => 271
1 => Popped From Local Stack
1 => 4874 2005
1 => 272 iterations changed to => 264
1 => Popped From Local Stack
1 => 4876 2005
1 => 265 iterations changed to => 260
1 => Popped From Local Stack
1 => 4878 2005
1 => 261 iterations changed to => 255
1 => Popped From Local Stack
1 => 4880 2005
1 => 256 iterations changed to => 250
1 => Popped From Local Stack
1 => 4882 2005
1 => 251 iterations changed to => 241
1 => Popped From Local Stack
1 => 4884 2005
1 => 242 iterations changed to => 236
1 => Popped From Local Stack
1 => 4886 2005
1 => 237 iterations changed to => 232
1 => Popped From Local Stack
1 => 4888 2005
1 => 233 iterations changed to => 228
1 => Popped From Local Stack
1 => 4890 2005
1 => 229 iterations changed to => 223
1 => Popped From Local Stack
1 => 4892 2005
1 => 224 iterations changed to => 218
1 => Popped From Local Stack
1 => 4894 2005
1 => 241 iterations changed to => 240
1 => Popped From Local Stack
1 => 4940 2027
1 => 261 iterations changed to => 260
1 => Popped From Local Stack
1 => 4982 2047
1 => 281 iterations changed to => 280
1 => Popped From Local Stack
1 => 5024 2067
1 => 282 iterations changed to => 276
1 => Popped From Local Stack
1 => 5028 2068
1 => 277 iterations changed to => 271
1 => Popped From Local Stack
1 => 5030 2068
1 => 272 iterations changed to => 266
1 => Popped From Local Stack
1 => 5032 2068
1 => 267 iterations changed to => 263
1 => Popped From Local Stack
1 => 5034 2068
1 => 264 iterations changed to => 256
1 => Popped From Local Stack
1 => 5036 2068
1 => 257 iterations changed to => 251
1 => Popped From Local Stack
1 => 5038 2068
1 => 252 iterations changed to => 248
1 => Popped From Local Stack
1 => 5040 2068
1 => 250 iterations changed to => 249
1 => Popped From Local Stack
1 => 5044 2069
1 => 265 iterations changed to => 264
1 => Popped From Local Stack
1 => 5076 2084
1 => 267 iterations changed to => 266
1 => Popped From Local Stack
1 => 5082 2086
1 => 271 iterations changed to => 270
1 => Popped From Local Stack
1 => 5092 2090
1 => 282 iterations changed to => 278
1 => Popped From Local Stack
1 => 5116 2101
1 => 279 iterations changed to => 274
1 => Popped From Local Stack
1 => 5118 2101
1 => 275 iterations changed to => 260
1 => Popped From Local Stack
1 => 5120 2101
1 => 261 iterations changed to => 256
1 => Popped From Local Stack
1 => 5122 2101
1 => 257 iterations changed to => 252
1 => Popped From Local Stack
1 => 5124 2101
1 => 253 iterations changed to => 244
1 => Popped From Local Stack
1 => 5126 2101
1 => 245 iterations changed to => 235
1 => Popped From Local Stack
1 => 5128 2101
1 => 236 iterations changed to => 232
1 => Popped From Local Stack
1 => 5130 2101
1 => 233 iterations changed to => 228
1 => Popped From Local Stack
1 => 5132 2101
1 => 229 iterations changed to => 224
1 => Popped From Local Stack
1 => 5134 2101
1 => 225 iterations changed to => 219
1 => Popped From Local Stack
1 => 5136 2101
1 => 220 iterations changed to => 211
1 => Popped From Local Stack
1 => 5138 2101
1 => 212 iterations changed to => 207
1 => Popped From Local Stack
1 => 5140 2101
1 => 208 iterations changed to => 202
1 => Popped From Local Stack
1 => 5142 2101
1 => 203 iterations changed to => 197
1 => Popped From Local Stack
1 => 5144 2101
1 => 198 iterations changed to => 193
1 => Popped From Local Stack
1 => 5146 2101
1 => 194 iterations changed to => 189
1 => Popped From Local Stack
1 => 5148 2101
1 => 190 iterations changed to => 184
1 => Popped From Local Stack
1 => 5150 2101
1 => 256 iterations changed to => 255
1 => Popped From Local Stack
1 => 5294 2172
1 => 272 iterations changed to => 271
1 => Popped From Local Stack
1 => 5328 2188
1 => 279 iterations changed to => 278
1 => Popped From Local Stack
1 => 5344 2195
1 => 282 iterations changed to => 281
1 => Popped From Local Stack
1 => 5352 2198
1 => 282 iterations changed to => 275
1 => Popped From Local Stack
1 => 5354 2198
1 => 276 iterations changed to => 266
1 => Popped From Local Stack
1 => 5356 2198
1 => 267 iterations changed to => 263
1 => Popped From Local Stack
1 => 5358 2198
1 => 264 iterations changed to => 259
1 => Popped From Local Stack
1 => 5360 2198
1 => 260 iterations changed to => 251
1 => Popped From Local Stack
1 => 5362 2198
1 => 252 iterations changed to => 248
1 => Popped From Local Stack
1 => 5364 2198
1 => 249 iterations changed to => 244
1 => Popped From Local Stack
1 => 5366 2198
1 => 245 iterations changed to => 240
1 => Popped From Local Stack
1 => 5368 2198
1 => 241 iterations changed to => 235
1 => Popped From Local Stack
1 => 5370 2198
1 => 236 iterations changed to => 232
1 => Popped From Local Stack
1 => 5372 2198
1 => 233 iterations changed to => 228
1 => Popped From Local Stack
1 => 5374 2198
1 => 229 iterations changed to => 224
1 => Popped From Local Stack
1 => 5376 2198
1 => 225 iterations changed to => 219
1 => Popped From Local Stack
1 => 5378 2198
1 => 233 iterations changed to => 232
1 => Popped From Local Stack
1 => 5406 2211
1 => 240 iterations changed to => 239
1 => Popped From Local Stack
1 => 5422 2218
1 => 244 iterations changed to => 243
1 => Popped From Local Stack
1 => 5432 2222
1 => 260 iterations changed to => 259
1 => Popped From Local Stack
1 => 5466 2238
Verification Outcome : TIMEDOUT
Time Taken : 1E-06
Verifying mp_iobuildfsdirpsignaleventincompletiontimeout_0.bpl.bpl
Corral program verifier version 1.0.0.0
http://localhost:5002/
1 => changing to UW
1 => 3 iterations changed to => 2
1 => Popped From Local Stack
1 => 3 2
1 => changing to OR
1 => changing to UW
1 => changing to OR
1 => changing to UW
1 => changing to OR
1 => changing to UW
1 => changing to OR
1 => changing to UW
1 => changing to OR
1 => changing to UW
1 => 35 iterations changed to => 34
1 => Popped From Local Stack
1 => 47 35
1 => changing to OR
1 => changing to UW
1 => changing to OR
1 => 47 iterations changed to => 46
1 => Popped From Local Stack
1 => 72 47
1 => changing to UW
1 => changing to OR
1 => changing to UW
1 => changing to OR
1 => changing to UW
1 => changing to OR
1 => 123 iterations changed to => 122
1 => Popped From Local Stack
1 => 223 123
1 => 129 iterations changed to => 128
1 => Popped From Local Stack
1 => 237 129
1 => 135 iterations changed to => 134
1 => Popped From Local Stack
1 => 251 135
1 => 142 iterations changed to => 141
1 => Popped From Local Stack
1 => 267 142
1 => 169 iterations changed to => 168
1 => Popped From Local Stack
1 => 323 169
1 => 169 iterations changed to => 162
1 => Popped From Local Stack
1 => 325 169
1 => 163 iterations changed to => 155
1 => Popped From Local Stack
1 => 327 169
1 => 156 iterations changed to => 148
1 => Popped From Local Stack
1 => 329 169
1 => 160 iterations changed to => 159
1 => Popped From Local Stack
1 => 353 180
1 => 166 iterations changed to => 165
1 => Popped From Local Stack
1 => 367 186
1 => 169 iterations changed to => 153
1 => Popped From Local Stack
1 => 375 189
1 => 156 iterations changed to => 155
1 => Popped From Local Stack
1 => 381 191
1 => 161 iterations changed to => 160
1 => Popped From Local Stack
1 => 393 196
1 => 169 iterations changed to => 165
1 => Popped From Local Stack
1 => 411 204
1 => 169 iterations changed to => 167
1 => Popped From Local Stack
1 => 419 207
1 => 168 iterations changed to => 114
1 => Popped From Local Stack
1 => 421 207
1 => 115 iterations changed to => 107
1 => Popped From Local Stack
1 => 423 207
1 => 108 iterations changed to => 99
1 => Popped From Local Stack
1 => 425 207
1 => 100 iterations changed to => 88
1 => Popped From Local Stack
1 => 427 207
1 => 94 iterations changed to => 93
1 => Popped From Local Stack
1 => 439 212
1 => 131 iterations changed to => 130
1 => Popped From Local Stack
1 => 515 249
1 => 159 iterations changed to => 158
1 => Popped From Local Stack
1 => 573 277
1 => 165 iterations changed to => 164
1 => Popped From Local Stack
1 => 587 283
1 => 167 iterations changed to => 152
1 => Popped From Local Stack
1 => 593 285
1 => 153 iterations changed to => 145
1 => Popped From Local Stack
1 => 595 285
1 => 146 iterations changed to => 138
1 => Popped From Local Stack
1 => 597 285
1 => 148 iterations changed to => 147
1 => Popped From Local Stack
1 => 617 294
1 => 165 iterations changed to => 160
1 => Popped From Local Stack
1 => 653 311
1 => 167 iterations changed to => 162
1 => Popped From Local Stack
1 => 667 317
1 => 163 iterations changed to => 154
1 => Popped From Local Stack
1 => 669 317
1 => 155 iterations changed to => 140
1 => Popped From Local Stack
1 => 671 317
1 => 142 iterations changed to => 141
1 => Popped From Local Stack
1 => 675 318
1 => 153 iterations changed to => 147
1 => Popped From Local Stack
1 => 699 329
1 => 167 iterations changed to => 166
1 => Popped From Local Stack
1 => 739 348
1 => 167 iterations changed to => 160
1 => Popped From Local Stack
1 => 741 348
1 => 161 iterations changed to => 154
1 => Popped From Local Stack
1 => 743 348
1 => 155 iterations changed to => 148
1 => Popped From Local Stack
1 => 745 348
1 => 149 iterations changed to => 122
1 => Popped From Local Stack
1 => 747 348
1 => 123 iterations changed to => 115
1 => Popped From Local Stack
1 => 749 348
1 => 116 iterations changed to => 108
1 => Popped From Local Stack
1 => 751 348
1 => 113 iterations changed to => 112
1 => Popped From Local Stack
1 => 761 352
1 => 163 iterations changed to => 162
1 => Popped From Local Stack
1 => 863 402
1 => 168 iterations changed to => 167
1 => Popped From Local Stack
1 => 875 407
1 => 169 iterations changed to => 157
1 => Popped From Local Stack
1 => 879 408
1 => 158 iterations changed to => 152
1 => Popped From Local Stack
1 => 881 408
1 => 153 iterations changed to => 146
1 => Popped From Local Stack
1 => 883 408
1 => 147 iterations changed to => 140
1 => Popped From Local Stack
1 => 885 408
1 => 141 iterations changed to => 134
1 => Popped From Local Stack
1 => 887 408
1 => 135 iterations changed to => 127
1 => Popped From Local Stack
1 => 889 408
1 => 165 iterations changed to => 164
1 => Popped From Local Stack
1 => 965 445
1 => 167 iterations changed to => 158
1 => Popped From Local Stack
1 => 971 447
1 => 161 iterations changed to => 160
1 => Popped From Local Stack
1 => 977 449
1 => 169 iterations changed to => 165
1 => Popped From Local Stack
1 => 995 457
1 => 166 iterations changed to => 153
1 => Popped From Local Stack
1 => 997 457
1 => 154 iterations changed to => 147
1 => Popped From Local Stack
1 => 999 457
1 => 148 iterations changed to => 141
1 => Popped From Local Stack
1 => 1001 457
1 => 142 iterations changed to => 135
1 => Popped From Local Stack
1 => 1003 457
1 => 136 iterations changed to => 128
1 => Popped From Local Stack
1 => 1005 457
1 => 161 iterations changed to => 160
1 => Popped From Local Stack
1 => 1071 489
1 => 167 iterations changed to => 165
1 => Popped From Local Stack
1 => 1085 495
1 => 166 iterations changed to => 154
1 => Popped From Local Stack
1 => 1087 495
1 => 158 iterations changed to => 157
1 => Popped From Local Stack
1 => 1095 498
1 => 167 iterations changed to => 166
1 => Popped From Local Stack
1 => 1115 507
1 => 169 iterations changed to => 162
1 => Popped From Local Stack
1 => 1121 509
1 => 163 iterations changed to => 149
1 => Popped From Local Stack
1 => 1123 509
1 => 152 iterations changed to => 151
1 => Popped From Local Stack
1 => 1129 511
1 => 167 iterations changed to => 162
1 => Popped From Local Stack
1 => 1161 526
1 => 163 iterations changed to => 156
1 => Popped From Local Stack
1 => 1163 526
1 => 164 iterations changed to => 163
1 => Popped From Local Stack
1 => 1179 533
1 => 169 iterations changed to => 167
1 => Popped From Local Stack
1 => 1191 538
1 => 169 iterations changed to => 158
1 => Popped From Local Stack
1 => 1195 539
1 => 159 iterations changed to => 144
1 => Popped From Local Stack
1 => 1197 539
1 => 145 iterations changed to => 139
1 => Popped From Local Stack
1 => 1199 539
1 => 140 iterations changed to => 134
1 => Popped From Local Stack
1 => 1201 539
1 => 135 iterations changed to => 129
1 => Popped From Local Stack
1 => 1203 539
1 => 130 iterations changed to => 120
1 => Popped From Local Stack
1 => 1205 539
1 => 144 iterations changed to => 143
1 => Popped From Local Stack
1 => 1253 562
1 => 159 iterations changed to => 158
1 => Popped From Local Stack
1 => 1285 577
1 => 164 iterations changed to => 163
1 => Popped From Local Stack
1 => 1297 582
1 => 169 iterations changed to => 167
1 => Popped From Local Stack
1 => 1309 587
1 => 168 iterations changed to => 153
1 => Popped From Local Stack
1 => 1311 587
1 => 154 iterations changed to => 148
1 => Popped From Local Stack
1 => 1313 587
1 => 149 iterations changed to => 138
1 => Popped From Local Stack
1 => 1315 587
1 => 152 iterations changed to => 151
1 => Popped From Local Stack
1 => 1343 600
1 => 162 iterations changed to => 161
1 => Popped From Local Stack
1 => 1365 610
1 => 169 iterations changed to => 165
1 => Popped From Local Stack
1 => 1381 617
1 => 166 iterations changed to => 156
1 => Popped From Local Stack
1 => 1383 617
1 => 157 iterations changed to => 146
1 => Popped From Local Stack
1 => 1385 617
1 => 147 iterations changed to => 141
1 => Popped From Local Stack
1 => 1387 617
1 => 142 iterations changed to => 133
1 => Popped From Local Stack
1 => 1389 617
1 => 150 iterations changed to => 149
1 => Popped From Local Stack
1 => 1423 633
1 => 155 iterations changed to => 154
1 => Popped From Local Stack
1 => 1435 638
1 => 160 iterations changed to => 159
1 => Popped From Local Stack
1 => 1447 643
1 => 169 iterations changed to => 164
1 => Popped From Local Stack
1 => 1467 652
1 => 165 iterations changed to => 144
1 => Popped From Local Stack
1 => 1469 652
1 => 145 iterations changed to => 139
1 => Popped From Local Stack
1 => 1471 652
1 => 140 iterations changed to => 134
1 => Popped From Local Stack
1 => 1473 652
1 => 135 iterations changed to => 127
1 => Popped From Local Stack
1 => 1475 652
1 => 128 iterations changed to => 121
1 => Popped From Local Stack
1 => 1477 652
1 => 138 iterations changed to => 137
1 => Popped From Local Stack
1 => 1511 668
1 => 158 iterations changed to => 157
1 => Popped From Local Stack
1 => 1553 688
1 => 168 iterations changed to => 167
1 => Popped From Local Stack
1 => 1575 698
1 => 169 iterations changed to => 162
1 => Popped From Local Stack
1 => 1579 699
1 => 163 iterations changed to => 152
1 => Popped From Local Stack
1 => 1581 699
1 => 153 iterations changed to => 147
1 => Popped From Local Stack
1 => 1583 699
1 => 148 iterations changed to => 142
1 => Popped From Local Stack
1 => 1585 699
1 => 143 iterations changed to => 132
1 => Popped From Local Stack
1 => 1587 699
1 => 155 iterations changed to => 154
1 => Popped From Local Stack
1 => 1633 721
1 => 159 iterations changed to => 158
1 => Popped From Local Stack
1 => 1643 725
1 => 164 iterations changed to => 163
1 => Popped From Local Stack
1 => 1655 730
1 => 168 iterations changed to => 167
1 => Popped From Local Stack
1 => 1665 734
1 => 169 iterations changed to => 149
1 => Popped From Local Stack
1 => 1669 735
1 => 150 iterations changed to => 144
1 => Popped From Local Stack
1 => 1671 735
1 => 145 iterations changed to => 139
1 => Popped From Local Stack
1 => 1673 735
1 => 140 iterations changed to => 134
1 => Popped From Local Stack
1 => 1675 735
1 => 135 iterations changed to => 127
1 => Popped From Local Stack
1 => 1677 735
1 => 151 iterations changed to => 150
1 => Popped From Local Stack
1 => 1725 758
1 => 156 iterations changed to => 155
1 => Popped From Local Stack
1 => 1737 763
1 => 166 iterations changed to => 165
1 => Popped From Local Stack
1 => 1759 773
1 => 169 iterations changed to => 160
1 => Popped From Local Stack
1 => 1767 776
1 => 161 iterations changed to => 145
1 => Popped From Local Stack
1 => 1769 776
1 => 146 iterations changed to => 140
1 => Popped From Local Stack
1 => 1771 776
1 => 141 iterations changed to => 135
1 => Popped From Local Stack
1 => 1773 776
1 => 136 iterations changed to => 129
1 => Popped From Local Stack
1 => 1775 776
1 => 130 iterations changed to => 122
1 => Popped From Local Stack
1 => 1777 776
1 => 134 iterations changed to => 133
1 => Popped From Local Stack
1 => 1801 787
1 => 152 iterations changed to => 151
1 => Popped From Local Stack
1 => 1839 805
1 => 160 iterations changed to => 159
1 => Popped From Local Stack
1 => 1857 813
1 => 165 iterations changed to => 164
1 => Popped From Local Stack
1 => 1869 818
1 => 169 iterations changed to => 168
1 => Popped From Local Stack
1 => 1879 822
1 => 169 iterations changed to => 155
1 => Popped From Local Stack
1 => 1881 822
1 => 156 iterations changed to => 146
1 => Popped From Local Stack
1 => 1883 822
1 => 147 iterations changed to => 142
1 => Popped From Local Stack
1 => 1885 822
1 => 151 iterations changed to => 150
1 => Popped From Local Stack
1 => 1903 830
1 => 160 iterations changed to => 159
1 => Popped From Local Stack
1 => 1923 839
1 => 165 iterations changed to => 164
1 => Popped From Local Stack
1 => 1935 844
1 => 169 iterations changed to => 168
1 => Popped From Local Stack
1 => 1945 848
1 => 169 iterations changed to => 154
1 => Popped From Local Stack
1 => 1947 848
1 => 155 iterations changed to => 145
1 => Popped From Local Stack
1 => 1949 848
1 => 146 iterations changed to => 138
1 => Popped From Local Stack
1 => 1951 848
1 => 152 iterations changed to => 151
1 => Popped From Local Stack
1 => 1979 861
1 => 157 iterations changed to => 156
1 => Popped From Local Stack
1 => 1991 866
1 => 166 iterations changed to => 165
1 => Popped From Local Stack
1 => 2011 875
1 => 169 iterations changed to => 161
1 => Popped From Local Stack
1 => 2019 878
1 => 162 iterations changed to => 146
1 => Popped From Local Stack
1 => 2021 878
1 => 147 iterations changed to => 141
1 => Popped From Local Stack
1 => 2023 878
1 => 142 iterations changed to => 128
1 => Popped From Local Stack
1 => 2025 878
1 => 149 iterations changed to => 148
1 => Popped From Local Stack
1 => 2067 898
1 => 153 iterations changed to => 152
1 => Popped From Local Stack
1 => 2077 902
1 => 157 iterations changed to => 156
1 => Popped From Local Stack
1 => 2087 906
1 => 169 iterations changed to => 164
1 => Popped From Local Stack
1 => 2113 918
1 => 165 iterations changed to => 160
1 => Popped From Local Stack
1 => 2115 918
1 => 161 iterations changed to => 143
1 => Popped From Local Stack
1 => 2117 918
1 => 144 iterations changed to => 139
1 => Popped From Local Stack
1 => 2119 918
1 => 146 iterations changed to => 145
1 => Popped From Local Stack
1 => 2133 924
1 => 150 iterations changed to => 149
1 => Popped From Local Stack
1 => 2143 928
1 => 154 iterations changed to => 153
1 => Popped From Local Stack
1 => 2153 932
1 => 163 iterations changed to => 162
1 => Popped From Local Stack
1 => 2173 941
1 => 169 iterations changed to => 166
1 => Popped From Local Stack
1 => 2187 947
1 => 167 iterations changed to => 157
1 => Popped From Local Stack
1 => 2189 947
1 => 158 iterations changed to => 140
1 => Popped From Local Stack
1 => 2191 947
1 => 141 iterations changed to => 134
1 => Popped From Local Stack
1 => 2193 947
1 => 145 iterations changed to => 144
1 => Popped From Local Stack
1 => 2215 957
1 => 149 iterations changed to => 148
1 => Popped From Local Stack
1 => 2225 961
1 => 154 iterations changed to => 153
1 => Popped From Local Stack
1 => 2237 966
1 => 158 iterations changed to => 157
1 => Popped From Local Stack
1 => 2247 970
1 => 166 iterations changed to => 165
1 => Popped From Local Stack
1 => 2265 978
1 => 169 iterations changed to => 161
1 => Popped From Local Stack
1 => 2273 981
1 => 162 iterations changed to => 140
1 => Popped From Local Stack
1 => 2275 981
1 => 141 iterations changed to => 136
1 => Popped From Local Stack
1 => 2277 981
1 => 137 iterations changed to => 129
1 => Popped From Local Stack
1 => 2279 981
1 => 130 iterations changed to => 123
1 => Popped From Local Stack
1 => 2281 981
1 => 145 iterations changed to => 144
1 => Popped From Local Stack
1 => 2325 1002
1 => 149 iterations changed to => 148
1 => Popped From Local Stack
1 => 2335 1006
1 => 159 iterations changed to => 158
1 => Popped From Local Stack
1 => 2357 1016
1 => 169 iterations changed to => 166
1 => Popped From Local Stack
1 => 2379 1026
1 => 167 iterations changed to => 162
1 => Popped From Local Stack
1 => 2381 1026
1 => 163 iterations changed to => 153
1 => Popped From Local Stack
1 => 2383 1026
1 => 154 iterations changed to => 139
1 => Popped From Local Stack
1 => 2385 1026
1 => 141 iterations changed to => 140
1 => Popped From Local Stack
1 => 2389 1027
1 => 145 iterations changed to => 144
1 => Popped From Local Stack
1 => 2399 1031
1 => 154 iterations changed to => 153
1 => Popped From Local Stack
1 => 2419 1040
1 => 166 iterations changed to => 165
1 => Popped From Local Stack
1 => 2445 1052
1 => 169 iterations changed to => 161
1 => Popped From Local Stack
1 => 2453 1055
1 => 162 iterations changed to => 157
1 => Popped From Local Stack
1 => 2455 1055
1 => 158 iterations changed to => 148
1 => Popped From Local Stack
1 => 2457 1055
1 => 149 iterations changed to => 134
1 => Popped From Local Stack
1 => 2459 1055
1 => 142 iterations changed to => 141
1 => Popped From Local Stack
1 => 2475 1062
1 => 146 iterations changed to => 145
1 => Popped From Local Stack
1 => 2485 1066
1 => 154 iterations changed to => 153
1 => Popped From Local Stack
1 => 2503 1074
1 => 162 iterations changed to => 161
1 => Popped From Local Stack
1 => 2521 1082
1 => 169 iterations changed to => 165
1 => Popped From Local Stack
1 => 2537 1089
1 => 166 iterations changed to => 157
1 => Popped From Local Stack
1 => 2539 1089
1 => 158 iterations changed to => 149
1 => Popped From Local Stack
1 => 2541 1089
1 => 150 iterations changed to => 136
1 => Popped From Local Stack
1 => 2543 1089
1 => 137 iterations changed to => 129
1 => Popped From Local Stack
1 => 2545 1089
1 => 130 iterations changed to => 124
1 => Popped From Local Stack
1 => 2547 1089
1 => 125 iterations changed to => 101
1 => Popped From Local Stack
1 => 2549 1089
1 => 102 iterations changed to => 79
1 => Popped From Local Stack
1 => 2551 1089
1 => 80 iterations changed to => 70
1 => Popped From Local Stack
1 => 2553 1089
1 => 71 iterations changed to => 59
1 => Popped From Local Stack
1 => 2555 1089
1 => Outcome : ReachedBound
1 =>: 29 <= UW iterations OR => 1264
1 => 2557 1089
1 => new call tree total iteration : 60
1 => changing to OR
Verification Outcome : OK
Time Taken : 2502.944546
