Verifying filter_ioallocateirpsignaleventincompletion_0.bpl.bpl
Corral program verifier version 1.0.0.0
http://localhost:5002/
1 => changing to UW
1 => 3 iterations changed to => 2
1 => Popped From Local Stack
1 => 3 2
1 => changing to OR
1 => changing to UW
1 => changing to OR
1 => 83 iterations changed to => 82
1 => Popped From Local Stack
1 => 153 82
1 => 117 iterations changed to => 116
1 => Popped From Local Stack
1 => 223 116
1 => 280 iterations changed to => 279
1 => Popped From Local Stack
1 => 551 279
1 => 360 iterations changed to => 351
1 => Popped From Local Stack
1 => 713 359
1 => 358 iterations changed to => 335
1 => Popped From Local Stack
1 => 727 365
1 => 336 iterations changed to => 315
1 => Popped From Local Stack
1 => 729 365
1 => 335 iterations changed to => 334
1 => Popped From Local Stack
1 => 769 384
1 => 358 iterations changed to => 347
1 => Popped From Local Stack
1 => 817 407
1 => 348 iterations changed to => 318
1 => Popped From Local Stack
1 => 819 407
1 => 321 iterations changed to => 320
1 => Popped From Local Stack
1 => 825 409
1 => 335 iterations changed to => 334
1 => Popped From Local Stack
1 => 855 423
1 => 358 iterations changed to => 346
1 => Popped From Local Stack
1 => 903 446
1 => 358 iterations changed to => 347
1 => Popped From Local Stack
1 => 927 457
1 => 358 iterations changed to => 349
1 => Popped From Local Stack
1 => 949 467
1 => 350 iterations changed to => 300
1 => Popped From Local Stack
1 => 951 467
1 => 301 iterations changed to => 257
1 => Popped From Local Stack
1 => 953 467
1 => 258 iterations changed to => 234
1 => Popped From Local Stack
1 => 955 467
1 => 235 iterations changed to => 208
1 => Popped From Local Stack
1 => 957 467
1 => 209 iterations changed to => 174
1 => Popped From Local Stack
1 => 959 467
1 => 175 iterations changed to => 139
1 => Popped From Local Stack
1 => 961 467
1 => 145 iterations changed to => 144
1 => Popped From Local Stack
1 => 973 472
1 => 219 iterations changed to => 218
1 => Popped From Local Stack
1 => 1123 546
1 => 231 iterations changed to => 229
1 => Popped From Local Stack
1 => 1149 558
1 => 230 iterations changed to => 204
1 => Popped From Local Stack
1 => 1151 558
1 => 205 iterations changed to => 184
1 => Popped From Local Stack
1 => 1153 558
1 => 185 iterations changed to => 158
1 => Popped From Local Stack
1 => 1155 558
1 => 228 iterations changed to => 227
1 => Popped From Local Stack
1 => 1295 627
1 => 230 iterations changed to => 217
1 => Popped From Local Stack
1 => 1301 629
1 => 218 iterations changed to => 205
1 => Popped From Local Stack
1 => 1303 629
1 => 206 iterations changed to => 191
1 => Popped From Local Stack
1 => 1305 629
1 => 192 iterations changed to => 172
1 => Popped From Local Stack
1 => 1307 629
1 => Outcome : ReachedBound
1 =>: 15 <= UW iterations OR => 647
1 => 1309 629
Verification Outcome : OK
Time Taken : 484.251848
1 => new call tree total iteration : 173
1 => changing to OR
Verifying flpydisk_irqlexapclte1_1.bpl.bpl
Corral program verifier version 1.0.0.0
http://localhost:5002/
1 => changing to UW
1 => 3 iterations changed to => 2
1 => Popped From Local Stack
1 => 3 2
1 => changing to OR
1 => changing to UW
1 => changing to OR
1 => changing to UW
1 => changing to OR
1 => changing to UW
1 => changing to OR
1 => 26 iterations changed to => 25
1 => Popped From Local Stack
1 => 38 25
1 => 38 iterations changed to => 37
1 => Popped From Local Stack
1 => 64 37
1 => 46 iterations changed to => 42
1 => Popped From Local Stack
1 => 82 45
1 => 73 iterations changed to => 70
1 => Popped From Local Stack
1 => 144 75
1 => 71 iterations changed to => 65
1 => Popped From Local Stack
1 => 146 75
1 => 66 iterations changed to => 56
1 => Popped From Local Stack
1 => 148 75
1 => 57 iterations changed to => 53
1 => Popped From Local Stack
1 => 150 75
1 => 54 iterations changed to => 48
1 => Popped From Local Stack
1 => 152 75
1 => Outcome : ReachedBound
1 =>: 16 <= UW iterations OR => 69
1 => 154 75
Verification Outcome : OK
Time Taken : 607.50051
Verifying sys_zwregistrycreate_0.bpl.bpl
Corral program verifier version 1.0.0.0
http://localhost:5002/
1 => changing to UW
1 => 3 iterations changed to => 2
1 => Popped From Local Stack
1 => 3 2
1 => changing to OR
1 => changing to UW
1 => changing to OR
Verification Outcome : TIMEDOUT
Time Taken : 1E-06
Verifying driver_irqlkedispatchlte_1.bpl.bpl
Corral program verifier version 1.0.0.0
http://localhost:5002/
1 => changing to UW
1 => 3 iterations changed to => 2
1 => Popped From Local Stack
1 => 3 2
1 => changing to OR
1 => changing to UW
1 => changing to OR
1 => changing to UW
1 => changing to OR
1 => 56 iterations changed to => 55
1 => Popped From Local Stack
1 => 99 55
1 => 82 iterations changed to => 81
1 => Popped From Local Stack
1 => 153 81
1 => 102 iterations changed to => 101
1 => Popped From Local Stack
1 => 195 101
1 => 335 iterations changed to => 334
1 => Popped From Local Stack
1 => 663 334
1 => 345 iterations changed to => 344
1 => Popped From Local Stack
1 => 685 344
1 => 353 iterations changed to => 352
1 => Popped From Local Stack
1 => 703 352
1 => 639 iterations changed to => 638
1 => Popped From Local Stack
1 => 1277 638
1 => 644 iterations changed to => 643
1 => Popped From Local Stack
1 => 1289 643
1 => 650 iterations changed to => 649
1 => Popped From Local Stack
1 => 1303 649
1 => 655 iterations changed to => 654
1 => Popped From Local Stack
1 => 1315 654
1 => 660 iterations changed to => 659
1 => Popped From Local Stack
1 => 1327 659
1 => 665 iterations changed to => 664
1 => Popped From Local Stack
1 => 1339 664
1 => 703 iterations changed to => 702
1 => Popped From Local Stack
1 => 1417 702
1 => 765 iterations changed to => 764
1 => Popped From Local Stack
1 => 1543 764
1 => 769 iterations changed to => 768
1 => Popped From Local Stack
1 => 1553 768
1 => 773 iterations changed to => 772
1 => Popped From Local Stack
1 => 1563 772
1 => 786 iterations changed to => 784
1 => Popped From Local Stack
1 => 1591 785
1 => 785 iterations changed to => 780
1 => Popped From Local Stack
1 => 1593 785
1 => 781 iterations changed to => 776
1 => Popped From Local Stack
1 => 1595 785
1 => 777 iterations changed to => 760
1 => Popped From Local Stack
1 => 1597 785
1 => 761 iterations changed to => 755
1 => Popped From Local Stack
1 => 1599 785
1 => 756 iterations changed to => 750
1 => Popped From Local Stack
1 => 1601 785
1 => 751 iterations changed to => 746
1 => Popped From Local Stack
1 => 1603 785
1 => 747 iterations changed to => 741
1 => Popped From Local Stack
1 => 1605 785
1 => 742 iterations changed to => 736
1 => Popped From Local Stack
1 => 1607 785
1 => 737 iterations changed to => 731
1 => Popped From Local Stack
1 => 1609 785
1 => 732 iterations changed to => 726
1 => Popped From Local Stack
1 => 1611 785
1 => 727 iterations changed to => 721
1 => Popped From Local Stack
1 => 1613 785
1 => 722 iterations changed to => 716
1 => Popped From Local Stack
1 => 1615 785
1 => 717 iterations changed to => 711
1 => Popped From Local Stack
1 => 1617 785
1 => 712 iterations changed to => 706
1 => Popped From Local Stack
1 => 1619 785
1 => 709 iterations changed to => 708
1 => Popped From Local Stack
1 => 1625 787
1 => 713 iterations changed to => 712
1 => Popped From Local Stack
1 => 1635 791
1 => 723 iterations changed to => 720
1 => Popped From Local Stack
1 => 1657 801
1 => 721 iterations changed to => 716
1 => Popped From Local Stack
1 => 1659 801
1 => 717 iterations changed to => 697
1 => Popped From Local Stack
1 => 1661 801
1 => 698 iterations changed to => 692
1 => Popped From Local Stack
1 => 1663 801
1 => 693 iterations changed to => 687
1 => Popped From Local Stack
1 => 1665 801
1 => 688 iterations changed to => 683
1 => Popped From Local Stack
1 => 1667 801
1 => 684 iterations changed to => 678
1 => Popped From Local Stack
1 => 1669 801
1 => 679 iterations changed to => 673
1 => Popped From Local Stack
1 => 1671 801
1 => 674 iterations changed to => 668
1 => Popped From Local Stack
1 => 1673 801
1 => 669 iterations changed to => 633
1 => Popped From Local Stack
1 => 1675 801
1 => 634 iterations changed to => 628
1 => Popped From Local Stack
1 => 1677 801
1 => 629 iterations changed to => 623
1 => Popped From Local Stack
1 => 1679 801
1 => 624 iterations changed to => 618
1 => Popped From Local Stack
1 => 1681 801
1 => 619 iterations changed to => 612
1 => Popped From Local Stack
1 => 1683 801
1 => 613 iterations changed to => 607
1 => Popped From Local Stack
1 => 1685 801
1 => 608 iterations changed to => 602
1 => Popped From Local Stack
1 => 1687 801
1 => 603 iterations changed to => 596
1 => Popped From Local Stack
1 => 1689 801
1 => 597 iterations changed to => 591
1 => Popped From Local Stack
1 => 1691 801
1 => 592 iterations changed to => 585
1 => Popped From Local Stack
1 => 1693 801
1 => 586 iterations changed to => 579
1 => Popped From Local Stack
1 => 1695 801
1 => 580 iterations changed to => 573
1 => Popped From Local Stack
1 => 1697 801
1 => 574 iterations changed to => 566
1 => Popped From Local Stack
1 => 1699 801
1 => 567 iterations changed to => 559
1 => Popped From Local Stack
1 => 1701 801
1 => 562 iterations changed to => 561
1 => Popped From Local Stack
1 => 1707 803
1 => 568 iterations changed to => 567
1 => Popped From Local Stack
1 => 1721 809
1 => 573 iterations changed to => 572
1 => Popped From Local Stack
1 => 1733 814
1 => 578 iterations changed to => 577
1 => Popped From Local Stack
1 => 1745 819
1 => 583 iterations changed to => 582
1 => Popped From Local Stack
1 => 1757 824
1 => 629 iterations changed to => 628
1 => Popped From Local Stack
1 => 1851 870
1 => 697 iterations changed to => 696
1 => Popped From Local Stack
1 => 1989 938
1 => 701 iterations changed to => 700
1 => Popped From Local Stack
1 => 1999 942
1 => 705 iterations changed to => 704
1 => Popped From Local Stack
1 => 2009 946
Verification Outcome : TIMEDOUT
Time Taken : 1E-06
Verifying serial_markingqueuedirps_1.bpl.bpl
Corral program verifier version 1.0.0.0
http://localhost:5002/
1 => changing to UW
1 => 3 iterations changed to => 2
1 => Popped From Local Stack
1 => 3 2
1 => changing to OR
1 => changing to UW
1 => changing to OR
1 => changing to UW
1 => changing to OR
1 => 69 iterations changed to => 68
1 => Popped From Local Stack
1 => 126 68
1 => 152 iterations changed to => 151
1 => Popped From Local Stack
1 => 294 151
1 => 164 iterations changed to => 163
1 => Popped From Local Stack
1 => 320 163
1 => 178 iterations changed to => 173
1 => Popped From Local Stack
1 => 350 177
1 => 187 iterations changed to => 181
1 => Popped From Local Stack
1 => 378 190
1 => 182 iterations changed to => 137
1 => Popped From Local Stack
1 => 380 190
1 => 138 iterations changed to => 106
1 => Popped From Local Stack
1 => 382 190
1 => 195 iterations changed to => 184
1 => Popped From Local Stack
1 => 560 278
1 => 185 iterations changed to => 157
1 => Popped From Local Stack
1 => 562 278
1 => 188 iterations changed to => 183
1 => Popped From Local Stack
1 => 624 308
1 => 193 iterations changed to => 189
1 => Popped From Local Stack
1 => 644 317
1 => 190 iterations changed to => 174
1 => Popped From Local Stack
1 => 646 317
1 => 175 iterations changed to => 163
1 => Popped From Local Stack
1 => 648 317
1 => 164 iterations changed to => 142
1 => Popped From Local Stack
1 => 650 317
1 => 143 iterations changed to => 112
1 => Popped From Local Stack
1 => 652 317
1 => Outcome : ReachedBound
1 =>: 14 <= UW iterations OR => 320
1 => 654 317
Verification Outcome : OK
Time Taken : 165.504347
Verifying filter_ioallocateirpsignaleventincompletion_0.bpl.bpl
Corral program verifier version 1.0.0.0
http://localhost:5002/
1 => changing to UW
1 => 3 iterations changed to => 2
1 => Popped From Local Stack
1 => 3 2
1 => changing to OR
1 => changing to UW
1 => changing to OR
1 => changing to UW
1 => changing to OR
1 => 61 iterations changed to => 60
1 => Popped From Local Stack
1 => 110 60
1 => 101 iterations changed to => 100
1 => Popped From Local Stack
1 => 192 100
1 => 209 iterations changed to => 208
1 => Popped From Local Stack
1 => 410 208
1 => 271 iterations changed to => 256
1 => Popped From Local Stack
1 => 536 270
1 => 270 iterations changed to => 269
1 => Popped From Local Stack
1 => 564 283
1 => 287 iterations changed to => 280
1 => Popped From Local Stack
1 => 600 300
1 => 281 iterations changed to => 257
1 => Popped From Local Stack
1 => 602 300
1 => 258 iterations changed to => 240
1 => Popped From Local Stack
1 => 604 300
1 => 241 iterations changed to => 224
1 => Popped From Local Stack
1 => 606 300
1 => 229 iterations changed to => 228
1 => Popped From Local Stack
1 => 616 304
1 => 268 iterations changed to => 267
1 => Popped From Local Stack
1 => 696 343
1 => 286 iterations changed to => 278
1 => Popped From Local Stack
1 => 734 361
1 => 279 iterations changed to => 255
1 => Popped From Local Stack
1 => 736 361
1 => 256 iterations changed to => 241
1 => Popped From Local Stack
1 => 738 361
1 => 257 iterations changed to => 256
1 => Popped From Local Stack
1 => 770 376
1 => 287 iterations changed to => 286
1 => Popped From Local Stack
1 => 832 406
1 => 289 iterations changed to => 276
1 => Popped From Local Stack
1 => 838 408
1 => 277 iterations changed to => 266
1 => Popped From Local Stack
1 => 840 408
1 => 267 iterations changed to => 244
1 => Popped From Local Stack
1 => 842 408
1 => 251 iterations changed to => 250
1 => Popped From Local Stack
1 => 856 414
1 => 299 iterations changed to => 290
1 => Popped From Local Stack
1 => 954 462
1 => 291 iterations changed to => 280
1 => Popped From Local Stack
1 => 956 462
1 => 299 iterations changed to => 290
1 => Popped From Local Stack
1 => 994 480
1 => 291 iterations changed to => 281
1 => Popped From Local Stack
1 => 996 480
1 => 282 iterations changed to => 269
1 => Popped From Local Stack
1 => 998 480
1 => 270 iterations changed to => 259
1 => Popped From Local Stack
1 => 1000 480
1 => 260 iterations changed to => 191
1 => Popped From Local Stack
1 => 1002 480
1 => 192 iterations changed to => 172
1 => Popped From Local Stack
1 => 1004 480
1 => 173 iterations changed to => 152
1 => Popped From Local Stack
1 => 1006 480
1 => 153 iterations changed to => 124
1 => Popped From Local Stack
1 => 1008 480
1 => 175 iterations changed to => 174
1 => Popped From Local Stack
1 => 1110 530
1 => 245 iterations changed to => 244
1 => Popped From Local Stack
1 => 1252 600
1 => 252 iterations changed to => 251
1 => Popped From Local Stack
1 => 1268 607
1 => 257 iterations changed to => 235
1 => Popped From Local Stack
1 => 1280 612
1 => 236 iterations changed to => 226
1 => Popped From Local Stack
1 => 1282 612
1 => 227 iterations changed to => 215
1 => Popped From Local Stack
1 => 1284 612
1 => 216 iterations changed to => 201
1 => Popped From Local Stack
1 => 1286 612
1 => 202 iterations changed to => 184
1 => Popped From Local Stack
1 => 1288 612
1 => 259 iterations changed to => 258
1 => Popped From Local Stack
1 => 1438 686
1 => 270 iterations changed to => 269
1 => Popped From Local Stack
1 => 1462 697
1 => 271 iterations changed to => 264
1 => Popped From Local Stack
1 => 1466 698
1 => 265 iterations changed to => 251
1 => Popped From Local Stack
1 => 1468 698
1 => 252 iterations changed to => 244
1 => Popped From Local Stack
1 => 1470 698
1 => 245 iterations changed to => 236
1 => Popped From Local Stack
1 => 1472 698
1 => 237 iterations changed to => 225
1 => Popped From Local Stack
1 => 1474 698
1 => 226 iterations changed to => 214
1 => Popped From Local Stack
1 => 1476 698
1 => 215 iterations changed to => 199
1 => Popped From Local Stack
1 => 1478 698
1 => 200 iterations changed to => 187
1 => Popped From Local Stack
1 => 1480 698
1 => 191 iterations changed to => 188
1 => Popped From Local Stack
1 => 1488 701
1 => 191 iterations changed to => 189
1 => Popped From Local Stack
1 => 1494 703
1 => 190 iterations changed to => 160
1 => Popped From Local Stack
1 => 1496 703
1 => 161 iterations changed to => 143
1 => Popped From Local Stack
1 => 1498 703
1 => 144 iterations changed to => 127
1 => Popped From Local Stack
1 => 1500 703
1 => Outcome : ReachedBound
1 =>: 14 <= UW iterations OR => 744
1 => 1502 703
Verification Outcome : OK
Time Taken : 929.937397
Verifying flpydisk_irqlexapclte1_1.bpl.bpl
Corral program verifier version 1.0.0.0
http://localhost:5002/
1 => changing to UW
1 => 3 iterations changed to => 2
1 => Popped From Local Stack
1 => 3 2
1 => changing to OR
1 => changing to UW
1 => changing to OR
1 => 31 iterations changed to => 30
1 => Popped From Local Stack
1 => 49 30
1 => 35 iterations changed to => 34
1 => Popped From Local Stack
1 => 59 34
1 => 48 iterations changed to => 42
1 => Popped From Local Stack
1 => 87 47
1 => 43 iterations changed to => 38
1 => Popped From Local Stack
1 => 89 47
1 => 69 iterations changed to => 66
1 => Popped From Local Stack
1 => 151 77
1 => 67 iterations changed to => 61
1 => Popped From Local Stack
1 => 153 77
1 => 62 iterations changed to => 54
1 => Popped From Local Stack
1 => 155 77
1 => 55 iterations changed to => 52
1 => Popped From Local Stack
1 => 157 77
1 => 53 iterations changed to => 49
1 => Popped From Local Stack
1 => 159 77
1 => 50 iterations changed to => 44
1 => Popped From Local Stack
1 => 161 77
1 => 45 iterations changed to => 39
1 => Popped From Local Stack
1 => 163 77
1 => Outcome : ReachedBound
1 =>: 15 <= UW iterations OR => 75
1 => 165 77
Verification Outcome : OK
Time Taken : 1215.206158
Verifying sys_zwregistrycreate_0.bpl.bpl
Corral program verifier version 1.0.0.0
http://localhost:5002/
1 => changing to UW
1 => 3 iterations changed to => 2
1 => Popped From Local Stack
1 => 3 2
1 => changing to OR
1 => changing to UW
1 => changing to OR
1 => changing to UW
1 => changing to OR
1 => changing to UW
1 => changing to OR
1 => 38 iterations changed to => 37
1 => Popped From Local Stack
1 => 63 37
1 => Outcome : Correct
1 =>: 15 <= UW iterations OR => 25
1 => 65 37
Verification Outcome : OK
Time Taken : 916.453531
Verifying driver_irqlkedispatchlte_1.bpl.bpl
Corral program verifier version 1.0.0.0
http://localhost:5002/
1 => changing to UW
1 => 3 iterations changed to => 2
1 => Popped From Local Stack
1 => 3 2
1 => changing to OR
1 => changing to UW
1 => changing to OR
1 => changing to UW
1 => changing to OR
1 => 50 iterations changed to => 49
1 => Popped From Local Stack
1 => 86 49
1 => 68 iterations changed to => 67
1 => Popped From Local Stack
1 => 124 67
1 => 84 iterations changed to => 83
1 => Popped From Local Stack
1 => 158 83
1 => 253 iterations changed to => 252
1 => Popped From Local Stack
1 => 498 252
1 => 261 iterations changed to => 260
1 => Popped From Local Stack
1 => 516 260
1 => 268 iterations changed to => 267
1 => Popped From Local Stack
1 => 532 267
1 => 482 iterations changed to => 481
1 => Popped From Local Stack
1 => 962 481
1 => 486 iterations changed to => 485
1 => Popped From Local Stack
1 => 972 485
1 => 491 iterations changed to => 490
1 => Popped From Local Stack
1 => 984 490
1 => 496 iterations changed to => 495
1 => Popped From Local Stack
1 => 996 495
1 => 500 iterations changed to => 499
1 => Popped From Local Stack
1 => 1006 499
1 => 504 iterations changed to => 503
1 => Popped From Local Stack
1 => 1016 503
1 => 554 iterations changed to => 553
1 => Popped From Local Stack
1 => 1118 553
1 => 613 iterations changed to => 612
1 => Popped From Local Stack
1 => 1238 612
1 => 616 iterations changed to => 615
1 => Popped From Local Stack
1 => 1246 615
1 => 619 iterations changed to => 618
1 => Popped From Local Stack
1 => 1254 618
1 => 641 iterations changed to => 640
1 => Popped From Local Stack
1 => 1300 640
1 => 641 iterations changed to => 637
1 => Popped From Local Stack
1 => 1302 640
1 => 638 iterations changed to => 633
1 => Popped From Local Stack
1 => 1304 640
1 => 634 iterations changed to => 629
1 => Popped From Local Stack
1 => 1306 640
1 => 630 iterations changed to => 625
1 => Popped From Local Stack
1 => 1308 640
1 => 626 iterations changed to => 621
1 => Popped From Local Stack
1 => 1310 640
1 => 622 iterations changed to => 608
1 => Popped From Local Stack
1 => 1312 640
1 => 609 iterations changed to => 605
1 => Popped From Local Stack
1 => 1314 640
1 => 606 iterations changed to => 602
1 => Popped From Local Stack
1 => 1316 640
1 => 603 iterations changed to => 598
1 => Popped From Local Stack
1 => 1318 640
1 => 599 iterations changed to => 594
1 => Popped From Local Stack
1 => 1320 640
1 => 595 iterations changed to => 590
1 => Popped From Local Stack
1 => 1322 640
1 => 591 iterations changed to => 586
1 => Popped From Local Stack
1 => 1324 640
1 => 587 iterations changed to => 582
1 => Popped From Local Stack
1 => 1326 640
1 => 583 iterations changed to => 578
1 => Popped From Local Stack
1 => 1328 640
1 => 579 iterations changed to => 574
1 => Popped From Local Stack
1 => 1330 640
1 => 575 iterations changed to => 570
1 => Popped From Local Stack
1 => 1332 640
1 => 571 iterations changed to => 566
1 => Popped From Local Stack
1 => 1334 640
1 => 567 iterations changed to => 561
1 => Popped From Local Stack
1 => 1336 640
1 => 563 iterations changed to => 562
1 => Popped From Local Stack
1 => 1340 641
1 => 567 iterations changed to => 566
1 => Popped From Local Stack
1 => 1350 645
1 => 581 iterations changed to => 578
1 => Popped From Local Stack
1 => 1380 659
1 => 579 iterations changed to => 574
1 => Popped From Local Stack
1 => 1382 659
1 => 575 iterations changed to => 570
1 => Popped From Local Stack
1 => 1384 659
1 => 571 iterations changed to => 557
1 => Popped From Local Stack
1 => 1386 659
1 => 558 iterations changed to => 548
1 => Popped From Local Stack
1 => 1388 659
1 => 549 iterations changed to => 544
1 => Popped From Local Stack
1 => 1390 659
1 => 545 iterations changed to => 540
1 => Popped From Local Stack
1 => 1392 659
1 => 541 iterations changed to => 535
1 => Popped From Local Stack
1 => 1394 659
1 => 536 iterations changed to => 530
1 => Popped From Local Stack
1 => 1396 659
1 => 531 iterations changed to => 526
1 => Popped From Local Stack
1 => 1398 659
1 => 527 iterations changed to => 522
1 => Popped From Local Stack
1 => 1400 659
1 => 523 iterations changed to => 517
1 => Popped From Local Stack
1 => 1402 659
1 => 518 iterations changed to => 512
1 => Popped From Local Stack
1 => 1404 659
1 => 513 iterations changed to => 507
1 => Popped From Local Stack
1 => 1406 659
1 => 508 iterations changed to => 476
1 => Popped From Local Stack
1 => 1408 659
1 => 477 iterations changed to => 471
1 => Popped From Local Stack
1 => 1410 659
1 => 472 iterations changed to => 466
1 => Popped From Local Stack
1 => 1412 659
1 => 467 iterations changed to => 461
1 => Popped From Local Stack
1 => 1414 659
1 => 462 iterations changed to => 456
1 => Popped From Local Stack
1 => 1416 659
1 => 457 iterations changed to => 450
1 => Popped From Local Stack
1 => 1418 659
1 => 451 iterations changed to => 445
1 => Popped From Local Stack
1 => 1420 659
1 => 446 iterations changed to => 440
1 => Popped From Local Stack
1 => 1422 659
1 => 441 iterations changed to => 435
1 => Popped From Local Stack
1 => 1424 659
1 => 436 iterations changed to => 429
1 => Popped From Local Stack
1 => 1426 659
1 => 430 iterations changed to => 423
1 => Popped From Local Stack
1 => 1428 659
1 => 424 iterations changed to => 417
1 => Popped From Local Stack
1 => 1430 659
1 => 426 iterations changed to => 425
1 => Popped From Local Stack
1 => 1448 667
1 => 431 iterations changed to => 430
1 => Popped From Local Stack
1 => 1460 672
1 => 435 iterations changed to => 434
1 => Popped From Local Stack
1 => 1470 676
1 => 440 iterations changed to => 439
1 => Popped From Local Stack
1 => 1482 681
1 => 445 iterations changed to => 444
1 => Popped From Local Stack
1 => 1494 686
1 => 493 iterations changed to => 492
1 => Popped From Local Stack
1 => 1592 734
1 => 559 iterations changed to => 558
1 => Popped From Local Stack
1 => 1726 800
1 => 562 iterations changed to => 561
1 => Popped From Local Stack
1 => 1734 803
1 => 565 iterations changed to => 564
1 => Popped From Local Stack
1 => 1742 806
1 => 580 iterations changed to => 576
1 => Popped From Local Stack
1 => 1774 821
1 => 577 iterations changed to => 572
1 => Popped From Local Stack
1 => 1776 821
1 => 573 iterations changed to => 568
1 => Popped From Local Stack
1 => 1778 821
1 => 569 iterations changed to => 554
1 => Popped From Local Stack
1 => 1780 821
1 => 555 iterations changed to => 550
1 => Popped From Local Stack
1 => 1782 821
1 => 551 iterations changed to => 546
1 => Popped From Local Stack
1 => 1784 821
1 => 547 iterations changed to => 542
1 => Popped From Local Stack
1 => 1786 821
1 => 543 iterations changed to => 538
1 => Popped From Local Stack
1 => 1788 821
1 => 539 iterations changed to => 534
1 => Popped From Local Stack
1 => 1790 821
1 => 535 iterations changed to => 530
1 => Popped From Local Stack
1 => 1792 821
1 => 531 iterations changed to => 526
1 => Popped From Local Stack
1 => 1794 821
1 => 527 iterations changed to => 522
1 => Popped From Local Stack
1 => 1796 821
1 => 523 iterations changed to => 518
1 => Popped From Local Stack
1 => 1798 821
1 => 519 iterations changed to => 514
1 => Popped From Local Stack
1 => 1800 821
1 => 515 iterations changed to => 510
1 => Popped From Local Stack
1 => 1802 821
1 => 511 iterations changed to => 505
1 => Popped From Local Stack
1 => 1804 821
1 => 506 iterations changed to => 500
1 => Popped From Local Stack
1 => 1806 821
1 => 503 iterations changed to => 502
1 => Popped From Local Stack
1 => 1812 823
1 => 507 iterations changed to => 506
1 => Popped From Local Stack
1 => 1822 827
1 => 514 iterations changed to => 510
1 => Popped From Local Stack
1 => 1838 834
1 => 511 iterations changed to => 496
1 => Popped From Local Stack
1 => 1840 834
1 => 497 iterations changed to => 488
1 => Popped From Local Stack
1 => 1842 834
1 => 489 iterations changed to => 483
1 => Popped From Local Stack
1 => 1844 834
1 => 484 iterations changed to => 478
1 => Popped From Local Stack
1 => 1846 834
1 => 479 iterations changed to => 474
1 => Popped From Local Stack
1 => 1848 834
1 => 475 iterations changed to => 469
1 => Popped From Local Stack
1 => 1850 834
1 => 470 iterations changed to => 464
1 => Popped From Local Stack
1 => 1852 834
1 => 465 iterations changed to => 459
1 => Popped From Local Stack
1 => 1854 834
1 => 460 iterations changed to => 454
1 => Popped From Local Stack
1 => 1856 834
1 => 455 iterations changed to => 449
1 => Popped From Local Stack
1 => 1858 834
1 => 450 iterations changed to => 419
1 => Popped From Local Stack
1 => 1860 834
1 => 420 iterations changed to => 412
1 => Popped From Local Stack
1 => 1862 834
1 => 413 iterations changed to => 406
1 => Popped From Local Stack
1 => 1864 834
1 => 407 iterations changed to => 400
1 => Popped From Local Stack
1 => 1866 834
1 => 401 iterations changed to => 395
1 => Popped From Local Stack
1 => 1868 834
1 => 396 iterations changed to => 389
1 => Popped From Local Stack
1 => 1870 834
1 => 390 iterations changed to => 383
1 => Popped From Local Stack
1 => 1872 834
1 => 384 iterations changed to => 377
1 => Popped From Local Stack
1 => 1874 834
1 => 378 iterations changed to => 371
1 => Popped From Local Stack
1 => 1876 834
1 => 372 iterations changed to => 364
1 => Popped From Local Stack
1 => 1878 834
1 => 365 iterations changed to => 357
1 => Popped From Local Stack
1 => 1880 834
1 => 358 iterations changed to => 350
1 => Popped From Local Stack
1 => 1882 834
1 => 353 iterations changed to => 352
1 => Popped From Local Stack
1 => 1888 836
1 => 357 iterations changed to => 356
1 => Popped From Local Stack
1 => 1898 840
1 => 362 iterations changed to => 361
1 => Popped From Local Stack
1 => 1910 845
1 => 368 iterations changed to => 367
1 => Popped From Local Stack
1 => 1924 851
1 => 374 iterations changed to => 373
1 => Popped From Local Stack
1 => 1938 857
1 => 421 iterations changed to => 420
1 => Popped From Local Stack
1 => 2034 904
1 => 486 iterations changed to => 485
1 => Popped From Local Stack
1 => 2166 969
1 => 490 iterations changed to => 489
1 => Popped From Local Stack
1 => 2176 973
1 => 493 iterations changed to => 492
1 => Popped From Local Stack
1 => 2184 976
1 => 509 iterations changed to => 505
1 => Popped From Local Stack
1 => 2218 992
1 => 506 iterations changed to => 501
1 => Popped From Local Stack
1 => 2220 992
1 => 502 iterations changed to => 496
1 => Popped From Local Stack
1 => 2222 992
1 => 497 iterations changed to => 481
1 => Popped From Local Stack
1 => 2224 992
1 => 482 iterations changed to => 476
1 => Popped From Local Stack
1 => 2226 992
1 => 477 iterations changed to => 472
1 => Popped From Local Stack
1 => 2228 992
1 => 473 iterations changed to => 468
1 => Popped From Local Stack
1 => 2230 992
1 => 469 iterations changed to => 463
1 => Popped From Local Stack
1 => 2232 992
1 => 464 iterations changed to => 458
1 => Popped From Local Stack
1 => 2234 992
1 => 459 iterations changed to => 454
1 => Popped From Local Stack
1 => 2236 992
1 => 455 iterations changed to => 449
1 => Popped From Local Stack
1 => 2238 992
1 => 450 iterations changed to => 444
1 => Popped From Local Stack
1 => 2240 992
1 => 445 iterations changed to => 439
1 => Popped From Local Stack
1 => 2242 992
1 => 440 iterations changed to => 434
1 => Popped From Local Stack
1 => 2244 992
1 => 435 iterations changed to => 429
1 => Popped From Local Stack
1 => 2246 992
1 => 431 iterations changed to => 430
1 => Popped From Local Stack
1 => 2250 993
1 => 435 iterations changed to => 434
1 => Popped From Local Stack
1 => 2260 997
1 => 439 iterations changed to => 438
1 => Popped From Local Stack
1 => 2270 1001
1 => 439 iterations changed to => 424
1 => Popped From Local Stack
1 => 2272 1001
1 => 425 iterations changed to => 415
1 => Popped From Local Stack
1 => 2274 1001
1 => 416 iterations changed to => 410
1 => Popped From Local Stack
1 => 2276 1001
1 => 411 iterations changed to => 405
1 => Popped From Local Stack
1 => 2278 1001
1 => 406 iterations changed to => 400
1 => Popped From Local Stack
1 => 2280 1001
1 => 401 iterations changed to => 395
1 => Popped From Local Stack
1 => 2282 1001
1 => 396 iterations changed to => 389
1 => Popped From Local Stack
1 => 2284 1001
1 => 390 iterations changed to => 384
1 => Popped From Local Stack
1 => 2286 1001
1 => 385 iterations changed to => 379
1 => Popped From Local Stack
1 => 2288 1001
1 => 380 iterations changed to => 343
1 => Popped From Local Stack
1 => 2290 1001
1 => 344 iterations changed to => 337
1 => Popped From Local Stack
1 => 2292 1001
1 => 338 iterations changed to => 330
1 => Popped From Local Stack
1 => 2294 1001
1 => 331 iterations changed to => 323
1 => Popped From Local Stack
1 => 2296 1001
1 => 324 iterations changed to => 316
1 => Popped From Local Stack
1 => 2298 1001
1 => 317 iterations changed to => 308
1 => Popped From Local Stack
1 => 2300 1001
1 => 309 iterations changed to => 301
1 => Popped From Local Stack
1 => 2302 1001
1 => 302 iterations changed to => 293
1 => Popped From Local Stack
1 => 2304 1001
1 => 294 iterations changed to => 284
1 => Popped From Local Stack
1 => 2306 1001
1 => 285 iterations changed to => 275
1 => Popped From Local Stack
1 => 2308 1001
1 => 278 iterations changed to => 277
1 => Popped From Local Stack
1 => 2314 1003
1 => 285 iterations changed to => 284
1 => Popped From Local Stack
1 => 2330 1010
1 => 291 iterations changed to => 290
1 => Popped From Local Stack
1 => 2344 1016
1 => 297 iterations changed to => 296
1 => Popped From Local Stack
1 => 2358 1022
1 => 303 iterations changed to => 302
1 => Popped From Local Stack
1 => 2372 1028
1 => 331 iterations changed to => 330
1 => Popped From Local Stack
1 => 2430 1056
1 => 404 iterations changed to => 403
1 => Popped From Local Stack
1 => 2578 1129
1 => 409 iterations changed to => 408
1 => Popped From Local Stack
1 => 2590 1134
1 => 413 iterations changed to => 412
1 => Popped From Local Stack
1 => 2600 1138
1 => 416 iterations changed to => 398
1 => Popped From Local Stack
1 => 2608 1141
1 => 399 iterations changed to => 393
1 => Popped From Local Stack
1 => 2610 1141
1 => 394 iterations changed to => 388
1 => Popped From Local Stack
1 => 2612 1141
1 => 389 iterations changed to => 382
1 => Popped From Local Stack
1 => 2614 1141
1 => 383 iterations changed to => 377
1 => Popped From Local Stack
1 => 2616 1141
1 => 378 iterations changed to => 371
1 => Popped From Local Stack
1 => 2618 1141
1 => 372 iterations changed to => 365
1 => Popped From Local Stack
1 => 2620 1141
1 => 366 iterations changed to => 360
1 => Popped From Local Stack
1 => 2622 1141
1 => 361 iterations changed to => 354
1 => Popped From Local Stack
1 => 2624 1141
1 => 355 iterations changed to => 348
1 => Popped From Local Stack
1 => 2626 1141
1 => 349 iterations changed to => 342
1 => Popped From Local Stack
1 => 2628 1141
1 => 343 iterations changed to => 336
1 => Popped From Local Stack
1 => 2630 1141
1 => 339 iterations changed to => 338
1 => Popped From Local Stack
1 => 2636 1143
1 => 344 iterations changed to => 343
1 => Popped From Local Stack
1 => 2648 1148
1 => 345 iterations changed to => 325
1 => Popped From Local Stack
1 => 2652 1149
1 => 326 iterations changed to => 320
1 => Popped From Local Stack
1 => 2654 1149
1 => 321 iterations changed to => 314
1 => Popped From Local Stack
1 => 2656 1149
1 => 315 iterations changed to => 308
1 => Popped From Local Stack
1 => 2658 1149
1 => 309 iterations changed to => 245
1 => Popped From Local Stack
1 => 2660 1149
1 => 246 iterations changed to => 237
1 => Popped From Local Stack
1 => 2662 1149
1 => 238 iterations changed to => 228
1 => Popped From Local Stack
1 => 2664 1149
1 => 229 iterations changed to => 219
1 => Popped From Local Stack
1 => 2666 1149
1 => 220 iterations changed to => 210
1 => Popped From Local Stack
1 => 2668 1149
1 => 211 iterations changed to => 200
1 => Popped From Local Stack
1 => 2670 1149
1 => 201 iterations changed to => 189
1 => Popped From Local Stack
1 => 2672 1149
1 => 190 iterations changed to => 175
1 => Popped From Local Stack
1 => 2674 1149
1 => 177 iterations changed to => 176
1 => Popped From Local Stack
1 => 2678 1150
1 => 185 iterations changed to => 184
1 => Popped From Local Stack
1 => 2696 1158
1 => 415 iterations changed to => 414
1 => Popped From Local Stack
1 => 3158 1388
1 => 420 iterations changed to => 419
1 => Popped From Local Stack
1 => 3170 1393
1 => 425 iterations changed to => 424
1 => Popped From Local Stack
1 => 3182 1398
1 => 429 iterations changed to => 428
1 => Popped From Local Stack
1 => 3192 1402
1 => 434 iterations changed to => 433
1 => Popped From Local Stack
1 => 3204 1407
1 => 439 iterations changed to => 438
1 => Popped From Local Stack
1 => 3216 1412
1 => 481 iterations changed to => 480
1 => Popped From Local Stack
1 => 3302 1454
1 => 542 iterations changed to => 541
1 => Popped From Local Stack
1 => 3426 1515
1 => 546 iterations changed to => 545
1 => Popped From Local Stack
1 => 3436 1519
1 => 549 iterations changed to => 548
1 => Popped From Local Stack
1 => 3444 1522
1 => 568 iterations changed to => 567
1 => Popped From Local Stack
1 => 3484 1541
1 => 568 iterations changed to => 563
1 => Popped From Local Stack
1 => 3486 1541
1 => 564 iterations changed to => 559
1 => Popped From Local Stack
1 => 3488 1541
1 => 560 iterations changed to => 555
1 => Popped From Local Stack
1 => 3490 1541
1 => 556 iterations changed to => 551
1 => Popped From Local Stack
1 => 3492 1541
1 => 552 iterations changed to => 537
1 => Popped From Local Stack
1 => 3494 1541
1 => 538 iterations changed to => 533
1 => Popped From Local Stack
1 => 3496 1541
1 => 534 iterations changed to => 529
1 => Popped From Local Stack
1 => 3498 1541
1 => 530 iterations changed to => 525
1 => Popped From Local Stack
1 => 3500 1541
1 => 526 iterations changed to => 520
1 => Popped From Local Stack
1 => 3502 1541
1 => 521 iterations changed to => 516
1 => Popped From Local Stack
1 => 3504 1541
1 => 517 iterations changed to => 512
1 => Popped From Local Stack
1 => 3506 1541
1 => 513 iterations changed to => 508
1 => Popped From Local Stack
1 => 3508 1541
1 => 509 iterations changed to => 503
1 => Popped From Local Stack
1 => 3510 1541
1 => 504 iterations changed to => 498
1 => Popped From Local Stack
1 => 3512 1541
1 => 499 iterations changed to => 493
1 => Popped From Local Stack
1 => 3514 1541
1 => 494 iterations changed to => 488
1 => Popped From Local Stack
1 => 3516 1541
1 => 490 iterations changed to => 489
1 => Popped From Local Stack
1 => 3520 1542
1 => 494 iterations changed to => 493
1 => Popped From Local Stack
1 => 3530 1546
1 => 509 iterations changed to => 505
1 => Popped From Local Stack
1 => 3562 1561
1 => 506 iterations changed to => 501
1 => Popped From Local Stack
1 => 3564 1561
1 => 502 iterations changed to => 497
1 => Popped From Local Stack
1 => 3566 1561
1 => 498 iterations changed to => 484
1 => Popped From Local Stack
1 => 3568 1561
1 => 485 iterations changed to => 475
1 => Popped From Local Stack
1 => 3570 1561
1 => 476 iterations changed to => 471
1 => Popped From Local Stack
1 => 3572 1561
1 => 472 iterations changed to => 467
1 => Popped From Local Stack
1 => 3574 1561
1 => 468 iterations changed to => 462
1 => Popped From Local Stack
1 => 3576 1561
1 => 463 iterations changed to => 457
1 => Popped From Local Stack
1 => 3578 1561
1 => 458 iterations changed to => 453
1 => Popped From Local Stack
1 => 3580 1561
1 => 454 iterations changed to => 448
1 => Popped From Local Stack
1 => 3582 1561
1 => 449 iterations changed to => 443
1 => Popped From Local Stack
1 => 3584 1561
1 => 444 iterations changed to => 409
1 => Popped From Local Stack
1 => 3586 1561
1 => 410 iterations changed to => 404
1 => Popped From Local Stack
1 => 3588 1561
1 => 405 iterations changed to => 398
1 => Popped From Local Stack
1 => 3590 1561
1 => 399 iterations changed to => 393
1 => Popped From Local Stack
1 => 3592 1561
1 => 394 iterations changed to => 388
1 => Popped From Local Stack
1 => 3594 1561
1 => 389 iterations changed to => 382
1 => Popped From Local Stack
1 => 3596 1561
1 => 383 iterations changed to => 376
1 => Popped From Local Stack
1 => 3598 1561
1 => 377 iterations changed to => 371
1 => Popped From Local Stack
1 => 3600 1561
1 => 372 iterations changed to => 365
1 => Popped From Local Stack
1 => 3602 1561
1 => 366 iterations changed to => 359
1 => Popped From Local Stack
1 => 3604 1561
1 => 360 iterations changed to => 352
1 => Popped From Local Stack
1 => 3606 1561
1 => 353 iterations changed to => 345
1 => Popped From Local Stack
1 => 3608 1561
1 => 347 iterations changed to => 346
1 => Popped From Local Stack
1 => 3612 1562
1 => 352 iterations changed to => 351
1 => Popped From Local Stack
1 => 3624 1567
1 => 357 iterations changed to => 356
1 => Popped From Local Stack
1 => 3636 1572
1 => 363 iterations changed to => 362
1 => Popped From Local Stack
1 => 3650 1578
1 => 368 iterations changed to => 367
1 => Popped From Local Stack
1 => 3662 1583
1 => 414 iterations changed to => 413
1 => Popped From Local Stack
1 => 3756 1629
1 => 448 iterations changed to => 447
1 => Popped From Local Stack
1 => 3826 1663
1 => 480 iterations changed to => 479
1 => Popped From Local Stack
1 => 3892 1695
1 => 483 iterations changed to => 482
1 => Popped From Local Stack
1 => 3900 1698
1 => 486 iterations changed to => 485
1 => Popped From Local Stack
1 => 3908 1701
1 => 502 iterations changed to => 501
1 => Popped From Local Stack
1 => 3942 1717
1 => 502 iterations changed to => 497
1 => Popped From Local Stack
1 => 3944 1717
1 => 498 iterations changed to => 493
1 => Popped From Local Stack
1 => 3946 1717
1 => 494 iterations changed to => 489
1 => Popped From Local Stack
1 => 3948 1717
1 => 490 iterations changed to => 474
1 => Popped From Local Stack
1 => 3950 1717
1 => 475 iterations changed to => 469
1 => Popped From Local Stack
1 => 3952 1717
1 => 470 iterations changed to => 465
1 => Popped From Local Stack
1 => 3954 1717
1 => 466 iterations changed to => 461
1 => Popped From Local Stack
1 => 3956 1717
1 => 462 iterations changed to => 456
1 => Popped From Local Stack
1 => 3958 1717
1 => 457 iterations changed to => 451
1 => Popped From Local Stack
1 => 3960 1717
1 => 452 iterations changed to => 442
1 => Popped From Local Stack
1 => 3962 1717
1 => 443 iterations changed to => 437
1 => Popped From Local Stack
1 => 3964 1717
1 => 438 iterations changed to => 432
1 => Popped From Local Stack
1 => 3966 1717
1 => 433 iterations changed to => 427
1 => Popped From Local Stack
1 => 3968 1717
1 => 428 iterations changed to => 422
1 => Popped From Local Stack
1 => 3970 1717
1 => 425 iterations changed to => 424
1 => Popped From Local Stack
1 => 3976 1719
1 => 429 iterations changed to => 428
1 => Popped From Local Stack
1 => 3986 1723
1 => 436 iterations changed to => 432
1 => Popped From Local Stack
1 => 4002 1730
1 => 433 iterations changed to => 417
1 => Popped From Local Stack
1 => 4004 1730
1 => 418 iterations changed to => 408
1 => Popped From Local Stack
1 => 4006 1730
1 => 409 iterations changed to => 403
1 => Popped From Local Stack
1 => 4008 1730
1 => 404 iterations changed to => 398
1 => Popped From Local Stack
1 => 4010 1730
1 => 399 iterations changed to => 393
1 => Popped From Local Stack
1 => 4012 1730
1 => 394 iterations changed to => 388
1 => Popped From Local Stack
1 => 4014 1730
1 => 389 iterations changed to => 383
1 => Popped From Local Stack
1 => 4016 1730
1 => 384 iterations changed to => 378
1 => Popped From Local Stack
1 => 4018 1730
1 => 379 iterations changed to => 372
1 => Popped From Local Stack
1 => 4020 1730
1 => 373 iterations changed to => 339
1 => Popped From Local Stack
1 => 4022 1730
1 => 340 iterations changed to => 333
1 => Popped From Local Stack
1 => 4024 1730
1 => 334 iterations changed to => 327
1 => Popped From Local Stack
1 => 4026 1730
1 => 328 iterations changed to => 321
1 => Popped From Local Stack
1 => 4028 1730
1 => 322 iterations changed to => 315
1 => Popped From Local Stack
1 => 4030 1730
1 => 316 iterations changed to => 308
1 => Popped From Local Stack
1 => 4032 1730
1 => 309 iterations changed to => 302
1 => Popped From Local Stack
1 => 4034 1730
1 => 303 iterations changed to => 295
1 => Popped From Local Stack
1 => 4036 1730
1 => 296 iterations changed to => 288
1 => Popped From Local Stack
1 => 4038 1730
1 => 289 iterations changed to => 280
1 => Popped From Local Stack
1 => 4040 1730
1 => 281 iterations changed to => 272
1 => Popped From Local Stack
1 => 4042 1730
1 => 274 iterations changed to => 273
1 => Popped From Local Stack
1 => 4046 1731
1 => 280 iterations changed to => 279
1 => Popped From Local Stack
1 => 4060 1737
1 => 286 iterations changed to => 285
1 => Popped From Local Stack
1 => 4074 1743
1 => 292 iterations changed to => 291
1 => Popped From Local Stack
1 => 4088 1749
1 => 298 iterations changed to => 297
1 => Popped From Local Stack
1 => 4102 1755
1 => 337 iterations changed to => 336
1 => Popped From Local Stack
1 => 4182 1794
1 => 370 iterations changed to => 369
1 => Popped From Local Stack
1 => 4250 1827
1 => 407 iterations changed to => 406
1 => Popped From Local Stack
1 => 4326 1864
1 => 411 iterations changed to => 410
1 => Popped From Local Stack
1 => 4336 1868
1 => 416 iterations changed to => 415
1 => Popped From Local Stack
1 => 4348 1873
1 => 426 iterations changed to => 423
1 => Popped From Local Stack
1 => 4370 1883
1 => 424 iterations changed to => 419
1 => Popped From Local Stack
1 => 4372 1883
1 => 420 iterations changed to => 402
1 => Popped From Local Stack
1 => 4374 1883
1 => 403 iterations changed to => 397
1 => Popped From Local Stack
1 => 4376 1883
1 => 398 iterations changed to => 392
1 => Popped From Local Stack
1 => 4378 1883
1 => 393 iterations changed to => 388
1 => Popped From Local Stack
1 => 4380 1883
1 => 389 iterations changed to => 383
1 => Popped From Local Stack
1 => 4382 1883
1 => 384 iterations changed to => 378
1 => Popped From Local Stack
1 => 4384 1883
1 => 379 iterations changed to => 373
1 => Popped From Local Stack
1 => 4386 1883
1 => 374 iterations changed to => 364
1 => Popped From Local Stack
1 => 4388 1883
1 => 365 iterations changed to => 358
1 => Popped From Local Stack
1 => 4390 1883
1 => 359 iterations changed to => 352
1 => Popped From Local Stack
1 => 4392 1883
1 => 353 iterations changed to => 346
1 => Popped From Local Stack
1 => 4394 1883
1 => 348 iterations changed to => 347
1 => Popped From Local Stack
1 => 4398 1884
1 => 353 iterations changed to => 352
1 => Popped From Local Stack
1 => 4410 1889
1 => 357 iterations changed to => 356
1 => Popped From Local Stack
1 => 4420 1893
1 => 357 iterations changed to => 341
1 => Popped From Local Stack
1 => 4422 1893
1 => 342 iterations changed to => 331
1 => Popped From Local Stack
1 => 4424 1893
1 => 332 iterations changed to => 325
1 => Popped From Local Stack
1 => 4426 1893
1 => 326 iterations changed to => 320
1 => Popped From Local Stack
1 => 4428 1893
1 => 321 iterations changed to => 314
1 => Popped From Local Stack
1 => 4430 1893
1 => 315 iterations changed to => 308
1 => Popped From Local Stack
1 => 4432 1893
1 => 309 iterations changed to => 302
1 => Popped From Local Stack
1 => 4434 1893
1 => 303 iterations changed to => 265
1 => Popped From Local Stack
1 => 4436 1893
1 => 266 iterations changed to => 258
1 => Popped From Local Stack
1 => 4438 1893
1 => 259 iterations changed to => 251
1 => Popped From Local Stack
1 => 4440 1893
1 => 252 iterations changed to => 243
1 => Popped From Local Stack
1 => 4442 1893
1 => 244 iterations changed to => 237
1 => Popped From Local Stack
1 => 4444 1893
1 => 238 iterations changed to => 230
1 => Popped From Local Stack
1 => 4446 1893
1 => 231 iterations changed to => 222
1 => Popped From Local Stack
1 => 4448 1893
1 => 223 iterations changed to => 213
1 => Popped From Local Stack
1 => 4450 1893
1 => 214 iterations changed to => 204
1 => Popped From Local Stack
1 => 4452 1893
1 => 205 iterations changed to => 193
1 => Popped From Local Stack
1 => 4454 1893
1 => 197 iterations changed to => 196
1 => Popped From Local Stack
1 => 4462 1896
1 => 205 iterations changed to => 204
1 => Popped From Local Stack
1 => 4480 1904
1 => 212 iterations changed to => 211
1 => Popped From Local Stack
1 => 4496 1911
1 => 219 iterations changed to => 218
1 => Popped From Local Stack
1 => 4512 1918
1 => 226 iterations changed to => 225
1 => Popped From Local Stack
1 => 4528 1925
1 => 257 iterations changed to => 256
1 => Popped From Local Stack
1 => 4592 1956
1 => 284 iterations changed to => 283
1 => Popped From Local Stack
1 => 4648 1983
1 => 331 iterations changed to => 330
1 => Popped From Local Stack
1 => 4744 2030
1 => 336 iterations changed to => 335
1 => Popped From Local Stack
1 => 4756 2035
1 => 340 iterations changed to => 339
1 => Popped From Local Stack
1 => 4766 2039
1 => 342 iterations changed to => 325
1 => Popped From Local Stack
1 => 4772 2041
1 => 326 iterations changed to => 320
1 => Popped From Local Stack
1 => 4774 2041
1 => 321 iterations changed to => 315
1 => Popped From Local Stack
1 => 4776 2041
1 => 316 iterations changed to => 309
1 => Popped From Local Stack
1 => 4778 2041
1 => 310 iterations changed to => 304
1 => Popped From Local Stack
1 => 4780 2041
1 => 305 iterations changed to => 299
1 => Popped From Local Stack
1 => 4782 2041
1 => 300 iterations changed to => 293
1 => Popped From Local Stack
1 => 4784 2041
1 => 294 iterations changed to => 288
1 => Popped From Local Stack
1 => 4786 2041
1 => 289 iterations changed to => 276
1 => Popped From Local Stack
1 => 4788 2041
1 => 277 iterations changed to => 269
1 => Popped From Local Stack
1 => 4790 2041
1 => 270 iterations changed to => 262
1 => Popped From Local Stack
1 => 4792 2041
1 => 264 iterations changed to => 263
1 => Popped From Local Stack
1 => 4796 2042
1 => 266 iterations changed to => 249
1 => Popped From Local Stack
1 => 4802 2044
1 => 250 iterations changed to => 244
1 => Popped From Local Stack
1 => 4804 2044
1 => 245 iterations changed to => 238
1 => Popped From Local Stack
1 => 4806 2044
1 => 239 iterations changed to => 231
1 => Popped From Local Stack
1 => 4808 2044
1 => 232 iterations changed to => 166
1 => Popped From Local Stack
1 => 4810 2044
1 => 167 iterations changed to => 154
1 => Popped From Local Stack
1 => 4812 2044
1 => 155 iterations changed to => 144
1 => Popped From Local Stack
1 => 4814 2044
1 => 145 iterations changed to => 131
1 => Popped From Local Stack
1 => 4816 2044
1 => 132 iterations changed to => 116
1 => Popped From Local Stack
1 => 4818 2044
1 => 117 iterations changed to => 96
1 => Popped From Local Stack
1 => 4820 2044
1 => 99 iterations changed to => 98
1 => Popped From Local Stack
1 => 4826 2046
1 => 109 iterations changed to => 108
1 => Popped From Local Stack
1 => 4848 2056
1 => 344 iterations changed to => 343
1 => Popped From Local Stack
1 => 5320 2291
1 => 349 iterations changed to => 348
1 => Popped From Local Stack
1 => 5332 2296
1 => 354 iterations changed to => 353
1 => Popped From Local Stack
1 => 5344 2301
1 => 359 iterations changed to => 358
1 => Popped From Local Stack
1 => 5356 2306
1 => 363 iterations changed to => 362
1 => Popped From Local Stack
1 => 5366 2310
1 => 368 iterations changed to => 367
1 => Popped From Local Stack
1 => 5378 2315
1 => 405 iterations changed to => 404
1 => Popped From Local Stack
1 => 5454 2352
1 => 419 iterations changed to => 418
1 => Popped From Local Stack
1 => 5484 2366
1 => 483 iterations changed to => 482
1 => Popped From Local Stack
1 => 5614 2430
1 => 486 iterations changed to => 485
1 => Popped From Local Stack
1 => 5622 2433
1 => 490 iterations changed to => 489
1 => Popped From Local Stack
1 => 5632 2437
1 => 506 iterations changed to => 505
1 => Popped From Local Stack
1 => 5666 2453
1 => 506 iterations changed to => 501
1 => Popped From Local Stack
1 => 5668 2453
1 => 502 iterations changed to => 497
1 => Popped From Local Stack
1 => 5670 2453
1 => 498 iterations changed to => 493
1 => Popped From Local Stack
1 => 5672 2453
1 => 494 iterations changed to => 477
1 => Popped From Local Stack
1 => 5674 2453
1 => 478 iterations changed to => 473
1 => Popped From Local Stack
1 => 5676 2453
1 => 474 iterations changed to => 469
1 => Popped From Local Stack
1 => 5678 2453
1 => 470 iterations changed to => 465
1 => Popped From Local Stack
1 => 5680 2453
1 => 466 iterations changed to => 460
1 => Popped From Local Stack
1 => 5682 2453
1 => 461 iterations changed to => 455
1 => Popped From Local Stack
1 => 5684 2453
1 => 456 iterations changed to => 451
1 => Popped From Local Stack
1 => 5686 2453
1 => 452 iterations changed to => 446
1 => Popped From Local Stack
1 => 5688 2453
1 => 447 iterations changed to => 441
1 => Popped From Local Stack
1 => 5690 2453
1 => 442 iterations changed to => 436
1 => Popped From Local Stack
1 => 5692 2453
1 => 437 iterations changed to => 431
1 => Popped From Local Stack
1 => 5694 2453
1 => 432 iterations changed to => 426
1 => Popped From Local Stack
1 => 5696 2453
1 => 429 iterations changed to => 428
1 => Popped From Local Stack
1 => 5702 2455
1 => 433 iterations changed to => 432
1 => Popped From Local Stack
1 => 5712 2459
1 => 444 iterations changed to => 440
1 => Popped From Local Stack
1 => 5736 2470
1 => 441 iterations changed to => 436
1 => Popped From Local Stack
1 => 5738 2470
1 => 437 iterations changed to => 422
1 => Popped From Local Stack
1 => 5740 2470
1 => 423 iterations changed to => 413
1 => Popped From Local Stack
1 => 5742 2470
1 => 414 iterations changed to => 408
1 => Popped From Local Stack
1 => 5744 2470
1 => 409 iterations changed to => 399
1 => Popped From Local Stack
1 => 5746 2470
1 => 400 iterations changed to => 394
1 => Popped From Local Stack
1 => 5748 2470
1 => 395 iterations changed to => 389
1 => Popped From Local Stack
1 => 5750 2470
1 => 390 iterations changed to => 384
1 => Popped From Local Stack
1 => 5752 2470
1 => 385 iterations changed to => 378
1 => Popped From Local Stack
1 => 5754 2470
1 => 379 iterations changed to => 372
1 => Popped From Local Stack
1 => 5756 2470
1 => 373 iterations changed to => 337
1 => Popped From Local Stack
1 => 5758 2470
1 => 338 iterations changed to => 331
1 => Popped From Local Stack
1 => 5760 2470
1 => 332 iterations changed to => 326
1 => Popped From Local Stack
1 => 5762 2470
1 => 327 iterations changed to => 320
1 => Popped From Local Stack
1 => 5764 2470
1 => 321 iterations changed to => 313
1 => Popped From Local Stack
1 => 5766 2470
1 => 314 iterations changed to => 308
1 => Popped From Local Stack
1 => 5768 2470
1 => 309 iterations changed to => 302
1 => Popped From Local Stack
1 => 5770 2470
1 => 303 iterations changed to => 295
1 => Popped From Local Stack
1 => 5772 2470
1 => 296 iterations changed to => 288
1 => Popped From Local Stack
1 => 5774 2470
1 => 289 iterations changed to => 280
1 => Popped From Local Stack
1 => 5776 2470
1 => 284 iterations changed to => 283
1 => Popped From Local Stack
1 => 5784 2473
1 => 290 iterations changed to => 289
1 => Popped From Local Stack
1 => 5798 2479
Verification Outcome : TIMEDOUT
Time Taken : 2E-06
Verifying serial_markingqueuedirps_1.bpl.bpl
Corral program verifier version 1.0.0.0
http://localhost:5002/
1 => changing to UW
1 => 3 iterations changed to => 2
1 => Popped From Local Stack
1 => 3 2
1 => changing to OR
1 => changing to UW
1 => changing to OR
1 => changing to UW
1 => changing to OR
1 => 46 iterations changed to => 45
1 => Popped From Local Stack
1 => 78 45
1 => 106 iterations changed to => 105
1 => Popped From Local Stack
1 => 200 105
1 => 228 iterations changed to => 227
1 => Popped From Local Stack
1 => 446 227
1 => 245 iterations changed to => 240
1 => Popped From Local Stack
1 => 482 244
1 => 266 iterations changed to => 265
1 => Popped From Local Stack
1 => 534 269
1 => 270 iterations changed to => 269
1 => Popped From Local Stack
1 => 544 273
1 => 270 iterations changed to => 260
1 => Popped From Local Stack
1 => 546 273
1 => 261 iterations changed to => 255
1 => Popped From Local Stack
1 => 548 273
1 => 256 iterations changed to => 249
1 => Popped From Local Stack
1 => 550 273
1 => 250 iterations changed to => 244
1 => Popped From Local Stack
1 => 552 273
1 => 245 iterations changed to => 234
1 => Popped From Local Stack
1 => 554 273
1 => 235 iterations changed to => 219
1 => Popped From Local Stack
1 => 556 273
1 => 220 iterations changed to => 207
1 => Popped From Local Stack
1 => 558 273
1 => 208 iterations changed to => 192
1 => Popped From Local Stack
1 => 560 273
1 => 193 iterations changed to => 176
1 => Popped From Local Stack
1 => 562 273
1 => 177 iterations changed to => 159
1 => Popped From Local Stack
1 => 564 273
1 => 160 iterations changed to => 145
1 => Popped From Local Stack
1 => 566 273
1 => 146 iterations changed to => 126
1 => Popped From Local Stack
1 => 568 273
1 => 127 iterations changed to => 83
1 => Popped From Local Stack
1 => 570 273
1 => 84 iterations changed to => 58
1 => Popped From Local Stack
1 => 572 273
1 => 74 iterations changed to => 73
1 => Popped From Local Stack
1 => 604 288
1 => 85 iterations changed to => 80
1 => Popped From Local Stack
1 => 628 299
1 => 93 iterations changed to => 92
1 => Popped From Local Stack
1 => 654 311
1 => 98 iterations changed to => 97
1 => Popped From Local Stack
1 => 666 316
1 => 98 iterations changed to => 85
1 => Popped From Local Stack
1 => 668 316
1 => 86 iterations changed to => 65
1 => Popped From Local Stack
1 => 670 316
1 => Outcome : ReachedBound
1 =>: 16 <= UW iterations OR => 328
1 => 672 316
Verification Outcome : OK
Time Taken : 300.450265
