Verifying sbp2port_irqldispatch_1.bpl.bpl
Corral program verifier version 1.0.0.0
http://localhost:5002/
1 => changing to UW
1 => 3 iterations changed to => 2
1 => Popped From Local Stack
1 => 3 2
1 => changing to OR
1 => changing to UW
1 => changing to OR
1 => changing to UW
1 => changing to OR
1 => 49 iterations changed to => 48
1 => Popped From Local Stack
1 => 84 48
1 => 75 iterations changed to => 74
1 => Popped From Local Stack
1 => 138 74
1 => 139 iterations changed to => 135
1 => Popped From Local Stack
1 => 268 138
1 => 136 iterations changed to => 115
1 => Popped From Local Stack
1 => 270 138
1 => 259 iterations changed to => 258
1 => Popped From Local Stack
1 => 558 281
1 => 340 iterations changed to => 339
1 => Popped From Local Stack
1 => 722 362
1 => 404 iterations changed to => 403
1 => Popped From Local Stack
1 => 852 426
1 => 407 iterations changed to => 399
1 => Popped From Local Stack
1 => 860 429
1 => 400 iterations changed to => 394
1 => Popped From Local Stack
1 => 862 429
1 => 395 iterations changed to => 389
1 => Popped From Local Stack
1 => 864 429
1 => 390 iterations changed to => 384
1 => Popped From Local Stack
1 => 866 429
1 => 385 iterations changed to => 378
1 => Popped From Local Stack
1 => 868 429
1 => 402 iterations changed to => 401
1 => Popped From Local Stack
1 => 916 452
1 => 409 iterations changed to => 406
1 => Popped From Local Stack
1 => 932 459
1 => 407 iterations changed to => 395
1 => Popped From Local Stack
1 => 934 459
1 => 396 iterations changed to => 389
1 => Popped From Local Stack
1 => 936 459
1 => 391 iterations changed to => 390
1 => Popped From Local Stack
1 => 940 460
1 => 401 iterations changed to => 398
1 => Popped From Local Stack
1 => 962 470
1 => 399 iterations changed to => 394
1 => Popped From Local Stack
1 => 964 470
1 => 395 iterations changed to => 386
1 => Popped From Local Stack
1 => 966 470
1 => 387 iterations changed to => 382
1 => Popped From Local Stack
1 => 968 470
1 => 389 iterations changed to => 388
1 => Popped From Local Stack
1 => 982 476
1 => 405 iterations changed to => 401
1 => Popped From Local Stack
1 => 1016 492
1 => 402 iterations changed to => 396
1 => Popped From Local Stack
1 => 1018 492
1 => 397 iterations changed to => 391
1 => Popped From Local Stack
1 => 1020 492
1 => 392 iterations changed to => 383
1 => Popped From Local Stack
1 => 1022 492
1 => 385 iterations changed to => 384
1 => Popped From Local Stack
1 => 1026 493
1 => 392 iterations changed to => 391
1 => Popped From Local Stack
1 => 1042 500
1 => 400 iterations changed to => 399
1 => Popped From Local Stack
1 => 1060 508
1 => 400 iterations changed to => 395
1 => Popped From Local Stack
1 => 1062 508
1 => 400 iterations changed to => 399
1 => Popped From Local Stack
1 => 1072 512
1 => 400 iterations changed to => 396
1 => Popped From Local Stack
1 => 1074 512
1 => 397 iterations changed to => 387
1 => Popped From Local Stack
1 => 1076 512
1 => 389 iterations changed to => 388
1 => Popped From Local Stack
1 => 1080 513
1 => 397 iterations changed to => 396
1 => Popped From Local Stack
1 => 1098 521
1 => 400 iterations changed to => 399
1 => Popped From Local Stack
1 => 1106 524
1 => 400 iterations changed to => 392
1 => Popped From Local Stack
1 => 1108 524
1 => 393 iterations changed to => 379
1 => Popped From Local Stack
1 => 1110 524
1 => 380 iterations changed to => 374
1 => Popped From Local Stack
1 => 1112 524
1 => 375 iterations changed to => 370
1 => Popped From Local Stack
1 => 1114 524
1 => 371 iterations changed to => 365
1 => Popped From Local Stack
1 => 1116 524
1 => 366 iterations changed to => 359
1 => Popped From Local Stack
1 => 1118 524
1 => 360 iterations changed to => 353
1 => Popped From Local Stack
1 => 1120 524
1 => 354 iterations changed to => 346
1 => Popped From Local Stack
1 => 1122 524
1 => 347 iterations changed to => 332
1 => Popped From Local Stack
1 => 1124 524
1 => 333 iterations changed to => 325
1 => Popped From Local Stack
1 => 1126 524
1 => 326 iterations changed to => 318
1 => Popped From Local Stack
1 => 1128 524
1 => 319 iterations changed to => 310
1 => Popped From Local Stack
1 => 1130 524
1 => 311 iterations changed to => 301
1 => Popped From Local Stack
1 => 1132 524
1 => 305 iterations changed to => 302
1 => Popped From Local Stack
1 => 1140 527
1 => 303 iterations changed to => 292
1 => Popped From Local Stack
1 => 1142 527
1 => 293 iterations changed to => 283
1 => Popped From Local Stack
1 => 1144 527
1 => 284 iterations changed to => 273
1 => Popped From Local Stack
1 => 1146 527
1 => 274 iterations changed to => 263
1 => Popped From Local Stack
1 => 1148 527
1 => 279 iterations changed to => 278
1 => Popped From Local Stack
1 => 1180 542
1 => 300 iterations changed to => 294
1 => Popped From Local Stack
1 => 1224 563
1 => 295 iterations changed to => 289
1 => Popped From Local Stack
1 => 1226 563
1 => 290 iterations changed to => 283
1 => Popped From Local Stack
1 => 1228 563
1 => 285 iterations changed to => 284
1 => Popped From Local Stack
1 => 1232 564
1 => 291 iterations changed to => 289
1 => Popped From Local Stack
1 => 1246 570
1 => 290 iterations changed to => 272
1 => Popped From Local Stack
1 => 1248 570
1 => 273 iterations changed to => 269
1 => Popped From Local Stack
1 => 1250 570
1 => 270 iterations changed to => 266
1 => Popped From Local Stack
1 => 1252 570
1 => 267 iterations changed to => 252
1 => Popped From Local Stack
1 => 1254 570
1 => 253 iterations changed to => 246
1 => Popped From Local Stack
1 => 1256 570
1 => 247 iterations changed to => 237
1 => Popped From Local Stack
1 => 1258 570
1 => 238 iterations changed to => 225
1 => Popped From Local Stack
1 => 1260 570
1 => 312 iterations changed to => 306
1 => Popped From Local Stack
1 => 1434 656
1 => 307 iterations changed to => 299
1 => Popped From Local Stack
1 => 1436 656
1 => 300 iterations changed to => 293
1 => Popped From Local Stack
1 => 1438 656
1 => 294 iterations changed to => 286
1 => Popped From Local Stack
1 => 1440 656
1 => 288 iterations changed to => 287
1 => Popped From Local Stack
1 => 1444 657
1 => 293 iterations changed to => 292
1 => Popped From Local Stack
1 => 1456 662
1 => 298 iterations changed to => 296
1 => Popped From Local Stack
1 => 1468 667
1 => 298 iterations changed to => 297
1 => Popped From Local Stack
1 => 1472 668
1 => 298 iterations changed to => 279
1 => Popped From Local Stack
1 => 1474 668
1 => 280 iterations changed to => 272
1 => Popped From Local Stack
1 => 1476 668
1 => 273 iterations changed to => 267
1 => Popped From Local Stack
1 => 1478 668
1 => 268 iterations changed to => 262
1 => Popped From Local Stack
1 => 1480 668
1 => 263 iterations changed to => 257
1 => Popped From Local Stack
1 => 1482 668
1 => 258 iterations changed to => 252
1 => Popped From Local Stack
1 => 1484 668
1 => 253 iterations changed to => 245
1 => Popped From Local Stack
1 => 1486 668
1 => 246 iterations changed to => 237
1 => Popped From Local Stack
1 => 1488 668
1 => 238 iterations changed to => 228
1 => Popped From Local Stack
1 => 1490 668
1 => 229 iterations changed to => 214
1 => Popped From Local Stack
1 => 1492 668
1 => 215 iterations changed to => 204
1 => Popped From Local Stack
1 => 1494 668
1 => 205 iterations changed to => 192
1 => Popped From Local Stack
1 => 1496 668
1 => 193 iterations changed to => 178
1 => Popped From Local Stack
1 => 1498 668
1 => 179 iterations changed to => 162
1 => Popped From Local Stack
1 => 1500 668
1 => 163 iterations changed to => 146
1 => Popped From Local Stack
1 => 1502 668
1 => 147 iterations changed to => 129
1 => Popped From Local Stack
1 => 1504 668
1 => 130 iterations changed to => 96
1 => Popped From Local Stack
1 => 1506 668
1 => Outcome : ReachedBound
1 =>: 16 <= UW iterations OR => 746
1 => 1508 668
Verification Outcome : OK
Time Taken : 1196.26665
1 => new call tree total iteration : 97
1 => changing to OR
Verifying flpydisk_irqlexapclte1_1.bpl.bpl
Corral program verifier version 1.0.0.0
http://localhost:5002/
1 => changing to UW
1 => 3 iterations changed to => 2
1 => Popped From Local Stack
1 => 3 2
1 => changing to OR
1 => changing to UW
1 => changing to OR
1 => changing to UW
1 => changing to OR
1 => 26 iterations changed to => 25
1 => Popped From Local Stack
1 => 36 25
1 => 39 iterations changed to => 38
1 => Popped From Local Stack
1 => 64 38
1 => 47 iterations changed to => 46
1 => Popped From Local Stack
1 => 82 46
1 => 77 iterations changed to => 74
1 => Popped From Local Stack
1 => 144 76
1 => 75 iterations changed to => 69
1 => Popped From Local Stack
1 => 146 76
1 => 70 iterations changed to => 62
1 => Popped From Local Stack
1 => 148 76
1 => 63 iterations changed to => 60
1 => Popped From Local Stack
1 => 150 76
1 => 61 iterations changed to => 57
1 => Popped From Local Stack
1 => 152 76
1 => 58 iterations changed to => 52
1 => Popped From Local Stack
1 => 154 76
1 => Outcome : ReachedBound
1 =>: 18 <= UW iterations OR => 69
1 => 156 76
1 => new call tree total iteration : 53
1 => changing to OR
Verification Outcome : OK
Time Taken : 1178.908969
Verifying ppa3x_nsremovelockmnremove_0.bpl.bpl
Corral program verifier version 1.0.0.0
http://localhost:5002/
1 => changing to UW
1 => 3 iterations changed to => 2
1 => Popped From Local Stack
1 => 3 2
1 => changing to OR
1 => changing to UW
1 => changing to OR
1 => 44 iterations changed to => 43
1 => Popped From Local Stack
1 => 75 43
1 => 61 iterations changed to => 60
1 => Popped From Local Stack
1 => 111 60
1 => 78 iterations changed to => 77
1 => Popped From Local Stack
1 => 147 77
1 => 168 iterations changed to => 167
1 => Popped From Local Stack
1 => 329 167
1 => 179 iterations changed to => 178
1 => Popped From Local Stack
1 => 353 178
1 => 293 iterations changed to => 292
1 => Popped From Local Stack
1 => 583 292
1 => 358 iterations changed to => 357
1 => Popped From Local Stack
1 => 715 357
1 => 379 iterations changed to => 378
1 => Popped From Local Stack
1 => 759 378
1 => 385 iterations changed to => 384
1 => Popped From Local Stack
1 => 773 384
1 => 449 iterations changed to => 448
1 => Popped From Local Stack
1 => 903 448
1 => 454 iterations changed to => 453
1 => Popped From Local Stack
1 => 915 453
1 => 458 iterations changed to => 457
1 => Popped From Local Stack
1 => 925 457
1 => 463 iterations changed to => 462
1 => Popped From Local Stack
1 => 937 462
1 => 469 iterations changed to => 468
1 => Popped From Local Stack
1 => 951 468
1 => 525 iterations changed to => 524
1 => Popped From Local Stack
1 => 1065 524
1 => 529 iterations changed to => 528
1 => Popped From Local Stack
1 => 1075 528
1 => 534 iterations changed to => 533
1 => Popped From Local Stack
1 => 1087 533
1 => 540 iterations changed to => 539
1 => Popped From Local Stack
1 => 1101 539
1 => 545 iterations changed to => 544
1 => Popped From Local Stack
1 => 1113 544
1 => 550 iterations changed to => 549
1 => Popped From Local Stack
1 => 1125 549
1 => 561 iterations changed to => 560
1 => Popped From Local Stack
1 => 1149 560
1 => 561 iterations changed to => 555
1 => Popped From Local Stack
1 => 1151 560
1 => 556 iterations changed to => 519
1 => Popped From Local Stack
1 => 1153 560
1 => 524 iterations changed to => 523
1 => Popped From Local Stack
1 => 1163 564
1 => 528 iterations changed to => 527
1 => Popped From Local Stack
1 => 1173 568
1 => 532 iterations changed to => 531
1 => Popped From Local Stack
1 => 1183 572
1 => 537 iterations changed to => 536
1 => Popped From Local Stack
1 => 1195 577
1 => 558 iterations changed to => 557
1 => Popped From Local Stack
1 => 1239 598
1 => 561 iterations changed to => 553
1 => Popped From Local Stack
1 => 1247 601
1 => 554 iterations changed to => 548
1 => Popped From Local Stack
1 => 1249 601
1 => 549 iterations changed to => 544
1 => Popped From Local Stack
1 => 1251 601
1 => 545 iterations changed to => 540
1 => Popped From Local Stack
1 => 1253 601
1 => 541 iterations changed to => 514
1 => Popped From Local Stack
1 => 1255 601
1 => 515 iterations changed to => 511
1 => Popped From Local Stack
1 => 1257 601
1 => 512 iterations changed to => 507
1 => Popped From Local Stack
1 => 1259 601
1 => 508 iterations changed to => 501
1 => Popped From Local Stack
1 => 1261 601
1 => 505 iterations changed to => 504
1 => Popped From Local Stack
1 => 1269 604
1 => 509 iterations changed to => 508
1 => Popped From Local Stack
1 => 1279 608
1 => 513 iterations changed to => 512
1 => Popped From Local Stack
1 => 1289 612
1 => 517 iterations changed to => 516
1 => Popped From Local Stack
1 => 1299 616
1 => 530 iterations changed to => 529
1 => Popped From Local Stack
1 => 1327 629
1 => 549 iterations changed to => 548
1 => Popped From Local Stack
1 => 1367 648
1 => 561 iterations changed to => 558
1 => Popped From Local Stack
1 => 1393 660
1 => 559 iterations changed to => 554
1 => Popped From Local Stack
1 => 1395 660
1 => 555 iterations changed to => 544
1 => Popped From Local Stack
1 => 1397 660
1 => 545 iterations changed to => 540
1 => Popped From Local Stack
1 => 1399 660
1 => 541 iterations changed to => 535
1 => Popped From Local Stack
1 => 1401 660
1 => 536 iterations changed to => 525
1 => Popped From Local Stack
1 => 1403 660
1 => 526 iterations changed to => 521
1 => Popped From Local Stack
1 => 1405 660
1 => 522 iterations changed to => 494
1 => Popped From Local Stack
1 => 1407 660
1 => 495 iterations changed to => 489
1 => Popped From Local Stack
1 => 1409 660
1 => 490 iterations changed to => 484
1 => Popped From Local Stack
1 => 1411 660
1 => 485 iterations changed to => 478
1 => Popped From Local Stack
1 => 1413 660
1 => 481 iterations changed to => 480
1 => Popped From Local Stack
1 => 1419 662
1 => 525 iterations changed to => 524
1 => Popped From Local Stack
1 => 1509 706
1 => 530 iterations changed to => 529
1 => Popped From Local Stack
1 => 1521 711
1 => 534 iterations changed to => 533
1 => Popped From Local Stack
1 => 1531 715
1 => 538 iterations changed to => 537
1 => Popped From Local Stack
1 => 1541 719
1 => 550 iterations changed to => 547
1 => Popped From Local Stack
1 => 1567 731
1 => 548 iterations changed to => 543
1 => Popped From Local Stack
1 => 1569 731
1 => 544 iterations changed to => 518
1 => Popped From Local Stack
1 => 1571 731
1 => 519 iterations changed to => 513
1 => Popped From Local Stack
1 => 1573 731
1 => 514 iterations changed to => 508
1 => Popped From Local Stack
1 => 1575 731
1 => 509 iterations changed to => 502
1 => Popped From Local Stack
1 => 1577 731
1 => 503 iterations changed to => 497
1 => Popped From Local Stack
1 => 1579 731
1 => 499 iterations changed to => 498
1 => Popped From Local Stack
1 => 1583 732
1 => 503 iterations changed to => 502
1 => Popped From Local Stack
1 => 1593 736
1 => 514 iterations changed to => 513
1 => Popped From Local Stack
1 => 1617 747
1 => 518 iterations changed to => 517
1 => Popped From Local Stack
1 => 1627 751
1 => 550 iterations changed to => 548
1 => Popped From Local Stack
1 => 1693 783
1 => 549 iterations changed to => 544
1 => Popped From Local Stack
1 => 1695 783
1 => 545 iterations changed to => 539
1 => Popped From Local Stack
1 => 1697 783
1 => 550 iterations changed to => 546
1 => Popped From Local Stack
1 => 1719 793
1 => 547 iterations changed to => 541
1 => Popped From Local Stack
1 => 1721 793
1 => 542 iterations changed to => 534
1 => Popped From Local Stack
1 => 1723 793
1 => 535 iterations changed to => 531
1 => Popped From Local Stack
1 => 1725 793
1 => 532 iterations changed to => 526
1 => Popped From Local Stack
1 => 1727 793
1 => 527 iterations changed to => 521
1 => Popped From Local Stack
1 => 1729 793
1 => 522 iterations changed to => 508
1 => Popped From Local Stack
1 => 1731 793
1 => 509 iterations changed to => 492
1 => Popped From Local Stack
1 => 1733 793
1 => 493 iterations changed to => 486
1 => Popped From Local Stack
1 => 1735 793
1 => 487 iterations changed to => 473
1 => Popped From Local Stack
1 => 1737 793
1 => 475 iterations changed to => 474
1 => Popped From Local Stack
1 => 1741 794
1 => 535 iterations changed to => 534
1 => Popped From Local Stack
1 => 1863 854
1 => 539 iterations changed to => 538
1 => Popped From Local Stack
1 => 1873 858
1 => 546 iterations changed to => 545
1 => Popped From Local Stack
1 => 1889 865
1 => 551 iterations changed to => 550
1 => Popped From Local Stack
1 => 1901 870
1 => 555 iterations changed to => 554
1 => Popped From Local Stack
1 => 1911 874
1 => 561 iterations changed to => 558
1 => Popped From Local Stack
1 => 1925 880
1 => 559 iterations changed to => 542
1 => Popped From Local Stack
1 => 1927 880
1 => 543 iterations changed to => 529
1 => Popped From Local Stack
1 => 1929 880
1 => 530 iterations changed to => 525
1 => Popped From Local Stack
1 => 1931 880
1 => 526 iterations changed to => 521
1 => Popped From Local Stack
1 => 1933 880
1 => 522 iterations changed to => 517
1 => Popped From Local Stack
1 => 1935 880
1 => 518 iterations changed to => 513
1 => Popped From Local Stack
1 => 1937 880
1 => 515 iterations changed to => 514
1 => Popped From Local Stack
1 => 1941 881
1 => 519 iterations changed to => 518
1 => Popped From Local Stack
1 => 1951 885
1 => 527 iterations changed to => 526
1 => Popped From Local Stack
1 => 1969 893
1 => 530 iterations changed to => 529
1 => Popped From Local Stack
1 => 1977 896
1 => 539 iterations changed to => 538
1 => Popped From Local Stack
1 => 1997 905
1 => 560 iterations changed to => 559
1 => Popped From Local Stack
1 => 2041 926
1 => 561 iterations changed to => 555
1 => Popped From Local Stack
1 => 2045 927
1 => 556 iterations changed to => 550
1 => Popped From Local Stack
1 => 2047 927
1 => 551 iterations changed to => 545
1 => Popped From Local Stack
1 => 2049 927
1 => 546 iterations changed to => 542
1 => Popped From Local Stack
1 => 2051 927
1 => 543 iterations changed to => 534
1 => Popped From Local Stack
1 => 2053 927
1 => 535 iterations changed to => 522
1 => Popped From Local Stack
1 => 2055 927
1 => 523 iterations changed to => 509
1 => Popped From Local Stack
1 => 2057 927
1 => 510 iterations changed to => 505
1 => Popped From Local Stack
1 => 2059 927
1 => 506 iterations changed to => 499
1 => Popped From Local Stack
1 => 2061 927
1 => 500 iterations changed to => 493
1 => Popped From Local Stack
1 => 2063 927
1 => 502 iterations changed to => 501
1 => Popped From Local Stack
1 => 2081 935
1 => 519 iterations changed to => 518
1 => Popped From Local Stack
1 => 2117 952
1 => 524 iterations changed to => 523
1 => Popped From Local Stack
1 => 2129 957
1 => 531 iterations changed to => 530
1 => Popped From Local Stack
1 => 2145 964
1 => 541 iterations changed to => 540
1 => Popped From Local Stack
1 => 2167 974
1 => 545 iterations changed to => 544
1 => Popped From Local Stack
1 => 2177 978
1 => 558 iterations changed to => 557
1 => Popped From Local Stack
1 => 2205 991
1 => 561 iterations changed to => 553
1 => Popped From Local Stack
1 => 2213 994
1 => 554 iterations changed to => 548
1 => Popped From Local Stack
1 => 2215 994
1 => 549 iterations changed to => 535
1 => Popped From Local Stack
1 => 2217 994
1 => 536 iterations changed to => 527
1 => Popped From Local Stack
1 => 2219 994
1 => 528 iterations changed to => 513
1 => Popped From Local Stack
1 => 2221 994
1 => 514 iterations changed to => 510
1 => Popped From Local Stack
1 => 2223 994
1 => 511 iterations changed to => 506
1 => Popped From Local Stack
1 => 2225 994
1 => 508 iterations changed to => 507
1 => Popped From Local Stack
1 => 2229 995
1 => 511 iterations changed to => 510
1 => Popped From Local Stack
1 => 2237 998
1 => 514 iterations changed to => 513
1 => Popped From Local Stack
1 => 2245 1001
1 => 524 iterations changed to => 523
1 => Popped From Local Stack
1 => 2267 1011
1 => 527 iterations changed to => 526
1 => Popped From Local Stack
1 => 2275 1014
1 => 552 iterations changed to => 551
1 => Popped From Local Stack
1 => 2327 1039
1 => 561 iterations changed to => 559
1 => Popped From Local Stack
1 => 2347 1048
1 => 560 iterations changed to => 555
1 => Popped From Local Stack
1 => 2349 1048
1 => 556 iterations changed to => 546
1 => Popped From Local Stack
1 => 2351 1048
1 => 547 iterations changed to => 543
1 => Popped From Local Stack
1 => 2353 1048
1 => 544 iterations changed to => 539
1 => Popped From Local Stack
1 => 2355 1048
1 => 540 iterations changed to => 534
1 => Popped From Local Stack
1 => 2357 1048
1 => 535 iterations changed to => 529
1 => Popped From Local Stack
1 => 2359 1048
1 => 530 iterations changed to => 518
1 => Popped From Local Stack
1 => 2361 1048
1 => 519 iterations changed to => 496
1 => Popped From Local Stack
1 => 2363 1048
1 => 497 iterations changed to => 489
1 => Popped From Local Stack
1 => 2365 1048
1 => 502 iterations changed to => 501
1 => Popped From Local Stack
1 => 2391 1060
1 => 519 iterations changed to => 518
1 => Popped From Local Stack
1 => 2427 1077
1 => 531 iterations changed to => 530
1 => Popped From Local Stack
1 => 2453 1089
1 => 536 iterations changed to => 535
1 => Popped From Local Stack
1 => 2465 1094
1 => 541 iterations changed to => 540
1 => Popped From Local Stack
1 => 2477 1099
1 => 545 iterations changed to => 544
1 => Popped From Local Stack
1 => 2487 1103
1 => 554 iterations changed to => 553
1 => Popped From Local Stack
1 => 2507 1112
1 => 558 iterations changed to => 557
1 => Popped From Local Stack
1 => 2517 1116
1 => 561 iterations changed to => 548
1 => Popped From Local Stack
1 => 2525 1119
1 => 549 iterations changed to => 527
1 => Popped From Local Stack
1 => 2527 1119
1 => 528 iterations changed to => 523
1 => Popped From Local Stack
1 => 2529 1119
1 => 524 iterations changed to => 513
1 => Popped From Local Stack
1 => 2531 1119
1 => 514 iterations changed to => 510
1 => Popped From Local Stack
1 => 2533 1119
1 => 512 iterations changed to => 511
1 => Popped From Local Stack
1 => 2537 1120
1 => 515 iterations changed to => 514
1 => Popped From Local Stack
1 => 2545 1123
1 => 525 iterations changed to => 524
1 => Popped From Local Stack
1 => 2567 1133
1 => 533 iterations changed to => 532
1 => Popped From Local Stack
1 => 2585 1141
1 => 538 iterations changed to => 537
1 => Popped From Local Stack
1 => 2597 1146
1 => 542 iterations changed to => 541
1 => Popped From Local Stack
1 => 2607 1150
1 => 548 iterations changed to => 547
1 => Popped From Local Stack
1 => 2621 1156
1 => 553 iterations changed to => 552
1 => Popped From Local Stack
1 => 2633 1161
1 => 561 iterations changed to => 560
1 => Popped From Local Stack
1 => 2651 1169
1 => 561 iterations changed to => 556
1 => Popped From Local Stack
1 => 2653 1169
1 => 557 iterations changed to => 544
1 => Popped From Local Stack
1 => 2655 1169
1 => 545 iterations changed to => 528
1 => Popped From Local Stack
1 => 2657 1169
1 => 529 iterations changed to => 519
1 => Popped From Local Stack
1 => 2659 1169
1 => 520 iterations changed to => 506
1 => Popped From Local Stack
1 => 2661 1169
1 => 507 iterations changed to => 496
1 => Popped From Local Stack
1 => 2663 1169
1 => 497 iterations changed to => 491
1 => Popped From Local Stack
1 => 2665 1169
1 => 492 iterations changed to => 485
1 => Popped From Local Stack
1 => 2667 1169
1 => 486 iterations changed to => 480
1 => Popped From Local Stack
1 => 2669 1169
1 => 532 iterations changed to => 531
1 => Popped From Local Stack
1 => 2773 1220
1 => 540 iterations changed to => 539
1 => Popped From Local Stack
1 => 2791 1228
1 => 550 iterations changed to => 549
1 => Popped From Local Stack
1 => 2813 1238
1 => 552 iterations changed to => 544
1 => Popped From Local Stack
1 => 2819 1240
1 => 545 iterations changed to => 535
1 => Popped From Local Stack
1 => 2821 1240
1 => 536 iterations changed to => 526
1 => Popped From Local Stack
1 => 2823 1240
1 => 527 iterations changed to => 520
1 => Popped From Local Stack
1 => 2825 1240
1 => 521 iterations changed to => 516
1 => Popped From Local Stack
1 => 2827 1240
1 => 518 iterations changed to => 517
1 => Popped From Local Stack
1 => 2831 1241
1 => 527 iterations changed to => 526
1 => Popped From Local Stack
1 => 2851 1250
1 => 536 iterations changed to => 535
1 => Popped From Local Stack
1 => 2871 1259
1 => 540 iterations changed to => 539
1 => Popped From Local Stack
1 => 2881 1263
1 => 550 iterations changed to => 549
1 => Popped From Local Stack
1 => 2903 1273
1 => 552 iterations changed to => 545
1 => Popped From Local Stack
1 => 2909 1275
1 => 546 iterations changed to => 531
1 => Popped From Local Stack
1 => 2911 1275
1 => 532 iterations changed to => 520
1 => Popped From Local Stack
1 => 2913 1275
1 => 521 iterations changed to => 510
1 => Popped From Local Stack
1 => 2915 1275
1 => 511 iterations changed to => 504
1 => Popped From Local Stack
1 => 2917 1275
1 => 506 iterations changed to => 505
1 => Popped From Local Stack
1 => 2921 1276
1 => 511 iterations changed to => 510
1 => Popped From Local Stack
1 => 2933 1281
1 => 524 iterations changed to => 523
1 => Popped From Local Stack
1 => 2961 1294
1 => 529 iterations changed to => 528
1 => Popped From Local Stack
1 => 2973 1299
1 => 542 iterations changed to => 541
1 => Popped From Local Stack
1 => 3001 1312
1 => 552 iterations changed to => 550
1 => Popped From Local Stack
1 => 3023 1322
1 => 551 iterations changed to => 546
1 => Popped From Local Stack
1 => 3025 1322
1 => 547 iterations changed to => 536
1 => Popped From Local Stack
1 => 3027 1322
1 => 548 iterations changed to => 547
1 => Popped From Local Stack
1 => 3051 1333
1 => 552 iterations changed to => 551
1 => Popped From Local Stack
1 => 3061 1337
1 => 552 iterations changed to => 542
1 => Popped From Local Stack
1 => 3063 1337
1 => 543 iterations changed to => 537
1 => Popped From Local Stack
1 => 3065 1337
1 => 538 iterations changed to => 532
1 => Popped From Local Stack
1 => 3067 1337
1 => 533 iterations changed to => 519
1 => Popped From Local Stack
1 => 3069 1337
1 => 521 iterations changed to => 520
1 => Popped From Local Stack
1 => 3073 1338
1 => 526 iterations changed to => 525
1 => Popped From Local Stack
1 => 3085 1343
1 => 552 iterations changed to => 551
1 => Popped From Local Stack
1 => 3139 1369
1 => 552 iterations changed to => 547
1 => Popped From Local Stack
1 => 3141 1369
1 => 548 iterations changed to => 542
1 => Popped From Local Stack
1 => 3143 1369
1 => 549 iterations changed to => 548
1 => Popped From Local Stack
1 => 3157 1375
1 => 552 iterations changed to => 544
1 => Popped From Local Stack
1 => 3165 1378
1 => 545 iterations changed to => 537
1 => Popped From Local Stack
1 => 3167 1378
1 => 538 iterations changed to => 534
1 => Popped From Local Stack
1 => 3169 1378
1 => 535 iterations changed to => 530
1 => Popped From Local Stack
1 => 3171 1378
1 => 531 iterations changed to => 515
1 => Popped From Local Stack
1 => 3173 1378
1 => 516 iterations changed to => 499
1 => Popped From Local Stack
1 => 3175 1378
1 => 500 iterations changed to => 494
1 => Popped From Local Stack
1 => 3177 1378
1 => 495 iterations changed to => 488
1 => Popped From Local Stack
1 => 3179 1378
1 => 489 iterations changed to => 482
1 => Popped From Local Stack
1 => 3181 1378
1 => 483 iterations changed to => 442
1 => Popped From Local Stack
1 => 3183 1378
1 => 443 iterations changed to => 437
1 => Popped From Local Stack
1 => 3185 1378
1 => 438 iterations changed to => 430
1 => Popped From Local Stack
1 => 3187 1378
1 => 434 iterations changed to => 433
1 => Popped From Local Stack
1 => 3195 1381
1 => 439 iterations changed to => 438
1 => Popped From Local Stack
1 => 3207 1386
1 => 443 iterations changed to => 442
1 => Popped From Local Stack
1 => 3217 1390
1 => 454 iterations changed to => 453
1 => Popped From Local Stack
1 => 3241 1401
1 => 459 iterations changed to => 458
1 => Popped From Local Stack
1 => 3253 1406
1 => 475 iterations changed to => 474
1 => Popped From Local Stack
1 => 3287 1422
1 => 491 iterations changed to => 490
1 => Popped From Local Stack
1 => 3321 1438
1 => 497 iterations changed to => 496
1 => Popped From Local Stack
1 => 3335 1444
1 => 502 iterations changed to => 501
1 => Popped From Local Stack
1 => 3347 1449
1 => 514 iterations changed to => 513
1 => Popped From Local Stack
1 => 3373 1461
1 => 522 iterations changed to => 521
1 => Popped From Local Stack
1 => 3391 1469
1 => 529 iterations changed to => 528
1 => Popped From Local Stack
1 => 3407 1476
1 => 536 iterations changed to => 535
1 => Popped From Local Stack
1 => 3423 1483
1 => 547 iterations changed to => 546
1 => Popped From Local Stack
1 => 3447 1494
1 => 551 iterations changed to => 550
1 => Popped From Local Stack
1 => 3457 1498
1 => 555 iterations changed to => 554
1 => Popped From Local Stack
1 => 3467 1502
1 => 561 iterations changed to => 557
1 => Popped From Local Stack
1 => 3481 1508
1 => 558 iterations changed to => 543
1 => Popped From Local Stack
1 => 3483 1508
1 => 544 iterations changed to => 539
1 => Popped From Local Stack
1 => 3485 1508
1 => 541 iterations changed to => 540
1 => Popped From Local Stack
1 => 3489 1509
1 => 544 iterations changed to => 543
1 => Popped From Local Stack
1 => 3497 1512
1 => 561 iterations changed to => 559
1 => Popped From Local Stack
1 => 3533 1529
1 => 560 iterations changed to => 555
1 => Popped From Local Stack
1 => 3535 1529
1 => 556 iterations changed to => 550
1 => Popped From Local Stack
1 => 3537 1529
1 => 551 iterations changed to => 546
1 => Popped From Local Stack
1 => 3539 1529
1 => 547 iterations changed to => 531
1 => Popped From Local Stack
1 => 3541 1529
1 => 532 iterations changed to => 524
1 => Popped From Local Stack
1 => 3543 1529
1 => 527 iterations changed to => 526
1 => Popped From Local Stack
1 => 3549 1531
1 => 530 iterations changed to => 529
1 => Popped From Local Stack
1 => 3557 1534
1 => 535 iterations changed to => 534
1 => Popped From Local Stack
1 => 3569 1539
1 => 540 iterations changed to => 539
1 => Popped From Local Stack
1 => 3581 1544
1 => 561 iterations changed to => 559
1 => Popped From Local Stack
1 => 3625 1565
1 => 560 iterations changed to => 555
1 => Popped From Local Stack
1 => 3627 1565
1 => 556 iterations changed to => 551
1 => Popped From Local Stack
1 => 3629 1565
1 => 552 iterations changed to => 546
1 => Popped From Local Stack
1 => 3631 1565
1 => 547 iterations changed to => 543
1 => Popped From Local Stack
1 => 3633 1565
1 => 544 iterations changed to => 517
1 => Popped From Local Stack
1 => 3635 1565
1 => 518 iterations changed to => 510
1 => Popped From Local Stack
1 => 3637 1565
1 => 511 iterations changed to => 506
1 => Popped From Local Stack
1 => 3639 1565
1 => 507 iterations changed to => 486
1 => Popped From Local Stack
1 => 3641 1565
1 => 487 iterations changed to => 480
1 => Popped From Local Stack
1 => 3643 1565
1 => 481 iterations changed to => 469
1 => Popped From Local Stack
1 => 3645 1565
1 => 472 iterations changed to => 471
1 => Popped From Local Stack
1 => 3651 1567
1 => 490 iterations changed to => 489
1 => Popped From Local Stack
1 => 3689 1585
1 => 500 iterations changed to => 499
1 => Popped From Local Stack
1 => 3711 1595
1 => 505 iterations changed to => 504
1 => Popped From Local Stack
1 => 3723 1600
1 => 513 iterations changed to => 512
1 => Popped From Local Stack
1 => 3741 1608
1 => 523 iterations changed to => 522
1 => Popped From Local Stack
1 => 3763 1618
1 => 533 iterations changed to => 532
1 => Popped From Local Stack
1 => 3785 1628
1 => 541 iterations changed to => 537
1 => Popped From Local Stack
1 => 3803 1636
1 => 538 iterations changed to => 526
1 => Popped From Local Stack
1 => 3805 1636
1 => 527 iterations changed to => 517
1 => Popped From Local Stack
1 => 3807 1636
1 => 518 iterations changed to => 508
1 => Popped From Local Stack
1 => 3809 1636
1 => 509 iterations changed to => 493
1 => Popped From Local Stack
1 => 3811 1636
1 => 494 iterations changed to => 483
1 => Popped From Local Stack
1 => 3813 1636
1 => 485 iterations changed to => 484
1 => Popped From Local Stack
1 => 3817 1637
1 => 490 iterations changed to => 489
1 => Popped From Local Stack
1 => 3829 1642
1 => 500 iterations changed to => 499
1 => Popped From Local Stack
1 => 3851 1652
1 => 510 iterations changed to => 509
1 => Popped From Local Stack
1 => 3873 1662
1 => 516 iterations changed to => 515
1 => Popped From Local Stack
1 => 3887 1668
1 => 526 iterations changed to => 525
1 => Popped From Local Stack
1 => 3909 1678
1 => 532 iterations changed to => 531
1 => Popped From Local Stack
1 => 3923 1684
1 => 537 iterations changed to => 536
1 => Popped From Local Stack
1 => 3935 1689
1 => 541 iterations changed to => 540
1 => Popped From Local Stack
1 => 3945 1693
1 => 541 iterations changed to => 521
1 => Popped From Local Stack
1 => 3947 1693
1 => 522 iterations changed to => 505
1 => Popped From Local Stack
1 => 3949 1693
1 => 506 iterations changed to => 493
1 => Popped From Local Stack
1 => 3951 1693
1 => 498 iterations changed to => 497
1 => Popped From Local Stack
1 => 3961 1697
1 => 503 iterations changed to => 502
1 => Popped From Local Stack
1 => 3973 1702
1 => 512 iterations changed to => 511
1 => Popped From Local Stack
1 => 3993 1711
1 => 518 iterations changed to => 517
1 => Popped From Local Stack
1 => 4007 1717
1 => 523 iterations changed to => 522
1 => Popped From Local Stack
1 => 4019 1722
1 => 533 iterations changed to => 532
1 => Popped From Local Stack
1 => 4041 1732
1 => 541 iterations changed to => 537
1 => Popped From Local Stack
1 => 4059 1740
1 => 538 iterations changed to => 526
1 => Popped From Local Stack
1 => 4061 1740
1 => 527 iterations changed to => 507
1 => Popped From Local Stack
1 => 4063 1740
1 => 508 iterations changed to => 477
1 => Popped From Local Stack
1 => 4065 1740
1 => 478 iterations changed to => 464
1 => Popped From Local Stack
1 => 4067 1740
1 => 465 iterations changed to => 448
1 => Popped From Local Stack
1 => 4069 1740
1 => 449 iterations changed to => 423
1 => Popped From Local Stack
1 => 4071 1740
1 => 427 iterations changed to => 426
1 => Popped From Local Stack
1 => 4079 1743
1 => 434 iterations changed to => 433
1 => Popped From Local Stack
1 => 4095 1750
1 => 445 iterations changed to => 444
1 => Popped From Local Stack
1 => 4119 1761
1 => 452 iterations changed to => 451
1 => Popped From Local Stack
1 => 4135 1768
1 => 457 iterations changed to => 456
1 => Popped From Local Stack
1 => 4147 1773
1 => 462 iterations changed to => 461
1 => Popped From Local Stack
1 => 4159 1778
1 => 474 iterations changed to => 473
1 => Popped From Local Stack
1 => 4185 1790
1 => 480 iterations changed to => 479
1 => Popped From Local Stack
1 => 4199 1796
1 => 491 iterations changed to => 490
1 => Popped From Local Stack
1 => 4223 1807
1 => 497 iterations changed to => 496
1 => Popped From Local Stack
1 => 4237 1813
1 => 503 iterations changed to => 502
1 => Popped From Local Stack
1 => 4251 1819
1 => 516 iterations changed to => 515
1 => Popped From Local Stack
1 => 4279 1832
1 => 521 iterations changed to => 520
1 => Popped From Local Stack
1 => 4291 1837
1 => 536 iterations changed to => 535
1 => Popped From Local Stack
1 => 4323 1852
1 => 546 iterations changed to => 545
1 => Popped From Local Stack
1 => 4345 1862
1 => 557 iterations changed to => 556
1 => Popped From Local Stack
1 => 4369 1873
1 => 561 iterations changed to => 560
1 => Popped From Local Stack
1 => 4379 1877
1 => 561 iterations changed to => 551
1 => Popped From Local Stack
1 => 4381 1877
1 => 552 iterations changed to => 540
1 => Popped From Local Stack
1 => 4383 1877
1 => 543 iterations changed to => 542
1 => Popped From Local Stack
1 => 4389 1879
1 => 546 iterations changed to => 545
1 => Popped From Local Stack
1 => 4397 1882
1 => 561 iterations changed to => 560
1 => Popped From Local Stack
1 => 4429 1897
1 => 561 iterations changed to => 556
1 => Popped From Local Stack
1 => 4431 1897
1 => 557 iterations changed to => 551
1 => Popped From Local Stack
1 => 4433 1897
1 => 552 iterations changed to => 529
1 => Popped From Local Stack
1 => 4435 1897
1 => 532 iterations changed to => 531
1 => Popped From Local Stack
1 => 4441 1899
1 => 538 iterations changed to => 537
1 => Popped From Local Stack
1 => 4455 1905
1 => 543 iterations changed to => 542
1 => Popped From Local Stack
1 => 4467 1910
1 => 561 iterations changed to => 560
1 => Popped From Local Stack
1 => 4505 1928
1 => 561 iterations changed to => 556
1 => Popped From Local Stack
1 => 4507 1928
1 => 557 iterations changed to => 551
1 => Popped From Local Stack
1 => 4509 1928
1 => 552 iterations changed to => 545
1 => Popped From Local Stack
1 => 4511 1928
1 => 546 iterations changed to => 525
1 => Popped From Local Stack
1 => 4513 1928
1 => 527 iterations changed to => 526
1 => Popped From Local Stack
1 => 4517 1929
1 => 530 iterations changed to => 529
1 => Popped From Local Stack
1 => 4525 1932
1 => 535 iterations changed to => 534
1 => Popped From Local Stack
1 => 4537 1937
1 => 561 iterations changed to => 558
1 => Popped From Local Stack
1 => 4591 1963
1 => 559 iterations changed to => 553
1 => Popped From Local Stack
1 => 4593 1963
1 => 561 iterations changed to => 559
1 => Popped From Local Stack
1 => 4609 1970
1 => 560 iterations changed to => 554
1 => Popped From Local Stack
1 => 4611 1970
1 => 555 iterations changed to => 547
1 => Popped From Local Stack
1 => 4613 1970
1 => 548 iterations changed to => 543
1 => Popped From Local Stack
1 => 4615 1970
1 => 544 iterations changed to => 539
1 => Popped From Local Stack
1 => 4617 1970
1 => 540 iterations changed to => 511
1 => Popped From Local Stack
1 => 4619 1970
1 => 512 iterations changed to => 507
1 => Popped From Local Stack
1 => 4621 1970
1 => 508 iterations changed to => 485
1 => Popped From Local Stack
1 => 4623 1970
1 => 486 iterations changed to => 468
1 => Popped From Local Stack
1 => 4625 1970
1 => 469 iterations changed to => 439
1 => Popped From Local Stack
1 => 4627 1970
1 => 441 iterations changed to => 440
1 => Popped From Local Stack
1 => 4631 1971
1 => 458 iterations changed to => 457
1 => Popped From Local Stack
1 => 4667 1988
1 => 463 iterations changed to => 462
1 => Popped From Local Stack
1 => 4679 1993
1 => 509 iterations changed to => 508
1 => Popped From Local Stack
1 => 4773 2039
1 => 524 iterations changed to => 523
1 => Popped From Local Stack
1 => 4805 2054
1 => 538 iterations changed to => 537
1 => Popped From Local Stack
1 => 4835 2068
1 => 546 iterations changed to => 545
1 => Popped From Local Stack
1 => 4853 2076
1 => 557 iterations changed to => 556
1 => Popped From Local Stack
1 => 4877 2087
1 => 561 iterations changed to => 560
1 => Popped From Local Stack
1 => 4887 2091
1 => 561 iterations changed to => 551
1 => Popped From Local Stack
1 => 4889 2091
1 => 559 iterations changed to => 558
1 => Popped From Local Stack
1 => 4905 2098
1 => 561 iterations changed to => 553
1 => Popped From Local Stack
1 => 4911 2100
1 => 554 iterations changed to => 542
1 => Popped From Local Stack
1 => 4913 2100
1 => 543 iterations changed to => 531
1 => Popped From Local Stack
1 => 4915 2100
1 => 532 iterations changed to => 527
1 => Popped From Local Stack
1 => 4917 2100
1 => 528 iterations changed to => 517
1 => Popped From Local Stack
1 => 4919 2100
1 => 518 iterations changed to => 512
1 => Popped From Local Stack
1 => 4921 2100
1 => 513 iterations changed to => 502
1 => Popped From Local Stack
1 => 4923 2100
1 => 503 iterations changed to => 496
1 => Popped From Local Stack
1 => 4925 2100
1 => 497 iterations changed to => 490
1 => Popped From Local Stack
1 => 4927 2100
1 => 491 iterations changed to => 485
1 => Popped From Local Stack
1 => 4929 2100
1 => 510 iterations changed to => 509
1 => Popped From Local Stack
1 => 4979 2124
1 => 533 iterations changed to => 532
1 => Popped From Local Stack
1 => 5027 2147
1 => 538 iterations changed to => 537
1 => Popped From Local Stack
1 => 5039 2152
1 => 548 iterations changed to => 547
1 => Popped From Local Stack
1 => 5061 2162
1 => 553 iterations changed to => 552
1 => Popped From Local Stack
1 => 5073 2167
1 => 557 iterations changed to => 556
1 => Popped From Local Stack
1 => 5083 2171
1 => 557 iterations changed to => 541
1 => Popped From Local Stack
1 => 5085 2171
1 => 542 iterations changed to => 527
1 => Popped From Local Stack
1 => 5087 2171
1 => 528 iterations changed to => 523
1 => Popped From Local Stack
1 => 5089 2171
1 => 524 iterations changed to => 519
1 => Popped From Local Stack
1 => 5091 2171
1 => 520 iterations changed to => 514
1 => Popped From Local Stack
1 => 5093 2171
1 => 515 iterations changed to => 505
1 => Popped From Local Stack
1 => 5095 2171
1 => 506 iterations changed to => 499
1 => Popped From Local Stack
1 => 5097 2171
1 => 500 iterations changed to => 494
1 => Popped From Local Stack
1 => 5099 2171
1 => 495 iterations changed to => 487
1 => Popped From Local Stack
1 => 5101 2171
1 => 506 iterations changed to => 505
1 => Popped From Local Stack
1 => 5139 2189
1 => 528 iterations changed to => 527
1 => Popped From Local Stack
1 => 5185 2211
1 => 542 iterations changed to => 541
1 => Popped From Local Stack
1 => 5215 2225
1 => 547 iterations changed to => 546
1 => Popped From Local Stack
1 => 5227 2230
1 => 556 iterations changed to => 555
1 => Popped From Local Stack
1 => 5247 2239
1 => 557 iterations changed to => 551
1 => Popped From Local Stack
1 => 5251 2240
1 => 552 iterations changed to => 537
1 => Popped From Local Stack
1 => 5253 2240
1 => 538 iterations changed to => 532
1 => Popped From Local Stack
1 => 5255 2240
1 => 533 iterations changed to => 523
1 => Popped From Local Stack
1 => 5257 2240
1 => 524 iterations changed to => 519
1 => Popped From Local Stack
1 => 5259 2240
1 => 520 iterations changed to => 514
1 => Popped From Local Stack
1 => 5261 2240
1 => 515 iterations changed to => 509
1 => Popped From Local Stack
1 => 5263 2240
1 => 510 iterations changed to => 500
1 => Popped From Local Stack
1 => 5265 2240
1 => 501 iterations changed to => 494
1 => Popped From Local Stack
1 => 5267 2240
1 => 495 iterations changed to => 488
1 => Popped From Local Stack
1 => 5269 2240
1 => 497 iterations changed to => 496
1 => Popped From Local Stack
1 => 5287 2248
1 => 510 iterations changed to => 509
1 => Popped From Local Stack
1 => 5315 2261
1 => 515 iterations changed to => 514
1 => Popped From Local Stack
1 => 5327 2266
1 => 527 iterations changed to => 526
1 => Popped From Local Stack
1 => 5353 2278
1 => 536 iterations changed to => 535
1 => Popped From Local Stack
1 => 5373 2287
1 => 549 iterations changed to => 548
1 => Popped From Local Stack
1 => 5401 2300
1 => 557 iterations changed to => 556
1 => Popped From Local Stack
1 => 5419 2308
1 => 557 iterations changed to => 552
1 => Popped From Local Stack
1 => 5421 2308
1 => 553 iterations changed to => 543
1 => Popped From Local Stack
1 => 5423 2308
1 => 544 iterations changed to => 539
1 => Popped From Local Stack
1 => 5425 2308
1 => 540 iterations changed to => 530
1 => Popped From Local Stack
1 => 5427 2308
1 => 531 iterations changed to => 523
1 => Popped From Local Stack
1 => 5429 2308
1 => 524 iterations changed to => 519
1 => Popped From Local Stack
1 => 5431 2308
1 => 520 iterations changed to => 505
1 => Popped From Local Stack
1 => 5433 2308
1 => 506 iterations changed to => 501
1 => Popped From Local Stack
1 => 5435 2308
1 => 502 iterations changed to => 490
1 => Popped From Local Stack
1 => 5437 2308
1 => 491 iterations changed to => 479
1 => Popped From Local Stack
1 => 5439 2308
1 => 480 iterations changed to => 473
1 => Popped From Local Stack
1 => 5441 2308
1 => 529 iterations changed to => 528
1 => Popped From Local Stack
1 => 5553 2363
1 => 538 iterations changed to => 537
1 => Popped From Local Stack
1 => 5573 2372
1 => 546 iterations changed to => 545
1 => Popped From Local Stack
1 => 5591 2380
1 => 561 iterations changed to => 558
1 => Popped From Local Stack
1 => 5623 2395
1 => 559 iterations changed to => 554
1 => Popped From Local Stack
1 => 5625 2395
1 => 555 iterations changed to => 549
1 => Popped From Local Stack
1 => 5627 2395
1 => 550 iterations changed to => 541
1 => Popped From Local Stack
1 => 5629 2395
1 => 543 iterations changed to => 542
1 => Popped From Local Stack
1 => 5633 2396
1 => 551 iterations changed to => 550
1 => Popped From Local Stack
1 => 5651 2404
1 => 561 iterations changed to => 558
1 => Popped From Local Stack
1 => 5673 2414
1 => 559 iterations changed to => 554
1 => Popped From Local Stack
1 => 5675 2414
1 => 555 iterations changed to => 545
1 => Popped From Local Stack
1 => 5677 2414
1 => 546 iterations changed to => 532
1 => Popped From Local Stack
1 => 5679 2414
1 => 533 iterations changed to => 524
1 => Popped From Local Stack
1 => 5681 2414
1 => 525 iterations changed to => 520
1 => Popped From Local Stack
1 => 5683 2414
1 => 521 iterations changed to => 515
1 => Popped From Local Stack
1 => 5685 2414
1 => 516 iterations changed to => 511
1 => Popped From Local Stack
1 => 5687 2414
1 => 512 iterations changed to => 506
1 => Popped From Local Stack
1 => 5689 2414
1 => 507 iterations changed to => 501
1 => Popped From Local Stack
1 => 5691 2414
1 => 502 iterations changed to => 496
1 => Popped From Local Stack
1 => 5693 2414
1 => 497 iterations changed to => 491
1 => Popped From Local Stack
1 => 5695 2414
1 => 500 iterations changed to => 499
1 => Popped From Local Stack
1 => 5713 2422
1 => 513 iterations changed to => 512
1 => Popped From Local Stack
1 => 5741 2435
1 => 530 iterations changed to => 529
1 => Popped From Local Stack
1 => 5777 2452
1 => 535 iterations changed to => 534
1 => Popped From Local Stack
1 => 5789 2457
1 => 539 iterations changed to => 538
1 => Popped From Local Stack
1 => 5799 2461
1 => 546 iterations changed to => 545
1 => Popped From Local Stack
1 => 5815 2468
1 => 550 iterations changed to => 549
1 => Popped From Local Stack
1 => 5825 2472
1 => 561 iterations changed to => 560
1 => Popped From Local Stack
1 => 5849 2483
1 => 561 iterations changed to => 557
1 => Popped From Local Stack
1 => 5851 2483
1 => 561 iterations changed to => 558
1 => Popped From Local Stack
1 => 5859 2486
1 => 559 iterations changed to => 553
1 => Popped From Local Stack
1 => 5861 2486
1 => 554 iterations changed to => 542
1 => Popped From Local Stack
1 => 5863 2486
1 => 543 iterations changed to => 525
1 => Popped From Local Stack
1 => 5865 2486
1 => 526 iterations changed to => 521
1 => Popped From Local Stack
1 => 5867 2486
1 => 522 iterations changed to => 516
1 => Popped From Local Stack
1 => 5869 2486
1 => 517 iterations changed to => 508
1 => Popped From Local Stack
1 => 5871 2486
1 => 509 iterations changed to => 504
1 => Popped From Local Stack
1 => 5873 2486
1 => 505 iterations changed to => 494
1 => Popped From Local Stack
1 => 5875 2486
1 => 495 iterations changed to => 488
1 => Popped From Local Stack
1 => 5877 2486
1 => 496 iterations changed to => 495
1 => Popped From Local Stack
1 => 5893 2493
1 => 517 iterations changed to => 516
1 => Popped From Local Stack
1 => 5937 2514
1 => 529 iterations changed to => 528
1 => Popped From Local Stack
1 => 5963 2526
1 => 533 iterations changed to => 532
1 => Popped From Local Stack
1 => 5973 2530
1 => 541 iterations changed to => 540
1 => Popped From Local Stack
1 => 5991 2538
1 => 544 iterations changed to => 543
1 => Popped From Local Stack
1 => 5999 2541
1 => 551 iterations changed to => 550
1 => Popped From Local Stack
1 => 6015 2548
1 => 560 iterations changed to => 558
1 => Popped From Local Stack
1 => 6035 2557
1 => 559 iterations changed to => 554
1 => Popped From Local Stack
1 => 6037 2557
1 => 560 iterations changed to => 559
1 => Popped From Local Stack
1 => 6049 2562
1 => 560 iterations changed to => 555
1 => Popped From Local Stack
1 => 6051 2562
1 => 556 iterations changed to => 546
1 => Popped From Local Stack
1 => 6053 2562
1 => 547 iterations changed to => 536
1 => Popped From Local Stack
1 => 6055 2562
1 => 537 iterations changed to => 525
1 => Popped From Local Stack
1 => 6057 2562
1 => 526 iterations changed to => 521
1 => Popped From Local Stack
1 => 6059 2562
1 => 522 iterations changed to => 512
1 => Popped From Local Stack
1 => 6061 2562
1 => 513 iterations changed to => 509
1 => Popped From Local Stack
1 => 6063 2562
1 => 510 iterations changed to => 505
1 => Popped From Local Stack
1 => 6065 2562
1 => 506 iterations changed to => 500
1 => Popped From Local Stack
1 => 6067 2562
1 => 501 iterations changed to => 490
1 => Popped From Local Stack
1 => 6069 2562
1 => 491 iterations changed to => 484
1 => Popped From Local Stack
1 => 6071 2562
1 => 485 iterations changed to => 479
1 => Popped From Local Stack
1 => 6073 2562
1 => 480 iterations changed to => 474
1 => Popped From Local Stack
1 => 6075 2562
1 => 537 iterations changed to => 536
1 => Popped From Local Stack
1 => 6201 2624
1 => 545 iterations changed to => 544
1 => Popped From Local Stack
1 => 6219 2632
1 => 546 iterations changed to => 540
1 => Popped From Local Stack
1 => 6223 2633
1 => 541 iterations changed to => 531
1 => Popped From Local Stack
1 => 6225 2633
1 => 532 iterations changed to => 528
1 => Popped From Local Stack
1 => 6227 2633
1 => 529 iterations changed to => 524
1 => Popped From Local Stack
1 => 6229 2633
1 => 525 iterations changed to => 519
1 => Popped From Local Stack
1 => 6231 2633
1 => 520 iterations changed to => 515
1 => Popped From Local Stack
1 => 6233 2633
1 => 516 iterations changed to => 512
1 => Popped From Local Stack
1 => 6235 2633
1 => 513 iterations changed to => 508
1 => Popped From Local Stack
1 => 6237 2633
1 => 509 iterations changed to => 503
1 => Popped From Local Stack
1 => 6239 2633
1 => 504 iterations changed to => 498
1 => Popped From Local Stack
1 => 6241 2633
1 => 499 iterations changed to => 494
1 => Popped From Local Stack
1 => 6243 2633
1 => 495 iterations changed to => 490
1 => Popped From Local Stack
1 => 6245 2633
1 => 491 iterations changed to => 485
1 => Popped From Local Stack
1 => 6247 2633
1 => 486 iterations changed to => 480
1 => Popped From Local Stack
1 => 6249 2633
1 => 481 iterations changed to => 475
1 => Popped From Local Stack
1 => 6251 2633
Verification Outcome : TIMEDOUT
Time Taken : 1E-06
Verifying 61883_ioallocatecomplete_1.bpl.bpl
Corral program verifier version 1.0.0.0
http://localhost:5002/
1 => changing to UW
1 => 3 iterations changed to => 2
1 => Popped From Local Stack
1 => 3 2
1 => changing to OR
1 => changing to UW
1 => changing to OR
1 => changing to UW
1 => changing to OR
1 => 41 iterations changed to => 40
1 => Popped From Local Stack
1 => 67 40
1 => 55 iterations changed to => 54
1 => Popped From Local Stack
1 => 97 54
1 => 236 iterations changed to => 235
1 => Popped From Local Stack
1 => 461 235
1 => 308 iterations changed to => 307
1 => Popped From Local Stack
1 => 607 307
1 => 894 iterations changed to => 893
1 => Popped From Local Stack
1 => 1781 893
1 => 938 iterations changed to => 937
1 => Popped From Local Stack
1 => 1871 937
1 => 984 iterations changed to => 983
1 => Popped From Local Stack
1 => 1965 983
1 => 988 iterations changed to => 987
1 => Popped From Local Stack
1 => 1975 987
1 => 994 iterations changed to => 993
1 => Popped From Local Stack
1 => 1989 993
1 => 1013 iterations changed to => 1009
1 => Popped From Local Stack
1 => 2029 1012
1 => 1010 iterations changed to => 1003
1 => Popped From Local Stack
1 => 2031 1012
1 => 1004 iterations changed to => 998
1 => Popped From Local Stack
1 => 2033 1012
1 => 999 iterations changed to => 977
1 => Popped From Local Stack
1 => 2035 1012
1 => 978 iterations changed to => 972
1 => Popped From Local Stack
1 => 2037 1012
1 => 973 iterations changed to => 966
1 => Popped From Local Stack
1 => 2039 1012
1 => 967 iterations changed to => 960
1 => Popped From Local Stack
1 => 2041 1012
1 => 979 iterations changed to => 978
1 => Popped From Local Stack
1 => 2079 1030
1 => 983 iterations changed to => 982
1 => Popped From Local Stack
1 => 2089 1034
1 => 987 iterations changed to => 986
1 => Popped From Local Stack
1 => 2099 1038
1 => 1016 iterations changed to => 1015
1 => Popped From Local Stack
1 => 2159 1067
1 => 1016 iterations changed to => 1010
1 => Popped From Local Stack
1 => 2161 1067
1 => 1011 iterations changed to => 1005
1 => Popped From Local Stack
1 => 2163 1067
1 => 1006 iterations changed to => 999
1 => Popped From Local Stack
1 => 2165 1067
1 => 1019 iterations changed to => 1017
1 => Popped From Local Stack
1 => 2205 1086
1 => 1018 iterations changed to => 1012
1 => Popped From Local Stack
1 => 2207 1086
1 => 1013 iterations changed to => 1007
1 => Popped From Local Stack
1 => 2209 1086
1 => 1008 iterations changed to => 1002
1 => Popped From Local Stack
1 => 2211 1086
1 => 1019 iterations changed to => 1016
1 => Popped From Local Stack
1 => 2245 1102
1 => 1017 iterations changed to => 1011
1 => Popped From Local Stack
1 => 2247 1102
1 => 1012 iterations changed to => 1007
1 => Popped From Local Stack
1 => 2249 1102
1 => 1008 iterations changed to => 1003
1 => Popped From Local Stack
1 => 2251 1102
1 => 1004 iterations changed to => 995
1 => Popped From Local Stack
1 => 2253 1102
1 => 996 iterations changed to => 991
1 => Popped From Local Stack
1 => 2255 1102
1 => 992 iterations changed to => 973
1 => Popped From Local Stack
1 => 2257 1102
1 => 974 iterations changed to => 968
1 => Popped From Local Stack
1 => 2259 1102
1 => 969 iterations changed to => 962
1 => Popped From Local Stack
1 => 2261 1102
1 => 965 iterations changed to => 964
1 => Popped From Local Stack
1 => 2267 1104
1 => 970 iterations changed to => 969
1 => Popped From Local Stack
1 => 2279 1109
1 => 975 iterations changed to => 974
1 => Popped From Local Stack
1 => 2291 1114
1 => 980 iterations changed to => 979
1 => Popped From Local Stack
1 => 2303 1119
1 => 985 iterations changed to => 984
1 => Popped From Local Stack
1 => 2315 1124
1 => 1078 iterations changed to => 1077
1 => Popped From Local Stack
1 => 2503 1217
1 => 1082 iterations changed to => 1081
1 => Popped From Local Stack
1 => 2513 1221
1 => 1091 iterations changed to => 1089
1 => Popped From Local Stack
1 => 2533 1230
1 => 1090 iterations changed to => 1085
1 => Popped From Local Stack
1 => 2535 1230
1 => 1092 iterations changed to => 1091
1 => Popped From Local Stack
1 => 2549 1236
1 => 1092 iterations changed to => 1087
1 => Popped From Local Stack
1 => 2551 1236
1 => 1088 iterations changed to => 1072
1 => Popped From Local Stack
1 => 2553 1236
1 => 1073 iterations changed to => 1068
1 => Popped From Local Stack
1 => 2555 1236
1 => 1069 iterations changed to => 1063
1 => Popped From Local Stack
1 => 2557 1236
1 => 1064 iterations changed to => 1059
1 => Popped From Local Stack
1 => 2559 1236
1 => 1060 iterations changed to => 1055
1 => Popped From Local Stack
1 => 2561 1236
1 => 1056 iterations changed to => 1050
1 => Popped From Local Stack
1 => 2563 1236
1 => 1051 iterations changed to => 1046
1 => Popped From Local Stack
1 => 2565 1236
1 => 1083 iterations changed to => 1082
1 => Popped From Local Stack
1 => 2639 1272
1 => 1093 iterations changed to => 1090
1 => Popped From Local Stack
1 => 2661 1282
1 => 1091 iterations changed to => 1085
1 => Popped From Local Stack
1 => 2663 1282
1 => 1086 iterations changed to => 1078
1 => Popped From Local Stack
1 => 2665 1282
1 => 1079 iterations changed to => 1073
1 => Popped From Local Stack
1 => 2667 1282
1 => 1074 iterations changed to => 1069
1 => Popped From Local Stack
1 => 2669 1282
1 => 1070 iterations changed to => 1064
1 => Popped From Local Stack
1 => 2671 1282
1 => 1065 iterations changed to => 1060
1 => Popped From Local Stack
1 => 2673 1282
1 => 1085 iterations changed to => 1084
1 => Popped From Local Stack
1 => 2723 1306
1 => 1093 iterations changed to => 1092
1 => Popped From Local Stack
1 => 2741 1314
1 => 1093 iterations changed to => 1088
1 => Popped From Local Stack
1 => 2743 1314
1 => 1089 iterations changed to => 1080
1 => Popped From Local Stack
1 => 2745 1314
1 => 1081 iterations changed to => 1075
1 => Popped From Local Stack
1 => 2747 1314
1 => 1076 iterations changed to => 1071
1 => Popped From Local Stack
1 => 2749 1314
1 => 1072 iterations changed to => 1066
1 => Popped From Local Stack
1 => 2751 1314
1 => 1067 iterations changed to => 1061
1 => Popped From Local Stack
1 => 2753 1314
1 => 1076 iterations changed to => 1075
1 => Popped From Local Stack
1 => 2783 1328
1 => 1093 iterations changed to => 1092
1 => Popped From Local Stack
1 => 2819 1345
1 => 1093 iterations changed to => 1089
1 => Popped From Local Stack
1 => 2821 1345
1 => 1090 iterations changed to => 1085
1 => Popped From Local Stack
1 => 2823 1345
1 => 1086 iterations changed to => 1082
1 => Popped From Local Stack
1 => 2825 1345
1 => 1083 iterations changed to => 1079
1 => Popped From Local Stack
1 => 2827 1345
1 => 1080 iterations changed to => 1071
1 => Popped From Local Stack
1 => 2829 1345
1 => 1072 iterations changed to => 1067
1 => Popped From Local Stack
1 => 2831 1345
1 => 1068 iterations changed to => 1062
1 => Popped From Local Stack
1 => 2833 1345
1 => 1063 iterations changed to => 1056
1 => Popped From Local Stack
1 => 2835 1345
1 => 1057 iterations changed to => 1051
1 => Popped From Local Stack
1 => 2837 1345
1 => 1052 iterations changed to => 1047
1 => Popped From Local Stack
1 => 2839 1345
1 => 1049 iterations changed to => 1048
1 => Popped From Local Stack
1 => 2843 1346
1 => 1065 iterations changed to => 1064
1 => Popped From Local Stack
1 => 2877 1362
1 => 1091 iterations changed to => 1090
1 => Popped From Local Stack
1 => 2931 1388
1 => 1091 iterations changed to => 1086
1 => Popped From Local Stack
1 => 2933 1388
1 => 1087 iterations changed to => 1081
1 => Popped From Local Stack
1 => 2935 1388
1 => 1082 iterations changed to => 1077
1 => Popped From Local Stack
1 => 2937 1388
1 => 1078 iterations changed to => 1072
1 => Popped From Local Stack
1 => 2939 1388
1 => 1073 iterations changed to => 1068
1 => Popped From Local Stack
1 => 2941 1388
1 => 1069 iterations changed to => 1060
1 => Popped From Local Stack
1 => 2943 1388
1 => 1061 iterations changed to => 1056
1 => Popped From Local Stack
1 => 2945 1388
1 => 1062 iterations changed to => 1061
1 => Popped From Local Stack
1 => 2957 1393
1 => 1091 iterations changed to => 1087
1 => Popped From Local Stack
1 => 3017 1422
1 => 1088 iterations changed to => 1082
1 => Popped From Local Stack
1 => 3019 1422
1 => 1083 iterations changed to => 1078
1 => Popped From Local Stack
1 => 3021 1422
1 => 1079 iterations changed to => 1073
1 => Popped From Local Stack
1 => 3023 1422
1 => 1074 iterations changed to => 1069
1 => Popped From Local Stack
1 => 3025 1422
1 => 1070 iterations changed to => 1065
1 => Popped From Local Stack
1 => 3027 1422
1 => 1066 iterations changed to => 1057
1 => Popped From Local Stack
1 => 3029 1422
1 => 1059 iterations changed to => 1058
1 => Popped From Local Stack
1 => 3033 1423
1 => 1091 iterations changed to => 1087
1 => Popped From Local Stack
1 => 3099 1455
1 => 1088 iterations changed to => 1082
1 => Popped From Local Stack
1 => 3101 1455
1 => 1083 iterations changed to => 1078
1 => Popped From Local Stack
1 => 3103 1455
1 => 1091 iterations changed to => 1087
1 => Popped From Local Stack
1 => 3129 1467
1 => 1088 iterations changed to => 1083
1 => Popped From Local Stack
1 => 3131 1467
1 => 1084 iterations changed to => 1079
1 => Popped From Local Stack
1 => 3133 1467
1 => 1080 iterations changed to => 1073
1 => Popped From Local Stack
1 => 3135 1467
1 => 1074 iterations changed to => 1069
1 => Popped From Local Stack
1 => 3137 1467
1 => 1070 iterations changed to => 1065
1 => Popped From Local Stack
1 => 3139 1467
1 => 1066 iterations changed to => 1061
1 => Popped From Local Stack
1 => 3141 1467
1 => 1062 iterations changed to => 1051
1 => Popped From Local Stack
1 => 3143 1467
1 => 1064 iterations changed to => 1063
1 => Popped From Local Stack
1 => 3169 1479
1 => 1091 iterations changed to => 1088
1 => Popped From Local Stack
1 => 3225 1506
1 => 1089 iterations changed to => 1084
1 => Popped From Local Stack
1 => 3227 1506
1 => 1085 iterations changed to => 1080
1 => Popped From Local Stack
1 => 3229 1506
1 => 1081 iterations changed to => 1076
1 => Popped From Local Stack
1 => 3231 1506
1 => 1091 iterations changed to => 1088
1 => Popped From Local Stack
1 => 3261 1520
1 => 1089 iterations changed to => 1085
1 => Popped From Local Stack
1 => 3263 1520
1 => 1086 iterations changed to => 1081
1 => Popped From Local Stack
1 => 3265 1520
1 => 1082 iterations changed to => 1077
1 => Popped From Local Stack
1 => 3267 1520
1 => 1078 iterations changed to => 1071
1 => Popped From Local Stack
1 => 3269 1520
1 => 1072 iterations changed to => 1067
1 => Popped From Local Stack
1 => 3271 1520
1 => 1068 iterations changed to => 1060
1 => Popped From Local Stack
1 => 3273 1520
1 => 1061 iterations changed to => 1056
1 => Popped From Local Stack
1 => 3275 1520
1 => 1057 iterations changed to => 1052
1 => Popped From Local Stack
1 => 3277 1520
1 => 1063 iterations changed to => 1062
1 => Popped From Local Stack
1 => 3299 1530
1 => 1067 iterations changed to => 1066
1 => Popped From Local Stack
1 => 3309 1534
1 => 1091 iterations changed to => 1089
1 => Popped From Local Stack
1 => 3359 1558
1 => 1090 iterations changed to => 1085
1 => Popped From Local Stack
1 => 3361 1558
1 => 1086 iterations changed to => 1081
1 => Popped From Local Stack
1 => 3363 1558
1 => 1082 iterations changed to => 1077
1 => Popped From Local Stack
1 => 3365 1558
1 => 1078 iterations changed to => 1073
1 => Popped From Local Stack
1 => 3367 1558
1 => 1074 iterations changed to => 1069
1 => Popped From Local Stack
1 => 3369 1558
1 => 1070 iterations changed to => 1060
1 => Popped From Local Stack
1 => 3371 1558
1 => 1061 iterations changed to => 1057
1 => Popped From Local Stack
1 => 3373 1558
1 => 1058 iterations changed to => 1053
1 => Popped From Local Stack
1 => 3375 1558
1 => 1062 iterations changed to => 1061
1 => Popped From Local Stack
1 => 3393 1566
1 => 1074 iterations changed to => 1073
1 => Popped From Local Stack
1 => 3419 1578
1 => 1091 iterations changed to => 1090
1 => Popped From Local Stack
1 => 3455 1595
1 => 1091 iterations changed to => 1086
1 => Popped From Local Stack
1 => 3457 1595
1 => 1087 iterations changed to => 1082
1 => Popped From Local Stack
1 => 3459 1595
1 => 1083 iterations changed to => 1079
1 => Popped From Local Stack
1 => 3461 1595
1 => 1080 iterations changed to => 1076
1 => Popped From Local Stack
1 => 3463 1595
1 => 1077 iterations changed to => 1070
1 => Popped From Local Stack
1 => 3465 1595
1 => 1072 iterations changed to => 1071
1 => Popped From Local Stack
1 => 3469 1596
1 => 1084 iterations changed to => 1083
1 => Popped From Local Stack
1 => 3495 1608
1 => 1091 iterations changed to => 1089
1 => Popped From Local Stack
1 => 3511 1615
1 => 1090 iterations changed to => 1086
1 => Popped From Local Stack
1 => 3513 1615
1 => 1087 iterations changed to => 1080
1 => Popped From Local Stack
1 => 3515 1615
1 => 1081 iterations changed to => 1077
1 => Popped From Local Stack
1 => 3517 1615
1 => 1078 iterations changed to => 1074
1 => Popped From Local Stack
1 => 3519 1615
1 => 1075 iterations changed to => 1067
1 => Popped From Local Stack
1 => 3521 1615
1 => 1068 iterations changed to => 1064
1 => Popped From Local Stack
1 => 3523 1615
1 => 1065 iterations changed to => 1058
1 => Popped From Local Stack
1 => 3525 1615
1 => 1059 iterations changed to => 1054
1 => Popped From Local Stack
1 => 3527 1615
1 => 1055 iterations changed to => 1042
1 => Popped From Local Stack
1 => 3529 1615
1 => 1043 iterations changed to => 1037
1 => Popped From Local Stack
1 => 3531 1615
1 => 1083 iterations changed to => 1082
1 => Popped From Local Stack
1 => 3623 1660
1 => 1085 iterations changed to => 1084
1 => Popped From Local Stack
1 => 3629 1662
1 => 1113 iterations changed to => 1112
1 => Popped From Local Stack
1 => 3687 1690
1 => 1114 iterations changed to => 1109
1 => Popped From Local Stack
1 => 3691 1691
1 => 1110 iterations changed to => 1105
1 => Popped From Local Stack
1 => 3693 1691
1 => 1106 iterations changed to => 1102
1 => Popped From Local Stack
1 => 3695 1691
1 => 1103 iterations changed to => 1099
1 => Popped From Local Stack
1 => 3697 1691
1 => 1100 iterations changed to => 1095
1 => Popped From Local Stack
1 => 3699 1691
1 => 1096 iterations changed to => 1092
1 => Popped From Local Stack
1 => 3701 1691
1 => 1093 iterations changed to => 1088
1 => Popped From Local Stack
1 => 3703 1691
1 => 1099 iterations changed to => 1098
1 => Popped From Local Stack
1 => 3725 1701
1 => 1114 iterations changed to => 1111
1 => Popped From Local Stack
1 => 3757 1716
1 => 1112 iterations changed to => 1108
1 => Popped From Local Stack
1 => 3759 1716
1 => 1109 iterations changed to => 1104
1 => Popped From Local Stack
1 => 3761 1716
1 => 1105 iterations changed to => 1101
1 => Popped From Local Stack
1 => 3763 1716
1 => 1102 iterations changed to => 1094
1 => Popped From Local Stack
1 => 3765 1716
1 => 1095 iterations changed to => 1092
1 => Popped From Local Stack
1 => 3767 1716
1 => 1093 iterations changed to => 1089
1 => Popped From Local Stack
1 => 3769 1716
1 => 1090 iterations changed to => 1079
1 => Popped From Local Stack
1 => 3771 1716
1 => 1080 iterations changed to => 1076
1 => Popped From Local Stack
1 => 3773 1716
1 => 1077 iterations changed to => 1072
1 => Popped From Local Stack
1 => 3775 1716
1 => 1073 iterations changed to => 1070
1 => Popped From Local Stack
1 => 3777 1716
1 => 1071 iterations changed to => 1067
1 => Popped From Local Stack
1 => 3779 1716
1 => 1068 iterations changed to => 1064
1 => Popped From Local Stack
1 => 3781 1716
1 => 1065 iterations changed to => 1060
1 => Popped From Local Stack
1 => 3783 1716
1 => 1062 iterations changed to => 1061
1 => Popped From Local Stack
1 => 3787 1717
1 => 1065 iterations changed to => 1064
1 => Popped From Local Stack
1 => 3795 1720
1 => 1080 iterations changed to => 1079
1 => Popped From Local Stack
1 => 3827 1735
1 => 1083 iterations changed to => 1082
1 => Popped From Local Stack
1 => 3835 1738
1 => 1121 iterations changed to => 1120
1 => Popped From Local Stack
1 => 3913 1776
1 => 1152 iterations changed to => 1151
1 => Popped From Local Stack
1 => 3977 1807
1 => 1156 iterations changed to => 1154
1 => Popped From Local Stack
1 => 3987 1811
1 => 1155 iterations changed to => 1147
1 => Popped From Local Stack
1 => 3989 1811
1 => 1148 iterations changed to => 1144
1 => Popped From Local Stack
1 => 3991 1811
1 => 1145 iterations changed to => 1141
1 => Popped From Local Stack
1 => 3993 1811
1 => 1142 iterations changed to => 1137
1 => Popped From Local Stack
1 => 3995 1811
1 => 1138 iterations changed to => 1133
1 => Popped From Local Stack
1 => 3997 1811
1 => 1134 iterations changed to => 1130
1 => Popped From Local Stack
1 => 3999 1811
1 => 1131 iterations changed to => 1127
1 => Popped From Local Stack
1 => 4001 1811
1 => 1129 iterations changed to => 1128
1 => Popped From Local Stack
1 => 4005 1812
1 => 1143 iterations changed to => 1142
1 => Popped From Local Stack
1 => 4035 1826
1 => 1156 iterations changed to => 1155
1 => Popped From Local Stack
1 => 4063 1839
1 => 1156 iterations changed to => 1152
1 => Popped From Local Stack
1 => 4065 1839
1 => 1153 iterations changed to => 1148
1 => Popped From Local Stack
1 => 4067 1839
1 => 1149 iterations changed to => 1145
1 => Popped From Local Stack
1 => 4069 1839
1 => 1146 iterations changed to => 1138
1 => Popped From Local Stack
1 => 4071 1839
1 => 1139 iterations changed to => 1134
1 => Popped From Local Stack
1 => 4073 1839
1 => 1135 iterations changed to => 1131
1 => Popped From Local Stack
1 => 4075 1839
1 => 1147 iterations changed to => 1146
1 => Popped From Local Stack
1 => 4107 1854
1 => 1156 iterations changed to => 1153
1 => Popped From Local Stack
1 => 4127 1863
1 => 1154 iterations changed to => 1149
1 => Popped From Local Stack
1 => 4129 1863
1 => 1150 iterations changed to => 1143
1 => Popped From Local Stack
1 => 4131 1863
1 => 1144 iterations changed to => 1139
1 => Popped From Local Stack
1 => 4133 1863
1 => 1140 iterations changed to => 1135
1 => Popped From Local Stack
1 => 4135 1863
1 => 1136 iterations changed to => 1132
1 => Popped From Local Stack
1 => 4137 1863
1 => 1133 iterations changed to => 1123
1 => Popped From Local Stack
1 => 4139 1863
1 => 1124 iterations changed to => 1118
1 => Popped From Local Stack
1 => 4141 1863
1 => 1119 iterations changed to => 1115
1 => Popped From Local Stack
1 => 4143 1863
1 => 1116 iterations changed to => 1112
1 => Popped From Local Stack
1 => 4145 1863
1 => 1147 iterations changed to => 1146
1 => Popped From Local Stack
1 => 4215 1897
1 => 1155 iterations changed to => 1152
1 => Popped From Local Stack
1 => 4233 1905
1 => 1153 iterations changed to => 1149
1 => Popped From Local Stack
1 => 4235 1905
1 => 1150 iterations changed to => 1143
1 => Popped From Local Stack
1 => 4237 1905
1 => 1144 iterations changed to => 1139
1 => Popped From Local Stack
1 => 4239 1905
1 => 1140 iterations changed to => 1135
1 => Popped From Local Stack
1 => 4241 1905
1 => 1136 iterations changed to => 1132
1 => Popped From Local Stack
1 => 4243 1905
1 => 1133 iterations changed to => 1129
1 => Popped From Local Stack
1 => 4245 1905
1 => 1130 iterations changed to => 1125
1 => Popped From Local Stack
1 => 4247 1905
1 => 1127 iterations changed to => 1126
1 => Popped From Local Stack
1 => 4251 1906
1 => 1140 iterations changed to => 1139
1 => Popped From Local Stack
1 => 4279 1919
1 => 1155 iterations changed to => 1152
1 => Popped From Local Stack
1 => 4311 1934
1 => 1153 iterations changed to => 1149
1 => Popped From Local Stack
1 => 4313 1934
1 => 1150 iterations changed to => 1145
1 => Popped From Local Stack
1 => 4315 1934
1 => 1146 iterations changed to => 1142
1 => Popped From Local Stack
1 => 4317 1934
1 => 1143 iterations changed to => 1135
1 => Popped From Local Stack
1 => 4319 1934
1 => 1136 iterations changed to => 1132
1 => Popped From Local Stack
1 => 4321 1934
1 => 1133 iterations changed to => 1129
1 => Popped From Local Stack
1 => 4323 1934
1 => 1138 iterations changed to => 1137
1 => Popped From Local Stack
1 => 4341 1942
1 => 1155 iterations changed to => 1153
1 => Popped From Local Stack
1 => 4377 1959
1 => 1154 iterations changed to => 1150
1 => Popped From Local Stack
1 => 4379 1959
1 => 1151 iterations changed to => 1146
1 => Popped From Local Stack
1 => 4381 1959
1 => 1147 iterations changed to => 1143
1 => Popped From Local Stack
1 => 4383 1959
1 => 1144 iterations changed to => 1140
1 => Popped From Local Stack
1 => 4385 1959
1 => 1141 iterations changed to => 1133
1 => Popped From Local Stack
1 => 4387 1959
1 => 1134 iterations changed to => 1130
1 => Popped From Local Stack
1 => 4389 1959
1 => 1131 iterations changed to => 1121
1 => Popped From Local Stack
1 => 4391 1959
1 => 1122 iterations changed to => 1119
1 => Popped From Local Stack
1 => 4393 1959
1 => 1120 iterations changed to => 1116
1 => Popped From Local Stack
1 => 4395 1959
1 => 1117 iterations changed to => 1113
1 => Popped From Local Stack
1 => 4397 1959
1 => 1114 iterations changed to => 1109
1 => Popped From Local Stack
1 => 4399 1959
1 => 1110 iterations changed to => 1106
1 => Popped From Local Stack
1 => 4401 1959
1 => 1137 iterations changed to => 1136
1 => Popped From Local Stack
1 => 4463 1989
Verification Outcome : TIMEDOUT
Time Taken : 0
Verifying mp_iobuildfsdirpsignaleventincompletiontimeout_0.bpl.bpl
Corral program verifier version 1.0.0.0
http://localhost:5002/
1 => changing to UW
1 => 3 iterations changed to => 2
1 => Popped From Local Stack
1 => 3 2
1 => changing to OR
1 => changing to UW
1 => changing to OR
1 => 45 iterations changed to => 44
1 => Popped From Local Stack
1 => 79 44
1 => 62 iterations changed to => 61
1 => Popped From Local Stack
1 => 115 61
1 => 160 iterations changed to => 152
1 => Popped From Local Stack
1 => 313 159
1 => 153 iterations changed to => 132
1 => Popped From Local Stack
1 => 315 159
1 => 138 iterations changed to => 137
1 => Popped From Local Stack
1 => 327 164
1 => 175 iterations changed to => 174
1 => Popped From Local Stack
1 => 403 201
1 => 197 iterations changed to => 195
1 => Popped From Local Stack
1 => 449 223
1 => 197 iterations changed to => 185
1 => Popped From Local Stack
1 => 453 224
1 => 186 iterations changed to => 161
1 => Popped From Local Stack
1 => 455 224
1 => 169 iterations changed to => 168
1 => Popped From Local Stack
1 => 471 231
1 => 199 iterations changed to => 195
1 => Popped From Local Stack
1 => 533 261
1 => 196 iterations changed to => 187
1 => Popped From Local Stack
1 => 535 261
1 => 199 iterations changed to => 192
1 => Popped From Local Stack
1 => 559 272
1 => 195 iterations changed to => 194
1 => Popped From Local Stack
1 => 565 274
1 => 199 iterations changed to => 177
1 => Popped From Local Stack
1 => 575 278
1 => 198 iterations changed to => 197
1 => Popped From Local Stack
1 => 617 298
1 => 199 iterations changed to => 189
1 => Popped From Local Stack
1 => 621 299
1 => 190 iterations changed to => 181
1 => Popped From Local Stack
1 => 623 299
1 => 198 iterations changed to => 197
1 => Popped From Local Stack
1 => 657 315
1 => 199 iterations changed to => 188
1 => Popped From Local Stack
1 => 661 316
1 => 195 iterations changed to => 194
1 => Popped From Local Stack
1 => 675 322
1 => 199 iterations changed to => 149
1 => Popped From Local Stack
1 => 685 326
1 => 150 iterations changed to => 117
1 => Popped From Local Stack
1 => 687 326
1 => 118 iterations changed to => 100
1 => Popped From Local Stack
1 => 689 326
1 => 101 iterations changed to => 78
1 => Popped From Local Stack
1 => 691 326
1 => 81 iterations changed to => 80
1 => Popped From Local Stack
1 => 697 328
1 => 95 iterations changed to => 94
1 => Popped From Local Stack
1 => 727 342
1 => Outcome : ReachedBound
1 =>: 13 <= UW iterations OR => 363
1 => 739 347
1 => new call tree total iteration : 100
1 => changing to OR
Verification Outcome : OK
Time Taken : 299.356829
