Verifying hw_irqliopassive2_0.bpl.bpl
Corral program verifier version 1.0.0.0
Corral program verifier version 1.0.0.0
Corral program verifier version 1.0.0.0
http://localhost:5002/
http://localhost:5002/
http://localhost:5002/
1 => changing to UW
1 => Outcome : Correct
1 =>: 3 <= UW iterations OR => 0
2 => new call tree total iteration : 2
2 => changing to UW
2 => Outcome : Correct
2 =>: 19 <= UW iterations OR => 1
3 => new call tree total iteration : 21
3 => changing to UW
3 => changing to UW
1 => new call tree total iteration : 26
2 => new call tree total iteration : 28
3 => changing to UW
2 => Outcome : Correct
2 =>: 19 <= UW iterations OR => 2
2 => new call tree total iteration : 30
3 => Outcome : Correct
3 =>: 6 <= UW iterations OR => 7
3 => new call tree total iteration : 28
1 => changing to UW
3 => changing to UW
2 => changing to UW
1 => changing to UW
2 => changing to UW
1 => changing to UW
1 => changing to UW
3 => 37 iterations changed to => 36
3 => changing to UW
3 => changing to UW
2 => 42 iterations changed to => 41
2 => changing to UW
1 => changing to UW
3 => 45 iterations changed to => 44
2 => changing to UW
3 => Outcome : ReachedBound
3 =>: 10 <= UW iterations OR => 24
2 => 48 iterations changed to => 47
3 => new call tree total iteration : 40
1 => 55 iterations changed to => 54
3 => changing to UW
2 => 52 iterations changed to => 51
1 => changing to UW
1 => changing to UW
1 => 61 iterations changed to => 60
2 => 56 iterations changed to => 55
1 => 65 iterations changed to => 64
1 => 65 iterations changed to => 48
1 => changing to UW
1 => 58 iterations changed to => 57
1 => 58 iterations changed to => 52
1 => changing to UW
1 => Outcome : ReachedBound
1 =>: 13 <= UW iterations OR => 44
1 => new call tree total iteration : 43
1 => changing to UW
3 => 77 iterations changed to => 76
2 => 64 iterations changed to => 63
1 => 50 iterations changed to => 49
1 => changing to UW
3 => 80 iterations changed to => 79
2 => 66 iterations changed to => 65
1 => 55 iterations changed to => 54
3 => 84 iterations changed to => 83
1 => 60 iterations changed to => 59
1 => changing to UW
3 => 88 iterations changed to => 87
1 => changing to UW
1 => 71 iterations changed to => 70
3 => 97 iterations changed to => 96
1 => 73 iterations changed to => 72
2 => 84 iterations changed to => 83
3 => 100 iterations changed to => 99
2 => 85 iterations changed to => 80
2 => 81 iterations changed to => 77
2 => 78 iterations changed to => 74
2 => 75 iterations changed to => 71
2 => changing to UW
2 => 73 iterations changed to => 67
1 => changing to UW
3 => 115 iterations changed to => 111
3 => 112 iterations changed to => 107
3 => 108 iterations changed to => 103
1 => 93 iterations changed to => 91
1 => 92 iterations changed to => 86
1 => 87 iterations changed to => 82
1 => 83 iterations changed to => 78
1 => 79 iterations changed to => 74
3 => 115 iterations changed to => 112
3 => 113 iterations changed to => 108
3 => 109 iterations changed to => 104
2 => 87 iterations changed to => 85
2 => 86 iterations changed to => 83
2 => 84 iterations changed to => 81
2 => 82 iterations changed to => 79
2 => 80 iterations changed to => 77
2 => 78 iterations changed to => 73
1 => 91 iterations changed to => 87
1 => 88 iterations changed to => 83
1 => 84 iterations changed to => 79
1 => 80 iterations changed to => 75
3 => 115 iterations changed to => 113
3 => 114 iterations changed to => 109
3 => 110 iterations changed to => 105
3 => 115 iterations changed to => 114
3 => 115 iterations changed to => 110
2 => 85 iterations changed to => 84
3 => 111 iterations changed to => 107
1 => 91 iterations changed to => 88
1 => 89 iterations changed to => 84
1 => 85 iterations changed to => 80
1 => 81 iterations changed to => 76
3 => 110 iterations changed to => 109
2 => 87 iterations changed to => 86
2 => 87 iterations changed to => 82
2 => 83 iterations changed to => 80
2 => 81 iterations changed to => 77
2 => 78 iterations changed to => 74
3 => 113 iterations changed to => 112
3 => 115 iterations changed to => 93
3 => 94 iterations changed to => 90
3 => 92 iterations changed to => 91
3 => 95 iterations changed to => 94
1 => 91 iterations changed to => 89
1 => 90 iterations changed to => 85
1 => 86 iterations changed to => 81
1 => 82 iterations changed to => 77
2 => 83 iterations changed to => 82
1 => 79 iterations changed to => 78
2 => 85 iterations changed to => 84
2 => 87 iterations changed to => 86
2 => 87 iterations changed to => 80
2 => 81 iterations changed to => 78
2 => 79 iterations changed to => 76
1 => 84 iterations changed to => 83
2 => 78 iterations changed to => 77
3 => 108 iterations changed to => 107
2 => 80 iterations changed to => 79
1 => 91 iterations changed to => 88
1 => 89 iterations changed to => 85
1 => 86 iterations changed to => 80
1 => 81 iterations changed to => 66
1 => 67 iterations changed to => 63
3 => 114 iterations changed to => 113
3 => 114 iterations changed to => 110
3 => 111 iterations changed to => 104
1 => 65 iterations changed to => 64
3 => 105 iterations changed to => 100
3 => 101 iterations changed to => 96
2 => 86 iterations changed to => 85
2 => 87 iterations changed to => 82
2 => 83 iterations changed to => 70
2 => 71 iterations changed to => 68
2 => 69 iterations changed to => 61
2 => 62 iterations changed to => 58
1 => 68 iterations changed to => 67
2 => 60 iterations changed to => 59
2 => changing to UW
3 => 101 iterations changed to => 100
1 => 71 iterations changed to => 70
2 => 63 iterations changed to => 62
1 => changing to UW
2 => 65 iterations changed to => 64
3 => 111 iterations changed to => 110
3 => 115 iterations changed to => 113
3 => 114 iterations changed to => 107
3 => 108 iterations changed to => 104
3 => 105 iterations changed to => 97
1 => 85 iterations changed to => 84
2 => changing to UW
3 => 99 iterations changed to => 98
2 => 74 iterations changed to => 73
1 => 88 iterations changed to => 87
1 => changing to UW
1 => 92 iterations changed to => 90
2 => 77 iterations changed to => 76
1 => 91 iterations changed to => 81
1 => 82 iterations changed to => 77
1 => 78 iterations changed to => 72
2 => 79 iterations changed to => 78
3 => 108 iterations changed to => 107
2 => 83 iterations changed to => 82
3 => 114 iterations changed to => 113
1 => 83 iterations changed to => 82
2 => 84 iterations changed to => 80
3 => 115 iterations changed to => 110
2 => 81 iterations changed to => 69
3 => 111 iterations changed to => 104
2 => 70 iterations changed to => 66
3 => 105 iterations changed to => 101
1 => 86 iterations changed to => 85
2 => 68 iterations changed to => 67
1 => 89 iterations changed to => 88
1 => 91 iterations changed to => 78
3 => 109 iterations changed to => 108
1 => 79 iterations changed to => 74
2 => 72 iterations changed to => 71
1 => changing to UW
3 => 112 iterations changed to => 111
1 => 80 iterations changed to => 79
2 => 75 iterations changed to => 74
3 => 115 iterations changed to => 114
3 => 115 iterations changed to => 105
1 => 83 iterations changed to => 82
3 => 106 iterations changed to => 102
1 => 86 iterations changed to => 85
3 => 105 iterations changed to => 104
2 => 80 iterations changed to => 79
3 => 107 iterations changed to => 106
2 => 82 iterations changed to => 81
3 => 109 iterations changed to => 108
1 => 92 iterations changed to => 91
1 => 92 iterations changed to => 88
1 => 89 iterations changed to => 75
2 => 84 iterations changed to => 83
1 => 78 iterations changed to => 77
3 => 111 iterations changed to => 110
2 => 87 iterations changed to => 86
1 => 81 iterations changed to => 80
2 => 87 iterations changed to => 77
2 => 78 iterations changed to => 69
3 => 113 iterations changed to => 112
1 => 84 iterations changed to => 83
2 => 71 iterations changed to => 70
3 => 115 iterations changed to => 114
3 => 115 iterations changed to => 71
3 => 72 iterations changed to => 64
3 => changing to UW
2 => 73 iterations changed to => 72
1 => 91 iterations changed to => 89
1 => 90 iterations changed to => 86
1 => 88 iterations changed to => 87
3 => 77 iterations changed to => 76
3 => changing to UW
2 => 76 iterations changed to => 75
3 => 80 iterations changed to => 79
1 => 91 iterations changed to => 90
1 => Outcome : ReachedBound
1 =>: 21 <= UW iterations OR => 282
1 => new call tree total iteration : 51
1 => 54 iterations changed to => 53
3 => 83 iterations changed to => 82
2 => 78 iterations changed to => 77
1 => 59 iterations changed to => 58
1 => changing to UW
2 => 80 iterations changed to => 79
1 => 64 iterations changed to => 63
3 => 89 iterations changed to => 88
3 => 93 iterations changed to => 92
1 => 73 iterations changed to => 72
2 => 86 iterations changed to => 85
1 => 76 iterations changed to => 75
3 => 104 iterations changed to => 102
3 => 103 iterations changed to => 98
2 => 87 iterations changed to => 83
2 => 85 iterations changed to => 84
3 => 104 iterations changed to => 100
2 => 87 iterations changed to => 86
2 => 87 iterations changed to => 81
3 => 104 iterations changed to => 101
2 => 82 iterations changed to => 73
2 => 75 iterations changed to => 74
3 => 104 iterations changed to => 102
3 => 103 iterations changed to => 95
2 => 77 iterations changed to => 76
1 => 95 iterations changed to => 94
1 => 95 iterations changed to => 90
1 => 91 iterations changed to => 86
1 => 87 iterations changed to => 82
1 => 83 iterations changed to => 78
3 => 104 iterations changed to => 101
3 => 102 iterations changed to => 97
3 => 104 iterations changed to => 102
3 => 103 iterations changed to => 98
2 => 83 iterations changed to => 82
1 => 95 iterations changed to => 93
1 => 94 iterations changed to => 89
1 => 90 iterations changed to => 85
1 => 86 iterations changed to => 81
3 => 103 iterations changed to => 102
3 => 104 iterations changed to => 99
2 => 85 iterations changed to => 84
3 => 102 iterations changed to => 101
3 => 104 iterations changed to => 85
3 => 86 iterations changed to => 72
3 => changing to UW
3 => 73 iterations changed to => 68
3 => 69 iterations changed to => 58
3 => Outcome : ReachedBound
3 =>: 14 <= UW iterations OR => 364
3 => new call tree total iteration : 66
2 => 87 iterations changed to => 85
3 => 68 iterations changed to => 67
2 => 87 iterations changed to => 86
2 => 87 iterations changed to => 80
1 => 95 iterations changed to => 93
2 => 81 iterations changed to => 78
1 => 94 iterations changed to => 89
1 => 90 iterations changed to => 86
1 => 87 iterations changed to => 82
3 => changing to UW
3 => 71 iterations changed to => 70
2 => 80 iterations changed to => 79
3 => 74 iterations changed to => 73
2 => 82 iterations changed to => 81
1 => 95 iterations changed to => 94
1 => 95 iterations changed to => 90
2 => 84 iterations changed to => 83
1 => 91 iterations changed to => 87
3 => 81 iterations changed to => 80
1 => 88 iterations changed to => 83
1 => 85 iterations changed to => 84
3 => 85 iterations changed to => 84
2 => 86 iterations changed to => 85
3 => 88 iterations changed to => 87
2 => 87 iterations changed to => 86
3 => 91 iterations changed to => 90
2 => 87 iterations changed to => 31
1 => 91 iterations changed to => 90
2 => changing to UW
3 => 94 iterations changed to => 76
1 => 94 iterations changed to => 93
3 => 78 iterations changed to => 77
1 => 95 iterations changed to => 87
1 => 88 iterations changed to => 69
1 => Outcome : ReachedBound
1 =>: 22 <= UW iterations OR => 404
1 => new call tree total iteration : 32
1 => Outcome : Correct
1 =>: 22 <= UW iterations OR => 405
1 => new call tree total iteration : 37
1 => changing to UW
1 => Outcome : Correct
1 =>: 23 <= UW iterations OR => 405
3 => Outcome : ReachedBound
3 =>: 15 <= UW iterations OR => 403
2 => changing to UW
2 => changing to UW
3 => new call tree total iteration : 41
3 => changing to UW
3 => Outcome : ReachedBound
3 =>: 16 <= UW iterations OR => 403
1 => new call tree total iteration : 79
3 => new call tree total iteration : 42
3 => Outcome : ReachedBound
3 =>: 16 <= UW iterations OR => 404
2 => 46 iterations changed to => 45
3 => new call tree total iteration : 80
2 => 48 iterations changed to => 47
2 => changing to UW
2 => 51 iterations changed to => 50
1 => 94 iterations changed to => 93
3 => changing to UW
1 => 96 iterations changed to => 89
1 => 90 iterations changed to => 85
1 => 86 iterations changed to => 81
1 => Outcome : ReachedBound
1 =>: 23 <= UW iterations OR => 426
1 => new call tree total iteration : 81
3 => 95 iterations changed to => 94
1 => changing to UW
3 => 97 iterations changed to => 91
3 => 92 iterations changed to => 87
3 => 88 iterations changed to => 84
3 => Outcome : ReachedBound
3 =>: 17 <= UW iterations OR => 424
3 => new call tree total iteration : 52
3 => Outcome : ReachedBound
3 =>: 17 <= UW iterations OR => 425
2 => changing to UW
3 => new call tree total iteration : 54
3 => Outcome : ReachedBound
3 =>: 17 <= UW iterations OR => 426
3 => new call tree total iteration : 56
1 => 90 iterations changed to => 89
3 => 58 iterations changed to => 57
2 => 64 iterations changed to => 63
3 => changing to UW
1 => 93 iterations changed to => 92
3 => 61 iterations changed to => 60
2 => 66 iterations changed to => 65
1 => 96 iterations changed to => 95
3 => 64 iterations changed to => 63
1 => 97 iterations changed to => 86
1 => 87 iterations changed to => 82
1 => 84 iterations changed to => 83
1 => 87 iterations changed to => 86
3 => 75 iterations changed to => 74
1 => 90 iterations changed to => 89
3 => 79 iterations changed to => 78
1 => 93 iterations changed to => 92
3 => 83 iterations changed to => 82
1 => 96 iterations changed to => 95
3 => 84 iterations changed to => 70
3 => 71 iterations changed to => 66
1 => Outcome : ReachedBound
1 =>: 24 <= UW iterations OR => 464
1 => new call tree total iteration : 58
1 => Outcome : ReachedBound
1 =>: 24 <= UW iterations OR => 465
3 => 69 iterations changed to => 68
1 => new call tree total iteration : 60
1 => Outcome : ReachedBound
1 =>: 24 <= UW iterations OR => 466
1 => new call tree total iteration : 67
3 => 72 iterations changed to => 71
2 => 84 iterations changed to => 83
1 => changing to UW
2 => 85 iterations changed to => 81
2 => 82 iterations changed to => 79
2 => 80 iterations changed to => 77
2 => 78 iterations changed to => 75
2 => 76 iterations changed to => 73
2 => 74 iterations changed to => 71
2 => 72 iterations changed to => 69
2 => Outcome : ReachedBound
2 =>: 33 <= UW iterations OR => 333
2 => new call tree total iteration : 68
3 => 78 iterations changed to => 77
3 => 80 iterations changed to => 79
1 => 84 iterations changed to => 83
2 => changing to UW
1 => 86 iterations changed to => 79
1 => 80 iterations changed to => 75
1 => 76 iterations changed to => 72
1 => Outcome : ReachedBound
1 =>: 25 <= UW iterations OR => 488
1 => new call tree total iteration : 73
2 => 81 iterations changed to => 80
3 => 85 iterations changed to => 83
3 => 84 iterations changed to => 81
3 => 82 iterations changed to => 75
3 => Outcome : ReachedBound
3 =>: 18 <= UW iterations OR => 486
2 => changing to UW
2 => 85 iterations changed to => 83
3 => new call tree total iteration : 69
2 => 86 iterations changed to => 77
2 => 78 iterations changed to => 73
2 => Outcome : ReachedBound
2 =>: 35 <= UW iterations OR => 354
2 => new call tree total iteration : 74
1 => 84 iterations changed to => 83
1 => 85 iterations changed to => 80
1 => 81 iterations changed to => 77
1 => Outcome : ReachedBound
1 =>: 25 <= UW iterations OR => 503
3 => 80 iterations changed to => 79
1 => new call tree total iteration : 70
3 => 83 iterations changed to => 82
2 => 80 iterations changed to => 79
3 => 85 iterations changed to => 76
3 => 77 iterations changed to => 73
3 => Outcome : ReachedBound
3 =>: 18 <= UW iterations OR => 506
1 => 72 iterations changed to => 71
2 => 82 iterations changed to => 81
3 => new call tree total iteration : 75
1 => 74 iterations changed to => 73
2 => 84 iterations changed to => 83
2 => 85 iterations changed to => 77
2 => Outcome : ReachedBound
2 =>: 35 <= UW iterations OR => 369
1 => Outcome : ReachedBound
1 =>: 25 <= UW iterations OR => 511
3 => Outcome : ReachedBound
3 =>: 18 <= UW iterations OR => 508
2 => new call tree total iteration : 75
1 => new call tree total iteration : 76
2 => Outcome : ReachedBound
2 =>: 35 <= UW iterations OR => 371
1 => Outcome : ReachedBound
1 =>: 25 <= UW iterations OR => 513
3 => new call tree total iteration : 76
2 => new call tree total iteration : 77
3 => Outcome : ReachedBound
3 =>: 18 <= UW iterations OR => 510
1 => new call tree total iteration : 77
2 => Outcome : ReachedBound
2 =>: 35 <= UW iterations OR => 373
3 => new call tree total iteration : 78
1 => Outcome : ReachedBound
1 =>: 25 <= UW iterations OR => 515
2 => new call tree total iteration : 78
3 => Outcome : ReachedBound
3 =>: 18 <= UW iterations OR => 512
1 => new call tree total iteration : 79
2 => Outcome : ReachedBound
2 =>: 35 <= UW iterations OR => 375
3 => new call tree total iteration : 79
1 => Outcome : ReachedBound
1 =>: 25 <= UW iterations OR => 517
2 => new call tree total iteration : 80
3 => Outcome : ReachedBound
3 =>: 18 <= UW iterations OR => 514
1 => new call tree total iteration : 80
2 => Outcome : ReachedBound
2 =>: 35 <= UW iterations OR => 377
1 => Outcome : ReachedBound
1 =>: 25 <= UW iterations OR => 519
3 => new call tree total iteration : 81
2 => new call tree total iteration : 81
3 => Outcome : ReachedBound
3 =>: 18 <= UW iterations OR => 516
2 => Outcome : ReachedBound
2 =>: 35 <= UW iterations OR => 379
1 => new call tree total iteration : 82
3 => new call tree total iteration : 82
1 => Outcome : ReachedBound
1 =>: 25 <= UW iterations OR => 520
3 => Outcome : ReachedBound
3 =>: 18 <= UW iterations OR => 517
Verification Outcome : OK
Time Taken : 1808.249882
1 => new call tree total iteration : 83
3 => new call tree total iteration : 83
2 => new call tree total iteration : 83
Verifying sys_zwregistrycreate_0.bpl.bpl
Corral program verifier version 1.0.0.0
Corral program verifier version 1.0.0.0
Corral program verifier version 1.0.0.0
http://localhost:5002/
http://localhost:5002/
http://localhost:5002/
1 => changing to UW
1 => Outcome : Correct
1 =>: 3 <= UW iterations OR => 0
2 => new call tree total iteration : 2
2 => changing to UW
2 => Outcome : Correct
2 =>: 15 <= UW iterations OR => 1
3 => new call tree total iteration : 17
3 => changing to UW
1 => new call tree total iteration : 19
1 => changing to UW
3 => Outcome : Correct
3 =>: 4 <= UW iterations OR => 2
1 => Outcome : Correct
1 =>: 4 <= UW iterations OR => 3
2 => new call tree total iteration : 22
2 => changing to UW
2 => Outcome : Correct
2 =>: 16 <= UW iterations OR => 2
3 => new call tree total iteration : 23
3 => changing to UW
1 => new call tree total iteration : 24
1 => Outcome : Correct
1 =>: 4 <= UW iterations OR => 4
2 => new call tree total iteration : 28
2 => changing to UW
3 => Outcome : Correct
3 =>: 7 <= UW iterations OR => 6
2 => Outcome : Correct
2 =>: 18 <= UW iterations OR => 3
3 => new call tree total iteration : 29
3 => changing to UW
1 => new call tree total iteration : 29
1 => Outcome : Correct
1 =>: 4 <= UW iterations OR => 6
2 => new call tree total iteration : 30
3 => changing to UW
3 => Outcome : Correct
3 =>: 9 <= UW iterations OR => 7
2 => changing to UW
1 => new call tree total iteration : 31
1 => changing to UW
1 => Outcome : Correct
1 =>: 6 <= UW iterations OR => 6
3 => new call tree total iteration : 32
2 => changing to UW
3 => changing to UW
3 => Outcome : Correct
3 =>: 10 <= UW iterations OR => 8
1 => new call tree total iteration : 33
2 => changing to UW
1 => Outcome : Correct
1 =>: 6 <= UW iterations OR => 8
2 => changing to UW
3 => new call tree total iteration : 34
3 => changing to UW
3 => Outcome : Correct
3 =>: 11 <= UW iterations OR => 9
1 => new call tree total iteration : 35
1 => 37 iterations changed to => 36
1 => changing to UW
2 => Outcome : Correct
2 =>: 25 <= UW iterations OR => 13
3 => new call tree total iteration : 46
3 => Outcome : Correct
3 =>: 11 <= UW iterations OR => 11
2 => new call tree total iteration : 47
3 => new call tree total iteration : 48
2 => Outcome : Correct
2 =>: 25 <= UW iterations OR => 15
1 => Outcome : Correct
1 =>: 7 <= UW iterations OR => 15
2 => new call tree total iteration : 41
1 => new call tree total iteration : 49
3 => 51 iterations changed to => 50
1 => 51 iterations changed to => 50
3 => 52 iterations changed to => 51
2 => 43 iterations changed to => 42
1 => Outcome : Correct
1 =>: 7 <= UW iterations OR => 19
3 => Outcome : Correct
3 =>: 11 <= UW iterations OR => 17
2 => Outcome : Correct
2 =>: 25 <= UW iterations OR => 19
1 => new call tree total iteration : 43
1 => Outcome : Correct
1 =>: 7 <= UW iterations OR => 21
3 => new call tree total iteration : 44
3 => Outcome : Correct
3 =>: 11 <= UW iterations OR => 19
2 => new call tree total iteration : 45
2 => Outcome : Correct
2 =>: 25 <= UW iterations OR => 20
Verification Outcome : OK
Time Taken : 795.944874
2 => new call tree total iteration : 46
3 => new call tree total iteration : 46
Verifying Imapi_removelockrelease2_0.bpl.bpl
Corral program verifier version 1.0.0.0
Corral program verifier version 1.0.0.0
Corral program verifier version 1.0.0.0
http://localhost:5002/
http://localhost:5002/
http://localhost:5002/
1 => changing to UW
1 => Outcome : Correct
1 =>: 3 <= UW iterations OR => 0
2 => new call tree total iteration : 2
2 => changing to UW
2 => Outcome : Correct
2 =>: 9 <= UW iterations OR => 0
3 => new call tree total iteration : 10
3 => changing to UW
3 => Outcome : Correct
3 =>: 3 <= UW iterations OR => 0
1 => new call tree total iteration : 12
1 => changing to UW
1 => changing to UW
2 => new call tree total iteration : 15
2 => Outcome : Correct
2 =>: 9 <= UW iterations OR => 1
3 => new call tree total iteration : 16
3 => changing to UW
3 => 19 iterations changed to => 18
3 => Outcome : Correct
3 =>: 5 <= UW iterations OR => 2
1 => changing to UW
2 => new call tree total iteration : 21
1 => Outcome : Correct
1 =>: 12 <= UW iterations OR => 5
2 => changing to UW
3 => new call tree total iteration : 23
3 => Outcome : Correct
3 =>: 5 <= UW iterations OR => 3
2 => Outcome : Correct
2 =>: 11 <= UW iterations OR => 4
1 => new call tree total iteration : 22
1 => changing to UW
1 => Outcome : Correct
1 =>: 13 <= UW iterations OR => 6
3 => new call tree total iteration : 25
2 => new call tree total iteration : 23
2 => changing to UW
2 => Outcome : Correct
2 =>: 12 <= UW iterations OR => 5
3 => changing to UW
1 => new call tree total iteration : 24
1 => changing to UW
3 => changing to UW
1 => changing to UW
2 => new call tree total iteration : 25
2 => changing to UW
2 => 27 iterations changed to => 26
3 => changing to UW
2 => Outcome : Correct
2 =>: 13 <= UW iterations OR => 7
3 => changing to UW
2 => new call tree total iteration : 28
1 => changing to UW
2 => Outcome : Correct
2 =>: 13 <= UW iterations OR => 8
3 => changing to UW
2 => new call tree total iteration : 39
1 => changing to UW
3 => changing to UW
2 => changing to UW
1 => changing to UW
2 => 45 iterations changed to => 44
2 => changing to UW
3 => changing to UW
1 => changing to UW
3 => changing to UW
3 => 56 iterations changed to => 55
2 => 54 iterations changed to => 53
2 => changing to UW
3 => changing to UW
1 => 72 iterations changed to => 71
2 => 81 iterations changed to => 80
3 => 91 iterations changed to => 84
3 => 85 iterations changed to => 73
1 => 75 iterations changed to => 59
1 => 60 iterations changed to => 46
3 => 77 iterations changed to => 76
2 => 84 iterations changed to => 71
1 => changing to UW
2 => 72 iterations changed to => 61
1 => 49 iterations changed to => 47
1 => changing to UW
2 => 64 iterations changed to => 63
2 => changing to UW
3 => 85 iterations changed to => 84
1 => 53 iterations changed to => 52
2 => 71 iterations changed to => 70
2 => 78 iterations changed to => 77
3 => 91 iterations changed to => 64
3 => 65 iterations changed to => 42
3 => changing to UW
3 => 44 iterations changed to => 43
3 => Outcome : Correct
3 =>: 16 <= UW iterations OR => 84
2 => Outcome : Correct
2 =>: 17 <= UW iterations OR => 80
3 => new call tree total iteration : 57
2 => new call tree total iteration : 58
1 => changing to UW
1 => 73 iterations changed to => 60
2 => 71 iterations changed to => 70
1 => 73 iterations changed to => 72
1 => 73 iterations changed to => 62
1 => Outcome : Correct
1 =>: 27 <= UW iterations OR => 90
2 => Outcome : Correct
2 =>: 17 <= UW iterations OR => 96
1 => new call tree total iteration : 59
1 => 64 iterations changed to => 63
2 => new call tree total iteration : 60
2 => 62 iterations changed to => 61
2 => changing to UW
1 => Outcome : Correct
1 =>: 27 <= UW iterations OR => 105
2 => Outcome : Correct
2 =>: 18 <= UW iterations OR => 107
1 => new call tree total iteration : 70
1 => Outcome : Correct
1 =>: 27 <= UW iterations OR => 107
2 => new call tree total iteration : 71
2 => Outcome : Correct
2 =>: 18 <= UW iterations OR => 109
1 => new call tree total iteration : 72
1 => Outcome : Correct
1 =>: 27 <= UW iterations OR => 109
2 => new call tree total iteration : 73
2 => Outcome : Correct
2 =>: 18 <= UW iterations OR => 110
3 => Outcome : Correct
3 =>: 16 <= UW iterations OR => 86
1 => new call tree total iteration : 58
2 => new call tree total iteration : 59
3 => new call tree total iteration : 62
3 => 73 iterations changed to => 72
1 => 73 iterations changed to => 63
1 => 65 iterations changed to => 64
1 => Outcome : Correct
1 =>: 27 <= UW iterations OR => 135
1 => new call tree total iteration : 63
1 => 65 iterations changed to => 64
1 => changing to UW
3 => Outcome : Correct
3 =>: 16 <= UW iterations OR => 98
1 => Outcome : Correct
1 =>: 28 <= UW iterations OR => 143
2 => changing to UW
3 => new call tree total iteration : 60
2 => 66 iterations changed to => 65
1 => new call tree total iteration : 63
1 => changing to UW
1 => 74 iterations changed to => 73
1 => 74 iterations changed to => 64
1 => 67 iterations changed to => 66
3 => 71 iterations changed to => 70
1 => 74 iterations changed to => 73
2 => Outcome : Correct
2 =>: 19 <= UW iterations OR => 125
2 => new call tree total iteration : 61
1 => Outcome : Correct
1 =>: 29 <= UW iterations OR => 166
2 => 64 iterations changed to => 63
1 => new call tree total iteration : 62
1 => 64 iterations changed to => 63
1 => 72 iterations changed to => 71
2 => 73 iterations changed to => 71
3 => Outcome : Correct
3 =>: 16 <= UW iterations OR => 112
1 => Outcome : Correct
1 =>: 29 <= UW iterations OR => 179
2 => Outcome : Correct
2 =>: 19 <= UW iterations OR => 140
Verification Outcome : OK
Time Taken : 981.672171
1 => new call tree total iteration : 73
Verifying parzip_nsremovelockmnremove_0.bpl.bpl
Corral program verifier version 1.0.0.0
http://localhost:5002/
Corral program verifier version 1.0.0.0
Corral program verifier version 1.0.0.0
http://localhost:5002/
http://localhost:5002/
1 => changing to UW
1 => Outcome : Correct
1 =>: 3 <= UW iterations OR => 0
2 => new call tree total iteration : 2
2 => changing to UW
2 => changing to UW
2 => Outcome : Correct
2 =>: 10 <= UW iterations OR => 1
3 => new call tree total iteration : 12
3 => changing to UW
3 => Outcome : Correct
3 =>: 2 <= UW iterations OR => 1
1 => new call tree total iteration : 14
1 => changing to UW
1 => Outcome : Correct
1 =>: 5 <= UW iterations OR => 0
2 => new call tree total iteration : 15
2 => changing to UW
2 => Outcome : Correct
2 =>: 11 <= UW iterations OR => 3
3 => new call tree total iteration : 17
3 => changing to UW
3 => Outcome : Correct
3 =>: 3 <= UW iterations OR => 2
1 => new call tree total iteration : 18
1 => changing to UW
1 => Outcome : Correct
1 =>: 7 <= UW iterations OR => 0
2 => new call tree total iteration : 19
2 => changing to UW
2 => Outcome : Correct
2 =>: 13 <= UW iterations OR => 3
3 => new call tree total iteration : 20
3 => changing to UW
3 => Outcome : Correct
3 =>: 4 <= UW iterations OR => 3
1 => new call tree total iteration : 21
1 => changing to UW
1 => Outcome : Correct
1 =>: 9 <= UW iterations OR => 0
2 => new call tree total iteration : 22
2 => changing to UW
3 => new call tree total iteration : 23
2 => changing to UW
1 => new call tree total iteration : 24
2 => changing to UW
3 => changing to UW
3 => changing to UW
1 => changing to UW
1 => changing to UW
2 => changing to UW
1 => changing to UW
2 => changing to UW
3 => changing to UW
1 => changing to UW
1 => 62 iterations changed to => 61
3 => 62 iterations changed to => 61
1 => changing to UW
1 => 73 iterations changed to => 72
1 => changing to UW
3 => 75 iterations changed to => 74
1 => changing to UW
2 => 100 iterations changed to => 99
2 => 109 iterations changed to => 108
1 => 109 iterations changed to => 103
1 => 104 iterations changed to => 93
1 => 94 iterations changed to => 81
1 => 82 iterations changed to => 45
3 => 106 iterations changed to => 104
3 => 105 iterations changed to => 92
3 => 93 iterations changed to => 84
3 => 85 iterations changed to => 46
3 => changing to UW
2 => 120 iterations changed to => 119
1 => 61 iterations changed to => 60
3 => 61 iterations changed to => 60
1 => 73 iterations changed to => 72
3 => 72 iterations changed to => 71
2 => 151 iterations changed to => 150
1 => 95 iterations changed to => 83
1 => 84 iterations changed to => 47
2 => 151 iterations changed to => 140
1 => changing to UW
1 => 50 iterations changed to => 49
2 => 141 iterations changed to => 131
2 => 132 iterations changed to => 86
1 => changing to UW
1 => changing to UW
3 => 95 iterations changed to => 93
3 => 94 iterations changed to => 81
1 => 62 iterations changed to => 61
3 => 82 iterations changed to => 48
3 => 51 iterations changed to => 50
2 => 100 iterations changed to => 99
3 => changing to UW
1 => 76 iterations changed to => 75
3 => 65 iterations changed to => 64
3 => 76 iterations changed to => 75
1 => 108 iterations changed to => 107
1 => 108 iterations changed to => 96
1 => 97 iterations changed to => 86
2 => 137 iterations changed to => 128
2 => 129 iterations changed to => 119
2 => 120 iterations changed to => 108
2 => 109 iterations changed to => 88
2 => 89 iterations changed to => 72
3 => 114 iterations changed to => 111
3 => 112 iterations changed to => 98
3 => 99 iterations changed to => 86
3 => changing to UW
1 => 108 iterations changed to => 104
1 => 105 iterations changed to => 93
1 => 94 iterations changed to => 25
1 => changing to UW
1 => Outcome : Correct
1 =>: 22 <= UW iterations OR => 221
1 => new call tree total iteration : 26
1 => changing to UW
2 => changing to UW
1 => changing to UW
1 => 31 iterations changed to => 30
2 => 87 iterations changed to => 86
1 => changing to UW
1 => changing to UW
1 => changing to UW
1 => changing to UW
1 => changing to UW
3 => 112 iterations changed to => 109
3 => 110 iterations changed to => 97
3 => 98 iterations changed to => 88
3 => 89 iterations changed to => 26
3 => changing to UW
3 => changing to UW
3 => changing to UW
3 => 50 iterations changed to => 49
2 => 122 iterations changed to => 114
3 => changing to UW
2 => 115 iterations changed to => 105
2 => 106 iterations changed to => 94
3 => 62 iterations changed to => 61
2 => 95 iterations changed to => 74
2 => changing to UW
2 => 75 iterations changed to => 58
2 => changing to UW
1 => 85 iterations changed to => 81
1 => 82 iterations changed to => 73
2 => 79 iterations changed to => 78
1 => 74 iterations changed to => 67
1 => 68 iterations changed to => 59
1 => 60 iterations changed to => 52
3 => 91 iterations changed to => 84
3 => 85 iterations changed to => 73
3 => 74 iterations changed to => 27
3 => changing to UW
3 => Outcome : Correct
3 =>: 23 <= UW iterations OR => 297
1 => 53 iterations changed to => 45
3 => new call tree total iteration : 43
1 => changing to UW
3 => changing to UW
3 => 45 iterations changed to => 44
3 => changing to UW
1 => changing to UW
1 => changing to UW
3 => 55 iterations changed to => 54
1 => 58 iterations changed to => 57
1 => 62 iterations changed to => 61
3 => changing to UW
1 => 70 iterations changed to => 69
2 => 109 iterations changed to => 108
2 => 109 iterations changed to => 98
2 => 99 iterations changed to => 90
2 => 91 iterations changed to => 68
2 => 69 iterations changed to => 59
2 => Outcome : Correct
2 =>: 25 <= UW iterations OR => 294
2 => new call tree total iteration : 63
2 => Outcome : Correct
2 =>: 25 <= UW iterations OR => 295
2 => new call tree total iteration : 46
2 => 48 iterations changed to => 47
2 => changing to UW
3 => 92 iterations changed to => 84
2 => changing to UW
3 => 85 iterations changed to => 75
3 => Outcome : Correct
3 =>: 26 <= UW iterations OR => 347
3 => new call tree total iteration : 74
2 => 59 iterations changed to => 58
2 => changing to UW
2 => 67 iterations changed to => 66
3 => 86 iterations changed to => 85
2 => changing to UW
3 => 93 iterations changed to => 92
3 => changing to UW
1 => 111 iterations changed to => 110
3 => 102 iterations changed to => 101
1 => 117 iterations changed to => 116
3 => 109 iterations changed to => 108
1 => 124 iterations changed to => 123
1 => 131 iterations changed to => 130
2 => 101 iterations changed to => 100
2 => 101 iterations changed to => 94
3 => 134 iterations changed to => 130
2 => 95 iterations changed to => 88
3 => 131 iterations changed to => 122
3 => 123 iterations changed to => 116
3 => 117 iterations changed to => 75
2 => 99 iterations changed to => 98
3 => 86 iterations changed to => 85
3 => 92 iterations changed to => 91
2 => 105 iterations changed to => 104
3 => 100 iterations changed to => 99
2 => 110 iterations changed to => 109
1 => 162 iterations changed to => 160
1 => 161 iterations changed to => 154
1 => 155 iterations changed to => 147
1 => 148 iterations changed to => 143
1 => 144 iterations changed to => 136
1 => 137 iterations changed to => 102
3 => 105 iterations changed to => 104
1 => 104 iterations changed to => 103
1 => 110 iterations changed to => 109
1 => 117 iterations changed to => 116
1 => 123 iterations changed to => 122
1 => 130 iterations changed to => 129
3 => 135 iterations changed to => 131
3 => 132 iterations changed to => 126
3 => 127 iterations changed to => 120
3 => 121 iterations changed to => 117
3 => 118 iterations changed to => 110
3 => 111 iterations changed to => 76
3 => 86 iterations changed to => 85
2 => 149 iterations changed to => 147
2 => 148 iterations changed to => 142
2 => 143 iterations changed to => 134
2 => 135 iterations changed to => 129
3 => 92 iterations changed to => 91
1 => 162 iterations changed to => 160
1 => 161 iterations changed to => 154
1 => 155 iterations changed to => 147
1 => 148 iterations changed to => 141
1 => 142 iterations changed to => 133
1 => 134 iterations changed to => 96
1 => 97 iterations changed to => 88
1 => 89 iterations changed to => 82
1 => Outcome : Correct
1 =>: 37 <= UW iterations OR => 473
1 => new call tree total iteration : 72
3 => 100 iterations changed to => 99
2 => 130 iterations changed to => 125
2 => 126 iterations changed to => 121
2 => 122 iterations changed to => 117
3 => 106 iterations changed to => 105
1 => 84 iterations changed to => 83
2 => 118 iterations changed to => 113
2 => 114 iterations changed to => 89
2 => 91 iterations changed to => 90
1 => 90 iterations changed to => 89
2 => 100 iterations changed to => 99
1 => 98 iterations changed to => 97
2 => 105 iterations changed to => 104
1 => 104 iterations changed to => 103
2 => 116 iterations changed to => 115
3 => 135 iterations changed to => 133
3 => 134 iterations changed to => 127
3 => 128 iterations changed to => 120
3 => 121 iterations changed to => 113
3 => 114 iterations changed to => 77
3 => 81 iterations changed to => 80
3 => 89 iterations changed to => 88
3 => 95 iterations changed to => 94
1 => 133 iterations changed to => 131
1 => 132 iterations changed to => 125
1 => 126 iterations changed to => 118
1 => 119 iterations changed to => 111
1 => 112 iterations changed to => 73
3 => 102 iterations changed to => 101
2 => 143 iterations changed to => 142
1 => 75 iterations changed to => 74
1 => 84 iterations changed to => 83
3 => 106 iterations changed to => 105
1 => 89 iterations changed to => 88
2 => 149 iterations changed to => 147
2 => 148 iterations changed to => 133
1 => 94 iterations changed to => 93
2 => 134 iterations changed to => 127
2 => 128 iterations changed to => 119
2 => 120 iterations changed to => 108
2 => 109 iterations changed to => 83
2 => 85 iterations changed to => 84
2 => changing to UW
2 => 93 iterations changed to => 92
2 => 99 iterations changed to => 98
3 => 135 iterations changed to => 129
2 => 106 iterations changed to => 105
3 => 135 iterations changed to => 130
3 => 131 iterations changed to => 121
3 => 122 iterations changed to => 117
3 => 118 iterations changed to => 111
3 => Outcome : Correct
3 =>: 27 <= UW iterations OR => 622
3 => new call tree total iteration : 98
1 => 133 iterations changed to => 128
1 => 129 iterations changed to => 122
1 => 123 iterations changed to => 116
1 => 117 iterations changed to => 110
1 => 111 iterations changed to => 103
1 => Outcome : Correct
1 =>: 37 <= UW iterations OR => 611
1 => new call tree total iteration : 77
1 => Outcome : Correct
1 =>: 37 <= UW iterations OR => 612
1 => new call tree total iteration : 113
2 => 146 iterations changed to => 141
2 => 142 iterations changed to => 133
2 => 134 iterations changed to => 128
2 => 129 iterations changed to => 120
2 => Outcome : Correct
2 =>: 30 <= UW iterations OR => 563
1 => Outcome : Correct
1 =>: 37 <= UW iterations OR => 613
2 => new call tree total iteration : 99
1 => new call tree total iteration : 105
2 => Outcome : Correct
2 =>: 30 <= UW iterations OR => 564
1 => Outcome : Correct
1 =>: 37 <= UW iterations OR => 614
2 => new call tree total iteration : 112
2 => Outcome : Correct
2 =>: 30 <= UW iterations OR => 565
1 => new call tree total iteration : 117
1 => Outcome : Correct
1 =>: 37 <= UW iterations OR => 615
2 => new call tree total iteration : 119
2 => Outcome : Correct
2 =>: 30 <= UW iterations OR => 566
1 => new call tree total iteration : 123
1 => Outcome : Correct
1 =>: 37 <= UW iterations OR => 616
2 => new call tree total iteration : 126
2 => Outcome : Correct
2 =>: 30 <= UW iterations OR => 567
1 => new call tree total iteration : 128
1 => Outcome : Correct
1 =>: 37 <= UW iterations OR => 617
2 => new call tree total iteration : 130
2 => Outcome : Correct
2 =>: 30 <= UW iterations OR => 568
1 => new call tree total iteration : 132
1 => Outcome : Correct
1 =>: 37 <= UW iterations OR => 618
3 => Outcome : Correct
3 =>: 27 <= UW iterations OR => 657
Verification Outcome : OK
Time Taken : 945.432811
Verifying mp_iobuildfsdirpsignaleventincompletiontimeout_0.bpl.bpl
Corral program verifier version 1.0.0.0
Corral program verifier version 1.0.0.0
Corral program verifier version 1.0.0.0
http://localhost:5002/
http://localhost:5002/
http://localhost:5002/
1 => changing to UW
1 => Outcome : Correct
1 =>: 3 <= UW iterations OR => 0
3 => new call tree total iteration : 2
3 => changing to UW
3 => changing to UW
3 => Outcome : Correct
3 =>: 12 <= UW iterations OR => 2
2 => new call tree total iteration : 15
2 => changing to UW
2 => Outcome : Correct
2 =>: 3 <= UW iterations OR => 0
1 => new call tree total iteration : 17
1 => changing to UW
1 => changing to UW
3 => new call tree total iteration : 20
3 => changing to UW
3 => Outcome : Correct
3 =>: 14 <= UW iterations OR => 2
2 => new call tree total iteration : 21
2 => changing to UW
2 => Outcome : Correct
2 =>: 4 <= UW iterations OR => 0
3 => new call tree total iteration : 23
1 => changing to UW
3 => 25 iterations changed to => 24
1 => changing to UW
2 => new call tree total iteration : 25
2 => 27 iterations changed to => 26
2 => changing to UW
3 => changing to UW
2 => changing to UW
2 => Outcome : ReachedBound
2 =>: 9 <= UW iterations OR => 8
2 => new call tree total iteration : 29
2 => changing to UW
1 => changing to UW
3 => changing to UW
2 => changing to UW
2 => changing to UW
3 => Outcome : ReachedBound
3 =>: 16 <= UW iterations OR => 20
2 => changing to UW
1 => changing to UW
1 => Outcome : Correct
1 =>: 13 <= UW iterations OR => 24
2 => Outcome : ReachedBound
2 =>: 14 <= UW iterations OR => 21
1 => new call tree total iteration : 46
3 => new call tree total iteration : 49
2 => new call tree total iteration : 47
3 => 51 iterations changed to => 50
1 => changing to UW
3 => changing to UW
2 => changing to UW
1 => 65 iterations changed to => 64
3 => 64 iterations changed to => 63
3 => changing to UW
2 => 65 iterations changed to => 64
1 => changing to UW
2 => changing to UW
1 => 78 iterations changed to => 77
3 => 74 iterations changed to => 73
2 => 78 iterations changed to => 77
1 => changing to UW
3 => 106 iterations changed to => 105
3 => 111 iterations changed to => 94
3 => 95 iterations changed to => 83
3 => 88 iterations changed to => 87
1 => 128 iterations changed to => 124
1 => 125 iterations changed to => 113
1 => 114 iterations changed to => 102
1 => 103 iterations changed to => 90
2 => 132 iterations changed to => 126
2 => 127 iterations changed to => 117
2 => 118 iterations changed to => 108
2 => 109 iterations changed to => 99
2 => 100 iterations changed to => 89
3 => 108 iterations changed to => 107
3 => 111 iterations changed to => 97
3 => 104 iterations changed to => 103
3 => Outcome : ReachedBound
3 =>: 19 <= UW iterations OR => 129
1 => 129 iterations changed to => 128
1 => 129 iterations changed to => 118
1 => 119 iterations changed to => 108
1 => 109 iterations changed to => 97
3 => new call tree total iteration : 48
3 => Outcome : ReachedBound
3 =>: 19 <= UW iterations OR => 130
3 => new call tree total iteration : 48
3 => 50 iterations changed to => 49
3 => changing to UW
3 => changing to UW
2 => 132 iterations changed to => 128
2 => 129 iterations changed to => 120
2 => 121 iterations changed to => 111
2 => 112 iterations changed to => 102
2 => 103 iterations changed to => 92
3 => 86 iterations changed to => 85
1 => 129 iterations changed to => 124
1 => 125 iterations changed to => 115
3 => 96 iterations changed to => 95
1 => 129 iterations changed to => 128
1 => 129 iterations changed to => 119
1 => 120 iterations changed to => 106
3 => 114 iterations changed to => 113
2 => 121 iterations changed to => 120
1 => 124 iterations changed to => 123
1 => 129 iterations changed to => 114
1 => Outcome : ReachedBound
1 =>: 16 <= UW iterations OR => 224
2 => 132 iterations changed to => 127
2 => 128 iterations changed to => 112
2 => 113 iterations changed to => 104
1 => new call tree total iteration : 96
3 => 129 iterations changed to => 128
1 => 98 iterations changed to => 97
3 => 136 iterations changed to => 135
2 => 122 iterations changed to => 121
3 => 145 iterations changed to => 142
3 => 143 iterations changed to => 121
3 => 122 iterations changed to => 105
2 => 132 iterations changed to => 128
2 => 129 iterations changed to => 114
2 => 115 iterations changed to => 107
2 => Outcome : ReachedBound
2 =>: 16 <= UW iterations OR => 232
2 => new call tree total iteration : 63
1 => 123 iterations changed to => 120
2 => 66 iterations changed to => 65
3 => 118 iterations changed to => 117
1 => 127 iterations changed to => 126
2 => 78 iterations changed to => 77
3 => 126 iterations changed to => 125
1 => 132 iterations changed to => 113
1 => 114 iterations changed to => 105
1 => Outcome : ReachedBound
1 =>: 16 <= UW iterations OR => 267
1 => new call tree total iteration : 74
2 => 89 iterations changed to => 88
1 => 76 iterations changed to => 75
3 => 134 iterations changed to => 133
1 => 87 iterations changed to => 86
3 => 145 iterations changed to => 141
3 => 142 iterations changed to => 109
3 => 113 iterations changed to => 112
2 => 114 iterations changed to => 113
3 => 120 iterations changed to => 119
1 => 115 iterations changed to => 114
3 => 127 iterations changed to => 126
2 => 137 iterations changed to => 136
2 => 137 iterations changed to => 128
2 => 129 iterations changed to => 120
1 => 133 iterations changed to => 130
3 => 141 iterations changed to => 140
1 => 135 iterations changed to => 122
3 => 145 iterations changed to => 133
3 => Outcome : ReachedBound
3 =>: 22 <= UW iterations OR => 317
2 => 132 iterations changed to => 127
1 => 129 iterations changed to => 124
3 => new call tree total iteration : 96
2 => 138 iterations changed to => 132
1 => 135 iterations changed to => 129
3 => 106 iterations changed to => 105
1 => 133 iterations changed to => 132
2 => 139 iterations changed to => 135
2 => 136 iterations changed to => 106
2 => 107 iterations changed to => 98
1 => 137 iterations changed to => 105
1 => Outcome : ReachedBound
1 =>: 16 <= UW iterations OR => 362
3 => 114 iterations changed to => 113
2 => 105 iterations changed to => 104
1 => new call tree total iteration : 97
1 => 99 iterations changed to => 98
3 => 122 iterations changed to => 121
2 => 120 iterations changed to => 119
3 => 132 iterations changed to => 129
3 => 139 iterations changed to => 135
3 => Outcome : ReachedBound
3 =>: 22 <= UW iterations OR => 370
1 => 120 iterations changed to => 119
3 => new call tree total iteration : 105
1 => 127 iterations changed to => 126
2 => 143 iterations changed to => 135
2 => 136 iterations changed to => 127
2 => 128 iterations changed to => 110
3 => 107 iterations changed to => 106
2 => 113 iterations changed to => 112
1 => 137 iterations changed to => 134
1 => 141 iterations changed to => 140
1 => 145 iterations changed to => 111
3 => 137 iterations changed to => 134
2 => 143 iterations changed to => 140
1 => 131 iterations changed to => 130
2 => 143 iterations changed to => 133
2 => 134 iterations changed to => 126
3 => 144 iterations changed to => 140
1 => 138 iterations changed to => 137
3 => 145 iterations changed to => 144
3 => 145 iterations changed to => 126
3 => 127 iterations changed to => 118
3 => 119 iterations changed to => 111
3 => Outcome : ReachedBound
3 =>: 22 <= UW iterations OR => 422
2 => 138 iterations changed to => 135
1 => 145 iterations changed to => 122
1 => Outcome : ReachedBound
1 =>: 16 <= UW iterations OR => 454
2 => 140 iterations changed to => 139
3 => new call tree total iteration : 114
3 => Outcome : ReachedBound
3 =>: 22 <= UW iterations OR => 423
2 => Outcome : ReachedBound
2 =>: 16 <= UW iterations OR => 452
1 => new call tree total iteration : 119
1 => Outcome : ReachedBound
1 =>: 16 <= UW iterations OR => 455
3 => new call tree total iteration : 128
3 => Outcome : ReachedBound
3 =>: 22 <= UW iterations OR => 424
Verification Outcome : OK
Time Taken : 536.888487
Verifying serial_markingqueuedirps_1.bpl.bpl
Corral program verifier version 1.0.0.0
http://localhost:5002/
Corral program verifier version 1.0.0.0
Corral program verifier version 1.0.0.0
http://localhost:5002/
http://localhost:5002/
1 => changing to UW
1 => Outcome : Correct
1 =>: 3 <= UW iterations OR => 0
2 => new call tree total iteration : 2
2 => changing to UW
2 => changing to UW
2 => Outcome : Correct
2 =>: 14 <= UW iterations OR => 2
3 => new call tree total iteration : 17
3 => changing to UW
1 => new call tree total iteration : 18
1 => changing to UW
1 => Outcome : Correct
1 =>: 7 <= UW iterations OR => 0
3 => changing to UW
2 => new call tree total iteration : 19
2 => Outcome : Correct
2 =>: 14 <= UW iterations OR => 3
1 => new call tree total iteration : 19
1 => Outcome : Correct
1 =>: 7 <= UW iterations OR => 1
3 => Outcome : Correct
3 =>: 2 <= UW iterations OR => 4
2 => new call tree total iteration : 20
2 => changing to UW
3 => new call tree total iteration : 21
2 => changing to UW
1 => new call tree total iteration : 22
1 => changing to UW
1 => 25 iterations changed to => 23
1 => changing to UW
2 => changing to UW
1 => changing to UW
1 => changing to UW
3 => changing to UW
3 => 27 iterations changed to => 22
3 => changing to UW
3 => Outcome : Correct
3 =>: 4 <= UW iterations OR => 9
1 => changing to UW
3 => new call tree total iteration : 23
2 => changing to UW
3 => changing to UW
1 => changing to UW
2 => changing to UW
3 => changing to UW
3 => changing to UW
2 => changing to UW
3 => Outcome : Correct
3 =>: 7 <= UW iterations OR => 20
1 => changing to UW
1 => changing to UW
2 => changing to UW
3 => new call tree total iteration : 53
1 => changing to UW
1 => 54 iterations changed to => 49
3 => Outcome : Correct
3 =>: 7 <= UW iterations OR => 21
3 => new call tree total iteration : 55
3 => Outcome : Correct
3 =>: 7 <= UW iterations OR => 22
2 => changing to UW
2 => changing to UW
1 => Outcome : ReachedBound
1 =>: 18 <= UW iterations OR => 32
1 => new call tree total iteration : 75
3 => new call tree total iteration : 56
1 => Outcome : Correct
1 =>: 18 <= UW iterations OR => 33
3 => 58 iterations changed to => 57
1 => new call tree total iteration : 77
1 => Outcome : Correct
1 =>: 18 <= UW iterations OR => 34
1 => new call tree total iteration : 94
1 => 96 iterations changed to => 95
1 => Outcome : Correct
1 =>: 18 <= UW iterations OR => 37
1 => new call tree total iteration : 95
1 => Outcome : Correct
1 =>: 18 <= UW iterations OR => 38
1 => new call tree total iteration : 65
2 => 122 iterations changed to => 121
1 => changing to UW
3 => 79 iterations changed to => 78
1 => 74 iterations changed to => 73
1 => 80 iterations changed to => 79
2 => 139 iterations changed to => 134
3 => 89 iterations changed to => 88
3 => 90 iterations changed to => 82
3 => 86 iterations changed to => 85
3 => 90 iterations changed to => 71
1 => 91 iterations changed to => 89
1 => 90 iterations changed to => 84
3 => 73 iterations changed to => 72
1 => 87 iterations changed to => 86
2 => 151 iterations changed to => 150
2 => 155 iterations changed to => 154
1 => 91 iterations changed to => 66
1 => 68 iterations changed to => 67
1 => changing to UW
1 => 75 iterations changed to => 74
3 => 87 iterations changed to => 86
2 => 165 iterations changed to => 163
2 => 164 iterations changed to => 159
3 => 90 iterations changed to => 81
3 => 82 iterations changed to => 77
3 => 79 iterations changed to => 78
2 => 162 iterations changed to => 161
3 => 83 iterations changed to => 82
2 => 165 iterations changed to => 144
2 => 145 iterations changed to => 138
2 => 139 iterations changed to => 127
2 => 128 iterations changed to => 111
2 => Outcome : ReachedBound
2 =>: 24 <= UW iterations OR => 158
1 => 91 iterations changed to => 85
1 => 87 iterations changed to => 86
1 => Outcome : ReachedBound
1 =>: 20 <= UW iterations OR => 107
3 => Outcome : ReachedBound
3 =>: 7 <= UW iterations OR => 105
2 => new call tree total iteration : 79
2 => Outcome : ReachedBound
2 =>: 24 <= UW iterations OR => 160
1 => new call tree total iteration : 87
3 => new call tree total iteration : 80
1 => Outcome : ReachedBound
1 =>: 20 <= UW iterations OR => 109
3 => 83 iterations changed to => 82
3 => 91 iterations changed to => 87
1 => new call tree total iteration : 81
3 => 89 iterations changed to => 88
2 => new call tree total iteration : 88
3 => Outcome : ReachedBound
3 =>: 7 <= UW iterations OR => 122
2 => 90 iterations changed to => 89
1 => 88 iterations changed to => 87
2 => Outcome : ReachedBound
2 =>: 24 <= UW iterations OR => 163
1 => Outcome : ReachedBound
1 =>: 20 <= UW iterations OR => 120
3 => new call tree total iteration : 82
3 => Outcome : ReachedBound
3 =>: 7 <= UW iterations OR => 124
2 => new call tree total iteration : 83
2 => Outcome : ReachedBound
2 =>: 24 <= UW iterations OR => 165
1 => new call tree total iteration : 84
1 => Outcome : ReachedBound
1 =>: 20 <= UW iterations OR => 122
3 => new call tree total iteration : 85
3 => Outcome : ReachedBound
3 =>: 7 <= UW iterations OR => 126
2 => new call tree total iteration : 86
2 => 91 iterations changed to => 89
2 => Outcome : ReachedBound
2 =>: 24 <= UW iterations OR => 172
1 => new call tree total iteration : 87
3 => new call tree total iteration : 88
3 => 91 iterations changed to => 89
1 => 91 iterations changed to => 89
3 => Outcome : ReachedBound
3 =>: 7 <= UW iterations OR => 131
1 => Outcome : ReachedBound
1 =>: 20 <= UW iterations OR => 128
2 => new call tree total iteration : 88
2 => Outcome : ReachedBound
2 =>: 24 <= UW iterations OR => 174
3 => new call tree total iteration : 90
3 => Outcome : ReachedBound
3 =>: 7 <= UW iterations OR => 132
1 => new call tree total iteration : 89
1 => Outcome : ReachedBound
1 =>: 20 <= UW iterations OR => 130
2 => new call tree total iteration : 90
2 => Outcome : ReachedBound
2 =>: 24 <= UW iterations OR => 175
2 => new call tree total iteration : 91
3 => new call tree total iteration : 91
Verification Outcome : OK
Time Taken : 597.710927
