Verifying parzip_nsremovelockmnremove_0.bpl.bpl
Corral program verifier version 1.0.0.0
Corral program verifier version 1.0.0.0
Corral program verifier version 1.0.0.0
Corral program verifier version 1.0.0.0
Corral program verifier version 1.0.0.0
Corral program verifier version 1.0.0.0
Corral program verifier version 1.0.0.0
Corral program verifier version 1.0.0.0
http://localhost:5002/
http://localhost:5002/
http://localhost:5002/
http://localhost:5002/
http://localhost:5002/
http://localhost:5002/
http://localhost:5002/
http://localhost:5002/
1 => Outcome : Correct
1 =>: 0 <= UW iterations OR => 3
4 => new call tree total iteration : 0
4 => Outcome : Correct
4 =>: 0 <= UW iterations OR => 2
3 => new call tree total iteration : 0
3 => Outcome : Correct
3 =>: 0 <= UW iterations OR => 2
2 => new call tree total iteration : 0
2 => Outcome : Correct
2 =>: 0 <= UW iterations OR => 2
5 => new call tree total iteration : 0
5 => Outcome : Correct
5 =>: 0 <= UW iterations OR => 2
6 => new call tree total iteration : 0
6 => Outcome : Correct
6 =>: 0 <= UW iterations OR => 2
7 => new call tree total iteration : 0
7 => Outcome : Correct
7 =>: 0 <= UW iterations OR => 2
8 => new call tree total iteration : 0
1 => new call tree total iteration : 0
4 => new call tree total iteration : 0
3 => new call tree total iteration : 0
2 => new call tree total iteration : 0
2 => Outcome : Correct
2 =>: 0 <= UW iterations OR => 3
1 => Outcome : Correct
1 =>: 0 <= UW iterations OR => 6
5 => new call tree total iteration : 0
8 => Outcome : Correct
8 =>: 0 <= UW iterations OR => 6
6 => new call tree total iteration : 0
6 => Outcome : Correct
6 =>: 0 <= UW iterations OR => 3
7 => new call tree total iteration : 0
1 => new call tree total iteration : 0
2 => new call tree total iteration : 0
1 => Outcome : Correct
1 =>: 0 <= UW iterations OR => 7
8 => new call tree total iteration : 0
8 => Outcome : Correct
8 =>: 0 <= UW iterations OR => 7
4 => Outcome : Correct
4 =>: 0 <= UW iterations OR => 6
6 => new call tree total iteration : 0
2 => Outcome : Correct
2 =>: 0 <= UW iterations OR => 5
6 => Outcome : Correct
6 =>: 0 <= UW iterations OR => 4
3 => Outcome : Correct
3 =>: 0 <= UW iterations OR => 6
7 => Outcome : Correct
7 =>: 0 <= UW iterations OR => 4
5 => Outcome : Correct
5 =>: 0 <= UW iterations OR => 5
1 => new call tree total iteration : 0
8 => new call tree total iteration : 0
2 => new call tree total iteration : 0
4 => new call tree total iteration : 0
6 => new call tree total iteration : 0
1 => Outcome : Correct
1 =>: 0 <= UW iterations OR => 9
6 => Outcome : Correct
6 =>: 0 <= UW iterations OR => 6
3 => new call tree total iteration : 0
2 => Outcome : Correct
2 =>: 0 <= UW iterations OR => 7
5 => new call tree total iteration : 0
1 => new call tree total iteration : 0
6 => new call tree total iteration : 0
7 => new call tree total iteration : 0
2 => new call tree total iteration : 0
2 => Outcome : Correct
2 =>: 0 <= UW iterations OR => 81
2 => new call tree total iteration : 0
7 => Outcome : Correct
7 =>: 0 <= UW iterations OR => 79
7 => new call tree total iteration : 0
7 => Outcome : Correct
7 =>: 0 <= UW iterations OR => 80
7 => new call tree total iteration : 0
7 => Outcome : Correct
7 =>: 0 <= UW iterations OR => 158
7 => new call tree total iteration : 0
4 => Outcome : Correct
4 =>: 0 <= UW iterations OR => 154
4 => new call tree total iteration : 0
4 => Outcome : Correct
4 =>: 0 <= UW iterations OR => 155
6 => Outcome : Correct
6 =>: 0 <= UW iterations OR => 153
4 => new call tree total iteration : 0
4 => Outcome : Correct
4 =>: 0 <= UW iterations OR => 156
6 => new call tree total iteration : 0
4 => new call tree total iteration : 0
4 => Outcome : Correct
4 =>: 0 <= UW iterations OR => 157
4 => new call tree total iteration : 0
5 => Outcome : Correct
5 =>: 0 <= UW iterations OR => 229
5 => new call tree total iteration : 0
5 => Outcome : Correct
5 =>: 0 <= UW iterations OR => 230
5 => new call tree total iteration : 0
5 => Outcome : Correct
5 =>: 0 <= UW iterations OR => 231
5 => new call tree total iteration : 0
8 => Outcome : Correct
8 =>: 0 <= UW iterations OR => 302
8 => new call tree total iteration : 0
8 => Outcome : Correct
8 =>: 0 <= UW iterations OR => 303
8 => new call tree total iteration : 0
8 => Outcome : Correct
8 =>: 0 <= UW iterations OR => 304
8 => new call tree total iteration : 0
5 => Outcome : Correct
5 =>: 0 <= UW iterations OR => 369
5 => new call tree total iteration : 0
1 => Outcome : Correct
1 =>: 0 <= UW iterations OR => 347
1 => new call tree total iteration : 0
1 => Outcome : Correct
1 =>: 0 <= UW iterations OR => 348
1 => new call tree total iteration : 0
4 => Outcome : Correct
4 =>: 0 <= UW iterations OR => 567
4 => new call tree total iteration : 0
3 => Outcome : Correct
3 =>: 0 <= UW iterations OR => 539
3 => new call tree total iteration : 0
3 => Outcome : Correct
3 =>: 0 <= UW iterations OR => 540
3 => new call tree total iteration : 0
3 => Outcome : Correct
3 =>: 0 <= UW iterations OR => 541
5 => Outcome : Correct
5 =>: 0 <= UW iterations OR => 622
3 => new call tree total iteration : 0
5 => new call tree total iteration : 0
6 => Outcome : Correct
6 =>: 0 <= UW iterations OR => 443
6 => new call tree total iteration : 0
6 => Outcome : Correct
6 =>: 0 <= UW iterations OR => 444
6 => new call tree total iteration : 0
6 => Outcome : Correct
6 =>: 0 <= UW iterations OR => 445
6 => new call tree total iteration : 0
8 => Outcome : Correct
8 =>: 0 <= UW iterations OR => 620
8 => new call tree total iteration : 0
1 => Outcome : Correct
1 =>: 0 <= UW iterations OR => 503
1 => new call tree total iteration : 0
1 => Outcome : Correct
1 =>: 0 <= UW iterations OR => 504
1 => new call tree total iteration : 0
1 => Outcome : Correct
1 =>: 0 <= UW iterations OR => 505
1 => new call tree total iteration : 0
1 => Outcome : Correct
1 =>: 0 <= UW iterations OR => 506
1 => new call tree total iteration : 0
1 => Outcome : Correct
1 =>: 0 <= UW iterations OR => 507
1 => new call tree total iteration : 0
2 => Outcome : Correct
2 =>: 0 <= UW iterations OR => 870
2 => new call tree total iteration : 0
2 => Outcome : Correct
2 =>: 0 <= UW iterations OR => 871
2 => new call tree total iteration : 0
3 => Outcome : Correct
3 =>: 0 <= UW iterations OR => 697
3 => new call tree total iteration : 0
7 => Outcome : Correct
7 =>: 0 <= UW iterations OR => 777
7 => new call tree total iteration : 0
5 => Outcome : Correct
5 =>: 0 <= UW iterations OR => 765
5 => new call tree total iteration : 0
5 => Outcome : Correct
5 =>: 0 <= UW iterations OR => 766
5 => new call tree total iteration : 0
5 => Outcome : Correct
5 =>: 0 <= UW iterations OR => 767
5 => new call tree total iteration : 0
5 => Outcome : Correct
5 =>: 0 <= UW iterations OR => 768
5 => new call tree total iteration : 0
5 => Outcome : Correct
5 =>: 0 <= UW iterations OR => 769
5 => new call tree total iteration : 0
5 => Outcome : Correct
5 =>: 0 <= UW iterations OR => 770
5 => new call tree total iteration : 0
5 => Outcome : Correct
5 =>: 0 <= UW iterations OR => 771
5 => new call tree total iteration : 0
2 => Outcome : Correct
2 =>: 0 <= UW iterations OR => 939
2 => new call tree total iteration : 0
2 => Outcome : Correct
2 =>: 0 <= UW iterations OR => 940
2 => new call tree total iteration : 0
2 => Outcome : Correct
2 =>: 0 <= UW iterations OR => 941
2 => new call tree total iteration : 0
2 => Outcome : Correct
2 =>: 0 <= UW iterations OR => 942
1 => Outcome : Correct
1 =>: 0 <= UW iterations OR => 659
2 => new call tree total iteration : 0
2 => Outcome : Correct
2 =>: 0 <= UW iterations OR => 943
1 => new call tree total iteration : 0
2 => new call tree total iteration : 0
8 => Outcome : Correct
8 =>: 0 <= UW iterations OR => 867
8 => new call tree total iteration : 0
8 => Outcome : Correct
8 =>: 0 <= UW iterations OR => 868
8 => new call tree total iteration : 0
1 => Outcome : Correct
1 =>: 0 <= UW iterations OR => 739
1 => new call tree total iteration : 0
7 => Outcome : Correct
7 =>: 0 <= UW iterations OR => 945
7 => new call tree total iteration : 0
7 => Outcome : Correct
7 =>: 0 <= UW iterations OR => 946
7 => new call tree total iteration : 0
7 => Outcome : Correct
7 =>: 0 <= UW iterations OR => 947
7 => new call tree total iteration : 0
7 => Outcome : Correct
7 =>: 0 <= UW iterations OR => 948
7 => new call tree total iteration : 0
7 => Outcome : Correct
7 =>: 0 <= UW iterations OR => 949
7 => new call tree total iteration : 0
7 => Outcome : Correct
7 =>: 0 <= UW iterations OR => 950
7 => new call tree total iteration : 0
8 => Outcome : Correct
8 =>: 0 <= UW iterations OR => 1016
4 => Outcome : Correct
4 =>: 0 <= UW iterations OR => 832
5 => Outcome : Correct
5 =>: 0 <= UW iterations OR => 940
8 => new call tree total iteration : 0
8 => Outcome : Correct
8 =>: 0 <= UW iterations OR => 1017
4 => new call tree total iteration : 0
4 => Outcome : Correct
4 =>: 0 <= UW iterations OR => 833
5 => new call tree total iteration : 0
5 => Outcome : Correct
5 =>: 0 <= UW iterations OR => 941
8 => new call tree total iteration : 0
4 => new call tree total iteration : 0
4 => Outcome : Correct
4 =>: 0 <= UW iterations OR => 834
4 => new call tree total iteration : 0
5 => new call tree total iteration : 0
4 => Outcome : Correct
4 =>: 0 <= UW iterations OR => 835
4 => new call tree total iteration : 0
8 => Outcome : Correct
8 =>: 0 <= UW iterations OR => 1018
8 => new call tree total iteration : 0
8 => Outcome : Correct
8 =>: 0 <= UW iterations OR => 1019
6 => Outcome : Correct
6 =>: 0 <= UW iterations OR => 827
8 => new call tree total iteration : 0
8 => Outcome : Correct
8 =>: 0 <= UW iterations OR => 1020
6 => new call tree total iteration : 0
8 => new call tree total iteration : 0
8 => Outcome : Correct
8 =>: 0 <= UW iterations OR => 1021
3 => Outcome : Correct
3 =>: 0 <= UW iterations OR => 902
6 => Outcome : Correct
6 =>: 0 <= UW iterations OR => 828
2 => Outcome : Correct
2 =>: 0 <= UW iterations OR => 1103
8 => new call tree total iteration : 0
3 => new call tree total iteration : 0
8 => Outcome : Correct
8 =>: 0 <= UW iterations OR => 1022
3 => Outcome : Correct
3 =>: 0 <= UW iterations OR => 903
7 => Outcome : Correct
7 =>: 0 <= UW iterations OR => 1028
2 => new call tree total iteration : 0
6 => new call tree total iteration : 0
6 => Outcome : Correct
6 =>: 0 <= UW iterations OR => 829
3 => new call tree total iteration : 0
3 => Outcome : Correct
3 =>: 0 <= UW iterations OR => 904
7 => new call tree total iteration : 0
7 => Outcome : Correct
7 =>: 0 <= UW iterations OR => 1029
8 => new call tree total iteration : 0
6 => new call tree total iteration : 0
2 => Outcome : Correct
2 =>: 0 <= UW iterations OR => 1104
6 => Outcome : Correct
6 =>: 0 <= UW iterations OR => 830
3 => new call tree total iteration : 0
8 => Outcome : Correct
8 =>: 0 <= UW iterations OR => 1023
7 => new call tree total iteration : 0
2 => new call tree total iteration : 0
2 => Outcome : Correct
2 =>: 0 <= UW iterations OR => 1105
3 => Outcome : Correct
3 =>: 0 <= UW iterations OR => 905
8 => new call tree total iteration : 0
8 => Outcome : Correct
8 =>: 0 <= UW iterations OR => 1024
6 => new call tree total iteration : 0
7 => Outcome : Correct
7 =>: 0 <= UW iterations OR => 1030
6 => Outcome : Correct
6 =>: 0 <= UW iterations OR => 831
5 => Outcome : Correct
5 =>: 0 <= UW iterations OR => 964
3 => new call tree total iteration : 0
2 => new call tree total iteration : 0
2 => Outcome : Correct
2 =>: 0 <= UW iterations OR => 1106
6 => new call tree total iteration : 0
6 => Outcome : Correct
6 =>: 0 <= UW iterations OR => 832
8 => new call tree total iteration : 0
5 => new call tree total iteration : 0
7 => new call tree total iteration : 0
3 => Outcome : Correct
3 =>: 0 <= UW iterations OR => 906
6 => new call tree total iteration : 0
2 => new call tree total iteration : 0
1 => Outcome : Correct
1 =>: 0 <= UW iterations OR => 887
6 => Outcome : Correct
6 =>: 0 <= UW iterations OR => 833
7 => Outcome : Correct
7 =>: 0 <= UW iterations OR => 1032
8 => Outcome : Correct
8 =>: 0 <= UW iterations OR => 1025
3 => new call tree total iteration : 0
6 => new call tree total iteration : 0
6 => Outcome : Correct
6 =>: 0 <= UW iterations OR => 834
7 => new call tree total iteration : 0
8 => new call tree total iteration : 0
8 => Outcome : Correct
8 =>: 0 <= UW iterations OR => 1026
1 => new call tree total iteration : 0
6 => new call tree total iteration : 0
8 => new call tree total iteration : 0
7 => Outcome : Correct
7 =>: 0 <= UW iterations OR => 1033
8 => Outcome : Correct
8 =>: 0 <= UW iterations OR => 1027
1 => Outcome : Correct
1 =>: 0 <= UW iterations OR => 889
6 => Outcome : Correct
6 =>: 0 <= UW iterations OR => 835
7 => new call tree total iteration : 0
1 => new call tree total iteration : 0
1 => Outcome : Correct
1 =>: 0 <= UW iterations OR => 890
6 => new call tree total iteration : 0
8 => new call tree total iteration : 0
7 => Outcome : Correct
7 =>: 0 <= UW iterations OR => 1034
3 => Outcome : Correct
3 =>: 0 <= UW iterations OR => 916
1 => new call tree total iteration : 0
1 => Outcome : Correct
1 =>: 0 <= UW iterations OR => 891
5 => Outcome : Correct
5 =>: 0 <= UW iterations OR => 979
8 => Outcome : Correct
8 =>: 0 <= UW iterations OR => 1028
7 => new call tree total iteration : 0
6 => Outcome : Correct
6 =>: 0 <= UW iterations OR => 836
7 => Outcome : Correct
7 =>: 0 <= UW iterations OR => 1035
3 => new call tree total iteration : 0
2 => Outcome : Correct
2 =>: 0 <= UW iterations OR => 1123
3 => Outcome : Correct
3 =>: 0 <= UW iterations OR => 917
4 => Outcome : Correct
4 =>: 0 <= UW iterations OR => 893
1 => new call tree total iteration : 0
5 => new call tree total iteration : 0
8 => new call tree total iteration : 0
6 => new call tree total iteration : 0
8 => Outcome : Correct
8 =>: 0 <= UW iterations OR => 1029
6 => Outcome : Correct
6 =>: 0 <= UW iterations OR => 837
7 => new call tree total iteration : 0
7 => Outcome : Correct
7 =>: 0 <= UW iterations OR => 1036
1 => Outcome : Correct
1 =>: 0 <= UW iterations OR => 901
5 => Outcome : Correct
5 =>: 0 <= UW iterations OR => 980
2 => new call tree total iteration : 0
2 => Outcome : Correct
2 =>: 0 <= UW iterations OR => 1124
3 => new call tree total iteration : 0
3 => Outcome : Correct
3 =>: 0 <= UW iterations OR => 919
4 => new call tree total iteration : 0
4 => Outcome : Correct
4 =>: 0 <= UW iterations OR => 895
8 => new call tree total iteration : 0
8 => Outcome : Correct
8 =>: 0 <= UW iterations OR => 1031
6 => new call tree total iteration : 0
6 => Outcome : Correct
6 =>: 0 <= UW iterations OR => 839
7 => new call tree total iteration : 0
7 => Outcome : Correct
7 =>: 0 <= UW iterations OR => 1038
1 => new call tree total iteration : 0
1 => Outcome : Correct
1 =>: 0 <= UW iterations OR => 904
5 => new call tree total iteration : 0
5 => Outcome : Correct
5 =>: 0 <= UW iterations OR => 981
2 => new call tree total iteration : 0
2 => Outcome : Correct
2 =>: 0 <= UW iterations OR => 1125
8 => new call tree total iteration : 0
5 => new call tree total iteration : 0
6 => new call tree total iteration : 0
3 => new call tree total iteration : 0
4 => new call tree total iteration : 0
1 => new call tree total iteration : 0
2 => new call tree total iteration : 0
7 => new call tree total iteration : 0
Verification Outcome : OK
Time Taken : 2239.940776
Verifying sys_zwregistrycreate_0.bpl.bpl
Corral program verifier version 1.0.0.0
Corral program verifier version 1.0.0.0
Corral program verifier version 1.0.0.0
Corral program verifier version 1.0.0.0
Corral program verifier version 1.0.0.0
http://localhost:5002/
http://localhost:5002/
http://localhost:5002/
Corral program verifier version 1.0.0.0
http://localhost:5002/
Corral program verifier version 1.0.0.0
Corral program verifier version 1.0.0.0
http://localhost:5002/
http://localhost:5002/
http://localhost:5002/
http://localhost:5002/
1 => Outcome : Correct
1 =>: 0 <= UW iterations OR => 3
2 => new call tree total iteration : 0
2 => Outcome : Correct
2 =>: 0 <= UW iterations OR => 2
3 => new call tree total iteration : 0
3 => Outcome : Correct
3 =>: 0 <= UW iterations OR => 2
4 => new call tree total iteration : 0
4 => Outcome : Correct
4 =>: 0 <= UW iterations OR => 2
5 => new call tree total iteration : 0
5 => Outcome : Correct
5 =>: 0 <= UW iterations OR => 2
6 => new call tree total iteration : 0
6 => Outcome : Correct
6 =>: 0 <= UW iterations OR => 2
7 => new call tree total iteration : 0
7 => Outcome : Correct
7 =>: 0 <= UW iterations OR => 2
8 => new call tree total iteration : 0
8 => Outcome : Correct
8 =>: 0 <= UW iterations OR => 2
1 => new call tree total iteration : 0
1 => Outcome : Correct
1 =>: 0 <= UW iterations OR => 5
2 => new call tree total iteration : 0
2 => Outcome : Correct
2 =>: 0 <= UW iterations OR => 4
3 => new call tree total iteration : 0
3 => Outcome : Correct
3 =>: 0 <= UW iterations OR => 4
4 => new call tree total iteration : 0
5 => new call tree total iteration : 0
4 => Outcome : Correct
4 =>: 0 <= UW iterations OR => 4
5 => Outcome : Correct
5 =>: 0 <= UW iterations OR => 4
6 => new call tree total iteration : 0
6 => Outcome : Correct
6 =>: 0 <= UW iterations OR => 4
7 => new call tree total iteration : 0
8 => new call tree total iteration : 0
1 => new call tree total iteration : 0
7 => Outcome : Correct
7 =>: 0 <= UW iterations OR => 7
1 => Outcome : Correct
1 =>: 0 <= UW iterations OR => 7
8 => Outcome : Correct
8 =>: 0 <= UW iterations OR => 3
2 => new call tree total iteration : 0
3 => new call tree total iteration : 0
5 => new call tree total iteration : 0
4 => new call tree total iteration : 0
2 => Outcome : Correct
2 =>: 0 <= UW iterations OR => 6
3 => Outcome : Correct
3 =>: 0 <= UW iterations OR => 6
7 => new call tree total iteration : 0
6 => new call tree total iteration : 0
5 => Outcome : Correct
5 =>: 0 <= UW iterations OR => 6
7 => Outcome : Correct
7 =>: 0 <= UW iterations OR => 9
1 => new call tree total iteration : 0
8 => new call tree total iteration : 0
6 => Outcome : Correct
6 =>: 0 <= UW iterations OR => 7
4 => Outcome : Correct
4 =>: 0 <= UW iterations OR => 6
2 => new call tree total iteration : 0
1 => Outcome : Correct
1 =>: 0 <= UW iterations OR => 9
3 => new call tree total iteration : 0
5 => new call tree total iteration : 0
7 => new call tree total iteration : 0
2 => Outcome : Correct
2 =>: 0 <= UW iterations OR => 7
3 => Outcome : Correct
3 =>: 0 <= UW iterations OR => 8
8 => Outcome : Correct
8 =>: 0 <= UW iterations OR => 5
7 => Outcome : Correct
7 =>: 0 <= UW iterations OR => 11
6 => new call tree total iteration : 0
5 => Outcome : Correct
5 =>: 0 <= UW iterations OR => 7
6 => Outcome : Correct
6 =>: 0 <= UW iterations OR => 8
4 => new call tree total iteration : 0
2 => new call tree total iteration : 0
1 => new call tree total iteration : 0
3 => new call tree total iteration : 0
8 => new call tree total iteration : 0
6 => new call tree total iteration : 0
Verification Outcome : OK
Time Taken : 314.76725
Verifying hw_irqliopassive2_0.bpl.bpl
Corral program verifier version 1.0.0.0
Corral program verifier version 1.0.0.0
Corral program verifier version 1.0.0.0
Corral program verifier version 1.0.0.0
Corral program verifier version 1.0.0.0
Corral program verifier version 1.0.0.0
http://localhost:5002/
Corral program verifier version 1.0.0.0
http://localhost:5002/
http://localhost:5002/
http://localhost:5002/
Corral program verifier version 1.0.0.0
http://localhost:5002/
http://localhost:5002/
http://localhost:5002/
http://localhost:5002/
1 => Outcome : Correct
1 =>: 0 <= UW iterations OR => 3
2 => new call tree total iteration : 0
2 => Outcome : Correct
2 =>: 0 <= UW iterations OR => 2
3 => new call tree total iteration : 0
4 => new call tree total iteration : 0
3 => Outcome : Correct
3 =>: 0 <= UW iterations OR => 5
5 => new call tree total iteration : 0
6 => new call tree total iteration : 0
7 => new call tree total iteration : 0
6 => Outcome : Correct
6 =>: 0 <= UW iterations OR => 2
2 => new call tree total iteration : 0
2 => Outcome : Correct
2 =>: 0 <= UW iterations OR => 3
1 => new call tree total iteration : 0
7 => Outcome : Correct
7 =>: 0 <= UW iterations OR => 3
8 => new call tree total iteration : 0
3 => new call tree total iteration : 0
6 => new call tree total iteration : 0
2 => new call tree total iteration : 0
7 => new call tree total iteration : 0
6 => Outcome : Correct
6 =>: 0 <= UW iterations OR => 3
3 => Outcome : Correct
3 =>: 0 <= UW iterations OR => 6
3 => new call tree total iteration : 0
6 => new call tree total iteration : 0
6 => Outcome : Correct
6 =>: 0 <= UW iterations OR => 4
6 => new call tree total iteration : 0
3 => Outcome : Correct
3 =>: 0 <= UW iterations OR => 7
3 => new call tree total iteration : 0
3 => Outcome : Correct
3 =>: 0 <= UW iterations OR => 8
3 => new call tree total iteration : 0
3 => Outcome : Correct
3 =>: 0 <= UW iterations OR => 9
6 => Outcome : Correct
6 =>: 0 <= UW iterations OR => 8
3 => new call tree total iteration : 0
4 => Outcome : ReachedBound
4 =>: 0 <= UW iterations OR => 16
5 => Outcome : ReachedBound
5 =>: 0 <= UW iterations OR => 14
3 => Outcome : Correct
3 =>: 0 <= UW iterations OR => 11
6 => new call tree total iteration : 0
5 => new call tree total iteration : 0
4 => new call tree total iteration : 0
3 => new call tree total iteration : 0
2 => Outcome : ReachedBound
2 =>: 0 <= UW iterations OR => 19
2 => new call tree total iteration : 0
6 => Outcome : ReachedBound
6 =>: 0 <= UW iterations OR => 16
2 => Outcome : Correct
2 =>: 0 <= UW iterations OR => 20
4 => Outcome : ReachedBound
4 =>: 0 <= UW iterations OR => 21
6 => new call tree total iteration : 0
2 => new call tree total iteration : 0
5 => Outcome : ReachedBound
5 =>: 0 <= UW iterations OR => 22
3 => Outcome : ReachedBound
3 =>: 0 <= UW iterations OR => 23
1 => Outcome : ReachedBound
1 =>: 0 <= UW iterations OR => 21
4 => new call tree total iteration : 0
5 => new call tree total iteration : 0
6 => Outcome : ReachedBound
6 =>: 0 <= UW iterations OR => 19
7 => Outcome : ReachedBound
7 =>: 0 <= UW iterations OR => 29
3 => new call tree total iteration : 0
1 => new call tree total iteration : 0
8 => Outcome : ReachedBound
8 =>: 0 <= UW iterations OR => 26
6 => new call tree total iteration : 0
8 => new call tree total iteration : 0
7 => new call tree total iteration : 0
8 => Outcome : ReachedBound
8 =>: 0 <= UW iterations OR => 27
8 => new call tree total iteration : 0
3 => Outcome : ReachedBound
3 =>: 0 <= UW iterations OR => 171
3 => new call tree total iteration : 0
2 => Outcome : ReachedBound
2 =>: 0 <= UW iterations OR => 190
2 => new call tree total iteration : 0
2 => Outcome : ReachedBound
2 =>: 0 <= UW iterations OR => 191
2 => new call tree total iteration : 0
2 => Outcome : ReachedBound
2 =>: 0 <= UW iterations OR => 192
2 => new call tree total iteration : 0
2 => Outcome : ReachedBound
2 =>: 0 <= UW iterations OR => 193
2 => new call tree total iteration : 0
2 => Outcome : ReachedBound
2 =>: 0 <= UW iterations OR => 194
8 => Outcome : ReachedBound
8 =>: 0 <= UW iterations OR => 239
8 => new call tree total iteration : 0
2 => new call tree total iteration : 0
5 => Outcome : ReachedBound
5 =>: 0 <= UW iterations OR => 182
5 => new call tree total iteration : 0
7 => Outcome : ReachedBound
7 =>: 0 <= UW iterations OR => 216
7 => new call tree total iteration : 0
4 => Outcome : ReachedBound
4 =>: 0 <= UW iterations OR => 291
4 => new call tree total iteration : 0
2 => Outcome : ReachedBound
2 =>: 0 <= UW iterations OR => 260
2 => new call tree total iteration : 0
1 => Outcome : ReachedBound
1 =>: 0 <= UW iterations OR => 301
1 => new call tree total iteration : 0
1 => Outcome : ReachedBound
1 =>: 0 <= UW iterations OR => 302
1 => new call tree total iteration : 0
1 => Outcome : ReachedBound
1 =>: 0 <= UW iterations OR => 303
1 => new call tree total iteration : 0
1 => Outcome : ReachedBound
1 =>: 0 <= UW iterations OR => 304
1 => new call tree total iteration : 0
1 => Outcome : ReachedBound
1 =>: 0 <= UW iterations OR => 305
1 => new call tree total iteration : 0
1 => Outcome : ReachedBound
1 =>: 0 <= UW iterations OR => 306
1 => new call tree total iteration : 0
1 => Outcome : ReachedBound
1 =>: 0 <= UW iterations OR => 307
1 => new call tree total iteration : 0
6 => Outcome : ReachedBound
6 =>: 0 <= UW iterations OR => 306
6 => new call tree total iteration : 0
6 => Outcome : ReachedBound
6 =>: 0 <= UW iterations OR => 307
6 => new call tree total iteration : 0
5 => Outcome : ReachedBound
5 =>: 0 <= UW iterations OR => 263
5 => new call tree total iteration : 0
5 => Outcome : ReachedBound
5 =>: 0 <= UW iterations OR => 264
5 => new call tree total iteration : 0
4 => Outcome : ReachedBound
4 =>: 0 <= UW iterations OR => 377
4 => new call tree total iteration : 0
4 => Outcome : ReachedBound
4 =>: 0 <= UW iterations OR => 378
8 => Outcome : ReachedBound
8 =>: 0 <= UW iterations OR => 334
4 => new call tree total iteration : 0
8 => new call tree total iteration : 0
8 => Outcome : ReachedBound
8 =>: 0 <= UW iterations OR => 335
8 => new call tree total iteration : 0
3 => Outcome : ReachedBound
3 =>: 0 <= UW iterations OR => 291
7 => Outcome : ReachedBound
7 =>: 0 <= UW iterations OR => 350
3 => new call tree total iteration : 0
2 => Outcome : ReachedBound
2 =>: 0 <= UW iterations OR => 334
7 => new call tree total iteration : 0
2 => new call tree total iteration : 0
2 => Outcome : ReachedBound
2 =>: 0 <= UW iterations OR => 335
6 => Outcome : ReachedBound
6 =>: 0 <= UW iterations OR => 352
2 => new call tree total iteration : 0
6 => new call tree total iteration : 0
6 => Outcome : ReachedBound
6 =>: 0 <= UW iterations OR => 353
5 => Outcome : ReachedBound
5 =>: 0 <= UW iterations OR => 285
6 => new call tree total iteration : 0
5 => new call tree total iteration : 0
6 => Outcome : ReachedBound
6 =>: 0 <= UW iterations OR => 354
6 => new call tree total iteration : 0
6 => Outcome : ReachedBound
6 =>: 0 <= UW iterations OR => 355
6 => new call tree total iteration : 0
6 => Outcome : ReachedBound
6 =>: 0 <= UW iterations OR => 356
1 => Outcome : ReachedBound
1 =>: 0 <= UW iterations OR => 356
6 => new call tree total iteration : 0
1 => new call tree total iteration : 0
1 => Outcome : ReachedBound
1 =>: 0 <= UW iterations OR => 357
3 => Outcome : ReachedBound
3 =>: 0 <= UW iterations OR => 315
8 => Outcome : ReachedBound
8 =>: 0 <= UW iterations OR => 358
3 => new call tree total iteration : 0
1 => new call tree total iteration : 0
2 => Outcome : ReachedBound
2 =>: 0 <= UW iterations OR => 362
8 => new call tree total iteration : 0
3 => Outcome : ReachedBound
3 =>: 0 <= UW iterations OR => 316
1 => Outcome : ReachedBound
1 =>: 0 <= UW iterations OR => 358
6 => Outcome : ReachedBound
6 =>: 0 <= UW iterations OR => 361
2 => new call tree total iteration : 0
5 => Outcome : ReachedBound
5 =>: 0 <= UW iterations OR => 304
7 => Outcome : ReachedBound
7 =>: 0 <= UW iterations OR => 377
3 => new call tree total iteration : 0
4 => Outcome : ReachedBound
4 =>: 0 <= UW iterations OR => 412
1 => new call tree total iteration : 0
2 => Outcome : ReachedBound
2 =>: 0 <= UW iterations OR => 363
7 => new call tree total iteration : 0
6 => new call tree total iteration : 0
4 => new call tree total iteration : 0
3 => Outcome : ReachedBound
3 =>: 0 <= UW iterations OR => 317
8 => Outcome : ReachedBound
8 =>: 0 <= UW iterations OR => 361
5 => new call tree total iteration : 0
6 => Outcome : ReachedBound
6 =>: 0 <= UW iterations OR => 362
2 => new call tree total iteration : 0
1 => Outcome : ReachedBound
1 =>: 0 <= UW iterations OR => 360
5 => Outcome : ReachedBound
5 =>: 0 <= UW iterations OR => 305
7 => Outcome : ReachedBound
7 =>: 0 <= UW iterations OR => 379
4 => Outcome : ReachedBound
4 =>: 0 <= UW iterations OR => 414
3 => new call tree total iteration : 0
8 => new call tree total iteration : 0
6 => new call tree total iteration : 0
2 => Outcome : ReachedBound
2 =>: 0 <= UW iterations OR => 365
1 => new call tree total iteration : 0
6 => Outcome : ReachedBound
6 =>: 0 <= UW iterations OR => 364
8 => Outcome : ReachedBound
8 =>: 0 <= UW iterations OR => 363
3 => Outcome : ReachedBound
3 =>: 0 <= UW iterations OR => 319
5 => new call tree total iteration : 0
7 => new call tree total iteration : 0
4 => new call tree total iteration : 0
1 => Outcome : ReachedBound
1 =>: 0 <= UW iterations OR => 362
2 => new call tree total iteration : 0
7 => Outcome : ReachedBound
7 =>: 0 <= UW iterations OR => 381
2 => Outcome : ReachedBound
2 =>: 0 <= UW iterations OR => 367
4 => Outcome : ReachedBound
4 =>: 0 <= UW iterations OR => 416
5 => Outcome : ReachedBound
5 =>: 0 <= UW iterations OR => 307
6 => new call tree total iteration : 0
3 => new call tree total iteration : 0
8 => new call tree total iteration : 0
1 => new call tree total iteration : 0
6 => Outcome : ReachedBound
6 =>: 0 <= UW iterations OR => 365
3 => Outcome : ReachedBound
3 =>: 0 <= UW iterations OR => 321
1 => Outcome : ReachedBound
1 =>: 0 <= UW iterations OR => 364
8 => Outcome : ReachedBound
8 =>: 0 <= UW iterations OR => 365
7 => new call tree total iteration : 0
2 => new call tree total iteration : 0
4 => new call tree total iteration : 0
5 => new call tree total iteration : 0
7 => Outcome : ReachedBound
7 =>: 0 <= UW iterations OR => 383
2 => Outcome : ReachedBound
2 =>: 0 <= UW iterations OR => 370
6 => new call tree total iteration : 0
4 => Outcome : ReachedBound
4 =>: 0 <= UW iterations OR => 418
3 => new call tree total iteration : 0
1 => new call tree total iteration : 0
5 => Outcome : ReachedBound
5 =>: 0 <= UW iterations OR => 309
8 => new call tree total iteration : 0
7 => new call tree total iteration : 0
6 => Outcome : ReachedBound
6 =>: 0 <= UW iterations OR => 368
1 => Outcome : ReachedBound
1 =>: 0 <= UW iterations OR => 366
3 => Outcome : ReachedBound
3 =>: 0 <= UW iterations OR => 323
2 => new call tree total iteration : 0
4 => new call tree total iteration : 0
8 => Outcome : ReachedBound
8 =>: 0 <= UW iterations OR => 367
5 => new call tree total iteration : 0
7 => Outcome : ReachedBound
7 =>: 0 <= UW iterations OR => 385
6 => new call tree total iteration : 0
1 => new call tree total iteration : 0
4 => Outcome : ReachedBound
4 =>: 0 <= UW iterations OR => 420
2 => Outcome : ReachedBound
2 =>: 0 <= UW iterations OR => 373
6 => Outcome : ReachedBound
6 =>: 0 <= UW iterations OR => 370
5 => Outcome : ReachedBound
5 =>: 0 <= UW iterations OR => 311
3 => new call tree total iteration : 0
1 => Outcome : ReachedBound
1 =>: 0 <= UW iterations OR => 368
8 => new call tree total iteration : 0
7 => new call tree total iteration : 0
2 => new call tree total iteration : 0
4 => new call tree total iteration : 0
6 => new call tree total iteration : 0
2 => Outcome : ReachedBound
2 =>: 0 <= UW iterations OR => 375
3 => Outcome : ReachedBound
3 =>: 0 <= UW iterations OR => 325
8 => Outcome : ReachedBound
8 =>: 0 <= UW iterations OR => 369
5 => new call tree total iteration : 0
7 => Outcome : ReachedBound
7 =>: 0 <= UW iterations OR => 387
6 => Outcome : ReachedBound
6 =>: 0 <= UW iterations OR => 372
4 => Outcome : ReachedBound
4 =>: 0 <= UW iterations OR => 422
1 => new call tree total iteration : 0
8 => new call tree total iteration : 0
2 => new call tree total iteration : 0
3 => new call tree total iteration : 0
7 => new call tree total iteration : 0
5 => Outcome : ReachedBound
5 =>: 0 <= UW iterations OR => 313
1 => Outcome : ReachedBound
1 =>: 0 <= UW iterations OR => 370
6 => new call tree total iteration : 0
8 => Outcome : ReachedBound
8 =>: 0 <= UW iterations OR => 371
2 => Outcome : ReachedBound
2 =>: 0 <= UW iterations OR => 377
6 => Outcome : ReachedBound
6 =>: 0 <= UW iterations OR => 373
4 => new call tree total iteration : 0
5 => new call tree total iteration : 0
7 => Outcome : ReachedBound
7 =>: 0 <= UW iterations OR => 389
3 => Outcome : ReachedBound
3 =>: 0 <= UW iterations OR => 327
8 => new call tree total iteration : 0
1 => new call tree total iteration : 0
1 => Outcome : ReachedBound
1 =>: 0 <= UW iterations OR => 371
2 => new call tree total iteration : 0
8 => Outcome : ReachedBound
8 =>: 0 <= UW iterations OR => 372
5 => Outcome : ReachedBound
5 =>: 0 <= UW iterations OR => 315
4 => Outcome : ReachedBound
4 =>: 0 <= UW iterations OR => 424
6 => new call tree total iteration : 0
2 => Outcome : ReachedBound
2 =>: 0 <= UW iterations OR => 378
7 => new call tree total iteration : 0
6 => Outcome : ReachedBound
6 =>: 0 <= UW iterations OR => 374
7 => Outcome : ReachedBound
7 =>: 0 <= UW iterations OR => 390
5 => new call tree total iteration : 0
3 => new call tree total iteration : 0
1 => new call tree total iteration : 0
8 => new call tree total iteration : 0
4 => new call tree total iteration : 0
7 => new call tree total iteration : 0
6 => new call tree total iteration : 0
2 => new call tree total iteration : 0
Verification Outcome : OK
Time Taken : 1999.499986
Verifying mp_iobuildfsdirpsignaleventincompletiontimeout_0.bpl.bpl
Corral program verifier version 1.0.0.0
http://localhost:5002/
Corral program verifier version 1.0.0.0
Corral program verifier version 1.0.0.0
Corral program verifier version 1.0.0.0
Corral program verifier version 1.0.0.0
Corral program verifier version 1.0.0.0
http://localhost:5002/
Corral program verifier version 1.0.0.0
http://localhost:5002/
Corral program verifier version 1.0.0.0
http://localhost:5002/
http://localhost:5002/
http://localhost:5002/
http://localhost:5002/
http://localhost:5002/
1 => Outcome : Correct
1 =>: 0 <= UW iterations OR => 3
2 => new call tree total iteration : 0
2 => Outcome : Correct
2 =>: 0 <= UW iterations OR => 2
3 => new call tree total iteration : 0
3 => Outcome : Correct
3 =>: 0 <= UW iterations OR => 2
4 => new call tree total iteration : 0
1 => new call tree total iteration : 0
1 => Outcome : Correct
1 =>: 0 <= UW iterations OR => 6
5 => new call tree total iteration : 0
6 => new call tree total iteration : 0
5 => Outcome : Correct
5 =>: 0 <= UW iterations OR => 1
4 => Outcome : Correct
4 =>: 0 <= UW iterations OR => 7
8 => new call tree total iteration : 0
2 => new call tree total iteration : 0
7 => new call tree total iteration : 0
2 => Outcome : Correct
2 =>: 0 <= UW iterations OR => 4
3 => new call tree total iteration : 0
3 => Outcome : Correct
3 =>: 0 <= UW iterations OR => 3
6 => Outcome : Correct
6 =>: 0 <= UW iterations OR => 3
8 => Outcome : Correct
8 =>: 0 <= UW iterations OR => 2
7 => Outcome : Correct
7 =>: 0 <= UW iterations OR => 2
1 => new call tree total iteration : 0
5 => new call tree total iteration : 0
4 => new call tree total iteration : 0
2 => new call tree total iteration : 0
4 => Outcome : Correct
4 =>: 0 <= UW iterations OR => 9
1 => Outcome : Correct
1 =>: 0 <= UW iterations OR => 8
3 => new call tree total iteration : 0
5 => Outcome : Correct
5 =>: 0 <= UW iterations OR => 3
6 => new call tree total iteration : 0
8 => new call tree total iteration : 0
7 => new call tree total iteration : 0
4 => new call tree total iteration : 0
6 => Outcome : ReachedBound
6 =>: 0 <= UW iterations OR => 5
2 => Outcome : Correct
2 =>: 0 <= UW iterations OR => 8
8 => Outcome : ReachedBound
8 =>: 0 <= UW iterations OR => 4
6 => new call tree total iteration : 0
4 => Outcome : Correct
4 =>: 0 <= UW iterations OR => 11
8 => new call tree total iteration : 0
5 => new call tree total iteration : 0
7 => Outcome : Correct
7 =>: 0 <= UW iterations OR => 4
1 => new call tree total iteration : 0
3 => Outcome : Correct
3 =>: 0 <= UW iterations OR => 7
8 => Outcome : Correct
8 =>: 0 <= UW iterations OR => 5
2 => new call tree total iteration : 0
6 => Outcome : Correct
6 =>: 0 <= UW iterations OR => 7
7 => new call tree total iteration : 0
4 => new call tree total iteration : 0
3 => new call tree total iteration : 0
1 => Outcome : Correct
1 =>: 0 <= UW iterations OR => 10
3 => Outcome : Correct
3 =>: 0 <= UW iterations OR => 8
7 => Outcome : Correct
7 =>: 0 <= UW iterations OR => 6
2 => Outcome : ReachedBound
2 =>: 0 <= UW iterations OR => 10
5 => Outcome : ReachedBound
5 =>: 0 <= UW iterations OR => 5
8 => new call tree total iteration : 0
6 => new call tree total iteration : 0
1 => new call tree total iteration : 0
3 => new call tree total iteration : 0
4 => Outcome : Correct
4 =>: 0 <= UW iterations OR => 13
8 => Outcome : ReachedBound
8 =>: 0 <= UW iterations OR => 7
7 => new call tree total iteration : 0
2 => new call tree total iteration : 0
6 => Outcome : Correct
6 =>: 0 <= UW iterations OR => 9
1 => Outcome : ReachedBound
1 =>: 0 <= UW iterations OR => 12
5 => new call tree total iteration : 0
4 => new call tree total iteration : 0
2 => Outcome : ReachedBound
2 =>: 0 <= UW iterations OR => 12
7 => Outcome : Correct
7 =>: 0 <= UW iterations OR => 8
8 => new call tree total iteration : 0
6 => new call tree total iteration : 0
4 => Outcome : ReachedBound
4 =>: 0 <= UW iterations OR => 15
5 => Outcome : Correct
5 =>: 0 <= UW iterations OR => 7
8 => Outcome : ReachedBound
8 =>: 0 <= UW iterations OR => 9
1 => new call tree total iteration : 0
2 => new call tree total iteration : 0
7 => new call tree total iteration : 0
6 => Outcome : Correct
6 =>: 0 <= UW iterations OR => 11
1 => Outcome : ReachedBound
1 =>: 0 <= UW iterations OR => 14
4 => new call tree total iteration : 0
5 => new call tree total iteration : 0
7 => Outcome : ReachedBound
7 =>: 0 <= UW iterations OR => 10
2 => Outcome : Correct
2 =>: 0 <= UW iterations OR => 14
8 => new call tree total iteration : 0
4 => Outcome : Correct
4 =>: 0 <= UW iterations OR => 17
6 => new call tree total iteration : 0
5 => Outcome : ReachedBound
5 =>: 0 <= UW iterations OR => 9
1 => new call tree total iteration : 0
7 => new call tree total iteration : 0
1 => Outcome : Correct
1 =>: 0 <= UW iterations OR => 15
8 => Outcome : ReachedBound
8 =>: 0 <= UW iterations OR => 11
7 => Outcome : ReachedBound
7 =>: 0 <= UW iterations OR => 11
2 => new call tree total iteration : 0
6 => Outcome : Correct
6 =>: 0 <= UW iterations OR => 13
2 => Outcome : ReachedBound
2 =>: 0 <= UW iterations OR => 16
3 => Outcome : ReachedBound
3 =>: 0 <= UW iterations OR => 21
4 => new call tree total iteration : 0
5 => new call tree total iteration : 0
1 => new call tree total iteration : 0
8 => new call tree total iteration : 0
1 => Outcome : ReachedBound
1 =>: 0 <= UW iterations OR => 16
8 => Outcome : ReachedBound
8 =>: 0 <= UW iterations OR => 13
6 => new call tree total iteration : 0
4 => Outcome : Correct
4 =>: 0 <= UW iterations OR => 21
7 => new call tree total iteration : 0
5 => Outcome : ReachedBound
5 =>: 0 <= UW iterations OR => 13
2 => new call tree total iteration : 0
1 => new call tree total iteration : 0
3 => new call tree total iteration : 0
4 => new call tree total iteration : 0
8 => new call tree total iteration : 0
3 => Outcome : Correct
3 =>: 0 <= UW iterations OR => 22
1 => Outcome : ReachedBound
1 =>: 0 <= UW iterations OR => 18
7 => Outcome : Correct
7 =>: 0 <= UW iterations OR => 13
5 => new call tree total iteration : 0
3 => new call tree total iteration : 0
7 => new call tree total iteration : 0
1 => new call tree total iteration : 0
5 => Outcome : ReachedBound
5 =>: 0 <= UW iterations OR => 17
7 => Outcome : ReachedBound
7 =>: 0 <= UW iterations OR => 21
5 => new call tree total iteration : 0
7 => new call tree total iteration : 0
8 => Outcome : ReachedBound
8 =>: 0 <= UW iterations OR => 53
8 => new call tree total iteration : 0
2 => Outcome : ReachedBound
2 =>: 0 <= UW iterations OR => 160
2 => new call tree total iteration : 0
3 => Outcome : ReachedBound
3 =>: 0 <= UW iterations OR => 184
3 => new call tree total iteration : 0
7 => Outcome : ReachedBound
7 =>: 0 <= UW iterations OR => 286
7 => new call tree total iteration : 0
2 => Outcome : ReachedBound
2 =>: 0 <= UW iterations OR => 318
2 => new call tree total iteration : 0
1 => Outcome : ReachedBound
1 =>: 0 <= UW iterations OR => 363
1 => new call tree total iteration : 0
4 => Outcome : ReachedBound
4 =>: 0 <= UW iterations OR => 393
4 => new call tree total iteration : 0
7 => Outcome : ReachedBound
7 =>: 0 <= UW iterations OR => 380
7 => new call tree total iteration : 0
3 => Outcome : ReachedBound
3 =>: 0 <= UW iterations OR => 369
3 => new call tree total iteration : 0
3 => Outcome : ReachedBound
3 =>: 0 <= UW iterations OR => 370
3 => new call tree total iteration : 0
8 => Outcome : ReachedBound
8 =>: 0 <= UW iterations OR => 443
8 => new call tree total iteration : 0
8 => Outcome : ReachedBound
8 =>: 0 <= UW iterations OR => 444
8 => new call tree total iteration : 0
8 => Outcome : ReachedBound
8 =>: 0 <= UW iterations OR => 445
8 => new call tree total iteration : 0
8 => Outcome : ReachedBound
8 =>: 0 <= UW iterations OR => 446
8 => new call tree total iteration : 0
8 => Outcome : ReachedBound
8 =>: 0 <= UW iterations OR => 447
5 => Outcome : ReachedBound
5 =>: 0 <= UW iterations OR => 382
8 => new call tree total iteration : 0
8 => Outcome : ReachedBound
8 =>: 0 <= UW iterations OR => 448
5 => new call tree total iteration : 0
8 => new call tree total iteration : 0
5 => Outcome : ReachedBound
5 =>: 0 <= UW iterations OR => 383
8 => Outcome : ReachedBound
8 =>: 0 <= UW iterations OR => 449
5 => new call tree total iteration : 0
8 => new call tree total iteration : 0
5 => Outcome : ReachedBound
5 =>: 0 <= UW iterations OR => 384
8 => Outcome : ReachedBound
8 =>: 0 <= UW iterations OR => 450
2 => Outcome : ReachedBound
2 =>: 0 <= UW iterations OR => 416
5 => new call tree total iteration : 0
8 => new call tree total iteration : 0
5 => Outcome : ReachedBound
5 =>: 0 <= UW iterations OR => 385
2 => new call tree total iteration : 0
5 => new call tree total iteration : 0
5 => Outcome : ReachedBound
5 =>: 0 <= UW iterations OR => 386
5 => new call tree total iteration : 0
8 => Outcome : ReachedBound
8 =>: 0 <= UW iterations OR => 465
8 => new call tree total iteration : 0
8 => Outcome : ReachedBound
8 =>: 0 <= UW iterations OR => 466
8 => new call tree total iteration : 0
1 => Outcome : ReachedBound
1 =>: 0 <= UW iterations OR => 484
8 => Outcome : ReachedBound
8 =>: 0 <= UW iterations OR => 467
1 => new call tree total iteration : 0
8 => new call tree total iteration : 0
4 => Outcome : ReachedBound
4 =>: 0 <= UW iterations OR => 495
6 => Outcome : ReachedBound
6 =>: 0 <= UW iterations OR => 490
6 => new call tree total iteration : 0
4 => new call tree total iteration : 0
3 => Outcome : ReachedBound
3 =>: 0 <= UW iterations OR => 455
3 => new call tree total iteration : 0
6 => Outcome : ReachedBound
6 =>: 0 <= UW iterations OR => 491
7 => Outcome : ReachedBound
7 =>: 0 <= UW iterations OR => 470
6 => new call tree total iteration : 0
7 => new call tree total iteration : 0
6 => Outcome : ReachedBound
6 =>: 0 <= UW iterations OR => 492
7 => Outcome : ReachedBound
7 =>: 0 <= UW iterations OR => 471
6 => new call tree total iteration : 0
7 => new call tree total iteration : 0
7 => Outcome : ReachedBound
7 =>: 0 <= UW iterations OR => 472
7 => new call tree total iteration : 0
8 => Outcome : ReachedBound
8 =>: 0 <= UW iterations OR => 483
4 => Outcome : ReachedBound
4 =>: 0 <= UW iterations OR => 508
4 => new call tree total iteration : 0
8 => new call tree total iteration : 0
6 => Outcome : ReachedBound
6 =>: 0 <= UW iterations OR => 508
2 => Outcome : ReachedBound
2 =>: 0 <= UW iterations OR => 482
6 => new call tree total iteration : 0
2 => new call tree total iteration : 0
1 => Outcome : ReachedBound
1 =>: 0 <= UW iterations OR => 567
1 => new call tree total iteration : 0
1 => Outcome : ReachedBound
1 =>: 0 <= UW iterations OR => 568
1 => new call tree total iteration : 0
5 => Outcome : ReachedBound
5 =>: 0 <= UW iterations OR => 554
1 => Outcome : ReachedBound
1 =>: 0 <= UW iterations OR => 569
5 => new call tree total iteration : 0
5 => Outcome : ReachedBound
5 =>: 0 <= UW iterations OR => 555
1 => new call tree total iteration : 0
5 => new call tree total iteration : 0
1 => Outcome : ReachedBound
1 =>: 0 <= UW iterations OR => 570
1 => new call tree total iteration : 0
2 => Outcome : ReachedBound
2 =>: 0 <= UW iterations OR => 543
1 => Outcome : ReachedBound
1 =>: 0 <= UW iterations OR => 571
2 => new call tree total iteration : 0
1 => new call tree total iteration : 0
3 => Outcome : ReachedBound
3 =>: 0 <= UW iterations OR => 558
6 => Outcome : ReachedBound
6 =>: 0 <= UW iterations OR => 588
3 => new call tree total iteration : 0
6 => new call tree total iteration : 0
2 => Outcome : ReachedBound
2 =>: 0 <= UW iterations OR => 559
4 => Outcome : ReachedBound
4 =>: 0 <= UW iterations OR => 604
6 => Outcome : ReachedBound
6 =>: 0 <= UW iterations OR => 589
4 => new call tree total iteration : 0
2 => new call tree total iteration : 0
6 => new call tree total iteration : 0
6 => Outcome : ReachedBound
6 =>: 0 <= UW iterations OR => 590
4 => Outcome : ReachedBound
4 =>: 0 <= UW iterations OR => 605
6 => new call tree total iteration : 0
8 => Outcome : ReachedBound
8 =>: 0 <= UW iterations OR => 551
4 => new call tree total iteration : 0
8 => new call tree total iteration : 0
1 => Outcome : ReachedBound
1 =>: 0 <= UW iterations OR => 609
8 => Outcome : ReachedBound
8 =>: 0 <= UW iterations OR => 552
1 => new call tree total iteration : 0
1 => Outcome : ReachedBound
1 =>: 0 <= UW iterations OR => 610
2 => Outcome : ReachedBound
2 =>: 0 <= UW iterations OR => 571
8 => new call tree total iteration : 0
8 => Outcome : ReachedBound
8 =>: 0 <= UW iterations OR => 553
1 => new call tree total iteration : 0
2 => new call tree total iteration : 0
6 => Outcome : ReachedBound
6 =>: 0 <= UW iterations OR => 605
3 => Outcome : ReachedBound
3 =>: 0 <= UW iterations OR => 589
8 => new call tree total iteration : 0
7 => Outcome : ReachedBound
7 =>: 0 <= UW iterations OR => 610
6 => new call tree total iteration : 0
8 => Outcome : ReachedBound
8 =>: 0 <= UW iterations OR => 554
4 => Outcome : ReachedBound
4 =>: 0 <= UW iterations OR => 624
3 => new call tree total iteration : 0
5 => Outcome : ReachedBound
5 =>: 0 <= UW iterations OR => 627
7 => new call tree total iteration : 0
2 => Outcome : ReachedBound
2 =>: 0 <= UW iterations OR => 578
8 => new call tree total iteration : 0
5 => new call tree total iteration : 0
4 => new call tree total iteration : 0
2 => new call tree total iteration : 0
2 => Outcome : ReachedBound
2 =>: 0 <= UW iterations OR => 579
8 => Outcome : ReachedBound
8 =>: 0 <= UW iterations OR => 555
2 => new call tree total iteration : 0
8 => new call tree total iteration : 0
4 => Outcome : ReachedBound
4 =>: 0 <= UW iterations OR => 627
5 => Outcome : ReachedBound
5 =>: 0 <= UW iterations OR => 636
1 => Outcome : ReachedBound
1 =>: 0 <= UW iterations OR => 629
6 => Outcome : ReachedBound
6 =>: 0 <= UW iterations OR => 620
4 => new call tree total iteration : 0
4 => Outcome : ReachedBound
4 =>: 0 <= UW iterations OR => 628
1 => new call tree total iteration : 0
7 => Outcome : ReachedBound
7 =>: 0 <= UW iterations OR => 625
5 => new call tree total iteration : 0
3 => Outcome : ReachedBound
3 =>: 0 <= UW iterations OR => 602
2 => Outcome : ReachedBound
2 =>: 0 <= UW iterations OR => 585
6 => new call tree total iteration : 0
4 => new call tree total iteration : 0
1 => Outcome : ReachedBound
1 =>: 0 <= UW iterations OR => 630
5 => Outcome : ReachedBound
5 =>: 0 <= UW iterations OR => 638
6 => Outcome : ReachedBound
6 =>: 0 <= UW iterations OR => 621
7 => new call tree total iteration : 0
3 => new call tree total iteration : 0
4 => Outcome : ReachedBound
4 =>: 0 <= UW iterations OR => 631
2 => new call tree total iteration : 0
1 => new call tree total iteration : 0
1 => Outcome : ReachedBound
1 =>: 0 <= UW iterations OR => 631
5 => new call tree total iteration : 0
5 => Outcome : ReachedBound
5 =>: 0 <= UW iterations OR => 639
6 => new call tree total iteration : 0
2 => Outcome : ReachedBound
2 =>: 0 <= UW iterations OR => 587
4 => new call tree total iteration : 0
8 => Outcome : ReachedBound
8 =>: 0 <= UW iterations OR => 569
3 => Outcome : ReachedBound
3 =>: 0 <= UW iterations OR => 608
4 => Outcome : ReachedBound
4 =>: 0 <= UW iterations OR => 632
1 => new call tree total iteration : 0
5 => new call tree total iteration : 0
2 => new call tree total iteration : 0
2 => Outcome : ReachedBound
2 =>: 0 <= UW iterations OR => 588
8 => new call tree total iteration : 0
3 => new call tree total iteration : 0
4 => new call tree total iteration : 0
4 => Outcome : ReachedBound
4 =>: 0 <= UW iterations OR => 633
7 => Outcome : ReachedBound
7 =>: 0 <= UW iterations OR => 637
1 => Outcome : ReachedBound
1 =>: 0 <= UW iterations OR => 633
6 => Outcome : ReachedBound
6 =>: 0 <= UW iterations OR => 627
5 => Outcome : ReachedBound
5 =>: 0 <= UW iterations OR => 641
3 => Outcome : ReachedBound
3 =>: 0 <= UW iterations OR => 609
2 => new call tree total iteration : 0
4 => new call tree total iteration : 0
8 => Outcome : ReachedBound
8 =>: 0 <= UW iterations OR => 574
1 => new call tree total iteration : 0
6 => new call tree total iteration : 0
7 => new call tree total iteration : 0
2 => Outcome : ReachedBound
2 =>: 0 <= UW iterations OR => 589
5 => new call tree total iteration : 0
3 => new call tree total iteration : 0
5 => Outcome : ReachedBound
5 =>: 0 <= UW iterations OR => 642
4 => Outcome : ReachedBound
4 =>: 0 <= UW iterations OR => 636
1 => Outcome : ReachedBound
1 =>: 0 <= UW iterations OR => 639
2 => new call tree total iteration : 0
8 => new call tree total iteration : 0
3 => Outcome : ReachedBound
3 =>: 0 <= UW iterations OR => 612
6 => Outcome : ReachedBound
6 =>: 0 <= UW iterations OR => 634
7 => Outcome : ReachedBound
7 =>: 0 <= UW iterations OR => 644
5 => new call tree total iteration : 0
4 => new call tree total iteration : 0
8 => Outcome : ReachedBound
8 =>: 0 <= UW iterations OR => 575
2 => Outcome : ReachedBound
2 =>: 0 <= UW iterations OR => 590
1 => new call tree total iteration : 0
4 => Outcome : ReachedBound
4 =>: 0 <= UW iterations OR => 637
5 => Outcome : ReachedBound
5 =>: 0 <= UW iterations OR => 643
1 => Outcome : ReachedBound
1 =>: 0 <= UW iterations OR => 640
3 => new call tree total iteration : 0
6 => new call tree total iteration : 0
8 => new call tree total iteration : 0
2 => new call tree total iteration : 0
4 => new call tree total iteration : 0
7 => new call tree total iteration : 0
5 => new call tree total iteration : 0
1 => new call tree total iteration : 0
Verification Outcome : OK
Time Taken : 1478.727588
Verifying serial_markingqueuedirps_1.bpl.bpl
Corral program verifier version 1.0.0.0
Corral program verifier version 1.0.0.0
Corral program verifier version 1.0.0.0
Corral program verifier version 1.0.0.0
Corral program verifier version 1.0.0.0
http://localhost:5002/
http://localhost:5002/
http://localhost:5002/
Corral program verifier version 1.0.0.0
Corral program verifier version 1.0.0.0
Corral program verifier version 1.0.0.0
http://localhost:5002/
http://localhost:5002/
http://localhost:5002/
http://localhost:5002/
http://localhost:5002/
1 => Outcome : Correct
1 =>: 0 <= UW iterations OR => 3
2 => new call tree total iteration : 0
2 => Outcome : Correct
2 =>: 0 <= UW iterations OR => 2
3 => new call tree total iteration : 0
4 => new call tree total iteration : 0
3 => Outcome : Correct
3 =>: 0 <= UW iterations OR => 3
5 => new call tree total iteration : 0
6 => new call tree total iteration : 0
5 => Outcome : Correct
5 =>: 0 <= UW iterations OR => 2
7 => new call tree total iteration : 0
6 => Outcome : Correct
6 =>: 0 <= UW iterations OR => 3
8 => new call tree total iteration : 0
8 => Outcome : Correct
8 =>: 0 <= UW iterations OR => 1
1 => new call tree total iteration : 0
2 => new call tree total iteration : 0
7 => Outcome : Correct
7 =>: 0 <= UW iterations OR => 2
2 => Outcome : Correct
2 =>: 0 <= UW iterations OR => 4
5 => new call tree total iteration : 0
8 => new call tree total iteration : 0
3 => new call tree total iteration : 0
6 => new call tree total iteration : 0
1 => Outcome : Correct
1 =>: 0 <= UW iterations OR => 6
6 => Outcome : Correct
6 =>: 0 <= UW iterations OR => 4
5 => Outcome : Correct
5 =>: 0 <= UW iterations OR => 4
7 => new call tree total iteration : 0
3 => Outcome : Correct
3 =>: 0 <= UW iterations OR => 6
8 => Outcome : Correct
8 =>: 0 <= UW iterations OR => 3
2 => new call tree total iteration : 0
2 => Outcome : Correct
2 =>: 0 <= UW iterations OR => 5
3 => new call tree total iteration : 0
7 => Outcome : Correct
7 =>: 0 <= UW iterations OR => 4
1 => new call tree total iteration : 0
5 => new call tree total iteration : 0
6 => new call tree total iteration : 0
1 => Outcome : Correct
1 =>: 0 <= UW iterations OR => 8
8 => new call tree total iteration : 0
1 => new call tree total iteration : 0
1 => Outcome : Correct
1 =>: 0 <= UW iterations OR => 9
2 => new call tree total iteration : 0
7 => new call tree total iteration : 0
1 => new call tree total iteration : 0
8 => Outcome : Correct
8 =>: 0 <= UW iterations OR => 8
8 => new call tree total iteration : 0
1 => Outcome : Correct
1 =>: 0 <= UW iterations OR => 17
3 => Outcome : Correct
3 =>: 0 <= UW iterations OR => 16
1 => new call tree total iteration : 0
3 => new call tree total iteration : 0
3 => Outcome : Correct
3 =>: 0 <= UW iterations OR => 17
1 => Outcome : Correct
1 =>: 0 <= UW iterations OR => 19
3 => new call tree total iteration : 0
3 => Outcome : Correct
3 =>: 0 <= UW iterations OR => 18
5 => Outcome : Correct
5 =>: 0 <= UW iterations OR => 21
6 => Outcome : Correct
6 =>: 0 <= UW iterations OR => 22
1 => new call tree total iteration : 0
5 => new call tree total iteration : 0
1 => Outcome : Correct
1 =>: 0 <= UW iterations OR => 20
5 => Outcome : Correct
5 =>: 0 <= UW iterations OR => 22
6 => new call tree total iteration : 0
3 => new call tree total iteration : 0
3 => Outcome : Correct
3 =>: 0 <= UW iterations OR => 19
6 => Outcome : Correct
6 =>: 0 <= UW iterations OR => 23
1 => new call tree total iteration : 0
5 => new call tree total iteration : 0
3 => new call tree total iteration : 0
5 => Outcome : Correct
5 =>: 0 <= UW iterations OR => 23
3 => Outcome : Correct
3 =>: 0 <= UW iterations OR => 20
6 => new call tree total iteration : 0
6 => Outcome : Correct
6 =>: 0 <= UW iterations OR => 24
5 => new call tree total iteration : 0
5 => Outcome : Correct
5 =>: 0 <= UW iterations OR => 24
3 => new call tree total iteration : 0
3 => Outcome : Correct
3 =>: 0 <= UW iterations OR => 21
7 => Outcome : Correct
7 =>: 0 <= UW iterations OR => 34
6 => new call tree total iteration : 0
5 => new call tree total iteration : 0
5 => Outcome : Correct
5 =>: 0 <= UW iterations OR => 25
6 => Outcome : Correct
6 =>: 0 <= UW iterations OR => 26
1 => Outcome : Correct
1 =>: 0 <= UW iterations OR => 28
3 => new call tree total iteration : 0
3 => Outcome : Correct
3 =>: 0 <= UW iterations OR => 22
5 => new call tree total iteration : 0
7 => new call tree total iteration : 0
7 => Outcome : Correct
7 =>: 0 <= UW iterations OR => 35
5 => Outcome : Correct
5 =>: 0 <= UW iterations OR => 27
3 => new call tree total iteration : 0
6 => new call tree total iteration : 0
1 => new call tree total iteration : 0
8 => Outcome : ReachedBound
8 =>: 0 <= UW iterations OR => 37
1 => Outcome : Correct
1 =>: 0 <= UW iterations OR => 29
5 => new call tree total iteration : 0
7 => new call tree total iteration : 0
2 => Outcome : Correct
2 =>: 0 <= UW iterations OR => 40
1 => new call tree total iteration : 0
1 => Outcome : Correct
1 =>: 0 <= UW iterations OR => 30
8 => new call tree total iteration : 0
8 => Outcome : Correct
8 =>: 0 <= UW iterations OR => 38
5 => Outcome : ReachedBound
5 =>: 0 <= UW iterations OR => 29
7 => Outcome : ReachedBound
7 =>: 0 <= UW iterations OR => 39
4 => Outcome : Correct
4 =>: 0 <= UW iterations OR => 77
2 => new call tree total iteration : 0
1 => new call tree total iteration : 0
8 => new call tree total iteration : 0
3 => Outcome : ReachedBound
3 =>: 0 <= UW iterations OR => 33
2 => Outcome : ReachedBound
2 =>: 0 <= UW iterations OR => 44
1 => Outcome : ReachedBound
1 =>: 0 <= UW iterations OR => 32
6 => Outcome : Correct
6 =>: 0 <= UW iterations OR => 42
8 => Outcome : ReachedBound
8 =>: 0 <= UW iterations OR => 40
5 => new call tree total iteration : 0
7 => new call tree total iteration : 0
4 => new call tree total iteration : 0
3 => new call tree total iteration : 0
2 => new call tree total iteration : 0
6 => new call tree total iteration : 0
1 => new call tree total iteration : 0
5 => Outcome : ReachedBound
5 =>: 0 <= UW iterations OR => 31
3 => Outcome : ReachedBound
3 =>: 0 <= UW iterations OR => 35
4 => Outcome : Correct
4 =>: 0 <= UW iterations OR => 79
1 => Outcome : Correct
1 =>: 0 <= UW iterations OR => 37
8 => new call tree total iteration : 0
5 => new call tree total iteration : 0
3 => new call tree total iteration : 0
4 => new call tree total iteration : 0
4 => Outcome : Correct
4 =>: 0 <= UW iterations OR => 80
1 => new call tree total iteration : 0
4 => new call tree total iteration : 0
6 => Outcome : ReachedBound
6 =>: 0 <= UW iterations OR => 136
6 => new call tree total iteration : 0
5 => Outcome : ReachedBound
5 =>: 0 <= UW iterations OR => 132
5 => new call tree total iteration : 0
2 => Outcome : ReachedBound
2 =>: 0 <= UW iterations OR => 179
2 => new call tree total iteration : 0
1 => Outcome : ReachedBound
1 =>: 0 <= UW iterations OR => 159
1 => new call tree total iteration : 0
6 => Outcome : ReachedBound
6 =>: 0 <= UW iterations OR => 202
6 => new call tree total iteration : 0
6 => Outcome : ReachedBound
6 =>: 0 <= UW iterations OR => 203
6 => new call tree total iteration : 0
3 => Outcome : ReachedBound
3 =>: 0 <= UW iterations OR => 195
3 => new call tree total iteration : 0
8 => Outcome : ReachedBound
8 =>: 0 <= UW iterations OR => 247
4 => Outcome : ReachedBound
4 =>: 0 <= UW iterations OR => 278
8 => new call tree total iteration : 0
4 => new call tree total iteration : 0
4 => Outcome : ReachedBound
4 =>: 0 <= UW iterations OR => 279
4 => new call tree total iteration : 0
2 => Outcome : ReachedBound
2 =>: 0 <= UW iterations OR => 275
5 => Outcome : ReachedBound
5 =>: 0 <= UW iterations OR => 247
2 => new call tree total iteration : 0
5 => new call tree total iteration : 0
1 => Outcome : ReachedBound
1 =>: 0 <= UW iterations OR => 247
7 => Outcome : ReachedBound
7 =>: 0 <= UW iterations OR => 320
1 => new call tree total iteration : 0
7 => new call tree total iteration : 0
3 => Outcome : ReachedBound
3 =>: 0 <= UW iterations OR => 260
6 => Outcome : ReachedBound
6 =>: 0 <= UW iterations OR => 277
3 => new call tree total iteration : 0
3 => Outcome : ReachedBound
3 =>: 0 <= UW iterations OR => 261
4 => Outcome : ReachedBound
4 =>: 0 <= UW iterations OR => 307
6 => new call tree total iteration : 0
8 => Outcome : ReachedBound
8 =>: 0 <= UW iterations OR => 289
5 => Outcome : ReachedBound
5 =>: 0 <= UW iterations OR => 274
3 => new call tree total iteration : 0
2 => Outcome : ReachedBound
2 =>: 0 <= UW iterations OR => 314
4 => new call tree total iteration : 0
8 => new call tree total iteration : 0
1 => Outcome : ReachedBound
1 =>: 0 <= UW iterations OR => 268
5 => new call tree total iteration : 0
5 => Outcome : ReachedBound
5 =>: 0 <= UW iterations OR => 275
2 => new call tree total iteration : 0
7 => Outcome : ReachedBound
7 =>: 0 <= UW iterations OR => 349
3 => Outcome : ReachedBound
3 =>: 0 <= UW iterations OR => 272
1 => new call tree total iteration : 0
4 => Outcome : ReachedBound
4 =>: 0 <= UW iterations OR => 321
8 => Outcome : ReachedBound
8 =>: 0 <= UW iterations OR => 302
5 => new call tree total iteration : 0
2 => Outcome : ReachedBound
2 =>: 0 <= UW iterations OR => 320
1 => Outcome : ReachedBound
1 =>: 0 <= UW iterations OR => 270
7 => new call tree total iteration : 0
6 => Outcome : ReachedBound
6 =>: 0 <= UW iterations OR => 300
3 => new call tree total iteration : 0
4 => new call tree total iteration : 0
8 => new call tree total iteration : 0
2 => new call tree total iteration : 0
5 => Outcome : ReachedBound
5 =>: 0 <= UW iterations OR => 282
3 => Outcome : ReachedBound
3 =>: 0 <= UW iterations OR => 274
7 => Outcome : ReachedBound
7 =>: 0 <= UW iterations OR => 354
8 => Outcome : ReachedBound
8 =>: 0 <= UW iterations OR => 304
4 => Outcome : ReachedBound
4 =>: 0 <= UW iterations OR => 323
1 => new call tree total iteration : 0
6 => new call tree total iteration : 0
3 => new call tree total iteration : 0
5 => new call tree total iteration : 0
8 => new call tree total iteration : 0
7 => new call tree total iteration : 0
4 => new call tree total iteration : 0
6 => Outcome : ReachedBound
6 =>: 0 <= UW iterations OR => 306
1 => Outcome : ReachedBound
1 =>: 0 <= UW iterations OR => 278
2 => Outcome : ReachedBound
2 =>: 0 <= UW iterations OR => 334
3 => Outcome : ReachedBound
3 =>: 0 <= UW iterations OR => 277
4 => Outcome : ReachedBound
4 =>: 0 <= UW iterations OR => 324
5 => Outcome : ReachedBound
5 =>: 0 <= UW iterations OR => 288
7 => Outcome : ReachedBound
7 =>: 0 <= UW iterations OR => 362
8 => Outcome : ReachedBound
8 =>: 0 <= UW iterations OR => 313
2 => new call tree total iteration : 0
6 => new call tree total iteration : 0
1 => new call tree total iteration : 0
3 => new call tree total iteration : 0
2 => Outcome : ReachedBound
2 =>: 0 <= UW iterations OR => 336
4 => new call tree total iteration : 0
4 => Outcome : ReachedBound
4 =>: 0 <= UW iterations OR => 325
6 => Outcome : ReachedBound
6 =>: 0 <= UW iterations OR => 309
5 => new call tree total iteration : 0
1 => Outcome : ReachedBound
1 =>: 0 <= UW iterations OR => 281
3 => Outcome : ReachedBound
3 =>: 0 <= UW iterations OR => 279
5 => Outcome : ReachedBound
5 =>: 0 <= UW iterations OR => 290
7 => new call tree total iteration : 0
8 => new call tree total iteration : 0
7 => Outcome : ReachedBound
7 =>: 0 <= UW iterations OR => 363
2 => new call tree total iteration : 0
4 => new call tree total iteration : 0
8 => Outcome : ReachedBound
8 =>: 0 <= UW iterations OR => 315
2 => Outcome : ReachedBound
2 =>: 0 <= UW iterations OR => 338
6 => new call tree total iteration : 0
4 => Outcome : ReachedBound
4 =>: 0 <= UW iterations OR => 328
1 => new call tree total iteration : 0
6 => Outcome : ReachedBound
6 =>: 0 <= UW iterations OR => 314
3 => new call tree total iteration : 0
1 => Outcome : ReachedBound
1 =>: 0 <= UW iterations OR => 282
5 => new call tree total iteration : 0
3 => Outcome : ReachedBound
3 =>: 0 <= UW iterations OR => 280
7 => new call tree total iteration : 0
5 => Outcome : ReachedBound
5 =>: 0 <= UW iterations OR => 292
8 => new call tree total iteration : 0
8 => Outcome : ReachedBound
8 =>: 0 <= UW iterations OR => 316
7 => Outcome : ReachedBound
7 =>: 0 <= UW iterations OR => 365
2 => new call tree total iteration : 0
2 => Outcome : ReachedBound
2 =>: 0 <= UW iterations OR => 339
4 => new call tree total iteration : 0
6 => new call tree total iteration : 0
4 => Outcome : ReachedBound
4 =>: 0 <= UW iterations OR => 329
6 => Outcome : ReachedBound
6 =>: 0 <= UW iterations OR => 317
1 => new call tree total iteration : 0
1 => Outcome : ReachedBound
1 =>: 0 <= UW iterations OR => 284
3 => new call tree total iteration : 0
3 => Outcome : ReachedBound
3 =>: 0 <= UW iterations OR => 281
8 => new call tree total iteration : 0
7 => new call tree total iteration : 0
5 => new call tree total iteration : 0
4 => new call tree total iteration : 0
2 => new call tree total iteration : 0
3 => new call tree total iteration : 0
6 => new call tree total iteration : 0
Verification Outcome : OK
Time Taken : 1236.549785
Verifying Imapi_removelockrelease2_0.bpl.bpl
Corral program verifier version 1.0.0.0
Corral program verifier version 1.0.0.0
Corral program verifier version 1.0.0.0
Corral program verifier version 1.0.0.0
Corral program verifier version 1.0.0.0
Corral program verifier version 1.0.0.0
Corral program verifier version 1.0.0.0
Corral program verifier version 1.0.0.0
http://localhost:5002/
http://localhost:5002/
http://localhost:5002/
http://localhost:5002/
http://localhost:5002/
http://localhost:5002/
http://localhost:5002/
http://localhost:5002/
1 => Outcome : Correct
1 =>: 0 <= UW iterations OR => 3
2 => new call tree total iteration : 0
2 => Outcome : Correct
2 =>: 0 <= UW iterations OR => 2
3 => new call tree total iteration : 0
3 => Outcome : Correct
3 =>: 0 <= UW iterations OR => 2
4 => new call tree total iteration : 0
4 => Outcome : Correct
4 =>: 0 <= UW iterations OR => 3
6 => new call tree total iteration : 0
5 => new call tree total iteration : 0
5 => Outcome : Correct
5 =>: 0 <= UW iterations OR => 2
6 => Outcome : Correct
6 =>: 0 <= UW iterations OR => 3
8 => new call tree total iteration : 0
1 => new call tree total iteration : 0
7 => new call tree total iteration : 0
7 => Outcome : Correct
7 =>: 0 <= UW iterations OR => 1
1 => Outcome : Correct
1 =>: 0 <= UW iterations OR => 5
2 => new call tree total iteration : 0
3 => new call tree total iteration : 0
3 => Outcome : Correct
3 =>: 0 <= UW iterations OR => 3
8 => Outcome : Correct
8 =>: 0 <= UW iterations OR => 4
4 => new call tree total iteration : 0
5 => new call tree total iteration : 0
4 => Outcome : Correct
4 =>: 0 <= UW iterations OR => 4
5 => Outcome : Correct
5 =>: 0 <= UW iterations OR => 4
2 => Outcome : Correct
2 =>: 0 <= UW iterations OR => 6
6 => new call tree total iteration : 0
7 => new call tree total iteration : 0
6 => Outcome : Correct
6 =>: 0 <= UW iterations OR => 5
1 => new call tree total iteration : 0
3 => new call tree total iteration : 0
1 => Outcome : Correct
1 =>: 0 <= UW iterations OR => 7
8 => new call tree total iteration : 0
4 => new call tree total iteration : 0
8 => Outcome : Correct
8 =>: 0 <= UW iterations OR => 5
7 => Outcome : Correct
7 =>: 0 <= UW iterations OR => 5
5 => new call tree total iteration : 0
2 => new call tree total iteration : 0
6 => new call tree total iteration : 0
4 => Outcome : Correct
4 =>: 0 <= UW iterations OR => 6
1 => new call tree total iteration : 0
3 => Outcome : Correct
3 =>: 0 <= UW iterations OR => 7
2 => Outcome : Correct
2 =>: 0 <= UW iterations OR => 8
7 => new call tree total iteration : 0
8 => new call tree total iteration : 0
4 => new call tree total iteration : 0
6 => Outcome : Correct
6 =>: 0 <= UW iterations OR => 7
1 => Outcome : Correct
1 =>: 0 <= UW iterations OR => 9
3 => new call tree total iteration : 0
5 => Outcome : Correct
5 =>: 0 <= UW iterations OR => 8
2 => new call tree total iteration : 0
6 => new call tree total iteration : 0
1 => new call tree total iteration : 0
8 => Outcome : Correct
8 =>: 0 <= UW iterations OR => 7
5 => new call tree total iteration : 0
3 => Outcome : Correct
3 =>: 0 <= UW iterations OR => 9
7 => Outcome : Correct
7 =>: 0 <= UW iterations OR => 9
8 => new call tree total iteration : 0
3 => new call tree total iteration : 0
7 => new call tree total iteration : 0
2 => Outcome : Correct
2 =>: 0 <= UW iterations OR => 26
5 => Outcome : Correct
5 =>: 0 <= UW iterations OR => 26
2 => new call tree total iteration : 0
5 => new call tree total iteration : 0
8 => Outcome : Correct
8 =>: 0 <= UW iterations OR => 25
8 => new call tree total iteration : 0
3 => Outcome : Correct
3 =>: 0 <= UW iterations OR => 37
3 => new call tree total iteration : 0
1 => Outcome : Correct
1 =>: 0 <= UW iterations OR => 43
1 => new call tree total iteration : 0
2 => Outcome : Correct
2 =>: 0 <= UW iterations OR => 53
2 => new call tree total iteration : 0
1 => Outcome : Correct
1 =>: 0 <= UW iterations OR => 70
1 => new call tree total iteration : 0
5 => Outcome : Correct
5 =>: 0 <= UW iterations OR => 107
5 => new call tree total iteration : 0
6 => Outcome : Correct
6 =>: 0 <= UW iterations OR => 144
6 => new call tree total iteration : 0
3 => Outcome : Correct
3 =>: 0 <= UW iterations OR => 190
3 => new call tree total iteration : 0
7 => Outcome : Correct
7 =>: 0 <= UW iterations OR => 312
7 => new call tree total iteration : 0
7 => Outcome : Correct
7 =>: 0 <= UW iterations OR => 313
7 => new call tree total iteration : 0
2 => Outcome : Correct
2 =>: 0 <= UW iterations OR => 245
2 => new call tree total iteration : 0
5 => Outcome : Correct
5 =>: 0 <= UW iterations OR => 309
5 => new call tree total iteration : 0
5 => Outcome : Correct
5 =>: 0 <= UW iterations OR => 310
5 => new call tree total iteration : 0
1 => Outcome : Correct
1 =>: 0 <= UW iterations OR => 274
1 => new call tree total iteration : 0
1 => Outcome : Correct
1 =>: 0 <= UW iterations OR => 275
1 => new call tree total iteration : 0
5 => Outcome : Correct
5 =>: 0 <= UW iterations OR => 331
5 => new call tree total iteration : 0
1 => Outcome : Correct
1 =>: 0 <= UW iterations OR => 296
1 => new call tree total iteration : 0
1 => Outcome : Correct
1 =>: 0 <= UW iterations OR => 297
1 => new call tree total iteration : 0
2 => Outcome : Correct
2 =>: 0 <= UW iterations OR => 268
2 => new call tree total iteration : 0
7 => Outcome : Correct
7 =>: 0 <= UW iterations OR => 384
2 => Outcome : Correct
2 =>: 0 <= UW iterations OR => 270
7 => new call tree total iteration : 0
7 => Outcome : Correct
7 =>: 0 <= UW iterations OR => 386
2 => new call tree total iteration : 0
2 => Outcome : Correct
2 =>: 0 <= UW iterations OR => 272
7 => new call tree total iteration : 0
7 => Outcome : Correct
7 =>: 0 <= UW iterations OR => 388
2 => new call tree total iteration : 0
2 => Outcome : Correct
2 =>: 0 <= UW iterations OR => 274
7 => new call tree total iteration : 0
Verification Outcome : TIMEDOUT
Time Taken : 2E-06
