Verifying hw_irqliopassive2_0.bpl.bpl
Corral program verifier version 1.0.0.0
Corral program verifier version 1.0.0.0
http://localhost:5002/
http://localhost:5002/
Corral program verifier version 1.0.0.0
Corral program verifier version 1.0.0.0
Corral program verifier version 1.0.0.0
Corral program verifier version 1.0.0.0
Corral program verifier version 1.0.0.0
Corral program verifier version 1.0.0.0
http://localhost:5002/
http://localhost:5002/
http://localhost:5002/
http://localhost:5002/
http://localhost:5002/
http://localhost:5002/
1 => Outcome : Correct
1 =>: 0 <= UW iterations OR => 3
2 => new call tree total iteration : 0
2 => Outcome : Correct
2 =>: 0 <= UW iterations OR => 2
3 => new call tree total iteration : 0
4 => new call tree total iteration : 0
3 => Outcome : Correct
3 =>: 0 <= UW iterations OR => 5
6 => new call tree total iteration : 0
7 => new call tree total iteration : 0
5 => new call tree total iteration : 0
7 => Outcome : Correct
7 =>: 0 <= UW iterations OR => 2
3 => new call tree total iteration : 0
1 => new call tree total iteration : 0
8 => new call tree total iteration : 0
3 => Outcome : Correct
3 =>: 0 <= UW iterations OR => 6
7 => new call tree total iteration : 0
2 => new call tree total iteration : 0
3 => new call tree total iteration : 0
7 => Outcome : Correct
7 =>: 0 <= UW iterations OR => 3
2 => Outcome : Correct
2 =>: 0 <= UW iterations OR => 3
7 => new call tree total iteration : 0
7 => Outcome : Correct
7 =>: 0 <= UW iterations OR => 4
2 => new call tree total iteration : 0
7 => new call tree total iteration : 0
2 => Outcome : Correct
2 =>: 0 <= UW iterations OR => 4
2 => new call tree total iteration : 0
2 => Outcome : Correct
2 =>: 0 <= UW iterations OR => 5
2 => new call tree total iteration : 0
2 => Outcome : Correct
2 =>: 0 <= UW iterations OR => 6
7 => Outcome : Correct
7 =>: 0 <= UW iterations OR => 8
2 => new call tree total iteration : 0
2 => Outcome : Correct
2 =>: 0 <= UW iterations OR => 8
7 => new call tree total iteration : 0
5 => Outcome : ReachedBound
5 =>: 0 <= UW iterations OR => 13
4 => Outcome : ReachedBound
4 =>: 0 <= UW iterations OR => 19
6 => Outcome : ReachedBound
6 =>: 0 <= UW iterations OR => 16
2 => new call tree total iteration : 0
1 => Outcome : ReachedBound
1 =>: 0 <= UW iterations OR => 11
8 => Outcome : ReachedBound
8 =>: 0 <= UW iterations OR => 11
5 => new call tree total iteration : 0
6 => new call tree total iteration : 0
4 => new call tree total iteration : 0
1 => new call tree total iteration : 0
8 => new call tree total iteration : 0
2 => Outcome : ReachedBound
2 =>: 0 <= UW iterations OR => 13
2 => new call tree total iteration : 0
5 => Outcome : ReachedBound
5 =>: 0 <= UW iterations OR => 18
2 => Outcome : ReachedBound
2 =>: 0 <= UW iterations OR => 14
5 => new call tree total iteration : 0
2 => new call tree total iteration : 0
2 => Outcome : ReachedBound
2 =>: 0 <= UW iterations OR => 15
2 => new call tree total iteration : 0
2 => Outcome : ReachedBound
2 =>: 0 <= UW iterations OR => 16
6 => Outcome : ReachedBound
6 =>: 0 <= UW iterations OR => 22
2 => new call tree total iteration : 0
3 => Outcome : ReachedBound
3 =>: 0 <= UW iterations OR => 33
2 => Outcome : ReachedBound
2 =>: 0 <= UW iterations OR => 18
3 => new call tree total iteration : 0
6 => new call tree total iteration : 0
2 => new call tree total iteration : 0
3 => Outcome : ReachedBound
3 =>: 0 <= UW iterations OR => 37
3 => new call tree total iteration : 0
3 => Outcome : ReachedBound
3 =>: 0 <= UW iterations OR => 38
3 => new call tree total iteration : 0
4 => Outcome : ReachedBound
4 =>: 0 <= UW iterations OR => 136
4 => new call tree total iteration : 0
2 => Outcome : ReachedBound
2 =>: 0 <= UW iterations OR => 127
2 => new call tree total iteration : 0
5 => Outcome : ReachedBound
5 =>: 0 <= UW iterations OR => 161
3 => Outcome : ReachedBound
3 =>: 0 <= UW iterations OR => 158
5 => new call tree total iteration : 0
3 => new call tree total iteration : 0
3 => Outcome : ReachedBound
3 =>: 0 <= UW iterations OR => 159
3 => new call tree total iteration : 0
3 => Outcome : ReachedBound
3 =>: 0 <= UW iterations OR => 160
3 => new call tree total iteration : 0
1 => Outcome : ReachedBound
1 =>: 0 <= UW iterations OR => 158
1 => new call tree total iteration : 0
1 => Outcome : ReachedBound
1 =>: 0 <= UW iterations OR => 159
1 => new call tree total iteration : 0
1 => Outcome : ReachedBound
1 =>: 0 <= UW iterations OR => 160
1 => new call tree total iteration : 0
1 => Outcome : ReachedBound
1 =>: 0 <= UW iterations OR => 161
1 => new call tree total iteration : 0
1 => Outcome : ReachedBound
1 =>: 0 <= UW iterations OR => 162
1 => new call tree total iteration : 0
1 => Outcome : ReachedBound
1 =>: 0 <= UW iterations OR => 163
1 => new call tree total iteration : 0
1 => Outcome : ReachedBound
1 =>: 0 <= UW iterations OR => 164
1 => new call tree total iteration : 0
4 => Outcome : ReachedBound
4 =>: 0 <= UW iterations OR => 208
4 => new call tree total iteration : 0
6 => Outcome : ReachedBound
6 =>: 0 <= UW iterations OR => 173
6 => new call tree total iteration : 0
1 => Outcome : ReachedBound
1 =>: 0 <= UW iterations OR => 190
2 => Outcome : ReachedBound
2 =>: 0 <= UW iterations OR => 244
1 => new call tree total iteration : 0
5 => Outcome : ReachedBound
5 =>: 0 <= UW iterations OR => 234
2 => new call tree total iteration : 0
5 => new call tree total iteration : 0
5 => Outcome : ReachedBound
5 =>: 0 <= UW iterations OR => 235
3 => Outcome : ReachedBound
3 =>: 0 <= UW iterations OR => 269
6 => Outcome : ReachedBound
6 =>: 0 <= UW iterations OR => 195
5 => new call tree total iteration : 0
6 => new call tree total iteration : 0
5 => Outcome : ReachedBound
5 =>: 0 <= UW iterations OR => 236
3 => new call tree total iteration : 0
5 => new call tree total iteration : 0
5 => Outcome : ReachedBound
5 =>: 0 <= UW iterations OR => 237
5 => new call tree total iteration : 0
5 => Outcome : ReachedBound
5 =>: 0 <= UW iterations OR => 238
1 => Outcome : ReachedBound
1 =>: 0 <= UW iterations OR => 209
8 => Outcome : ReachedBound
8 =>: 0 <= UW iterations OR => 274
5 => new call tree total iteration : 0
1 => new call tree total iteration : 0
5 => Outcome : ReachedBound
5 =>: 0 <= UW iterations OR => 239
8 => new call tree total iteration : 0
5 => new call tree total iteration : 0
5 => Outcome : ReachedBound
5 =>: 0 <= UW iterations OR => 240
6 => Outcome : ReachedBound
6 =>: 0 <= UW iterations OR => 219
8 => Outcome : ReachedBound
8 =>: 0 <= UW iterations OR => 275
2 => Outcome : ReachedBound
2 =>: 0 <= UW iterations OR => 268
3 => Outcome : ReachedBound
3 =>: 0 <= UW iterations OR => 286
5 => new call tree total iteration : 0
8 => new call tree total iteration : 0
4 => Outcome : ReachedBound
4 =>: 0 <= UW iterations OR => 256
6 => new call tree total iteration : 0
7 => Outcome : ReachedBound
7 =>: 0 <= UW iterations OR => 256
2 => new call tree total iteration : 0
1 => Outcome : ReachedBound
1 =>: 0 <= UW iterations OR => 214
3 => new call tree total iteration : 0
8 => Outcome : ReachedBound
8 =>: 0 <= UW iterations OR => 277
6 => Outcome : ReachedBound
6 =>: 0 <= UW iterations OR => 220
7 => new call tree total iteration : 0
8 => new call tree total iteration : 0
1 => new call tree total iteration : 0
6 => new call tree total iteration : 0
4 => new call tree total iteration : 0
6 => Outcome : ReachedBound
6 =>: 0 <= UW iterations OR => 221
2 => Outcome : ReachedBound
2 =>: 0 <= UW iterations OR => 275
1 => Outcome : ReachedBound
1 =>: 0 <= UW iterations OR => 216
6 => new call tree total iteration : 0
6 => Outcome : ReachedBound
6 =>: 0 <= UW iterations OR => 222
3 => Outcome : ReachedBound
3 =>: 0 <= UW iterations OR => 292
1 => new call tree total iteration : 0
6 => new call tree total iteration : 0
3 => new call tree total iteration : 0
2 => new call tree total iteration : 0
1 => Outcome : ReachedBound
1 =>: 0 <= UW iterations OR => 217
1 => new call tree total iteration : 0
1 => Outcome : ReachedBound
1 =>: 0 <= UW iterations OR => 224
4 => Outcome : ReachedBound
4 =>: 0 <= UW iterations OR => 266
6 => Outcome : ReachedBound
6 =>: 0 <= UW iterations OR => 237
4 => new call tree total iteration : 0
4 => Outcome : ReachedBound
4 =>: 0 <= UW iterations OR => 267
6 => new call tree total iteration : 0
2 => Outcome : ReachedBound
2 =>: 0 <= UW iterations OR => 287
1 => new call tree total iteration : 0
8 => Outcome : ReachedBound
8 =>: 0 <= UW iterations OR => 305
3 => Outcome : ReachedBound
3 =>: 0 <= UW iterations OR => 304
4 => new call tree total iteration : 0
5 => Outcome : ReachedBound
5 =>: 0 <= UW iterations OR => 261
2 => new call tree total iteration : 0
8 => new call tree total iteration : 0
1 => Outcome : ReachedBound
1 =>: 0 <= UW iterations OR => 226
3 => new call tree total iteration : 0
7 => Outcome : ReachedBound
7 =>: 0 <= UW iterations OR => 281
1 => new call tree total iteration : 0
2 => Outcome : ReachedBound
2 =>: 0 <= UW iterations OR => 289
3 => Outcome : ReachedBound
3 =>: 0 <= UW iterations OR => 306
5 => new call tree total iteration : 0
4 => Outcome : ReachedBound
4 =>: 0 <= UW iterations OR => 272
8 => Outcome : ReachedBound
8 =>: 0 <= UW iterations OR => 307
7 => new call tree total iteration : 0
1 => Outcome : ReachedBound
1 =>: 0 <= UW iterations OR => 228
6 => Outcome : ReachedBound
6 =>: 0 <= UW iterations OR => 246
2 => new call tree total iteration : 0
4 => new call tree total iteration : 0
3 => new call tree total iteration : 0
8 => new call tree total iteration : 0
7 => Outcome : ReachedBound
7 =>: 0 <= UW iterations OR => 283
1 => new call tree total iteration : 0
5 => Outcome : ReachedBound
5 =>: 0 <= UW iterations OR => 263
2 => Outcome : ReachedBound
2 =>: 0 <= UW iterations OR => 291
6 => new call tree total iteration : 0
3 => Outcome : ReachedBound
3 =>: 0 <= UW iterations OR => 308
8 => Outcome : ReachedBound
8 =>: 0 <= UW iterations OR => 309
7 => new call tree total iteration : 0
5 => new call tree total iteration : 0
4 => Outcome : ReachedBound
4 =>: 0 <= UW iterations OR => 274
1 => Outcome : ReachedBound
1 =>: 0 <= UW iterations OR => 230
2 => new call tree total iteration : 0
5 => Outcome : ReachedBound
5 =>: 0 <= UW iterations OR => 264
3 => new call tree total iteration : 0
8 => new call tree total iteration : 0
2 => Outcome : ReachedBound
2 =>: 0 <= UW iterations OR => 292
6 => Outcome : ReachedBound
6 =>: 0 <= UW iterations OR => 248
4 => new call tree total iteration : 0
7 => Outcome : ReachedBound
7 =>: 0 <= UW iterations OR => 285
4 => Outcome : ReachedBound
4 =>: 0 <= UW iterations OR => 275
1 => new call tree total iteration : 0
8 => Outcome : ReachedBound
8 =>: 0 <= UW iterations OR => 311
1 => Outcome : ReachedBound
1 =>: 0 <= UW iterations OR => 231
2 => new call tree total iteration : 0
5 => new call tree total iteration : 0
3 => Outcome : ReachedBound
3 =>: 0 <= UW iterations OR => 311
6 => new call tree total iteration : 0
5 => Outcome : ReachedBound
5 =>: 0 <= UW iterations OR => 265
7 => new call tree total iteration : 0
7 => Outcome : ReachedBound
7 =>: 0 <= UW iterations OR => 287
2 => Outcome : ReachedBound
2 =>: 0 <= UW iterations OR => 294
6 => Outcome : ReachedBound
6 =>: 0 <= UW iterations OR => 252
4 => new call tree total iteration : 0
8 => new call tree total iteration : 0
1 => new call tree total iteration : 0
3 => new call tree total iteration : 0
5 => new call tree total iteration : 0
1 => Outcome : ReachedBound
1 =>: 0 <= UW iterations OR => 232
8 => Outcome : ReachedBound
8 =>: 0 <= UW iterations OR => 313
4 => Outcome : ReachedBound
4 =>: 0 <= UW iterations OR => 277
7 => new call tree total iteration : 0
2 => new call tree total iteration : 0
3 => Outcome : ReachedBound
3 =>: 0 <= UW iterations OR => 313
7 => Outcome : ReachedBound
7 =>: 0 <= UW iterations OR => 288
6 => new call tree total iteration : 0
5 => Outcome : ReachedBound
5 =>: 0 <= UW iterations OR => 268
1 => new call tree total iteration : 0
8 => new call tree total iteration : 0
6 => Outcome : ReachedBound
6 =>: 0 <= UW iterations OR => 254
2 => Outcome : ReachedBound
2 =>: 0 <= UW iterations OR => 297
1 => Outcome : ReachedBound
1 =>: 0 <= UW iterations OR => 234
4 => new call tree total iteration : 0
3 => new call tree total iteration : 0
8 => Outcome : ReachedBound
8 =>: 0 <= UW iterations OR => 315
7 => new call tree total iteration : 0
5 => new call tree total iteration : 0
6 => new call tree total iteration : 0
6 => Outcome : ReachedBound
6 =>: 0 <= UW iterations OR => 255
4 => Outcome : ReachedBound
4 =>: 0 <= UW iterations OR => 279
3 => Outcome : ReachedBound
3 =>: 0 <= UW iterations OR => 315
7 => Outcome : ReachedBound
7 =>: 0 <= UW iterations OR => 290
2 => new call tree total iteration : 0
5 => Outcome : ReachedBound
5 =>: 0 <= UW iterations OR => 270
1 => new call tree total iteration : 0
8 => new call tree total iteration : 0
6 => new call tree total iteration : 0
2 => Outcome : ReachedBound
2 =>: 0 <= UW iterations OR => 299
8 => Outcome : ReachedBound
8 =>: 0 <= UW iterations OR => 316
4 => new call tree total iteration : 0
1 => Outcome : ReachedBound
1 =>: 0 <= UW iterations OR => 236
6 => Outcome : ReachedBound
6 =>: 0 <= UW iterations OR => 257
4 => Outcome : ReachedBound
4 =>: 0 <= UW iterations OR => 280
7 => new call tree total iteration : 0
3 => new call tree total iteration : 0
7 => Outcome : ReachedBound
7 =>: 0 <= UW iterations OR => 292
3 => Outcome : ReachedBound
3 =>: 0 <= UW iterations OR => 317
2 => new call tree total iteration : 0
5 => new call tree total iteration : 0
5 => Outcome : ReachedBound
5 =>: 0 <= UW iterations OR => 271
2 => Outcome : ReachedBound
2 =>: 0 <= UW iterations OR => 301
8 => new call tree total iteration : 0
8 => Outcome : ReachedBound
8 =>: 0 <= UW iterations OR => 318
1 => new call tree total iteration : 0
1 => Outcome : ReachedBound
1 =>: 0 <= UW iterations OR => 237
4 => new call tree total iteration : 0
2 => new call tree total iteration : 0
Verification Outcome : OK
Time Taken : 1510.444708
3 => new call tree total iteration : 0
1 => new call tree total iteration : 0
6 => new call tree total iteration : 0
8 => new call tree total iteration : 0
5 => new call tree total iteration : 0
7 => new call tree total iteration : 0
Verifying sys_zwregistrycreate_0.bpl.bpl
Corral program verifier version 1.0.0.0
Corral program verifier version 1.0.0.0
Corral program verifier version 1.0.0.0
Corral program verifier version 1.0.0.0
Corral program verifier version 1.0.0.0
Corral program verifier version 1.0.0.0
Corral program verifier version 1.0.0.0
Corral program verifier version 1.0.0.0
http://localhost:5002/
http://localhost:5002/
http://localhost:5002/
http://localhost:5002/
http://localhost:5002/
http://localhost:5002/
http://localhost:5002/
http://localhost:5002/
2 => Outcome : Correct
2 =>: 0 <= UW iterations OR => 3
1 => new call tree total iteration : 0
1 => Outcome : Correct
1 =>: 0 <= UW iterations OR => 2
3 => new call tree total iteration : 0
3 => Outcome : Correct
3 =>: 0 <= UW iterations OR => 2
4 => new call tree total iteration : 0
4 => Outcome : Correct
4 =>: 0 <= UW iterations OR => 2
5 => new call tree total iteration : 0
5 => Outcome : Correct
5 =>: 0 <= UW iterations OR => 2
6 => new call tree total iteration : 0
6 => Outcome : Correct
6 =>: 0 <= UW iterations OR => 2
7 => new call tree total iteration : 0
7 => Outcome : Correct
7 =>: 0 <= UW iterations OR => 2
8 => new call tree total iteration : 0
8 => Outcome : Correct
8 =>: 0 <= UW iterations OR => 2
2 => new call tree total iteration : 0
2 => Outcome : Correct
2 =>: 0 <= UW iterations OR => 5
1 => new call tree total iteration : 0
1 => Outcome : Correct
1 =>: 0 <= UW iterations OR => 4
3 => new call tree total iteration : 0
3 => Outcome : Correct
3 =>: 0 <= UW iterations OR => 4
4 => new call tree total iteration : 0
5 => new call tree total iteration : 0
4 => Outcome : Correct
4 =>: 0 <= UW iterations OR => 4
5 => Outcome : Correct
5 =>: 0 <= UW iterations OR => 4
6 => new call tree total iteration : 0
6 => Outcome : Correct
6 =>: 0 <= UW iterations OR => 4
7 => new call tree total iteration : 0
8 => new call tree total iteration : 0
2 => new call tree total iteration : 0
7 => Outcome : Correct
7 =>: 0 <= UW iterations OR => 7
2 => Outcome : Correct
2 =>: 0 <= UW iterations OR => 7
8 => Outcome : Correct
8 =>: 0 <= UW iterations OR => 3
1 => new call tree total iteration : 0
3 => new call tree total iteration : 0
5 => new call tree total iteration : 0
4 => new call tree total iteration : 0
1 => Outcome : Correct
1 =>: 0 <= UW iterations OR => 6
3 => Outcome : Correct
3 =>: 0 <= UW iterations OR => 6
6 => new call tree total iteration : 0
5 => Outcome : Correct
5 =>: 0 <= UW iterations OR => 6
7 => new call tree total iteration : 0
7 => Outcome : Correct
7 =>: 0 <= UW iterations OR => 9
2 => new call tree total iteration : 0
6 => Outcome : Correct
6 =>: 0 <= UW iterations OR => 7
8 => new call tree total iteration : 0
4 => Outcome : Correct
4 =>: 0 <= UW iterations OR => 6
2 => Outcome : Correct
2 =>: 0 <= UW iterations OR => 9
1 => new call tree total iteration : 0
3 => new call tree total iteration : 0
1 => Outcome : Correct
1 =>: 0 <= UW iterations OR => 7
5 => new call tree total iteration : 0
7 => new call tree total iteration : 0
3 => Outcome : Correct
3 =>: 0 <= UW iterations OR => 8
8 => Outcome : Correct
8 =>: 0 <= UW iterations OR => 5
5 => Outcome : Correct
5 =>: 0 <= UW iterations OR => 8
6 => new call tree total iteration : 0
6 => Outcome : Correct
6 =>: 0 <= UW iterations OR => 8
7 => Outcome : Correct
7 =>: 0 <= UW iterations OR => 10
2 => new call tree total iteration : 0
3 => new call tree total iteration : 0
4 => new call tree total iteration : 0
Verification Outcome : OK
Time Taken : 246.777049
7 => new call tree total iteration : 0
1 => new call tree total iteration : 0
5 => new call tree total iteration : 0
Verifying Imapi_removelockrelease2_0.bpl.bpl
Corral program verifier version 1.0.0.0
Corral program verifier version 1.0.0.0
Corral program verifier version 1.0.0.0
Corral program verifier version 1.0.0.0
Corral program verifier version 1.0.0.0
Corral program verifier version 1.0.0.0
Corral program verifier version 1.0.0.0
Corral program verifier version 1.0.0.0
http://localhost:5002/
http://localhost:5002/
http://localhost:5002/
http://localhost:5002/
http://localhost:5002/
http://localhost:5002/
http://localhost:5002/
http://localhost:5002/
1 => Outcome : Correct
1 =>: 0 <= UW iterations OR => 3
3 => new call tree total iteration : 0
3 => Outcome : Correct
3 =>: 0 <= UW iterations OR => 2
4 => new call tree total iteration : 0
4 => Outcome : Correct
4 =>: 0 <= UW iterations OR => 2
5 => new call tree total iteration : 0
5 => Outcome : Correct
5 =>: 0 <= UW iterations OR => 3
6 => new call tree total iteration : 0
8 => new call tree total iteration : 0
6 => Outcome : Correct
6 =>: 0 <= UW iterations OR => 3
8 => Outcome : Correct
8 =>: 0 <= UW iterations OR => 2
2 => new call tree total iteration : 0
1 => new call tree total iteration : 0
2 => Outcome : Correct
2 =>: 0 <= UW iterations OR => 1
7 => new call tree total iteration : 0
3 => new call tree total iteration : 0
3 => Outcome : Correct
3 =>: 0 <= UW iterations OR => 3
7 => Outcome : Correct
7 =>: 0 <= UW iterations OR => 2
4 => new call tree total iteration : 0
1 => Outcome : Correct
1 =>: 0 <= UW iterations OR => 7
5 => new call tree total iteration : 0
6 => new call tree total iteration : 0
5 => Outcome : Correct
5 =>: 0 <= UW iterations OR => 5
6 => Outcome : Correct
6 =>: 0 <= UW iterations OR => 4
8 => new call tree total iteration : 0
4 => Outcome : Correct
4 =>: 0 <= UW iterations OR => 6
8 => Outcome : Correct
8 =>: 0 <= UW iterations OR => 4
2 => new call tree total iteration : 0
3 => new call tree total iteration : 0
3 => Outcome : Correct
3 =>: 0 <= UW iterations OR => 5
7 => new call tree total iteration : 0
7 => Outcome : Correct
7 =>: 0 <= UW iterations OR => 3
1 => new call tree total iteration : 0
5 => new call tree total iteration : 0
2 => Outcome : Correct
2 =>: 0 <= UW iterations OR => 5
6 => new call tree total iteration : 0
4 => new call tree total iteration : 0
5 => Outcome : Correct
5 =>: 0 <= UW iterations OR => 7
8 => new call tree total iteration : 0
3 => new call tree total iteration : 0
6 => Outcome : Correct
6 =>: 0 <= UW iterations OR => 6
1 => Outcome : Correct
1 =>: 0 <= UW iterations OR => 11
7 => new call tree total iteration : 0
5 => new call tree total iteration : 0
2 => new call tree total iteration : 0
8 => Outcome : Correct
8 =>: 0 <= UW iterations OR => 6
3 => Outcome : Correct
3 =>: 0 <= UW iterations OR => 7
4 => Outcome : Correct
4 =>: 0 <= UW iterations OR => 10
1 => new call tree total iteration : 0
6 => new call tree total iteration : 0
5 => Outcome : Correct
5 =>: 0 <= UW iterations OR => 9
8 => new call tree total iteration : 0
2 => Outcome : Correct
2 =>: 0 <= UW iterations OR => 7
3 => new call tree total iteration : 0
5 => new call tree total iteration : 0
4 => new call tree total iteration : 0
7 => Outcome : Correct
7 =>: 0 <= UW iterations OR => 7
1 => Outcome : Correct
1 =>: 0 <= UW iterations OR => 13
6 => Outcome : Correct
6 =>: 0 <= UW iterations OR => 8
3 => Outcome : Correct
3 =>: 0 <= UW iterations OR => 9
2 => new call tree total iteration : 0
7 => new call tree total iteration : 0
1 => new call tree total iteration : 0
6 => new call tree total iteration : 0
3 => new call tree total iteration : 0
1 => Outcome : Correct
1 =>: 0 <= UW iterations OR => 28
1 => new call tree total iteration : 0
4 => Outcome : Correct
4 =>: 0 <= UW iterations OR => 27
7 => Outcome : Correct
7 =>: 0 <= UW iterations OR => 24
1 => Outcome : Correct
1 =>: 0 <= UW iterations OR => 31
4 => new call tree total iteration : 0
7 => new call tree total iteration : 0
1 => new call tree total iteration : 0
2 => Outcome : Correct
2 =>: 0 <= UW iterations OR => 48
2 => new call tree total iteration : 0
8 => Outcome : Correct
8 =>: 0 <= UW iterations OR => 65
8 => new call tree total iteration : 0
1 => Outcome : Correct
1 =>: 0 <= UW iterations OR => 72
1 => new call tree total iteration : 0
4 => Outcome : Correct
4 =>: 0 <= UW iterations OR => 69
4 => new call tree total iteration : 0
5 => Outcome : Correct
5 =>: 0 <= UW iterations OR => 100
5 => new call tree total iteration : 0
8 => Outcome : Correct
8 =>: 0 <= UW iterations OR => 85
8 => new call tree total iteration : 0
6 => Outcome : Correct
6 =>: 0 <= UW iterations OR => 120
6 => new call tree total iteration : 0
3 => Outcome : Correct
3 =>: 0 <= UW iterations OR => 184
3 => new call tree total iteration : 0
3 => Outcome : Correct
3 =>: 0 <= UW iterations OR => 193
3 => new call tree total iteration : 0
5 => Outcome : Correct
5 =>: 0 <= UW iterations OR => 258
5 => new call tree total iteration : 0
7 => Outcome : Correct
7 =>: 0 <= UW iterations OR => 171
7 => new call tree total iteration : 0
2 => Outcome : Correct
2 =>: 0 <= UW iterations OR => 183
2 => new call tree total iteration : 0
2 => Outcome : Correct
2 =>: 0 <= UW iterations OR => 184
2 => new call tree total iteration : 0
4 => Outcome : Correct
4 =>: 0 <= UW iterations OR => 219
4 => new call tree total iteration : 0
6 => Outcome : Correct
6 =>: 0 <= UW iterations OR => 147
4 => Outcome : Correct
4 =>: 0 <= UW iterations OR => 231
6 => new call tree total iteration : 0
6 => Outcome : Correct
6 =>: 0 <= UW iterations OR => 149
4 => new call tree total iteration : 0
4 => Outcome : Correct
4 =>: 0 <= UW iterations OR => 233
6 => new call tree total iteration : 0
6 => Outcome : Correct
6 =>: 0 <= UW iterations OR => 151
4 => new call tree total iteration : 0
7 => Outcome : Correct
7 =>: 0 <= UW iterations OR => 173
4 => Outcome : Correct
4 =>: 0 <= UW iterations OR => 235
6 => new call tree total iteration : 0
7 => new call tree total iteration : 0
3 => Outcome : Correct
3 =>: 0 <= UW iterations OR => 195
4 => new call tree total iteration : 0
8 => Outcome : Correct
8 =>: 0 <= UW iterations OR => 217
7 => Outcome : Correct
7 =>: 0 <= UW iterations OR => 175
3 => new call tree total iteration : 0
6 => Outcome : Correct
6 =>: 0 <= UW iterations OR => 153
8 => new call tree total iteration : 0
7 => new call tree total iteration : 0
6 => new call tree total iteration : 0
3 => Outcome : Correct
3 =>: 0 <= UW iterations OR => 215
3 => new call tree total iteration : 0
6 => Outcome : Correct
6 =>: 0 <= UW iterations OR => 188
3 => Outcome : Correct
3 =>: 0 <= UW iterations OR => 232
6 => new call tree total iteration : 0
6 => Outcome : Correct
6 =>: 0 <= UW iterations OR => 190
3 => new call tree total iteration : 0
7 => Outcome : Correct
7 =>: 0 <= UW iterations OR => 194
1 => Outcome : Correct
1 =>: 0 <= UW iterations OR => 128
3 => Outcome : Correct
3 =>: 0 <= UW iterations OR => 233
4 => Outcome : Correct
4 =>: 0 <= UW iterations OR => 253
8 => Outcome : Correct
8 =>: 0 <= UW iterations OR => 235
5 => Outcome : Correct
5 =>: 0 <= UW iterations OR => 278
2 => Outcome : Correct
2 =>: 0 <= UW iterations OR => 212
6 => new call tree total iteration : 0
1 => new call tree total iteration : 0
4 => new call tree total iteration : 0
3 => new call tree total iteration : 0
7 => new call tree total iteration : 0
Verification Outcome : OK
Time Taken : 3430.435248
5 => new call tree total iteration : 0
2 => new call tree total iteration : 0
Verifying parzip_nsremovelockmnremove_0.bpl.bpl
Corral program verifier version 1.0.0.0
Corral program verifier version 1.0.0.0
Corral program verifier version 1.0.0.0
Corral program verifier version 1.0.0.0
Corral program verifier version 1.0.0.0
http://localhost:5002/
http://localhost:5002/
Corral program verifier version 1.0.0.0
Corral program verifier version 1.0.0.0
Corral program verifier version 1.0.0.0
http://localhost:5002/
http://localhost:5002/
http://localhost:5002/
http://localhost:5002/
http://localhost:5002/
http://localhost:5002/
1 => Outcome : Correct
1 =>: 0 <= UW iterations OR => 3
2 => new call tree total iteration : 0
2 => Outcome : Correct
2 =>: 0 <= UW iterations OR => 2
3 => new call tree total iteration : 0
3 => Outcome : Correct
3 =>: 0 <= UW iterations OR => 2
4 => new call tree total iteration : 0
4 => Outcome : Correct
4 =>: 0 <= UW iterations OR => 2
5 => new call tree total iteration : 0
5 => Outcome : Correct
5 =>: 0 <= UW iterations OR => 2
6 => new call tree total iteration : 0
6 => Outcome : Correct
6 =>: 0 <= UW iterations OR => 2
7 => new call tree total iteration : 0
7 => Outcome : Correct
7 =>: 0 <= UW iterations OR => 2
8 => new call tree total iteration : 0
1 => new call tree total iteration : 0
2 => new call tree total iteration : 0
3 => new call tree total iteration : 0
4 => new call tree total iteration : 0
4 => Outcome : Correct
4 =>: 0 <= UW iterations OR => 3
1 => Outcome : Correct
1 =>: 0 <= UW iterations OR => 6
5 => new call tree total iteration : 0
8 => Outcome : Correct
8 =>: 0 <= UW iterations OR => 6
6 => new call tree total iteration : 0
6 => Outcome : Correct
6 =>: 0 <= UW iterations OR => 3
7 => new call tree total iteration : 0
4 => new call tree total iteration : 0
1 => new call tree total iteration : 0
1 => Outcome : Correct
1 =>: 0 <= UW iterations OR => 7
8 => new call tree total iteration : 0
8 => Outcome : Correct
8 =>: 0 <= UW iterations OR => 7
2 => Outcome : Correct
2 =>: 0 <= UW iterations OR => 6
7 => Outcome : Correct
7 =>: 0 <= UW iterations OR => 4
6 => new call tree total iteration : 0
6 => Outcome : Correct
6 =>: 0 <= UW iterations OR => 4
4 => Outcome : Correct
4 =>: 0 <= UW iterations OR => 5
5 => Outcome : Correct
5 =>: 0 <= UW iterations OR => 5
3 => Outcome : Correct
3 =>: 0 <= UW iterations OR => 6
1 => new call tree total iteration : 0
8 => new call tree total iteration : 0
7 => new call tree total iteration : 0
2 => new call tree total iteration : 0
6 => new call tree total iteration : 0
1 => Outcome : Correct
1 =>: 0 <= UW iterations OR => 9
6 => Outcome : Correct
6 =>: 0 <= UW iterations OR => 6
5 => new call tree total iteration : 0
2 => Outcome : Correct
2 =>: 0 <= UW iterations OR => 8
4 => new call tree total iteration : 0
6 => new call tree total iteration : 0
1 => new call tree total iteration : 0
3 => new call tree total iteration : 0
2 => new call tree total iteration : 0
2 => Outcome : Correct
2 =>: 0 <= UW iterations OR => 80
2 => new call tree total iteration : 0
2 => Outcome : Correct
2 =>: 0 <= UW iterations OR => 81
2 => new call tree total iteration : 0
4 => Outcome : Correct
4 =>: 0 <= UW iterations OR => 78
4 => new call tree total iteration : 0
1 => Outcome : Correct
1 =>: 0 <= UW iterations OR => 81
1 => new call tree total iteration : 0
4 => Outcome : Correct
4 =>: 0 <= UW iterations OR => 130
4 => new call tree total iteration : 0
2 => Outcome : Correct
2 =>: 0 <= UW iterations OR => 152
2 => new call tree total iteration : 0
2 => Outcome : Correct
2 =>: 0 <= UW iterations OR => 153
2 => new call tree total iteration : 0
2 => Outcome : Correct
2 =>: 0 <= UW iterations OR => 154
2 => new call tree total iteration : 0
1 => Outcome : Correct
1 =>: 0 <= UW iterations OR => 157
1 => new call tree total iteration : 0
3 => Outcome : Correct
3 =>: 0 <= UW iterations OR => 174
3 => new call tree total iteration : 0
8 => Outcome : Correct
8 =>: 0 <= UW iterations OR => 150
8 => new call tree total iteration : 0
8 => Outcome : Correct
8 =>: 0 <= UW iterations OR => 151
8 => new call tree total iteration : 0
7 => Outcome : Correct
7 =>: 0 <= UW iterations OR => 292
7 => new call tree total iteration : 0
7 => Outcome : Correct
7 =>: 0 <= UW iterations OR => 293
7 => new call tree total iteration : 0
8 => Outcome : Correct
8 =>: 0 <= UW iterations OR => 280
8 => new call tree total iteration : 0
5 => Outcome : Correct
5 =>: 0 <= UW iterations OR => 303
5 => new call tree total iteration : 0
6 => Outcome : Correct
6 =>: 0 <= UW iterations OR => 343
6 => new call tree total iteration : 0
3 => Outcome : Correct
3 =>: 0 <= UW iterations OR => 486
3 => new call tree total iteration : 0
5 => Outcome : Correct
5 =>: 0 <= UW iterations OR => 442
8 => Outcome : Correct
8 =>: 0 <= UW iterations OR => 531
5 => new call tree total iteration : 0
8 => new call tree total iteration : 0
8 => Outcome : Correct
8 =>: 0 <= UW iterations OR => 532
8 => new call tree total iteration : 0
8 => Outcome : Correct
8 =>: 0 <= UW iterations OR => 533
8 => new call tree total iteration : 0
1 => Outcome : Correct
1 =>: 0 <= UW iterations OR => 602
1 => new call tree total iteration : 0
1 => Outcome : Correct
1 =>: 0 <= UW iterations OR => 603
1 => new call tree total iteration : 0
1 => Outcome : Correct
1 =>: 0 <= UW iterations OR => 604
2 => Outcome : Correct
2 =>: 0 <= UW iterations OR => 420
1 => new call tree total iteration : 0
2 => new call tree total iteration : 0
1 => Outcome : Correct
1 =>: 0 <= UW iterations OR => 605
2 => Outcome : Correct
2 =>: 0 <= UW iterations OR => 421
1 => new call tree total iteration : 0
2 => new call tree total iteration : 0
2 => Outcome : Correct
2 =>: 0 <= UW iterations OR => 422
4 => Outcome : Correct
4 =>: 0 <= UW iterations OR => 505
2 => new call tree total iteration : 0
4 => new call tree total iteration : 0
4 => Outcome : Correct
4 =>: 0 <= UW iterations OR => 506
4 => new call tree total iteration : 0
4 => Outcome : Correct
4 =>: 0 <= UW iterations OR => 507
4 => new call tree total iteration : 0
4 => Outcome : Correct
4 =>: 0 <= UW iterations OR => 508
4 => new call tree total iteration : 0
4 => Outcome : Correct
4 =>: 0 <= UW iterations OR => 509
4 => new call tree total iteration : 0
4 => Outcome : Correct
4 =>: 0 <= UW iterations OR => 510
4 => new call tree total iteration : 0
8 => Outcome : Correct
8 =>: 0 <= UW iterations OR => 597
8 => new call tree total iteration : 0
5 => Outcome : Correct
5 =>: 0 <= UW iterations OR => 521
5 => new call tree total iteration : 0
5 => Outcome : Correct
5 =>: 0 <= UW iterations OR => 522
5 => new call tree total iteration : 0
5 => Outcome : Correct
5 =>: 0 <= UW iterations OR => 523
5 => new call tree total iteration : 0
5 => Outcome : Correct
5 =>: 0 <= UW iterations OR => 524
5 => new call tree total iteration : 0
4 => Outcome : Correct
4 =>: 0 <= UW iterations OR => 572
4 => new call tree total iteration : 0
4 => Outcome : Correct
4 =>: 0 <= UW iterations OR => 573
4 => new call tree total iteration : 0
4 => Outcome : Correct
4 =>: 0 <= UW iterations OR => 574
4 => new call tree total iteration : 0
6 => Outcome : Correct
6 =>: 0 <= UW iterations OR => 527
6 => new call tree total iteration : 0
7 => Outcome : Correct
7 =>: 0 <= UW iterations OR => 589
8 => Outcome : Correct
8 =>: 0 <= UW iterations OR => 676
7 => new call tree total iteration : 0
7 => Outcome : Correct
7 =>: 0 <= UW iterations OR => 590
8 => new call tree total iteration : 0
7 => new call tree total iteration : 0
7 => Outcome : Correct
7 =>: 0 <= UW iterations OR => 591
5 => Outcome : Correct
5 =>: 0 <= UW iterations OR => 604
7 => new call tree total iteration : 0
7 => Outcome : Correct
7 =>: 0 <= UW iterations OR => 592
5 => new call tree total iteration : 0
7 => new call tree total iteration : 0
7 => Outcome : Correct
7 =>: 0 <= UW iterations OR => 593
7 => new call tree total iteration : 0
7 => Outcome : Correct
7 =>: 0 <= UW iterations OR => 594
7 => new call tree total iteration : 0
2 => Outcome : Correct
2 =>: 0 <= UW iterations OR => 581
2 => new call tree total iteration : 0
2 => Outcome : Correct
2 =>: 0 <= UW iterations OR => 582
3 => Outcome : Correct
3 =>: 0 <= UW iterations OR => 725
3 => new call tree total iteration : 0
2 => new call tree total iteration : 0
2 => Outcome : Correct
2 =>: 0 <= UW iterations OR => 583
2 => new call tree total iteration : 0
2 => Outcome : Correct
2 =>: 0 <= UW iterations OR => 584
2 => new call tree total iteration : 0
2 => Outcome : Correct
2 =>: 0 <= UW iterations OR => 585
2 => new call tree total iteration : 0
6 => Outcome : Correct
6 =>: 0 <= UW iterations OR => 604
4 => Outcome : Correct
4 =>: 0 <= UW iterations OR => 650
8 => Outcome : Correct
8 =>: 0 <= UW iterations OR => 755
6 => new call tree total iteration : 0
6 => Outcome : Correct
6 =>: 0 <= UW iterations OR => 605
4 => new call tree total iteration : 0
4 => Outcome : Correct
4 =>: 0 <= UW iterations OR => 651
8 => new call tree total iteration : 0
5 => Outcome : Correct
5 =>: 0 <= UW iterations OR => 680
4 => new call tree total iteration : 0
6 => new call tree total iteration : 0
6 => Outcome : Correct
6 =>: 0 <= UW iterations OR => 606
8 => Outcome : Correct
8 =>: 0 <= UW iterations OR => 756
5 => new call tree total iteration : 0
8 => new call tree total iteration : 0
5 => Outcome : Correct
5 =>: 0 <= UW iterations OR => 681
4 => Outcome : Correct
4 =>: 0 <= UW iterations OR => 652
6 => new call tree total iteration : 0
6 => Outcome : Correct
6 =>: 0 <= UW iterations OR => 607
5 => new call tree total iteration : 0
5 => Outcome : Correct
5 =>: 0 <= UW iterations OR => 682
1 => Outcome : Correct
1 =>: 0 <= UW iterations OR => 799
7 => Outcome : Correct
7 =>: 0 <= UW iterations OR => 666
5 => new call tree total iteration : 0
4 => new call tree total iteration : 0
8 => Outcome : Correct
8 =>: 0 <= UW iterations OR => 769
5 => Outcome : Correct
5 =>: 0 <= UW iterations OR => 683
4 => Outcome : Correct
4 =>: 0 <= UW iterations OR => 653
2 => Outcome : Correct
2 =>: 0 <= UW iterations OR => 610
6 => new call tree total iteration : 0
7 => new call tree total iteration : 0
7 => Outcome : Correct
7 =>: 0 <= UW iterations OR => 668
1 => new call tree total iteration : 0
1 => Outcome : Correct
1 =>: 0 <= UW iterations OR => 800
5 => new call tree total iteration : 0
6 => Outcome : Correct
6 =>: 0 <= UW iterations OR => 608
8 => new call tree total iteration : 0
2 => new call tree total iteration : 0
4 => new call tree total iteration : 0
4 => Outcome : Correct
4 =>: 0 <= UW iterations OR => 654
2 => Outcome : Correct
2 =>: 0 <= UW iterations OR => 612
5 => Outcome : Correct
5 =>: 0 <= UW iterations OR => 685
8 => Outcome : Correct
8 =>: 0 <= UW iterations OR => 770
7 => new call tree total iteration : 0
7 => Outcome : Correct
7 =>: 0 <= UW iterations OR => 669
6 => new call tree total iteration : 0
1 => new call tree total iteration : 0
1 => Outcome : Correct
1 =>: 0 <= UW iterations OR => 801
2 => new call tree total iteration : 0
6 => Outcome : Correct
6 =>: 0 <= UW iterations OR => 610
4 => new call tree total iteration : 0
4 => Outcome : Correct
4 =>: 0 <= UW iterations OR => 655
7 => new call tree total iteration : 0
5 => new call tree total iteration : 0
8 => new call tree total iteration : 0
8 => Outcome : Correct
8 =>: 0 <= UW iterations OR => 771
1 => new call tree total iteration : 0
1 => Outcome : Correct
1 =>: 0 <= UW iterations OR => 802
6 => new call tree total iteration : 0
5 => Outcome : Correct
5 =>: 0 <= UW iterations OR => 686
4 => new call tree total iteration : 0
4 => Outcome : Correct
4 =>: 0 <= UW iterations OR => 656
6 => Outcome : Correct
6 =>: 0 <= UW iterations OR => 611
8 => new call tree total iteration : 0
8 => Outcome : Correct
8 =>: 0 <= UW iterations OR => 772
5 => new call tree total iteration : 0
1 => new call tree total iteration : 0
6 => new call tree total iteration : 0
4 => new call tree total iteration : 0
1 => Outcome : Correct
1 =>: 0 <= UW iterations OR => 803
2 => Outcome : Correct
2 =>: 0 <= UW iterations OR => 631
8 => new call tree total iteration : 0
8 => Outcome : Correct
8 =>: 0 <= UW iterations OR => 773
5 => Outcome : Correct
5 =>: 0 <= UW iterations OR => 693
3 => Outcome : Correct
3 =>: 0 <= UW iterations OR => 799
1 => new call tree total iteration : 0
8 => new call tree total iteration : 0
6 => Outcome : Correct
6 =>: 0 <= UW iterations OR => 620
8 => Outcome : Correct
8 =>: 0 <= UW iterations OR => 774
2 => new call tree total iteration : 0
4 => Outcome : Correct
4 =>: 0 <= UW iterations OR => 663
5 => new call tree total iteration : 0
2 => Outcome : Correct
2 =>: 0 <= UW iterations OR => 632
5 => Outcome : Correct
5 =>: 0 <= UW iterations OR => 695
7 => Outcome : Correct
7 =>: 0 <= UW iterations OR => 699
1 => Outcome : Correct
1 =>: 0 <= UW iterations OR => 809
3 => new call tree total iteration : 0
6 => new call tree total iteration : 0
2 => new call tree total iteration : 0
8 => new call tree total iteration : 0
5 => new call tree total iteration : 0
6 => Outcome : Correct
6 =>: 0 <= UW iterations OR => 622
8 => Outcome : Correct
8 =>: 0 <= UW iterations OR => 775
4 => new call tree total iteration : 0
7 => new call tree total iteration : 0
2 => Outcome : Correct
2 =>: 0 <= UW iterations OR => 634
4 => Outcome : Correct
4 =>: 0 <= UW iterations OR => 664
3 => Outcome : Correct
3 =>: 0 <= UW iterations OR => 800
5 => Outcome : Correct
5 =>: 0 <= UW iterations OR => 697
7 => Outcome : Correct
7 =>: 0 <= UW iterations OR => 701
1 => new call tree total iteration : 0
6 => new call tree total iteration : 0
8 => new call tree total iteration : 0
1 => Outcome : Correct
1 =>: 0 <= UW iterations OR => 811
6 => Outcome : Correct
6 =>: 0 <= UW iterations OR => 624
8 => Outcome : Correct
8 =>: 0 <= UW iterations OR => 777
2 => new call tree total iteration : 0
2 => Outcome : Correct
2 =>: 0 <= UW iterations OR => 636
3 => new call tree total iteration : 0
4 => new call tree total iteration : 0
5 => new call tree total iteration : 0
3 => Outcome : Correct
3 =>: 0 <= UW iterations OR => 802
4 => Outcome : Correct
4 =>: 0 <= UW iterations OR => 666
5 => Outcome : Correct
5 =>: 0 <= UW iterations OR => 699
7 => new call tree total iteration : 0
7 => Outcome : Correct
7 =>: 0 <= UW iterations OR => 703
1 => new call tree total iteration : 0
1 => Outcome : Correct
1 =>: 0 <= UW iterations OR => 813
8 => new call tree total iteration : 0
6 => new call tree total iteration : 0
8 => Outcome : Correct
8 =>: 0 <= UW iterations OR => 779
6 => Outcome : Correct
6 =>: 0 <= UW iterations OR => 626
2 => new call tree total iteration : 0
3 => new call tree total iteration : 0
2 => Outcome : Correct
2 =>: 0 <= UW iterations OR => 638
3 => Outcome : Correct
3 =>: 0 <= UW iterations OR => 804
4 => new call tree total iteration : 0
5 => new call tree total iteration : 0
4 => Outcome : Correct
4 =>: 0 <= UW iterations OR => 668
5 => Outcome : Correct
5 =>: 0 <= UW iterations OR => 701
7 => new call tree total iteration : 0
1 => new call tree total iteration : 0
7 => Outcome : Correct
7 =>: 0 <= UW iterations OR => 705
1 => Outcome : Correct
1 =>: 0 <= UW iterations OR => 814
8 => new call tree total iteration : 0
6 => new call tree total iteration : 0
8 => Outcome : Correct
8 =>: 0 <= UW iterations OR => 781
2 => new call tree total iteration : 0
6 => Outcome : Correct
6 =>: 0 <= UW iterations OR => 628
2 => Outcome : Correct
2 =>: 0 <= UW iterations OR => 640
3 => new call tree total iteration : 0
4 => new call tree total iteration : 0
4 => Outcome : Correct
4 =>: 0 <= UW iterations OR => 669
3 => Outcome : Correct
3 =>: 0 <= UW iterations OR => 806
5 => new call tree total iteration : 0
5 => Outcome : Correct
5 =>: 0 <= UW iterations OR => 704
7 => new call tree total iteration : 0
7 => Outcome : Correct
7 =>: 0 <= UW iterations OR => 706
1 => new call tree total iteration : 0
1 => Outcome : Correct
1 =>: 0 <= UW iterations OR => 815
8 => new call tree total iteration : 0
8 => Outcome : Correct
8 =>: 0 <= UW iterations OR => 786
6 => new call tree total iteration : 0
6 => Outcome : Correct
6 =>: 0 <= UW iterations OR => 629
2 => new call tree total iteration : 0
2 => Outcome : Correct
2 =>: 0 <= UW iterations OR => 641
4 => new call tree total iteration : 0
4 => Outcome : Correct
4 =>: 0 <= UW iterations OR => 670
3 => new call tree total iteration : 0
1 => new call tree total iteration : 0
5 => new call tree total iteration : 0
2 => new call tree total iteration : 0
8 => new call tree total iteration : 0
4 => new call tree total iteration : 0
7 => new call tree total iteration : 0
Verification Outcome : OK
Time Taken : 1147.451744
6 => new call tree total iteration : 0
Verifying mp_iobuildfsdirpsignaleventincompletiontimeout_0.bpl.bpl
Corral program verifier version 1.0.0.0
Corral program verifier version 1.0.0.0
Corral program verifier version 1.0.0.0
Corral program verifier version 1.0.0.0
Corral program verifier version 1.0.0.0
Corral program verifier version 1.0.0.0
Corral program verifier version 1.0.0.0
Corral program verifier version 1.0.0.0
http://localhost:5002/
http://localhost:5002/
http://localhost:5002/
http://localhost:5002/
http://localhost:5002/
http://localhost:5002/
http://localhost:5002/
http://localhost:5002/
1 => Outcome : Correct
1 =>: 0 <= UW iterations OR => 3
3 => new call tree total iteration : 0
3 => Outcome : Correct
3 =>: 0 <= UW iterations OR => 2
2 => new call tree total iteration : 0
2 => Outcome : Correct
2 =>: 0 <= UW iterations OR => 2
4 => new call tree total iteration : 0
5 => new call tree total iteration : 0
6 => new call tree total iteration : 0
4 => Outcome : Correct
4 =>: 0 <= UW iterations OR => 7
5 => Outcome : Correct
5 =>: 0 <= UW iterations OR => 3
8 => new call tree total iteration : 0
3 => new call tree total iteration : 0
1 => new call tree total iteration : 0
7 => new call tree total iteration : 0
8 => Outcome : Correct
8 =>: 0 <= UW iterations OR => 1
2 => new call tree total iteration : 0
2 => Outcome : Correct
2 =>: 0 <= UW iterations OR => 3
3 => Outcome : Correct
3 =>: 0 <= UW iterations OR => 4
1 => Outcome : Correct
1 =>: 0 <= UW iterations OR => 5
6 => Outcome : Correct
6 =>: 0 <= UW iterations OR => 3
7 => Outcome : Correct
7 =>: 0 <= UW iterations OR => 2
4 => new call tree total iteration : 0
8 => new call tree total iteration : 0
2 => new call tree total iteration : 0
5 => new call tree total iteration : 0
2 => Outcome : Correct
2 =>: 0 <= UW iterations OR => 5
5 => Outcome : Correct
5 =>: 0 <= UW iterations OR => 5
8 => Outcome : Correct
8 =>: 0 <= UW iterations OR => 3
3 => new call tree total iteration : 0
7 => new call tree total iteration : 0
1 => new call tree total iteration : 0
6 => new call tree total iteration : 0
2 => new call tree total iteration : 0
4 => Outcome : Correct
4 =>: 0 <= UW iterations OR => 11
7 => Outcome : ReachedBound
7 =>: 0 <= UW iterations OR => 4
6 => Outcome : ReachedBound
6 =>: 0 <= UW iterations OR => 5
8 => new call tree total iteration : 0
2 => Outcome : Correct
2 =>: 0 <= UW iterations OR => 7
1 => Outcome : Correct
1 =>: 0 <= UW iterations OR => 7
5 => new call tree total iteration : 0
4 => new call tree total iteration : 0
3 => Outcome : Correct
3 =>: 0 <= UW iterations OR => 8
6 => new call tree total iteration : 0
6 => Outcome : Correct
6 =>: 0 <= UW iterations OR => 6
7 => new call tree total iteration : 0
1 => new call tree total iteration : 0
8 => Outcome : Correct
8 =>: 0 <= UW iterations OR => 5
5 => Outcome : Correct
5 =>: 0 <= UW iterations OR => 7
2 => new call tree total iteration : 0
3 => new call tree total iteration : 0
3 => Outcome : Correct
3 =>: 0 <= UW iterations OR => 9
4 => Outcome : ReachedBound
4 =>: 0 <= UW iterations OR => 13
6 => new call tree total iteration : 0
7 => Outcome : ReachedBound
7 =>: 0 <= UW iterations OR => 6
8 => new call tree total iteration : 0
5 => new call tree total iteration : 0
6 => Outcome : ReachedBound
6 =>: 0 <= UW iterations OR => 8
2 => Outcome : Correct
2 =>: 0 <= UW iterations OR => 9
3 => new call tree total iteration : 0
8 => Outcome : ReachedBound
8 =>: 0 <= UW iterations OR => 7
4 => new call tree total iteration : 0
5 => Outcome : ReachedBound
5 =>: 0 <= UW iterations OR => 9
7 => new call tree total iteration : 0
6 => new call tree total iteration : 0
3 => Outcome : ReachedBound
3 =>: 0 <= UW iterations OR => 11
4 => Outcome : Correct
4 =>: 0 <= UW iterations OR => 15
7 => Outcome : ReachedBound
7 =>: 0 <= UW iterations OR => 8
2 => new call tree total iteration : 0
8 => new call tree total iteration : 0
5 => new call tree total iteration : 0
3 => new call tree total iteration : 0
6 => Outcome : ReachedBound
6 =>: 0 <= UW iterations OR => 11
2 => Outcome : ReachedBound
2 =>: 0 <= UW iterations OR => 11
4 => new call tree total iteration : 0
5 => Outcome : ReachedBound
5 =>: 0 <= UW iterations OR => 11
8 => Outcome : Correct
8 =>: 0 <= UW iterations OR => 9
3 => Outcome : ReachedBound
3 =>: 0 <= UW iterations OR => 13
7 => new call tree total iteration : 0
2 => new call tree total iteration : 0
5 => new call tree total iteration : 0
6 => new call tree total iteration : 0
7 => Outcome : ReachedBound
7 =>: 0 <= UW iterations OR => 10
4 => Outcome : ReachedBound
4 =>: 0 <= UW iterations OR => 18
8 => new call tree total iteration : 0
6 => Outcome : ReachedBound
6 =>: 0 <= UW iterations OR => 14
3 => new call tree total iteration : 0
2 => Outcome : Correct
2 =>: 0 <= UW iterations OR => 13
7 => new call tree total iteration : 0
4 => new call tree total iteration : 0
6 => new call tree total iteration : 0
6 => Outcome : Correct
6 =>: 0 <= UW iterations OR => 15
2 => new call tree total iteration : 0
2 => Outcome : ReachedBound
2 =>: 0 <= UW iterations OR => 14
6 => new call tree total iteration : 0
3 => Outcome : ReachedBound
3 =>: 0 <= UW iterations OR => 17
2 => new call tree total iteration : 0
6 => Outcome : ReachedBound
6 =>: 0 <= UW iterations OR => 16
3 => new call tree total iteration : 0
2 => Outcome : ReachedBound
2 =>: 0 <= UW iterations OR => 17
1 => Outcome : Correct
1 =>: 0 <= UW iterations OR => 21
6 => new call tree total iteration : 0
2 => new call tree total iteration : 0
1 => new call tree total iteration : 0
2 => Outcome : ReachedBound
2 =>: 0 <= UW iterations OR => 95
2 => new call tree total iteration : 0
5 => Outcome : ReachedBound
5 =>: 0 <= UW iterations OR => 271
5 => new call tree total iteration : 0
4 => Outcome : ReachedBound
4 =>: 0 <= UW iterations OR => 293
4 => new call tree total iteration : 0
7 => Outcome : ReachedBound
7 =>: 0 <= UW iterations OR => 297
7 => new call tree total iteration : 0
1 => Outcome : ReachedBound
1 =>: 0 <= UW iterations OR => 317
8 => Outcome : ReachedBound
8 =>: 0 <= UW iterations OR => 326
1 => new call tree total iteration : 0
8 => new call tree total iteration : 0
3 => Outcome : ReachedBound
3 =>: 0 <= UW iterations OR => 265
3 => new call tree total iteration : 0
6 => Outcome : ReachedBound
6 =>: 0 <= UW iterations OR => 328
6 => new call tree total iteration : 0
4 => Outcome : ReachedBound
4 =>: 0 <= UW iterations OR => 471
4 => new call tree total iteration : 0
4 => Outcome : ReachedBound
4 =>: 0 <= UW iterations OR => 472
4 => new call tree total iteration : 0
4 => Outcome : ReachedBound
4 =>: 0 <= UW iterations OR => 473
4 => new call tree total iteration : 0
2 => Outcome : ReachedBound
2 =>: 0 <= UW iterations OR => 547
2 => new call tree total iteration : 0
2 => Outcome : ReachedBound
2 =>: 0 <= UW iterations OR => 548
2 => new call tree total iteration : 0
6 => Outcome : ReachedBound
6 =>: 0 <= UW iterations OR => 541
6 => new call tree total iteration : 0
6 => Outcome : ReachedBound
6 =>: 0 <= UW iterations OR => 542
6 => new call tree total iteration : 0
7 => Outcome : ReachedBound
7 =>: 0 <= UW iterations OR => 523
7 => new call tree total iteration : 0
7 => Outcome : ReachedBound
7 =>: 0 <= UW iterations OR => 524
4 => Outcome : ReachedBound
4 =>: 0 <= UW iterations OR => 553
7 => new call tree total iteration : 0
7 => Outcome : ReachedBound
7 =>: 0 <= UW iterations OR => 525
4 => new call tree total iteration : 0
7 => new call tree total iteration : 0
7 => Outcome : ReachedBound
7 =>: 0 <= UW iterations OR => 526
5 => Outcome : ReachedBound
5 =>: 0 <= UW iterations OR => 620
7 => new call tree total iteration : 0
5 => new call tree total iteration : 0
3 => Outcome : ReachedBound
3 =>: 0 <= UW iterations OR => 485
3 => new call tree total iteration : 0
3 => Outcome : ReachedBound
3 =>: 0 <= UW iterations OR => 486
3 => new call tree total iteration : 0
1 => Outcome : ReachedBound
1 =>: 0 <= UW iterations OR => 632
1 => new call tree total iteration : 0
8 => Outcome : ReachedBound
8 =>: 0 <= UW iterations OR => 644
8 => new call tree total iteration : 0
2 => Outcome : ReachedBound
2 =>: 0 <= UW iterations OR => 637
2 => new call tree total iteration : 0
2 => Outcome : ReachedBound
2 =>: 0 <= UW iterations OR => 638
2 => new call tree total iteration : 0
2 => Outcome : ReachedBound
2 =>: 0 <= UW iterations OR => 639
2 => new call tree total iteration : 0
2 => Outcome : ReachedBound
2 =>: 0 <= UW iterations OR => 640
2 => new call tree total iteration : 0
5 => Outcome : ReachedBound
5 =>: 0 <= UW iterations OR => 681
7 => Outcome : ReachedBound
7 =>: 0 <= UW iterations OR => 599
4 => Outcome : ReachedBound
4 =>: 0 <= UW iterations OR => 629
1 => Outcome : ReachedBound
1 =>: 0 <= UW iterations OR => 680
5 => new call tree total iteration : 0
5 => Outcome : ReachedBound
5 =>: 0 <= UW iterations OR => 682
7 => new call tree total iteration : 0
1 => new call tree total iteration : 0
4 => new call tree total iteration : 0
2 => Outcome : ReachedBound
2 =>: 0 <= UW iterations OR => 657
7 => Outcome : ReachedBound
7 =>: 0 <= UW iterations OR => 600
5 => new call tree total iteration : 0
2 => new call tree total iteration : 0
2 => Outcome : ReachedBound
2 =>: 0 <= UW iterations OR => 658
7 => new call tree total iteration : 0
2 => new call tree total iteration : 0
3 => Outcome : ReachedBound
3 =>: 0 <= UW iterations OR => 556
3 => new call tree total iteration : 0
1 => Outcome : ReachedBound
1 =>: 0 <= UW iterations OR => 694
6 => Outcome : ReachedBound
6 =>: 0 <= UW iterations OR => 658
8 => Outcome : ReachedBound
8 =>: 0 <= UW iterations OR => 706
1 => new call tree total iteration : 0
1 => Outcome : ReachedBound
1 =>: 0 <= UW iterations OR => 695
6 => new call tree total iteration : 0
6 => Outcome : ReachedBound
6 =>: 0 <= UW iterations OR => 659
8 => new call tree total iteration : 0
1 => new call tree total iteration : 0
4 => Outcome : ReachedBound
4 =>: 0 <= UW iterations OR => 649
8 => Outcome : ReachedBound
8 =>: 0 <= UW iterations OR => 708
6 => new call tree total iteration : 0
6 => Outcome : ReachedBound
6 =>: 0 <= UW iterations OR => 660
5 => Outcome : ReachedBound
5 =>: 0 <= UW iterations OR => 708
7 => Outcome : ReachedBound
7 =>: 0 <= UW iterations OR => 621
1 => Outcome : ReachedBound
1 =>: 0 <= UW iterations OR => 697
3 => Outcome : ReachedBound
3 =>: 0 <= UW iterations OR => 566
2 => Outcome : ReachedBound
2 =>: 0 <= UW iterations OR => 674
4 => new call tree total iteration : 0
6 => new call tree total iteration : 0
8 => new call tree total iteration : 0
5 => new call tree total iteration : 0
4 => Outcome : ReachedBound
4 =>: 0 <= UW iterations OR => 651
1 => new call tree total iteration : 0
7 => new call tree total iteration : 0
3 => new call tree total iteration : 0
2 => new call tree total iteration : 0
4 => new call tree total iteration : 0
7 => Outcome : ReachedBound
7 =>: 0 <= UW iterations OR => 626
7 => new call tree total iteration : 0
5 => Outcome : ReachedBound
5 =>: 0 <= UW iterations OR => 722
1 => Outcome : ReachedBound
1 =>: 0 <= UW iterations OR => 714
5 => new call tree total iteration : 0
3 => Outcome : ReachedBound
3 =>: 0 <= UW iterations OR => 579
8 => Outcome : ReachedBound
8 =>: 0 <= UW iterations OR => 730
4 => Outcome : ReachedBound
4 =>: 0 <= UW iterations OR => 666
6 => Outcome : ReachedBound
6 =>: 0 <= UW iterations OR => 682
7 => Outcome : ReachedBound
7 =>: 0 <= UW iterations OR => 635
1 => new call tree total iteration : 0
2 => Outcome : ReachedBound
2 =>: 0 <= UW iterations OR => 688
3 => new call tree total iteration : 0
3 => Outcome : ReachedBound
3 =>: 0 <= UW iterations OR => 580
1 => Outcome : ReachedBound
1 =>: 0 <= UW iterations OR => 716
5 => Outcome : ReachedBound
5 =>: 0 <= UW iterations OR => 729
4 => new call tree total iteration : 0
8 => new call tree total iteration : 0
6 => new call tree total iteration : 0
7 => new call tree total iteration : 0
4 => Outcome : ReachedBound
4 =>: 0 <= UW iterations OR => 667
2 => new call tree total iteration : 0
8 => Outcome : ReachedBound
8 =>: 0 <= UW iterations OR => 731
3 => new call tree total iteration : 0
6 => Outcome : ReachedBound
6 =>: 0 <= UW iterations OR => 684
7 => Outcome : ReachedBound
7 =>: 0 <= UW iterations OR => 636
3 => Outcome : ReachedBound
3 =>: 0 <= UW iterations OR => 583
2 => Outcome : ReachedBound
2 =>: 0 <= UW iterations OR => 691
1 => new call tree total iteration : 0
5 => new call tree total iteration : 0
4 => new call tree total iteration : 0
6 => new call tree total iteration : 0
8 => new call tree total iteration : 0
5 => Outcome : ReachedBound
5 =>: 0 <= UW iterations OR => 730
4 => Outcome : ReachedBound
4 =>: 0 <= UW iterations OR => 668
1 => Outcome : ReachedBound
1 =>: 0 <= UW iterations OR => 720
7 => new call tree total iteration : 0
3 => new call tree total iteration : 0
5 => new call tree total iteration : 0
2 => new call tree total iteration : 0
8 => Outcome : ReachedBound
8 =>: 0 <= UW iterations OR => 739
7 => Outcome : ReachedBound
7 =>: 0 <= UW iterations OR => 637
6 => Outcome : ReachedBound
6 =>: 0 <= UW iterations OR => 693
4 => new call tree total iteration : 0
1 => new call tree total iteration : 0
5 => Outcome : ReachedBound
5 =>: 0 <= UW iterations OR => 731
3 => Outcome : ReachedBound
3 =>: 0 <= UW iterations OR => 584
4 => Outcome : ReachedBound
4 =>: 0 <= UW iterations OR => 669
2 => Outcome : ReachedBound
2 =>: 0 <= UW iterations OR => 692
1 => Outcome : ReachedBound
1 =>: 0 <= UW iterations OR => 722
8 => new call tree total iteration : 0
7 => new call tree total iteration : 0
8 => Outcome : ReachedBound
8 =>: 0 <= UW iterations OR => 741
7 => Outcome : ReachedBound
7 =>: 0 <= UW iterations OR => 640
6 => new call tree total iteration : 0
5 => new call tree total iteration : 0
6 => Outcome : ReachedBound
6 =>: 0 <= UW iterations OR => 694
3 => new call tree total iteration : 0
5 => Outcome : ReachedBound
5 =>: 0 <= UW iterations OR => 732
3 => Outcome : ReachedBound
3 =>: 0 <= UW iterations OR => 586
4 => new call tree total iteration : 0
4 => Outcome : ReachedBound
4 =>: 0 <= UW iterations OR => 671
2 => new call tree total iteration : 0
2 => Outcome : ReachedBound
2 =>: 0 <= UW iterations OR => 694
1 => new call tree total iteration : 0
1 => Outcome : ReachedBound
1 =>: 0 <= UW iterations OR => 723
Verification Outcome : OK
Time Taken : 1194.488913
7 => new call tree total iteration : 0
6 => new call tree total iteration : 0
8 => new call tree total iteration : 0
4 => new call tree total iteration : 0
1 => new call tree total iteration : 0
5 => new call tree total iteration : 0
Verifying serial_markingqueuedirps_1.bpl.bpl
Corral program verifier version 1.0.0.0
Corral program verifier version 1.0.0.0
Corral program verifier version 1.0.0.0
Corral program verifier version 1.0.0.0
Corral program verifier version 1.0.0.0
Corral program verifier version 1.0.0.0
Corral program verifier version 1.0.0.0
Corral program verifier version 1.0.0.0
http://localhost:5002/
http://localhost:5002/
http://localhost:5002/
http://localhost:5002/
http://localhost:5002/
http://localhost:5002/
http://localhost:5002/
http://localhost:5002/
1 => Outcome : Correct
1 =>: 0 <= UW iterations OR => 3
2 => new call tree total iteration : 0
2 => Outcome : Correct
2 =>: 0 <= UW iterations OR => 2
3 => new call tree total iteration : 0
4 => new call tree total iteration : 0
3 => Outcome : Correct
3 =>: 0 <= UW iterations OR => 3
5 => new call tree total iteration : 0
6 => new call tree total iteration : 0
5 => Outcome : Correct
5 =>: 0 <= UW iterations OR => 2
7 => new call tree total iteration : 0
6 => Outcome : Correct
6 =>: 0 <= UW iterations OR => 3
1 => new call tree total iteration : 0
1 => Outcome : Correct
1 =>: 0 <= UW iterations OR => 4
2 => new call tree total iteration : 0
8 => new call tree total iteration : 0
7 => Outcome : Correct
7 =>: 0 <= UW iterations OR => 2
2 => Outcome : Correct
2 =>: 0 <= UW iterations OR => 4
5 => new call tree total iteration : 0
3 => new call tree total iteration : 0
6 => new call tree total iteration : 0
5 => Outcome : Correct
5 =>: 0 <= UW iterations OR => 4
1 => new call tree total iteration : 0
1 => Outcome : Correct
1 =>: 0 <= UW iterations OR => 5
7 => new call tree total iteration : 0
7 => Outcome : Correct
7 =>: 0 <= UW iterations OR => 3
2 => new call tree total iteration : 0
5 => new call tree total iteration : 0
2 => Outcome : Correct
2 =>: 0 <= UW iterations OR => 6
8 => Outcome : Correct
8 =>: 0 <= UW iterations OR => 8
5 => Outcome : Correct
5 =>: 0 <= UW iterations OR => 7
1 => new call tree total iteration : 0
7 => new call tree total iteration : 0
7 => Outcome : Correct
7 =>: 0 <= UW iterations OR => 4
2 => new call tree total iteration : 0
2 => Outcome : Correct
2 =>: 0 <= UW iterations OR => 8
8 => new call tree total iteration : 0
5 => new call tree total iteration : 0
7 => new call tree total iteration : 0
2 => new call tree total iteration : 0
6 => Outcome : Correct
6 =>: 0 <= UW iterations OR => 16
6 => new call tree total iteration : 0
3 => Outcome : Correct
3 =>: 0 <= UW iterations OR => 22
3 => new call tree total iteration : 0
3 => Outcome : Correct
3 =>: 0 <= UW iterations OR => 23
3 => new call tree total iteration : 0
3 => Outcome : Correct
3 =>: 0 <= UW iterations OR => 24
7 => Outcome : Correct
7 =>: 0 <= UW iterations OR => 20
7 => new call tree total iteration : 0
7 => Outcome : Correct
7 =>: 0 <= UW iterations OR => 21
3 => new call tree total iteration : 0
3 => Outcome : Correct
3 =>: 0 <= UW iterations OR => 25
7 => new call tree total iteration : 0
3 => new call tree total iteration : 0
7 => Outcome : Correct
7 =>: 0 <= UW iterations OR => 22
3 => Outcome : Correct
3 =>: 0 <= UW iterations OR => 26
7 => new call tree total iteration : 0
7 => Outcome : Correct
7 =>: 0 <= UW iterations OR => 23
3 => new call tree total iteration : 0
5 => Outcome : Correct
5 =>: 0 <= UW iterations OR => 32
1 => Outcome : Correct
1 =>: 0 <= UW iterations OR => 33
7 => new call tree total iteration : 0
2 => Outcome : Correct
2 =>: 0 <= UW iterations OR => 32
3 => Outcome : Correct
3 =>: 0 <= UW iterations OR => 28
5 => new call tree total iteration : 0
7 => Outcome : Correct
7 =>: 0 <= UW iterations OR => 25
2 => new call tree total iteration : 0
1 => new call tree total iteration : 0
8 => Outcome : ReachedBound
8 =>: 0 <= UW iterations OR => 39
7 => new call tree total iteration : 0
3 => new call tree total iteration : 0
8 => new call tree total iteration : 0
8 => Outcome : Correct
8 =>: 0 <= UW iterations OR => 40
8 => new call tree total iteration : 0
4 => Outcome : Correct
4 =>: 0 <= UW iterations OR => 118
4 => new call tree total iteration : 0
2 => Outcome : ReachedBound
2 =>: 0 <= UW iterations OR => 108
7 => Outcome : ReachedBound
7 =>: 0 <= UW iterations OR => 94
2 => new call tree total iteration : 0
8 => Outcome : ReachedBound
8 =>: 0 <= UW iterations OR => 114
7 => new call tree total iteration : 0
8 => new call tree total iteration : 0
1 => Outcome : ReachedBound
1 =>: 0 <= UW iterations OR => 136
6 => Outcome : ReachedBound
6 =>: 0 <= UW iterations OR => 149
1 => new call tree total iteration : 0
4 => Outcome : ReachedBound
4 =>: 0 <= UW iterations OR => 202
6 => new call tree total iteration : 0
3 => Outcome : ReachedBound
3 =>: 0 <= UW iterations OR => 144
2 => Outcome : ReachedBound
2 =>: 0 <= UW iterations OR => 141
4 => new call tree total iteration : 0
5 => Outcome : ReachedBound
5 =>: 0 <= UW iterations OR => 160
2 => new call tree total iteration : 0
5 => new call tree total iteration : 0
3 => new call tree total iteration : 0
7 => Outcome : ReachedBound
7 =>: 0 <= UW iterations OR => 141
1 => Outcome : ReachedBound
1 =>: 0 <= UW iterations OR => 164
8 => Outcome : ReachedBound
8 =>: 0 <= UW iterations OR => 161
4 => Outcome : ReachedBound
4 =>: 0 <= UW iterations OR => 220
8 => new call tree total iteration : 0
1 => new call tree total iteration : 0
7 => new call tree total iteration : 0
4 => new call tree total iteration : 0
3 => Outcome : ReachedBound
3 =>: 0 <= UW iterations OR => 164
6 => Outcome : ReachedBound
6 =>: 0 <= UW iterations OR => 173
7 => Outcome : ReachedBound
7 =>: 0 <= UW iterations OR => 152
5 => Outcome : ReachedBound
5 =>: 0 <= UW iterations OR => 194
6 => new call tree total iteration : 0
2 => Outcome : ReachedBound
2 =>: 0 <= UW iterations OR => 180
1 => Outcome : ReachedBound
1 =>: 0 <= UW iterations OR => 182
3 => new call tree total iteration : 0
5 => new call tree total iteration : 0
8 => Outcome : ReachedBound
8 =>: 0 <= UW iterations OR => 186
1 => new call tree total iteration : 0
2 => new call tree total iteration : 0
2 => Outcome : ReachedBound
2 =>: 0 <= UW iterations OR => 181
6 => Outcome : ReachedBound
6 =>: 0 <= UW iterations OR => 183
4 => Outcome : ReachedBound
4 =>: 0 <= UW iterations OR => 240
7 => new call tree total iteration : 0
7 => Outcome : ReachedBound
7 =>: 0 <= UW iterations OR => 153
5 => Outcome : ReachedBound
5 =>: 0 <= UW iterations OR => 196
3 => Outcome : ReachedBound
3 =>: 0 <= UW iterations OR => 166
1 => Outcome : ReachedBound
1 =>: 0 <= UW iterations OR => 184
8 => new call tree total iteration : 0
8 => Outcome : ReachedBound
8 =>: 0 <= UW iterations OR => 187
4 => new call tree total iteration : 0
6 => new call tree total iteration : 0
5 => new call tree total iteration : 0
2 => new call tree total iteration : 0
4 => Outcome : ReachedBound
4 =>: 0 <= UW iterations OR => 242
5 => Outcome : ReachedBound
5 =>: 0 <= UW iterations OR => 198
7 => new call tree total iteration : 0
6 => Outcome : ReachedBound
6 =>: 0 <= UW iterations OR => 185
2 => Outcome : ReachedBound
2 =>: 0 <= UW iterations OR => 183
3 => new call tree total iteration : 0
1 => new call tree total iteration : 0
7 => Outcome : ReachedBound
7 =>: 0 <= UW iterations OR => 156
8 => new call tree total iteration : 0
4 => new call tree total iteration : 0
5 => new call tree total iteration : 0
2 => new call tree total iteration : 0
3 => Outcome : ReachedBound
3 =>: 0 <= UW iterations OR => 182
7 => new call tree total iteration : 0
7 => Outcome : ReachedBound
7 =>: 0 <= UW iterations OR => 157
6 => new call tree total iteration : 0
1 => Outcome : ReachedBound
1 =>: 0 <= UW iterations OR => 199
4 => Outcome : ReachedBound
4 =>: 0 <= UW iterations OR => 247
8 => Outcome : ReachedBound
8 =>: 0 <= UW iterations OR => 194
3 => new call tree total iteration : 0
2 => Outcome : ReachedBound
2 =>: 0 <= UW iterations OR => 196
6 => Outcome : ReachedBound
6 =>: 0 <= UW iterations OR => 188
5 => Outcome : ReachedBound
5 =>: 0 <= UW iterations OR => 210
7 => new call tree total iteration : 0
1 => new call tree total iteration : 0
4 => new call tree total iteration : 0
4 => Outcome : ReachedBound
4 =>: 0 <= UW iterations OR => 248
8 => new call tree total iteration : 0
7 => Outcome : ReachedBound
7 =>: 0 <= UW iterations OR => 166
2 => new call tree total iteration : 0
2 => Outcome : ReachedBound
2 =>: 0 <= UW iterations OR => 197
5 => new call tree total iteration : 0
6 => new call tree total iteration : 0
3 => Outcome : ReachedBound
3 =>: 0 <= UW iterations OR => 196
8 => Outcome : ReachedBound
8 =>: 0 <= UW iterations OR => 199
4 => new call tree total iteration : 0
4 => Outcome : ReachedBound
4 =>: 0 <= UW iterations OR => 249
5 => Outcome : ReachedBound
5 =>: 0 <= UW iterations OR => 212
1 => Outcome : ReachedBound
1 =>: 0 <= UW iterations OR => 212
6 => Outcome : ReachedBound
6 =>: 0 <= UW iterations OR => 190
7 => new call tree total iteration : 0
7 => Outcome : ReachedBound
7 =>: 0 <= UW iterations OR => 167
2 => new call tree total iteration : 0
8 => new call tree total iteration : 0
3 => new call tree total iteration : 0
2 => Outcome : ReachedBound
2 =>: 0 <= UW iterations OR => 199
3 => Outcome : ReachedBound
3 =>: 0 <= UW iterations OR => 197
5 => new call tree total iteration : 0
4 => new call tree total iteration : 0
8 => Outcome : ReachedBound
8 =>: 0 <= UW iterations OR => 202
5 => Outcome : ReachedBound
5 =>: 0 <= UW iterations OR => 213
4 => Outcome : ReachedBound
4 =>: 0 <= UW iterations OR => 250
1 => new call tree total iteration : 0
6 => new call tree total iteration : 0
7 => new call tree total iteration : 0
6 => Outcome : ReachedBound
6 =>: 0 <= UW iterations OR => 192
1 => Outcome : ReachedBound
1 =>: 0 <= UW iterations OR => 215
7 => Outcome : ReachedBound
7 =>: 0 <= UW iterations OR => 169
3 => new call tree total iteration : 0
5 => new call tree total iteration : 0
2 => new call tree total iteration : 0
8 => new call tree total iteration : 0
3 => Outcome : ReachedBound
3 =>: 0 <= UW iterations OR => 199
2 => Outcome : ReachedBound
2 =>: 0 <= UW iterations OR => 201
5 => Outcome : ReachedBound
5 =>: 0 <= UW iterations OR => 215
8 => Outcome : ReachedBound
8 =>: 0 <= UW iterations OR => 204
4 => new call tree total iteration : 0
1 => new call tree total iteration : 0
6 => new call tree total iteration : 0
7 => new call tree total iteration : 0
4 => Outcome : ReachedBound
4 =>: 0 <= UW iterations OR => 252
1 => Outcome : ReachedBound
1 =>: 0 <= UW iterations OR => 217
6 => Outcome : ReachedBound
6 =>: 0 <= UW iterations OR => 195
7 => Outcome : ReachedBound
7 =>: 0 <= UW iterations OR => 171
3 => new call tree total iteration : 0
2 => new call tree total iteration : 0
5 => new call tree total iteration : 0
8 => new call tree total iteration : 0
3 => Outcome : ReachedBound
3 =>: 0 <= UW iterations OR => 201
4 => new call tree total iteration : 0
8 => Outcome : ReachedBound
8 =>: 0 <= UW iterations OR => 205
5 => Outcome : ReachedBound
5 =>: 0 <= UW iterations OR => 217
4 => Outcome : ReachedBound
4 =>: 0 <= UW iterations OR => 253
2 => Outcome : ReachedBound
2 =>: 0 <= UW iterations OR => 206
1 => new call tree total iteration : 0
6 => new call tree total iteration : 0
3 => new call tree total iteration : 0
3 => Outcome : ReachedBound
3 =>: 0 <= UW iterations OR => 202
7 => new call tree total iteration : 0
8 => new call tree total iteration : 0
6 => Outcome : ReachedBound
6 =>: 0 <= UW iterations OR => 197
5 => new call tree total iteration : 0
7 => Outcome : ReachedBound
7 =>: 0 <= UW iterations OR => 172
1 => Outcome : ReachedBound
1 =>: 0 <= UW iterations OR => 220
5 => Outcome : ReachedBound
5 =>: 0 <= UW iterations OR => 218
8 => Outcome : ReachedBound
8 =>: 0 <= UW iterations OR => 207
4 => new call tree total iteration : 0
2 => new call tree total iteration : 0
3 => new call tree total iteration : 0
6 => new call tree total iteration : 0
2 => Outcome : ReachedBound
2 =>: 0 <= UW iterations OR => 208
4 => Outcome : ReachedBound
4 =>: 0 <= UW iterations OR => 257
6 => Outcome : ReachedBound
6 =>: 0 <= UW iterations OR => 198
3 => Outcome : ReachedBound
3 =>: 0 <= UW iterations OR => 205
7 => new call tree total iteration : 0
1 => new call tree total iteration : 0
5 => new call tree total iteration : 0
8 => new call tree total iteration : 0
2 => new call tree total iteration : 0
7 => Outcome : ReachedBound
7 =>: 0 <= UW iterations OR => 174
5 => Outcome : ReachedBound
5 =>: 0 <= UW iterations OR => 219
8 => Outcome : ReachedBound
8 =>: 0 <= UW iterations OR => 208
4 => new call tree total iteration : 0
1 => Outcome : ReachedBound
1 =>: 0 <= UW iterations OR => 224
2 => Outcome : ReachedBound
2 =>: 0 <= UW iterations OR => 210
4 => Outcome : ReachedBound
4 =>: 0 <= UW iterations OR => 258
6 => new call tree total iteration : 0
3 => new call tree total iteration : 0
7 => new call tree total iteration : 0
5 => new call tree total iteration : 0
6 => Outcome : ReachedBound
6 =>: 0 <= UW iterations OR => 200
3 => Outcome : ReachedBound
3 =>: 0 <= UW iterations OR => 207
8 => new call tree total iteration : 0
7 => Outcome : ReachedBound
7 =>: 0 <= UW iterations OR => 175
5 => Outcome : ReachedBound
5 =>: 0 <= UW iterations OR => 220
8 => Outcome : ReachedBound
8 =>: 0 <= UW iterations OR => 209
1 => new call tree total iteration : 0
2 => new call tree total iteration : 0
1 => Outcome : ReachedBound
1 =>: 0 <= UW iterations OR => 225
2 => Outcome : ReachedBound
2 =>: 0 <= UW iterations OR => 212
4 => new call tree total iteration : 0
4 => Outcome : ReachedBound
4 =>: 0 <= UW iterations OR => 259
Verification Outcome : OK
Time Taken : 855.462301
3 => new call tree total iteration : 0
6 => new call tree total iteration : 0
8 => new call tree total iteration : 0
7 => new call tree total iteration : 0
2 => new call tree total iteration : 0
1 => new call tree total iteration : 0
