Verifying kbdclass_ioallocatefree_0.bpl.bpl
Corral program verifier version 1.0.0.0
http://localhost:5002/
1 => changing to UW
3 new total iteration => 2
1 => Popped From Local Stack
1 => 3 2
32 new total iteration => 31
1 => Popped From Local Stack
1 => 33 32
35 new total iteration => 34
1 => Popped From Local Stack
1 => 37 36
1 => changing to OR
1 => changing to UW
1 => changing to OR
1 => changing to UW
1 => changing to OR
47 new total iteration => 44
1 => Popped From Local Stack
1 => 50 48
1 => changing to UW
47 new total iteration => 46
1 => Popped From Local Stack
1 => 53 51
1 => changing to OR
47 new total iteration => 41
1 => Popped From Local Stack
1 => 54 51
1 => changing to UW
1 => changing to OR
1 => changing to UW
1 => changing to OR
1 => changing to UW
1 => changing to OR
1 => changing to UW
1 => changing to OR
55 new total iteration => 54
1 => Popped From Local Stack
1 => 68 64
1 => changing to UW
56 new total iteration => 55
1 => Popped From Local Stack
1 => 70 66
1 => changing to OR
1 => changing to UW
58 new total iteration => 57
1 => Popped From Local Stack
1 => 73 69
1 => changing to OR
1 => changing to UW
62 new total iteration => 61
1 => Popped From Local Stack
1 => 78 74
1 => changing to OR
1 => changing to UW
64 new total iteration => 63
1 => Popped From Local Stack
1 => 81 77
66 new total iteration => 65
1 => Popped From Local Stack
1 => 84 80
1 => changing to OR
1 => changing to UW
1 => changing to OR
68 new total iteration => 67
1 => Popped From Local Stack
1 => 87 82
1 => changing to UW
1 => changing to OR
1 => changing to UW
1 => changing to OR
1 => changing to UW
1 => changing to OR
1 => changing to UW
1 => changing to OR
1 => changing to UW
1 => changing to OR
79 new total iteration => 75
1 => Popped From Local Stack
1 => 99 93
1 => changing to UW
77 new total iteration => 76
1 => Popped From Local Stack
1 => 101 95
1 => changing to OR
1 => changing to UW
1 => changing to OR
79 new total iteration => 71
1 => Popped From Local Stack
1 => 104 97
72 new total iteration => 62
1 => Popped From Local Stack
1 => 105 97
1 => changing to UW
63 new total iteration => 60
1 => Popped From Local Stack
1 => 106 98
61 new total iteration => 58
1 => Popped From Local Stack
1 => 107 99
59 new total iteration => 53
1 => Popped From Local Stack
1 => 108 100
1 => changing to OR
54 new total iteration => 47
1 => Popped From Local Stack
1 => 109 100
1 => changing to UW
49 new total iteration => 48
1 => Popped From Local Stack
1 => 111 102
1 => changing to OR
49 new total iteration => 44
1 => Popped From Local Stack
1 => 112 102
1 => changing to UW
45 new total iteration => 42
1 => Popped From Local Stack
1 => 113 102
43 new total iteration => 38
1 => Popped From Local Stack
1 => 114 102
1 => changing to OR
1 => changing to UW
49 new total iteration => 47
1 => Popped From Local Stack
1 => 125 113
48 new total iteration => 44
1 => Popped From Local Stack
1 => 126 113
45 new total iteration => 42
1 => Popped From Local Stack
1 => 127 113
43 new total iteration => 39
1 => Popped From Local Stack
1 => 128 113
40 new total iteration => 36
1 => Popped From Local Stack
1 => 129 113
1 => changing to OR
1 => changing to UW
1 => changing to OR
48 new total iteration => 47
1 => Popped From Local Stack
1 => 141 124
1 => changing to UW
1 => changing to OR
52 new total iteration => 50
1 => Popped From Local Stack
1 => 146 128
1 => changing to UW
51 new total iteration => 44
1 => Popped From Local Stack
1 => 147 128
45 new total iteration => 43
1 => Popped From Local Stack
1 => 148 128
44 new total iteration => 41
1 => Popped From Local Stack
1 => 149 128
42 new total iteration => 39
1 => Popped From Local Stack
1 => 150 128
40 new total iteration => 37
1 => Popped From Local Stack
1 => 151 128
1 => changing to OR
1 => Outcome : ReachedBound
1 =>: 121 <= UW iterations OR => 31
Verification Outcome : OK
Time Taken : 598.958276
 new call tree total iteration => 38
1 => changing to UW
Verifying kbdclass_ioallocatefree_0.bpl.bpl
Corral program verifier version 1.0.0.0
http://localhost:5002/
1 => changing to UW
3 new total iteration => 2
1 => Popped From Local Stack
1 => 3 2
1 => changing to OR
32 new total iteration => 31
1 => Popped From Local Stack
1 => 33 31
1 => changing to UW
1 => changing to OR
35 new total iteration => 34
1 => Popped From Local Stack
1 => 37 34
1 => changing to UW
1 => changing to OR
1 => changing to UW
1 => changing to OR
1 => changing to UW
47 new total iteration => 44
1 => Popped From Local Stack
1 => 50 47
46 new total iteration => 45
1 => Popped From Local Stack
1 => 52 49
1 => changing to OR
47 new total iteration => 42
1 => Popped From Local Stack
1 => 54 50
1 => changing to UW
1 => changing to OR
1 => changing to UW
1 => changing to OR
1 => changing to UW
1 => changing to OR
55 new total iteration => 54
1 => Popped From Local Stack
1 => 67 62
1 => changing to UW
1 => changing to OR
56 new total iteration => 55
1 => Popped From Local Stack
1 => 69 63
1 => changing to UW
57 new total iteration => 56
1 => Popped From Local Stack
1 => 71 65
1 => changing to OR
1 => changing to UW
1 => changing to OR
1 => changing to UW
1 => changing to OR
1 => changing to UW
69 new total iteration => 68
1 => Popped From Local Stack
1 => 84 78
1 => changing to OR
70 new total iteration => 69
1 => Popped From Local Stack
1 => 86 79
1 => changing to UW
1 => changing to OR
73 new total iteration => 72
1 => Popped From Local Stack
1 => 90 82
1 => changing to UW
75 new total iteration => 74
1 => Popped From Local Stack
1 => 93 85
1 => changing to OR
1 => changing to UW
1 => changing to OR
1 => changing to UW
1 => changing to OR
83 new total iteration => 82
1 => Popped From Local Stack
1 => 102 93
83 new total iteration => 76
1 => Popped From Local Stack
1 => 103 93
77 new total iteration => 65
1 => Popped From Local Stack
1 => 104 93
1 => changing to UW
66 new total iteration => 60
1 => Popped From Local Stack
1 => 105 94
61 new total iteration => 57
1 => Popped From Local Stack
1 => 106 95
1 => changing to OR
58 new total iteration => 49
1 => Popped From Local Stack
1 => 107 95
1 => changing to UW
51 new total iteration => 50
1 => Popped From Local Stack
1 => 109 97
51 new total iteration => 46
1 => Popped From Local Stack
1 => 110 97
47 new total iteration => 43
1 => Popped From Local Stack
1 => 111 98
44 new total iteration => 39
1 => Popped From Local Stack
1 => 112 99
1 => changing to OR
1 => changing to UW
1 => changing to OR
1 => changing to UW
1 => changing to OR
1 => changing to UW
1 => changing to OR
58 new total iteration => 57
1 => Popped From Local Stack
1 => 131 117
58 new total iteration => 52
1 => Popped From Local Stack
1 => 132 117
53 new total iteration => 46
1 => Popped From Local Stack
1 => 133 117
47 new total iteration => 43
1 => Popped From Local Stack
1 => 134 117
1 => changing to UW
44 new total iteration => 36
1 => Popped From Local Stack
1 => 135 117
1 => changing to OR
1 => changing to UW
1 => changing to OR
1 => changing to UW
1 => changing to OR
1 => changing to UW
1 => changing to OR
50 new total iteration => 45
1 => Popped From Local Stack
1 => 149 130
1 => changing to UW
1 => changing to OR
1 => changing to UW
1 => changing to OR
1 => changing to UW
55 new total iteration => 54
1 => Popped From Local Stack
1 => 159 140
1 => changing to OR
1 => changing to UW
1 => changing to OR
59 new total iteration => 47
1 => Popped From Local Stack
1 => 164 144
48 new total iteration => 44
1 => Popped From Local Stack
1 => 165 144
1 => changing to UW
45 new total iteration => 43
1 => Popped From Local Stack
1 => 166 144
44 new total iteration => 41
1 => Popped From Local Stack
1 => 167 144
1 => changing to OR
42 new total iteration => 39
1 => Popped From Local Stack
1 => 168 144
1 => changing to UW
1 => Outcome : ReachedBound
1 =>: 109 <= UW iterations OR => 60
Verification Outcome : OK
Time Taken : 536.712403
 new call tree total iteration => 40
1 => changing to UW
Verifying kbdclass_ioallocatefree_0.bpl.bpl
Corral program verifier version 1.0.0.0
http://localhost:5002/
1 => changing to UW
3 new total iteration => 2
1 => Popped From Local Stack
1 => 3 2
1 => changing to OR
1 => changing to UW
1 => changing to OR
33 new total iteration => 32
1 => Popped From Local Stack
1 => 34 32
1 => changing to UW
36 new total iteration => 35
1 => Popped From Local Stack
1 => 38 36
1 => changing to OR
45 new total iteration => 43
1 => Popped From Local Stack
1 => 48 45
1 => changing to UW
1 => changing to OR
45 new total iteration => 41
1 => Popped From Local Stack
1 => 50 46
1 => changing to UW
1 => changing to OR
1 => changing to UW
1 => changing to OR
1 => changing to UW
1 => changing to OR
1 => changing to UW
59 new total iteration => 58
1 => Popped From Local Stack
1 => 68 64
1 => changing to OR
1 => changing to UW
1 => changing to OR
64 new total iteration => 63
1 => Popped From Local Stack
1 => 74 69
69 new total iteration => 68
1 => Popped From Local Stack
1 => 80 74
1 => changing to UW
1 => changing to OR
1 => changing to UW
1 => changing to OR
1 => changing to UW
1 => changing to OR
104 new total iteration => 98
1 => Popped From Local Stack
1 => 116 109
99 new total iteration => 89
1 => Popped From Local Stack
1 => 117 109
90 new total iteration => 79
1 => Popped From Local Stack
1 => 118 109
80 new total iteration => 54
1 => Popped From Local Stack
1 => 119 109
1 => changing to UW
1 => changing to OR
56 new total iteration => 55
1 => Popped From Local Stack
1 => 121 110
1 => changing to UW
56 new total iteration => 45
1 => Popped From Local Stack
1 => 122 110
1 => changing to OR
46 new total iteration => 42
1 => Popped From Local Stack
1 => 123 110
1 => changing to UW
43 new total iteration => 39
1 => Popped From Local Stack
1 => 124 110
1 => changing to OR
1 => changing to UW
1 => changing to OR
1 => changing to UW
1 => changing to OR
1 => changing to UW
1 => changing to OR
1 => changing to UW
1 => changing to OR
57 new total iteration => 56
1 => Popped From Local Stack
1 => 142 127
57 new total iteration => 50
1 => Popped From Local Stack
1 => 143 127
51 new total iteration => 44
1 => Popped From Local Stack
1 => 144 127
45 new total iteration => 40
1 => Popped From Local Stack
1 => 145 127
41 new total iteration => 37
1 => Popped From Local Stack
1 => 146 127
1 => changing to UW
1 => changing to OR
1 => changing to UW
1 => changing to OR
1 => changing to UW
1 => changing to OR
1 => changing to UW
1 => changing to OR
1 => changing to UW
55 new total iteration => 54
1 => Popped From Local Stack
1 => 164 145
1 => changing to OR
1 => changing to UW
1 => changing to OR
64 new total iteration => 61
1 => Popped From Local Stack
1 => 174 154
62 new total iteration => 47
1 => Popped From Local Stack
1 => 175 154
1 => changing to UW
48 new total iteration => 43
1 => Popped From Local Stack
1 => 176 154
44 new total iteration => 41
1 => Popped From Local Stack
1 => 177 154
1 => changing to OR
42 new total iteration => 39
1 => Popped From Local Stack
1 => 178 154
1 => changing to UW
1 => Outcome : ReachedBound
1 =>: 84 <= UW iterations OR => 95
 new call tree total iteration => 40
1 => changing to UW
Verification Outcome : OK
Time Taken : 431.809415
Verifying kbdclass_ioallocateirpsignaleventincompletion_0.bpl.bpl
Corral program verifier version 1.0.0.0
http://localhost:5002/
1 => changing to UW
3 new total iteration => 2
1 => Popped From Local Stack
1 => 3 2
29 new total iteration => 28
1 => Popped From Local Stack
1 => 30 29
1 => changing to OR
1 => changing to UW
34 new total iteration => 33
1 => Popped From Local Stack
1 => 36 35
1 => changing to OR
1 => changing to UW
46 new total iteration => 45
1 => Popped From Local Stack
1 => 49 48
47 new total iteration => 40
1 => Popped From Local Stack
1 => 51 50
49 new total iteration => 48
1 => Popped From Local Stack
1 => 60 59
1 => changing to OR
1 => changing to UW
1 => changing to OR
1 => changing to UW
62 new total iteration => 61
1 => Popped From Local Stack
1 => 74 73
1 => changing to OR
62 new total iteration => 58
1 => Popped From Local Stack
1 => 75 73
1 => changing to UW
62 new total iteration => 59
1 => Popped From Local Stack
1 => 79 77
1 => changing to OR
61 new total iteration => 60
1 => Popped From Local Stack
1 => 81 78
1 => changing to UW
62 new total iteration => 55
1 => Popped From Local Stack
1 => 83 80
56 new total iteration => 51
1 => Popped From Local Stack
1 => 84 80
52 new total iteration => 44
1 => Popped From Local Stack
1 => 85 80
1 => changing to OR
1 => changing to UW
1 => changing to OR
1 => changing to UW
1 => changing to OR
57 new total iteration => 56
1 => Popped From Local Stack
1 => 98 92
1 => changing to UW
57 new total iteration => 53
1 => Popped From Local Stack
1 => 99 92
1 => changing to OR
54 new total iteration => 50
1 => Popped From Local Stack
1 => 100 92
1 => changing to UW
51 new total iteration => 45
1 => Popped From Local Stack
1 => 101 92
46 new total iteration => 42
1 => Popped From Local Stack
1 => 102 92
43 new total iteration => 36
1 => Popped From Local Stack
1 => 103 92
1 => changing to OR
1 => changing to UW
68 new total iteration => 61
1 => Popped From Local Stack
1 => 135 124
62 new total iteration => 53
1 => Popped From Local Stack
1 => 136 125
54 new total iteration => 46
1 => Popped From Local Stack
1 => 137 126
47 new total iteration => 43
1 => Popped From Local Stack
1 => 138 126
44 new total iteration => 40
1 => Popped From Local Stack
1 => 139 126
41 new total iteration => 37
1 => Popped From Local Stack
1 => 140 126
1 => changing to OR
1 => Outcome : ReachedBound
1 =>: 128 <= UW iterations OR => 13
Verification Outcome : OK
Time Taken : 383.089424
 new call tree total iteration => 38
1 => changing to UW
Verifying kbdclass_ioallocateirpsignaleventincompletion_0.bpl.bpl
Corral program verifier version 1.0.0.0
http://localhost:5002/
1 => changing to UW
3 new total iteration => 2
1 => Popped From Local Stack
1 => 3 2
29 new total iteration => 28
1 => Popped From Local Stack
1 => 30 29
33 new total iteration => 32
1 => Popped From Local Stack
1 => 35 34
1 => changing to OR
1 => changing to UW
1 => changing to OR
40 new total iteration => 38
1 => Popped From Local Stack
1 => 43 41
1 => changing to UW
1 => changing to OR
1 => changing to UW
47 new total iteration => 46
1 => Popped From Local Stack
1 => 52 50
1 => changing to OR
1 => changing to UW
1 => changing to OR
1 => changing to UW
1 => changing to OR
1 => changing to UW
1 => changing to OR
1 => changing to UW
1 => changing to OR
1 => changing to UW
1 => changing to OR
1 => changing to UW
1 => changing to OR
74 new total iteration => 68
1 => Popped From Local Stack
1 => 80 77
1 => changing to UW
1 => changing to OR
70 new total iteration => 69
1 => Popped From Local Stack
1 => 82 78
70 new total iteration => 62
1 => Popped From Local Stack
1 => 83 78
1 => changing to UW
63 new total iteration => 57
1 => Popped From Local Stack
1 => 84 78
1 => changing to OR
58 new total iteration => 50
1 => Popped From Local Stack
1 => 85 78
1 => changing to UW
51 new total iteration => 40
1 => Popped From Local Stack
1 => 86 78
1 => changing to OR
1 => changing to UW
1 => changing to OR
1 => changing to UW
1 => changing to OR
1 => changing to UW
1 => changing to OR
1 => changing to UW
1 => changing to OR
59 new total iteration => 57
1 => Popped From Local Stack
1 => 105 96
1 => changing to UW
1 => changing to OR
59 new total iteration => 58
1 => Popped From Local Stack
1 => 107 97
1 => changing to UW
60 new total iteration => 53
1 => Popped From Local Stack
1 => 109 99
54 new total iteration => 47
1 => Popped From Local Stack
1 => 110 99
48 new total iteration => 43
1 => Popped From Local Stack
1 => 111 99
44 new total iteration => 35
1 => Popped From Local Stack
1 => 112 99
1 => changing to OR
1 => changing to UW
1 => changing to OR
1 => changing to UW
1 => changing to OR
1 => changing to UW
1 => changing to OR
1 => changing to UW
1 => changing to OR
63 new total iteration => 58
1 => Popped From Local Stack
1 => 140 126
59 new total iteration => 50
1 => Popped From Local Stack
1 => 141 126
1 => changing to UW
51 new total iteration => 39
1 => Popped From Local Stack
1 => 142 127
40 new total iteration => 36
1 => Popped From Local Stack
1 => 143 128
1 => changing to OR
1 => Outcome : ReachedBound
1 =>: 104 <= UW iterations OR => 40
Verification Outcome : OK
Time Taken : 307.424858
 new call tree total iteration => 37
1 => changing to UW
Verifying kbdclass_ioallocateirpsignaleventincompletion_0.bpl.bpl
Corral program verifier version 1.0.0.0
http://localhost:5002/
1 => changing to UW
3 new total iteration => 2
1 => Popped From Local Stack
1 => 3 2
29 new total iteration => 28
1 => Popped From Local Stack
1 => 30 29
1 => changing to OR
1 => changing to UW
34 new total iteration => 33
1 => Popped From Local Stack
1 => 36 35
1 => changing to OR
1 => changing to UW
1 => changing to OR
42 new total iteration => 39
1 => Popped From Local Stack
1 => 45 43
1 => changing to UW
1 => changing to OR
1 => changing to UW
1 => changing to OR
1 => changing to UW
51 new total iteration => 50
1 => Popped From Local Stack
1 => 57 55
1 => changing to OR
1 => changing to UW
1 => changing to OR
1 => changing to UW
1 => changing to OR
1 => changing to UW
1 => changing to OR
1 => changing to UW
1 => changing to OR
1 => changing to UW
68 new total iteration => 65
1 => Popped From Local Stack
1 => 75 73
1 => changing to OR
68 new total iteration => 66
1 => Popped From Local Stack
1 => 78 75
1 => changing to UW
1 => changing to OR
68 new total iteration => 61
1 => Popped From Local Stack
1 => 80 76
62 new total iteration => 56
1 => Popped From Local Stack
1 => 81 76
1 => changing to UW
57 new total iteration => 44
1 => Popped From Local Stack
1 => 82 76
1 => changing to OR
1 => changing to UW
1 => changing to OR
1 => changing to UW
1 => changing to OR
1 => changing to UW
1 => changing to OR
1 => changing to UW
1 => changing to OR
1 => changing to UW
62 new total iteration => 59
1 => Popped From Local Stack
1 => 100 94
1 => changing to OR
60 new total iteration => 55
1 => Popped From Local Stack
1 => 101 94
1 => changing to UW
56 new total iteration => 50
1 => Popped From Local Stack
1 => 102 94
51 new total iteration => 45
1 => Popped From Local Stack
1 => 103 94
1 => changing to OR
46 new total iteration => 41
1 => Popped From Local Stack
1 => 104 94
1 => changing to UW
42 new total iteration => 36
1 => Popped From Local Stack
1 => 105 94
1 => changing to OR
1 => changing to UW
1 => changing to OR
1 => changing to UW
1 => changing to OR
1 => changing to UW
1 => changing to OR
1 => changing to UW
1 => changing to OR
1 => changing to UW
1 => changing to OR
1 => changing to UW
1 => changing to OR
63 new total iteration => 61
1 => Popped From Local Stack
1 => 132 120
62 new total iteration => 49
1 => Popped From Local Stack
1 => 133 120
50 new total iteration => 37
1 => Popped From Local Stack
1 => 134 120
1 => Outcome : ReachedBound
1 =>: 98 <= UW iterations OR => 37
Verification Outcome : OK
Time Taken : 279.322922
 new call tree total iteration => 38
1 => changing to UW
Verifying mouser_ioallocateirpsignaleventincompletion_0.bpl.bpl
Corral program verifier version 1.0.0.0
http://localhost:5002/
1 => changing to UW
3 new total iteration => 2
1 => Popped From Local Stack
1 => 3 2
1 => changing to OR
1 => changing to UW
42 new total iteration => 41
1 => Popped From Local Stack
1 => 43 42
1 => changing to OR
1 => changing to UW
47 new total iteration => 46
1 => Popped From Local Stack
1 => 49 48
1 => changing to OR
1 => changing to UW
1 => changing to OR
1 => changing to UW
1 => changing to OR
1 => changing to UW
1 => changing to OR
1 => changing to UW
1 => changing to OR
1 => changing to UW
1 => changing to OR
1 => changing to UW
1 => changing to OR
1 => changing to UW
1 => changing to OR
1 => changing to UW
1 => changing to OR
1 => changing to UW
1 => changing to OR
1 => changing to UW
1 => changing to OR
1 => changing to UW
1 => changing to OR
1 => changing to UW
1 => changing to OR
1 => changing to UW
98 new total iteration => 88
1 => Popped From Local Stack
1 => 101 100
1 => changing to OR
1 => changing to UW
1 => changing to OR
1 => changing to UW
1 => changing to OR
1 => changing to UW
1 => changing to OR
97 new total iteration => 92
1 => Popped From Local Stack
1 => 110 108
93 new total iteration => 80
1 => Popped From Local Stack
1 => 111 108
1 => changing to UW
81 new total iteration => 70
1 => Popped From Local Stack
1 => 112 109
1 => changing to OR
1 => changing to UW
1 => changing to OR
81 new total iteration => 80
1 => Popped From Local Stack
1 => 123 119
81 new total iteration => 61
1 => Popped From Local Stack
1 => 124 119
1 => changing to UW
1 => changing to OR
1 => changing to UW
1 => changing to OR
1 => changing to UW
1 => changing to OR
1 => changing to UW
80 new total iteration => 75
1 => Popped From Local Stack
1 => 143 138
1 => changing to OR
76 new total iteration => 67
1 => Popped From Local Stack
1 => 144 138
68 new total iteration => 56
1 => Popped From Local Stack
1 => 145 138
1 => changing to UW
1 => changing to OR
1 => changing to UW
1 => changing to OR
1 => changing to UW
1 => changing to OR
1 => changing to UW
1 => changing to OR
1 => changing to UW
1 => changing to OR
1 => changing to UW
1 => changing to OR
1 => changing to UW
1 => changing to OR
1 => changing to UW
1 => changing to OR
1 => changing to UW
104 new total iteration => 102
1 => Popped From Local Stack
1 => 193 186
1 => changing to OR
1 => changing to UW
1 => changing to OR
1 => changing to UW
1 => changing to OR
1 => changing to UW
1 => changing to OR
1 => changing to UW
1 => changing to OR
1 => changing to UW
1 => changing to OR
1 => changing to UW
1 => changing to OR
1 => changing to UW
1 => changing to OR
1 => changing to UW
1 => changing to OR
129 new total iteration => 125
1 => Popped From Local Stack
1 => 220 212
126 new total iteration => 113
1 => Popped From Local Stack
1 => 221 212
114 new total iteration => 93
1 => Popped From Local Stack
1 => 222 212
1 => changing to UW
1 => changing to OR
95 new total iteration => 83
1 => Popped From Local Stack
1 => 224 213
1 => changing to UW
84 new total iteration => 76
1 => Popped From Local Stack
1 => 225 213
77 new total iteration => 69
1 => Popped From Local Stack
1 => 226 213
70 new total iteration => 64
1 => Popped From Local Stack
1 => 227 213
1 => changing to OR
65 new total iteration => 59
1 => Popped From Local Stack
1 => 228 213
1 => changing to UW
60 new total iteration => 52
1 => Popped From Local Stack
1 => 229 213
1 => changing to OR
1 => changing to UW
1 => changing to OR
1 => changing to UW
1 => changing to OR
1 => changing to UW
1 => changing to OR
1 => changing to UW
1 => changing to OR
1 => changing to UW
1 => changing to OR
1 => changing to UW
1 => changing to OR
1 => changing to UW
1 => changing to OR
1 => changing to UW
1 => changing to OR
1 => changing to UW
1 => changing to OR
1 => changing to UW
1 => changing to OR
1 => changing to UW
1 => changing to OR
101 new total iteration => 95
1 => Popped From Local Stack
1 => 278 261
96 new total iteration => 88
1 => Popped From Local Stack
1 => 279 261
1 => changing to UW
1 => changing to OR
94 new total iteration => 90
1 => Popped From Local Stack
1 => 285 266
91 new total iteration => 84
1 => Popped From Local Stack
1 => 286 266
85 new total iteration => 76
1 => Popped From Local Stack
1 => 287 266
1 => changing to UW
77 new total iteration => 70
1 => Popped From Local Stack
1 => 288 267
1 => changing to OR
71 new total iteration => 63
1 => Popped From Local Stack
1 => 289 267
1 => changing to UW
64 new total iteration => 56
1 => Popped From Local Stack
1 => 290 268
57 new total iteration => 53
1 => Popped From Local Stack
1 => 291 268
1 => Outcome : ReachedBound
1 =>: 195 <= UW iterations OR => 97
Verification Outcome : OK
Time Taken : 381.2061
 new call tree total iteration => 54
1 => changing to UW
Verifying mouser_ioallocateirpsignaleventincompletion_0.bpl.bpl
Corral program verifier version 1.0.0.0
http://localhost:5002/
1 => changing to UW
3 new total iteration => 2
1 => Popped From Local Stack
1 => 3 2
1 => changing to OR
1 => changing to UW
1 => changing to OR
42 new total iteration => 41
1 => Popped From Local Stack
1 => 43 41
1 => changing to UW
1 => changing to OR
1 => changing to UW
1 => changing to OR
1 => changing to UW
1 => changing to OR
48 new total iteration => 47
1 => Popped From Local Stack
1 => 50 47
1 => changing to UW
1 => changing to OR
1 => changing to UW
1 => changing to OR
1 => changing to UW
1 => changing to OR
1 => changing to UW
1 => changing to OR
1 => changing to UW
1 => changing to OR
1 => changing to UW
1 => changing to OR
1 => changing to UW
1 => changing to OR
1 => changing to UW
1 => changing to OR
1 => changing to UW
1 => changing to OR
1 => changing to UW
1 => changing to OR
1 => changing to UW
1 => changing to OR
1 => changing to UW
1 => changing to OR
1 => changing to UW
1 => changing to OR
1 => changing to UW
1 => changing to OR
1 => changing to UW
106 new total iteration => 103
1 => Popped From Local Stack
1 => 109 106
1 => changing to OR
104 new total iteration => 89
1 => Popped From Local Stack
1 => 110 106
90 new total iteration => 79
1 => Popped From Local Stack
1 => 111 106
1 => changing to UW
80 new total iteration => 68
1 => Popped From Local Stack
1 => 112 107
1 => changing to OR
1 => changing to UW
1 => changing to OR
78 new total iteration => 60
1 => Popped From Local Stack
1 => 122 116
1 => changing to UW
1 => changing to OR
1 => changing to UW
1 => changing to OR
1 => changing to UW
1 => changing to OR
1 => changing to UW
82 new total iteration => 72
1 => Popped From Local Stack
1 => 144 138
73 new total iteration => 62
1 => Popped From Local Stack
1 => 145 138
63 new total iteration => 55
1 => Popped From Local Stack
1 => 146 138
1 => changing to OR
1 => changing to UW
1 => changing to OR
1 => changing to UW
1 => changing to OR
1 => changing to UW
1 => changing to OR
1 => changing to UW
1 => changing to OR
1 => changing to UW
1 => changing to OR
1 => changing to UW
1 => changing to OR
1 => changing to UW
1 => changing to OR
1 => changing to UW
1 => changing to OR
1 => changing to UW
1 => changing to OR
1 => changing to UW
1 => changing to OR
1 => changing to UW
1 => changing to OR
110 new total iteration => 100
1 => Popped From Local Stack
1 => 201 192
1 => changing to UW
1 => changing to OR
1 => changing to UW
1 => changing to OR
1 => changing to UW
1 => changing to OR
1 => changing to UW
1 => changing to OR
1 => changing to UW
1 => changing to OR
1 => changing to UW
1 => changing to OR
122 new total iteration => 117
1 => Popped From Local Stack
1 => 223 213
118 new total iteration => 105
1 => Popped From Local Stack
1 => 224 213
106 new total iteration => 88
1 => Popped From Local Stack
1 => 225 213
1 => changing to UW
92 new total iteration => 78
1 => Popped From Local Stack
1 => 229 217
79 new total iteration => 67
1 => Popped From Local Stack
1 => 230 217
1 => changing to OR
68 new total iteration => 62
1 => Popped From Local Stack
1 => 231 217
63 new total iteration => 57
1 => Popped From Local Stack
1 => 232 217
1 => changing to UW
58 new total iteration => 50
1 => Popped From Local Stack
1 => 233 217
1 => changing to OR
1 => changing to UW
1 => changing to OR
1 => changing to UW
1 => changing to OR
1 => changing to UW
1 => changing to OR
1 => changing to UW
1 => changing to OR
1 => changing to UW
1 => changing to OR
1 => changing to UW
1 => changing to OR
1 => changing to UW
1 => changing to OR
1 => changing to UW
1 => changing to OR
1 => changing to UW
1 => changing to OR
1 => changing to UW
1 => changing to OR
1 => changing to UW
1 => changing to OR
103 new total iteration => 102
1 => Popped From Local Stack
1 => 286 269
103 new total iteration => 94
1 => Popped From Local Stack
1 => 287 269
1 => changing to UW
95 new total iteration => 86
1 => Popped From Local Stack
1 => 288 269
87 new total iteration => 76
1 => Popped From Local Stack
1 => 289 269
1 => changing to OR
77 new total iteration => 65
1 => Popped From Local Stack
1 => 290 269
1 => changing to UW
66 new total iteration => 58
1 => Popped From Local Stack
1 => 291 269
1 => changing to OR
59 new total iteration => 51
1 => Popped From Local Stack
1 => 292 269
1 => changing to UW
1 => Outcome : ReachedBound
1 =>: 149 <= UW iterations OR => 144
Verification Outcome : OK
Time Taken : 317.393772
 new call tree total iteration => 52
1 => changing to UW
Verifying mouser_ioallocateirpsignaleventincompletion_0.bpl.bpl
Corral program verifier version 1.0.0.0
http://localhost:5002/
1 => changing to UW
3 new total iteration => 2
1 => Popped From Local Stack
1 => 3 2
1 => changing to OR
1 => changing to UW
1 => changing to OR
1 => changing to UW
1 => changing to OR
43 new total iteration => 42
1 => Popped From Local Stack
1 => 44 42
1 => changing to UW
1 => changing to OR
1 => changing to UW
53 new total iteration => 52
1 => Popped From Local Stack
1 => 55 53
1 => changing to OR
1 => changing to UW
1 => changing to OR
1 => changing to UW
1 => changing to OR
1 => changing to UW
1 => changing to OR
1 => changing to UW
1 => changing to OR
1 => changing to UW
1 => changing to OR
1 => changing to UW
1 => changing to OR
1 => changing to UW
1 => changing to OR
116 new total iteration => 98
1 => Popped From Local Stack
1 => 119 116
99 new total iteration => 83
1 => Popped From Local Stack
1 => 120 116
1 => changing to UW
85 new total iteration => 84
1 => Popped From Local Stack
1 => 122 118
1 => changing to OR
1 => changing to UW
1 => changing to OR
94 new total iteration => 70
1 => Popped From Local Stack
1 => 132 127
1 => changing to UW
1 => changing to OR
1 => changing to UW
1 => changing to OR
1 => changing to UW
1 => changing to OR
1 => changing to UW
1 => changing to OR
1 => changing to UW
1 => changing to OR
1 => changing to UW
1 => changing to OR
136 new total iteration => 129
1 => Popped From Local Stack
1 => 198 192
138 new total iteration => 137
1 => Popped From Local Stack
1 => 207 200
138 new total iteration => 114
1 => Popped From Local Stack
1 => 208 200
1 => changing to UW
1 => changing to OR
130 new total iteration => 127
1 => Popped From Local Stack
1 => 224 215
128 new total iteration => 103
1 => Popped From Local Stack
1 => 225 215
104 new total iteration => 89
1 => Popped From Local Stack
1 => 226 215
90 new total iteration => 78
1 => Popped From Local Stack
1 => 227 215
1 => changing to UW
79 new total iteration => 63
1 => Popped From Local Stack
1 => 228 215
1 => changing to OR
1 => changing to UW
1 => changing to OR
1 => changing to UW
1 => changing to OR
1 => changing to UW
1 => changing to OR
1 => changing to UW
1 => changing to OR
1 => changing to UW
1 => changing to OR
89 new total iteration => 87
1 => Popped From Local Stack
1 => 254 240
88 new total iteration => 71
1 => Popped From Local Stack
1 => 255 240
72 new total iteration => 58
1 => Popped From Local Stack
1 => 256 240
1 => changing to UW
1 => changing to OR
1 => changing to UW
1 => changing to OR
1 => changing to UW
1 => changing to OR
1 => changing to UW
1 => changing to OR
131 new total iteration => 119
1 => Popped From Local Stack
1 => 329 312
120 new total iteration => 103
1 => Popped From Local Stack
1 => 330 312
104 new total iteration => 88
1 => Popped From Local Stack
1 => 331 312
89 new total iteration => 73
1 => Popped From Local Stack
1 => 332 312
1 => changing to UW
1 => Outcome : ReachedBound
1 =>: 84 <= UW iterations OR => 249
 new call tree total iteration => 74
Verification Outcome : OK
Time Taken : 254.984903
1 => changing to OR
Verifying mouser_ioallocateirpsignaleventincompletion_1.bpl.bpl
Corral program verifier version 1.0.0.0
http://localhost:5002/
1 => changing to UW
3 new total iteration => 2
1 => Popped From Local Stack
1 => 3 2
1 => changing to OR
1 => changing to UW
1 => changing to OR
1 => changing to UW
44 new total iteration => 43
1 => Popped From Local Stack
1 => 45 44
1 => changing to OR
1 => changing to UW
49 new total iteration => 48
1 => Popped From Local Stack
1 => 51 50
1 => changing to OR
1 => changing to UW
1 => changing to OR
1 => changing to UW
1 => changing to OR
1 => changing to UW
1 => changing to OR
1 => changing to UW
1 => changing to OR
1 => changing to UW
1 => changing to OR
1 => changing to UW
1 => changing to OR
1 => changing to UW
1 => changing to OR
1 => changing to UW
1 => changing to OR
1 => changing to UW
1 => changing to OR
1 => changing to UW
1 => changing to OR
1 => changing to UW
1 => changing to OR
1 => changing to UW
1 => changing to OR
1 => changing to UW
1 => changing to OR
1 => changing to UW
1 => changing to OR
1 => changing to UW
1 => changing to OR
1 => changing to UW
1 => changing to OR
1 => changing to UW
1 => changing to OR
108 new total iteration => 93
1 => Popped From Local Stack
1 => 111 109
1 => changing to UW
1 => changing to OR
99 new total iteration => 94
1 => Popped From Local Stack
1 => 117 114
1 => changing to UW
95 new total iteration => 86
1 => Popped From Local Stack
1 => 118 114
1 => changing to OR
87 new total iteration => 78
1 => Popped From Local Stack
1 => 119 114
1 => changing to UW
79 new total iteration => 67
1 => Popped From Local Stack
1 => 120 115
1 => changing to OR
1 => changing to UW
74 new total iteration => 60
1 => Popped From Local Stack
1 => 127 122
1 => changing to OR
1 => changing to UW
1 => changing to OR
1 => changing to UW
1 => changing to OR
1 => changing to UW
1 => changing to OR
1 => changing to UW
78 new total iteration => 68
1 => Popped From Local Stack
1 => 145 140
69 new total iteration => 61
1 => Popped From Local Stack
1 => 146 140
1 => changing to OR
62 new total iteration => 55
1 => Popped From Local Stack
1 => 147 140
1 => changing to UW
1 => changing to OR
1 => changing to UW
1 => changing to OR
1 => changing to UW
1 => changing to OR
1 => changing to UW
1 => changing to OR
1 => changing to UW
1 => changing to OR
1 => changing to UW
1 => changing to OR
1 => changing to UW
1 => changing to OR
1 => changing to UW
1 => changing to OR
1 => changing to UW
1 => changing to OR
1 => changing to UW
1 => changing to OR
1 => changing to UW
1 => changing to OR
1 => changing to UW
1 => changing to OR
103 new total iteration => 98
1 => Popped From Local Stack
1 => 195 187
1 => changing to UW
1 => changing to OR
102 new total iteration => 91
1 => Popped From Local Stack
1 => 199 190
1 => changing to UW
1 => changing to OR
1 => changing to UW
1 => changing to OR
1 => changing to UW
1 => changing to OR
1 => changing to UW
1 => changing to OR
1 => changing to UW
1 => changing to OR
1 => changing to UW
1 => changing to OR
1 => changing to UW
1 => changing to OR
1 => changing to UW
1 => changing to OR
1 => changing to UW
1 => changing to OR
128 new total iteration => 121
1 => Popped From Local Stack
1 => 236 226
1 => changing to UW
122 new total iteration => 109
1 => Popped From Local Stack
1 => 237 226
110 new total iteration => 92
1 => Popped From Local Stack
1 => 238 226
93 new total iteration => 84
1 => Popped From Local Stack
1 => 239 226
1 => changing to OR
85 new total iteration => 76
1 => Popped From Local Stack
1 => 240 226
1 => changing to UW
77 new total iteration => 71
1 => Popped From Local Stack
1 => 241 226
72 new total iteration => 63
1 => Popped From Local Stack
1 => 242 226
64 new total iteration => 56
1 => Popped From Local Stack
1 => 243 226
57 new total iteration => 51
1 => Popped From Local Stack
1 => 244 226
1 => changing to OR
1 => changing to UW
1 => changing to OR
1 => changing to UW
1 => changing to OR
1 => changing to UW
1 => changing to OR
1 => changing to UW
1 => changing to OR
1 => changing to UW
1 => changing to OR
1 => changing to UW
1 => changing to OR
1 => changing to UW
1 => changing to OR
1 => changing to UW
1 => changing to OR
1 => changing to UW
1 => changing to OR
1 => changing to UW
1 => changing to OR
104 new total iteration => 101
1 => Popped From Local Stack
1 => 297 278
102 new total iteration => 87
1 => Popped From Local Stack
1 => 298 278
1 => changing to UW
88 new total iteration => 78
1 => Popped From Local Stack
1 => 299 279
1 => changing to OR
79 new total iteration => 73
1 => Popped From Local Stack
1 => 300 279
1 => changing to UW
74 new total iteration => 67
1 => Popped From Local Stack
1 => 301 279
1 => changing to OR
68 new total iteration => 61
1 => Popped From Local Stack
1 => 302 279
1 => changing to UW
62 new total iteration => 55
1 => Popped From Local Stack
1 => 303 280
56 new total iteration => 52
1 => Popped From Local Stack
1 => 304 280
1 => Outcome : ReachedBound
1 =>: 208 <= UW iterations OR => 97
Verification Outcome : OK
Time Taken : 385.285695
 new call tree total iteration => 53
1 => changing to UW
Verifying mouser_ioallocateirpsignaleventincompletion_1.bpl.bpl
Corral program verifier version 1.0.0.0
http://localhost:5002/
1 => changing to UW
3 new total iteration => 2
1 => Popped From Local Stack
1 => 3 2
1 => changing to OR
1 => changing to UW
43 new total iteration => 42
1 => Popped From Local Stack
1 => 44 43
1 => changing to OR
1 => changing to UW
1 => changing to OR
49 new total iteration => 48
1 => Popped From Local Stack
1 => 51 49
1 => changing to UW
1 => changing to OR
1 => changing to UW
1 => changing to OR
1 => changing to UW
1 => changing to OR
1 => changing to UW
1 => changing to OR
1 => changing to UW
1 => changing to OR
1 => changing to UW
1 => changing to OR
1 => changing to UW
1 => changing to OR
1 => changing to UW
1 => changing to OR
1 => changing to UW
1 => changing to OR
1 => changing to UW
1 => changing to OR
1 => changing to UW
1 => changing to OR
1 => changing to UW
1 => changing to OR
1 => changing to UW
1 => changing to OR
110 new total iteration => 101
1 => Popped From Local Stack
1 => 113 110
102 new total iteration => 87
1 => Popped From Local Stack
1 => 114 110
88 new total iteration => 75
1 => Popped From Local Stack
1 => 115 110
84 new total iteration => 83
1 => Popped From Local Stack
1 => 124 118
84 new total iteration => 64
1 => Popped From Local Stack
1 => 125 118
1 => changing to UW
1 => changing to OR
1 => changing to UW
1 => changing to OR
1 => changing to UW
1 => changing to OR
1 => changing to UW
1 => changing to OR
1 => changing to UW
1 => changing to OR
1 => changing to UW
87 new total iteration => 75
1 => Popped From Local Stack
1 => 148 141
1 => changing to OR
76 new total iteration => 57
1 => Popped From Local Stack
1 => 149 141
1 => changing to UW
1 => changing to OR
1 => changing to UW
1 => changing to OR
1 => changing to UW
1 => changing to OR
1 => changing to UW
1 => changing to OR
1 => changing to UW
1 => changing to OR
1 => changing to UW
1 => changing to OR
1 => changing to UW
1 => changing to OR
1 => changing to UW
1 => changing to OR
1 => changing to UW
1 => changing to OR
1 => changing to UW
1 => changing to OR
1 => changing to UW
106 new total iteration => 98
1 => Popped From Local Stack
1 => 198 190
1 => changing to OR
103 new total iteration => 85
1 => Popped From Local Stack
1 => 203 194
1 => changing to UW
1 => changing to OR
1 => changing to UW
1 => changing to OR
1 => changing to UW
1 => changing to OR
1 => changing to UW
1 => changing to OR
1 => changing to UW
1 => changing to OR
1 => changing to UW
1 => changing to OR
1 => changing to UW
1 => changing to OR
1 => changing to UW
1 => changing to OR
129 new total iteration => 119
1 => Popped From Local Stack
1 => 247 237
120 new total iteration => 106
1 => Popped From Local Stack
1 => 248 237
107 new total iteration => 89
1 => Popped From Local Stack
1 => 249 237
90 new total iteration => 76
1 => Popped From Local Stack
1 => 250 237
1 => changing to UW
77 new total iteration => 69
1 => Popped From Local Stack
1 => 251 237
1 => changing to OR
70 new total iteration => 60
1 => Popped From Local Stack
1 => 252 237
1 => changing to UW
61 new total iteration => 54
1 => Popped From Local Stack
1 => 253 237
1 => changing to OR
1 => changing to UW
1 => changing to OR
1 => changing to UW
1 => changing to OR
1 => changing to UW
1 => changing to OR
1 => changing to UW
1 => changing to OR
1 => changing to UW
1 => changing to OR
1 => changing to UW
1 => changing to OR
1 => changing to UW
1 => changing to OR
1 => changing to UW
1 => changing to OR
1 => changing to UW
1 => changing to OR
109 new total iteration => 100
1 => Popped From Local Stack
1 => 308 291
1 => changing to UW
101 new total iteration => 90
1 => Popped From Local Stack
1 => 309 291
91 new total iteration => 80
1 => Popped From Local Stack
1 => 310 291
1 => changing to OR
81 new total iteration => 70
1 => Popped From Local Stack
1 => 311 291
71 new total iteration => 62
1 => Popped From Local Stack
1 => 312 291
1 => changing to UW
63 new total iteration => 55
1 => Popped From Local Stack
1 => 313 291
1 => Outcome : ReachedBound
1 =>: 124 <= UW iterations OR => 190
Verification Outcome : OK
Time Taken : 298.674954
 new call tree total iteration => 56
1 => changing to OR
Verifying mouser_ioallocateirpsignaleventincompletion_1.bpl.bpl
Corral program verifier version 1.0.0.0
http://localhost:5002/
1 => changing to UW
3 new total iteration => 2
1 => Popped From Local Stack
1 => 3 2
1 => changing to OR
1 => changing to UW
1 => changing to OR
1 => changing to UW
1 => changing to OR
1 => changing to UW
1 => changing to OR
1 => changing to UW
1 => changing to OR
1 => changing to UW
1 => changing to OR
46 new total iteration => 45
1 => Popped From Local Stack
1 => 47 45
1 => changing to UW
1 => changing to OR
1 => changing to UW
1 => changing to OR
1 => changing to UW
1 => changing to OR
52 new total iteration => 51
1 => Popped From Local Stack
1 => 54 51
1 => changing to UW
1 => changing to OR
1 => changing to UW
1 => changing to OR
1 => changing to UW
1 => changing to OR
1 => changing to UW
1 => changing to OR
1 => changing to UW
1 => changing to OR
1 => changing to UW
1 => changing to OR
1 => changing to UW
1 => changing to OR
1 => changing to UW
1 => changing to OR
1 => changing to UW
1 => changing to OR
1 => changing to UW
1 => changing to OR
111 new total iteration => 107
1 => Popped From Local Stack
1 => 114 110
108 new total iteration => 90
1 => Popped From Local Stack
1 => 115 110
91 new total iteration => 78
1 => Popped From Local Stack
1 => 116 110
1 => changing to UW
1 => changing to OR
1 => changing to UW
1 => changing to OR
89 new total iteration => 66
1 => Popped From Local Stack
1 => 127 120
1 => changing to UW
1 => changing to OR
1 => changing to UW
1 => changing to OR
1 => changing to UW
1 => changing to OR
86 new total iteration => 80
1 => Popped From Local Stack
1 => 147 139
81 new total iteration => 67
1 => Popped From Local Stack
1 => 148 139
68 new total iteration => 60
1 => Popped From Local Stack
1 => 149 139
1 => changing to UW
1 => changing to OR
1 => changing to UW
1 => changing to OR
1 => changing to UW
1 => changing to OR
1 => changing to UW
1 => changing to OR
1 => changing to UW
1 => changing to OR
1 => changing to UW
1 => changing to OR
1 => changing to UW
1 => changing to OR
1 => changing to UW
1 => changing to OR
1 => changing to UW
1 => changing to OR
1 => changing to UW
1 => changing to OR
121 new total iteration => 114
1 => Popped From Local Stack
1 => 210 199
1 => changing to UW
1 => changing to OR
123 new total iteration => 100
1 => Popped From Local Stack
1 => 219 207
1 => changing to UW
1 => changing to OR
1 => changing to UW
1 => changing to OR
126 new total iteration => 116
1 => Popped From Local Stack
1 => 245 232
117 new total iteration => 101
1 => Popped From Local Stack
1 => 246 232
1 => changing to UW
102 new total iteration => 89
1 => Popped From Local Stack
1 => 247 232
1 => changing to OR
90 new total iteration => 77
1 => Popped From Local Stack
1 => 248 232
1 => changing to UW
78 new total iteration => 67
1 => Popped From Local Stack
1 => 249 232
1 => changing to OR
68 new total iteration => 56
1 => Popped From Local Stack
1 => 250 232
1 => changing to UW
1 => changing to OR
1 => changing to UW
1 => changing to OR
1 => changing to UW
1 => changing to OR
1 => changing to UW
1 => changing to OR
1 => changing to UW
1 => changing to OR
1 => changing to UW
1 => changing to OR
1 => changing to UW
1 => changing to OR
111 new total iteration => 96
1 => Popped From Local Stack
1 => 305 286
97 new total iteration => 87
1 => Popped From Local Stack
1 => 306 286
88 new total iteration => 75
1 => Popped From Local Stack
1 => 307 286
1 => changing to UW
76 new total iteration => 67
1 => Popped From Local Stack
1 => 308 286
1 => changing to OR
68 new total iteration => 57
1 => Popped From Local Stack
1 => 309 286
1 => Outcome : ReachedBound
1 =>: 98 <= UW iterations OR => 212
Verification Outcome : OK
Time Taken : 277.143299
 new call tree total iteration => 58
1 => changing to UW
Verifying usbccgp_irqlioapclte_0.bpl.bpl
Corral program verifier version 1.0.0.0
http://localhost:5002/
1 => changing to UW
3 new total iteration => 2
1 => Popped From Local Stack
1 => 3 2
1 => changing to OR
1 => changing to UW
1 => changing to OR
1 => changing to UW
57 new total iteration => 56
1 => Popped From Local Stack
1 => 58 57
1 => changing to OR
1 => changing to UW
1 => changing to OR
1 => changing to UW
1 => changing to OR
68 new total iteration => 67
1 => Popped From Local Stack
1 => 70 68
1 => changing to UW
1 => changing to OR
1 => changing to UW
1 => changing to OR
1 => changing to UW
1 => changing to OR
1 => changing to UW
1 => changing to OR
1 => changing to UW
1 => changing to OR
1 => changing to UW
1 => changing to OR
1 => changing to UW
1 => changing to OR
1 => changing to UW
1 => changing to OR
1 => changing to UW
1 => changing to OR
1 => changing to UW
1 => changing to OR
1 => changing to UW
1 => changing to OR
1 => changing to UW
1 => changing to OR
1 => changing to UW
1 => changing to OR
1 => changing to UW
1 => changing to OR
128 new total iteration => 127
1 => Popped From Local Stack
1 => 131 128
1 => changing to UW
1 => changing to OR
1 => changing to UW
1 => changing to OR
1 => changing to UW
1 => changing to OR
136 new total iteration => 135
1 => Popped From Local Stack
1 => 140 136
1 => changing to UW
1 => changing to OR
1 => changing to UW
1 => changing to OR
1 => changing to UW
1 => changing to OR
1 => changing to UW
144 new total iteration => 143
1 => Popped From Local Stack
1 => 149 145
1 => changing to OR
1 => changing to UW
1 => changing to OR
1 => changing to UW
1 => changing to OR
151 new total iteration => 150
1 => Popped From Local Stack
1 => 157 152
1 => changing to UW
1 => changing to OR
1 => changing to UW
1 => changing to OR
1 => changing to UW
1 => changing to OR
158 new total iteration => 157
1 => Popped From Local Stack
1 => 165 159
1 => changing to UW
1 => changing to OR
1 => changing to UW
164 new total iteration => 163
1 => Popped From Local Stack
1 => 172 166
1 => changing to OR
1 => changing to UW
1 => changing to OR
1 => changing to UW
1 => changing to OR
1 => changing to UW
1 => changing to OR
1 => changing to UW
1 => changing to OR
176 new total iteration => 172
1 => Popped From Local Stack
1 => 185 178
176 new total iteration => 173
1 => Popped From Local Stack
1 => 189 181
1 => changing to UW
174 new total iteration => 168
1 => Popped From Local Stack
1 => 190 181
1 => changing to OR
169 new total iteration => 114
1 => Popped From Local Stack
1 => 191 181
1 => changing to UW
1 => changing to OR
1 => changing to UW
1 => changing to OR
1 => changing to UW
1 => changing to OR
1 => changing to UW
1 => changing to OR
1 => changing to UW
1 => changing to OR
1 => changing to UW
1 => changing to OR
1 => changing to UW
135 new total iteration => 134
1 => Popped From Local Stack
1 => 212 202
1 => changing to OR
1 => changing to UW
142 new total iteration => 141
1 => Popped From Local Stack
1 => 220 210
1 => changing to OR
1 => changing to UW
1 => changing to OR
1 => changing to UW
1 => changing to OR
147 new total iteration => 146
1 => Popped From Local Stack
1 => 226 215
1 => changing to UW
1 => changing to OR
1 => changing to UW
152 new total iteration => 151
1 => Popped From Local Stack
1 => 232 221
1 => changing to OR
1 => changing to UW
1 => changing to OR
1 => changing to UW
1 => changing to OR
1 => changing to UW
1 => changing to OR
158 new total iteration => 157
1 => Popped From Local Stack
1 => 239 227
1 => changing to UW
1 => changing to OR
1 => changing to UW
1 => changing to OR
164 new total iteration => 163
1 => Popped From Local Stack
1 => 246 233
164 new total iteration => 160
1 => Popped From Local Stack
1 => 247 233
161 new total iteration => 155
1 => Popped From Local Stack
1 => 248 233
156 new total iteration => 126
1 => Popped From Local Stack
1 => 249 233
1 => changing to UW
127 new total iteration => 115
1 => Popped From Local Stack
1 => 250 233
1 => changing to OR
116 new total iteration => 104
1 => Popped From Local Stack
1 => 251 233
1 => changing to UW
1 => changing to OR
1 => changing to UW
1 => changing to OR
1 => changing to UW
1 => changing to OR
1 => changing to UW
1 => changing to OR
1 => changing to UW
1 => changing to OR
1 => changing to UW
1 => changing to OR
1 => changing to UW
1 => changing to OR
1 => changing to UW
1 => changing to OR
1 => changing to UW
1 => changing to OR
1 => changing to UW
133 new total iteration => 132
1 => Popped From Local Stack
1 => 280 262
1 => changing to OR
1 => changing to UW
1 => changing to OR
141 new total iteration => 140
1 => Popped From Local Stack
1 => 289 270
1 => changing to UW
1 => changing to OR
147 new total iteration => 146
1 => Popped From Local Stack
1 => 296 276
1 => changing to UW
1 => changing to OR
152 new total iteration => 151
1 => Popped From Local Stack
1 => 302 281
1 => changing to UW
1 => changing to OR
1 => changing to UW
1 => changing to OR
166 new total iteration => 165
1 => Popped From Local Stack
1 => 317 295
1 => changing to UW
1 => changing to OR
170 new total iteration => 168
1 => Popped From Local Stack
1 => 322 299
169 new total iteration => 161
1 => Popped From Local Stack
1 => 323 299
162 new total iteration => 156
1 => Popped From Local Stack
1 => 324 299
157 new total iteration => 124
1 => Popped From Local Stack
1 => 325 299
125 new total iteration => 116
1 => Popped From Local Stack
1 => 326 299
1 => changing to UW
117 new total iteration => 105
1 => Popped From Local Stack
1 => 327 299
1 => changing to OR
106 new total iteration => 96
1 => Popped From Local Stack
1 => 328 299
1 => changing to UW
1 => changing to OR
1 => changing to UW
1 => changing to OR
1 => changing to UW
1 => changing to OR
1 => changing to UW
1 => changing to OR
1 => changing to UW
1 => changing to OR
1 => changing to UW
1 => changing to OR
1 => changing to UW
122 new total iteration => 121
1 => Popped From Local Stack
1 => 354 325
1 => changing to OR
1 => changing to UW
1 => changing to OR
1 => changing to UW
1 => changing to OR
1 => changing to UW
1 => changing to OR
130 new total iteration => 129
1 => Popped From Local Stack
1 => 363 333
1 => changing to UW
136 new total iteration => 135
1 => Popped From Local Stack
1 => 370 340
1 => changing to OR
141 new total iteration => 140
1 => Popped From Local Stack
1 => 376 345
1 => changing to UW
1 => changing to OR
1 => changing to UW
1 => changing to OR
148 new total iteration => 143
1 => Popped From Local Stack
1 => 384 352
144 new total iteration => 113
1 => Popped From Local Stack
1 => 385 352
114 new total iteration => 106
1 => Popped From Local Stack
1 => 386 352
107 new total iteration => 97
1 => Popped From Local Stack
1 => 387 352
1 => changing to UW
98 new total iteration => 88
1 => Popped From Local Stack
1 => 388 352
1 => changing to OR
1 => changing to UW
1 => changing to OR
1 => changing to UW
1 => changing to OR
1 => changing to UW
1 => changing to OR
1 => changing to UW
1 => changing to OR
1 => changing to UW
1 => changing to OR
1 => changing to UW
119 new total iteration => 118
1 => Popped From Local Stack
1 => 419 383
124 new total iteration => 123
1 => Popped From Local Stack
1 => 425 389
1 => changing to OR
1 => changing to UW
1 => changing to OR
1 => changing to UW
1 => changing to OR
128 new total iteration => 127
1 => Popped From Local Stack
1 => 430 393
1 => changing to UW
1 => changing to OR
131 new total iteration => 130
1 => Popped From Local Stack
1 => 434 396
1 => changing to UW
1 => changing to OR
132 new total iteration => 110
1 => Popped From Local Stack
1 => 436 397
1 => changing to UW
111 new total iteration => 102
1 => Popped From Local Stack
1 => 437 397
103 new total iteration => 89
1 => Popped From Local Stack
1 => 438 397
90 new total iteration => 81
1 => Popped From Local Stack
1 => 439 397
1 => changing to OR
1 => changing to UW
1 => changing to OR
1 => changing to UW
1 => changing to OR
1 => changing to UW
1 => changing to OR
1 => changing to UW
1 => changing to OR
100 new total iteration => 99
1 => Popped From Local Stack
1 => 458 415
1 => changing to UW
1 => changing to OR
1 => changing to UW
1 => changing to OR
106 new total iteration => 105
1 => Popped From Local Stack
1 => 465 421
1 => changing to UW
1 => changing to OR
111 new total iteration => 110
1 => Popped From Local Stack
1 => 471 426
1 => changing to UW
1 => changing to OR
115 new total iteration => 114
1 => Popped From Local Stack
1 => 476 430
1 => changing to UW
1 => changing to OR
116 new total iteration => 91
1 => Popped From Local Stack
1 => 478 431
1 => changing to UW
92 new total iteration => 82
1 => Popped From Local Stack
1 => 479 431
83 new total iteration => 74
1 => Popped From Local Stack
1 => 480 431
1 => changing to OR
1 => changing to UW
1 => changing to OR
1 => changing to UW
1 => changing to OR
1 => changing to UW
Verification Outcome : TIMEDOUT
Time Taken : 2E-06
Verifying usbccgp_irqlioapclte_0.bpl.bpl
Corral program verifier version 1.0.0.0
http://localhost:5002/
1 => changing to UW
3 new total iteration => 2
1 => Popped From Local Stack
1 => 3 2
1 => changing to OR
1 => changing to UW
1 => changing to OR
1 => changing to UW
1 => changing to OR
1 => changing to UW
1 => changing to OR
1 => changing to UW
1 => changing to OR
1 => changing to UW
59 new total iteration => 58
1 => Popped From Local Stack
1 => 60 59
1 => changing to OR
68 new total iteration => 67
1 => Popped From Local Stack
1 => 70 68
1 => changing to UW
1 => changing to OR
1 => changing to UW
1 => changing to OR
1 => changing to UW
1 => changing to OR
1 => changing to UW
1 => changing to OR
1 => changing to UW
1 => changing to OR
1 => changing to UW
1 => changing to OR
1 => changing to UW
1 => changing to OR
1 => changing to UW
1 => changing to OR
1 => changing to UW
1 => changing to OR
125 new total iteration => 124
1 => Popped From Local Stack
1 => 128 125
1 => changing to UW
1 => changing to OR
1 => changing to UW
1 => changing to OR
133 new total iteration => 132
1 => Popped From Local Stack
1 => 137 133
1 => changing to UW
1 => changing to OR
1 => changing to UW
1 => changing to OR
142 new total iteration => 141
1 => Popped From Local Stack
1 => 147 142
1 => changing to UW
1 => changing to OR
1 => changing to UW
1 => changing to OR
150 new total iteration => 149
1 => Popped From Local Stack
1 => 156 150
1 => changing to UW
1 => changing to OR
156 new total iteration => 155
1 => Popped From Local Stack
1 => 163 156
1 => changing to UW
1 => changing to OR
1 => changing to UW
1 => changing to OR
1 => changing to UW
1 => changing to OR
188 new total iteration => 183
1 => Popped From Local Stack
1 => 196 188
184 new total iteration => 176
1 => Popped From Local Stack
1 => 197 188
177 new total iteration => 169
1 => Popped From Local Stack
1 => 198 188
170 new total iteration => 162
1 => Popped From Local Stack
1 => 199 188
163 new total iteration => 115
1 => Popped From Local Stack
1 => 200 188
1 => changing to UW
1 => changing to OR
1 => changing to UW
1 => changing to OR
1 => changing to UW
1 => changing to OR
143 new total iteration => 142
1 => Popped From Local Stack
1 => 228 215
150 new total iteration => 149
1 => Popped From Local Stack
1 => 236 222
1 => changing to UW
1 => changing to OR
1 => changing to UW
1 => changing to OR
188 new total iteration => 182
1 => Popped From Local Stack
1 => 275 260
183 new total iteration => 176
1 => Popped From Local Stack
1 => 276 260
177 new total iteration => 169
1 => Popped From Local Stack
1 => 277 260
170 new total iteration => 162
1 => Popped From Local Stack
1 => 278 260
163 new total iteration => 155
1 => Popped From Local Stack
1 => 279 260
156 new total iteration => 133
1 => Popped From Local Stack
1 => 280 260
1 => changing to UW
134 new total iteration => 125
1 => Popped From Local Stack
1 => 281 260
1 => changing to OR
126 new total iteration => 116
1 => Popped From Local Stack
1 => 282 260
117 new total iteration => 107
1 => Popped From Local Stack
1 => 283 260
1 => changing to UW
1 => changing to OR
1 => changing to UW
1 => changing to OR
1 => changing to UW
1 => changing to OR
145 new total iteration => 144
1 => Popped From Local Stack
1 => 321 297
1 => changing to UW
1 => changing to OR
1 => changing to UW
1 => changing to OR
153 new total iteration => 152
1 => Popped From Local Stack
1 => 330 305
1 => changing to UW
1 => changing to OR
160 new total iteration => 159
1 => Popped From Local Stack
1 => 338 312
1 => changing to UW
1 => changing to OR
167 new total iteration => 166
1 => Popped From Local Stack
1 => 346 319
184 new total iteration => 179
1 => Popped From Local Stack
1 => 364 336
180 new total iteration => 173
1 => Popped From Local Stack
1 => 365 336
174 new total iteration => 135
1 => Popped From Local Stack
1 => 366 336
136 new total iteration => 126
1 => Popped From Local Stack
1 => 367 336
127 new total iteration => 117
1 => Popped From Local Stack
1 => 368 336
118 new total iteration => 109
1 => Popped From Local Stack
1 => 369 336
110 new total iteration => 99
1 => Popped From Local Stack
1 => 370 336
1 => changing to UW
1 => changing to OR
1 => changing to UW
1 => changing to OR
1 => changing to UW
1 => changing to OR
141 new total iteration => 140
1 => Popped From Local Stack
1 => 412 377
1 => changing to UW
1 => changing to OR
1 => changing to UW
149 new total iteration => 148
1 => Popped From Local Stack
1 => 421 386
1 => changing to OR
156 new total iteration => 155
1 => Popped From Local Stack
1 => 429 393
1 => changing to UW
1 => changing to OR
1 => changing to UW
163 new total iteration => 162
1 => Popped From Local Stack
1 => 437 401
1 => changing to OR
1 => changing to UW
1 => changing to OR
167 new total iteration => 132
1 => Popped From Local Stack
1 => 442 405
133 new total iteration => 124
1 => Popped From Local Stack
1 => 443 405
125 new total iteration => 116
1 => Popped From Local Stack
1 => 444 405
1 => changing to UW
117 new total iteration => 108
1 => Popped From Local Stack
1 => 445 405
1 => changing to OR
109 new total iteration => 100
1 => Popped From Local Stack
1 => 446 405
1 => changing to UW
101 new total iteration => 90
1 => Popped From Local Stack
1 => 447 405
1 => changing to OR
1 => changing to UW
1 => changing to OR
1 => changing to UW
1 => changing to OR
1 => changing to UW
1 => changing to OR
1 => changing to UW
1 => changing to OR
1 => changing to UW
1 => changing to OR
119 new total iteration => 118
1 => Popped From Local Stack
1 => 476 433
1 => changing to UW
1 => changing to OR
1 => changing to UW
1 => changing to OR
1 => changing to UW
126 new total iteration => 125
1 => Popped From Local Stack
1 => 484 441
1 => changing to OR
1 => changing to UW
1 => changing to OR
133 new total iteration => 132
1 => Popped From Local Stack
1 => 492 448
140 new total iteration => 139
1 => Popped From Local Stack
1 => 500 455
1 => changing to UW
1 => changing to OR
156 new total iteration => 152
1 => Popped From Local Stack
1 => 517 471
153 new total iteration => 146
1 => Popped From Local Stack
1 => 518 471
147 new total iteration => 110
1 => Popped From Local Stack
1 => 519 471
111 new total iteration => 101
1 => Popped From Local Stack
1 => 520 471
1 => changing to UW
102 new total iteration => 91
1 => Popped From Local Stack
1 => 521 471
1 => changing to OR
92 new total iteration => 82
1 => Popped From Local Stack
1 => 522 471
1 => changing to UW
1 => changing to OR
1 => changing to UW
1 => changing to OR
1 => changing to UW
1 => changing to OR
1 => changing to UW
1 => changing to OR
1 => changing to UW
1 => changing to OR
1 => changing to UW
1 => changing to OR
1 => changing to UW
1 => changing to OR
1 => changing to UW
1 => changing to OR
116 new total iteration => 115
1 => Popped From Local Stack
1 => 556 504
1 => changing to UW
1 => changing to OR
123 new total iteration => 122
1 => Popped From Local Stack
1 => 564 511
1 => changing to UW
1 => changing to OR
132 new total iteration => 131
1 => Popped From Local Stack
1 => 574 520
1 => changing to UW
1 => changing to OR
140 new total iteration => 139
1 => Popped From Local Stack
1 => 583 528
1 => changing to UW
1 => changing to OR
1 => changing to UW
1 => changing to OR
1 => changing to UW
1 => changing to OR
153 new total iteration => 148
1 => Popped From Local Stack
1 => 597 541
149 new total iteration => 105
1 => Popped From Local Stack
1 => 598 541
106 new total iteration => 94
1 => Popped From Local Stack
1 => 599 541
1 => changing to UW
95 new total iteration => 84
1 => Popped From Local Stack
1 => 600 541
1 => changing to OR
85 new total iteration => 74
1 => Popped From Local Stack
1 => 601 541
1 => changing to UW
1 => changing to OR
1 => changing to UW
1 => changing to OR
1 => changing to UW
1 => changing to OR
1 => changing to UW
88 new total iteration => 87
1 => Popped From Local Stack
1 => 615 555
1 => changing to OR
1 => changing to UW
1 => changing to OR
1 => changing to UW
1 => changing to OR
96 new total iteration => 95
1 => Popped From Local Stack
1 => 624 563
1 => changing to UW
1 => changing to OR
1 => changing to UW
103 new total iteration => 102
1 => Popped From Local Stack
1 => 632 571
1 => changing to OR
1 => changing to UW
1 => changing to OR
Verification Outcome : TIMEDOUT
Time Taken : 1E-06
Verifying usbccgp_irqlioapclte_0.bpl.bpl
Corral program verifier version 1.0.0.0
http://localhost:5002/
1 => changing to UW
3 new total iteration => 2
1 => Popped From Local Stack
1 => 3 2
1 => changing to OR
1 => changing to UW
1 => changing to OR
1 => changing to UW
1 => changing to OR
1 => changing to UW
1 => changing to OR
1 => changing to UW
1 => changing to OR
1 => changing to UW
58 new total iteration => 57
1 => Popped From Local Stack
1 => 59 58
1 => changing to OR
1 => changing to UW
1 => changing to OR
1 => changing to UW
1 => changing to OR
1 => changing to UW
1 => changing to OR
71 new total iteration => 70
1 => Popped From Local Stack
1 => 73 71
1 => changing to UW
1 => changing to OR
1 => changing to UW
1 => changing to OR
1 => changing to UW
1 => changing to OR
1 => changing to UW
1 => changing to OR
1 => changing to UW
1 => changing to OR
1 => changing to UW
1 => changing to OR
1 => changing to UW
1 => changing to OR
1 => changing to UW
1 => changing to OR
1 => changing to UW
1 => changing to OR
144 new total iteration => 143
1 => Popped From Local Stack
1 => 147 144
194 new total iteration => 193
1 => Popped From Local Stack
1 => 198 194
221 new total iteration => 215
1 => Popped From Local Stack
1 => 226 221
216 new total iteration => 208
1 => Popped From Local Stack
1 => 227 221
209 new total iteration => 201
1 => Popped From Local Stack
1 => 228 221
202 new total iteration => 185
1 => Popped From Local Stack
1 => 229 221
186 new total iteration => 177
1 => Popped From Local Stack
1 => 230 221
178 new total iteration => 169
1 => Popped From Local Stack
1 => 231 221
170 new total iteration => 161
1 => Popped From Local Stack
1 => 232 221
162 new total iteration => 152
1 => Popped From Local Stack
1 => 233 221
153 new total iteration => 132
1 => Popped From Local Stack
1 => 234 221
1 => changing to UW
1 => changing to OR
170 new total iteration => 169
1 => Popped From Local Stack
1 => 272 258
186 new total iteration => 185
1 => Popped From Local Stack
1 => 289 274
1 => changing to UW
1 => changing to OR
206 new total iteration => 202
1 => Popped From Local Stack
1 => 310 294
203 new total iteration => 194
1 => Popped From Local Stack
1 => 311 294
195 new total iteration => 177
1 => Popped From Local Stack
1 => 312 294
178 new total iteration => 161
1 => Popped From Local Stack
1 => 313 294
162 new total iteration => 152
1 => Popped From Local Stack
1 => 314 294
153 new total iteration => 142
1 => Popped From Local Stack
1 => 315 294
143 new total iteration => 133
1 => Popped From Local Stack
1 => 316 294
134 new total iteration => 122
1 => Popped From Local Stack
1 => 317 294
1 => changing to UW
1 => changing to OR
1 => changing to UW
1 => changing to OR
143 new total iteration => 142
1 => Popped From Local Stack
1 => 338 314
151 new total iteration => 150
1 => Popped From Local Stack
1 => 347 322
177 new total iteration => 174
1 => Popped From Local Stack
1 => 374 348
175 new total iteration => 166
1 => Popped From Local Stack
1 => 375 348
167 new total iteration => 158
1 => Popped From Local Stack
1 => 376 348
159 new total iteration => 133
1 => Popped From Local Stack
1 => 377 348
134 new total iteration => 123
1 => Popped From Local Stack
1 => 378 348
124 new total iteration => 112
1 => Popped From Local Stack
1 => 379 348
1 => changing to UW
1 => changing to OR
1 => changing to UW
1 => changing to OR
144 new total iteration => 143
1 => Popped From Local Stack
1 => 411 379
168 new total iteration => 167
1 => Popped From Local Stack
1 => 436 403
188 new total iteration => 183
1 => Popped From Local Stack
1 => 457 423
184 new total iteration => 175
1 => Popped From Local Stack
1 => 458 423
176 new total iteration => 159
1 => Popped From Local Stack
1 => 459 423
160 new total iteration => 151
1 => Popped From Local Stack
1 => 460 423
152 new total iteration => 134
1 => Popped From Local Stack
1 => 461 423
135 new total iteration => 124
1 => Popped From Local Stack
1 => 462 423
125 new total iteration => 114
1 => Popped From Local Stack
1 => 463 423
115 new total iteration => 101
1 => Popped From Local Stack
1 => 464 423
1 => changing to UW
1 => changing to OR
1 => changing to UW
1 => changing to OR
1 => changing to UW
1 => changing to OR
1 => changing to UW
1 => changing to OR
1 => changing to UW
1 => changing to OR
143 new total iteration => 142
1 => Popped From Local Stack
1 => 506 464
1 => changing to UW
1 => changing to OR
152 new total iteration => 151
1 => Popped From Local Stack
1 => 516 473
160 new total iteration => 159
1 => Popped From Local Stack
1 => 525 481
160 new total iteration => 132
1 => Popped From Local Stack
1 => 526 481
133 new total iteration => 123
1 => Popped From Local Stack
1 => 527 481
124 new total iteration => 113
1 => Popped From Local Stack
1 => 528 481
114 new total iteration => 103
1 => Popped From Local Stack
1 => 529 481
1 => changing to UW
104 new total iteration => 91
1 => Popped From Local Stack
1 => 530 481
1 => changing to OR
1 => changing to UW
1 => changing to OR
1 => changing to UW
1 => changing to OR
1 => changing to UW
1 => changing to OR
1 => changing to UW
1 => changing to OR
1 => changing to UW
1 => changing to OR
1 => changing to UW
1 => changing to OR
147 new total iteration => 146
1 => Popped From Local Stack
1 => 586 536
1 => changing to UW
1 => changing to OR
156 new total iteration => 155
1 => Popped From Local Stack
1 => 596 545
164 new total iteration => 163
1 => Popped From Local Stack
1 => 605 553
170 new total iteration => 136
1 => Popped From Local Stack
1 => 612 559
137 new total iteration => 127
1 => Popped From Local Stack
1 => 613 559
128 new total iteration => 117
1 => Popped From Local Stack
1 => 614 559
118 new total iteration => 107
1 => Popped From Local Stack
1 => 615 559
108 new total iteration => 95
1 => Popped From Local Stack
1 => 616 559
96 new total iteration => 80
1 => Popped From Local Stack
1 => 617 559
1 => changing to UW
1 => changing to OR
95 new total iteration => 94
1 => Popped From Local Stack
1 => 632 573
105 new total iteration => 104
1 => Popped From Local Stack
1 => 643 583
1 => changing to UW
1 => changing to OR
115 new total iteration => 114
1 => Popped From Local Stack
1 => 654 593
124 new total iteration => 123
1 => Popped From Local Stack
1 => 664 602
130 new total iteration => 82
1 => Popped From Local Stack
1 => 671 608
1 => Outcome : ReachedBound
1 =>: 89 <= UW iterations OR => 583
Verification Outcome : OK
Time Taken : 777.940725
 new call tree total iteration => 83
1 => changing to OR
