Verifying hw_irqliopassive2_0.bpl.bpl
Corral program verifier version 1.0.0.0
Corral program verifier version 1.0.0.0
Corral program verifier version 1.0.0.0
http://localhost:5002/
http://localhost:5002/
http://localhost:5002/
1 => changing to UW
1 => Outcome : Correct
1 =>: 3 <= UW iterations OR => 0
2 => new call tree total iteration : 2
2 => changing to UW
2 => changing to UW
2 => Outcome : Correct
2 =>: 11 <= UW iterations OR => 1
3 => new call tree total iteration : 13
3 => changing to UW
3 => changing to UW
1 => new call tree total iteration : 22
2 => new call tree total iteration : 24
3 => changing to UW
2 => Outcome : Correct
2 =>: 11 <= UW iterations OR => 2
3 => changing to UW
2 => new call tree total iteration : 25
2 => changing to UW
3 => changing to UW
3 => changing to UW
2 => 30 iterations changed to => 26
2 => changing to UW
1 => changing to UW
2 => Outcome : Correct
2 =>: 16 <= UW iterations OR => 4
2 => new call tree total iteration : 24
3 => changing to UW
1 => changing to UW
2 => changing to UW
3 => changing to UW
1 => changing to UW
3 => changing to UW
1 => changing to UW
3 => 47 iterations changed to => 46
3 => changing to UW
2 => changing to UW
2 => 36 iterations changed to => 32
3 => changing to UW
2 => changing to UW
1 => changing to UW
2 => changing to UW
2 => changing to UW
1 => changing to UW
2 => 45 iterations changed to => 42
2 => changing to UW
2 => changing to UW
3 => changing to UW
2 => Outcome : ReachedBound
2 =>: 32 <= UW iterations OR => 19
2 => new call tree total iteration : 40
3 => changing to UW
2 => changing to UW
1 => changing to UW
1 => 54 iterations changed to => 52
3 => changing to UW
2 => changing to UW
1 => changing to UW
3 => changing to UW
2 => changing to UW
1 => changing to UW
1 => 60 iterations changed to => 59
2 => changing to UW
3 => 79 iterations changed to => 78
2 => changing to UW
1 => 63 iterations changed to => 62
1 => changing to UW
1 => 64 iterations changed to => 46
3 => changing to UW
1 => changing to UW
3 => changing to UW
3 => 86 iterations changed to => 83
1 => changing to UW
3 => 87 iterations changed to => 86
1 => 58 iterations changed to => 57
1 => 58 iterations changed to => 51
1 => changing to UW
1 => Outcome : ReachedBound
1 =>: 23 <= UW iterations OR => 40
1 => new call tree total iteration : 41
1 => Outcome : Correct
1 =>: 23 <= UW iterations OR => 41
1 => new call tree total iteration : 48
1 => changing to UW
3 => 90 iterations changed to => 89
3 => changing to UW
2 => changing to UW
1 => 51 iterations changed to => 50
1 => changing to UW
1 => changing to UW
3 => changing to UW
1 => changing to UW
2 => changing to UW
1 => 58 iterations changed to => 57
3 => changing to UW
2 => changing to UW
1 => changing to UW
2 => 80 iterations changed to => 78
3 => 99 iterations changed to => 98
2 => changing to UW
1 => 61 iterations changed to => 60
1 => changing to UW
1 => changing to UW
3 => 103 iterations changed to => 102
3 => changing to UW
2 => 87 iterations changed to => 86
1 => changing to UW
2 => 90 iterations changed to => 89
2 => 93 iterations changed to => 92
1 => 74 iterations changed to => 73
3 => 115 iterations changed to => 114
3 => 115 iterations changed to => 110
3 => 111 iterations changed to => 106
1 => changing to UW
1 => changing to UW
1 => 80 iterations changed to => 79
2 => 102 iterations changed to => 101
3 => 115 iterations changed to => 114
3 => 115 iterations changed to => 111
2 => changing to UW
3 => 112 iterations changed to => 108
3 => changing to UW
2 => 106 iterations changed to => 105
3 => 116 iterations changed to => 114
3 => 115 iterations changed to => 110
3 => 116 iterations changed to => 115
3 => 116 iterations changed to => 112
3 => 113 iterations changed to => 94
2 => changing to UW
1 => 95 iterations changed to => 94
3 => 97 iterations changed to => 96
3 => 99 iterations changed to => 98
1 => changing to UW
1 => 99 iterations changed to => 96
1 => 97 iterations changed to => 91
1 => 92 iterations changed to => 88
1 => 89 iterations changed to => 84
1 => 85 iterations changed to => 81
1 => changing to UW
3 => changing to UW
2 => 126 iterations changed to => 125
2 => 126 iterations changed to => 123
2 => 124 iterations changed to => 120
2 => 121 iterations changed to => 117
2 => 118 iterations changed to => 113
2 => 114 iterations changed to => 110
2 => 111 iterations changed to => 107
3 => 112 iterations changed to => 111
2 => changing to UW
1 => 92 iterations changed to => 91
1 => changing to UW
3 => 115 iterations changed to => 113
3 => 114 iterations changed to => 108
3 => 109 iterations changed to => 105
3 => 106 iterations changed to => 101
1 => changing to UW
3 => changing to UW
1 => 101 iterations changed to => 100
3 => 110 iterations changed to => 109
1 => 103 iterations changed to => 102
2 => 126 iterations changed to => 123
1 => 103 iterations changed to => 98
2 => 124 iterations changed to => 120
2 => 121 iterations changed to => 117
2 => 118 iterations changed to => 114
1 => 99 iterations changed to => 94
1 => changing to UW
2 => 115 iterations changed to => 110
1 => 96 iterations changed to => 88
1 => 89 iterations changed to => 85
3 => 114 iterations changed to => 112
3 => 113 iterations changed to => 106
1 => 87 iterations changed to => 86
3 => 107 iterations changed to => 102
1 => changing to UW
3 => 107 iterations changed to => 106
1 => 97 iterations changed to => 96
3 => 114 iterations changed to => 112
3 => 113 iterations changed to => 109
3 => 110 iterations changed to => 103
3 => 105 iterations changed to => 104
1 => 101 iterations changed to => 99
1 => 100 iterations changed to => 93
1 => 94 iterations changed to => 89
2 => 126 iterations changed to => 123
2 => 124 iterations changed to => 120
2 => 121 iterations changed to => 117
2 => 118 iterations changed to => 114
2 => changing to UW
2 => 116 iterations changed to => 115
1 => 91 iterations changed to => 90
2 => 116 iterations changed to => 111
3 => changing to UW
3 => changing to UW
3 => 115 iterations changed to => 114
3 => 116 iterations changed to => 111
3 => 112 iterations changed to => 107
1 => 100 iterations changed to => 99
1 => 100 iterations changed to => 96
1 => 97 iterations changed to => 93
3 => 110 iterations changed to => 109
2 => changing to UW
1 => 95 iterations changed to => 94
3 => 113 iterations changed to => 112
1 => changing to UW
1 => 98 iterations changed to => 96
3 => 114 iterations changed to => 72
3 => 73 iterations changed to => 62
3 => 63 iterations changed to => 54
3 => changing to UW
2 => 127 iterations changed to => 126
1 => 99 iterations changed to => 98
2 => 128 iterations changed to => 123
3 => changing to UW
2 => 124 iterations changed to => 120
2 => 121 iterations changed to => 117
2 => 118 iterations changed to => 114
1 => 100 iterations changed to => 82
1 => 83 iterations changed to => 76
3 => changing to UW
3 => 65 iterations changed to => 64
1 => 77 iterations changed to => 71
1 => 72 iterations changed to => 68
1 => changing to UW
1 => 70 iterations changed to => 69
1 => changing to UW
2 => 116 iterations changed to => 115
3 => changing to UW
3 => 69 iterations changed to => 68
1 => 73 iterations changed to => 72
1 => changing to UW
3 => 72 iterations changed to => 71
1 => 76 iterations changed to => 75
3 => 75 iterations changed to => 74
2 => 124 iterations changed to => 123
1 => changing to UW
3 => changing to UW
1 => 83 iterations changed to => 82
1 => changing to UW
3 => 84 iterations changed to => 83
2 => 126 iterations changed to => 125
2 => 126 iterations changed to => 120
2 => 121 iterations changed to => 117
2 => 118 iterations changed to => 108
2 => 109 iterations changed to => 98
1 => changing to UW
2 => 99 iterations changed to => 95
2 => changing to UW
1 => 88 iterations changed to => 86
3 => changing to UW
2 => 98 iterations changed to => 97
2 => 100 iterations changed to => 99
1 => changing to UW
3 => 93 iterations changed to => 91
3 => 92 iterations changed to => 86
3 => changing to UW
1 => 93 iterations changed to => 92
1 => changing to UW
2 => 102 iterations changed to => 101
2 => changing to UW
1 => 96 iterations changed to => 95
1 => changing to UW
3 => 93 iterations changed to => 92
3 => 93 iterations changed to => 89
1 => 99 iterations changed to => 98
1 => 100 iterations changed to => 88
1 => 89 iterations changed to => 78
3 => 93 iterations changed to => 91
3 => changing to UW
3 => 94 iterations changed to => 78
3 => changing to UW
1 => 80 iterations changed to => 79
3 => 81 iterations changed to => 80
3 => changing to UW
2 => 111 iterations changed to => 110
1 => 83 iterations changed to => 81
1 => changing to UW
2 => 116 iterations changed to => 115
3 => 92 iterations changed to => 88
3 => 89 iterations changed to => 84
1 => 88 iterations changed to => 87
1 => changing to UW
2 => 119 iterations changed to => 118
1 => 91 iterations changed to => 90
2 => 121 iterations changed to => 120
3 => 92 iterations changed to => 89
3 => 90 iterations changed to => 85
2 => 122 iterations changed to => 113
2 => 114 iterations changed to => 107
1 => 93 iterations changed to => 92
1 => changing to UW
2 => 108 iterations changed to => 104
3 => 90 iterations changed to => 86
3 => changing to UW
3 => 88 iterations changed to => 87
2 => 109 iterations changed to => 108
3 => 91 iterations changed to => 57
3 => changing to UW
3 => Outcome : ReachedBound
3 =>: 60 <= UW iterations OR => 263
3 => new call tree total iteration : 54
3 => Outcome : ReachedBound
3 =>: 60 <= UW iterations OR => 264
1 => 99 iterations changed to => 98
3 => new call tree total iteration : 59
3 => changing to UW
3 => 62 iterations changed to => 60
1 => 101 iterations changed to => 100
2 => 115 iterations changed to => 114
2 => changing to UW
3 => 63 iterations changed to => 62
1 => 102 iterations changed to => 101
2 => 118 iterations changed to => 117
3 => 65 iterations changed to => 64
1 => 103 iterations changed to => 96
1 => 97 iterations changed to => 82
3 => changing to UW
2 => changing to UW
2 => 124 iterations changed to => 120
1 => 84 iterations changed to => 83
2 => 123 iterations changed to => 122
3 => changing to UW
1 => 86 iterations changed to => 85
2 => 124 iterations changed to => 111
2 => 112 iterations changed to => 105
3 => 74 iterations changed to => 73
2 => 107 iterations changed to => 106
1 => 89 iterations changed to => 88
3 => 78 iterations changed to => 77
2 => 112 iterations changed to => 111
1 => 94 iterations changed to => 93
1 => changing to UW
1 => 97 iterations changed to => 96
2 => 115 iterations changed to => 114
3 => changing to UW
1 => changing to UW
1 => 100 iterations changed to => 99
2 => 118 iterations changed to => 117
1 => 101 iterations changed to => 90
1 => changing to UW
2 => 120 iterations changed to => 119
1 => 94 iterations changed to => 91
1 => 94 iterations changed to => 93
3 => changing to UW
2 => 124 iterations changed to => 122
2 => 123 iterations changed to => 108
2 => 110 iterations changed to => 109
1 => 97 iterations changed to => 96
3 => changing to UW
3 => 95 iterations changed to => 93
1 => 99 iterations changed to => 98
2 => 113 iterations changed to => 112
1 => 99 iterations changed to => 65
3 => 96 iterations changed to => 95
1 => Outcome : ReachedBound
1 =>: 60 <= UW iterations OR => 260
1 => new call tree total iteration : 67
2 => 115 iterations changed to => 114
3 => 98 iterations changed to => 97
1 => 69 iterations changed to => 68
1 => changing to UW
3 => 99 iterations changed to => 90
3 => 91 iterations changed to => 88
1 => changing to UW
3 => 89 iterations changed to => 85
3 => 86 iterations changed to => 82
3 => 83 iterations changed to => 79
3 => changing to UW
3 => changing to UW
1 => 74 iterations changed to => 73
3 => changing to UW
2 => 121 iterations changed to => 120
1 => 77 iterations changed to => 76
1 => 79 iterations changed to => 78
2 => 124 iterations changed to => 123
2 => 124 iterations changed to => 117
2 => 119 iterations changed to => 118
1 => 84 iterations changed to => 83
2 => 121 iterations changed to => 120
1 => 87 iterations changed to => 86
1 => changing to UW
3 => 96 iterations changed to => 95
2 => 123 iterations changed to => 122
1 => 91 iterations changed to => 90
2 => 124 iterations changed to => 82
2 => 83 iterations changed to => 72
2 => changing to UW
1 => 94 iterations changed to => 93
3 => 102 iterations changed to => 101
1 => 97 iterations changed to => 96
2 => changing to UW
1 => 98 iterations changed to => 80
2 => changing to UW
3 => 104 iterations changed to => 103
3 => 104 iterations changed to => 99
3 => 100 iterations changed to => 97
1 => 83 iterations changed to => 82
3 => 98 iterations changed to => 93
3 => 94 iterations changed to => 91
3 => 92 iterations changed to => 88
3 => 89 iterations changed to => 86
2 => 86 iterations changed to => 85
1 => 86 iterations changed to => 85
2 => 88 iterations changed to => 87
1 => 88 iterations changed to => 87
2 => 90 iterations changed to => 89
1 => changing to UW
2 => changing to UW
3 => changing to UW
3 => 96 iterations changed to => 94
3 => changing to UW
2 => changing to UW
2 => changing to UW
2 => 100 iterations changed to => 99
1 => 102 iterations changed to => 101
1 => 103 iterations changed to => 98
2 => 102 iterations changed to => 101
1 => 99 iterations changed to => 95
1 => 96 iterations changed to => 90
3 => 104 iterations changed to => 103
3 => 107 iterations changed to => 105
3 => 106 iterations changed to => 101
3 => 102 iterations changed to => 99
3 => 100 iterations changed to => 97
3 => 98 iterations changed to => 91
3 => 92 iterations changed to => 89
3 => 93 iterations changed to => 92
1 => 101 iterations changed to => 100
3 => changing to UW
2 => changing to UW
1 => 104 iterations changed to => 103
1 => 104 iterations changed to => 97
1 => 98 iterations changed to => 95
1 => 96 iterations changed to => 91
2 => 118 iterations changed to => 117
2 => 119 iterations changed to => 115
2 => 116 iterations changed to => 112
2 => 113 iterations changed to => 109
2 => changing to UW
2 => 111 iterations changed to => 106
2 => changing to UW
2 => 108 iterations changed to => 107
2 => 108 iterations changed to => 103
1 => changing to UW
1 => 100 iterations changed to => 99
3 => 105 iterations changed to => 104
1 => 103 iterations changed to => 102
1 => 104 iterations changed to => 96
1 => 97 iterations changed to => 93
3 => 107 iterations changed to => 106
1 => changing to UW
1 => 95 iterations changed to => 94
3 => 107 iterations changed to => 102
3 => 103 iterations changed to => 100
3 => 101 iterations changed to => 98
3 => changing to UW
3 => 99 iterations changed to => 94
3 => 97 iterations changed to => 96
1 => 98 iterations changed to => 97
1 => changing to UW
3 => 99 iterations changed to => 98
2 => changing to UW
2 => 116 iterations changed to => 114
1 => 101 iterations changed to => 100
3 => 101 iterations changed to => 100
1 => 103 iterations changed to => 102
2 => 117 iterations changed to => 116
2 => 117 iterations changed to => 112
2 => 113 iterations changed to => 110
2 => changing to UW
2 => 113 iterations changed to => 108
2 => 109 iterations changed to => 105
1 => 106 iterations changed to => 105
1 => changing to UW
1 => Outcome : ReachedBound
1 =>: 71 <= UW iterations OR => 371
3 => 104 iterations changed to => 103
1 => new call tree total iteration : 64
1 => Outcome : ReachedBound
1 =>: 71 <= UW iterations OR => 372
3 => 106 iterations changed to => 105
1 => new call tree total iteration : 68
1 => Outcome : ReachedBound
1 =>: 71 <= UW iterations OR => 373
3 => changing to UW
3 => 108 iterations changed to => 107
1 => new call tree total iteration : 73
1 => Outcome : ReachedBound
1 =>: 71 <= UW iterations OR => 374
3 => 108 iterations changed to => 90
3 => 91 iterations changed to => 87
3 => changing to UW
3 => 89 iterations changed to => 83
3 => 84 iterations changed to => 80
3 => changing to UW
3 => 83 iterations changed to => 75
3 => 76 iterations changed to => 70
3 => changing to UW
3 => Outcome : ReachedBound
3 =>: 80 <= UW iterations OR => 414
2 => 114 iterations changed to => 113
1 => new call tree total iteration : 76
1 => Outcome : ReachedBound
1 =>: 71 <= UW iterations OR => 375
3 => new call tree total iteration : 81
2 => 117 iterations changed to => 115
3 => Outcome : ReachedBound
3 =>: 80 <= UW iterations OR => 415
2 => 116 iterations changed to => 111
2 => 112 iterations changed to => 109
2 => 110 iterations changed to => 106
1 => new call tree total iteration : 91
2 => changing to UW
3 => new call tree total iteration : 95
3 => Outcome : ReachedBound
3 =>: 80 <= UW iterations OR => 416
1 => 93 iterations changed to => 92
2 => 113 iterations changed to => 112
2 => changing to UW
1 => 95 iterations changed to => 94
2 => changing to UW
2 => 119 iterations changed to => 117
3 => new call tree total iteration : 107
2 => 119 iterations changed to => 114
2 => 115 iterations changed to => 109
1 => 100 iterations changed to => 99
2 => Outcome : ReachedBound
2 =>: 71 <= UW iterations OR => 402
1 => changing to UW
1 => 104 iterations changed to => 103
3 => 109 iterations changed to => 108
1 => 107 iterations changed to => 106
2 => new call tree total iteration : 96
3 => 110 iterations changed to => 109
1 => 110 iterations changed to => 109
3 => 112 iterations changed to => 111
1 => 113 iterations changed to => 112
1 => Outcome : ReachedBound
1 =>: 72 <= UW iterations OR => 404
3 => 114 iterations changed to => 113
2 => changing to UW
3 => changing to UW
2 => 101 iterations changed to => 99
3 => changing to UW
3 => 118 iterations changed to => 116
2 => 102 iterations changed to => 101
1 => new call tree total iteration : 97
3 => 119 iterations changed to => 118
2 => 104 iterations changed to => 103
3 => Outcome : ReachedBound
3 =>: 82 <= UW iterations OR => 433
2 => 106 iterations changed to => 105
2 => changing to UW
1 => changing to UW
1 => 104 iterations changed to => 102
2 => 109 iterations changed to => 108
3 => new call tree total iteration : 98
2 => changing to UW
2 => 112 iterations changed to => 111
1 => 109 iterations changed to => 108
2 => 114 iterations changed to => 113
1 => 112 iterations changed to => 111
3 => changing to UW
3 => 103 iterations changed to => 101
3 => changing to UW
1 => 115 iterations changed to => 114
1 => 115 iterations changed to => 105
1 => 106 iterations changed to => 99
1 => Outcome : ReachedBound
1 =>: 73 <= UW iterations OR => 428
2 => 116 iterations changed to => 115
3 => changing to UW
2 => Outcome : ReachedBound
2 =>: 74 <= UW iterations OR => 429
3 => 108 iterations changed to => 107
3 => 110 iterations changed to => 109
1 => new call tree total iteration : 99
2 => new call tree total iteration : 104
3 => 112 iterations changed to => 111
3 => changing to UW
1 => 101 iterations changed to => 100
1 => changing to UW
2 => Outcome : ReachedBound
2 =>: 74 <= UW iterations OR => 430
3 => Outcome : ReachedBound
3 =>: 86 <= UW iterations OR => 451
1 => Outcome : ReachedBound
1 =>: 74 <= UW iterations OR => 432
2 => new call tree total iteration : 114
3 => new call tree total iteration : 102
3 => 104 iterations changed to => 103
2 => Outcome : ReachedBound
2 =>: 74 <= UW iterations OR => 432
3 => Outcome : ReachedBound
3 =>: 86 <= UW iterations OR => 456
1 => new call tree total iteration : 115
1 => changing to UW
2 => new call tree total iteration : 105
1 => Outcome : ReachedBound
1 =>: 75 <= UW iterations OR => 433
2 => Outcome : ReachedBound
2 =>: 74 <= UW iterations OR => 434
3 => new call tree total iteration : 116
1 => new call tree total iteration : 106
3 => Outcome : ReachedBound
3 =>: 86 <= UW iterations OR => 458
1 => Outcome : ReachedBound
1 =>: 75 <= UW iterations OR => 435
2 => new call tree total iteration : 117
3 => new call tree total iteration : 107
2 => Outcome : ReachedBound
2 =>: 74 <= UW iterations OR => 436
3 => Outcome : ReachedBound
3 =>: 86 <= UW iterations OR => 460
1 => new call tree total iteration : 118
2 => new call tree total iteration : 108
1 => Outcome : ReachedBound
1 =>: 75 <= UW iterations OR => 436
2 => Outcome : ReachedBound
2 =>: 74 <= UW iterations OR => 438
3 => new call tree total iteration : 109
3 => changing to UW
3 => Outcome : ReachedBound
3 =>: 87 <= UW iterations OR => 461
1 => new call tree total iteration : 110
1 => Outcome : ReachedBound
1 =>: 75 <= UW iterations OR => 438
2 => new call tree total iteration : 111
2 => Outcome : ReachedBound
2 =>: 74 <= UW iterations OR => 440
3 => new call tree total iteration : 112
3 => Outcome : ReachedBound
3 =>: 87 <= UW iterations OR => 463
1 => new call tree total iteration : 113
1 => Outcome : ReachedBound
1 =>: 75 <= UW iterations OR => 440
2 => new call tree total iteration : 114
2 => changing to UW
2 => Outcome : ReachedBound
2 =>: 75 <= UW iterations OR => 441
3 => new call tree total iteration : 115
3 => Outcome : ReachedBound
3 =>: 87 <= UW iterations OR => 465
1 => new call tree total iteration : 116
1 => Outcome : ReachedBound
1 =>: 75 <= UW iterations OR => 441
2 => new call tree total iteration : 116
Verification Outcome : OK
Time Taken : 2418.232287
3 => new call tree total iteration : 117
1 => new call tree total iteration : 117
Verifying sys_zwregistrycreate_0.bpl.bpl
Corral program verifier version 1.0.0.0
Corral program verifier version 1.0.0.0
Corral program verifier version 1.0.0.0
http://localhost:5002/
http://localhost:5002/
http://localhost:5002/
2 => changing to UW
2 => Outcome : Correct
2 =>: 3 <= UW iterations OR => 0
1 => new call tree total iteration : 2
1 => changing to UW
1 => Outcome : Correct
1 =>: 16 <= UW iterations OR => 0
3 => new call tree total iteration : 17
3 => changing to UW
2 => new call tree total iteration : 19
2 => changing to UW
3 => Outcome : Correct
3 =>: 5 <= UW iterations OR => 2
2 => changing to UW
2 => Outcome : Correct
2 =>: 5 <= UW iterations OR => 2
1 => new call tree total iteration : 22
1 => changing to UW
3 => new call tree total iteration : 23
3 => Outcome : Correct
3 =>: 5 <= UW iterations OR => 3
1 => Outcome : Correct
1 =>: 20 <= UW iterations OR => 2
2 => new call tree total iteration : 27
2 => changing to UW
2 => Outcome : Correct
2 =>: 6 <= UW iterations OR => 3
3 => new call tree total iteration : 28
3 => changing to UW
3 => Outcome : Correct
3 =>: 7 <= UW iterations OR => 3
1 => new call tree total iteration : 29
1 => changing to UW
1 => changing to UW
2 => new call tree total iteration : 31
2 => changing to UW
2 => Outcome : Correct
2 =>: 7 <= UW iterations OR => 4
1 => Outcome : Correct
1 =>: 23 <= UW iterations OR => 5
3 => new call tree total iteration : 32
3 => changing to UW
2 => new call tree total iteration : 34
3 => changing to UW
3 => Outcome : Correct
3 =>: 9 <= UW iterations OR => 4
2 => changing to UW
2 => Outcome : Correct
2 =>: 8 <= UW iterations OR => 5
1 => new call tree total iteration : 34
1 => Outcome : Correct
1 =>: 23 <= UW iterations OR => 6
3 => new call tree total iteration : 35
3 => changing to UW
2 => new call tree total iteration : 36
3 => changing to UW
2 => Outcome : Correct
2 =>: 8 <= UW iterations OR => 7
3 => Outcome : Correct
3 =>: 11 <= UW iterations OR => 6
2 => new call tree total iteration : 37
2 => changing to UW
1 => new call tree total iteration : 37
2 => Outcome : Correct
2 =>: 10 <= UW iterations OR => 7
3 => new call tree total iteration : 38
3 => changing to UW
2 => new call tree total iteration : 38
2 => changing to UW
1 => 41 iterations changed to => 40
1 => changing to UW
3 => Outcome : Correct
3 =>: 12 <= UW iterations OR => 7
1 => changing to UW
3 => new call tree total iteration : 39
2 => changing to UW
2 => Outcome : Correct
2 =>: 12 <= UW iterations OR => 9
3 => changing to UW
1 => changing to UW
3 => changing to UW
3 => changing to UW
1 => changing to UW
3 => changing to UW
3 => Outcome : Correct
3 =>: 20 <= UW iterations OR => 14
2 => new call tree total iteration : 52
2 => changing to UW
3 => new call tree total iteration : 52
3 => changing to UW
1 => 54 iterations changed to => 53
1 => changing to UW
3 => 54 iterations changed to => 53
1 => Outcome : Correct
1 =>: 28 <= UW iterations OR => 21
1 => new call tree total iteration : 53
2 => Outcome : Correct
2 =>: 13 <= UW iterations OR => 11
1 => changing to UW
3 => changing to UW
1 => Outcome : Correct
1 =>: 29 <= UW iterations OR => 23
2 => new call tree total iteration : 55
1 => new call tree total iteration : 56
1 => changing to UW
2 => changing to UW
2 => 58 iterations changed to => 57
1 => 59 iterations changed to => 57
2 => Outcome : Correct
2 =>: 15 <= UW iterations OR => 14
3 => Outcome : Correct
3 =>: 22 <= UW iterations OR => 17
2 => new call tree total iteration : 55
1 => changing to UW
1 => Outcome : Correct
1 =>: 32 <= UW iterations OR => 25
3 => new call tree total iteration : 58
3 => changing to UW
3 => Outcome : Correct
3 =>: 23 <= UW iterations OR => 18
1 => new call tree total iteration : 59
3 => new call tree total iteration : 56
2 => Outcome : Correct
2 =>: 15 <= UW iterations OR => 16
3 => Outcome : Correct
3 =>: 23 <= UW iterations OR => 19
1 => Outcome : Correct
1 =>: 32 <= UW iterations OR => 26
Verification Outcome : OK
Time Taken : 1863.685996
1 => new call tree total iteration : 60
2 => new call tree total iteration : 57
2 => changing to UW
3 => new call tree total iteration : 57
Verifying Imapi_removelockrelease2_0.bpl.bpl
Corral program verifier version 1.0.0.0
http://localhost:5002/
Corral program verifier version 1.0.0.0
Corral program verifier version 1.0.0.0
http://localhost:5002/
http://localhost:5002/
1 => changing to UW
1 => Outcome : Correct
1 =>: 3 <= UW iterations OR => 0
2 => new call tree total iteration : 2
2 => changing to UW
2 => Outcome : Correct
2 =>: 9 <= UW iterations OR => 0
3 => new call tree total iteration : 10
3 => changing to UW
3 => Outcome : Correct
3 =>: 3 <= UW iterations OR => 0
1 => new call tree total iteration : 12
1 => changing to UW
1 => changing to UW
1 => changing to UW
2 => new call tree total iteration : 15
2 => changing to UW
3 => new call tree total iteration : 16
3 => changing to UW
1 => changing to UW
1 => 24 iterations changed to => 23
2 => changing to UW
3 => 18 iterations changed to => 17
3 => changing to UW
3 => Outcome : Correct
3 =>: 5 <= UW iterations OR => 1
1 => Outcome : Correct
1 =>: 16 <= UW iterations OR => 4
3 => new call tree total iteration : 16
3 => changing to UW
3 => Outcome : Correct
3 =>: 6 <= UW iterations OR => 1
2 => changing to UW
2 => changing to UW
2 => changing to UW
2 => changing to UW
2 => changing to UW
2 => changing to UW
1 => new call tree total iteration : 42
1 => changing to UW
3 => new call tree total iteration : 43
2 => changing to UW
3 => Outcome : Correct
3 =>: 6 <= UW iterations OR => 2
1 => Outcome : Correct
1 =>: 18 <= UW iterations OR => 5
2 => changing to UW
1 => new call tree total iteration : 45
1 => changing to UW
3 => new call tree total iteration : 43
3 => changing to UW
1 => Outcome : Correct
1 =>: 20 <= UW iterations OR => 6
3 => changing to UW
1 => new call tree total iteration : 44
2 => changing to UW
3 => changing to UW
1 => changing to UW
3 => changing to UW
2 => changing to UW
3 => 53 iterations changed to => 52
3 => changing to UW
2 => 65 iterations changed to => 64
1 => 53 iterations changed to => 52
3 => changing to UW
1 => changing to UW
2 => 81 iterations changed to => 80
3 => 69 iterations changed to => 63
3 => changing to UW
3 => 65 iterations changed to => 57
3 => changing to UW
3 => 60 iterations changed to => 59
1 => changing to UW
1 => changing to UW
3 => changing to UW
1 => 63 iterations changed to => 56
1 => changing to UW
1 => 59 iterations changed to => 57
1 => changing to UW
3 => 67 iterations changed to => 63
3 => Outcome : Correct
3 =>: 17 <= UW iterations OR => 32
1 => changing to UW
2 => 93 iterations changed to => 86
3 => new call tree total iteration : 56
1 => 64 iterations changed to => 62
3 => 58 iterations changed to => 57
3 => changing to UW
1 => changing to UW
1 => changing to UW
3 => 65 iterations changed to => 64
3 => changing to UW
3 => 69 iterations changed to => 68
2 => changing to UW
2 => changing to UW
3 => changing to UW
3 => changing to UW
3 => changing to UW
3 => 81 iterations changed to => 73
3 => 77 iterations changed to => 76
3 => changing to UW
3 => 85 iterations changed to => 81
1 => 70 iterations changed to => 66
1 => 67 iterations changed to => 45
1 => changing to UW
1 => 47 iterations changed to => 46
1 => changing to UW
1 => changing to UW
1 => changing to UW
1 => 58 iterations changed to => 57
1 => changing to UW
1 => 61 iterations changed to => 60
1 => 61 iterations changed to => 52
1 => changing to UW
1 => changing to UW
1 => 57 iterations changed to => 55
1 => 64 iterations changed to => 63
2 => 91 iterations changed to => 88
2 => 89 iterations changed to => 72
2 => changing to UW
2 => 74 iterations changed to => 73
2 => Outcome : Correct
2 =>: 38 <= UW iterations OR => 60
2 => new call tree total iteration : 54
2 => Outcome : Correct
2 =>: 38 <= UW iterations OR => 61
2 => new call tree total iteration : 70
1 => Outcome : Correct
1 =>: 45 <= UW iterations OR => 61
2 => Outcome : Correct
2 =>: 38 <= UW iterations OR => 62
3 => Outcome : Correct
3 =>: 29 <= UW iterations OR => 63
Verification Outcome : OK
Time Taken : 1900.091482
Verifying parzip_nsremovelockmnremove_0.bpl.bpl
Corral program verifier version 1.0.0.0
Corral program verifier version 1.0.0.0
Corral program verifier version 1.0.0.0
http://localhost:5002/
http://localhost:5002/
http://localhost:5002/
1 => changing to UW
1 => Outcome : Correct
1 =>: 3 <= UW iterations OR => 0
2 => new call tree total iteration : 2
2 => changing to UW
2 => Outcome : Correct
2 =>: 13 <= UW iterations OR => 0
3 => new call tree total iteration : 14
3 => changing to UW
3 => Outcome : Correct
3 =>: 1 <= UW iterations OR => 2
1 => new call tree total iteration : 16
1 => changing to UW
1 => Outcome : Correct
1 =>: 5 <= UW iterations OR => 0
2 => new call tree total iteration : 17
2 => Outcome : Correct
2 =>: 13 <= UW iterations OR => 2
3 => new call tree total iteration : 18
3 => changing to UW
3 => Outcome : Correct
3 =>: 3 <= UW iterations OR => 2
1 => new call tree total iteration : 19
1 => changing to UW
1 => Outcome : Correct
1 =>: 7 <= UW iterations OR => 0
2 => new call tree total iteration : 20
2 => changing to UW
2 => Outcome : Correct
2 =>: 15 <= UW iterations OR => 2
3 => new call tree total iteration : 21
3 => changing to UW
1 => new call tree total iteration : 22
1 => changing to UW
2 => new call tree total iteration : 25
3 => changing to UW
2 => 27 iterations changed to => 26
1 => changing to UW
1 => changing to UW
3 => changing to UW
3 => changing to UW
1 => changing to UW
2 => changing to UW
3 => changing to UW
2 => changing to UW
1 => changing to UW
2 => changing to UW
3 => changing to UW
2 => changing to UW
2 => changing to UW
1 => changing to UW
1 => 44 iterations changed to => 43
3 => changing to UW
1 => changing to UW
2 => changing to UW
1 => changing to UW
1 => 54 iterations changed to => 53
1 => changing to UW
1 => changing to UW
3 => changing to UW
2 => changing to UW
2 => changing to UW
2 => changing to UW
1 => changing to UW
2 => changing to UW
2 => changing to UW
3 => changing to UW
3 => changing to UW
1 => 68 iterations changed to => 64
1 => 65 iterations changed to => 59
3 => changing to UW
1 => 60 iterations changed to => 23
1 => changing to UW
2 => 74 iterations changed to => 71
1 => 26 iterations changed to => 25
2 => changing to UW
1 => changing to UW
1 => changing to UW
2 => 73 iterations changed to => 64
3 => 75 iterations changed to => 74
1 => changing to UW
2 => changing to UW
1 => changing to UW
1 => changing to UW
1 => 48 iterations changed to => 47
1 => changing to UW
2 => 77 iterations changed to => 76
3 => 79 iterations changed to => 78
1 => changing to UW
1 => changing to UW
1 => 57 iterations changed to => 56
2 => 82 iterations changed to => 81
3 => changing to UW
3 => 84 iterations changed to => 83
1 => changing to UW
1 => changing to UW
2 => 89 iterations changed to => 88
2 => changing to UW
1 => 69 iterations changed to => 68
1 => 69 iterations changed to => 63
1 => Outcome : Correct
1 =>: 52 <= UW iterations OR => 56
1 => new call tree total iteration : 28
1 => Outcome : Correct
1 =>: 52 <= UW iterations OR => 57
1 => new call tree total iteration : 44
1 => 46 iterations changed to => 45
1 => changing to UW
3 => changing to UW
1 => changing to UW
1 => changing to UW
2 => changing to UW
3 => changing to UW
1 => changing to UW
1 => changing to UW
3 => 111 iterations changed to => 110
1 => changing to UW
3 => 112 iterations changed to => 105
3 => changing to UW
3 => 107 iterations changed to => 101
3 => 102 iterations changed to => 97
2 => changing to UW
3 => 98 iterations changed to => 92
3 => changing to UW
3 => 94 iterations changed to => 93
3 => 94 iterations changed to => 88
3 => 89 iterations changed to => 65
1 => 72 iterations changed to => 70
1 => changing to UW
2 => 127 iterations changed to => 123
1 => changing to UW
2 => 124 iterations changed to => 118
2 => 119 iterations changed to => 112
2 => 113 iterations changed to => 109
1 => 76 iterations changed to => 71
1 => 72 iterations changed to => 67
2 => 110 iterations changed to => 103
1 => 68 iterations changed to => 62
2 => 104 iterations changed to => 97
1 => 63 iterations changed to => 56
1 => 57 iterations changed to => 49
1 => changing to UW
1 => 51 iterations changed to => 50
3 => changing to UW
2 => 98 iterations changed to => 93
1 => Outcome : Correct
1 =>: 64 <= UW iterations OR => 87
3 => changing to UW
3 => 87 iterations changed to => 86
1 => new call tree total iteration : 51
1 => 53 iterations changed to => 52
1 => changing to UW
2 => 104 iterations changed to => 103
3 => changing to UW
1 => changing to UW
3 => 91 iterations changed to => 90
1 => changing to UW
2 => 110 iterations changed to => 109
2 => changing to UW
2 => 117 iterations changed to => 116
2 => changing to UW
1 => changing to UW
1 => changing to UW
1 => 76 iterations changed to => 75
1 => 77 iterations changed to => 69
1 => 72 iterations changed to => 71
1 => 72 iterations changed to => 64
1 => changing to UW
1 => 69 iterations changed to => 68
2 => 135 iterations changed to => 134
1 => 69 iterations changed to => 59
1 => changing to UW
3 => 106 iterations changed to => 105
1 => 64 iterations changed to => 61
1 => Outcome : Correct
1 =>: 73 <= UW iterations OR => 122
1 => new call tree total iteration : 40
3 => 106 iterations changed to => 102
1 => changing to UW
1 => changing to UW
1 => changing to UW
1 => changing to UW
1 => changing to UW
3 => 103 iterations changed to => 99
1 => 58 iterations changed to => 57
3 => 100 iterations changed to => 96
1 => changing to UW
1 => 63 iterations changed to => 62
3 => 97 iterations changed to => 92
1 => changing to UW
3 => 93 iterations changed to => 81
3 => 82 iterations changed to => 76
3 => 77 iterations changed to => 69
3 => 70 iterations changed to => 61
1 => 70 iterations changed to => 69
3 => changing to UW
2 => 156 iterations changed to => 155
2 => 156 iterations changed to => 149
2 => 150 iterations changed to => 143
2 => 144 iterations changed to => 139
3 => changing to UW
2 => 140 iterations changed to => 128
2 => 129 iterations changed to => 124
1 => 74 iterations changed to => 73
2 => changing to UW
2 => 126 iterations changed to => 125
2 => 126 iterations changed to => 121
1 => changing to UW
1 => changing to UW
2 => changing to UW
2 => 124 iterations changed to => 123
3 => changing to UW
1 => changing to UW
1 => changing to UW
1 => changing to UW
2 => changing to UW
3 => changing to UW
3 => 86 iterations changed to => 85
1 => 96 iterations changed to => 94
1 => 96 iterations changed to => 95
1 => changing to UW
1 => 103 iterations changed to => 102
3 => changing to UW
1 => changing to UW
2 => 154 iterations changed to => 152
2 => 153 iterations changed to => 145
1 => 107 iterations changed to => 106
2 => 146 iterations changed to => 139
2 => 140 iterations changed to => 135
2 => 136 iterations changed to => 127
2 => 128 iterations changed to => 125
3 => 91 iterations changed to => 90
3 => 91 iterations changed to => 87
3 => changing to UW
3 => 88 iterations changed to => 82
3 => 83 iterations changed to => 79
3 => 80 iterations changed to => 75
3 => changing to UW
3 => 76 iterations changed to => 72
3 => 73 iterations changed to => 69
3 => 70 iterations changed to => 62
3 => changing to UW
3 => 63 iterations changed to => 57
1 => changing to UW
2 => 126 iterations changed to => 94
2 => changing to UW
3 => changing to UW
2 => 96 iterations changed to => 95
3 => changing to UW
2 => changing to UW
2 => 104 iterations changed to => 103
2 => changing to UW
2 => 108 iterations changed to => 107
1 => changing to UW
2 => 112 iterations changed to => 111
2 => changing to UW
1 => changing to UW
3 => changing to UW
3 => changing to UW
2 => 126 iterations changed to => 125
2 => changing to UW
2 => changing to UW
3 => 75 iterations changed to => 73
3 => 74 iterations changed to => 71
3 => 72 iterations changed to => 69
3 => changing to UW
3 => 70 iterations changed to => 68
3 => 69 iterations changed to => 65
3 => 66 iterations changed to => 58
3 => Outcome : Correct
3 =>: 57 <= UW iterations OR => 165
3 => new call tree total iteration : 41
3 => changing to UW
3 => changing to UW
3 => changing to UW
3 => changing to UW
1 => 139 iterations changed to => 138
1 => 139 iterations changed to => 135
1 => 136 iterations changed to => 131
1 => 132 iterations changed to => 128
1 => 129 iterations changed to => 122
1 => 123 iterations changed to => 118
1 => changing to UW
1 => 120 iterations changed to => 119
3 => changing to UW
3 => 57 iterations changed to => 56
1 => 120 iterations changed to => 114
1 => 115 iterations changed to => 109
2 => 143 iterations changed to => 142
3 => changing to UW
3 => changing to UW
3 => 63 iterations changed to => 62
2 => 148 iterations changed to => 147
1 => changing to UW
3 => changing to UW
3 => 71 iterations changed to => 70
3 => changing to UW
2 => 149 iterations changed to => 134
3 => 77 iterations changed to => 76
1 => changing to UW
3 => changing to UW
2 => 135 iterations changed to => 129
1 => 127 iterations changed to => 126
2 => 130 iterations changed to => 121
2 => 122 iterations changed to => 116
3 => changing to UW
1 => 137 iterations changed to => 136
2 => 117 iterations changed to => 65
3 => changing to UW
3 => changing to UW
1 => 142 iterations changed to => 141
2 => 76 iterations changed to => 75
1 => 143 iterations changed to => 130
2 => changing to UW
1 => 132 iterations changed to => 131
1 => 132 iterations changed to => 120
2 => 88 iterations changed to => 87
2 => changing to UW
1 => 121 iterations changed to => 117
1 => 118 iterations changed to => 112
1 => changing to UW
1 => 114 iterations changed to => 113
1 => 114 iterations changed to => 91
1 => 92 iterations changed to => 86
2 => 92 iterations changed to => 91
1 => changing to UW
3 => 118 iterations changed to => 117
2 => changing to UW
1 => 91 iterations changed to => 90
1 => changing to UW
3 => 123 iterations changed to => 122
1 => 97 iterations changed to => 96
1 => changing to UW
3 => 131 iterations changed to => 130
1 => 101 iterations changed to => 100
1 => changing to UW
2 => 105 iterations changed to => 104
2 => changing to UW
3 => changing to UW
3 => 135 iterations changed to => 134
1 => 103 iterations changed to => 102
1 => 105 iterations changed to => 104
3 => changing to UW
1 => 108 iterations changed to => 107
2 => 116 iterations changed to => 113
2 => 114 iterations changed to => 109
2 => 110 iterations changed to => 100
2 => 101 iterations changed to => 95
2 => 96 iterations changed to => 80
2 => 81 iterations changed to => 66
2 => 69 iterations changed to => 68
2 => changing to UW
2 => changing to UW
2 => 79 iterations changed to => 78
1 => changing to UW
2 => changing to UW
2 => 83 iterations changed to => 82
2 => changing to UW
1 => 127 iterations changed to => 126
2 => 89 iterations changed to => 88
3 => changing to UW
1 => 128 iterations changed to => 121
1 => 122 iterations changed to => 116
1 => changing to UW
2 => 93 iterations changed to => 92
2 => 96 iterations changed to => 95
1 => 129 iterations changed to => 128
2 => 100 iterations changed to => 99
1 => 130 iterations changed to => 123
1 => 124 iterations changed to => 117
1 => 118 iterations changed to => 110
3 => 164 iterations changed to => 163
1 => 111 iterations changed to => 83
1 => 84 iterations changed to => 78
1 => changing to UW
1 => 81 iterations changed to => 79
3 => 164 iterations changed to => 161
3 => 162 iterations changed to => 157
3 => 158 iterations changed to => 153
1 => changing to UW
3 => 154 iterations changed to => 149
1 => 88 iterations changed to => 87
1 => changing to UW
1 => 93 iterations changed to => 92
2 => changing to UW
2 => 124 iterations changed to => 122
2 => 123 iterations changed to => 114
1 => 95 iterations changed to => 94
2 => 115 iterations changed to => 109
2 => 110 iterations changed to => 103
3 => 164 iterations changed to => 161
1 => changing to UW
3 => 162 iterations changed to => 154
3 => 155 iterations changed to => 150
1 => 98 iterations changed to => 97
3 => 151 iterations changed to => 147
3 => 148 iterations changed to => 145
2 => 104 iterations changed to => 56
3 => 146 iterations changed to => 142
2 => changing to UW
3 => 143 iterations changed to => 138
3 => 139 iterations changed to => 112
2 => 60 iterations changed to => 57
3 => 115 iterations changed to => 114
2 => changing to UW
3 => changing to UW
2 => 64 iterations changed to => 63
3 => changing to UW
3 => 119 iterations changed to => 118
2 => changing to UW
2 => 69 iterations changed to => 68
3 => 122 iterations changed to => 121
1 => changing to UW
2 => changing to UW
3 => 127 iterations changed to => 126
2 => 76 iterations changed to => 75
2 => changing to UW
2 => 83 iterations changed to => 82
3 => 142 iterations changed to => 141
3 => changing to UW
1 => 127 iterations changed to => 126
1 => changing to UW
2 => changing to UW
3 => 146 iterations changed to => 145
1 => 133 iterations changed to => 130
1 => 131 iterations changed to => 118
1 => 119 iterations changed to => 114
1 => 115 iterations changed to => 107
1 => 108 iterations changed to => 101
3 => 151 iterations changed to => 150
2 => changing to UW
1 => 102 iterations changed to => 99
1 => Outcome : Correct
1 =>: 112 <= UW iterations OR => 383
1 => new call tree total iteration : 42
1 => changing to UW
1 => changing to UW
1 => changing to UW
1 => changing to UW
1 => changing to UW
1 => 59 iterations changed to => 58
2 => 94 iterations changed to => 93
1 => changing to UW
3 => 163 iterations changed to => 161
1 => 65 iterations changed to => 64
1 => changing to UW
3 => 162 iterations changed to => 157
3 => 158 iterations changed to => 153
3 => 154 iterations changed to => 148
3 => 149 iterations changed to => 134
3 => 135 iterations changed to => 130
1 => changing to UW
1 => 70 iterations changed to => 69
3 => 131 iterations changed to => 107
3 => 108 iterations changed to => 103
3 => 104 iterations changed to => 98
3 => 100 iterations changed to => 99
1 => 73 iterations changed to => 72
3 => changing to UW
3 => 107 iterations changed to => 106
1 => changing to UW
2 => changing to UW
3 => 112 iterations changed to => 111
3 => 116 iterations changed to => 115
2 => 109 iterations changed to => 108
1 => changing to UW
2 => 111 iterations changed to => 103
3 => 129 iterations changed to => 128
3 => changing to UW
2 => 104 iterations changed to => 100
2 => 101 iterations changed to => 97
1 => changing to UW
2 => 98 iterations changed to => 95
1 => changing to UW
3 => changing to UW
2 => 110 iterations changed to => 109
1 => 98 iterations changed to => 95
1 => changing to UW
1 => 96 iterations changed to => 90
1 => changing to UW
2 => 112 iterations changed to => 104
1 => 99 iterations changed to => 98
2 => 105 iterations changed to => 99
2 => 100 iterations changed to => 96
2 => 97 iterations changed to => 91
1 => 104 iterations changed to => 103
3 => 158 iterations changed to => 157
3 => changing to UW
2 => 92 iterations changed to => 89
2 => 90 iterations changed to => 86
2 => changing to UW
3 => 161 iterations changed to => 149
3 => changing to UW
1 => 111 iterations changed to => 110
3 => 151 iterations changed to => 145
3 => 146 iterations changed to => 141
3 => 142 iterations changed to => 136
2 => 88 iterations changed to => 87
3 => 137 iterations changed to => 133
3 => 134 iterations changed to => 131
3 => 132 iterations changed to => 123
3 => 124 iterations changed to => 92
3 => changing to UW
3 => 93 iterations changed to => 88
3 => 89 iterations changed to => 81
1 => changing to UW
3 => 83 iterations changed to => 82
3 => changing to UW
2 => 88 iterations changed to => 84
2 => 85 iterations changed to => 79
2 => 80 iterations changed to => 71
2 => 73 iterations changed to => 72
3 => 92 iterations changed to => 91
3 => changing to UW
1 => changing to UW
2 => 81 iterations changed to => 80
2 => changing to UW
3 => 97 iterations changed to => 96
2 => 86 iterations changed to => 85
2 => changing to UW
3 => 100 iterations changed to => 99
2 => changing to UW
2 => 91 iterations changed to => 90
2 => 96 iterations changed to => 95
1 => 140 iterations changed to => 139
3 => changing to UW
2 => changing to UW
1 => 142 iterations changed to => 134
3 => 110 iterations changed to => 109
3 => changing to UW
1 => 135 iterations changed to => 130
2 => 104 iterations changed to => 103
1 => 131 iterations changed to => 127
1 => 128 iterations changed to => 123
1 => 124 iterations changed to => 119
1 => 120 iterations changed to => 115
1 => 116 iterations changed to => 91
1 => 94 iterations changed to => 93
3 => changing to UW
2 => changing to UW
3 => 118 iterations changed to => 117
1 => 100 iterations changed to => 99
1 => changing to UW
1 => 105 iterations changed to => 104
1 => 109 iterations changed to => 108
2 => 113 iterations changed to => 112
1 => changing to UW
3 => changing to UW
3 => 141 iterations changed to => 134
2 => changing to UW
3 => 135 iterations changed to => 127
3 => 128 iterations changed to => 123
3 => 124 iterations changed to => 112
3 => 113 iterations changed to => 105
3 => 106 iterations changed to => 102
3 => Outcome : Correct
3 =>: 89 <= UW iterations OR => 507
3 => new call tree total iteration : 43
3 => changing to UW
3 => 45 iterations changed to => 44
3 => changing to UW
2 => changing to UW
1 => changing to UW
3 => 49 iterations changed to => 48
3 => changing to UW
3 => changing to UW
3 => 59 iterations changed to => 58
3 => changing to UW
1 => changing to UW
1 => 134 iterations changed to => 133
3 => 64 iterations changed to => 63
1 => 137 iterations changed to => 136
2 => 131 iterations changed to => 129
3 => changing to UW
3 => 68 iterations changed to => 67
2 => 130 iterations changed to => 125
3 => changing to UW
1 => 138 iterations changed to => 126
3 => changing to UW
1 => 131 iterations changed to => 130
2 => 131 iterations changed to => 126
2 => 127 iterations changed to => 120
2 => 121 iterations changed to => 117
2 => 118 iterations changed to => 115
2 => 116 iterations changed to => 110
2 => 111 iterations changed to => 108
2 => 109 iterations changed to => 105
1 => 132 iterations changed to => 127
1 => 128 iterations changed to => 120
1 => 121 iterations changed to => 117
1 => 118 iterations changed to => 113
1 => 114 iterations changed to => 88
3 => changing to UW
1 => 90 iterations changed to => 89
1 => changing to UW
1 => changing to UW
1 => 94 iterations changed to => 93
1 => changing to UW
3 => changing to UW
2 => 112 iterations changed to => 111
1 => 99 iterations changed to => 98
1 => 102 iterations changed to => 101
3 => changing to UW
2 => 119 iterations changed to => 118
1 => 105 iterations changed to => 104
3 => changing to UW
1 => changing to UW
1 => changing to UW
2 => 132 iterations changed to => 131
2 => 132 iterations changed to => 125
3 => 101 iterations changed to => 97
2 => 126 iterations changed to => 113
3 => 98 iterations changed to => 94
2 => 114 iterations changed to => 108
2 => 109 iterations changed to => 100
1 => 123 iterations changed to => 122
1 => changing to UW
3 => changing to UW
2 => 102 iterations changed to => 101
2 => changing to UW
3 => 104 iterations changed to => 103
1 => 129 iterations changed to => 128
3 => 109 iterations changed to => 108
3 => changing to UW
1 => 129 iterations changed to => 114
1 => changing to UW
3 => 114 iterations changed to => 113
1 => 116 iterations changed to => 115
1 => 116 iterations changed to => 111
1 => 124 iterations changed to => 123
2 => 132 iterations changed to => 131
2 => 133 iterations changed to => 125
2 => 126 iterations changed to => 119
2 => 120 iterations changed to => 115
1 => 125 iterations changed to => 119
1 => 120 iterations changed to => 112
1 => 113 iterations changed to => 107
3 => 146 iterations changed to => 145
1 => 108 iterations changed to => 85
1 => 86 iterations changed to => 82
1 => 83 iterations changed to => 79
1 => 80 iterations changed to => 76
1 => 77 iterations changed to => 74
1 => changing to UW
2 => 129 iterations changed to => 128
2 => changing to UW
3 => 152 iterations changed to => 151
3 => 152 iterations changed to => 139
3 => changing to UW
3 => 140 iterations changed to => 134
3 => 135 iterations changed to => 128
3 => 129 iterations changed to => 124
3 => 125 iterations changed to => 119
2 => 134 iterations changed to => 121
3 => 120 iterations changed to => 95
1 => 76 iterations changed to => 75
2 => 122 iterations changed to => 117
3 => 97 iterations changed to => 96
2 => 118 iterations changed to => 108
1 => 77 iterations changed to => 76
3 => changing to UW
1 => changing to UW
2 => 109 iterations changed to => 105
2 => 106 iterations changed to => 50
2 => changing to UW
3 => 104 iterations changed to => 103
1 => changing to UW
1 => 85 iterations changed to => 84
2 => 52 iterations changed to => 51
2 => Outcome : Correct
2 =>: 82 <= UW iterations OR => 641
2 => new call tree total iteration : 71
1 => 89 iterations changed to => 88
3 => 107 iterations changed to => 106
2 => 73 iterations changed to => 72
2 => changing to UW
1 => changing to UW
3 => 110 iterations changed to => 109
3 => changing to UW
1 => 96 iterations changed to => 95
2 => 82 iterations changed to => 81
2 => changing to UW
2 => 86 iterations changed to => 85
2 => 90 iterations changed to => 89
3 => 118 iterations changed to => 117
3 => changing to UW
2 => 95 iterations changed to => 94
2 => 99 iterations changed to => 98
1 => changing to UW
1 => 123 iterations changed to => 122
3 => 137 iterations changed to => 136
1 => 126 iterations changed to => 114
3 => changing to UW
2 => changing to UW
1 => 115 iterations changed to => 108
1 => 109 iterations changed to => 102
1 => 103 iterations changed to => 99
3 => 144 iterations changed to => 142
1 => Outcome : Correct
1 =>: 152 <= UW iterations OR => 665
3 => 143 iterations changed to => 129
1 => new call tree total iteration : 75
1 => Outcome : ReachedBound
1 =>: 152 <= UW iterations OR => 666
1 => new call tree total iteration : 80
1 => changing to UW
1 => Outcome : ReachedBound
1 =>: 153 <= UW iterations OR => 666
1 => new call tree total iteration : 84
1 => changing to UW
1 => Outcome : ReachedBound
1 =>: 154 <= UW iterations OR => 666
3 => 134 iterations changed to => 131
3 => 132 iterations changed to => 123
1 => new call tree total iteration : 87
2 => changing to UW
3 => 124 iterations changed to => 120
3 => 121 iterations changed to => 113
3 => 114 iterations changed to => 90
3 => Outcome : ReachedBound
3 =>: 112 <= UW iterations OR => 682
1 => 98 iterations changed to => 97
3 => new call tree total iteration : 101
1 => 104 iterations changed to => 103
1 => changing to UW
1 => 111 iterations changed to => 110
1 => changing to UW
1 => 115 iterations changed to => 114
1 => changing to UW
2 => 132 iterations changed to => 130
2 => 131 iterations changed to => 125
2 => 126 iterations changed to => 123
2 => 124 iterations changed to => 119
2 => 120 iterations changed to => 115
3 => changing to UW
2 => 116 iterations changed to => 113
2 => 114 iterations changed to => 110
2 => 111 iterations changed to => 106
2 => changing to UW
2 => Outcome : ReachedBound
2 =>: 87 <= UW iterations OR => 711
3 => 132 iterations changed to => 127
3 => 128 iterations changed to => 120
3 => 121 iterations changed to => 115
3 => changing to UW
3 => 117 iterations changed to => 116
3 => 117 iterations changed to => 110
3 => Outcome : ReachedBound
3 =>: 114 <= UW iterations OR => 717
2 => new call tree total iteration : 102
3 => new call tree total iteration : 88
2 => Outcome : ReachedBound
2 =>: 87 <= UW iterations OR => 712
3 => changing to UW
2 => new call tree total iteration : 117
3 => changing to UW
3 => 98 iterations changed to => 97
3 => changing to UW
2 => Outcome : ReachedBound
2 =>: 87 <= UW iterations OR => 713
3 => 101 iterations changed to => 100
2 => new call tree total iteration : 121
2 => Outcome : ReachedBound
2 =>: 87 <= UW iterations OR => 714
1 => 146 iterations changed to => 144
1 => 145 iterations changed to => 137
1 => 138 iterations changed to => 131
3 => 104 iterations changed to => 103
2 => new call tree total iteration : 126
1 => Outcome : ReachedBound
1 =>: 157 <= UW iterations OR => 729
2 => Outcome : ReachedBound
2 =>: 87 <= UW iterations OR => 715
1 => new call tree total iteration : 89
3 => Outcome : ReachedBound
3 =>: 117 <= UW iterations OR => 738
1 => 94 iterations changed to => 93
1 => changing to UW
3 => new call tree total iteration : 90
3 => changing to UW
2 => new call tree total iteration : 108
3 => 92 iterations changed to => 91
1 => 99 iterations changed to => 98
2 => changing to UW
3 => 95 iterations changed to => 94
3 => changing to UW
1 => 102 iterations changed to => 101
1 => changing to UW
2 => changing to UW
3 => 98 iterations changed to => 97
2 => changing to UW
1 => 105 iterations changed to => 104
3 => 100 iterations changed to => 99
1 => changing to UW
3 => changing to UW
2 => 142 iterations changed to => 139
2 => 140 iterations changed to => 134
2 => 135 iterations changed to => 130
2 => 131 iterations changed to => 127
2 => 128 iterations changed to => 122
2 => 123 iterations changed to => 115
2 => 116 iterations changed to => 109
2 => Outcome : ReachedBound
2 =>: 90 <= UW iterations OR => 753
1 => changing to UW
2 => new call tree total iteration : 107
2 => Outcome : ReachedBound
2 =>: 90 <= UW iterations OR => 754
3 => 134 iterations changed to => 133
2 => new call tree total iteration : 101
2 => Outcome : ReachedBound
2 =>: 90 <= UW iterations OR => 755
3 => 140 iterations changed to => 139
2 => new call tree total iteration : 115
2 => Outcome : ReachedBound
2 =>: 90 <= UW iterations OR => 756
3 => 140 iterations changed to => 125
2 => new call tree total iteration : 119
2 => Outcome : ReachedBound
2 =>: 90 <= UW iterations OR => 757
1 => 147 iterations changed to => 142
1 => 143 iterations changed to => 134
2 => new call tree total iteration : 123
2 => Outcome : ReachedBound
2 =>: 90 <= UW iterations OR => 758
1 => 135 iterations changed to => 130
1 => Outcome : ReachedBound
1 =>: 161 <= UW iterations OR => 790
3 => 128 iterations changed to => 127
3 => 128 iterations changed to => 122
3 => Outcome : ReachedBound
3 =>: 120 <= UW iterations OR => 796
2 => new call tree total iteration : 109
2 => Outcome : ReachedBound
2 =>: 90 <= UW iterations OR => 759
1 => new call tree total iteration : 114
1 => Outcome : ReachedBound
1 =>: 161 <= UW iterations OR => 791
Verification Outcome : OK
Time Taken : 2220.32196
2 => new call tree total iteration : 110
2 => changing to UW
Verifying mp_iobuildfsdirpsignaleventincompletiontimeout_0.bpl.bpl
Corral program verifier version 1.0.0.0
Corral program verifier version 1.0.0.0
http://localhost:5002/
http://localhost:5002/
Corral program verifier version 1.0.0.0
http://localhost:5002/
1 => changing to UW
1 => Outcome : Correct
1 =>: 3 <= UW iterations OR => 0
2 => new call tree total iteration : 2
2 => changing to UW
2 => changing to UW
2 => Outcome : Correct
2 =>: 10 <= UW iterations OR => 1
3 => new call tree total iteration : 12
3 => changing to UW
3 => Outcome : Correct
3 =>: 3 <= UW iterations OR => 0
1 => new call tree total iteration : 14
1 => changing to UW
2 => new call tree total iteration : 17
2 => changing to UW
2 => Outcome : Correct
2 =>: 11 <= UW iterations OR => 1
1 => changing to UW
3 => new call tree total iteration : 20
3 => changing to UW
2 => new call tree total iteration : 22
3 => 24 iterations changed to => 21
3 => changing to UW
3 => Outcome : Correct
3 =>: 7 <= UW iterations OR => 1
2 => changing to UW
3 => new call tree total iteration : 25
3 => changing to UW
1 => changing to UW
3 => Outcome : Correct
3 =>: 11 <= UW iterations OR => 2
2 => changing to UW
1 => changing to UW
3 => new call tree total iteration : 27
2 => changing to UW
1 => changing to UW
3 => changing to UW
1 => changing to UW
3 => changing to UW
2 => changing to UW
3 => Outcome : ReachedBound
3 =>: 14 <= UW iterations OR => 7
1 => changing to UW
3 => new call tree total iteration : 23
3 => changing to UW
3 => Outcome : Correct
3 =>: 15 <= UW iterations OR => 7
1 => changing to UW
1 => changing to UW
2 => changing to UW
1 => changing to UW
2 => Outcome : ReachedBound
2 =>: 20 <= UW iterations OR => 11
1 => changing to UW
2 => new call tree total iteration : 56
1 => changing to UW
1 => changing to UW
2 => changing to UW
2 => 58 iterations changed to => 57
3 => new call tree total iteration : 40
2 => changing to UW
1 => changing to UW
2 => changing to UW
3 => changing to UW
3 => 46 iterations changed to => 41
3 => changing to UW
1 => 75 iterations changed to => 74
1 => changing to UW
3 => changing to UW
2 => changing to UW
3 => changing to UW
2 => changing to UW
3 => 49 iterations changed to => 48
3 => changing to UW
3 => Outcome : ReachedBound
3 =>: 23 <= UW iterations OR => 14
1 => changing to UW
1 => 85 iterations changed to => 84
1 => changing to UW
2 => changing to UW
3 => new call tree total iteration : 57
3 => changing to UW
3 => Outcome : ReachedBound
3 =>: 24 <= UW iterations OR => 14
3 => new call tree total iteration : 71
1 => 94 iterations changed to => 93
2 => 98 iterations changed to => 97
3 => changing to UW
1 => changing to UW
3 => changing to UW
3 => changing to UW
2 => changing to UW
1 => 102 iterations changed to => 101
3 => 86 iterations changed to => 85
2 => 110 iterations changed to => 109
1 => changing to UW
3 => changing to UW
3 => 96 iterations changed to => 95
3 => changing to UW
1 => 125 iterations changed to => 119
1 => 120 iterations changed to => 110
3 => changing to UW
2 => 145 iterations changed to => 140
2 => 141 iterations changed to => 130
2 => 131 iterations changed to => 119
1 => 122 iterations changed to => 121
2 => changing to UW
1 => 125 iterations changed to => 113
1 => 118 iterations changed to => 117
1 => changing to UW
1 => 126 iterations changed to => 124
1 => Outcome : ReachedBound
1 =>: 45 <= UW iterations OR => 105
1 => new call tree total iteration : 72
2 => 148 iterations changed to => 142
2 => 143 iterations changed to => 133
2 => 134 iterations changed to => 124
2 => changing to UW
3 => 141 iterations changed to => 140
3 => 141 iterations changed to => 134
3 => changing to UW
3 => 136 iterations changed to => 127
3 => 128 iterations changed to => 120
3 => 121 iterations changed to => 112
3 => 113 iterations changed to => 103
2 => changing to UW
3 => changing to UW
2 => changing to UW
2 => changing to UW
1 => 84 iterations changed to => 83
1 => changing to UW
1 => 95 iterations changed to => 94
2 => 146 iterations changed to => 138
2 => 141 iterations changed to => 140
2 => 146 iterations changed to => 128
2 => changing to UW
2 => 132 iterations changed to => 131
2 => changing to UW
1 => changing to UW
1 => changing to UW
1 => 122 iterations changed to => 121
2 => 146 iterations changed to => 140
2 => 141 iterations changed to => 85
2 => Outcome : ReachedBound
2 =>: 35 <= UW iterations OR => 173
3 => 146 iterations changed to => 143
3 => 144 iterations changed to => 135
3 => 136 iterations changed to => 127
3 => 128 iterations changed to => 118
1 => changing to UW
1 => changing to UW
2 => new call tree total iteration : 110
2 => Outcome : ReachedBound
2 =>: 35 <= UW iterations OR => 174
1 => 137 iterations changed to => 129
1 => 130 iterations changed to => 112
1 => changing to UW
1 => 115 iterations changed to => 113
1 => changing to UW
2 => new call tree total iteration : 73
2 => 75 iterations changed to => 74
2 => changing to UW
2 => changing to UW
2 => changing to UW
2 => 87 iterations changed to => 86
1 => changing to UW
3 => 146 iterations changed to => 145
3 => 146 iterations changed to => 138
3 => 139 iterations changed to => 130
3 => 131 iterations changed to => 122
1 => changing to UW
1 => 132 iterations changed to => 130
3 => Outcome : ReachedBound
3 =>: 33 <= UW iterations OR => 161
2 => 97 iterations changed to => 96
2 => changing to UW
1 => 138 iterations changed to => 137
2 => changing to UW
3 => new call tree total iteration : 103
1 => 142 iterations changed to => 122
1 => Outcome : ReachedBound
1 =>: 56 <= UW iterations OR => 199
2 => changing to UW
1 => new call tree total iteration : 106
2 => 124 iterations changed to => 123
3 => 121 iterations changed to => 120
1 => changing to UW
2 => changing to UW
2 => 133 iterations changed to => 132
1 => 116 iterations changed to => 115
3 => changing to UW
1 => changing to UW
1 => changing to UW
1 => 125 iterations changed to => 124
3 => 137 iterations changed to => 136
3 => changing to UW
2 => 142 iterations changed to => 140
3 => changing to UW
2 => 144 iterations changed to => 114
2 => Outcome : ReachedBound
2 =>: 44 <= UW iterations OR => 244
1 => 132 iterations changed to => 131
3 => 144 iterations changed to => 143
3 => 145 iterations changed to => 128
3 => 129 iterations changed to => 112
2 => new call tree total iteration : 104
1 => changing to UW
1 => 140 iterations changed to => 138
2 => 106 iterations changed to => 105
3 => 125 iterations changed to => 124
2 => changing to UW
1 => 146 iterations changed to => 145
1 => 148 iterations changed to => 107
1 => 111 iterations changed to => 110
1 => changing to UW
2 => changing to UW
1 => 118 iterations changed to => 117
3 => 140 iterations changed to => 139
1 => changing to UW
3 => 145 iterations changed to => 132
3 => 133 iterations changed to => 116
3 => Outcome : ReachedBound
3 =>: 36 <= UW iterations OR => 241
1 => changing to UW
1 => 127 iterations changed to => 125
2 => 135 iterations changed to => 134
3 => new call tree total iteration : 113
2 => 142 iterations changed to => 141
3 => changing to UW
3 => 116 iterations changed to => 114
3 => changing to UW
1 => 140 iterations changed to => 139
2 => 147 iterations changed to => 127
1 => 146 iterations changed to => 145
1 => changing to UW
2 => 136 iterations changed to => 135
2 => changing to UW
1 => 149 iterations changed to => 132
1 => Outcome : ReachedBound
1 =>: 64 <= UW iterations OR => 288
2 => changing to UW
2 => 146 iterations changed to => 142
2 => 143 iterations changed to => 128
2 => Outcome : ReachedBound
2 =>: 48 <= UW iterations OR => 308
3 => 136 iterations changed to => 135
1 => new call tree total iteration : 120
3 => 143 iterations changed to => 142
3 => changing to UW
1 => 122 iterations changed to => 121
1 => changing to UW
3 => 146 iterations changed to => 128
2 => new call tree total iteration : 121
3 => 133 iterations changed to => 132
1 => 129 iterations changed to => 128
2 => 123 iterations changed to => 122
2 => changing to UW
1 => 136 iterations changed to => 135
2 => 130 iterations changed to => 129
2 => changing to UW
3 => 146 iterations changed to => 139
3 => Outcome : ReachedBound
3 =>: 39 <= UW iterations OR => 295
1 => Outcome : ReachedBound
1 =>: 65 <= UW iterations OR => 313
2 => changing to UW
2 => Outcome : ReachedBound
2 =>: 51 <= UW iterations OR => 323
3 => new call tree total iteration : 142
1 => new call tree total iteration : 136
3 => Outcome : ReachedBound
3 =>: 39 <= UW iterations OR => 297
1 => Outcome : ReachedBound
1 =>: 65 <= UW iterations OR => 315
2 => new call tree total iteration : 143
2 => Outcome : ReachedBound
2 =>: 51 <= UW iterations OR => 325
3 => new call tree total iteration : 137
3 => Outcome : ReachedBound
3 =>: 39 <= UW iterations OR => 299
1 => new call tree total iteration : 144
1 => Outcome : ReachedBound
1 =>: 65 <= UW iterations OR => 317
2 => new call tree total iteration : 138
2 => changing to UW
3 => new call tree total iteration : 145
2 => changing to UW
1 => new call tree total iteration : 139
3 => 147 iterations changed to => 146
2 => 147 iterations changed to => 145
1 => Outcome : ReachedBound
1 =>: 65 <= UW iterations OR => 318
2 => Outcome : ReachedBound
2 =>: 53 <= UW iterations OR => 333
3 => Outcome : ReachedBound
3 =>: 39 <= UW iterations OR => 302
1 => new call tree total iteration : 141
1 => Outcome : ReachedBound
1 =>: 65 <= UW iterations OR => 319
3 => new call tree total iteration : 147
Verification Outcome : OK
Time Taken : 607.345992
2 => new call tree total iteration : 146
Verifying serial_markingqueuedirps_1.bpl.bpl
Corral program verifier version 1.0.0.0
Corral program verifier version 1.0.0.0
Corral program verifier version 1.0.0.0
http://localhost:5002/
http://localhost:5002/
http://localhost:5002/
1 => changing to UW
1 => Outcome : Correct
1 =>: 3 <= UW iterations OR => 0
2 => new call tree total iteration : 2
2 => changing to UW
2 => Outcome : Correct
2 =>: 26 <= UW iterations OR => 0
3 => new call tree total iteration : 27
3 => changing to UW
1 => new call tree total iteration : 28
1 => Outcome : Correct
1 =>: 3 <= UW iterations OR => 1
2 => new call tree total iteration : 31
3 => 36 iterations changed to => 35
3 => changing to UW
2 => Outcome : Correct
2 =>: 26 <= UW iterations OR => 1
3 => changing to UW
1 => new call tree total iteration : 32
1 => changing to UW
3 => changing to UW
1 => changing to UW
2 => new call tree total iteration : 33
3 => changing to UW
1 => changing to UW
2 => changing to UW
3 => changing to UW
2 => changing to UW
1 => changing to UW
3 => changing to UW
3 => changing to UW
2 => changing to UW
3 => 64 iterations changed to => 63
2 => 50 iterations changed to => 34
2 => changing to UW
2 => Outcome : Correct
2 =>: 32 <= UW iterations OR => 13
2 => new call tree total iteration : 36
1 => changing to UW
2 => 39 iterations changed to => 38
1 => changing to UW
2 => changing to UW
2 => Outcome : Correct
2 =>: 34 <= UW iterations OR => 19
3 => changing to UW
1 => changing to UW
2 => new call tree total iteration : 61
2 => Outcome : Correct
2 =>: 34 <= UW iterations OR => 20
1 => changing to UW
3 => Outcome : ReachedBound
3 =>: 20 <= UW iterations OR => 28
1 => changing to UW
3 => new call tree total iteration : 77
3 => changing to UW
3 => 79 iterations changed to => 78
3 => Outcome : Correct
3 =>: 21 <= UW iterations OR => 30
2 => new call tree total iteration : 72
3 => new call tree total iteration : 78
3 => Outcome : Correct
3 =>: 21 <= UW iterations OR => 31
1 => Outcome : Correct
1 =>: 19 <= UW iterations OR => 44
2 => Outcome : ReachedBound
2 =>: 34 <= UW iterations OR => 22
3 => new call tree total iteration : 90
1 => new call tree total iteration : 73
1 => changing to UW
3 => 99 iterations changed to => 92
3 => Outcome : ReachedBound
3 =>: 21 <= UW iterations OR => 41
2 => new call tree total iteration : 91
1 => changing to UW
1 => 83 iterations changed to => 82
3 => new call tree total iteration : 74
3 => changing to UW
3 => 77 iterations changed to => 75
2 => changing to UW
3 => changing to UW
3 => 80 iterations changed to => 79
3 => changing to UW
1 => 93 iterations changed to => 92
1 => changing to UW
2 => 116 iterations changed to => 115
1 => changing to UW
1 => 98 iterations changed to => 97
3 => changing to UW
1 => 102 iterations changed to => 101
1 => changing to UW
3 => changing to UW
2 => changing to UW
3 => 95 iterations changed to => 94
1 => changing to UW
2 => 134 iterations changed to => 130
3 => 98 iterations changed to => 97
2 => changing to UW
2 => 133 iterations changed to => 132
3 => changing to UW
2 => 134 iterations changed to => 122
2 => 123 iterations changed to => 108
1 => 110 iterations changed to => 109
2 => changing to UW
2 => 114 iterations changed to => 113
3 => 101 iterations changed to => 100
1 => 111 iterations changed to => 105
1 => 107 iterations changed to => 106
1 => 110 iterations changed to => 109
1 => 111 iterations changed to => 86
3 => 109 iterations changed to => 107
3 => 108 iterations changed to => 103
1 => 88 iterations changed to => 87
3 => 105 iterations changed to => 104
1 => changing to UW
2 => 134 iterations changed to => 133
2 => 134 iterations changed to => 127
2 => 128 iterations changed to => 120
2 => changing to UW
1 => 93 iterations changed to => 92
2 => changing to UW
3 => 108 iterations changed to => 107
2 => 128 iterations changed to => 127
3 => 109 iterations changed to => 89
1 => changing to UW
1 => 97 iterations changed to => 96
3 => 91 iterations changed to => 90
2 => 134 iterations changed to => 133
2 => changing to UW
2 => 137 iterations changed to => 100
2 => 101 iterations changed to => 92
2 => changing to UW
2 => Outcome : ReachedBound
2 =>: 42 <= UW iterations OR => 114
1 => changing to UW
3 => changing to UW
2 => new call tree total iteration : 84
3 => 101 iterations changed to => 100
3 => changing to UW
1 => 110 iterations changed to => 109
1 => 110 iterations changed to => 105
1 => 106 iterations changed to => 100
3 => 105 iterations changed to => 104
2 => 89 iterations changed to => 88
1 => changing to UW
1 => 103 iterations changed to => 102
2 => changing to UW
1 => 107 iterations changed to => 106
2 => 93 iterations changed to => 92
3 => 108 iterations changed to => 107
3 => 108 iterations changed to => 96
3 => changing to UW
3 => 97 iterations changed to => 93
3 => changing to UW
1 => Outcome : ReachedBound
1 =>: 34 <= UW iterations OR => 120
3 => 96 iterations changed to => 95
3 => changing to UW
3 => 99 iterations changed to => 98
1 => new call tree total iteration : 85
2 => 105 iterations changed to => 104
1 => 87 iterations changed to => 86
2 => 107 iterations changed to => 100
2 => 101 iterations changed to => 96
2 => 98 iterations changed to => 97
3 => 105 iterations changed to => 104
1 => 90 iterations changed to => 89
3 => changing to UW
1 => changing to UW
2 => 102 iterations changed to => 101
3 => 108 iterations changed to => 107
3 => 109 iterations changed to => 100
3 => 102 iterations changed to => 101
2 => 107 iterations changed to => 104
2 => changing to UW
1 => 102 iterations changed to => 101
3 => 105 iterations changed to => 104
2 => 108 iterations changed to => 105
2 => 107 iterations changed to => 106
1 => 107 iterations changed to => 105
1 => changing to UW
2 => Outcome : ReachedBound
2 =>: 44 <= UW iterations OR => 159
3 => 108 iterations changed to => 106
1 => 108 iterations changed to => 107
1 => changing to UW
1 => 108 iterations changed to => 97
1 => Outcome : ReachedBound
1 =>: 38 <= UW iterations OR => 146
3 => Outcome : ReachedBound
3 =>: 35 <= UW iterations OR => 133
2 => new call tree total iteration : 93
2 => Outcome : ReachedBound
2 =>: 44 <= UW iterations OR => 161
1 => new call tree total iteration : 107
1 => Outcome : ReachedBound
1 =>: 38 <= UW iterations OR => 147
3 => new call tree total iteration : 94
3 => Outcome : ReachedBound
3 =>: 35 <= UW iterations OR => 136
2 => new call tree total iteration : 95
1 => new call tree total iteration : 96
2 => Outcome : ReachedBound
2 =>: 44 <= UW iterations OR => 163
1 => 103 iterations changed to => 102
1 => 106 iterations changed to => 105
1 => changing to UW
1 => 108 iterations changed to => 98
3 => new call tree total iteration : 96
2 => new call tree total iteration : 97
1 => 100 iterations changed to => 99
2 => 99 iterations changed to => 98
1 => 104 iterations changed to => 103
2 => changing to UW
1 => 107 iterations changed to => 106
1 => Outcome : ReachedBound
1 =>: 39 <= UW iterations OR => 172
2 => 108 iterations changed to => 105
3 => 103 iterations changed to => 102
2 => 107 iterations changed to => 106
3 => 105 iterations changed to => 104
3 => changing to UW
2 => Outcome : ReachedBound
2 =>: 45 <= UW iterations OR => 178
3 => 107 iterations changed to => 106
3 => changing to UW
1 => new call tree total iteration : 101
3 => 109 iterations changed to => 99
3 => 101 iterations changed to => 100
2 => new call tree total iteration : 97
3 => 103 iterations changed to => 102
3 => changing to UW
1 => 106 iterations changed to => 105
1 => 107 iterations changed to => 102
2 => 99 iterations changed to => 98
2 => changing to UW
3 => 105 iterations changed to => 104
1 => 104 iterations changed to => 103
1 => changing to UW
3 => 107 iterations changed to => 106
1 => changing to UW
1 => changing to UW
1 => 110 iterations changed to => 108
3 => Outcome : ReachedBound
3 =>: 38 <= UW iterations OR => 162
1 => 109 iterations changed to => 106
2 => changing to UW
2 => 107 iterations changed to => 106
2 => 109 iterations changed to => 102
1 => 108 iterations changed to => 107
2 => 104 iterations changed to => 103
2 => 106 iterations changed to => 105
3 => new call tree total iteration : 99
1 => Outcome : ReachedBound
1 =>: 42 <= UW iterations OR => 189
2 => changing to UW
3 => 102 iterations changed to => 101
2 => 109 iterations changed to => 108
2 => Outcome : ReachedBound
2 =>: 48 <= UW iterations OR => 199
3 => Outcome : ReachedBound
3 =>: 38 <= UW iterations OR => 169
1 => new call tree total iteration : 100
1 => Outcome : ReachedBound
1 =>: 42 <= UW iterations OR => 191
2 => new call tree total iteration : 104
2 => changing to UW
2 => 107 iterations changed to => 106
2 => Outcome : ReachedBound
2 =>: 49 <= UW iterations OR => 203
3 => new call tree total iteration : 101
3 => changing to UW
3 => Outcome : ReachedBound
3 =>: 39 <= UW iterations OR => 170
1 => new call tree total iteration : 105
1 => Outcome : ReachedBound
1 =>: 42 <= UW iterations OR => 193
2 => new call tree total iteration : 102
2 => changing to UW
2 => Outcome : ReachedBound
2 =>: 51 <= UW iterations OR => 205
3 => new call tree total iteration : 106
1 => new call tree total iteration : 103
3 => Outcome : ReachedBound
3 =>: 39 <= UW iterations OR => 172
1 => Outcome : ReachedBound
1 =>: 42 <= UW iterations OR => 195
2 => new call tree total iteration : 107
3 => new call tree total iteration : 104
2 => Outcome : ReachedBound
2 =>: 51 <= UW iterations OR => 206
3 => Outcome : ReachedBound
3 =>: 39 <= UW iterations OR => 175
1 => new call tree total iteration : 105
1 => Outcome : ReachedBound
1 =>: 42 <= UW iterations OR => 197
2 => new call tree total iteration : 106
2 => Outcome : ReachedBound
2 =>: 51 <= UW iterations OR => 207
3 => new call tree total iteration : 106
3 => Outcome : ReachedBound
3 =>: 39 <= UW iterations OR => 178
1 => new call tree total iteration : 107
1 => Outcome : ReachedBound
1 =>: 42 <= UW iterations OR => 199
2 => new call tree total iteration : 108
2 => Outcome : ReachedBound
2 =>: 51 <= UW iterations OR => 208
3 => new call tree total iteration : 108
3 => Outcome : ReachedBound
3 =>: 39 <= UW iterations OR => 179
Verification Outcome : OK
Time Taken : 1201.734488
