Verifying filter_ioallocateirpsignaleventincompletion_0.bpl.bpl
Corral program verifier version 1.0.0.0
http://localhost:5002/
1 => Popped From Local Stack
1 => 6 2
1 => Popped From Local Stack
1 => 100 48
1 => Popped From Local Stack
1 => 170 82
1 => Popped From Local Stack
1 => 436 214
1 => Popped From Local Stack
1 => 576 283
1 => Popped From Local Stack
1 => 608 298
1 => Popped From Local Stack
1 => 628 307
1 => Popped From Local Stack
1 => 630 307
1 => Popped From Local Stack
1 => 632 307
1 => Popped From Local Stack
1 => 636 308
1 => Popped From Local Stack
1 => 712 345
1 => Popped From Local Stack
1 => 752 364
1 => Popped From Local Stack
1 => 754 364
1 => Popped From Local Stack
1 => 756 364
1 => Popped From Local Stack
1 => 786 378
1 => Popped From Local Stack
1 => 848 408
1 => Popped From Local Stack
1 => 854 410
1 => Popped From Local Stack
1 => 856 410
1 => Popped From Local Stack
1 => 858 410
1 => Popped From Local Stack
1 => 874 417
1 => Popped From Local Stack
1 => 964 461
1 => Popped From Local Stack
1 => 966 461
1 => Popped From Local Stack
1 => 996 475
1 => Popped From Local Stack
1 => 998 475
1 => Popped From Local Stack
1 => 1000 475
1 => Popped From Local Stack
1 => 1002 475
1 => Popped From Local Stack
1 => 1004 475
1 => Popped From Local Stack
1 => 1006 475
1 => Popped From Local Stack
1 => 1008 475
1 => Popped From Local Stack
1 => 1010 475
1 => Popped From Local Stack
1 => 1012 475
1 => Popped From Local Stack
1 => 1014 475
1 => Popped From Local Stack
1 => 1072 503
1 => Popped From Local Stack
1 => 1220 576
1 => Popped From Local Stack
1 => 1242 586
1 => Popped From Local Stack
1 => 1244 586
1 => Popped From Local Stack
1 => 1246 586
1 => Popped From Local Stack
1 => 1248 586
1 => Popped From Local Stack
1 => 1250 586
1 => Popped From Local Stack
1 => 1252 586
1 => Popped From Local Stack
1 => 1416 667
1 => Popped From Local Stack
1 => 1436 676
1 => Popped From Local Stack
1 => 1438 676
1 => Popped From Local Stack
1 => 1440 676
1 => Popped From Local Stack
1 => 1442 676
1 => Popped From Local Stack
1 => 1444 676
1 => Popped From Local Stack
1 => 1446 676
1 => Popped From Local Stack
1 => 1448 676
1 => Popped From Local Stack
1 => 1450 676
1 => Popped From Local Stack
1 => 1452 676
1 => Popped From Local Stack
1 => 1454 676
1 => Outcome : ReachedBound
1 =>: 0 <= UW iterations OR => 728
1 => 1456 676
1 => new call tree total iteration : 0
Verification Outcome : OK
Time Taken : 827.556899
Verifying flpydisk_irqlexapclte1_1.bpl.bpl
Corral program verifier version 1.0.0.0
http://localhost:5002/
1 => Popped From Local Stack
1 => 6 2
1 => Popped From Local Stack
1 => 40 18
1 => Popped From Local Stack
1 => 48 21
1 => Popped From Local Stack
1 => 78 35
1 => Popped From Local Stack
1 => 80 35
1 => Popped From Local Stack
1 => 142 65
1 => Popped From Local Stack
1 => 144 65
1 => Popped From Local Stack
1 => 146 65
1 => Popped From Local Stack
1 => 148 65
1 => Popped From Local Stack
1 => 150 65
1 => Popped From Local Stack
1 => 152 65
1 => Outcome : ReachedBound
1 =>: 0 <= UW iterations OR => 77
1 => 154 65
1 => new call tree total iteration : 0
Verification Outcome : OK
Time Taken : 1207.323578
Verifying sys_zwregistrycreate_0.bpl.bpl
Corral program verifier version 1.0.0.0
http://localhost:5002/
1 => Popped From Local Stack
1 => 6 2
1 => Popped From Local Stack
1 => 52 24
1 => Outcome : Correct
1 =>: 0 <= UW iterations OR => 27
1 => 54 24
Verification Outcome : OK
Time Taken : 615.30993
1 => new call tree total iteration : 0
Verifying driver_irqlkedispatchlte_1.bpl.bpl
Corral program verifier version 1.0.0.0
http://localhost:5002/
1 => Popped From Local Stack
1 => 6 2
1 => Popped From Local Stack
1 => 86 41
1 => Popped From Local Stack
1 => 124 59
1 => Popped From Local Stack
1 => 160 76
1 => Popped From Local Stack
1 => 516 253
1 => Popped From Local Stack
1 => 532 260
1 => Popped From Local Stack
1 => 550 268
1 => Popped From Local Stack
1 => 1000 492
1 => Popped From Local Stack
1 => 1012 497
1 => Popped From Local Stack
1 => 1024 502
1 => Popped From Local Stack
1 => 1036 507
1 => Popped From Local Stack
1 => 1048 512
1 => Popped From Local Stack
1 => 1060 517
1 => Popped From Local Stack
1 => 1158 565
1 => Popped From Local Stack
1 => 1286 628
1 => Popped From Local Stack
1 => 1296 632
1 => Popped From Local Stack
1 => 1306 636
1 => Popped From Local Stack
1 => 1340 652
1 => Popped From Local Stack
1 => 1342 652
1 => Popped From Local Stack
1 => 1344 652
1 => Popped From Local Stack
1 => 1346 652
1 => Popped From Local Stack
1 => 1348 652
1 => Popped From Local Stack
1 => 1350 652
1 => Popped From Local Stack
1 => 1352 652
1 => Popped From Local Stack
1 => 1354 652
1 => Popped From Local Stack
1 => 1356 652
1 => Popped From Local Stack
1 => 1358 652
1 => Popped From Local Stack
1 => 1360 652
1 => Popped From Local Stack
1 => 1362 652
1 => Popped From Local Stack
1 => 1364 652
1 => Popped From Local Stack
1 => 1366 652
1 => Popped From Local Stack
1 => 1368 652
1 => Popped From Local Stack
1 => 1370 652
1 => Popped From Local Stack
1 => 1372 652
1 => Popped From Local Stack
1 => 1380 655
1 => Popped From Local Stack
1 => 1390 659
1 => Popped From Local Stack
1 => 1406 666
1 => Popped From Local Stack
1 => 1408 666
1 => Popped From Local Stack
1 => 1410 666
1 => Popped From Local Stack
1 => 1412 666
1 => Popped From Local Stack
1 => 1414 666
1 => Popped From Local Stack
1 => 1416 666
1 => Popped From Local Stack
1 => 1418 666
1 => Popped From Local Stack
1 => 1420 666
1 => Popped From Local Stack
1 => 1422 666
1 => Popped From Local Stack
1 => 1424 666
1 => Popped From Local Stack
1 => 1426 666
1 => Popped From Local Stack
1 => 1428 666
1 => Popped From Local Stack
1 => 1430 666
1 => Popped From Local Stack
1 => 1432 666
1 => Popped From Local Stack
1 => 1434 666
1 => Popped From Local Stack
1 => 1436 666
1 => Popped From Local Stack
1 => 1438 666
1 => Popped From Local Stack
1 => 1440 666
1 => Popped From Local Stack
1 => 1442 666
1 => Popped From Local Stack
1 => 1444 666
1 => Popped From Local Stack
1 => 1446 666
1 => Popped From Local Stack
1 => 1448 666
1 => Popped From Local Stack
1 => 1450 666
1 => Popped From Local Stack
1 => 1454 667
1 => Popped From Local Stack
1 => 1468 673
1 => Popped From Local Stack
1 => 1480 678
1 => Popped From Local Stack
1 => 1494 684
1 => Popped From Local Stack
1 => 1508 690
1 => Popped From Local Stack
1 => 1604 737
1 => Popped From Local Stack
1 => 1738 803
1 => Popped From Local Stack
1 => 1748 807
1 => Popped From Local Stack
1 => 1758 811
1 => Popped From Local Stack
1 => 1788 825
1 => Popped From Local Stack
1 => 1790 825
1 => Popped From Local Stack
1 => 1792 825
1 => Popped From Local Stack
1 => 1794 825
1 => Popped From Local Stack
1 => 1796 825
1 => Popped From Local Stack
1 => 1798 825
1 => Popped From Local Stack
1 => 1800 825
1 => Popped From Local Stack
1 => 1802 825
1 => Popped From Local Stack
1 => 1804 825
1 => Popped From Local Stack
1 => 1806 825
1 => Popped From Local Stack
1 => 1808 825
1 => Popped From Local Stack
1 => 1810 825
1 => Popped From Local Stack
1 => 1812 825
1 => Popped From Local Stack
1 => 1814 825
1 => Popped From Local Stack
1 => 1816 825
1 => Popped From Local Stack
1 => 1820 826
1 => Popped From Local Stack
1 => 1830 830
1 => Popped From Local Stack
1 => 1842 835
1 => Popped From Local Stack
1 => 1844 835
1 => Popped From Local Stack
1 => 1846 835
1 => Popped From Local Stack
1 => 1848 835
1 => Popped From Local Stack
1 => 1850 835
1 => Popped From Local Stack
1 => 1852 835
1 => Popped From Local Stack
1 => 1854 835
1 => Popped From Local Stack
1 => 1856 835
1 => Popped From Local Stack
1 => 1858 835
1 => Popped From Local Stack
1 => 1860 835
1 => Popped From Local Stack
1 => 1862 835
1 => Popped From Local Stack
1 => 1864 835
1 => Popped From Local Stack
1 => 1866 835
1 => Popped From Local Stack
1 => 1868 835
1 => Popped From Local Stack
1 => 1870 835
1 => Popped From Local Stack
1 => 1872 835
1 => Popped From Local Stack
1 => 1874 835
1 => Popped From Local Stack
1 => 1876 835
1 => Popped From Local Stack
1 => 1878 835
1 => Popped From Local Stack
1 => 1880 835
1 => Popped From Local Stack
1 => 1882 835
1 => Popped From Local Stack
1 => 1888 837
1 => Popped From Local Stack
1 => 1900 842
1 => Popped From Local Stack
1 => 1912 847
1 => Popped From Local Stack
1 => 1926 853
1 => Popped From Local Stack
1 => 1940 859
1 => Popped From Local Stack
1 => 2038 907
1 => Popped From Local Stack
1 => 2180 977
1 => Popped From Local Stack
1 => 2188 980
1 => Popped From Local Stack
1 => 2198 984
1 => Popped From Local Stack
1 => 2224 996
1 => Popped From Local Stack
1 => 2226 996
1 => Popped From Local Stack
1 => 2228 996
1 => Popped From Local Stack
1 => 2230 996
1 => Popped From Local Stack
1 => 2232 996
1 => Popped From Local Stack
1 => 2234 996
1 => Popped From Local Stack
1 => 2236 996
1 => Popped From Local Stack
1 => 2238 996
1 => Popped From Local Stack
1 => 2240 996
1 => Popped From Local Stack
1 => 2242 996
1 => Popped From Local Stack
1 => 2244 996
1 => Popped From Local Stack
1 => 2246 996
1 => Popped From Local Stack
1 => 2248 996
1 => Popped From Local Stack
1 => 2250 996
1 => Popped From Local Stack
1 => 2252 996
1 => Popped From Local Stack
1 => 2254 996
1 => Popped From Local Stack
1 => 2258 997
1 => Popped From Local Stack
1 => 2268 1001
1 => Popped From Local Stack
1 => 2272 1002
1 => Popped From Local Stack
1 => 2274 1002
1 => Popped From Local Stack
1 => 2276 1002
1 => Popped From Local Stack
1 => 2278 1002
1 => Popped From Local Stack
1 => 2280 1002
1 => Popped From Local Stack
1 => 2282 1002
1 => Popped From Local Stack
1 => 2284 1002
1 => Popped From Local Stack
1 => 2286 1002
1 => Popped From Local Stack
1 => 2288 1002
1 => Popped From Local Stack
1 => 2290 1002
1 => Popped From Local Stack
1 => 2292 1002
1 => Popped From Local Stack
1 => 2294 1002
1 => Popped From Local Stack
1 => 2296 1002
1 => Popped From Local Stack
1 => 2298 1002
1 => Popped From Local Stack
1 => 2300 1002
1 => Popped From Local Stack
1 => 2302 1002
1 => Popped From Local Stack
1 => 2304 1002
1 => Popped From Local Stack
1 => 2306 1002
1 => Popped From Local Stack
1 => 2308 1002
1 => Popped From Local Stack
1 => 2316 1005
1 => Popped From Local Stack
1 => 2332 1012
1 => Popped From Local Stack
1 => 2346 1018
1 => Popped From Local Stack
1 => 2364 1026
1 => Popped From Local Stack
1 => 2378 1032
1 => Popped From Local Stack
1 => 2446 1065
1 => Popped From Local Stack
1 => 2598 1140
1 => Popped From Local Stack
1 => 2608 1144
1 => Popped From Local Stack
1 => 2614 1146
1 => Popped From Local Stack
1 => 2616 1146
1 => Popped From Local Stack
1 => 2618 1146
1 => Popped From Local Stack
1 => 2620 1146
1 => Popped From Local Stack
1 => 2622 1146
1 => Popped From Local Stack
1 => 2624 1146
1 => Popped From Local Stack
1 => 2626 1146
1 => Popped From Local Stack
1 => 2628 1146
1 => Popped From Local Stack
1 => 2630 1146
1 => Popped From Local Stack
1 => 2632 1146
1 => Popped From Local Stack
1 => 2634 1146
1 => Popped From Local Stack
1 => 2636 1146
1 => Popped From Local Stack
1 => 2638 1146
1 => Popped From Local Stack
1 => 2640 1146
1 => Popped From Local Stack
1 => 2642 1146
1 => Popped From Local Stack
1 => 2644 1146
1 => Popped From Local Stack
1 => 2646 1146
1 => Popped From Local Stack
1 => 2648 1146
1 => Popped From Local Stack
1 => 2650 1146
1 => Popped From Local Stack
1 => 2652 1146
1 => Popped From Local Stack
1 => 2654 1146
1 => Popped From Local Stack
1 => 2656 1146
1 => Popped From Local Stack
1 => 2658 1146
1 => Popped From Local Stack
1 => 2660 1146
1 => Popped From Local Stack
1 => 2662 1146
1 => Popped From Local Stack
1 => 2664 1146
1 => Popped From Local Stack
1 => 2668 1147
1 => Popped From Local Stack
1 => 2688 1156
1 => Popped From Local Stack
1 => 3194 1408
1 => Popped From Local Stack
1 => 3206 1413
1 => Popped From Local Stack
1 => 3218 1418
1 => Popped From Local Stack
1 => 3232 1424
1 => Popped From Local Stack
1 => 3244 1429
1 => Popped From Local Stack
1 => 3256 1434
1 => Popped From Local Stack
1 => 3344 1477
1 => Popped From Local Stack
1 => 3462 1535
1 => Popped From Local Stack
1 => 3470 1538
1 => Popped From Local Stack
1 => 3478 1541
1 => Popped From Local Stack
1 => 3518 1560
1 => Popped From Local Stack
1 => 3520 1560
1 => Popped From Local Stack
1 => 3522 1560
1 => Popped From Local Stack
1 => 3524 1560
1 => Popped From Local Stack
1 => 3526 1560
1 => Popped From Local Stack
1 => 3528 1560
1 => Popped From Local Stack
1 => 3530 1560
1 => Popped From Local Stack
1 => 3532 1560
1 => Popped From Local Stack
1 => 3534 1560
1 => Popped From Local Stack
1 => 3536 1560
1 => Popped From Local Stack
1 => 3538 1560
1 => Popped From Local Stack
1 => 3540 1560
1 => Popped From Local Stack
1 => 3542 1560
1 => Popped From Local Stack
1 => 3544 1560
1 => Popped From Local Stack
1 => 3546 1560
1 => Popped From Local Stack
1 => 3548 1560
1 => Popped From Local Stack
1 => 3550 1560
1 => Popped From Local Stack
1 => 3552 1560
1 => Popped From Local Stack
1 => 3556 1561
1 => Popped From Local Stack
1 => 3566 1565
1 => Popped From Local Stack
1 => 3588 1575
1 => Popped From Local Stack
1 => 3590 1575
1 => Popped From Local Stack
1 => 3592 1575
1 => Popped From Local Stack
1 => 3594 1575
1 => Popped From Local Stack
1 => 3596 1575
1 => Popped From Local Stack
1 => 3598 1575
1 => Popped From Local Stack
1 => 3600 1575
1 => Popped From Local Stack
1 => 3602 1575
1 => Popped From Local Stack
1 => 3604 1575
1 => Popped From Local Stack
1 => 3606 1575
1 => Popped From Local Stack
1 => 3608 1575
1 => Popped From Local Stack
1 => 3610 1575
1 => Popped From Local Stack
1 => 3612 1575
1 => Popped From Local Stack
1 => 3614 1575
1 => Popped From Local Stack
1 => 3616 1575
1 => Popped From Local Stack
1 => 3618 1575
1 => Popped From Local Stack
1 => 3620 1575
1 => Popped From Local Stack
1 => 3622 1575
1 => Popped From Local Stack
1 => 3624 1575
1 => Popped From Local Stack
1 => 3626 1575
1 => Popped From Local Stack
1 => 3628 1575
1 => Popped From Local Stack
1 => 3630 1575
1 => Popped From Local Stack
1 => 3634 1576
1 => Popped From Local Stack
1 => 3646 1581
1 => Popped From Local Stack
1 => 3660 1587
1 => Popped From Local Stack
1 => 3672 1592
1 => Popped From Local Stack
1 => 3684 1597
1 => Popped From Local Stack
1 => 3782 1645
1 => Popped From Local Stack
1 => 3880 1693
1 => Popped From Local Stack
1 => 3908 1706
1 => Popped From Local Stack
1 => 3918 1710
1 => Popped From Local Stack
1 => 3926 1713
1 => Popped From Local Stack
1 => 3960 1729
1 => Popped From Local Stack
1 => 3962 1729
1 => Popped From Local Stack
1 => 3964 1729
1 => Popped From Local Stack
1 => 3966 1729
1 => Popped From Local Stack
1 => 3968 1729
1 => Popped From Local Stack
1 => 3970 1729
1 => Popped From Local Stack
1 => 3972 1729
1 => Popped From Local Stack
1 => 3974 1729
1 => Popped From Local Stack
1 => 3976 1729
1 => Popped From Local Stack
1 => 3978 1729
1 => Popped From Local Stack
1 => 3980 1729
1 => Popped From Local Stack
1 => 3982 1729
1 => Popped From Local Stack
1 => 3984 1729
1 => Popped From Local Stack
1 => 3986 1729
1 => Popped From Local Stack
1 => 3988 1729
1 => Popped From Local Stack
1 => 3992 1730
1 => Popped From Local Stack
1 => 4002 1734
1 => Popped From Local Stack
1 => 4014 1739
1 => Popped From Local Stack
1 => 4016 1739
1 => Popped From Local Stack
1 => 4018 1739
1 => Popped From Local Stack
1 => 4020 1739
1 => Popped From Local Stack
1 => 4022 1739
1 => Popped From Local Stack
1 => 4024 1739
1 => Popped From Local Stack
1 => 4026 1739
1 => Popped From Local Stack
1 => 4028 1739
1 => Popped From Local Stack
1 => 4030 1739
1 => Popped From Local Stack
1 => 4032 1739
1 => Popped From Local Stack
1 => 4034 1739
1 => Popped From Local Stack
1 => 4036 1739
1 => Popped From Local Stack
1 => 4038 1739
1 => Popped From Local Stack
1 => 4040 1739
1 => Popped From Local Stack
1 => 4042 1739
1 => Popped From Local Stack
1 => 4044 1739
1 => Popped From Local Stack
1 => 4046 1739
1 => Popped From Local Stack
1 => 4048 1739
1 => Popped From Local Stack
1 => 4050 1739
1 => Popped From Local Stack
1 => 4052 1739
1 => Popped From Local Stack
1 => 4054 1739
1 => Popped From Local Stack
1 => 4058 1740
1 => Popped From Local Stack
1 => 4074 1747
1 => Popped From Local Stack
1 => 4088 1753
1 => Popped From Local Stack
1 => 4102 1759
1 => Popped From Local Stack
1 => 4114 1764
1 => Popped From Local Stack
1 => 4192 1802
1 => Popped From Local Stack
1 => 4312 1861
1 => Popped From Local Stack
1 => 4330 1869
1 => Popped From Local Stack
1 => 4340 1873
1 => Popped From Local Stack
1 => 4350 1877
1 => Popped From Local Stack
1 => 4370 1886
1 => Popped From Local Stack
1 => 4372 1886
1 => Popped From Local Stack
1 => 4374 1886
1 => Popped From Local Stack
1 => 4376 1886
1 => Popped From Local Stack
1 => 4378 1886
1 => Popped From Local Stack
1 => 4380 1886
1 => Popped From Local Stack
1 => 4382 1886
1 => Popped From Local Stack
1 => 4384 1886
1 => Popped From Local Stack
1 => 4386 1886
1 => Popped From Local Stack
1 => 4388 1886
1 => Popped From Local Stack
1 => 4390 1886
1 => Popped From Local Stack
1 => 4392 1886
1 => Popped From Local Stack
1 => 4394 1886
1 => Popped From Local Stack
1 => 4396 1886
1 => Popped From Local Stack
1 => 4400 1887
1 => Popped From Local Stack
1 => 4410 1891
1 => Popped From Local Stack
1 => 4416 1893
1 => Popped From Local Stack
1 => 4418 1893
1 => Popped From Local Stack
1 => 4420 1893
1 => Popped From Local Stack
1 => 4422 1893
1 => Popped From Local Stack
1 => 4424 1893
1 => Popped From Local Stack
1 => 4426 1893
1 => Popped From Local Stack
1 => 4428 1893
1 => Popped From Local Stack
1 => 4430 1893
1 => Popped From Local Stack
1 => 4432 1893
1 => Popped From Local Stack
1 => 4434 1893
1 => Popped From Local Stack
1 => 4436 1893
1 => Popped From Local Stack
1 => 4438 1893
1 => Popped From Local Stack
1 => 4440 1893
1 => Popped From Local Stack
1 => 4442 1893
1 => Popped From Local Stack
1 => 4444 1893
1 => Popped From Local Stack
1 => 4446 1893
1 => Popped From Local Stack
1 => 4452 1895
1 => Popped From Local Stack
1 => 4468 1902
1 => Popped From Local Stack
1 => 4482 1908
1 => Popped From Local Stack
1 => 4498 1915
1 => Popped From Local Stack
1 => 4514 1922
1 => Popped From Local Stack
1 => 4576 1952
1 => Popped From Local Stack
1 => 4710 2018
1 => Popped From Local Stack
1 => 4722 2023
1 => Popped From Local Stack
1 => 4732 2027
1 => Popped From Local Stack
1 => 4744 2032
1 => Popped From Local Stack
1 => 4756 2037
1 => Popped From Local Stack
1 => 4758 2037
1 => Popped From Local Stack
1 => 4760 2037
1 => Popped From Local Stack
1 => 4762 2037
1 => Popped From Local Stack
1 => 4764 2037
1 => Popped From Local Stack
1 => 4766 2037
1 => Popped From Local Stack
1 => 4768 2037
1 => Popped From Local Stack
1 => 4770 2037
1 => Popped From Local Stack
1 => 4772 2037
1 => Popped From Local Stack
1 => 4774 2037
1 => Popped From Local Stack
1 => 4776 2037
1 => Popped From Local Stack
1 => 4780 2038
1 => Popped From Local Stack
1 => 4786 2040
1 => Popped From Local Stack
1 => 4788 2040
1 => Popped From Local Stack
1 => 4790 2040
1 => Popped From Local Stack
1 => 4792 2040
1 => Popped From Local Stack
1 => 4794 2040
1 => Popped From Local Stack
1 => 4796 2040
1 => Popped From Local Stack
1 => 4798 2040
1 => Popped From Local Stack
1 => 4800 2040
1 => Popped From Local Stack
1 => 4802 2040
1 => Popped From Local Stack
1 => 4804 2040
1 => Popped From Local Stack
1 => 4808 2041
1 => Popped From Local Stack
1 => 4832 2052
1 => Popped From Local Stack
1 => 5306 2288
1 => Popped From Local Stack
1 => 5318 2293
1 => Popped From Local Stack
1 => 5334 2300
1 => Popped From Local Stack
1 => 5350 2307
1 => Popped From Local Stack
1 => 5366 2314
1 => Popped From Local Stack
1 => 5382 2321
1 => Popped From Local Stack
1 => 5460 2359
1 => Popped From Local Stack
1 => 5472 2364
1 => Popped From Local Stack
1 => 5598 2426
1 => Popped From Local Stack
1 => 5608 2430
1 => Popped From Local Stack
1 => 5618 2434
1 => Popped From Local Stack
1 => 5648 2448
1 => Popped From Local Stack
1 => 5650 2448
1 => Popped From Local Stack
1 => 5652 2448
1 => Popped From Local Stack
1 => 5654 2448
1 => Popped From Local Stack
1 => 5656 2448
1 => Popped From Local Stack
1 => 5658 2448
1 => Popped From Local Stack
1 => 5660 2448
1 => Popped From Local Stack
1 => 5662 2448
1 => Popped From Local Stack
1 => 5664 2448
1 => Popped From Local Stack
1 => 5666 2448
1 => Popped From Local Stack
1 => 5668 2448
1 => Popped From Local Stack
1 => 5670 2448
1 => Popped From Local Stack
1 => 5672 2448
1 => Popped From Local Stack
1 => 5674 2448
1 => Popped From Local Stack
1 => 5678 2449
1 => Popped From Local Stack
1 => 5690 2454
1 => Popped From Local Stack
1 => 5718 2467
1 => Popped From Local Stack
1 => 5720 2467
1 => Popped From Local Stack
1 => 5722 2467
1 => Popped From Local Stack
1 => 5724 2467
1 => Popped From Local Stack
1 => 5726 2467
1 => Popped From Local Stack
1 => 5728 2467
1 => Popped From Local Stack
1 => 5730 2467
1 => Popped From Local Stack
1 => 5732 2467
1 => Popped From Local Stack
1 => 5734 2467
1 => Popped From Local Stack
1 => 5736 2467
1 => Popped From Local Stack
1 => 5738 2467
1 => Popped From Local Stack
1 => 5740 2467
1 => Popped From Local Stack
1 => 5742 2467
1 => Popped From Local Stack
1 => 5744 2467
1 => Popped From Local Stack
1 => 5746 2467
1 => Popped From Local Stack
1 => 5748 2467
1 => Popped From Local Stack
1 => 5750 2467
1 => Popped From Local Stack
1 => 5752 2467
1 => Popped From Local Stack
1 => 5760 2470
1 => Popped From Local Stack
1 => 5776 2477
1 => Popped From Local Stack
1 => 5788 2482
1 => Popped From Local Stack
1 => 5804 2489
1 => Popped From Local Stack
1 => 5820 2496
1 => Popped From Local Stack
1 => 5896 2533
1 => Popped From Local Stack
1 => 5908 2538
1 => Popped From Local Stack
1 => 6032 2599
1 => Popped From Local Stack
1 => 6042 2603
1 => Popped From Local Stack
1 => 6050 2606
1 => Popped From Local Stack
1 => 6062 2611
1 => Popped From Local Stack
1 => 6086 2622
1 => Popped From Local Stack
1 => 6088 2622
1 => Popped From Local Stack
1 => 6090 2622
1 => Popped From Local Stack
1 => 6092 2622
1 => Popped From Local Stack
1 => 6094 2622
1 => Popped From Local Stack
1 => 6096 2622
1 => Popped From Local Stack
1 => 6098 2622
1 => Popped From Local Stack
1 => 6100 2622
1 => Popped From Local Stack
1 => 6102 2622
1 => Popped From Local Stack
1 => 6104 2622
1 => Popped From Local Stack
1 => 6106 2622
1 => Popped From Local Stack
1 => 6108 2622
1 => Popped From Local Stack
1 => 6112 2623
1 => Popped From Local Stack
1 => 6124 2628
Verification Outcome : TIMEDOUT
Time Taken : 2E-06
Verifying serial_markingqueuedirps_1.bpl.bpl
Corral program verifier version 1.0.0.0
http://localhost:5002/
1 => Popped From Local Stack
1 => 6 2
1 => Popped From Local Stack
1 => 80 38
1 => Popped From Local Stack
1 => 208 101
1 => Popped From Local Stack
1 => 452 222
1 => Popped From Local Stack
1 => 454 222
1 => Popped From Local Stack
1 => 456 222
1 => Popped From Local Stack
1 => 458 222
1 => Popped From Local Stack
1 => 460 222
1 => Popped From Local Stack
1 => 462 222
1 => Popped From Local Stack
1 => 464 222
1 => Popped From Local Stack
1 => 526 252
1 => Popped From Local Stack
1 => 576 276
1 => Popped From Local Stack
1 => 578 276
1 => Popped From Local Stack
1 => 580 276
1 => Popped From Local Stack
1 => 582 276
1 => Popped From Local Stack
1 => 584 276
1 => Popped From Local Stack
1 => 586 276
1 => Popped From Local Stack
1 => 588 276
1 => Popped From Local Stack
1 => 590 276
1 => Popped From Local Stack
1 => 610 285
1 => Popped From Local Stack
1 => 654 306
1 => Popped From Local Stack
1 => 666 311
1 => Popped From Local Stack
1 => 674 314
1 => Outcome : ReachedBound
1 =>: 0 <= UW iterations OR => 338
1 => 676 314
Verification Outcome : OK
Time Taken : 255.147105
