#################### Config ####################
Max Parallel Process: 8
Timeout: 3600
AlphaInterLeaving: 0
Recursion Bound: 3
Folder Path: /home/ubuntu/benchmarks/sdvBenchmarks/
Corral Path: /home/ubuntu/repos/corralAlphaInterleaving/corral/bin/Debug/corral.exe
################################################

#################################################
batch 0 at delay: 1 seconds
/home/ubuntu/benchmarks/sdvBenchmarks/61883_removelock_0.bpl.bpl
/home/ubuntu/benchmarks/sdvBenchmarks/kbdclass_completerequest_1.bpl.bpl
/home/ubuntu/benchmarks/sdvBenchmarks/winnt_completerequeststatuscheck_0.bpl.bpl
/home/ubuntu/benchmarks/sdvBenchmarks/sbp2port_irqlexallocatepool_0.bpl.bpl
/home/ubuntu/benchmarks/sdvBenchmarks/daytona_removelockrelease2_0.bpl.bpl
/home/ubuntu/benchmarks/sdvBenchmarks/mouser_multremovelock_0.bpl.bpl
/home/ubuntu/benchmarks/sdvBenchmarks/sbp2port_pendedcompletedrequest_0.bpl.bpl
/home/ubuntu/benchmarks/sdvBenchmarks/61883_completerequeststatuscheck_0.bpl.bpl
#################################################
batch 1 at delay: 3671 seconds
/home/ubuntu/benchmarks/sdvBenchmarks/61883_ioreleaseremovelockandwaitoutsideremovedevice_0.bpl.bpl
/home/ubuntu/benchmarks/sdvBenchmarks/1394diag_ioallocatecomplete_0.bpl.bpl
/home/ubuntu/benchmarks/sdvBenchmarks/avc_completerequeststatuscheck_0.bpl.bpl
/home/ubuntu/benchmarks/sdvBenchmarks/sys_completerequest_6.bpl.bpl
/home/ubuntu/benchmarks/sdvBenchmarks/ppa3x_ioallocateirpsignaleventincompletion_0.bpl.bpl
/home/ubuntu/benchmarks/sdvBenchmarks/61883_irqlkedispatchlte_1.bpl.bpl
/home/ubuntu/benchmarks/sdvBenchmarks/sbp2port_completerequest_0.bpl.bpl
/home/ubuntu/benchmarks/sdvBenchmarks/sbp2port_completerequest_1.bpl.bpl
#################################################
batch 2 at delay: 7341 seconds
/home/ubuntu/benchmarks/sdvBenchmarks/usbccgp_completerequeststatuscheck_0.bpl.bpl
/home/ubuntu/benchmarks/sdvBenchmarks/sbp2port_irqlkeraiselower2_1.bpl.bpl
/home/ubuntu/benchmarks/sdvBenchmarks/mouser_removelockforward2_0.bpl.bpl
/home/ubuntu/benchmarks/sdvBenchmarks/mouser_removelock_1.bpl.bpl
/home/ubuntu/benchmarks/sdvBenchmarks/sys_iobuilddeviceiocontrolsetevent_0.bpl.bpl
/home/ubuntu/benchmarks/sdvBenchmarks/kbdclass_forwardedatbadirqlallocate_1.bpl.bpl
/home/ubuntu/benchmarks/sdvBenchmarks/mouclass_removelockmnsurpriseremove_0.bpl.bpl
/home/ubuntu/benchmarks/sdvBenchmarks/driver_zwregistryopen_1.bpl.bpl
#################################################
batch 3 at delay: 11011 seconds
/home/ubuntu/benchmarks/sdvBenchmarks/usbccgp_markirppending_0.bpl.bpl
/home/ubuntu/benchmarks/sdvBenchmarks/61883_removelockrelease2_1.bpl.bpl
/home/ubuntu/benchmarks/sdvBenchmarks/sys_removelockmnsurpriseremove_0.bpl.bpl
/home/ubuntu/benchmarks/sdvBenchmarks/mouser_removelockrelease2_0.bpl.bpl
/home/ubuntu/benchmarks/sdvBenchmarks/mp_irqlreturn_0.bpl.bpl
/home/ubuntu/benchmarks/sdvBenchmarks/sbp2port_signaleventincompletion_0.bpl.bpl
/home/ubuntu/benchmarks/sdvBenchmarks/serenum_markirppending_1.bpl.bpl
/home/ubuntu/benchmarks/sdvBenchmarks/hw_irqlkereleasespinlock_0.bpl.bpl
#################################################
batch 4 at delay: 14681 seconds
/home/ubuntu/benchmarks/sdvBenchmarks/hw_irpcancelfield_0.bpl.bpl
/home/ubuntu/benchmarks/sdvBenchmarks/sbp2port_irqlioapclte_1.bpl.bpl
/home/ubuntu/benchmarks/sdvBenchmarks/usbccgp_completerequest_0.bpl.bpl
/home/ubuntu/benchmarks/sdvBenchmarks/serenum_completerequest_2.bpl.bpl
/home/ubuntu/benchmarks/sdvBenchmarks/daytona_removelockreleasepnp_0.bpl.bpl
/home/ubuntu/benchmarks/sdvBenchmarks/sbp2port_markirppending_0.bpl.bpl
/home/ubuntu/benchmarks/sdvBenchmarks/61883_irqlkedispatchlte_0.bpl.bpl
/home/ubuntu/benchmarks/sdvBenchmarks/61883_irqlkereleasespinlock_1.bpl.bpl
#################################################
batch 5 at delay: 18351 seconds
/home/ubuntu/benchmarks/sdvBenchmarks/sbp2port_markdevicepower_1.bpl.bpl
/home/ubuntu/benchmarks/sdvBenchmarks/mouser_removelockforward2_1.bpl.bpl
/home/ubuntu/benchmarks/sdvBenchmarks/ppa3x_completerequest_0.bpl.bpl
/home/ubuntu/benchmarks/sdvBenchmarks/kbdclass_removelockmnsurpriseremove_0.bpl.bpl
/home/ubuntu/benchmarks/sdvBenchmarks/parzip_removelockreleasepnp_0.bpl.bpl
/home/ubuntu/benchmarks/sdvBenchmarks/kbdclass_ioallocateirpsignaleventincompletion_0.bpl.bpl
/home/ubuntu/benchmarks/sdvBenchmarks/hw_irqlreturn_0.bpl.bpl
/home/ubuntu/benchmarks/sdvBenchmarks/61883_removelockreleasedevicecontrol_0.bpl.bpl
#################################################
batch 6 at delay: 22021 seconds
/home/ubuntu/benchmarks/sdvBenchmarks/serial_pagedcode_2.bpl.bpl
/home/ubuntu/benchmarks/sdvBenchmarks/sbp2port_irqlkesetevent_0.bpl.bpl
/home/ubuntu/benchmarks/sdvBenchmarks/mp_irqlkedispatchlte_0.bpl.bpl
/home/ubuntu/benchmarks/sdvBenchmarks/driver_irqlapclte_0.bpl.bpl
/home/ubuntu/benchmarks/sdvBenchmarks/mp_irqlexpassive_0.bpl.bpl
/home/ubuntu/benchmarks/sdvBenchmarks/mouser_ioallocateirpsignaleventincompletiontimeout_0.bpl.bpl
/home/ubuntu/benchmarks/sdvBenchmarks/61883_removelockreleasepnp_1.bpl.bpl
/home/ubuntu/benchmarks/sdvBenchmarks/sys_markirppending_6.bpl.bpl
#################################################
batch 7 at delay: 25691 seconds
/home/ubuntu/benchmarks/sdvBenchmarks/ppa3x_nsremovelockmnremove_0.bpl.bpl
/home/ubuntu/benchmarks/sdvBenchmarks/usbprint_ioallocateirpsignaleventincompletion_0.bpl.bpl
/home/ubuntu/benchmarks/sdvBenchmarks/mouser_iobuilddeviceiocontrolsetevent_0.bpl.bpl
/home/ubuntu/benchmarks/sdvBenchmarks/61883_forwardedatbadirqlallocate_0.bpl.bpl
/home/ubuntu/benchmarks/sdvBenchmarks/driver_irqlpspassive_0.bpl.bpl
/home/ubuntu/benchmarks/sdvBenchmarks/avc_lowerdriverreturn_0.bpl.bpl
/home/ubuntu/benchmarks/sdvBenchmarks/mouser_iobuilddeviceiocontrolsetevent_1.bpl.bpl
/home/ubuntu/benchmarks/sdvBenchmarks/sbp2port_forwardedatbadirqlallocate_0.bpl.bpl
#################################################
batch 8 at delay: 29361 seconds
/home/ubuntu/benchmarks/sdvBenchmarks/mxport_irqlkedispatchlte_0.bpl.bpl
/home/ubuntu/benchmarks/sdvBenchmarks/61883_markqueryrelations_0.bpl.bpl
/home/ubuntu/benchmarks/sdvBenchmarks/serial_pagedcode_0.bpl.bpl
/home/ubuntu/benchmarks/sdvBenchmarks/sys_irqlzwpassive_3.bpl.bpl
/home/ubuntu/benchmarks/sdvBenchmarks/kerneldriver_irqlkedispatchlte_0.bpl.bpl
/home/ubuntu/benchmarks/sdvBenchmarks/driver_irqlzwpassive_1.bpl.bpl
/home/ubuntu/benchmarks/sdvBenchmarks/sbp2port_irqlkeraiselower_0.bpl.bpl
/home/ubuntu/benchmarks/sdvBenchmarks/61883_ioallocatecomplete_0.bpl.bpl
#################################################
batch 9 at delay: 33031 seconds
/home/ubuntu/benchmarks/sdvBenchmarks/mp_removecheck_0.bpl.bpl
/home/ubuntu/benchmarks/sdvBenchmarks/1394diag_completerequest_0.bpl.bpl
/home/ubuntu/benchmarks/sdvBenchmarks/avc_markirppending_1.bpl.bpl
/home/ubuntu/benchmarks/sdvBenchmarks/serial_zwregistryopen_2.bpl.bpl
/home/ubuntu/benchmarks/sdvBenchmarks/partmgr_nsremovelockquerymnremove_0.bpl.bpl
/home/ubuntu/benchmarks/sdvBenchmarks/daytona_completerequeststatuscheck_1.bpl.bpl
/home/ubuntu/benchmarks/sdvBenchmarks/sbp2port_ioallocateirpsignaleventincompletion_0.bpl.bpl
/home/ubuntu/benchmarks/sdvBenchmarks/mouser_forwardedatbadirqlallocate_0.bpl.bpl
#################################################
batch 10 at delay: 36701 seconds
/home/ubuntu/benchmarks/sdvBenchmarks/mouclass_multremovelock_1.bpl.bpl
/home/ubuntu/benchmarks/sdvBenchmarks/61883_irqlexallocatepool_0.bpl.bpl
/home/ubuntu/benchmarks/sdvBenchmarks/cyzport_irqlkedispatchlte_0.bpl.bpl
/home/ubuntu/benchmarks/sdvBenchmarks/avc_ioallocateirpsignaleventincompletion_1.bpl.bpl
/home/ubuntu/benchmarks/sdvBenchmarks/61883_multremovelock_1.bpl.bpl
/home/ubuntu/benchmarks/sdvBenchmarks/driver_zwregistrycreate_0.bpl.bpl
/home/ubuntu/benchmarks/sdvBenchmarks/mouser_multremovelock_1.bpl.bpl
/home/ubuntu/benchmarks/sdvBenchmarks/mouclass_powerdownallocate_1.bpl.bpl
#################################################
batch 11 at delay: 40371 seconds
/home/ubuntu/benchmarks/sdvBenchmarks/sbp2port_lowerdriverreturn_1.bpl.bpl
/home/ubuntu/benchmarks/sdvBenchmarks/kbdclass_ioallocatefree_1.bpl.bpl
/home/ubuntu/benchmarks/sdvBenchmarks/avc_irqlkereleasespinlock_1.bpl.bpl
/home/ubuntu/benchmarks/sdvBenchmarks/Imapi_removelockrelease2_0.bpl.bpl
/home/ubuntu/benchmarks/sdvBenchmarks/mouser_removelockmnsurpriseremove_1.bpl.bpl
/home/ubuntu/benchmarks/sdvBenchmarks/sbp2port_irqlkedispatchlte_0.bpl.bpl
/home/ubuntu/benchmarks/sdvBenchmarks/hw_markstartdevice_0.bpl.bpl
/home/ubuntu/benchmarks/sdvBenchmarks/61883_pendedcompletedrequest_0.bpl.bpl
#################################################
batch 12 at delay: 44041 seconds
/home/ubuntu/benchmarks/sdvBenchmarks/61883_ioallocatefree_1.bpl.bpl
/home/ubuntu/benchmarks/sdvBenchmarks/61883_markqueryrelations_1.bpl.bpl
/home/ubuntu/benchmarks/sdvBenchmarks/61883_markirppending_0.bpl.bpl
/home/ubuntu/benchmarks/sdvBenchmarks/filter_ioallocateirpsignaleventincompletion_0.bpl.bpl
/home/ubuntu/benchmarks/sdvBenchmarks/avc_pagedcode_1.bpl.bpl
/home/ubuntu/benchmarks/sdvBenchmarks/serial_irqlexallocatepool_0.bpl.bpl
/home/ubuntu/benchmarks/sdvBenchmarks/kbdclass_removelockforward2_1.bpl.bpl
/home/ubuntu/benchmarks/sdvBenchmarks/61883_removelockrelease2_0.bpl.bpl
#################################################
batch 13 at delay: 47711 seconds
/home/ubuntu/benchmarks/sdvBenchmarks/usbccgp_pendedcompletedrequest3_0.bpl.bpl
/home/ubuntu/benchmarks/sdvBenchmarks/usbccgp_removelockreleasepower_0.bpl.bpl
/home/ubuntu/benchmarks/sdvBenchmarks/driver_irqliopassive4_0.bpl.bpl
/home/ubuntu/benchmarks/sdvBenchmarks/cyyport_pagedcode_0.bpl.bpl
/home/ubuntu/benchmarks/sdvBenchmarks/usbccgp_irqlkedispatchlte_0.bpl.bpl
/home/ubuntu/benchmarks/sdvBenchmarks/serial_pendedcompletedrequest3_0.bpl.bpl
/home/ubuntu/benchmarks/sdvBenchmarks/hw_completerequest_0.bpl.bpl
/home/ubuntu/benchmarks/sdvBenchmarks/kbdclass_nsremovelockmnsurpriseremove_1.bpl.bpl
#################################################
batch 14 at delay: 51381 seconds
/home/ubuntu/benchmarks/sdvBenchmarks/serial_irqlzwpassive_1.bpl.bpl
/home/ubuntu/benchmarks/sdvBenchmarks/driver_irqlexallocatepool_3.bpl.bpl
/home/ubuntu/benchmarks/sdvBenchmarks/modem_completerequest_0.bpl.bpl
/home/ubuntu/benchmarks/sdvBenchmarks/61883_ioreuseirp_0.bpl.bpl
/home/ubuntu/benchmarks/sdvBenchmarks/crcfilter_irqlkedispatchlte_0.bpl.bpl
/home/ubuntu/benchmarks/sdvBenchmarks/serial_irqlexallocatepool_1.bpl.bpl
/home/ubuntu/benchmarks/sdvBenchmarks/cyzport_irqlkesetevent_0.bpl.bpl
/home/ubuntu/benchmarks/sdvBenchmarks/avc_ioallocatecomplete_0.bpl.bpl
#################################################
batch 15 at delay: 55051 seconds
/home/ubuntu/benchmarks/sdvBenchmarks/mouser_iobuilddevicecontrolwait_1.bpl.bpl
/home/ubuntu/benchmarks/sdvBenchmarks/sbp2port_irqliopassive4_1.bpl.bpl
/home/ubuntu/benchmarks/sdvBenchmarks/kbdclass_ioallocateirpsignaleventincompletiontimeout_1.bpl.bpl
/home/ubuntu/benchmarks/sdvBenchmarks/parzip_nsremovelockmnsurpriseremove_0.bpl.bpl
/home/ubuntu/benchmarks/sdvBenchmarks/61883_ioallocateforward_1.bpl.bpl
/home/ubuntu/benchmarks/sdvBenchmarks/parport_markstartdevice_0.bpl.bpl
/home/ubuntu/benchmarks/sdvBenchmarks/serenum_completerequest_0.bpl.bpl
/home/ubuntu/benchmarks/sdvBenchmarks/cyzport_irqldispatch_0.bpl.bpl
#################################################
batch 16 at delay: 58721 seconds
/home/ubuntu/benchmarks/sdvBenchmarks/sbp2port_pendedcompletedrequest2_1.bpl.bpl
/home/ubuntu/benchmarks/sdvBenchmarks/modem_pendedcompletedrequest2_0.bpl.bpl
/home/ubuntu/benchmarks/sdvBenchmarks/sbp2port_irqlkesetevent_1.bpl.bpl
/home/ubuntu/benchmarks/sdvBenchmarks/mouser_removelockreleasepnp_0.bpl.bpl
/home/ubuntu/benchmarks/sdvBenchmarks/avc_completerequeststatuscheck_1.bpl.bpl
/home/ubuntu/benchmarks/sdvBenchmarks/modem_pendedcompletedrequest_0.bpl.bpl
/home/ubuntu/benchmarks/sdvBenchmarks/hw_forwardedatbadirql_0.bpl.bpl
/home/ubuntu/benchmarks/sdvBenchmarks/avc_forwardedatbadirql_0.bpl.bpl
#################################################
batch 17 at delay: 62391 seconds
/home/ubuntu/benchmarks/sdvBenchmarks/partmgr_nsremovelockmnremove_0.bpl.bpl
/home/ubuntu/benchmarks/sdvBenchmarks/mouser_ioallocateirpsignaleventincompletion_1.bpl.bpl
/home/ubuntu/benchmarks/sdvBenchmarks/61883_pendedcompletedrequest_1.bpl.bpl
/home/ubuntu/benchmarks/sdvBenchmarks/driver_targetrelationneedsref_0.bpl.bpl
/home/ubuntu/benchmarks/sdvBenchmarks/avc_completerequest_0.bpl.bpl
/home/ubuntu/benchmarks/sdvBenchmarks/avc_lowerdriverreturn_1.bpl.bpl
/home/ubuntu/benchmarks/sdvBenchmarks/kbdclass_nsremovelockmnsurpriseremove_0.bpl.bpl
/home/ubuntu/benchmarks/sdvBenchmarks/61883_ioallocateirpsignaleventincompletion_1.bpl.bpl
#################################################
batch 18 at delay: 66061 seconds
/home/ubuntu/benchmarks/sdvBenchmarks/kbdclass_nsremovelockmnremove_0.bpl.bpl
/home/ubuntu/benchmarks/sdvBenchmarks/mouser_completerequest_0.bpl.bpl
/home/ubuntu/benchmarks/sdvBenchmarks/sbp2port_markirppending_1.bpl.bpl
/home/ubuntu/benchmarks/sdvBenchmarks/usbccgp_removelockreleaseinternaldevicecontrol_0.bpl.bpl
/home/ubuntu/benchmarks/sdvBenchmarks/daytona_completerequeststatuscheck_0.bpl.bpl
/home/ubuntu/benchmarks/sdvBenchmarks/serial_markingqueuedirps_2.bpl.bpl
/home/ubuntu/benchmarks/sdvBenchmarks/sbp2port_doublecompletion_1.bpl.bpl
/home/ubuntu/benchmarks/sdvBenchmarks/kbdclass_ioallocateirpsignaleventincompletion_1.bpl.bpl
#################################################
batch 19 at delay: 69731 seconds
/home/ubuntu/benchmarks/sdvBenchmarks/tffsport_checkdeviceobjectflags_0.bpl.bpl
/home/ubuntu/benchmarks/sdvBenchmarks/61883_irqlreturn_0.bpl.bpl
/home/ubuntu/benchmarks/sdvBenchmarks/ppa3x_nsremovelockquerymnremove_0.bpl.bpl
/home/ubuntu/benchmarks/sdvBenchmarks/mouclass_ioallocateirpsignaleventincompletiontimeout_0.bpl.bpl
/home/ubuntu/benchmarks/sdvBenchmarks/mouser_forwardedatbadirqlallocate_1.bpl.bpl
/home/ubuntu/benchmarks/sdvBenchmarks/kbdclass_forwardedatbadirql_1.bpl.bpl
/home/ubuntu/benchmarks/sdvBenchmarks/mp_iobuildfsdirpsignaleventincompletiontimeout_0.bpl.bpl
/home/ubuntu/benchmarks/sdvBenchmarks/sys_removelockforwarddevicecontrol_0.bpl.bpl
#################################################
batch 20 at delay: 73401 seconds
/home/ubuntu/benchmarks/sdvBenchmarks/hw_irqldispatch_0.bpl.bpl
/home/ubuntu/benchmarks/sdvBenchmarks/sbp2port_ioallocateforward_0.bpl.bpl
/home/ubuntu/benchmarks/sdvBenchmarks/1394vdev_completerequest_0.bpl.bpl
/home/ubuntu/benchmarks/sdvBenchmarks/crcfilter_irqlkereleasespinlock_0.bpl.bpl
/home/ubuntu/benchmarks/sdvBenchmarks/mouser_removelockreleasecreate_0.bpl.bpl
/home/ubuntu/benchmarks/sdvBenchmarks/driver_irqlioapclte_2.bpl.bpl
/home/ubuntu/benchmarks/sdvBenchmarks/winnt_pendedcompletedrequest3_0.bpl.bpl
/home/ubuntu/benchmarks/sdvBenchmarks/usbprint_ioallocatecomplete_0.bpl.bpl
#################################################
batch 21 at delay: 77071 seconds
/home/ubuntu/benchmarks/sdvBenchmarks/61883_ioallocateirpsignaleventincompletion_0.bpl.bpl
/home/ubuntu/benchmarks/sdvBenchmarks/sbp2port_irqlkeraiselower_1.bpl.bpl
/home/ubuntu/benchmarks/sdvBenchmarks/61883_ioreuseirp_1.bpl.bpl
/home/ubuntu/benchmarks/sdvBenchmarks/driver_iobuildsynchronousfsdrequestnofree_0.bpl.bpl
/home/ubuntu/benchmarks/sdvBenchmarks/daytona_removelockreleasepnp_1.bpl.bpl
/home/ubuntu/benchmarks/sdvBenchmarks/hw_irqlkewaitformutexobject_0.bpl.bpl
/home/ubuntu/benchmarks/sdvBenchmarks/61883_ioallocatecomplete_1.bpl.bpl
/home/ubuntu/benchmarks/sdvBenchmarks/modem_irqlkedispatchlte_0.bpl.bpl
#################################################
batch 22 at delay: 80741 seconds
/home/ubuntu/benchmarks/sdvBenchmarks/serial_irqlzwpassive_2.bpl.bpl
/home/ubuntu/benchmarks/sdvBenchmarks/parport_pagedcode_0.bpl.bpl
/home/ubuntu/benchmarks/sdvBenchmarks/parzip_nsremovelockmnremove_0.bpl.bpl
/home/ubuntu/benchmarks/sdvBenchmarks/daytona_removelockrelease2_1.bpl.bpl
/home/ubuntu/benchmarks/sdvBenchmarks/mouser_iobuilddevicecontrolwait_0.bpl.bpl
/home/ubuntu/benchmarks/sdvBenchmarks/partmgr_completerequest_0.bpl.bpl
/home/ubuntu/benchmarks/sdvBenchmarks/serial_pagedcode_1.bpl.bpl
/home/ubuntu/benchmarks/sdvBenchmarks/avc_irqlkesetevent_0.bpl.bpl
#################################################
batch 23 at delay: 84411 seconds
/home/ubuntu/benchmarks/sdvBenchmarks/parzip_completerequest_0.bpl.bpl
/home/ubuntu/benchmarks/sdvBenchmarks/serial_markingqueuedirps_0.bpl.bpl
/home/ubuntu/benchmarks/sdvBenchmarks/modem_signaleventincompletion_0.bpl.bpl
/home/ubuntu/benchmarks/sdvBenchmarks/kbdclass_signaleventincompletion_1.bpl.bpl
/home/ubuntu/benchmarks/sdvBenchmarks/driver_irqliopassive5_1.bpl.bpl
/home/ubuntu/benchmarks/sdvBenchmarks/kbdclass_powerdownallocate_1.bpl.bpl
/home/ubuntu/benchmarks/sdvBenchmarks/61883_irqlkesetevent_0.bpl.bpl
/home/ubuntu/benchmarks/sdvBenchmarks/usbccgp_lowerdriverreturn_0.bpl.bpl
#################################################
batch 24 at delay: 88081 seconds
/home/ubuntu/benchmarks/sdvBenchmarks/kbdclass_forwardedatbadirql_0.bpl.bpl
/home/ubuntu/benchmarks/sdvBenchmarks/61883_removelockreleaseinternaldevicecontrol_1.bpl.bpl
/home/ubuntu/benchmarks/sdvBenchmarks/mouclass_completerequest_1.bpl.bpl
/home/ubuntu/benchmarks/sdvBenchmarks/driver_irqlkedispatchlte_1.bpl.bpl
/home/ubuntu/benchmarks/sdvBenchmarks/61883_completerequest_1.bpl.bpl
/home/ubuntu/benchmarks/sdvBenchmarks/modem_irqlkereleasespinlock_0.bpl.bpl
/home/ubuntu/benchmarks/sdvBenchmarks/1394vdev_markirppending_0.bpl.bpl
/home/ubuntu/benchmarks/sdvBenchmarks/scsiscan_forwardedatbadirqlallocate_0.bpl.bpl
#################################################
batch 25 at delay: 91751 seconds
/home/ubuntu/benchmarks/sdvBenchmarks/mouser_removelockmnsurpriseremove_0.bpl.bpl
/home/ubuntu/benchmarks/sdvBenchmarks/mp_irqlexapclte3_0.bpl.bpl
/home/ubuntu/benchmarks/sdvBenchmarks/mp_pendedcompletedrequest3_0.bpl.bpl
/home/ubuntu/benchmarks/sdvBenchmarks/serial_irqlkesetevent_0.bpl.bpl
/home/ubuntu/benchmarks/sdvBenchmarks/mouser_completerequest_1.bpl.bpl
/home/ubuntu/benchmarks/sdvBenchmarks/mouclass_multremovelock_0.bpl.bpl
/home/ubuntu/benchmarks/sdvBenchmarks/ppa3x_removelock_0.bpl.bpl
/home/ubuntu/benchmarks/sdvBenchmarks/hw_irqliopassive4_0.bpl.bpl
#################################################
batch 26 at delay: 95421 seconds
/home/ubuntu/benchmarks/sdvBenchmarks/usbccgp_irqlioapclte_0.bpl.bpl
/home/ubuntu/benchmarks/sdvBenchmarks/modem_ioallocateirpsignaleventincompletion_0.bpl.bpl
/home/ubuntu/benchmarks/sdvBenchmarks/modem_markirppending_0.bpl.bpl
/home/ubuntu/benchmarks/sdvBenchmarks/hw_irqlkesetevent_0.bpl.bpl
/home/ubuntu/benchmarks/sdvBenchmarks/61883_markirppending_1.bpl.bpl
/home/ubuntu/benchmarks/sdvBenchmarks/61883_multremovelock_0.bpl.bpl
/home/ubuntu/benchmarks/sdvBenchmarks/usbccgp_forwardedatbadirql_0.bpl.bpl
/home/ubuntu/benchmarks/sdvBenchmarks/61883_ioallocateirpsignaleventincompletiontimeout_0.bpl.bpl
#################################################
batch 27 at delay: 99091 seconds
/home/ubuntu/benchmarks/sdvBenchmarks/61883_irqlkereleasespinlock_0.bpl.bpl
/home/ubuntu/benchmarks/sdvBenchmarks/cyzport_markingqueuedirps_0.bpl.bpl
/home/ubuntu/benchmarks/sdvBenchmarks/61883_completerequest_0.bpl.bpl
/home/ubuntu/benchmarks/sdvBenchmarks/61883_lowerdriverreturn_0.bpl.bpl
/home/ubuntu/benchmarks/sdvBenchmarks/mp_irqlkeapclte2_0.bpl.bpl
/home/ubuntu/benchmarks/sdvBenchmarks/61883_pendedcompletedrequest3_0.bpl.bpl
/home/ubuntu/benchmarks/sdvBenchmarks/Imapi_removelockreleasedevicecontrol_0.bpl.bpl
/home/ubuntu/benchmarks/sdvBenchmarks/filter_completerequeststatuscheck_1.bpl.bpl
#################################################
batch 28 at delay: 102761 seconds
/home/ubuntu/benchmarks/sdvBenchmarks/filter_lowerdriverreturn_1.bpl.bpl
/home/ubuntu/benchmarks/sdvBenchmarks/hw_irqlkeraiselower_0.bpl.bpl
/home/ubuntu/benchmarks/sdvBenchmarks/avc_ioreuseirp_1.bpl.bpl
/home/ubuntu/benchmarks/sdvBenchmarks/sys_pendedcompletedrequest_0.bpl.bpl
/home/ubuntu/benchmarks/sdvBenchmarks/sbp2port_spinlocksafe_0.bpl.bpl
/home/ubuntu/benchmarks/sdvBenchmarks/winnt_forwardedatbadirql_0.bpl.bpl
/home/ubuntu/benchmarks/sdvBenchmarks/sbp2port_deletedevice_0.bpl.bpl
/home/ubuntu/benchmarks/sdvBenchmarks/serenum_completerequest_1.bpl.bpl
#################################################
batch 29 at delay: 106431 seconds
/home/ubuntu/benchmarks/sdvBenchmarks/avc_irqlkesetevent_1.bpl.bpl
/home/ubuntu/benchmarks/sdvBenchmarks/61883_removelockreleaseinternaldevicecontrol_0.bpl.bpl
/home/ubuntu/benchmarks/sdvBenchmarks/kbdclass_nsremovelockquerymnremove_1.bpl.bpl
/home/ubuntu/benchmarks/sdvBenchmarks/parzip_nsremovelockquerymnremove_0.bpl.bpl
/home/ubuntu/benchmarks/sdvBenchmarks/kbdclass_multremovelock_0.bpl.bpl
/home/ubuntu/benchmarks/sdvBenchmarks/usbccgp_irqlkereleasespinlock_0.bpl.bpl
/home/ubuntu/benchmarks/sdvBenchmarks/serial_irqlkedispatchlte_1.bpl.bpl
/home/ubuntu/benchmarks/sdvBenchmarks/driver_irqlkesetevent_2.bpl.bpl
#################################################
batch 30 at delay: 110101 seconds
/home/ubuntu/benchmarks/sdvBenchmarks/tffsport_spinlockrelease_0.bpl.bpl
/home/ubuntu/benchmarks/sdvBenchmarks/mp_markingqueuedirps_0.bpl.bpl
/home/ubuntu/benchmarks/sdvBenchmarks/driver_completerequest_3.bpl.bpl
/home/ubuntu/benchmarks/sdvBenchmarks/sbp2port_spinlocksafe_1.bpl.bpl
/home/ubuntu/benchmarks/sdvBenchmarks/sbp2port_doublecompletion_0.bpl.bpl
/home/ubuntu/benchmarks/sdvBenchmarks/sbp2port_irqlkedispatchlte_1.bpl.bpl
/home/ubuntu/benchmarks/sdvBenchmarks/kbdclass_nsremovelockmnremove_1.bpl.bpl
/home/ubuntu/benchmarks/sdvBenchmarks/hw_irqliopassive2_0.bpl.bpl
#################################################
batch 31 at delay: 113771 seconds
/home/ubuntu/benchmarks/sdvBenchmarks/61883_forwardedatbadirqlallocate_1.bpl.bpl
/home/ubuntu/benchmarks/sdvBenchmarks/61883_ioallocatefree_0.bpl.bpl
/home/ubuntu/benchmarks/sdvBenchmarks/modem_irqlkesetevent_0.bpl.bpl
/home/ubuntu/benchmarks/sdvBenchmarks/mouser_removelockreleasepnp_1.bpl.bpl
/home/ubuntu/benchmarks/sdvBenchmarks/61883_irqlreturn_1.bpl.bpl
/home/ubuntu/benchmarks/sdvBenchmarks/sbp2port_irqlreturn_1.bpl.bpl
/home/ubuntu/benchmarks/sdvBenchmarks/avc_pendedcompletedrequest_0.bpl.bpl
/home/ubuntu/benchmarks/sdvBenchmarks/serenum_markirppending_0.bpl.bpl
#################################################
batch 32 at delay: 117441 seconds
/home/ubuntu/benchmarks/sdvBenchmarks/mouser_removelock_0.bpl.bpl
/home/ubuntu/benchmarks/sdvBenchmarks/avc_pendedcompletedrequest_1.bpl.bpl
/home/ubuntu/benchmarks/sdvBenchmarks/hw_irqlkedispatchlte_0.bpl.bpl
/home/ubuntu/benchmarks/sdvBenchmarks/partmgr_nsremovelockmnsurpriseremove_0.bpl.bpl
/home/ubuntu/benchmarks/sdvBenchmarks/hw_irqlexallocatepool_0.bpl.bpl
/home/ubuntu/benchmarks/sdvBenchmarks/sys_removelockforwarddevicecontrol2_0.bpl.bpl
/home/ubuntu/benchmarks/sdvBenchmarks/ppa3x_nsremovelockmnsurpriseremove_0.bpl.bpl
/home/ubuntu/benchmarks/sdvBenchmarks/sbp2port_removelock_0.bpl.bpl
#################################################
batch 33 at delay: 121111 seconds
/home/ubuntu/benchmarks/sdvBenchmarks/sys_pendedcompletedrequest3_6.bpl.bpl
/home/ubuntu/benchmarks/sdvBenchmarks/mouser_ioallocateirpsignaleventincompletion_0.bpl.bpl
/home/ubuntu/benchmarks/sdvBenchmarks/usbccgp_irqliopassive3_0.bpl.bpl
/home/ubuntu/benchmarks/sdvBenchmarks/mouclass_signaleventincompletion_1.bpl.bpl
/home/ubuntu/benchmarks/sdvBenchmarks/Imapi_removelockforwarddevicecontrol2_0.bpl.bpl
/home/ubuntu/benchmarks/sdvBenchmarks/serenum_markirppending_2.bpl.bpl
/home/ubuntu/benchmarks/sdvBenchmarks/61883_pendedcompletedrequest3_1.bpl.bpl
/home/ubuntu/benchmarks/sdvBenchmarks/cyzport_irqlreturn_0.bpl.bpl
#################################################
batch 34 at delay: 124781 seconds
/home/ubuntu/benchmarks/sdvBenchmarks/sys_irqlreturn_6.bpl.bpl
/home/ubuntu/benchmarks/sdvBenchmarks/flpydisk_irqlexapclte1_1.bpl.bpl
/home/ubuntu/benchmarks/sdvBenchmarks/sys_zwregistrycreate_0.bpl.bpl
/home/ubuntu/benchmarks/sdvBenchmarks/parport_irqlexallocatepool_0.bpl.bpl
/home/ubuntu/benchmarks/sdvBenchmarks/kbdclass_removelockmnsurpriseremove_1.bpl.bpl
/home/ubuntu/benchmarks/sdvBenchmarks/1394diag_pendedcompletedrequest2_0.bpl.bpl
/home/ubuntu/benchmarks/sdvBenchmarks/serial_irqlkedispatchlte_0.bpl.bpl
/home/ubuntu/benchmarks/sdvBenchmarks/driver_irqlkewaitformutexobject_2.bpl.bpl
#################################################
batch 35 at delay: 128451 seconds
/home/ubuntu/benchmarks/sdvBenchmarks/winnt_markirppending_0.bpl.bpl
/home/ubuntu/benchmarks/sdvBenchmarks/avc_forwardedatbadirql_1.bpl.bpl
/home/ubuntu/benchmarks/sdvBenchmarks/mouser_removelockreleasecreate_1.bpl.bpl
/home/ubuntu/benchmarks/sdvBenchmarks/sbp2port_pendedcompletedrequest3_0.bpl.bpl
/home/ubuntu/benchmarks/sdvBenchmarks/driver_irqlobpassive_0.bpl.bpl
/home/ubuntu/benchmarks/sdvBenchmarks/usbccgp_ioreuseirp_0.bpl.bpl
/home/ubuntu/benchmarks/sdvBenchmarks/mouser_ioallocateirpsignaleventincompletiontimeout_1.bpl.bpl
/home/ubuntu/benchmarks/sdvBenchmarks/serial_irqlkesetevent_1.bpl.bpl
#################################################
batch 36 at delay: 132121 seconds
/home/ubuntu/benchmarks/sdvBenchmarks/serial_pendedcompletedrequest3_2.bpl.bpl
/home/ubuntu/benchmarks/sdvBenchmarks/sbp2port_irqldispatch_1.bpl.bpl
/home/ubuntu/benchmarks/sdvBenchmarks/serial_irqlexallocatepool_2.bpl.bpl
/home/ubuntu/benchmarks/sdvBenchmarks/filter_iobuilddevicecontrolnofree_0.bpl.bpl
/home/ubuntu/benchmarks/sdvBenchmarks/kbdclass_forwardedatbadirqlallocate_0.bpl.bpl
/home/ubuntu/benchmarks/sdvBenchmarks/driver_irqliopassive1_1.bpl.bpl
/home/ubuntu/benchmarks/sdvBenchmarks/61883_removelockreleasepnp_0.bpl.bpl
/home/ubuntu/benchmarks/sdvBenchmarks/sbp2port_markingqueuedirps_1.bpl.bpl
#################################################
batch 37 at delay: 135791 seconds
/home/ubuntu/benchmarks/sdvBenchmarks/avc_irqlkedispatchlte_1.bpl.bpl
/home/ubuntu/benchmarks/sdvBenchmarks/avc_markirppending_0.bpl.bpl
/home/ubuntu/benchmarks/sdvBenchmarks/sbp2port_irqlkeraiselower2_0.bpl.bpl
/home/ubuntu/benchmarks/sdvBenchmarks/kbdclass_removelockreleasepnp_1.bpl.bpl
/home/ubuntu/benchmarks/sdvBenchmarks/hw_pagedcode_0.bpl.bpl
/home/ubuntu/benchmarks/sdvBenchmarks/usbprint_completerequest_0.bpl.bpl
/home/ubuntu/benchmarks/sdvBenchmarks/sbp2port_markingqueuedirps_0.bpl.bpl
/home/ubuntu/benchmarks/sdvBenchmarks/serial_markingqueuedirps_1.bpl.bpl
#################################################
batch 38 at delay: 139461 seconds
/home/ubuntu/benchmarks/sdvBenchmarks/sbp2port_pendedcompletedrequest3_1.bpl.bpl
/home/ubuntu/benchmarks/sdvBenchmarks/mouser_removelockreleasepower_1.bpl.bpl
/home/ubuntu/benchmarks/sdvBenchmarks/kbdclass_irqlkedispatchlte_1.bpl.bpl
/home/ubuntu/benchmarks/sdvBenchmarks/kbdclass_multremovelock_1.bpl.bpl
/home/ubuntu/benchmarks/sdvBenchmarks/serial_zwregistryopen_0.bpl.bpl
/home/ubuntu/benchmarks/sdvBenchmarks/flpydisk_irqlexapclte1_0.bpl.bpl
/home/ubuntu/benchmarks/sdvBenchmarks/sbp2port_irqlreturn_0.bpl.bpl
/home/ubuntu/benchmarks/sdvBenchmarks/serial_irqlzwpassive_0.bpl.bpl
#################################################
batch 39 at delay: 143131 seconds
/home/ubuntu/benchmarks/sdvBenchmarks/sbp2port_irqliopassive1_0.bpl.bpl
/home/ubuntu/benchmarks/sdvBenchmarks/sbp2port_irqlkewaitformutexobject_0.bpl.bpl
/home/ubuntu/benchmarks/sdvBenchmarks/sbp2port_irqlkereleasespinlock_0.bpl.bpl
/home/ubuntu/benchmarks/sdvBenchmarks/mouser_lowerdriverreturn_1.bpl.bpl
/home/ubuntu/benchmarks/sdvBenchmarks/mp_irqlkewaitformutexobject_0.bpl.bpl
/home/ubuntu/benchmarks/sdvBenchmarks/avc_irqlkereleasespinlock_0.bpl.bpl
/home/ubuntu/benchmarks/sdvBenchmarks/kbdclass_ioallocatefree_0.bpl.bpl
/home/ubuntu/benchmarks/sdvBenchmarks/tffsport_spinlocksafe_0.bpl.bpl
#################################################
batch 40 at delay: 146801 seconds
/home/ubuntu/benchmarks/sdvBenchmarks/parzip_removelock_0.bpl.bpl
/home/ubuntu/benchmarks/sdvBenchmarks/sbp2port_removelockrelease2_0.bpl.bpl
/home/ubuntu/benchmarks/sdvBenchmarks/modem_markingqueuedirps_0.bpl.bpl
/home/ubuntu/benchmarks/sdvBenchmarks/61883_ioallocateirpsignaleventincompletiontimeout_1.bpl.bpl
/home/ubuntu/benchmarks/sdvBenchmarks/61883_removelock_1.bpl.bpl
/home/ubuntu/benchmarks/sdvBenchmarks/serial_pendedcompletedrequest3_1.bpl.bpl
/home/ubuntu/benchmarks/sdvBenchmarks/avc_irqlkedispatchlte_0.bpl.bpl
/home/ubuntu/benchmarks/sdvBenchmarks/driver_markingqueuedirps_3.bpl.bpl
#################################################
batch 41 at delay: 150471 seconds
/home/ubuntu/benchmarks/sdvBenchmarks/1394diag_pendedcompletedrequest_0.bpl.bpl
/home/ubuntu/benchmarks/sdvBenchmarks/sys_zwregistryopen_0.bpl.bpl
/home/ubuntu/benchmarks/sdvBenchmarks/driver_irqliopassive3_2.bpl.bpl
/home/ubuntu/benchmarks/sdvBenchmarks/avc_pagedcode_0.bpl.bpl
/home/ubuntu/benchmarks/sdvBenchmarks/sbp2port_irqlioapclte_0.bpl.bpl
/home/ubuntu/benchmarks/sdvBenchmarks/cyzport_irqlkereleasespinlock_0.bpl.bpl
/home/ubuntu/benchmarks/sdvBenchmarks/61883_lowerdriverreturn_1.bpl.bpl
/home/ubuntu/benchmarks/sdvBenchmarks/daytona_removelock_0.bpl.bpl
#################################################
batch 42 at delay: 154141 seconds
/home/ubuntu/benchmarks/sdvBenchmarks/sys_removelockreleasedevicecontrol_4.bpl.bpl
/home/ubuntu/benchmarks/sdvBenchmarks/61883_ioallocateforward_0.bpl.bpl
/home/ubuntu/benchmarks/sdvBenchmarks/61883_completerequeststatuscheck_1.bpl.bpl
/home/ubuntu/benchmarks/sdvBenchmarks/ppa3x_removelockreleasepnp_0.bpl.bpl
/home/ubuntu/benchmarks/sdvBenchmarks/avc_ioreuseirp_0.bpl.bpl
/home/ubuntu/benchmarks/sdvBenchmarks/serial_zwregistryopen_1.bpl.bpl
/home/ubuntu/benchmarks/sdvBenchmarks/61883_removelockreleasedevicecontrol_1.bpl.bpl
/home/ubuntu/benchmarks/sdvBenchmarks/winnt_completerequest_0.bpl.bpl
#################################################
batch 43 at delay: 157811 seconds
/home/ubuntu/benchmarks/sdvBenchmarks/Imapi_markirppending_0.bpl.bpl
#################################################
runBatch_0.sh scheduled
runBatch_1.sh scheduled
runBatch_2.sh scheduled
runBatch_3.sh scheduled
runBatch_4.sh scheduled
runBatch_5.sh scheduled
runBatch_6.sh scheduled
runBatch_7.sh scheduled
runBatch_8.sh scheduled
runBatch_9.sh scheduled
runBatch_10.sh scheduled
runBatch_11.sh scheduled
runBatch_12.sh scheduled
runBatch_13.sh scheduled
runBatch_14.sh scheduled
runBatch_15.sh scheduled
runBatch_16.sh scheduled
runBatch_17.sh scheduled
runBatch_18.sh scheduled
runBatch_19.sh scheduled
runBatch_20.sh scheduled
runBatch_21.sh scheduled
runBatch_22.sh scheduled
runBatch_23.sh scheduled
runBatch_24.sh scheduled
runBatch_25.sh scheduled
runBatch_26.sh scheduled
runBatch_27.sh scheduled
runBatch_28.sh scheduled
runBatch_29.sh scheduled
runBatch_30.sh scheduled
runBatch_31.sh scheduled
runBatch_32.sh scheduled
runBatch_33.sh scheduled
runBatch_34.sh scheduled
runBatch_35.sh scheduled
runBatch_36.sh scheduled
runBatch_37.sh scheduled
runBatch_38.sh scheduled
runBatch_39.sh scheduled
runBatch_40.sh scheduled
runBatch_41.sh scheduled
runBatch_42.sh scheduled
runBatch_43.sh scheduled
Parallel Schedule Finished

Unhandled Exception:
System.IO.IOException: Write fault on path /home/ubuntu/repos/parallelExecutor/bin/Debug/[Unknown]
  at System.IO.FileStream.WriteInternal (System.Byte[] src, System.Int32 offset, System.Int32 count) [0x00077] in <533173d24dae460899d2b10975534bb0>:0 
  at System.IO.FileStream.Write (System.Byte[] array, System.Int32 offset, System.Int32 count) [0x00090] in <533173d24dae460899d2b10975534bb0>:0 
  at System.IO.StreamWriter.Flush (System.Boolean flushStream, System.Boolean flushEncoder) [0x00080] in <533173d24dae460899d2b10975534bb0>:0 
  at System.IO.StreamWriter.WriteSpan (System.ReadOnlySpan`1[T] buffer, System.Boolean appendNewLine) [0x000a7] in <533173d24dae460899d2b10975534bb0>:0 
  at System.IO.StreamWriter.WriteLine (System.String value) [0x0000d] in <533173d24dae460899d2b10975534bb0>:0 
  at Microsoft.Boogie.SMTLib.SMTLibProcess.Send (System.String cmd) [0x00073] in <d3b2b0dcf28543d2a9bb4f5351f811d7>:0 
  at Microsoft.Boogie.SMTLib.SMTLibProcessTheoremProver.Send (System.String s, System.Boolean isCommon) [0x00033] in <d3b2b0dcf28543d2a9bb4f5351f811d7>:0 
  at Microsoft.Boogie.SMTLib.SMTLibProcessTheoremProver.SendThisVC (System.String s) [0x00001] in <d3b2b0dcf28543d2a9bb4f5351f811d7>:0 
  at Microsoft.Boogie.SMTLib.SMTLibProcessTheoremProver.Assert (Microsoft.Boogie.VCExprAST.VCExpr vc, System.Boolean polarity, System.Boolean isSoft, System.Int32 weight, System.String name) [0x000f0] in <d3b2b0dcf28543d2a9bb4f5351f811d7>:0 
  at CoreLib.StratifiedInlining.Expand (VC.StratifiedCallSite scs, System.String name, System.Boolean DoSubst, System.Boolean dontMerge) [0x00256] in <31ff067998974cb69e77a66ab6017476>:0 
  at CoreLib.StratifiedInlining.Expand (VC.StratifiedCallSite scs) [0x00001] in <31ff067998974cb69e77a66ab6017476>:0 
  at CoreLib.StratifiedInlining.Fwd (System.Collections.Generic.HashSet`1[T] openCallSites, CoreLib.StratifiedInliningErrorReporter reporter, System.Boolean main, System.Int32 recBound) [0x002d7] in <31ff067998974cb69e77a66ab6017476>:0 
  at CoreLib.StratifiedInlining.VerifyImplementation (Microsoft.Boogie.Implementation impl, Microsoft.Boogie.VerifierCallback callback) [0x005f8] in <31ff067998974cb69e77a66ab6017476>:0 
  at VC.ConditionGeneration.VerifyImplementation (Microsoft.Boogie.Implementation impl, System.Collections.Generic.List`1[Microsoft.Boogie.Counterexample]& errors, System.String requestId) [0x00019] in <14df629e5b3f42d49f11ff98343dc236>:0 
  at cba.Util.BoogieVerify.Verify (Microsoft.Boogie.Program program, System.Boolean needErrorTraces, System.Collections.Generic.List`1[cba.Util.BoogieErrorTrace]& allErrors, System.Collections.Generic.List`1[System.String]& timedOut, System.Boolean isCBA) [0x003da] in <31ff067998974cb69e77a66ab6017476>:0 
  at cba.Util.BoogieVerify.Verify (Microsoft.Boogie.Program program, System.Collections.Generic.List`1[cba.Util.BoogieErrorTrace]& allErrors, System.Boolean isCBA) [0x00007] in <31ff067998974cb69e77a66ab6017476>:0 
  at cba.Driver.GetInputProgram (cba.Configs config) [0x001a4] in <9796ebabc43043d4b1c71d43090f6a9f>:0 
  at cba.Driver.run (System.String[] args) [0x0006c] in <9796ebabc43043d4b1c71d43090f6a9f>:0 
  at cba.Driver.Main (System.String[] args) [0x00067] in <9796ebabc43043d4b1c71d43090f6a9f>:0 
[ERROR] FATAL UNHANDLED EXCEPTION: System.IO.IOException: Write fault on path /home/ubuntu/repos/parallelExecutor/bin/Debug/[Unknown]
  at System.IO.FileStream.WriteInternal (System.Byte[] src, System.Int32 offset, System.Int32 count) [0x00077] in <533173d24dae460899d2b10975534bb0>:0 
  at System.IO.FileStream.Write (System.Byte[] array, System.Int32 offset, System.Int32 count) [0x00090] in <533173d24dae460899d2b10975534bb0>:0 
  at System.IO.StreamWriter.Flush (System.Boolean flushStream, System.Boolean flushEncoder) [0x00080] in <533173d24dae460899d2b10975534bb0>:0 
  at System.IO.StreamWriter.WriteSpan (System.ReadOnlySpan`1[T] buffer, System.Boolean appendNewLine) [0x000a7] in <533173d24dae460899d2b10975534bb0>:0 
  at System.IO.StreamWriter.WriteLine (System.String value) [0x0000d] in <533173d24dae460899d2b10975534bb0>:0 
  at Microsoft.Boogie.SMTLib.SMTLibProcess.Send (System.String cmd) [0x00073] in <d3b2b0dcf28543d2a9bb4f5351f811d7>:0 
  at Microsoft.Boogie.SMTLib.SMTLibProcessTheoremProver.Send (System.String s, System.Boolean isCommon) [0x00033] in <d3b2b0dcf28543d2a9bb4f5351f811d7>:0 
  at Microsoft.Boogie.SMTLib.SMTLibProcessTheoremProver.SendThisVC (System.String s) [0x00001] in <d3b2b0dcf28543d2a9bb4f5351f811d7>:0 
  at Microsoft.Boogie.SMTLib.SMTLibProcessTheoremProver.Assert (Microsoft.Boogie.VCExprAST.VCExpr vc, System.Boolean polarity, System.Boolean isSoft, System.Int32 weight, System.String name) [0x000f0] in <d3b2b0dcf28543d2a9bb4f5351f811d7>:0 
  at CoreLib.StratifiedInlining.Expand (VC.StratifiedCallSite scs, System.String name, System.Boolean DoSubst, System.Boolean dontMerge) [0x00256] in <31ff067998974cb69e77a66ab6017476>:0 
  at CoreLib.StratifiedInlining.Expand (VC.StratifiedCallSite scs) [0x00001] in <31ff067998974cb69e77a66ab6017476>:0 
  at CoreLib.StratifiedInlining.Fwd (System.Collections.Generic.HashSet`1[T] openCallSites, CoreLib.StratifiedInliningErrorReporter reporter, System.Boolean main, System.Int32 recBound) [0x002d7] in <31ff067998974cb69e77a66ab6017476>:0 
  at CoreLib.StratifiedInlining.VerifyImplementation (Microsoft.Boogie.Implementation impl, Microsoft.Boogie.VerifierCallback callback) [0x005f8] in <31ff067998974cb69e77a66ab6017476>:0 
  at VC.ConditionGeneration.VerifyImplementation (Microsoft.Boogie.Implementation impl, System.Collections.Generic.List`1[Microsoft.Boogie.Counterexample]& errors, System.String requestId) [0x00019] in <14df629e5b3f42d49f11ff98343dc236>:0 
  at cba.Util.BoogieVerify.Verify (Microsoft.Boogie.Program program, System.Boolean needErrorTraces, System.Collections.Generic.List`1[cba.Util.BoogieErrorTrace]& allErrors, System.Collections.Generic.List`1[System.String]& timedOut, System.Boolean isCBA) [0x003da] in <31ff067998974cb69e77a66ab6017476>:0 
  at cba.Util.BoogieVerify.Verify (Microsoft.Boogie.Program program, System.Collections.Generic.List`1[cba.Util.BoogieErrorTrace]& allErrors, System.Boolean isCBA) [0x00007] in <31ff067998974cb69e77a66ab6017476>:0 
  at cba.Driver.GetInputProgram (cba.Configs config) [0x001a4] in <9796ebabc43043d4b1c71d43090f6a9f>:0 
  at cba.Driver.run (System.String[] args) [0x0006c] in <9796ebabc43043d4b1c71d43090f6a9f>:0 
  at cba.Driver.Main (System.String[] args) [0x00067] in <9796ebabc43043d4b1c71d43090f6a9f>:0 

Unhandled Exception:
System.IO.IOException: Write fault on path /home/ubuntu/repos/parallelExecutor/bin/Debug/[Unknown]
  at System.IO.FileStream.WriteInternal (System.Byte[] src, System.Int32 offset, System.Int32 count) [0x00077] in <533173d24dae460899d2b10975534bb0>:0 
  at System.IO.FileStream.Write (System.Byte[] array, System.Int32 offset, System.Int32 count) [0x00090] in <533173d24dae460899d2b10975534bb0>:0 
  at System.IO.StreamWriter.Flush (System.Boolean flushStream, System.Boolean flushEncoder) [0x00080] in <533173d24dae460899d2b10975534bb0>:0 
  at System.IO.StreamWriter.WriteSpan (System.ReadOnlySpan`1[T] buffer, System.Boolean appendNewLine) [0x0016b] in <533173d24dae460899d2b10975534bb0>:0 
  at System.IO.StreamWriter.WriteLine (System.String value) [0x0000d] in <533173d24dae460899d2b10975534bb0>:0 
  at Microsoft.Boogie.SMTLib.SMTLibProcess.Send (System.String cmd) [0x00073] in <d3b2b0dcf28543d2a9bb4f5351f811d7>:0 
  at Microsoft.Boogie.SMTLib.SMTLibProcessTheoremProver.Send (System.String s, System.Boolean isCommon) [0x00033] in <d3b2b0dcf28543d2a9bb4f5351f811d7>:0 
  at Microsoft.Boogie.SMTLib.SMTLibProcessTheoremProver.SendThisVC (System.String s) [0x00001] in <d3b2b0dcf28543d2a9bb4f5351f811d7>:0 
  at Microsoft.Boogie.SMTLib.SMTLibProcessTheoremProver.Assert (Microsoft.Boogie.VCExprAST.VCExpr vc, System.Boolean polarity, System.Boolean isSoft, System.Int32 weight, System.String name) [0x000f0] in <d3b2b0dcf28543d2a9bb4f5351f811d7>:0 
  at CoreLib.StratifiedInlining.Fwd (System.Collections.Generic.HashSet`1[T] openCallSites, CoreLib.StratifiedInliningErrorReporter reporter, System.Boolean main, System.Int32 recBound) [0x001c3] in <31ff067998974cb69e77a66ab6017476>:0 
  at CoreLib.StratifiedInlining.VerifyImplementation (Microsoft.Boogie.Implementation impl, Microsoft.Boogie.VerifierCallback callback) [0x005f8] in <31ff067998974cb69e77a66ab6017476>:0 
  at VC.ConditionGeneration.VerifyImplementation (Microsoft.Boogie.Implementation impl, System.Collections.Generic.List`1[Microsoft.Boogie.Counterexample]& errors, System.String requestId) [0x00019] in <14df629e5b3f42d49f11ff98343dc236>:0 
  at cba.Util.BoogieVerify.Verify (Microsoft.Boogie.Program program, System.Boolean needErrorTraces, System.Collections.Generic.List`1[cba.Util.BoogieErrorTrace]& allErrors, System.Collections.Generic.List`1[System.String]& timedOut, System.Boolean isCBA) [0x003da] in <31ff067998974cb69e77a66ab6017476>:0 
  at cba.Util.BoogieVerify.Verify (Microsoft.Boogie.Program program, System.Collections.Generic.List`1[cba.Util.BoogieErrorTrace]& allErrors, System.Boolean isCBA) [0x00007] in <31ff067998974cb69e77a66ab6017476>:0 
  at cba.Driver.GetInputProgram (cba.Configs config) [0x001a4] in <9796ebabc43043d4b1c71d43090f6a9f>:0 
  at cba.Driver.run (System.String[] args) [0x0006c] in <9796ebabc43043d4b1c71d43090f6a9f>:0 
  at cba.Driver.Main (System.String[] args) [0x00067] in <9796ebabc43043d4b1c71d43090f6a9f>:0 
[ERROR] FATAL UNHANDLED EXCEPTION: System.IO.IOException: Write fault on path /home/ubuntu/repos/parallelExecutor/bin/Debug/[Unknown]
  at System.IO.FileStream.WriteInternal (System.Byte[] src, System.Int32 offset, System.Int32 count) [0x00077] in <533173d24dae460899d2b10975534bb0>:0 
  at System.IO.FileStream.Write (System.Byte[] array, System.Int32 offset, System.Int32 count) [0x00090] in <533173d24dae460899d2b10975534bb0>:0 
  at System.IO.StreamWriter.Flush (System.Boolean flushStream, System.Boolean flushEncoder) [0x00080] in <533173d24dae460899d2b10975534bb0>:0 
  at System.IO.StreamWriter.WriteSpan (System.ReadOnlySpan`1[T] buffer, System.Boolean appendNewLine) [0x0016b] in <533173d24dae460899d2b10975534bb0>:0 
  at System.IO.StreamWriter.WriteLine (System.String value) [0x0000d] in <533173d24dae460899d2b10975534bb0>:0 
  at Microsoft.Boogie.SMTLib.SMTLibProcess.Send (System.String cmd) [0x00073] in <d3b2b0dcf28543d2a9bb4f5351f811d7>:0 
  at Microsoft.Boogie.SMTLib.SMTLibProcessTheoremProver.Send (System.String s, System.Boolean isCommon) [0x00033] in <d3b2b0dcf28543d2a9bb4f5351f811d7>:0 
  at Microsoft.Boogie.SMTLib.SMTLibProcessTheoremProver.SendThisVC (System.String s) [0x00001] in <d3b2b0dcf28543d2a9bb4f5351f811d7>:0 
  at Microsoft.Boogie.SMTLib.SMTLibProcessTheoremProver.Assert (Microsoft.Boogie.VCExprAST.VCExpr vc, System.Boolean polarity, System.Boolean isSoft, System.Int32 weight, System.String name) [0x000f0] in <d3b2b0dcf28543d2a9bb4f5351f811d7>:0 
  at CoreLib.StratifiedInlining.Fwd (System.Collections.Generic.HashSet`1[T] openCallSites, CoreLib.StratifiedInliningErrorReporter reporter, System.Boolean main, System.Int32 recBound) [0x001c3] in <31ff067998974cb69e77a66ab6017476>:0 
  at CoreLib.StratifiedInlining.VerifyImplementation (Microsoft.Boogie.Implementation impl, Microsoft.Boogie.VerifierCallback callback) [0x005f8] in <31ff067998974cb69e77a66ab6017476>:0 
  at VC.ConditionGeneration.VerifyImplementation (Microsoft.Boogie.Implementation impl, System.Collections.Generic.List`1[Microsoft.Boogie.Counterexample]& errors, System.String requestId) [0x00019] in <14df629e5b3f42d49f11ff98343dc236>:0 
  at cba.Util.BoogieVerify.Verify (Microsoft.Boogie.Program program, System.Boolean needErrorTraces, System.Collections.Generic.List`1[cba.Util.BoogieErrorTrace]& allErrors, System.Collections.Generic.List`1[System.String]& timedOut, System.Boolean isCBA) [0x003da] in <31ff067998974cb69e77a66ab6017476>:0 
  at cba.Util.BoogieVerify.Verify (Microsoft.Boogie.Program program, System.Collections.Generic.List`1[cba.Util.BoogieErrorTrace]& allErrors, System.Boolean isCBA) [0x00007] in <31ff067998974cb69e77a66ab6017476>:0 
  at cba.Driver.GetInputProgram (cba.Configs config) [0x001a4] in <9796ebabc43043d4b1c71d43090f6a9f>:0 
  at cba.Driver.run (System.String[] args) [0x0006c] in <9796ebabc43043d4b1c71d43090f6a9f>:0 
  at cba.Driver.Main (System.String[] args) [0x00067] in <9796ebabc43043d4b1c71d43090f6a9f>:0 
All Executions completed
