Verifying hw_irqliopassive2_0.bpl.bpl
Corral program verifier version 1.0.0.0
Corral program verifier version 1.0.0.0
Corral program verifier version 1.0.0.0
Corral program verifier version 1.0.0.0
Corral program verifier version 1.0.0.0
Corral program verifier version 1.0.0.0
Corral program verifier version 1.0.0.0
Corral program verifier version 1.0.0.0
http://localhost:5002/
http://localhost:5002/
http://localhost:5002/
http://localhost:5002/
http://localhost:5002/
http://localhost:5002/
http://localhost:5002/
http://localhost:5002/
1 => Outcome : Correct
1 =>: 3 <= UW iterations OR => 0
2 => new call tree total iteration : 0
2 => Outcome : Correct
2 =>: 20 <= UW iterations OR => 0
3 => new call tree total iteration : 0
4 => new call tree total iteration : 0
5 => new call tree total iteration : 0
6 => new call tree total iteration : 0
7 => new call tree total iteration : 0
1 => new call tree total iteration : 0
8 => new call tree total iteration : 0
2 => new call tree total iteration : 0
5 => Outcome : Correct
5 =>: 12 <= UW iterations OR => 0
8 => Outcome : Correct
8 =>: 5 <= UW iterations OR => 0
8 => new call tree total iteration : 0
8 => Outcome : Correct
8 =>: 6 <= UW iterations OR => 0
5 => new call tree total iteration : 0
8 => new call tree total iteration : 0
6 => Outcome : Correct
6 =>: 29 <= UW iterations OR => 0
7 => Outcome : Correct
7 =>: 28 <= UW iterations OR => 0
6 => new call tree total iteration : 0
6 => Outcome : Correct
6 =>: 30 <= UW iterations OR => 0
3 => Outcome : Correct
3 =>: 45 <= UW iterations OR => 0
4 => Outcome : Correct
4 =>: 32 <= UW iterations OR => 0
2 => Outcome : Correct
2 =>: 44 <= UW iterations OR => 0
8 => Outcome : Correct
8 =>: 36 <= UW iterations OR => 0
7 => new call tree total iteration : 0
6 => new call tree total iteration : 0
5 => Outcome : Correct
5 =>: 37 <= UW iterations OR => 0
3 => new call tree total iteration : 0
1 => Outcome : Correct
1 =>: 28 <= UW iterations OR => 0
2 => new call tree total iteration : 0
2 => Outcome : Correct
2 =>: 45 <= UW iterations OR => 0
1 => new call tree total iteration : 0
6 => Outcome : Correct
6 =>: 35 <= UW iterations OR => 0
4 => new call tree total iteration : 0
1 => Outcome : Correct
1 =>: 29 <= UW iterations OR => 0
8 => new call tree total iteration : 0
2 => new call tree total iteration : 0
5 => new call tree total iteration : 0
6 => new call tree total iteration : 0
1 => new call tree total iteration : 0
1 => Outcome : Correct
1 =>: 30 <= UW iterations OR => 0
1 => new call tree total iteration : 0
6 => Outcome : Correct
6 =>: 48 <= UW iterations OR => 0
8 => Outcome : Correct
8 =>: 59 <= UW iterations OR => 0
1 => Outcome : Correct
1 =>: 31 <= UW iterations OR => 0
2 => Outcome : Correct
2 =>: 64 <= UW iterations OR => 0
5 => Outcome : Correct
5 =>: 62 <= UW iterations OR => 0
8 => new call tree total iteration : 0
6 => new call tree total iteration : 0
1 => new call tree total iteration : 0
2 => new call tree total iteration : 0
5 => new call tree total iteration : 0
5 => Outcome : Correct
5 =>: 65 <= UW iterations OR => 0
5 => new call tree total iteration : 0
3 => Outcome : ReachedBound
3 =>: 139 <= UW iterations OR => 0
2 => Outcome : ReachedBound
2 =>: 118 <= UW iterations OR => 0
3 => new call tree total iteration : 0
2 => new call tree total iteration : 0
1 => Outcome : ReachedBound
1 =>: 140 <= UW iterations OR => 0
6 => Outcome : ReachedBound
6 =>: 155 <= UW iterations OR => 0
1 => new call tree total iteration : 0
6 => new call tree total iteration : 0
6 => Outcome : Correct
6 =>: 156 <= UW iterations OR => 0
2 => Outcome : ReachedBound
2 =>: 172 <= UW iterations OR => 0
2 => new call tree total iteration : 0
2 => Outcome : ReachedBound
2 =>: 173 <= UW iterations OR => 0
6 => new call tree total iteration : 0
2 => new call tree total iteration : 0
3 => Outcome : Correct
3 =>: 297 <= UW iterations OR => 0
3 => new call tree total iteration : 0
2 => Outcome : Correct
2 =>: 269 <= UW iterations OR => 0
2 => new call tree total iteration : 0
Verification Outcome : TIMEDOUT
Time Taken : 3E-06
Verifying sys_zwregistrycreate_0.bpl.bpl
Corral program verifier version 1.0.0.0
Corral program verifier version 1.0.0.0
Corral program verifier version 1.0.0.0
Corral program verifier version 1.0.0.0
Corral program verifier version 1.0.0.0
Corral program verifier version 1.0.0.0
Corral program verifier version 1.0.0.0
Corral program verifier version 1.0.0.0
http://localhost:5002/
http://localhost:5002/
http://localhost:5002/
http://localhost:5002/
http://localhost:5002/
http://localhost:5002/
http://localhost:5002/
http://localhost:5002/
2 => Outcome : Correct
2 =>: 3 <= UW iterations OR => 0
1 => new call tree total iteration : 0
1 => Outcome : Correct
1 =>: 16 <= UW iterations OR => 0
3 => new call tree total iteration : 0
3 => Outcome : Correct
3 =>: 19 <= UW iterations OR => 0
5 => new call tree total iteration : 0
6 => new call tree total iteration : 0
4 => new call tree total iteration : 0
5 => Outcome : Correct
5 =>: 6 <= UW iterations OR => 0
4 => Outcome : Correct
4 =>: 7 <= UW iterations OR => 0
7 => new call tree total iteration : 0
6 => Outcome : Correct
6 =>: 5 <= UW iterations OR => 0
7 => Outcome : Correct
7 =>: 1 <= UW iterations OR => 0
2 => new call tree total iteration : 0
1 => new call tree total iteration : 0
1 => Outcome : Correct
1 =>: 17 <= UW iterations OR => 0
8 => new call tree total iteration : 0
3 => new call tree total iteration : 0
2 => Outcome : Correct
2 =>: 9 <= UW iterations OR => 0
3 => Outcome : Correct
3 =>: 20 <= UW iterations OR => 0
4 => new call tree total iteration : 0
4 => Outcome : Correct
4 =>: 8 <= UW iterations OR => 0
5 => new call tree total iteration : 0
8 => Outcome : Correct
8 =>: 5 <= UW iterations OR => 0
5 => Outcome : Correct
5 =>: 8 <= UW iterations OR => 0
6 => new call tree total iteration : 0
6 => Outcome : Correct
6 =>: 10 <= UW iterations OR => 0
7 => new call tree total iteration : 0
7 => Outcome : Correct
7 =>: 6 <= UW iterations OR => 0
1 => new call tree total iteration : 0
1 => Outcome : Correct
1 =>: 22 <= UW iterations OR => 0
2 => new call tree total iteration : 0
2 => Outcome : Correct
2 =>: 14 <= UW iterations OR => 0
3 => new call tree total iteration : 0
3 => Outcome : Correct
3 =>: 31 <= UW iterations OR => 0
4 => new call tree total iteration : 0
4 => Outcome : Correct
4 =>: 13 <= UW iterations OR => 0
8 => new call tree total iteration : 0
5 => new call tree total iteration : 0
6 => new call tree total iteration : 0
7 => new call tree total iteration : 0
2 => new call tree total iteration : 0
3 => new call tree total iteration : 0
1 => new call tree total iteration : 0
1 => Outcome : Correct
1 =>: 23 <= UW iterations OR => 0
4 => new call tree total iteration : 0
1 => new call tree total iteration : 0
8 => Outcome : Correct
8 =>: 38 <= UW iterations OR => 0
6 => Outcome : Correct
6 =>: 42 <= UW iterations OR => 0
8 => new call tree total iteration : 0
3 => Outcome : Correct
3 =>: 64 <= UW iterations OR => 0
6 => new call tree total iteration : 0
6 => Outcome : Correct
6 =>: 43 <= UW iterations OR => 0
1 => Outcome : Correct
1 =>: 46 <= UW iterations OR => 0
3 => new call tree total iteration : 0
5 => Outcome : Correct
5 =>: 48 <= UW iterations OR => 0
6 => new call tree total iteration : 0
1 => new call tree total iteration : 0
8 => Outcome : Correct
8 =>: 57 <= UW iterations OR => 0
4 => Outcome : Correct
4 =>: 47 <= UW iterations OR => 0
6 => Outcome : Correct
6 =>: 63 <= UW iterations OR => 0
3 => Outcome : Correct
3 =>: 93 <= UW iterations OR => 0
7 => Outcome : Correct
7 =>: 48 <= UW iterations OR => 0
5 => new call tree total iteration : 0
8 => new call tree total iteration : 0
4 => new call tree total iteration : 0
6 => new call tree total iteration : 0
4 => Outcome : Correct
4 =>: 48 <= UW iterations OR => 0
6 => Outcome : Correct
6 =>: 64 <= UW iterations OR => 0
3 => new call tree total iteration : 0
3 => Outcome : Correct
3 =>: 94 <= UW iterations OR => 0
7 => new call tree total iteration : 0
7 => Outcome : Correct
7 =>: 49 <= UW iterations OR => 0
5 => Outcome : Correct
5 =>: 51 <= UW iterations OR => 0
4 => new call tree total iteration : 0
2 => Outcome : Correct
2 =>: 66 <= UW iterations OR => 0
8 => Outcome : Correct
8 =>: 60 <= UW iterations OR => 0
6 => new call tree total iteration : 0
1 => Outcome : Correct
1 =>: 93 <= UW iterations OR => 0
3 => new call tree total iteration : 0
7 => new call tree total iteration : 0
5 => new call tree total iteration : 0
5 => Outcome : Correct
5 =>: 53 <= UW iterations OR => 0
2 => new call tree total iteration : 0
8 => new call tree total iteration : 0
4 => Outcome : Correct
4 =>: 53 <= UW iterations OR => 0
8 => Outcome : Correct
8 =>: 62 <= UW iterations OR => 0
1 => new call tree total iteration : 0
7 => Outcome : Correct
7 =>: 54 <= UW iterations OR => 0
2 => Outcome : Correct
2 =>: 68 <= UW iterations OR => 0
5 => new call tree total iteration : 0
4 => new call tree total iteration : 0
8 => new call tree total iteration : 0
7 => new call tree total iteration : 0
2 => new call tree total iteration : 0
3 => Outcome : Correct
3 =>: 99 <= UW iterations OR => 0
2 => Outcome : Correct
2 =>: 69 <= UW iterations OR => 0
6 => Outcome : Correct
6 =>: 69 <= UW iterations OR => 0
3 => new call tree total iteration : 0
2 => new call tree total iteration : 0
3 => Outcome : Correct
3 =>: 101 <= UW iterations OR => 0
6 => new call tree total iteration : 0
7 => Outcome : Correct
7 =>: 57 <= UW iterations OR => 0
3 => new call tree total iteration : 0
3 => Outcome : Correct
3 =>: 102 <= UW iterations OR => 0
2 => Outcome : Correct
2 =>: 73 <= UW iterations OR => 0
8 => Outcome : Correct
8 =>: 66 <= UW iterations OR => 0
7 => new call tree total iteration : 0
5 => Outcome : Correct
5 =>: 64 <= UW iterations OR => 0
6 => Outcome : Correct
6 =>: 82 <= UW iterations OR => 0
3 => new call tree total iteration : 0
1 => Outcome : Correct
1 =>: 101 <= UW iterations OR => 0
2 => new call tree total iteration : 0
8 => new call tree total iteration : 0
7 => Outcome : Correct
7 =>: 59 <= UW iterations OR => 0
3 => Outcome : Correct
3 =>: 104 <= UW iterations OR => 0
5 => new call tree total iteration : 0
6 => new call tree total iteration : 0
1 => new call tree total iteration : 0
4 => Outcome : Correct
4 =>: 75 <= UW iterations OR => 0
7 => new call tree total iteration : 0
6 => Outcome : Correct
6 =>: 85 <= UW iterations OR => 0
2 => Outcome : Correct
2 =>: 78 <= UW iterations OR => 0
3 => new call tree total iteration : 0
4 => new call tree total iteration : 0
6 => new call tree total iteration : 0
5 => Outcome : Correct
5 =>: 68 <= UW iterations OR => 0
2 => new call tree total iteration : 0
5 => new call tree total iteration : 0
4 => Outcome : Correct
4 =>: 81 <= UW iterations OR => 0
6 => Outcome : Correct
6 =>: 89 <= UW iterations OR => 0
4 => new call tree total iteration : 0
2 => Outcome : Correct
2 =>: 84 <= UW iterations OR => 0
6 => new call tree total iteration : 0
2 => new call tree total iteration : 0
6 => Outcome : Correct
6 =>: 92 <= UW iterations OR => 0
6 => new call tree total iteration : 0
2 => Outcome : Correct
2 =>: 90 <= UW iterations OR => 0
2 => new call tree total iteration : 0
6 => Outcome : Correct
6 =>: 99 <= UW iterations OR => 0
6 => new call tree total iteration : 0
3 => Outcome : Correct
3 =>: 113 <= UW iterations OR => 0
3 => new call tree total iteration : 0
1 => Outcome : Correct
1 =>: 128 <= UW iterations OR => 0
1 => new call tree total iteration : 0
3 => Outcome : Correct
3 =>: 132 <= UW iterations OR => 0
3 => new call tree total iteration : 0
3 => Outcome : Correct
3 =>: 133 <= UW iterations OR => 0
3 => new call tree total iteration : 0
2 => Outcome : Correct
2 =>: 121 <= UW iterations OR => 0
2 => new call tree total iteration : 0
2 => Outcome : Correct
2 =>: 124 <= UW iterations OR => 0
2 => new call tree total iteration : 0
5 => Outcome : Correct
5 =>: 116 <= UW iterations OR => 0
5 => new call tree total iteration : 0
6 => Outcome : Correct
6 =>: 140 <= UW iterations OR => 0
6 => new call tree total iteration : 0
2 => Outcome : Correct
2 =>: 144 <= UW iterations OR => 0
2 => new call tree total iteration : 0
2 => Outcome : Correct
2 =>: 145 <= UW iterations OR => 0
2 => new call tree total iteration : 0
1 => Outcome : Correct
1 =>: 162 <= UW iterations OR => 0
1 => new call tree total iteration : 0
1 => Outcome : Correct
1 =>: 163 <= UW iterations OR => 0
1 => new call tree total iteration : 0
2 => Outcome : Correct
2 =>: 152 <= UW iterations OR => 0
2 => new call tree total iteration : 0
2 => Outcome : Correct
2 =>: 157 <= UW iterations OR => 0
2 => new call tree total iteration : 0
6 => Outcome : Correct
6 =>: 156 <= UW iterations OR => 0
6 => new call tree total iteration : 0
1 => Outcome : Correct
1 =>: 170 <= UW iterations OR => 0
1 => new call tree total iteration : 0
6 => Outcome : Correct
6 =>: 159 <= UW iterations OR => 0
3 => Outcome : Correct
3 =>: 173 <= UW iterations OR => 0
6 => new call tree total iteration : 0
1 => Outcome : Correct
1 =>: 173 <= UW iterations OR => 0
2 => Outcome : Correct
2 =>: 163 <= UW iterations OR => 0
6 => Outcome : Correct
6 =>: 160 <= UW iterations OR => 0
5 => Outcome : Correct
5 =>: 144 <= UW iterations OR => 0
3 => new call tree total iteration : 0
8 => Outcome : Correct
8 =>: 141 <= UW iterations OR => 0
3 => Outcome : Correct
3 =>: 174 <= UW iterations OR => 0
4 => Outcome : Correct
4 =>: 114 <= UW iterations OR => 0
1 => new call tree total iteration : 0
7 => Outcome : Correct
7 =>: 67 <= UW iterations OR => 0
2 => new call tree total iteration : 0
1 => Outcome : Correct
1 =>: 181 <= UW iterations OR => 0
6 => new call tree total iteration : 0
5 => new call tree total iteration : 0
5 => Outcome : Correct
5 =>: 145 <= UW iterations OR => 0
8 => new call tree total iteration : 0
8 => Outcome : Correct
8 =>: 143 <= UW iterations OR => 0
3 => new call tree total iteration : 0
4 => new call tree total iteration : 0
3 => Outcome : Correct
3 =>: 177 <= UW iterations OR => 0
7 => new call tree total iteration : 0
1 => new call tree total iteration : 0
5 => new call tree total iteration : 0
4 => Outcome : Correct
4 =>: 117 <= UW iterations OR => 0
8 => new call tree total iteration : 0
7 => Outcome : Correct
7 =>: 70 <= UW iterations OR => 0
3 => new call tree total iteration : 0
4 => new call tree total iteration : 0
7 => new call tree total iteration : 0
3 => Outcome : Correct
3 =>: 178 <= UW iterations OR => 0
5 => Outcome : Correct
5 =>: 148 <= UW iterations OR => 0
8 => Outcome : Correct
8 =>: 146 <= UW iterations OR => 0
3 => new call tree total iteration : 0
5 => new call tree total iteration : 0
1 => Outcome : Correct
1 =>: 185 <= UW iterations OR => 0
8 => new call tree total iteration : 0
1 => new call tree total iteration : 0
4 => Outcome : Correct
4 =>: 122 <= UW iterations OR => 0
4 => new call tree total iteration : 0
3 => Outcome : Correct
3 =>: 185 <= UW iterations OR => 0
4 => Outcome : Correct
4 =>: 125 <= UW iterations OR => 0
3 => new call tree total iteration : 0
4 => new call tree total iteration : 0
1 => Outcome : Correct
1 =>: 194 <= UW iterations OR => 0
7 => Outcome : Correct
7 =>: 84 <= UW iterations OR => 0
1 => new call tree total iteration : 0
7 => new call tree total iteration : 0
1 => Outcome : Correct
1 =>: 195 <= UW iterations OR => 0
1 => new call tree total iteration : 0
5 => Outcome : Correct
5 =>: 160 <= UW iterations OR => 0
5 => new call tree total iteration : 0
1 => Outcome : Correct
1 =>: 196 <= UW iterations OR => 0
1 => new call tree total iteration : 0
4 => Outcome : Correct
4 =>: 130 <= UW iterations OR => 0
7 => Outcome : Correct
7 =>: 86 <= UW iterations OR => 0
8 => Outcome : Correct
8 =>: 156 <= UW iterations OR => 0
1 => Outcome : Correct
1 =>: 197 <= UW iterations OR => 0
3 => Outcome : Correct
3 =>: 191 <= UW iterations OR => 0
4 => new call tree total iteration : 0
7 => new call tree total iteration : 0
4 => Outcome : Correct
4 =>: 131 <= UW iterations OR => 0
8 => new call tree total iteration : 0
1 => new call tree total iteration : 0
7 => Outcome : Correct
7 =>: 88 <= UW iterations OR => 0
8 => Outcome : Correct
8 =>: 157 <= UW iterations OR => 0
5 => Outcome : Correct
5 =>: 163 <= UW iterations OR => 0
3 => new call tree total iteration : 0
1 => Outcome : Correct
1 =>: 199 <= UW iterations OR => 0
3 => Outcome : Correct
3 =>: 192 <= UW iterations OR => 0
6 => Outcome : Correct
6 =>: 162 <= UW iterations OR => 0
4 => new call tree total iteration : 0
2 => Outcome : Correct
2 =>: 165 <= UW iterations OR => 0
7 => new call tree total iteration : 0
4 => Outcome : Correct
4 =>: 133 <= UW iterations OR => 0
8 => new call tree total iteration : 0
5 => new call tree total iteration : 0
1 => new call tree total iteration : 0
3 => new call tree total iteration : 0
7 => Outcome : Correct
7 =>: 97 <= UW iterations OR => 0
3 => Outcome : Correct
3 =>: 194 <= UW iterations OR => 0
1 => Outcome : Correct
1 =>: 204 <= UW iterations OR => 0
8 => Outcome : Correct
8 =>: 159 <= UW iterations OR => 0
6 => new call tree total iteration : 0
5 => Outcome : Correct
5 =>: 165 <= UW iterations OR => 0
2 => new call tree total iteration : 0
2 => Outcome : Correct
2 =>: 167 <= UW iterations OR => 0
4 => new call tree total iteration : 0
6 => Outcome : Correct
6 =>: 164 <= UW iterations OR => 0
7 => new call tree total iteration : 0
7 => Outcome : Correct
7 =>: 99 <= UW iterations OR => 0
3 => new call tree total iteration : 0
4 => Outcome : Correct
4 =>: 135 <= UW iterations OR => 0
1 => new call tree total iteration : 0
3 => Outcome : Correct
3 =>: 196 <= UW iterations OR => 0
8 => new call tree total iteration : 0
5 => new call tree total iteration : 0
8 => Outcome : Correct
8 =>: 162 <= UW iterations OR => 0
2 => new call tree total iteration : 0
Verification Outcome : TIMEDOUT
Time Taken : 0
Verifying Imapi_removelockrelease2_0.bpl.bpl
Corral program verifier version 1.0.0.0
Corral program verifier version 1.0.0.0
Corral program verifier version 1.0.0.0
Corral program verifier version 1.0.0.0
Corral program verifier version 1.0.0.0
Corral program verifier version 1.0.0.0
Corral program verifier version 1.0.0.0
http://localhost:5002/
Corral program verifier version 1.0.0.0
http://localhost:5002/
http://localhost:5002/
http://localhost:5002/
http://localhost:5002/
http://localhost:5002/
http://localhost:5002/
http://localhost:5002/
1 => Outcome : Correct
1 =>: 3 <= UW iterations OR => 0
2 => new call tree total iteration : 0
2 => Outcome : Correct
2 =>: 9 <= UW iterations OR => 0
3 => new call tree total iteration : 0
3 => Outcome : Correct
3 =>: 3 <= UW iterations OR => 0
5 => new call tree total iteration : 0
5 => Outcome : Correct
5 =>: 16 <= UW iterations OR => 0
4 => new call tree total iteration : 0
6 => new call tree total iteration : 0
7 => new call tree total iteration : 0
4 => Outcome : Correct
4 =>: 11 <= UW iterations OR => 0
1 => new call tree total iteration : 0
8 => new call tree total iteration : 0
7 => Outcome : Correct
7 =>: 6 <= UW iterations OR => 0
3 => new call tree total iteration : 0
1 => Outcome : Correct
1 =>: 6 <= UW iterations OR => 0
2 => new call tree total iteration : 0
8 => Outcome : Correct
8 =>: 3 <= UW iterations OR => 0
3 => Outcome : Correct
3 =>: 4 <= UW iterations OR => 0
5 => new call tree total iteration : 0
5 => Outcome : Correct
5 =>: 17 <= UW iterations OR => 0
2 => Outcome : Correct
2 =>: 11 <= UW iterations OR => 0
4 => new call tree total iteration : 0
7 => new call tree total iteration : 0
7 => Outcome : Correct
7 =>: 7 <= UW iterations OR => 0
4 => Outcome : Correct
4 =>: 17 <= UW iterations OR => 0
1 => new call tree total iteration : 0
1 => Outcome : Correct
1 =>: 7 <= UW iterations OR => 0
8 => new call tree total iteration : 0
8 => Outcome : Correct
8 =>: 4 <= UW iterations OR => 0
3 => new call tree total iteration : 0
6 => Outcome : Correct
6 =>: 19 <= UW iterations OR => 0
5 => new call tree total iteration : 0
3 => Outcome : Correct
3 =>: 9 <= UW iterations OR => 0
2 => new call tree total iteration : 0
4 => new call tree total iteration : 0
7 => new call tree total iteration : 0
8 => new call tree total iteration : 0
1 => new call tree total iteration : 0
6 => new call tree total iteration : 0
3 => new call tree total iteration : 0
4 => Outcome : Correct
4 =>: 38 <= UW iterations OR => 0
4 => new call tree total iteration : 0
8 => Outcome : Correct
8 =>: 27 <= UW iterations OR => 0
8 => new call tree total iteration : 0
5 => Outcome : Correct
5 =>: 60 <= UW iterations OR => 0
5 => new call tree total iteration : 0
4 => Outcome : Correct
4 =>: 75 <= UW iterations OR => 0
1 => Outcome : Correct
1 =>: 49 <= UW iterations OR => 0
4 => new call tree total iteration : 0
1 => new call tree total iteration : 0
1 => Outcome : Correct
1 =>: 51 <= UW iterations OR => 0
3 => Outcome : Correct
3 =>: 56 <= UW iterations OR => 0
2 => Outcome : Correct
2 =>: 58 <= UW iterations OR => 0
2 => new call tree total iteration : 0
1 => new call tree total iteration : 0
1 => Outcome : Correct
1 =>: 52 <= UW iterations OR => 0
1 => new call tree total iteration : 0
6 => Outcome : Correct
6 =>: 73 <= UW iterations OR => 0
3 => new call tree total iteration : 0
6 => new call tree total iteration : 0
3 => Outcome : Correct
3 =>: 61 <= UW iterations OR => 0
2 => Outcome : Correct
2 =>: 85 <= UW iterations OR => 0
1 => Outcome : Correct
1 =>: 66 <= UW iterations OR => 0
2 => new call tree total iteration : 0
3 => new call tree total iteration : 0
1 => new call tree total iteration : 0
4 => Outcome : Correct
4 =>: 119 <= UW iterations OR => 0
4 => new call tree total iteration : 0
1 => Outcome : Correct
1 =>: 78 <= UW iterations OR => 0
1 => new call tree total iteration : 0
5 => Outcome : Correct
5 =>: 186 <= UW iterations OR => 0
5 => new call tree total iteration : 0
2 => Outcome : Correct
2 =>: 111 <= UW iterations OR => 0
2 => new call tree total iteration : 0
4 => Outcome : Correct
4 =>: 143 <= UW iterations OR => 0
4 => new call tree total iteration : 0
6 => Outcome : Correct
6 =>: 147 <= UW iterations OR => 0
6 => new call tree total iteration : 0
2 => Outcome : Correct
2 =>: 157 <= UW iterations OR => 0
7 => Outcome : Correct
7 =>: 158 <= UW iterations OR => 0
2 => new call tree total iteration : 0
7 => new call tree total iteration : 0
3 => Outcome : Correct
3 =>: 169 <= UW iterations OR => 0
3 => new call tree total iteration : 0
8 => Outcome : Correct
8 =>: 202 <= UW iterations OR => 0
8 => new call tree total iteration : 0
1 => Outcome : Correct
1 =>: 203 <= UW iterations OR => 0
1 => new call tree total iteration : 0
6 => Outcome : Correct
6 =>: 279 <= UW iterations OR => 0
6 => new call tree total iteration : 0
7 => Outcome : Correct
7 =>: 433 <= UW iterations OR => 0
7 => new call tree total iteration : 0
3 => Outcome : Correct
3 =>: 715 <= UW iterations OR => 0
3 => new call tree total iteration : 0
Verification Outcome : TIMEDOUT
Time Taken : 0
Verifying parzip_nsremovelockmnremove_0.bpl.bpl
Corral program verifier version 1.0.0.0
Corral program verifier version 1.0.0.0
Corral program verifier version 1.0.0.0
Corral program verifier version 1.0.0.0
Corral program verifier version 1.0.0.0
Corral program verifier version 1.0.0.0
Corral program verifier version 1.0.0.0
Corral program verifier version 1.0.0.0
http://localhost:5002/
http://localhost:5002/
http://localhost:5002/
http://localhost:5002/
http://localhost:5002/
http://localhost:5002/
http://localhost:5002/
http://localhost:5002/
1 => Outcome : Correct
1 =>: 3 <= UW iterations OR => 0
4 => new call tree total iteration : 0
4 => Outcome : Correct
4 =>: 13 <= UW iterations OR => 0
2 => new call tree total iteration : 0
2 => Outcome : Correct
2 =>: 6 <= UW iterations OR => 0
3 => new call tree total iteration : 0
3 => Outcome : Correct
3 =>: 2 <= UW iterations OR => 0
5 => new call tree total iteration : 0
5 => Outcome : Correct
5 =>: 2 <= UW iterations OR => 0
6 => new call tree total iteration : 0
6 => Outcome : Correct
6 =>: 3 <= UW iterations OR => 0
7 => new call tree total iteration : 0
7 => Outcome : Correct
7 =>: 8 <= UW iterations OR => 0
8 => new call tree total iteration : 0
8 => Outcome : Correct
8 =>: 2 <= UW iterations OR => 0
1 => new call tree total iteration : 0
1 => Outcome : Correct
1 =>: 5 <= UW iterations OR => 0
4 => new call tree total iteration : 0
4 => Outcome : Correct
4 =>: 16 <= UW iterations OR => 0
2 => new call tree total iteration : 0
2 => Outcome : Correct
2 =>: 9 <= UW iterations OR => 0
3 => new call tree total iteration : 0
3 => Outcome : Correct
3 =>: 4 <= UW iterations OR => 0
5 => new call tree total iteration : 0
5 => Outcome : Correct
5 =>: 4 <= UW iterations OR => 0
6 => new call tree total iteration : 0
7 => new call tree total iteration : 0
8 => new call tree total iteration : 0
1 => new call tree total iteration : 0
4 => new call tree total iteration : 0
2 => new call tree total iteration : 0
3 => new call tree total iteration : 0
5 => new call tree total iteration : 0
2 => Outcome : Correct
2 =>: 52 <= UW iterations OR => 0
2 => new call tree total iteration : 0
2 => Outcome : Correct
2 =>: 53 <= UW iterations OR => 0
2 => new call tree total iteration : 0
8 => Outcome : Correct
8 =>: 80 <= UW iterations OR => 0
8 => new call tree total iteration : 0
8 => Outcome : Correct
8 =>: 93 <= UW iterations OR => 0
8 => new call tree total iteration : 0
8 => Outcome : Correct
8 =>: 94 <= UW iterations OR => 0
5 => Outcome : Correct
5 =>: 92 <= UW iterations OR => 0
5 => new call tree total iteration : 0
8 => new call tree total iteration : 0
4 => Outcome : Correct
4 =>: 102 <= UW iterations OR => 0
4 => new call tree total iteration : 0
1 => Outcome : Correct
1 =>: 97 <= UW iterations OR => 0
1 => new call tree total iteration : 0
3 => Outcome : Correct
3 =>: 98 <= UW iterations OR => 0
3 => new call tree total iteration : 0
1 => Outcome : Correct
1 =>: 179 <= UW iterations OR => 0
1 => new call tree total iteration : 0
3 => Outcome : ReachedBound
3 =>: 170 <= UW iterations OR => 0
8 => Outcome : Correct
8 =>: 185 <= UW iterations OR => 0
3 => new call tree total iteration : 0
8 => new call tree total iteration : 0
7 => Outcome : ReachedBound
7 =>: 150 <= UW iterations OR => 0
7 => new call tree total iteration : 0
6 => Outcome : ReachedBound
6 =>: 147 <= UW iterations OR => 0
1 => Outcome : Correct
1 =>: 259 <= UW iterations OR => 0
6 => new call tree total iteration : 0
1 => new call tree total iteration : 0
1 => Outcome : ReachedBound
1 =>: 260 <= UW iterations OR => 0
1 => new call tree total iteration : 0
3 => Outcome : ReachedBound
3 =>: 254 <= UW iterations OR => 0
3 => new call tree total iteration : 0
3 => Outcome : Correct
3 =>: 255 <= UW iterations OR => 0
3 => new call tree total iteration : 0
7 => Outcome : Correct
7 =>: 218 <= UW iterations OR => 0
7 => new call tree total iteration : 0
7 => Outcome : Correct
7 =>: 219 <= UW iterations OR => 0
7 => new call tree total iteration : 0
7 => Outcome : Correct
7 =>: 220 <= UW iterations OR => 0
8 => Outcome : ReachedBound
8 =>: 274 <= UW iterations OR => 0
8 => new call tree total iteration : 0
7 => new call tree total iteration : 0
7 => Outcome : ReachedBound
7 =>: 221 <= UW iterations OR => 0
7 => new call tree total iteration : 0
2 => Outcome : Correct
2 =>: 246 <= UW iterations OR => 0
5 => Outcome : Correct
5 =>: 221 <= UW iterations OR => 0
2 => new call tree total iteration : 0
2 => Outcome : ReachedBound
2 =>: 247 <= UW iterations OR => 0
2 => new call tree total iteration : 0
5 => new call tree total iteration : 0
1 => Outcome : ReachedBound
1 =>: 306 <= UW iterations OR => 0
3 => Outcome : Correct
3 =>: 288 <= UW iterations OR => 0
5 => Outcome : ReachedBound
5 =>: 237 <= UW iterations OR => 0
6 => Outcome : ReachedBound
6 =>: 199 <= UW iterations OR => 0
2 => Outcome : Correct
2 =>: 269 <= UW iterations OR => 0
4 => Outcome : ReachedBound
4 =>: 230 <= UW iterations OR => 0
1 => new call tree total iteration : 0
3 => new call tree total iteration : 0
4 => new call tree total iteration : 0
5 => new call tree total iteration : 0
6 => new call tree total iteration : 0
2 => new call tree total iteration : 0
2 => Outcome : ReachedBound
2 =>: 270 <= UW iterations OR => 0
8 => Outcome : Correct
8 =>: 303 <= UW iterations OR => 0
5 => Outcome : ReachedBound
5 =>: 239 <= UW iterations OR => 0
2 => new call tree total iteration : 0
2 => Outcome : Correct
2 =>: 271 <= UW iterations OR => 0
3 => Outcome : ReachedBound
3 =>: 293 <= UW iterations OR => 0
8 => new call tree total iteration : 0
5 => new call tree total iteration : 0
5 => Outcome : ReachedBound
5 =>: 240 <= UW iterations OR => 0
6 => Outcome : ReachedBound
6 =>: 205 <= UW iterations OR => 0
2 => new call tree total iteration : 0
3 => new call tree total iteration : 0
3 => Outcome : ReachedBound
3 =>: 294 <= UW iterations OR => 0
7 => Outcome : ReachedBound
7 =>: 259 <= UW iterations OR => 0
1 => Outcome : ReachedBound
1 =>: 315 <= UW iterations OR => 0
8 => Outcome : ReachedBound
8 =>: 308 <= UW iterations OR => 0
2 => Outcome : ReachedBound
2 =>: 276 <= UW iterations OR => 0
4 => Outcome : Correct
4 =>: 241 <= UW iterations OR => 0
5 => new call tree total iteration : 0
6 => new call tree total iteration : 0
6 => Outcome : ReachedBound
6 =>: 206 <= UW iterations OR => 0
8 => new call tree total iteration : 0
5 => Outcome : ReachedBound
5 =>: 242 <= UW iterations OR => 0
3 => new call tree total iteration : 0
7 => new call tree total iteration : 0
1 => new call tree total iteration : 0
4 => new call tree total iteration : 0
3 => Outcome : ReachedBound
3 =>: 296 <= UW iterations OR => 0
4 => Outcome : Correct
4 =>: 243 <= UW iterations OR => 0
8 => Outcome : Correct
8 =>: 311 <= UW iterations OR => 0
2 => new call tree total iteration : 0
5 => new call tree total iteration : 0
7 => Outcome : ReachedBound
7 =>: 261 <= UW iterations OR => 0
5 => Outcome : Correct
5 =>: 244 <= UW iterations OR => 0
2 => Outcome : ReachedBound
2 =>: 277 <= UW iterations OR => 0
8 => new call tree total iteration : 0
8 => Outcome : Correct
8 =>: 313 <= UW iterations OR => 0
1 => Outcome : ReachedBound
1 =>: 319 <= UW iterations OR => 0
7 => new call tree total iteration : 0
6 => new call tree total iteration : 0
7 => Outcome : Correct
7 =>: 264 <= UW iterations OR => 0
4 => new call tree total iteration : 0
6 => Outcome : ReachedBound
6 =>: 208 <= UW iterations OR => 0
3 => new call tree total iteration : 0
5 => new call tree total iteration : 0
3 => Outcome : ReachedBound
3 =>: 297 <= UW iterations OR => 0
2 => new call tree total iteration : 0
5 => Outcome : Correct
5 =>: 248 <= UW iterations OR => 0
2 => Outcome : Correct
2 =>: 281 <= UW iterations OR => 0
1 => new call tree total iteration : 0
1 => Outcome : Correct
1 =>: 321 <= UW iterations OR => 0
7 => new call tree total iteration : 0
7 => Outcome : Correct
7 =>: 266 <= UW iterations OR => 0
6 => new call tree total iteration : 0
6 => Outcome : Correct
6 =>: 210 <= UW iterations OR => 0
3 => new call tree total iteration : 0
5 => new call tree total iteration : 0
5 => Outcome : Correct
5 =>: 250 <= UW iterations OR => 0
3 => Outcome : Correct
3 =>: 300 <= UW iterations OR => 0
4 => Outcome : ReachedBound
4 =>: 247 <= UW iterations OR => 0
1 => new call tree total iteration : 0
1 => Outcome : Correct
1 =>: 323 <= UW iterations OR => 0
8 => new call tree total iteration : 0
7 => new call tree total iteration : 0
6 => new call tree total iteration : 0
7 => Outcome : Correct
7 =>: 271 <= UW iterations OR => 0
6 => Outcome : Correct
6 =>: 212 <= UW iterations OR => 0
5 => new call tree total iteration : 0
8 => Outcome : ReachedBound
8 =>: 315 <= UW iterations OR => 0
3 => new call tree total iteration : 0
4 => new call tree total iteration : 0
1 => new call tree total iteration : 0
2 => new call tree total iteration : 0
7 => new call tree total iteration : 0
2 => Outcome : ReachedBound
2 =>: 282 <= UW iterations OR => 0
5 => Outcome : Correct
5 =>: 258 <= UW iterations OR => 0
8 => new call tree total iteration : 0
7 => Outcome : Correct
7 =>: 275 <= UW iterations OR => 0
3 => Outcome : Correct
3 =>: 310 <= UW iterations OR => 0
1 => Outcome : ReachedBound
1 =>: 333 <= UW iterations OR => 0
4 => Outcome : ReachedBound
4 =>: 263 <= UW iterations OR => 0
2 => new call tree total iteration : 0
5 => new call tree total iteration : 0
5 => Outcome : Correct
5 =>: 260 <= UW iterations OR => 0
2 => Outcome : Correct
2 =>: 286 <= UW iterations OR => 0
8 => Outcome : ReachedBound
8 =>: 329 <= UW iterations OR => 0
7 => new call tree total iteration : 0
7 => Outcome : Correct
7 =>: 276 <= UW iterations OR => 0
3 => new call tree total iteration : 0
1 => new call tree total iteration : 0
4 => new call tree total iteration : 0
4 => Outcome : Correct
4 =>: 268 <= UW iterations OR => 0
1 => Outcome : Correct
1 =>: 336 <= UW iterations OR => 0
6 => new call tree total iteration : 0
5 => new call tree total iteration : 0
5 => Outcome : ReachedBound
5 =>: 261 <= UW iterations OR => 0
3 => Outcome : ReachedBound
3 =>: 315 <= UW iterations OR => 0
6 => Outcome : ReachedBound
6 =>: 213 <= UW iterations OR => 0
2 => new call tree total iteration : 0
8 => new call tree total iteration : 0
8 => Outcome : Correct
8 =>: 330 <= UW iterations OR => 0
2 => Outcome : Correct
2 =>: 288 <= UW iterations OR => 0
7 => new call tree total iteration : 0
4 => new call tree total iteration : 0
7 => Outcome : ReachedBound
7 =>: 279 <= UW iterations OR => 0
4 => Outcome : ReachedBound
4 =>: 270 <= UW iterations OR => 0
1 => new call tree total iteration : 0
1 => Outcome : Correct
1 =>: 338 <= UW iterations OR => 0
5 => new call tree total iteration : 0
5 => Outcome : ReachedBound
5 =>: 263 <= UW iterations OR => 0
3 => new call tree total iteration : 0
6 => new call tree total iteration : 0
3 => Outcome : ReachedBound
3 =>: 317 <= UW iterations OR => 0
6 => Outcome : Correct
6 =>: 215 <= UW iterations OR => 0
8 => new call tree total iteration : 0
8 => Outcome : ReachedBound
8 =>: 332 <= UW iterations OR => 0
2 => new call tree total iteration : 0
2 => Outcome : ReachedBound
2 =>: 290 <= UW iterations OR => 0
7 => new call tree total iteration : 0
7 => Outcome : Correct
7 =>: 281 <= UW iterations OR => 0
4 => new call tree total iteration : 0
4 => Outcome : ReachedBound
4 =>: 272 <= UW iterations OR => 0
1 => new call tree total iteration : 0
1 => Outcome : ReachedBound
1 =>: 341 <= UW iterations OR => 0
5 => new call tree total iteration : 0
5 => Outcome : Correct
5 =>: 265 <= UW iterations OR => 0
3 => new call tree total iteration : 0
6 => new call tree total iteration : 0
3 => Outcome : ReachedBound
3 =>: 319 <= UW iterations OR => 0
8 => new call tree total iteration : 0
6 => Outcome : ReachedBound
6 =>: 217 <= UW iterations OR => 0
2 => new call tree total iteration : 0
8 => Outcome : ReachedBound
8 =>: 334 <= UW iterations OR => 0
7 => new call tree total iteration : 0
2 => Outcome : Correct
2 =>: 295 <= UW iterations OR => 0
7 => Outcome : ReachedBound
7 =>: 282 <= UW iterations OR => 0
4 => new call tree total iteration : 0
1 => new call tree total iteration : 0
5 => new call tree total iteration : 0
1 => Outcome : ReachedBound
1 =>: 343 <= UW iterations OR => 0
5 => Outcome : Correct
5 =>: 270 <= UW iterations OR => 0
4 => Outcome : ReachedBound
4 =>: 277 <= UW iterations OR => 0
3 => new call tree total iteration : 0
3 => Outcome : Correct
3 =>: 320 <= UW iterations OR => 0
6 => new call tree total iteration : 0
8 => new call tree total iteration : 0
6 => Outcome : ReachedBound
6 =>: 222 <= UW iterations OR => 0
8 => Outcome : Correct
8 =>: 340 <= UW iterations OR => 0
2 => new call tree total iteration : 0
2 => Outcome : ReachedBound
2 =>: 298 <= UW iterations OR => 0
7 => new call tree total iteration : 0
7 => Outcome : Correct
7 =>: 284 <= UW iterations OR => 0
1 => new call tree total iteration : 0
1 => Outcome : ReachedBound
1 =>: 345 <= UW iterations OR => 0
5 => new call tree total iteration : 0
4 => new call tree total iteration : 0
4 => Outcome : ReachedBound
4 =>: 278 <= UW iterations OR => 0
5 => Outcome : ReachedBound
5 =>: 276 <= UW iterations OR => 0
3 => new call tree total iteration : 0
6 => new call tree total iteration : 0
3 => Outcome : ReachedBound
3 =>: 322 <= UW iterations OR => 0
6 => Outcome : ReachedBound
6 =>: 223 <= UW iterations OR => 0
8 => new call tree total iteration : 0
8 => Outcome : ReachedBound
8 =>: 342 <= UW iterations OR => 0
2 => new call tree total iteration : 0
7 => new call tree total iteration : 0
2 => Outcome : ReachedBound
2 =>: 302 <= UW iterations OR => 0
7 => Outcome : ReachedBound
7 =>: 286 <= UW iterations OR => 0
1 => new call tree total iteration : 0
1 => Outcome : ReachedBound
1 =>: 347 <= UW iterations OR => 0
4 => new call tree total iteration : 0
4 => Outcome : ReachedBound
4 =>: 280 <= UW iterations OR => 0
5 => new call tree total iteration : 0
5 => Outcome : ReachedBound
5 =>: 278 <= UW iterations OR => 0
3 => new call tree total iteration : 0
3 => Outcome : ReachedBound
3 =>: 324 <= UW iterations OR => 0
6 => new call tree total iteration : 0
6 => Outcome : ReachedBound
6 =>: 225 <= UW iterations OR => 0
8 => new call tree total iteration : 0
8 => Outcome : ReachedBound
8 =>: 346 <= UW iterations OR => 0
2 => new call tree total iteration : 0
2 => Outcome : ReachedBound
2 =>: 304 <= UW iterations OR => 0
7 => new call tree total iteration : 0
1 => new call tree total iteration : 0
4 => new call tree total iteration : 0
7 => Outcome : ReachedBound
7 =>: 288 <= UW iterations OR => 0
1 => Outcome : ReachedBound
1 =>: 350 <= UW iterations OR => 0
5 => new call tree total iteration : 0
5 => Outcome : ReachedBound
5 =>: 280 <= UW iterations OR => 0
3 => new call tree total iteration : 0
6 => new call tree total iteration : 0
6 => Outcome : ReachedBound
6 =>: 226 <= UW iterations OR => 0
4 => Outcome : ReachedBound
4 =>: 285 <= UW iterations OR => 0
3 => Outcome : ReachedBound
3 =>: 330 <= UW iterations OR => 0
8 => new call tree total iteration : 0
2 => new call tree total iteration : 0
7 => new call tree total iteration : 0
8 => Outcome : ReachedBound
8 =>: 348 <= UW iterations OR => 0
7 => Outcome : ReachedBound
7 =>: 290 <= UW iterations OR => 0
1 => new call tree total iteration : 0
1 => Outcome : ReachedBound
1 =>: 351 <= UW iterations OR => 0
2 => Outcome : ReachedBound
2 =>: 310 <= UW iterations OR => 0
5 => new call tree total iteration : 0
5 => Outcome : ReachedBound
5 =>: 285 <= UW iterations OR => 0
6 => new call tree total iteration : 0
4 => new call tree total iteration : 0
6 => Outcome : ReachedBound
6 =>: 229 <= UW iterations OR => 0
4 => Outcome : ReachedBound
4 =>: 286 <= UW iterations OR => 0
3 => new call tree total iteration : 0
3 => Outcome : ReachedBound
3 =>: 332 <= UW iterations OR => 0
8 => new call tree total iteration : 0
8 => Outcome : ReachedBound
8 =>: 353 <= UW iterations OR => 0
7 => new call tree total iteration : 0
7 => Outcome : ReachedBound
7 =>: 292 <= UW iterations OR => 0
1 => new call tree total iteration : 0
1 => Outcome : ReachedBound
1 =>: 352 <= UW iterations OR => 0
2 => new call tree total iteration : 0
2 => Outcome : ReachedBound
2 =>: 312 <= UW iterations OR => 0
5 => new call tree total iteration : 0
5 => Outcome : ReachedBound
5 =>: 287 <= UW iterations OR => 0
6 => new call tree total iteration : 0
6 => Outcome : ReachedBound
6 =>: 231 <= UW iterations OR => 0
4 => new call tree total iteration : 0
4 => Outcome : ReachedBound
4 =>: 288 <= UW iterations OR => 0
3 => new call tree total iteration : 0
3 => Outcome : ReachedBound
3 =>: 334 <= UW iterations OR => 0
8 => new call tree total iteration : 0
8 => Outcome : ReachedBound
8 =>: 354 <= UW iterations OR => 0
1 => new call tree total iteration : 0
Verification Outcome : OK
5 => new call tree total iteration : 0
Time Taken : 1428.753997
8 => new call tree total iteration : 0
3 => new call tree total iteration : 0
7 => new call tree total iteration : 0
Verifying mp_iobuildfsdirpsignaleventincompletiontimeout_0.bpl.bpl
Corral program verifier version 1.0.0.0
Corral program verifier version 1.0.0.0
Corral program verifier version 1.0.0.0
http://localhost:5002/
Corral program verifier version 1.0.0.0
http://localhost:5002/
Corral program verifier version 1.0.0.0
Corral program verifier version 1.0.0.0
Corral program verifier version 1.0.0.0
http://localhost:5002/
Corral program verifier version 1.0.0.0
http://localhost:5002/
http://localhost:5002/
http://localhost:5002/
http://localhost:5002/
http://localhost:5002/
1 => Outcome : Correct
1 =>: 3 <= UW iterations OR => 0
3 => new call tree total iteration : 0
3 => Outcome : Correct
3 =>: 38 <= UW iterations OR => 0
2 => new call tree total iteration : 0
2 => Outcome : Correct
2 =>: 3 <= UW iterations OR => 0
4 => new call tree total iteration : 0
6 => new call tree total iteration : 0
5 => new call tree total iteration : 0
7 => new call tree total iteration : 0
5 => Outcome : Correct
5 =>: 1 <= UW iterations OR => 0
3 => new call tree total iteration : 0
3 => Outcome : Correct
3 =>: 39 <= UW iterations OR => 0
5 => new call tree total iteration : 0
5 => Outcome : Correct
5 =>: 2 <= UW iterations OR => 0
8 => new call tree total iteration : 0
1 => new call tree total iteration : 0
2 => new call tree total iteration : 0
5 => new call tree total iteration : 0
5 => Outcome : Correct
5 =>: 3 <= UW iterations OR => 0
4 => Outcome : Correct
4 =>: 29 <= UW iterations OR => 0
3 => new call tree total iteration : 0
1 => Outcome : Correct
1 =>: 13 <= UW iterations OR => 0
4 => new call tree total iteration : 0
5 => new call tree total iteration : 0
4 => Outcome : Correct
4 =>: 30 <= UW iterations OR => 0
3 => Outcome : Correct
3 =>: 51 <= UW iterations OR => 0
1 => new call tree total iteration : 0
1 => Outcome : Correct
1 =>: 14 <= UW iterations OR => 0
5 => Outcome : Correct
5 =>: 8 <= UW iterations OR => 0
4 => new call tree total iteration : 0
3 => new call tree total iteration : 0
3 => Outcome : Correct
3 =>: 52 <= UW iterations OR => 0
4 => Outcome : Correct
4 =>: 31 <= UW iterations OR => 0
1 => new call tree total iteration : 0
1 => Outcome : Correct
1 =>: 15 <= UW iterations OR => 0
6 => Outcome : ReachedBound
6 =>: 76 <= UW iterations OR => 0
2 => Outcome : Correct
2 =>: 64 <= UW iterations OR => 0
8 => Outcome : ReachedBound
8 =>: 84 <= UW iterations OR => 0
7 => Outcome : Correct
7 =>: 31 <= UW iterations OR => 0
4 => new call tree total iteration : 0
3 => new call tree total iteration : 0
5 => new call tree total iteration : 0
4 => Outcome : ReachedBound
4 =>: 33 <= UW iterations OR => 0
3 => Outcome : Correct
3 =>: 59 <= UW iterations OR => 0
6 => new call tree total iteration : 0
2 => new call tree total iteration : 0
6 => Outcome : ReachedBound
6 =>: 78 <= UW iterations OR => 0
2 => Outcome : Correct
2 =>: 66 <= UW iterations OR => 0
1 => new call tree total iteration : 0
7 => new call tree total iteration : 0
4 => new call tree total iteration : 0
8 => new call tree total iteration : 0
4 => Outcome : Correct
4 =>: 35 <= UW iterations OR => 0
3 => new call tree total iteration : 0
7 => Outcome : Correct
7 =>: 36 <= UW iterations OR => 0
6 => new call tree total iteration : 0
4 => new call tree total iteration : 0
2 => new call tree total iteration : 0
4 => Outcome : Correct
4 =>: 36 <= UW iterations OR => 0
2 => Outcome : Correct
2 =>: 68 <= UW iterations OR => 0
4 => new call tree total iteration : 0
4 => Outcome : Correct
4 =>: 45 <= UW iterations OR => 0
7 => new call tree total iteration : 0
7 => Outcome : Correct
7 =>: 41 <= UW iterations OR => 0
2 => new call tree total iteration : 0
4 => new call tree total iteration : 0
7 => new call tree total iteration : 0
7 => Outcome : ReachedBound
7 =>: 114 <= UW iterations OR => 0
7 => new call tree total iteration : 0
1 => Outcome : ReachedBound
1 =>: 564 <= UW iterations OR => 0
1 => new call tree total iteration : 0
6 => Outcome : ReachedBound
6 =>: 440 <= UW iterations OR => 0
6 => new call tree total iteration : 0
6 => Outcome : ReachedBound
6 =>: 446 <= UW iterations OR => 0
6 => new call tree total iteration : 0
7 => Outcome : ReachedBound
7 =>: 679 <= UW iterations OR => 0
7 => new call tree total iteration : 0
Verification Outcome : TIMEDOUT
Time Taken : 0
Verifying serial_markingqueuedirps_1.bpl.bpl
Corral program verifier version 1.0.0.0
Corral program verifier version 1.0.0.0
Corral program verifier version 1.0.0.0
http://localhost:5002/
http://localhost:5002/
Corral program verifier version 1.0.0.0
Corral program verifier version 1.0.0.0
Corral program verifier version 1.0.0.0
Corral program verifier version 1.0.0.0
Corral program verifier version 1.0.0.0
http://localhost:5002/
http://localhost:5002/
http://localhost:5002/
http://localhost:5002/
http://localhost:5002/
http://localhost:5002/
3 => Outcome : Correct
3 =>: 3 <= UW iterations OR => 0
1 => new call tree total iteration : 0
1 => Outcome : Correct
1 =>: 26 <= UW iterations OR => 0
2 => new call tree total iteration : 0
4 => new call tree total iteration : 0
7 => new call tree total iteration : 0
5 => new call tree total iteration : 0
6 => new call tree total iteration : 0
1 => new call tree total iteration : 0
1 => Outcome : Correct
1 =>: 27 <= UW iterations OR => 0
8 => new call tree total iteration : 0
5 => Outcome : Correct
5 =>: 6 <= UW iterations OR => 0
3 => new call tree total iteration : 0
3 => Outcome : Correct
3 =>: 4 <= UW iterations OR => 0
5 => new call tree total iteration : 0
5 => Outcome : Correct
5 =>: 7 <= UW iterations OR => 0
4 => Outcome : Correct
4 =>: 8 <= UW iterations OR => 0
6 => Outcome : Correct
6 =>: 22 <= UW iterations OR => 0
5 => new call tree total iteration : 0
1 => new call tree total iteration : 0
3 => new call tree total iteration : 0
8 => Outcome : Correct
8 =>: 5 <= UW iterations OR => 0
3 => Outcome : Correct
3 =>: 5 <= UW iterations OR => 0
7 => Outcome : Correct
7 =>: 12 <= UW iterations OR => 0
1 => Outcome : Correct
1 =>: 29 <= UW iterations OR => 0
4 => new call tree total iteration : 0
4 => Outcome : Correct
4 =>: 9 <= UW iterations OR => 0
8 => new call tree total iteration : 0
8 => Outcome : Correct
8 =>: 6 <= UW iterations OR => 0
6 => new call tree total iteration : 0
6 => Outcome : Correct
6 =>: 23 <= UW iterations OR => 0
5 => Outcome : Correct
5 =>: 52 <= UW iterations OR => 0
2 => Outcome : Correct
2 =>: 39 <= UW iterations OR => 0
3 => new call tree total iteration : 0
3 => Outcome : Correct
3 =>: 7 <= UW iterations OR => 0
1 => new call tree total iteration : 0
7 => new call tree total iteration : 0
4 => new call tree total iteration : 0
8 => new call tree total iteration : 0
5 => new call tree total iteration : 0
6 => new call tree total iteration : 0
6 => Outcome : Correct
6 =>: 26 <= UW iterations OR => 0
2 => new call tree total iteration : 0
3 => new call tree total iteration : 0
5 => Outcome : Correct
5 =>: 80 <= UW iterations OR => 0
8 => Outcome : Correct
8 =>: 39 <= UW iterations OR => 0
6 => new call tree total iteration : 0
2 => Outcome : Correct
2 =>: 64 <= UW iterations OR => 0
5 => new call tree total iteration : 0
5 => Outcome : Correct
5 =>: 81 <= UW iterations OR => 0
1 => Outcome : Correct
1 =>: 65 <= UW iterations OR => 0
4 => Outcome : Correct
4 =>: 48 <= UW iterations OR => 0
6 => Outcome : Correct
6 =>: 45 <= UW iterations OR => 0
3 => Outcome : Correct
3 =>: 41 <= UW iterations OR => 0
5 => new call tree total iteration : 0
1 => new call tree total iteration : 0
8 => new call tree total iteration : 0
1 => Outcome : Correct
1 =>: 76 <= UW iterations OR => 0
4 => new call tree total iteration : 0
2 => new call tree total iteration : 0
6 => new call tree total iteration : 0
1 => new call tree total iteration : 0
1 => Outcome : Correct
1 =>: 84 <= UW iterations OR => 0
5 => Outcome : Correct
5 =>: 105 <= UW iterations OR => 0
3 => new call tree total iteration : 0
1 => new call tree total iteration : 0
5 => new call tree total iteration : 0
5 => Outcome : ReachedBound
5 =>: 146 <= UW iterations OR => 0
5 => new call tree total iteration : 0
5 => Outcome : Correct
5 =>: 147 <= UW iterations OR => 0
5 => new call tree total iteration : 0
5 => Outcome : Correct
5 =>: 148 <= UW iterations OR => 0
5 => new call tree total iteration : 0
5 => Outcome : Correct
5 =>: 149 <= UW iterations OR => 0
7 => Outcome : ReachedBound
7 =>: 159 <= UW iterations OR => 0
5 => new call tree total iteration : 0
7 => new call tree total iteration : 0
7 => Outcome : Correct
7 =>: 160 <= UW iterations OR => 0
7 => new call tree total iteration : 0
8 => Outcome : ReachedBound
8 =>: 293 <= UW iterations OR => 0
8 => new call tree total iteration : 0
8 => Outcome : Correct
8 =>: 294 <= UW iterations OR => 0
8 => new call tree total iteration : 0
8 => Outcome : Correct
8 =>: 295 <= UW iterations OR => 0
8 => new call tree total iteration : 0
8 => Outcome : Correct
8 =>: 300 <= UW iterations OR => 0
8 => new call tree total iteration : 0
8 => Outcome : Correct
8 =>: 301 <= UW iterations OR => 0
8 => new call tree total iteration : 0
3 => Outcome : Correct
3 =>: 635 <= UW iterations OR => 0
3 => new call tree total iteration : 0
3 => Outcome : Correct
3 =>: 636 <= UW iterations OR => 0
3 => new call tree total iteration : 0
3 => Outcome : Correct
3 =>: 637 <= UW iterations OR => 0
3 => new call tree total iteration : 0
Verification Outcome : TIMEDOUT
Time Taken : 0
